#saveRepoOS() seems to be a flaky test. It fails or passes randomly on my dev box.
{code}
1) Ambari Web Unit tests test/controllers/main/admin/stack_and_upgrade_controller_test App.MainAdminStackAndUpgradeController #saveRepoOS() validation errors present:
     AssertionError: expected true to be false
      at file:///Users/jwang/Projects/ambari-vagrant/centos6.4/ambari/ambari-web/node_modules/chai/chai.js:925
      at file:///Users/jwang/Projects/ambari-vagrant/centos6.4/ambari/ambari-web/node_modules/chai/chai.js:1239
      at file:///Users/jwang/Projects/ambari-vagrant/centos6.4/ambari/ambari-web/node_modules/chai/chai.js:3679


npm ERR! Test failed.  See above for more details.
{code}