{color:red}-1 overall{color}.  Here are the results of testing the latest attachment 
  http://issues.apache.org/jira/secure/attachment/12688500/AMBARI-8850.patch
  against trunk revision .

    {color:green}+1 @author{color}.  The patch does not contain any @author tags.

    {color:red}-1 tests included{color}.  The patch doesn't appear to include any new or modified tests.
                        Please justify why no new tests are needed for this patch.
                        Also please list what manual steps were performed to verify this patch.

    {color:green}+1 javac{color}.  The applied patch does not increase the total number of javac compiler warnings.

    {color:green}+1 release audit{color}.  The applied patch does not increase the total number of release audit warnings.

    {color:green}+1 core tests{color}.  The patch passed unit tests in .

Test results: https://builds.apache.org/job/Ambari-trunk-test-patch/1045//testReport/
Console output: https://builds.apache.org/job/Ambari-trunk-test-patch/1045//console

This message is automatically generated.

FAILURE: Integrated in Ambari-trunk-Commit #1289 (See [https://builds.apache.org/job/Ambari-trunk-Commit/1289/])
AMBARI-8850. Modify Install Wizard templates for ease of testing. (yusaku) (yusaku: http://git-wip-us.apache.org/repos/asf?p=ambari.git&a=commit&h=dceb41f724ff22eb4d7867040426e05bec2bd73d)
* ambari-web/app/templates/wizard/step10.hbs
* ambari-web/app/templates/application.hbs
* ambari-web/app/templates/wizard/step0.hbs
* ambari-web/app/templates/wizard/step4.hbs
* ambari-web/app/templates/wizard/step2.hbs
* ambari-web/app/templates/wizard/step5.hbs
* ambari-web/app/templates/wizard/step8.hbs
* ambari-web/app/templates/wizard/step1.hbs


FAILURE: Integrated in Ambari-trunk-Commit-docker #561 (See [https://builds.apache.org/job/Ambari-trunk-Commit-docker/561/])
AMBARI-8850. Modify Install Wizard templates for ease of testing. (yusaku) (yusaku: http://git-wip-us.apache.org/repos/asf?p=ambari.git&a=commit&h=dceb41f724ff22eb4d7867040426e05bec2bd73d)
* ambari-web/app/templates/wizard/step2.hbs
* ambari-web/app/templates/wizard/step8.hbs
* ambari-web/app/templates/wizard/step4.hbs
* ambari-web/app/templates/wizard/step0.hbs
* ambari-web/app/templates/wizard/step5.hbs
* ambari-web/app/templates/application.hbs
* ambari-web/app/templates/wizard/step1.hbs
* ambari-web/app/templates/wizard/step10.hbs


Looks like same/similar flaky ambari-web unit tests that were failing before.

FAILURE: Integrated in Ambari-trunk-Commit #1291 (See [https://builds.apache.org/job/Ambari-trunk-Commit/1291/])
AMBARI-8850. Modify Install Wizard templates for ease of testing. (yusaku) (yusaku: http://git-wip-us.apache.org/repos/asf?p=ambari.git&a=commit&h=615a62b0158c6f2bded80036776c48d95bc6af01)
* ambari-web/app/templates/wizard/step1.hbs


SUCCESS: Integrated in Ambari-trunk-Commit-docker #563 (See [https://builds.apache.org/job/Ambari-trunk-Commit-docker/563/])
AMBARI-8850. Modify Install Wizard templates for ease of testing. (yusaku) (yusaku: http://git-wip-us.apache.org/repos/asf?p=ambari.git&a=commit&h=615a62b0158c6f2bded80036776c48d95bc6af01)
* ambari-web/app/templates/wizard/step1.hbs


