On {{master}}, the MQTTNIOSSLTest is failing (both on my machine and Jenkins) with:

{code}
[ERROR] Tests run: 55, Failures: 1, Errors: 0, Skipped: 0, Time elapsed: 129.141 s <<< FAILURE! - in org.apache.activemq.transport.mqtt.MQTTNIOSSLTest
[ERROR] testReceiveMessageSentWhileOffline(org.apache.activemq.transport.mqtt.MQTTNIOSSLTest)  Time elapsed: 1.402 s  <<< FAILURE!
java.lang.AssertionError: Should have received 202 messages expected:<202> but was:<34>
{code}

I'm fixing that.