The test seems to by flaky.

2017-05-23 00:09:59,754 [container-7] WARN  stram.Journal write - Journal output stream is null. Skipping write to the WAL.
Tests run: 1, Failures: 1, Errors: 0, Skipped: 0, Time elapsed: 9.791 sec <<< FAILURE!
testApplication(org.apache.apex.examples.kafka.exactlyonceoutput.ApplicationTest)  Time elapsed: 9.791 sec  <<< FAILURE!
org.junit.ComparisonFailure: expected:<...: 0, at-least-once: [5]> but was:<...: 0, at-least-once: [0]>
	at org.junit.Assert.assertEquals(Assert.java:125)
	at org.junit.Assert.assertEquals(Assert.java:147)
	at org.apache.apex.examples.kafka.exactlyonceoutput.ApplicationTest.checkOutput(ApplicationTest.java:148)
	at org.apache.apex.examples.kafka.exactlyonceoutput.ApplicationTest.testApplication(ApplicationTest.java:98)

Results :

Failed tests: 
  ApplicationTest.testApplication:98->checkOutput:148 expected:<...: 0, at-least-once: [5]> but was:<...: 0, at-least-once: [0]>

Tests run: 3, Failures: 1, Errors: 0, Skipped: 0