[ERROR] Tests run: 21, Failures: 1, Errors: 0, Skipped: 0, Time elapsed: 9.542 s <<< FAILURE! - in org.apache.arrow.gandiva.evaluator.ProjectorTest

[ERROR] testMakeProjector(org.apache.arrow.gandiva.evaluator.ProjectorTest) Time elapsed: 0.079 s <<< FAILURE! java.lang.AssertionError at org.apache.arrow.gandiva.evaluator.ProjectorTest.testMakeProjector(ProjectorTest.java:164)