There are 2 types of failure:
- timeout in the connection to embedded ES => overload of jenkins ? Need to block until embedded ES is ready?
- assert of number of docs in index fail: the index contains more docs than inserted. Maybe the index drop was not finished before running the test

Actually for testRead:
- insert test docs is a simple loop
- IO.read() has been tested a lot and there is no duplicated record 
- index suppression is synchronous with no exception raising
=> I now bet on parallel inserts on the same index. I will try setting an index name different for tests that can be run in parallel

For testWrite timeout in ES2: starting the embedded ES node is blocking so connection timeout in testWrite cannot be due to embedded ES not started when the test runs. I'll add a simple temporisation if the connection fails before launching the tests.

Another flake for testRead: [https://builds.apache.org/job/beam_PostCommit_Java_GradleBuild/1853/testReport/junit/org.apache.beam.sdk.io.elasticsearch/ElasticsearchIOTest/]

java.lang.AssertionError: Count/Flatten.PCollections.out: Expected: <400L> but: was <775L>

¬†

Thanks Cham for raising that ! It was not parallel inserts after all :(
Re-opening ticket

testRead reports more docs than inserted, even if index names are different between instances of testRread to avoid parallelisation problems. Re-opening ticket

Another flake: [https://builds.apache.org/job/beam_PostCommit_Java_GradleBuild/1872/]

Etienne, can we consider¬†disabling¬†ElasticsearchIOTest till it's more stable to¬†keep¬†post-commit test suite (beam_PostCommit_Java_GradleBuild) healthy¬†?¬†

Most of them are timeouts connecting to the embedded ES. It looks like load problems.
There is ongoing work on ES with https://issues.apache.org/jira/browse/BEAM-6052 and https://issues.apache.org/jira/browse/BEAM-5925. So I would prefer keeping the tests enabled during the development to avoid regression.
WDYT.

Sounds good. Thanks for the update.

[~chamikara] This PR https://github.com/apache/beam/pull/7038 might also correct the testRead flakiness (number of documents). 
For the timeouts [~wouts] is working on them: see https://issues.apache.org/jira/browse/BEAM-5925 and https://issues.apache.org/jira/browse/BEAM-5988

Within I week I saw no ES flakiness in postcommits, so PR [https://github.com/apache/beam/pull/7038]¬†seems to have also fixed this. Closing this ticket. There are only timeouts left and [https://github.com/apache/beam/pull/7065]¬†addresses them

Seems to be happening again:

From a precommit https://ci-beam.apache.org/job/beam_PreCommit_Java_Commit/17290/testReport/junit/org.apache.beam.sdk.io.elasticsearch/ElasticsearchIOTest/testWriteWithIsDeleteFn/

{noformat}
Error Message
java.lang.AssertionError: expected:<400> but was:<296>
Stacktrace
java.lang.AssertionError: expected:<400> but was:<296>
	at org.junit.Assert.fail(Assert.java:89)
	at org.junit.Assert.failNotEquals(Assert.java:835)
	at org.junit.Assert.assertEquals(Assert.java:647)
	at org.junit.Assert.assertEquals(Assert.java:633)
	at org.apache.beam.sdk.io.elasticsearch.ElasticsearchIOTestCommon.testWriteWithIsDeletedFnWithoutPartialUpdate(ElasticsearchIOTestCommon.java:719)
	at org.apache.beam.sdk.io.elasticsearch.ElasticsearchIOTest.testWriteWithIsDeleteFn(ElasticsearchIOTest.java:232)
	at sun.reflect.NativeMethodAccessorImpl.invoke0(Native Method)
	at sun.reflect.NativeMethodAccessorImpl.invoke(NativeMethodAccessorImpl.java:62)
	at sun.reflect.DelegatingMethodAccessorImpl.invoke(DelegatingMethodAccessorImpl.java:43)
	at java.lang.reflect.Method.invoke(Method.java:498)
	at org.junit.runners.model.FrameworkMethod$1.runReflectiveCall(FrameworkMethod.java:59)
	at org.junit.internal.runners.model.ReflectiveCallable.run(ReflectiveCallable.java:12)
	at org.junit.runners.model.FrameworkMethod.invokeExplosively(FrameworkMethod.java:56)
	at org.junit.internal.runners.statements.InvokeMethod.evaluate(InvokeMethod.java:17)
	at org.junit.internal.runners.statements.RunBefores.evaluate(RunBefores.java:26)
	at org.junit.rules.ExpectedException$ExpectedExceptionStatement.evaluate(ExpectedException.java:258)
	at org.apache.beam.sdk.testing.TestPipeline$1.evaluate(TestPipeline.java:322)
	at org.junit.runners.ParentRunner$3.evaluate(ParentRunner.java:306)
	at org.junit.runners.BlockJUnit4ClassRunner$1.evaluate(BlockJUnit4ClassRunner.java:100)
	at org.junit.runners.ParentRunner.runLeaf(ParentRunner.java:366)
	at org.junit.runners.BlockJUnit4ClassRunner.runChild(BlockJUnit4ClassRunner.java:103)
	at org.junit.runners.BlockJUnit4ClassRunner.runChild(BlockJUnit4ClassRunner.java:63)
	at org.junit.runners.ParentRunner$4.run(ParentRunner.java:331)
	at org.junit.runners.ParentRunner$1.schedule(ParentRunner.java:79)
	at org.junit.runners.ParentRunner.runChildren(ParentRunner.java:329)
	at org.junit.runners.ParentRunner.access$100(ParentRunner.java:66)
	at org.junit.runners.ParentRunner$2.evaluate(ParentRunner.java:293)
	at org.junit.internal.runners.statements.RunBefores.evaluate(RunBefores.java:26)
	at org.junit.internal.runners.statements.RunAfters.evaluate(RunAfters.java:27)
	at org.junit.rules.ExternalResource$1.evaluate(ExternalResource.java:54)
	at org.junit.rules.RunRules.evaluate(RunRules.java:20)
	at org.junit.runners.ParentRunner$3.evaluate(ParentRunner.java:306)
	at org.junit.runners.ParentRunner.run(ParentRunner.java:413)
	at org.gradle.api.internal.tasks.testing.junit.JUnitTestClassExecutor.runTestClass(JUnitTestClassExecutor.java:110)
	at org.gradle.api.internal.tasks.testing.junit.JUnitTestClassExecutor.execute(JUnitTestClassExecutor.java:58)
	at org.gradle.api.internal.tasks.testing.junit.JUnitTestClassExecutor.execute(JUnitTestClassExecutor.java:38)
	at org.gradle.api.internal.tasks.testing.junit.AbstractJUnitTestClassProcessor.processTestClass(AbstractJUnitTestClassProcessor.java:62)
	at org.gradle.api.internal.tasks.testing.SuiteTestClassProcessor.processTestClass(SuiteTestClassProcessor.java:51)
	at sun.reflect.NativeMethodAccessorImpl.invoke0(Native Method)
	at sun.reflect.NativeMethodAccessorImpl.invoke(NativeMethodAccessorImpl.java:62)
	at sun.reflect.DelegatingMethodAccessorImpl.invoke(DelegatingMethodAccessorImpl.java:43)
	at java.lang.reflect.Method.invoke(Method.java:498)
	at org.gradle.internal.dispatch.ReflectionDispatch.dispatch(ReflectionDispatch.java:36)
	at org.gradle.internal.dispatch.ReflectionDispatch.dispatch(ReflectionDispatch.java:24)
	at org.gradle.internal.dispatch.ContextClassLoaderDispatch.dispatch(ContextClassLoaderDispatch.java:33)
	at org.gradle.internal.dispatch.ProxyDispatchAdapter$DispatchingInvocationHandler.invoke(ProxyDispatchAdapter.java:94)
	at com.sun.proxy.$Proxy2.processTestClass(Unknown Source)
	at org.gradle.api.internal.tasks.testing.worker.TestWorker.processTestClass(TestWorker.java:119)
	at sun.reflect.NativeMethodAccessorImpl.invoke0(Native Method)
	at sun.reflect.NativeMethodAccessorImpl.invoke(NativeMethodAccessorImpl.java:62)
	at sun.reflect.DelegatingMethodAccessorImpl.invoke(DelegatingMethodAccessorImpl.java:43)
	at java.lang.reflect.Method.invoke(Method.java:498)
	at org.gradle.internal.dispatch.ReflectionDispatch.dispatch(ReflectionDispatch.java:36)
	at org.gradle.internal.dispatch.ReflectionDispatch.dispatch(ReflectionDispatch.java:24)
	at org.gradle.internal.remote.internal.hub.MessageHubBackedObjectConnection$DispatchWrapper.dispatch(MessageHubBackedObjectConnection.java:182)
	at org.gradle.internal.remote.internal.hub.MessageHubBackedObjectConnection$DispatchWrapper.dispatch(MessageHubBackedObjectConnection.java:164)
	at org.gradle.internal.remote.internal.hub.MessageHub$Handler.run(MessageHub.java:414)
	at org.gradle.internal.concurrent.ExecutorPolicy$CatchAndRecordFailures.onExecute(ExecutorPolicy.java:64)
	at org.gradle.internal.concurrent.ManagedExecutorImpl$1.run(ManagedExecutorImpl.java:48)
	at java.util.concurrent.ThreadPoolExecutor.runWorker(ThreadPoolExecutor.java:1149)
	at java.util.concurrent.ThreadPoolExecutor$Worker.run(ThreadPoolExecutor.java:624)
	at org.gradle.internal.concurrent.ThreadFactoryImpl$ManagedThreadRunnable.run(ThreadFactoryImpl.java:56)
	at java.lang.Thread.run(Thread.java:748)

{noformat}

This issue is assigned but has not received an update in 30 days so it has been labeled "stale-assigned". If you are still working on the issue, please give an update and remove the label. If you are no longer working on the issue, please unassign so someone else may work on it. In 7 days the issue will be automatically unassigned.

After this PR [https://github.com/apache/beam/pull/14347]¬†was merged yesterday I see more flakiness on the write side of the IO. [https://ci-beam.apache.org/job/beam_PreCommit_Java_Phrase/3636/]¬†it is timeouts and waiting queue not empty issues. They are typically overload like issues. I think we should revive the discussion about migrating these test from the ES in-jvm test framework to testContainers cf¬†https://lists.apache.org/thread.html/reb68f37c435995a64ded19100e09dfc31c5cf6227feae16494226100%40%3Cdev.beam.apache.org%3E

[~egalpin]¬†can you take a look at the recent failures in write tests ? I took the liberty to assign the ticket to you

I just opened a ticket for migration to test containers : https://issues.apache.org/jira/browse/BEAM-12421

[~echauchot] the recent failures are unfortunately in line with what I'd seen from remote/Jenkins tests while developing recent ElasticsearchIO features. Locally, the tests reliably pass. They appear to be flaky based on server load. I'll have a look into testContainer migration (BEAM-12421) but am not able to commit to a timeline on that migration just now

This issue was marked "stale-assigned" and has not received a public comment in 7 days. It is now automatically unassigned. If you are still working on it, you can assign it to yourself again. Please also give an update about the status of the work.

Hopefully flakiness is reduced in part by https://github.com/apache/beam/pull/14933

build links are temporary, here are the collected errors:
{code:java}
// org.apache.beam.vendor.guava.v26_0_jre.com.google.common.util.concurrent.UncheckedExecutionException: org.apache.beam.sdk.util.UserCodeException: java.lang.IllegalArgumentException: Cannot get Elasticsearch version
	at org.apache.beam.vendor.guava.v26_0_jre.com.google.common.cache.LocalCache$Segment.get(LocalCache.java:2050)
	at org.apache.beam.vendor.guava.v26_0_jre.com.google.common.cache.LocalCache.get(LocalCache.java:3952)
	at org.apache.beam.vendor.guava.v26_0_jre.com.google.common.cache.LocalCache.getOrLoad(LocalCache.java:3974)
	at org.apache.beam.vendor.guava.v26_0_jre.com.google.common.cache.LocalCache$LocalLoadingCache.get(LocalCache.java:4958)
	at org.apache.beam.runners.direct.DoFnLifecycleManager.get(DoFnLifecycleManager.java:62)
	at org.apache.beam.runners.direct.ParDoEvaluatorFactory.createEvaluator(ParDoEvaluatorFactory.java:131)
	at org.apache.beam.runners.direct.ParDoEvaluatorFactory.forApplication(ParDoEvaluatorFactory.java:81)
	at org.apache.beam.runners.direct.TransformEvaluatorRegistry.forApplication(TransformEvaluatorRegistry.java:178)
	at org.apache.beam.runners.direct.DirectTransformExecutor.run(DirectTransformExecutor.java:122)
	at java.util.concurrent.Executors$RunnableAdapter.call(Executors.java:511)
	at java.util.concurrent.FutureTask.run(FutureTask.java:266)
	at java.util.concurrent.ThreadPoolExecutor.runWorker(ThreadPoolExecutor.java:1149)
	at java.util.concurrent.ThreadPoolExecutor$Worker.run(ThreadPoolExecutor.java:624)
	at java.lang.Thread.run(Thread.java:748)
Caused by: org.apache.beam.sdk.util.UserCodeException: java.lang.IllegalArgumentException: Cannot get Elasticsearch version
	at org.apache.beam.sdk.util.UserCodeException.wrap(UserCodeException.java:39)
	at org.apache.beam.sdk.io.elasticsearch.ElasticsearchIO$Write$WriteFn$DoFnInvoker.invokeSetup(Unknown Source)
	at org.apache.beam.sdk.transforms.reflect.DoFnInvokers.tryInvokeSetupFor(DoFnInvokers.java:53)
	at org.apache.beam.runners.direct.DoFnLifecycleManager$DeserializingCacheLoader.load(DoFnLifecycleManager.java:107)
	at org.apache.beam.runners.direct.DoFnLifecycleManager$DeserializingCacheLoader.load(DoFnLifecycleManager.java:92)
	at org.apache.beam.vendor.guava.v26_0_jre.com.google.common.cache.LocalCache$LoadingValueReference.loadFuture(LocalCache.java:3528)
	at org.apache.beam.vendor.guava.v26_0_jre.com.google.common.cache.LocalCache$Segment.loadSync(LocalCache.java:2277)
	at org.apache.beam.vendor.guava.v26_0_jre.com.google.common.cache.LocalCache$Segment.lockedGetOrLoad(LocalCache.java:2154)
	at org.apache.beam.vendor.guava.v26_0_jre.com.google.common.cache.LocalCache$Segment.get(LocalCache.java:2044)
	... 13 more
Caused by: java.lang.IllegalArgumentException: Cannot get Elasticsearch version
	at org.apache.beam.sdk.io.elasticsearch.ElasticsearchIO.getBackendVersion(ElasticsearchIO.java:1540)
	at org.apache.beam.sdk.io.elasticsearch.ElasticsearchIO$Write$WriteFn.setup(ElasticsearchIO.java:1330)
Caused by: org.elasticsearch.client.ResponseException: method [GET], host [http://127.0.0.1:44085], URI [/], status line [HTTP/1.1 503 Service Unavailable]
{
  "name" : "beam",
  "cluster_name" : "beam",
  "cluster_uuid" : "pPkgXGRCQqSYiAYeidGMFQ",
  "version" : {
    "number" : "2.4.1",
    "build_hash" : "c67dc32e24162035d18d6fe1e952c4cbcbe79d16",
    "build_timestamp" : "2016-09-27T18:57:55Z",
    "build_snapshot" : false,
    "lucene_version" : "5.5.2"
  },
  "tagline" : "You Know, for Search"
}

	at org.elasticsearch.client.RestClient.convertResponse(RestClient.java:302)
	at org.elasticsearch.client.RestClient.performRequest(RestClient.java:272)
	at org.elasticsearch.client.RestClient.performRequest(RestClient.java:246)
	at org.apache.beam.sdk.io.elasticsearch.ElasticsearchIO.getBackendVersion(ElasticsearchIO.java:1524)
	at org.apache.beam.sdk.io.elasticsearch.ElasticsearchIO$Write$WriteFn.setup(ElasticsearchIO.java:1330)
	at org.apache.beam.sdk.io.elasticsearch.ElasticsearchIO$Write$WriteFn$DoFnInvoker.invokeSetup(Unknown Source)
	at org.apache.beam.sdk.transforms.reflect.DoFnInvokers.tryInvokeSetupFor(DoFnInvokers.java:53)
	at org.apache.beam.runners.direct.DoFnLifecycleManager$DeserializingCacheLoader.load(DoFnLifecycleManager.java:107)
	at org.apache.beam.runners.direct.DoFnLifecycleManager$DeserializingCacheLoader.load(DoFnLifecycleManager.java:92)
	at org.apache.beam.vendor.guava.v26_0_jre.com.google.common.cache.LocalCache$LoadingValueReference.loadFuture(LocalCache.java:3528)
	at org.apache.beam.vendor.guava.v26_0_jre.com.google.common.cache.LocalCache$Segment.loadSync(LocalCache.java:2277)
	at org.apache.beam.vendor.guava.v26_0_jre.com.google.common.cache.LocalCache$Segment.lockedGetOrLoad(LocalCache.java:2154)
	at org.apache.beam.vendor.guava.v26_0_jre.com.google.common.cache.LocalCache$Segment.get(LocalCache.java:2044)
	at org.apache.beam.vendor.guava.v26_0_jre.com.google.common.cache.LocalCache.get(LocalCache.java:3952)
	at org.apache.beam.vendor.guava.v26_0_jre.com.google.common.cache.LocalCache.getOrLoad(LocalCache.java:3974)
	at org.apache.beam.vendor.guava.v26_0_jre.com.google.common.cache.LocalCache$LocalLoadingCache.get(LocalCache.java:4958)
	at org.apache.beam.runners.direct.DoFnLifecycleManager.get(DoFnLifecycleManager.java:62)
	at org.apache.beam.runners.direct.ParDoEvaluatorFactory.createEvaluator(ParDoEvaluatorFactory.java:131)
	at org.apache.beam.runners.direct.ParDoEvaluatorFactory.forApplication(ParDoEvaluatorFactory.java:81)
	at org.apache.beam.runners.direct.TransformEvaluatorRegistry.forApplication(TransformEvaluatorRegistry.java:178)
	at org.apache.beam.runners.direct.DirectTransformExecutor.run(DirectTransformExecutor.java:122)
	at java.util.concurrent.Executors$RunnableAdapter.call(Executors.java:511)
	at java.util.concurrent.FutureTask.run(FutureTask.java:266)
	at java.util.concurrent.ThreadPoolExecutor.runWorker(ThreadPoolExecutor.java:1149)
	at java.util.concurrent.ThreadPoolExecutor$Worker.run(ThreadPoolExecutor.java:624)
	at java.lang.Thread.run(Thread.java:748)

{code}
{code:java}
¬†
java.net.SocketTimeoutException: 120,000 milliseconds timeout on connection http-outgoing-0 [ACTIVE] at org.elasticsearch.client.RestClient.extractAndWrapCause(RestClient.java:834) at org.elasticsearch.client.RestClient.performRequest(RestClient.java:259) at org.elasticsearch.client.RestClient.performRequest(RestClient.java:246) at org.apache.beam.sdk.io.elasticsearch.ElasticsearchIOTestUtils.closeIndex(ElasticsearchIOTestUtils.java:66) at org.apache.beam.sdk.io.elasticsearch.ElasticsearchIOTestUtils.deleteIndex(ElasticsearchIOTestUtils.java:71) at org.apache.beam.sdk.io.elasticsearch.ElasticsearchIOTestUtils.deleteIndex(ElasticsearchIOTestUtils.java:61) at org.apache.beam.sdk.io.elasticsearch.ElasticsearchIOTest.before(ElasticsearchIOTest.java:119) at sun.reflect.NativeMethodAccessorImpl.invoke0(Native Method) at sun.reflect.NativeMethodAccessorImpl.invoke(NativeMethodAccessorImpl.java:62) at sun.reflect.DelegatingMethodAccessorImpl.invoke(DelegatingMethodAccessorImpl.java:43) at java.lang.reflect.Method.invoke(Method.java:498) at org.junit.runners.model.FrameworkMethod$1.runReflectiveCall(FrameworkMethod.java:59) at org.junit.internal.runners.model.ReflectiveCallable.run(ReflectiveCallable.java:12) at org.junit.runners.model.FrameworkMethod.invokeExplosively(FrameworkMethod.java:56) at org.junit.internal.runners.statements.RunBefores.invokeMethod(RunBefores.java:33) at org.junit.internal.runners.statements.RunBefores.evaluate(RunBefores.java:24) at org.junit.rules.ExpectedException$ExpectedExceptionStatement.evaluate(ExpectedException.java:258) at org.apache.beam.sdk.testing.TestPipeline$1.evaluate(TestPipeline.java:322) at org.junit.runners.ParentRunner$3.evaluate(ParentRunner.java:306) at org.junit.runners.BlockJUnit4ClassRunner$1.evaluate(BlockJUnit4ClassRunner.java:100) at org.junit.runners.ParentRunner.runLeaf(ParentRunner.java:366) at org.junit.runners.BlockJUnit4ClassRunner.runChild(BlockJUnit4ClassRunner.java:103) at org.junit.runners.BlockJUnit4ClassRunner.runChild(BlockJUnit4ClassRunner.java:63) at org.junit.runners.ParentRunner$4.run(ParentRunner.java:331) at org.junit.runners.ParentRunner$1.schedule(ParentRunner.java:79) at org.junit.runners.ParentRunner.runChildren(ParentRunner.java:329) at org.junit.runners.ParentRunner.access$100(ParentRunner.java:66) at org.junit.runners.ParentRunner$2.evaluate(ParentRunner.java:293) at org.junit.internal.runners.statements.RunBefores.evaluate(RunBefores.java:26) at org.junit.internal.runners.statements.RunAfters.evaluate(RunAfters.java:27) at org.junit.rules.ExternalResource$1.evaluate(ExternalResource.java:54) at org.junit.rules.RunRules.evaluate(RunRules.java:20) at org.junit.runners.ParentRunner$3.evaluate(ParentRunner.java:306) at org.junit.runners.ParentRunner.run(ParentRunner.java:413) at org.gradle.api.internal.tasks.testing.junit.JUnitTestClassExecutor.runTestClass(JUnitTestClassExecutor.java:110) at org.gradle.api.internal.tasks.testing.junit.JUnitTestClassExecutor.execute(JUnitTestClassExecutor.java:58) at org.gradle.api.internal.tasks.testing.junit.JUnitTestClassExecutor.execute(JUnitTestClassExecutor.java:38) at org.gradle.api.internal.tasks.testing.junit.AbstractJUnitTestClassProcessor.processTestClass(AbstractJUnitTestClassProcessor.java:62) at org.gradle.api.internal.tasks.testing.SuiteTestClassProcessor.processTestClass(SuiteTestClassProcessor.java:51) at sun.reflect.NativeMethodAccessorImpl.invoke0(Native Method) at sun.reflect.NativeMethodAccessorImpl.invoke(NativeMethodAccessorImpl.java:62) at sun.reflect.DelegatingMethodAccessorImpl.invoke(DelegatingMethodAccessorImpl.java:43) at java.lang.reflect.Method.invoke(Method.java:498) at org.gradle.internal.dispatch.ReflectionDispatch.dispatch(ReflectionDispatch.java:36) at org.gradle.internal.dispatch.ReflectionDispatch.dispatch(ReflectionDispatch.java:24) at org.gradle.internal.dispatch.ContextClassLoaderDispatch.dispatch(ContextClassLoaderDispatch.java:33) at org.gradle.internal.dispatch.ProxyDispatchAdapter$DispatchingInvocationHandler.invoke(ProxyDispatchAdapter.java:94) at com.sun.proxy.$Proxy2.processTestClass(Unknown Source) at org.gradle.api.internal.tasks.testing.worker.TestWorker.processTestClass(TestWorker.java:119) at sun.reflect.NativeMethodAccessorImpl.invoke0(Native Method) at sun.reflect.NativeMethodAccessorImpl.invoke(NativeMethodAccessorImpl.java:62) at sun.reflect.DelegatingMethodAccessorImpl.invoke(DelegatingMethodAccessorImpl.java:43) at java.lang.reflect.Method.invoke(Method.java:498) at org.gradle.internal.dispatch.ReflectionDispatch.dispatch(ReflectionDispatch.java:36) at org.gradle.internal.dispatch.ReflectionDispatch.dispatch(ReflectionDispatch.java:24) at org.gradle.internal.remote.internal.hub.MessageHubBackedObjectConnection$DispatchWrapper.dispatch(MessageHubBackedObjectConnection.java:182) at org.gradle.internal.remote.internal.hub.MessageHubBackedObjectConnection$DispatchWrapper.dispatch(MessageHubBackedObjectConnection.java:164) at org.gradle.internal.remote.internal.hub.MessageHub$Handler.run(MessageHub.java:414) at org.gradle.internal.concurrent.ExecutorPolicy$CatchAndRecordFailures.onExecute(ExecutorPolicy.java:64) at org.gradle.internal.concurrent.ManagedExecutorImpl$1.run(ManagedExecutorImpl.java:48) at java.util.concurrent.ThreadPoolExecutor.runWorker(ThreadPoolExecutor.java:1149) at java.util.concurrent.ThreadPoolExecutor$Worker.run(ThreadPoolExecutor.java:624) at org.gradle.internal.concurrent.ThreadFactoryImpl$ManagedThreadRunnable.run(ThreadFactoryImpl.java:56) at java.lang.Thread.run(Thread.java:748) Caused by: java.net.SocketTimeoutException: 120,000 milliseconds timeout on connection http-outgoing-0 [ACTIVE] at org.apache.http.nio.protocol.HttpAsyncRequestExecutor.timeout(HttpAsyncRequestExecutor.java:387) at org.apache.http.impl.nio.client.InternalIODispatch.onTimeout(InternalIODispatch.java:92) at org.apache.http.impl.nio.client.InternalIODispatch.onTimeout(InternalIODispatch.java:39) at org.apache.http.impl.nio.reactor.AbstractIODispatch.timeout(AbstractIODispatch.java:175) at org.apache.http.impl.nio.reactor.BaseIOReactor.sessionTimedOut(BaseIOReactor.java:261) at org.apache.http.impl.nio.reactor.AbstractIOReactor.timeoutCheck(AbstractIOReactor.java:502) at org.apache.http.impl.nio.reactor.BaseIOReactor.validate(BaseIOReactor.java:211) at org.apache.http.impl.nio.reactor.AbstractIOReactor.execute(AbstractIOReactor.java:280) at org.apache.http.impl.nio.reactor.BaseIOReactor.execute(BaseIOReactor.java:104) at org.apache.http.impl.nio.reactor.AbstractMultiworkerIOReactor$Worker.run(AbstractMultiworkerIOReactor.java:591)
{code}
{code:java}
org.apache.beam.sdk.Pipeline$PipelineExecutionException: java.io.IOException: Error writing to Elasticsearch, some elements could not be inserted:
	at org.apache.beam.runners.direct.DirectRunner$DirectPipelineResult.waitUntilFinish(DirectRunner.java:372)
	at org.apache.beam.runners.direct.DirectRunner$DirectPipelineResult.waitUntilFinish(DirectRunner.java:340)
	at org.apache.beam.runners.direct.DirectRunner.run(DirectRunner.java:218)
	at org.apache.beam.runners.direct.DirectRunner.run(DirectRunner.java:67)
	at org.apache.beam.sdk.Pipeline.run(Pipeline.java:323)
	at org.apache.beam.sdk.testing.TestPipeline.run(TestPipeline.java:398)
	at org.apache.beam.sdk.testing.TestPipeline.run(TestPipeline.java:334)
	at org.apache.beam.sdk.io.elasticsearch.ElasticsearchIOTestCommon.testWriteWithFullAddressing(ElasticsearchIOTestCommon.java:521)
	at org.apache.beam.sdk.io.elasticsearch.ElasticsearchIOTest.testWriteFullAddressing(ElasticsearchIOTest.java:195)
	at sun.reflect.NativeMethodAccessorImpl.invoke0(Native Method)
	at sun.reflect.NativeMethodAccessorImpl.invoke(NativeMethodAccessorImpl.java:62)
	at sun.reflect.DelegatingMethodAccessorImpl.invoke(DelegatingMethodAccessorImpl.java:43)
	at java.lang.reflect.Method.invoke(Method.java:498)
	at org.junit.runners.model.FrameworkMethod$1.runReflectiveCall(FrameworkMethod.java:59)
	at org.junit.internal.runners.model.ReflectiveCallable.run(ReflectiveCallable.java:12)
	at org.junit.runners.model.FrameworkMethod.invokeExplosively(FrameworkMethod.java:56)
	at org.junit.internal.runners.statements.InvokeMethod.evaluate(InvokeMethod.java:17)
	at org.junit.internal.runners.statements.RunBefores.evaluate(RunBefores.java:26)
	at org.junit.rules.ExpectedException$ExpectedExceptionStatement.evaluate(ExpectedException.java:258)
	at org.apache.beam.sdk.testing.TestPipeline$1.evaluate(TestPipeline.java:322)
	at org.junit.runners.ParentRunner$3.evaluate(ParentRunner.java:306)
	at org.junit.runners.BlockJUnit4ClassRunner$1.evaluate(BlockJUnit4ClassRunner.java:100)
	at org.junit.runners.ParentRunner.runLeaf(ParentRunner.java:366)
	at org.junit.runners.BlockJUnit4ClassRunner.runChild(BlockJUnit4ClassRunner.java:103)
	at org.junit.runners.BlockJUnit4ClassRunner.runChild(BlockJUnit4ClassRunner.java:63)
	at org.junit.runners.ParentRunner$4.run(ParentRunner.java:331)
	at org.junit.runners.ParentRunner$1.schedule(ParentRunner.java:79)
	at org.junit.runners.ParentRunner.runChildren(ParentRunner.java:329)
	at org.junit.runners.ParentRunner.access$100(ParentRunner.java:66)
	at org.junit.runners.ParentRunner$2.evaluate(ParentRunner.java:293)
	at org.junit.internal.runners.statements.RunBefores.evaluate(RunBefores.java:26)
	at org.junit.internal.runners.statements.RunAfters.evaluate(RunAfters.java:27)
	at org.junit.rules.ExternalResource$1.evaluate(ExternalResource.java:54)
	at org.junit.rules.RunRules.evaluate(RunRules.java:20)
	at org.junit.runners.ParentRunner$3.evaluate(ParentRunner.java:306)
	at org.junit.runners.ParentRunner.run(ParentRunner.java:413)
	at org.gradle.api.internal.tasks.testing.junit.JUnitTestClassExecutor.runTestClass(JUnitTestClassExecutor.java:110)
	at org.gradle.api.internal.tasks.testing.junit.JUnitTestClassExecutor.execute(JUnitTestClassExecutor.java:58)
	at org.gradle.api.internal.tasks.testing.junit.JUnitTestClassExecutor.execute(JUnitTestClassExecutor.java:38)
	at org.gradle.api.internal.tasks.testing.junit.AbstractJUnitTestClassProcessor.processTestClass(AbstractJUnitTestClassProcessor.java:62)
	at org.gradle.api.internal.tasks.testing.SuiteTestClassProcessor.processTestClass(SuiteTestClassProcessor.java:51)
	at sun.reflect.NativeMethodAccessorImpl.invoke0(Native Method)
	at sun.reflect.NativeMethodAccessorImpl.invoke(NativeMethodAccessorImpl.java:62)
	at sun.reflect.DelegatingMethodAccessorImpl.invoke(DelegatingMethodAccessorImpl.java:43)
	at java.lang.reflect.Method.invoke(Method.java:498)
	at org.gradle.internal.dispatch.ReflectionDispatch.dispatch(ReflectionDispatch.java:36)
	at org.gradle.internal.dispatch.ReflectionDispatch.dispatch(ReflectionDispatch.java:24)
	at org.gradle.internal.dispatch.ContextClassLoaderDispatch.dispatch(ContextClassLoaderDispatch.java:33)
	at org.gradle.internal.dispatch.ProxyDispatchAdapter$DispatchingInvocationHandler.invoke(ProxyDispatchAdapter.java:94)
	at com.sun.proxy.$Proxy2.processTestClass(Unknown Source)
	at org.gradle.api.internal.tasks.testing.worker.TestWorker.processTestClass(TestWorker.java:119)
	at sun.reflect.NativeMethodAccessorImpl.invoke0(Native Method)
	at sun.reflect.NativeMethodAccessorImpl.invoke(NativeMethodAccessorImpl.java:62)
	at sun.reflect.DelegatingMethodAccessorImpl.invoke(DelegatingMethodAccessorImpl.java:43)
	at java.lang.reflect.Method.invoke(Method.java:498)
	at org.gradle.internal.dispatch.ReflectionDispatch.dispatch(ReflectionDispatch.java:36)
	at org.gradle.internal.dispatch.ReflectionDispatch.dispatch(ReflectionDispatch.java:24)
	at org.gradle.internal.remote.internal.hub.MessageHubBackedObjectConnection$DispatchWrapper.dispatch(MessageHubBackedObjectConnection.java:182)
	at org.gradle.internal.remote.internal.hub.MessageHubBackedObjectConnection$DispatchWrapper.dispatch(MessageHubBackedObjectConnection.java:164)
	at org.gradle.internal.remote.internal.hub.MessageHub$Handler.run(MessageHub.java:414)
	at org.gradle.internal.concurrent.ExecutorPolicy$CatchAndRecordFailures.onExecute(ExecutorPolicy.java:64)
	at org.gradle.internal.concurrent.ManagedExecutorImpl$1.run(ManagedExecutorImpl.java:48)
	at java.util.concurrent.ThreadPoolExecutor.runWorker(ThreadPoolExecutor.java:1149)
	at java.util.concurrent.ThreadPoolExecutor$Worker.run(ThreadPoolExecutor.java:624)
	at org.gradle.internal.concurrent.ThreadFactoryImpl$ManagedThreadRunnable.run(ThreadFactoryImpl.java:56)
	at java.lang.Thread.run(Thread.java:748)
Caused by: java.io.IOException: Error writing to Elasticsearch, some elements could not be inserted:
	at org.apache.beam.sdk.io.elasticsearch.ElasticsearchIO.checkForErrors(ElasticsearchIO.java:233)
	at org.apache.beam.sdk.io.elasticsearch.ElasticsearchIO$Write$WriteFn.flushBatch(ElasticsearchIO.java:1484)
	at org.apache.beam.sdk.io.elasticsearch.ElasticsearchIO$Write$WriteFn.finishBundle(ElasticsearchIO.java:1450)
{code}
{code:java}
org.apache.beam.sdk.Pipeline$PipelineExecutionException: java.io.IOException: Error writing to Elasticsearch, some elements could not be inserted:
Document id AXldB_RiIN49JHQZu-U8: [curie][3] primary shard is not active Timeout: [1m], request: [BulkShardRequest to [curie] containing [1] requests] (unavailable_shards_exception)
	at org.apache.beam.runners.direct.DirectRunner$DirectPipelineResult.waitUntilFinish(DirectRunner.java:372)
	at org.apache.beam.runners.direct.DirectRunner$DirectPipelineResult.waitUntilFinish(DirectRunner.java:340)
	at org.apache.beam.runners.direct.DirectRunner.run(DirectRunner.java:218)
	at org.apache.beam.runners.direct.DirectRunner.run(DirectRunner.java:67)
	at org.apache.beam.sdk.Pipeline.run(Pipeline.java:323)
	at org.apache.beam.sdk.testing.TestPipeline.run(TestPipeline.java:398)
	at org.apache.beam.sdk.testing.TestPipeline.run(TestPipeline.java:334)
	at org.apache.beam.sdk.io.elasticsearch.ElasticsearchIOTestCommon.testWriteWithIndexFn(ElasticsearchIOTestCommon.java:439)
	at org.apache.beam.sdk.io.elasticsearch.ElasticsearchIOTest.testWriteWithIndexFn(ElasticsearchIOTest.java:183)
	at sun.reflect.NativeMethodAccessorImpl.invoke0(Native Method)
	at sun.reflect.NativeMethodAccessorImpl.invoke(NativeMethodAccessorImpl.java:62)
	at sun.reflect.DelegatingMethodAccessorImpl.invoke(DelegatingMethodAccessorImpl.java:43)
	at java.lang.reflect.Method.invoke(Method.java:498)
	at org.junit.runners.model.FrameworkMethod$1.runReflectiveCall(FrameworkMethod.java:59)
	at org.junit.internal.runners.model.ReflectiveCallable.run(ReflectiveCallable.java:12)
	at org.junit.runners.model.FrameworkMethod.invokeExplosively(FrameworkMethod.java:56)
	at org.junit.internal.runners.statements.InvokeMethod.evaluate(InvokeMethod.java:17)
	at org.junit.internal.runners.statements.RunBefores.evaluate(RunBefores.java:26)
	at org.junit.rules.ExpectedException$ExpectedExceptionStatement.evaluate(ExpectedException.java:258)
	at org.apache.beam.sdk.testing.TestPipeline$1.evaluate(TestPipeline.java:322)
	at org.junit.runners.ParentRunner$3.evaluate(ParentRunner.java:306)
	at org.junit.runners.BlockJUnit4ClassRunner$1.evaluate(BlockJUnit4ClassRunner.java:100)
	at org.junit.runners.ParentRunner.runLeaf(ParentRunner.java:366)
	at org.junit.runners.BlockJUnit4ClassRunner.runChild(BlockJUnit4ClassRunner.java:103)
	at org.junit.runners.BlockJUnit4ClassRunner.runChild(BlockJUnit4ClassRunner.java:63)
	at org.junit.runners.ParentRunner$4.run(ParentRunner.java:331)
	at org.junit.runners.ParentRunner$1.schedule(ParentRunner.java:79)
	at org.junit.runners.ParentRunner.runChildren(ParentRunner.java:329)
	at org.junit.runners.ParentRunner.access$100(ParentRunner.java:66)
	at org.junit.runners.ParentRunner$2.evaluate(ParentRunner.java:293)
	at org.junit.internal.runners.statements.RunBefores.evaluate(RunBefores.java:26)
	at org.junit.internal.runners.statements.RunAfters.evaluate(RunAfters.java:27)
	at org.junit.rules.ExternalResource$1.evaluate(ExternalResource.java:54)
	at org.junit.rules.RunRules.evaluate(RunRules.java:20)
	at org.junit.runners.ParentRunner$3.evaluate(ParentRunner.java:306)
	at org.junit.runners.ParentRunner.run(ParentRunner.java:413)
	at org.gradle.api.internal.tasks.testing.junit.JUnitTestClassExecutor.runTestClass(JUnitTestClassExecutor.java:110)
	at org.gradle.api.internal.tasks.testing.junit.JUnitTestClassExecutor.execute(JUnitTestClassExecutor.java:58)
	at org.gradle.api.internal.tasks.testing.junit.JUnitTestClassExecutor.execute(JUnitTestClassExecutor.java:38)
	at org.gradle.api.internal.tasks.testing.junit.AbstractJUnitTestClassProcessor.processTestClass(AbstractJUnitTestClassProcessor.java:62)
	at org.gradle.api.internal.tasks.testing.SuiteTestClassProcessor.processTestClass(SuiteTestClassProcessor.java:51)
	at sun.reflect.NativeMethodAccessorImpl.invoke0(Native Method)
	at sun.reflect.NativeMethodAccessorImpl.invoke(NativeMethodAccessorImpl.java:62)
	at sun.reflect.DelegatingMethodAccessorImpl.invoke(DelegatingMethodAccessorImpl.java:43)
	at java.lang.reflect.Method.invoke(Method.java:498)
	at org.gradle.internal.dispatch.ReflectionDispatch.dispatch(ReflectionDispatch.java:36)
	at org.gradle.internal.dispatch.ReflectionDispatch.dispatch(ReflectionDispatch.java:24)
	at org.gradle.internal.dispatch.ContextClassLoaderDispatch.dispatch(ContextClassLoaderDispatch.java:33)
	at org.gradle.internal.dispatch.ProxyDispatchAdapter$DispatchingInvocationHandler.invoke(ProxyDispatchAdapter.java:94)
	at com.sun.proxy.$Proxy2.processTestClass(Unknown Source)
	at org.gradle.api.internal.tasks.testing.worker.TestWorker.processTestClass(TestWorker.java:119)
	at sun.reflect.NativeMethodAccessorImpl.invoke0(Native Method)
	at sun.reflect.NativeMethodAccessorImpl.invoke(NativeMethodAccessorImpl.java:62)
	at sun.reflect.DelegatingMethodAccessorImpl.invoke(DelegatingMethodAccessorImpl.java:43)
	at java.lang.reflect.Method.invoke(Method.java:498)
	at org.gradle.internal.dispatch.ReflectionDispatch.dispatch(ReflectionDispatch.java:36)
	at org.gradle.internal.dispatch.ReflectionDispatch.dispatch(ReflectionDispatch.java:24)
	at org.gradle.internal.remote.internal.hub.MessageHubBackedObjectConnection$DispatchWrapper.dispatch(MessageHubBackedObjectConnection.java:182)
	at org.gradle.internal.remote.internal.hub.MessageHubBackedObjectConnection$DispatchWrapper.dispatch(MessageHubBackedObjectConnection.java:164)
	at org.gradle.internal.remote.internal.hub.MessageHub$Handler.run(MessageHub.java:414)
	at org.gradle.internal.concurrent.ExecutorPolicy$CatchAndRecordFailures.onExecute(ExecutorPolicy.java:64)
	at org.gradle.internal.concurrent.ManagedExecutorImpl$1.run(ManagedExecutorImpl.java:48)
	at java.util.concurrent.ThreadPoolExecutor.runWorker(ThreadPoolExecutor.java:1149)
	at java.util.concurrent.ThreadPoolExecutor$Worker.run(ThreadPoolExecutor.java:624)
	at org.gradle.internal.concurrent.ThreadFactoryImpl$ManagedThreadRunnable.run(ThreadFactoryImpl.java:56)
	at java.lang.Thread.run(Thread.java:748)
Caused by: java.io.IOException: Error writing to Elasticsearch, some elements could not be inserted:
Document id AXldB_RiIN49JHQZu-U8: [curie][3] primary shard is not active Timeout: [1m], request: [BulkShardRequest to [curie] containing [1] requests] (unavailable_shards_exception)
	at org.apache.beam.sdk.io.elasticsearch.ElasticsearchIO.checkForErrors(ElasticsearchIO.java:233)
	at org.apache.beam.sdk.io.elasticsearch.ElasticsearchIO$Write$WriteFn.flushBatch(ElasticsearchIO.java:1484)
	at org.apache.beam.sdk.io.elasticsearch.ElasticsearchIO$Write$WriteFn.finishBundle(ElasticsearchIO.java:1450)
{code}
¬†

If this is indeed tied to server load, what recourse do we have? And I wonder why it would be that Elasticsearch shows more flakiness under load than other IO connectors?

One option we have which may not be popular: write less to Elasticsearch. We can now separately test interfacing with ES (the actual IO) and creating valid request bodies. This won't catch classes of bugs where the API changes for example, but it would reduce the number of interactions with an ES cluster (dockerized or otherwise) and would allow for a large number of Write tests to happen in memory only. Thoughts?

[~egalpin]¬†some IOs are less sensitive to load because not all the IOs use an embeded server and also because ES test framework is quite heavy and designed for integration tests, not unit tests.

Right now, the UTest dataset contains 400 documents but it can be reduced as Integration tests are there to test write and read on larger datasets.

Separation between serialization and write is good but still the write part can saturate the backend.¬†

¬†

[~echauchot] were the errors you posted from a build which used the testContainers changes? Or the in Mem ES instances? Good idea to reduce number of docs as probably 100 would equally be able to give definitive answers about test results for Utests

[~egalpin]¬†good question. I cannot be a hundred percent sure as both PR builds and regular builds are shown side by side in jenkins and I no more have the links nor the timestamp in logs. But I'd guess without testContainers as these errors look like the ones we already had

This is pretty aggressively affecting the 2.31.0 release branch:

[https://ci-beam.apache.org/job/beam_PreCommit_Java_Phrase/3701/]

[https://ci-beam.apache.org/job/beam_PreCommit_Java_Phrase/3702/]

Is this a release blocker?

@Andrew I have a PR open[1] which attempts to alleviate the flakiness. Please have a look to review if you have bandwidth and if it is indeed a release blocker.

[1] https://github.com/apache/beam/pull/14933

This issue is assigned but has not received an update in 30 days so it has been labeled "stale-assigned". If you are still working on the issue, please give an update and remove the label. If you are no longer working on the issue, please unassign so someone else may work on it. In 7 days the issue will be automatically unassigned.

This issue was marked "stale-assigned" and has not received a public comment in 7 days. It is now automatically unassigned. If you are still working on it, you can assign it to yourself again. Please also give an update about the status of the work.

It looks like we're still seeing a lot of similar flakes in ElasticSearchIOTest per https://ci-beam.apache.org/job/beam_PreCommit_Java_Cron/lastCompletedBuild/testReport/junit/org.apache.beam.sdk.io.elasticsearch/ElasticsearchIOTest/history/

Most recently https://ci-beam.apache.org/job/beam_PreCommit_Java_Cron/4452/testReport/junit/org.apache.beam.sdk.io.elasticsearch/ElasticsearchIOTest/testSizes/

{code}
java.lang.AssertionError: Wrong estimated size
Expected: a value greater than <2500L>
     but: <162L> was less than <2500L>
	at org.hamcrest.MatcherAssert.assertThat(MatcherAssert.java:18)
	at org.apache.beam.sdk.io.elasticsearch.ElasticsearchIOTestCommon.testSizes(ElasticsearchIOTestCommon.java:199)
	at org.apache.beam.sdk.io.elasticsearch.ElasticsearchIOTest.testSizes(ElasticsearchIOTest.java:91)
	at sun.reflect.NativeMethodAccessorImpl.invoke0(Native Method)
	at sun.reflect.NativeMethodAccessorImpl.invoke(NativeMethodAccessorImpl.java:62)
	at sun.reflect.DelegatingMethodAccessorImpl.invoke(DelegatingMethodAccessorImpl.java:43)
	at java.lang.reflect.Method.invoke(Method.java:498)
	at org.junit.runners.model.FrameworkMethod$1.runReflectiveCall(FrameworkMethod.java:59)
	at org.junit.internal.runners.model.ReflectiveCallable.run(ReflectiveCallable.java:12)
	at org.junit.runners.model.FrameworkMethod.invokeExplosively(FrameworkMethod.java:56)
{code}

testSizes and testSplit seem to be flaky in ES5. I propose to sickbay them waiting for a resolution. [~egalpin]¬†WDYT ?

actually they are flaky in all ES versions, in my [ongoing PR|https://github.com/apache/beam/pull/15267] I have sickbayed this tests as requested by the reviewer but this ticket needs attention as it is dangerous to leave ignored tests for too long, so I raised the importance of the ticket.¬†[~egalpin]¬†can you take a look at the flakes please ? I took the liberty to assign to you feel free to unassign yourself if not suited.

Thanks [~echauchot] , I'm going to have a look ASAP. I know this is high priority for the project and I'll try to balance that appropriately; that is to say, all help is appreciated :)

This issue is assigned but has not received an update in 30 days so it has been labeled "stale-assigned". If you are still working on the issue, please give an update and remove the label. If you are no longer working on the issue, please unassign so someone else may work on it. In 7 days the issue will be automatically unassigned.

This issue was marked "stale-assigned" and has not received a public comment in 7 days. It is now automatically unassigned. If you are still working on it, you can assign it to yourself again. Please also give an update about the status of the work.

[This|https://github.com/apache/beam/commit/a05aa45dac5e7295a56634f0916b7019bc6782e5] commit should solve the issue. [~egalpin]¬†can you monitor the ES UTests status for a week (just once within a week is enough) so that we know that the flake has disappeared and close the ticket ?

Will do [~echauchot] ! üëç

I checked quite a few PRs last week.¬† I did see a single instance of a flake for ES tests here: [https://ci-beam.apache.org/job/beam_PreCommit_Java_Commit/19333/]¬† ([https://github.com/apache/beam/pull/15766).|https://github.com/apache/beam/pull/15766)] A single instance is a vast improvement over the constant flakiness before, but I'm not sure if that means we should leave this ticket open or if we can call it closed for now?

[~echauchot] Thoughts?

Happened ~today on:  https://ci-beam.apache.org/job/beam_PreCommit_Java_Phrase/4147/testReport/junit/org.apache.beam.sdk.io.elasticsearch/ElasticsearchIOTest/testReadWithQueryString/

I think it's safe to say that some read tests are still flaky, even though they're improved. I don't currently have bandwidth to dive in deeper into RCA or alternative approaches.¬† Should we re-mark the flaky tests in the suite as `Skip`, or is the current level of flakiness "acceptable"?

Happened again for me on the same PR: https://ci-beam.apache.org/job/beam_PreCommit_Java_Phrase/4189/
Seems that's it's still quite flaky, I'd prefer to have it disabled or be in a separate suite, or auto-rerun X times... The latter could be acceptable if there is known cause of inherent flakiness that is too difficult to address. But by looking at the error and this issue discussion, it's not clear whether it's a test setup issue or an actual ES IO issue that would be dangerous to sweep under the rug.

{noformat}
Error Message
java.lang.AssertionError: Wrong estimated size
Expected: a value greater than <1000L>
     but: <208L> was less than <1000L>
Stacktrace
java.lang.AssertionError: Wrong estimated size
Expected: a value greater than <1000L>
     but: <208L> was less than <1000L>
	at org.hamcrest.MatcherAssert.assertThat(MatcherAssert.java:18)
	at org.apache.beam.sdk.io.elasticsearch.ElasticsearchIOTestCommon.testSizes(ElasticsearchIOTestCommon.java:213)
	at org.apache.beam.sdk.io.elasticsearch.ElasticsearchIOTest.testSizes(ElasticsearchIOTest.ja
{noformat}



Took a look at the 3 flakiness:

1. [https://ci-beam.apache.org/job/beam_PreCommit_Java_Commit/19333/testReport/junit/org.apache.beam.sdk.io.elasticsearch/ElasticsearchIOTest/testSplit/]¬†: root cause is that there is no splits on ES6. The only possible cause is estimated index size is <¬†desiredBundleSizeBytes (2000 in the test)

2. [https://ci-beam.apache.org/job/beam_PreCommit_Java_Phrase/4147/testReport/junit/org.apache.beam.sdk.io.elasticsearch/ElasticsearchIOTest/testReadWithQueryString/¬†|https://ci-beam.apache.org/job/beam_PreCommit_Java_Phrase/4189/testReport/junit/org.apache.beam.sdk.io.elasticsearch/ElasticsearchIOTest/testSizes/]once again the guilty one is the index size estimation estimation is 209 whereas average size is 25 and 40 docs.¬†

=> I recall size estimation is statistical in ES and might vary over time hence the error margin included in the tests. I think we should give the tests more margin but also fix size estimation. I opened this ticket¬†for that. I also opened a cleaning ticket while reviewing the split code.

3. [https://ci-beam.apache.org/job/beam_PreCommit_Java_Phrase/4147/testReport/junit/org.apache.beam.sdk.io.elasticsearch/ElasticsearchIOTest/testReadWithQueryString/¬†|https://ci-beam.apache.org/job/beam_PreCommit_Java_Phrase/4147/testReport/junit/org.apache.beam.sdk.io.elasticsearch/ElasticsearchIOTest/testReadWithQueryString/]this one worries me more: if there is no scientist matching Einstein out of 40 docs inserted (with 10 different scientists) it is either that the insert was not done or indexed (too much load and docs not yet inserted or not enough wait before indexing time) or the match query was not properly passed by the queryconfigurer in the unit test.

[~egalpin] can you take a look with this hints in mind ?

I apologize for the timing but I'm swamped right now and can't guarantee dedicated time to investigate for the next few weeks likely. I did quickly look at the test which you mentioned was more concerning, and it appears to be flaky on the ES side rather than the Beam IO (2 of the 3 supported ES version suites passed the test, while the other failed).¬† We likely need to double check that we're waiting for the cluster to be green and indexes refreshed synchronously before making the query.

Given my lack of bandwidth for the next few weeks, should I mark these tests to be skipped? Maybe we could create an additional suite of known flaky tests to manually trigger on any ES specific PRs for the time being?

No worries for the lack of bandwidth. And no hurry about fixing. This tests suite has been flaky for months so I guess it is fine considering the flakiness frequency has dropped. So I would rather leave it as it is as a reminder about fixing (but no hurry) rather than ignoring and possibly forgetting about it.¬†

I strongly prefer to sickbay these tests, at least in Java precommit. IMO this level of flakiness is unacceptable for a global precommit that runs on so many unrelated PRs.

If we don't want to "sweep under the rug," we can move the sickbayed tests into a separate postcommit/cron job, and continue to monitor and improve it before moving it back into precommit.

[~ibzib] ok fair enough

This Jira ticket has a pull request attached to it, but is still open. Did the pull request resolve the issue? If so, could you please mark it resolved? This will help the project have a clear view of its open issues.

[~kenn] ongoing related tests

Latest related PR: ¬†[https://github.com/apache/beam/pull/16507]

Update: since merging https://github.com/apache/beam/pull/16507 (related to BEAM-13137), there has not been a flaky failure from the ESIO unit tests in over a week.  I'm inclined to close this ticket as well, marking the same fix version as BEAM-13137 (2.37.0).  

[~kenn] [~echauchot] Any opposition?

[~egalpin] I agree, closing this ticket.

This is great, thank you both!

