Hey [~lcaggio], would you have time to look into this failure since you are most familiar with this test?

I can't replicate the issue. I created a new env, cloned the repo and run the test 1000 times with no failures.

If you can reproduce it, can you share details on the way to reproduce it?

Closing the issue for the moment.

Closing as not reproducible.

Found another instance of this:
{code}
05:35:15 ======================================================================
05:35:15 ERROR: test_read_from_text_with_file_name_file_pattern (apache_beam.io.textio_test.TextSourceTest)
05:35:15 ----------------------------------------------------------------------
05:35:15 Traceback (most recent call last):
05:35:15   File "/home/jenkins/jenkins-slave/workspace/beam_PreCommit_Python_Cron/src/sdks/python/test-suites/tox/py36/build/srcs/sdks/python/apache_beam/io/textio_test.py", line 517, in test_read_from_text_with_file_name_file_pattern
05:35:15     pipeline.run()
05:35:15   File "/home/jenkins/jenkins-slave/workspace/beam_PreCommit_Python_Cron/src/sdks/python/test-suites/tox/py36/build/srcs/sdks/python/apache_beam/testing/test_pipeline.py", line 112, in run
05:35:15     else test_runner_api))
05:35:15   File "/home/jenkins/jenkins-slave/workspace/beam_PreCommit_Python_Cron/src/sdks/python/test-suites/tox/py36/build/srcs/sdks/python/apache_beam/pipeline.py", line 407, in run
05:35:15     self._options).run(False)
05:35:15   File "/home/jenkins/jenkins-slave/workspace/beam_PreCommit_Python_Cron/src/sdks/python/test-suites/tox/py36/build/srcs/sdks/python/apache_beam/pipeline.py", line 420, in run
05:35:15     return self.runner.run_pipeline(self, self._options)
05:35:15   File "/home/jenkins/jenkins-slave/workspace/beam_PreCommit_Python_Cron/src/sdks/python/test-suites/tox/py36/build/srcs/sdks/python/apache_beam/runners/direct/direct_runner.py", line 129, in run_pipeline
05:35:15     return runner.run_pipeline(pipeline, options)
05:35:15   File "/home/jenkins/jenkins-slave/workspace/beam_PreCommit_Python_Cron/src/sdks/python/test-suites/tox/py36/build/srcs/sdks/python/apache_beam/runners/portability/fn_api_runner.py", line 381, in run_pipeline
05:35:15     default_environment=self._default_environment))
05:35:15   File "/home/jenkins/jenkins-slave/workspace/beam_PreCommit_Python_Cron/src/sdks/python/test-suites/tox/py36/build/srcs/sdks/python/apache_beam/runners/portability/fn_api_runner.py", line 388, in run_via_runner_api
05:35:15     return self.run_stages(stage_context, stages)
05:35:15   File "/home/jenkins/jenkins-slave/workspace/beam_PreCommit_Python_Cron/src/sdks/python/test-suites/tox/py36/build/srcs/sdks/python/apache_beam/runners/portability/fn_api_runner.py", line 470, in run_stages
05:35:15     stage_context.safe_coders)
05:35:15   File "/home/jenkins/jenkins-slave/workspace/beam_PreCommit_Python_Cron/src/sdks/python/test-suites/tox/py36/build/srcs/sdks/python/apache_beam/runners/portability/fn_api_runner.py", line 753, in _run_stage
05:35:15     result, splits = bundle_manager.process_bundle(data_input, data_output)
05:35:15   File "/home/jenkins/jenkins-slave/workspace/beam_PreCommit_Python_Cron/src/sdks/python/test-suites/tox/py36/build/srcs/sdks/python/apache_beam/runners/portability/fn_api_runner.py", line 1801, in process_bundle
05:35:15     part, expected_outputs), part_inputs):
05:35:15   File "/usr/lib/python3.6/concurrent/futures/_base.py", line 586, in result_iterator
05:35:15     yield fs.pop().result()
05:35:15   File "/usr/lib/python3.6/concurrent/futures/_base.py", line 432, in result
05:35:15     return self.__get_result()
05:35:15   File "/usr/lib/python3.6/concurrent/futures/_base.py", line 384, in __get_result
05:35:15     raise self._exception
05:35:15   File "/usr/lib/python3.6/concurrent/futures/thread.py", line 56, in run
05:35:15     result = self.fn(*self.args, **self.kwargs)
05:35:15   File "/home/jenkins/jenkins-slave/workspace/beam_PreCommit_Python_Cron/src/sdks/python/test-suites/tox/py36/build/srcs/sdks/python/apache_beam/runners/portability/fn_api_runner.py", line 1801, in <lambda>
05:35:15     part, expected_outputs), part_inputs):
05:35:15   File "/home/jenkins/jenkins-slave/workspace/beam_PreCommit_Python_Cron/src/sdks/python/test-suites/tox/py36/build/srcs/sdks/python/apache_beam/runners/portability/fn_api_runner.py", line 1737, in process_bundle
05:35:15     result_future = self._worker_handler.control_conn.push(process_bundle_req)
05:35:15   File "/home/jenkins/jenkins-slave/workspace/beam_PreCommit_Python_Cron/src/sdks/python/test-suites/tox/py36/build/srcs/sdks/python/apache_beam/runners/portability/fn_api_runner.py", line 1150, in push
05:35:15     response = self.worker.do_instruction(request)
05:35:15   File "/home/jenkins/jenkins-slave/workspace/beam_PreCommit_Python_Cron/src/sdks/python/test-suites/tox/py36/build/srcs/sdks/python/apache_beam/runners/worker/sdk_worker.py", line 360, in do_instruction
05:35:15     request.instruction_id)
05:35:15   File "/home/jenkins/jenkins-slave/workspace/beam_PreCommit_Python_Cron/src/sdks/python/test-suites/tox/py36/build/srcs/sdks/python/apache_beam/runners/worker/sdk_worker.py", line 386, in process_bundle
05:35:15     bundle_processor.process_bundle(instruction_id))
05:35:15   File "/home/jenkins/jenkins-slave/workspace/beam_PreCommit_Python_Cron/src/sdks/python/test-suites/tox/py36/build/srcs/sdks/python/apache_beam/runners/worker/bundle_processor.py", line 663, in process_bundle
05:35:15     data.transform_id].process_encoded(data.data)
05:35:15   File "/home/jenkins/jenkins-slave/workspace/beam_PreCommit_Python_Cron/src/sdks/python/test-suites/tox/py36/build/srcs/sdks/python/apache_beam/runners/worker/bundle_processor.py", line 143, in process_encoded
05:35:15     self.output(decoded_value)
05:35:15   File "/home/jenkins/jenkins-slave/workspace/beam_PreCommit_Python_Cron/src/sdks/python/test-suites/tox/py36/build/srcs/sdks/python/apache_beam/runners/worker/operations.py", line 256, in output
05:35:15     cython.cast(Receiver, self.receivers[output_index]).receive(windowed_value)
05:35:15   File "/home/jenkins/jenkins-slave/workspace/beam_PreCommit_Python_Cron/src/sdks/python/test-suites/tox/py36/build/srcs/sdks/python/apache_beam/runners/worker/operations.py", line 143, in receive
05:35:15     self.consumer.process(windowed_value)
05:35:15   File "/home/jenkins/jenkins-slave/workspace/beam_PreCommit_Python_Cron/src/sdks/python/test-suites/tox/py36/build/srcs/sdks/python/apache_beam/runners/worker/operations.py", line 594, in process
05:35:15     delayed_application = self.dofn_receiver.receive(o)
05:35:15   File "/home/jenkins/jenkins-slave/workspace/beam_PreCommit_Python_Cron/src/sdks/python/test-suites/tox/py36/build/srcs/sdks/python/apache_beam/runners/common.py", line 776, in receive
05:35:15     self.process(windowed_value)
05:35:15   File "/home/jenkins/jenkins-slave/workspace/beam_PreCommit_Python_Cron/src/sdks/python/test-suites/tox/py36/build/srcs/sdks/python/apache_beam/runners/common.py", line 782, in process
05:35:15     self._reraise_augmented(exn)
05:35:15   File "/home/jenkins/jenkins-slave/workspace/beam_PreCommit_Python_Cron/src/sdks/python/test-suites/tox/py36/build/srcs/sdks/python/apache_beam/runners/common.py", line 780, in process
05:35:15     return self.do_fn_invoker.invoke_process(windowed_value)
05:35:15   File "/home/jenkins/jenkins-slave/workspace/beam_PreCommit_Python_Cron/src/sdks/python/test-suites/tox/py36/build/srcs/sdks/python/apache_beam/runners/common.py", line 588, in invoke_process
05:35:15     windowed_value, additional_args, additional_kwargs, output_processor)
05:35:15   File "/home/jenkins/jenkins-slave/workspace/beam_PreCommit_Python_Cron/src/sdks/python/test-suites/tox/py36/build/srcs/sdks/python/apache_beam/runners/common.py", line 660, in _invoke_process_per_window
05:35:15     windowed_value, self.process_method(*args_for_process))
05:35:15   File "/home/jenkins/jenkins-slave/workspace/beam_PreCommit_Python_Cron/src/sdks/python/test-suites/tox/py36/build/srcs/sdks/python/apache_beam/runners/common.py", line 919, in process_outputs
05:35:15     self.main_receivers.receive(windowed_value)
05:35:15   File "/home/jenkins/jenkins-slave/workspace/beam_PreCommit_Python_Cron/src/sdks/python/test-suites/tox/py36/build/srcs/sdks/python/apache_beam/runners/worker/operations.py", line 143, in receive
05:35:15     self.consumer.process(windowed_value)
05:35:15   File "/home/jenkins/jenkins-slave/workspace/beam_PreCommit_Python_Cron/src/sdks/python/test-suites/tox/py36/build/srcs/sdks/python/apache_beam/runners/worker/operations.py", line 594, in process
05:35:15     delayed_application = self.dofn_receiver.receive(o)
05:35:15   File "/home/jenkins/jenkins-slave/workspace/beam_PreCommit_Python_Cron/src/sdks/python/test-suites/tox/py36/build/srcs/sdks/python/apache_beam/runners/common.py", line 776, in receive
05:35:15     self.process(windowed_value)
05:35:15   File "/home/jenkins/jenkins-slave/workspace/beam_PreCommit_Python_Cron/src/sdks/python/test-suites/tox/py36/build/srcs/sdks/python/apache_beam/runners/common.py", line 782, in process
05:35:15     self._reraise_augmented(exn)
05:35:15   File "/home/jenkins/jenkins-slave/workspace/beam_PreCommit_Python_Cron/src/sdks/python/test-suites/tox/py36/build/srcs/sdks/python/apache_beam/runners/common.py", line 780, in process
05:35:15     return self.do_fn_invoker.invoke_process(windowed_value)
05:35:15   File "/home/jenkins/jenkins-slave/workspace/beam_PreCommit_Python_Cron/src/sdks/python/test-suites/tox/py36/build/srcs/sdks/python/apache_beam/runners/common.py", line 441, in invoke_process
05:35:15     windowed_value, self.process_method(windowed_value.value))
05:35:15   File "/home/jenkins/jenkins-slave/workspace/beam_PreCommit_Python_Cron/src/sdks/python/test-suites/tox/py36/build/srcs/sdks/python/apache_beam/runners/common.py", line 919, in process_outputs
05:35:15     self.main_receivers.receive(windowed_value)
05:35:15   File "/home/jenkins/jenkins-slave/workspace/beam_PreCommit_Python_Cron/src/sdks/python/test-suites/tox/py36/build/srcs/sdks/python/apache_beam/runners/worker/operations.py", line 143, in receive
05:35:15     self.consumer.process(windowed_value)
05:35:15   File "/home/jenkins/jenkins-slave/workspace/beam_PreCommit_Python_Cron/src/sdks/python/test-suites/tox/py36/build/srcs/sdks/python/apache_beam/runners/worker/operations.py", line 594, in process
05:35:15     delayed_application = self.dofn_receiver.receive(o)
05:35:15   File "/home/jenkins/jenkins-slave/workspace/beam_PreCommit_Python_Cron/src/sdks/python/test-suites/tox/py36/build/srcs/sdks/python/apache_beam/runners/common.py", line 776, in receive
05:35:15     self.process(windowed_value)
05:35:15   File "/home/jenkins/jenkins-slave/workspace/beam_PreCommit_Python_Cron/src/sdks/python/test-suites/tox/py36/build/srcs/sdks/python/apache_beam/runners/common.py", line 782, in process
05:35:15     self._reraise_augmented(exn)
05:35:15   File "/home/jenkins/jenkins-slave/workspace/beam_PreCommit_Python_Cron/src/sdks/python/test-suites/tox/py36/build/srcs/sdks/python/apache_beam/runners/common.py", line 849, in _reraise_augmented
05:35:15     raise_with_traceback(new_exn)
05:35:15   File "/home/jenkins/jenkins-slave/workspace/beam_PreCommit_Python_Cron/src/sdks/python/test-suites/tox/py36/build/srcs/sdks/python/target/.tox-py36-gcp/py36-gcp/lib/python3.6/site-packages/future/utils/__init__.py", line 419, in raise_with_traceback
05:35:15     raise exc.with_traceback(traceback)
05:35:15   File "/home/jenkins/jenkins-slave/workspace/beam_PreCommit_Python_Cron/src/sdks/python/test-suites/tox/py36/build/srcs/sdks/python/apache_beam/runners/common.py", line 780, in process
05:35:15     return self.do_fn_invoker.invoke_process(windowed_value)
05:35:15   File "/home/jenkins/jenkins-slave/workspace/beam_PreCommit_Python_Cron/src/sdks/python/test-suites/tox/py36/build/srcs/sdks/python/apache_beam/runners/common.py", line 441, in invoke_process
05:35:15     windowed_value, self.process_method(windowed_value.value))
05:35:15   File "/home/jenkins/jenkins-slave/workspace/beam_PreCommit_Python_Cron/src/sdks/python/test-suites/tox/py36/build/srcs/sdks/python/apache_beam/transforms/core.py", line 1358, in <lambda>
05:35:15     wrapper = lambda x: [fn(x)]
05:35:15   File "/home/jenkins/jenkins-slave/workspace/beam_PreCommit_Python_Cron/src/sdks/python/test-suites/tox/py36/build/srcs/sdks/python/apache_beam/testing/util.py", line 144, in _equal
05:35:15     'Failed assert: %r == %r' % (expected, actual))
05:35:15 apache_beam.testing.util.BeamAssertException: Failed assert: [('/tmp/20191022122258o70t5kbm', 'line0'), ('/tmp/20191022122258o70t5kbm', 'line1'), ('/tmp/20191022122258o70t5kbm', 'line2'), ('/tmp/20191022122258o70t5kbm', 'line3'), ('/tmp/20191022122258o70t5kbm', 'line4'), ('/tmp/20191022122258779xrrg8', 'line0'), ('/tmp/20191022122258779xrrg8', 'line1'), ('/tmp/20191022122258779xrrg8', 'line2'), ('/tmp/20191022122258779xrrg8', 'line3'), ('/tmp/20191022122258779xrrg8', 'line4')] == [('/tmp/20191022122258es0cit0f', 'line0'), ('/tmp/20191022122258es0cit0f', 'line1'), ('/tmp/20191022122258es0cit0f', 'line2'), ('/tmp/20191022122258es0cit0f', 'line3'), ('/tmp/20191022122258es0cit0f', 'line4'), ('/tmp/20191022122258779xrrg8', 'line0'), ('/tmp/20191022122258779xrrg8', 'line1'), ('/tmp/20191022122258779xrrg8', 'line2'), ('/tmp/20191022122258779xrrg8', 'line3'), ('/tmp/20191022122258779xrrg8', 'line4'), ('/tmp/20191022122258_lubt5l0', 'line0'), ('/tmp/20191022122258_lubt5l0', 'line1'), ('/tmp/20191022122258_lubt5l0', 'line2'), ('/tmp/20191022122258_lubt5l0', 'line3'), ('/tmp/20191022122258_lubt5l0', 'line4'), ('/tmp/20191022122258o70t5kbm', 'line0'), ('/tmp/20191022122258o70t5kbm', 'line1'), ('/tmp/20191022122258o70t5kbm', 'line2'), ('/tmp/20191022122258o70t5kbm', 'line3'), ('/tmp/20191022122258o70t5kbm', 'line4')] [while running 'assert_that/Match']
05:35:15 -------------------- >> begin captured logging << --------------------
05:35:15 root: INFO: Missing pipeline option (runner). Executing pipeline using the default runner: DirectRunner.
05:35:15 apache_beam.io.filesystem: DEBUG: Changed prefix_or_dir '/tmp/20191022122258' -> '/tmp'
05:35:15 apache_beam.io.filesystem: DEBUG: Listing files in '/tmp'
05:35:15 apache_beam.io.filesystem: DEBUG: translate_pattern: '/tmp/20191022122258*' -> '\\/tmp\\/20191022122258[^/\\\\]*'
05:35:15 root: DEBUG: Unhandled type_constraint: Union[]
05:35:15 root: DEBUG: Unhandled type_constraint: Union[]
05:35:15 root: DEBUG: Unhandled type_constraint: Union[]
05:35:15 root: INFO: ==================== <function annotate_downstream_side_inputs at 0x7fa296defbf8> ====================
05:35:15 root: DEBUG: 11 [1, 1, 1, 1, 1, 1, 1, 1, 1, 1, 1]
05:35:15 root: DEBUG: Stages: ['ref_AppliedPTransform_Read/Read_3\n  Read/Read:beam:transform:read:v1\n  must follow: \n  downstream_side_inputs: ', 'ref_AppliedPTransform_assert_that/Create/Read_6\n  assert_that/Create/Read:beam:transform:read:v1\n  must follow: \n  downstream_side_inputs: ', 'ref_AppliedPTransform_assert_that/WindowInto(WindowIntoFn)_7\n  assert_that/WindowInto(WindowIntoFn):beam:transform:window_into:v1\n  must follow: \n  downstream_side_inputs: ', 'ref_AppliedPTransform_assert_that/ToVoidKey_8\n  assert_that/ToVoidKey:beam:transform:pardo:v1\n  must follow: \n  downstream_side_inputs: ', 'ref_AppliedPTransform_assert_that/Group/pair_with_0_10\n  assert_that/Group/pair_with_0:beam:transform:pardo:v1\n  must follow: \n  downstream_side_inputs: ', 'ref_AppliedPTransform_assert_that/Group/pair_with_1_11\n  assert_that/Group/pair_with_1:beam:transform:pardo:v1\n  must follow: \n  downstream_side_inputs: ', 'ref_AppliedPTransform_assert_that/Group/Flatten_12\n  assert_that/Group/Flatten:beam:transform:flatten:v1\n  must follow: \n  downstream_side_inputs: ', 'ref_AppliedPTransform_assert_that/Group/GroupByKey_13\n  assert_that/Group/GroupByKey:beam:transform:group_by_key:v1\n  must follow: \n  downstream_side_inputs: ', 'ref_AppliedPTransform_assert_that/Group/Map(_merge_tagged_vals_under_key)_17\n  assert_that/Group/Map(_merge_tagged_vals_under_key):beam:transform:pardo:v1\n  must follow: \n  downstream_side_inputs: ', 'ref_AppliedPTransform_assert_that/Unkey_18\n  assert_that/Unkey:beam:transform:pardo:v1\n  must follow: \n  downstream_side_inputs: ', 'ref_AppliedPTransform_assert_that/Match_19\n  assert_that/Match:beam:transform:pardo:v1\n  must follow: \n  downstream_side_inputs: ']
05:35:15 root: INFO: ==================== <function fix_side_input_pcoll_coders at 0x7fa296defd08> ====================
05:35:15 root: DEBUG: 11 [1, 1, 1, 1, 1, 1, 1, 1, 1, 1, 1]
05:35:15 root: DEBUG: Stages: ['ref_AppliedPTransform_Read/Read_3\n  Read/Read:beam:transform:read:v1\n  must follow: \n  downstream_side_inputs: ', 'ref_AppliedPTransform_assert_that/Create/Read_6\n  assert_that/Create/Read:beam:transform:read:v1\n  must follow: \n  downstream_side_inputs: ', 'ref_AppliedPTransform_assert_that/WindowInto(WindowIntoFn)_7\n  assert_that/WindowInto(WindowIntoFn):beam:transform:window_into:v1\n  must follow: \n  downstream_side_inputs: ', 'ref_AppliedPTransform_assert_that/ToVoidKey_8\n  assert_that/ToVoidKey:beam:transform:pardo:v1\n  must follow: \n  downstream_side_inputs: ', 'ref_AppliedPTransform_assert_that/Group/pair_with_0_10\n  assert_that/Group/pair_with_0:beam:transform:pardo:v1\n  must follow: \n  downstream_side_inputs: ', 'ref_AppliedPTransform_assert_that/Group/pair_with_1_11\n  assert_that/Group/pair_with_1:beam:transform:pardo:v1\n  must follow: \n  downstream_side_inputs: ', 'ref_AppliedPTransform_assert_that/Group/Flatten_12\n  assert_that/Group/Flatten:beam:transform:flatten:v1\n  must follow: \n  downstream_side_inputs: ', 'ref_AppliedPTransform_assert_that/Group/GroupByKey_13\n  assert_that/Group/GroupByKey:beam:transform:group_by_key:v1\n  must follow: \n  downstream_side_inputs: ', 'ref_AppliedPTransform_assert_that/Group/Map(_merge_tagged_vals_under_key)_17\n  assert_that/Group/Map(_merge_tagged_vals_under_key):beam:transform:pardo:v1\n  must follow: \n  downstream_side_inputs: ', 'ref_AppliedPTransform_assert_that/Unkey_18\n  assert_that/Unkey:beam:transform:pardo:v1\n  must follow: \n  downstream_side_inputs: ', 'ref_AppliedPTransform_assert_that/Match_19\n  assert_that/Match:beam:transform:pardo:v1\n  must follow: \n  downstream_side_inputs: ']
05:35:15 root: INFO: ==================== <function lift_combiners at 0x7fa296defd90> ====================
05:35:15 root: DEBUG: 11 [1, 1, 1, 1, 1, 1, 1, 1, 1, 1, 1]
05:35:15 root: DEBUG: Stages: ['ref_AppliedPTransform_Read/Read_3\n  Read/Read:beam:transform:read:v1\n  must follow: \n  downstream_side_inputs: ', 'ref_AppliedPTransform_assert_that/Create/Read_6\n  assert_that/Create/Read:beam:transform:read:v1\n  must follow: \n  downstream_side_inputs: ', 'ref_AppliedPTransform_assert_that/WindowInto(WindowIntoFn)_7\n  assert_that/WindowInto(WindowIntoFn):beam:transform:window_into:v1\n  must follow: \n  downstream_side_inputs: ', 'ref_AppliedPTransform_assert_that/ToVoidKey_8\n  assert_that/ToVoidKey:beam:transform:pardo:v1\n  must follow: \n  downstream_side_inputs: ', 'ref_AppliedPTransform_assert_that/Group/pair_with_0_10\n  assert_that/Group/pair_with_0:beam:transform:pardo:v1\n  must follow: \n  downstream_side_inputs: ', 'ref_AppliedPTransform_assert_that/Group/pair_with_1_11\n  assert_that/Group/pair_with_1:beam:transform:pardo:v1\n  must follow: \n  downstream_side_inputs: ', 'ref_AppliedPTransform_assert_that/Group/Flatten_12\n  assert_that/Group/Flatten:beam:transform:flatten:v1\n  must follow: \n  downstream_side_inputs: ', 'ref_AppliedPTransform_assert_that/Group/GroupByKey_13\n  assert_that/Group/GroupByKey:beam:transform:group_by_key:v1\n  must follow: \n  downstream_side_inputs: ', 'ref_AppliedPTransform_assert_that/Group/Map(_merge_tagged_vals_under_key)_17\n  assert_that/Group/Map(_merge_tagged_vals_under_key):beam:transform:pardo:v1\n  must follow: \n  downstream_side_inputs: ', 'ref_AppliedPTransform_assert_that/Unkey_18\n  assert_that/Unkey:beam:transform:pardo:v1\n  must follow: \n  downstream_side_inputs: ', 'ref_AppliedPTransform_assert_that/Match_19\n  assert_that/Match:beam:transform:pardo:v1\n  must follow: \n  downstream_side_inputs: ']
05:35:15 root: INFO: ==================== <function expand_sdf at 0x7fa296defe18> ====================
05:35:15 root: DEBUG: 11 [1, 1, 1, 1, 1, 1, 1, 1, 1, 1, 1]
05:35:15 root: DEBUG: Stages: ['ref_AppliedPTransform_Read/Read_3\n  Read/Read:beam:transform:read:v1\n  must follow: \n  downstream_side_inputs: ', 'ref_AppliedPTransform_assert_that/Create/Read_6\n  assert_that/Create/Read:beam:transform:read:v1\n  must follow: \n  downstream_side_inputs: ', 'ref_AppliedPTransform_assert_that/WindowInto(WindowIntoFn)_7\n  assert_that/WindowInto(WindowIntoFn):beam:transform:window_into:v1\n  must follow: \n  downstream_side_inputs: ', 'ref_AppliedPTransform_assert_that/ToVoidKey_8\n  assert_that/ToVoidKey:beam:transform:pardo:v1\n  must follow: \n  downstream_side_inputs: ', 'ref_AppliedPTransform_assert_that/Group/pair_with_0_10\n  assert_that/Group/pair_with_0:beam:transform:pardo:v1\n  must follow: \n  downstream_side_inputs: ', 'ref_AppliedPTransform_assert_that/Group/pair_with_1_11\n  assert_that/Group/pair_with_1:beam:transform:pardo:v1\n  must follow: \n  downstream_side_inputs: ', 'ref_AppliedPTransform_assert_that/Group/Flatten_12\n  assert_that/Group/Flatten:beam:transform:flatten:v1\n  must follow: \n  downstream_side_inputs: ', 'ref_AppliedPTransform_assert_that/Group/GroupByKey_13\n  assert_that/Group/GroupByKey:beam:transform:group_by_key:v1\n  must follow: \n  downstream_side_inputs: ', 'ref_AppliedPTransform_assert_that/Group/Map(_merge_tagged_vals_under_key)_17\n  assert_that/Group/Map(_merge_tagged_vals_under_key):beam:transform:pardo:v1\n  must follow: \n  downstream_side_inputs: ', 'ref_AppliedPTransform_assert_that/Unkey_18\n  assert_that/Unkey:beam:transform:pardo:v1\n  must follow: \n  downstream_side_inputs: ', 'ref_AppliedPTransform_assert_that/Match_19\n  assert_that/Match:beam:transform:pardo:v1\n  must follow: \n  downstream_side_inputs: ']
05:35:15 root: INFO: ==================== <function expand_gbk at 0x7fa296defea0> ====================
05:35:15 root: DEBUG: 12 [1, 1, 1, 1, 1, 1, 1, 1, 1, 1, 1, 1]
05:35:15 root: DEBUG: Stages: ['ref_AppliedPTransform_Read/Read_3\n  Read/Read:beam:transform:read:v1\n  must follow: \n  downstream_side_inputs: ', 'ref_AppliedPTransform_assert_that/Create/Read_6\n  assert_that/Create/Read:beam:transform:read:v1\n  must follow: \n  downstream_side_inputs: ', 'ref_AppliedPTransform_assert_that/WindowInto(WindowIntoFn)_7\n  assert_that/WindowInto(WindowIntoFn):beam:transform:window_into:v1\n  must follow: \n  downstream_side_inputs: ', 'ref_AppliedPTransform_assert_that/ToVoidKey_8\n  assert_that/ToVoidKey:beam:transform:pardo:v1\n  must follow: \n  downstream_side_inputs: ', 'ref_AppliedPTransform_assert_that/Group/pair_with_0_10\n  assert_that/Group/pair_with_0:beam:transform:pardo:v1\n  must follow: \n  downstream_side_inputs: ', 'ref_AppliedPTransform_assert_that/Group/pair_with_1_11\n  assert_that/Group/pair_with_1:beam:transform:pardo:v1\n  must follow: \n  downstream_side_inputs: ', 'ref_AppliedPTransform_assert_that/Group/Flatten_12\n  assert_that/Group/Flatten:beam:transform:flatten:v1\n  must follow: \n  downstream_side_inputs: ', 'assert_that/Group/GroupByKey/Write\n  assert_that/Group/GroupByKey/Write:beam:sink:runner:0.1\n  must follow: \n  downstream_side_inputs: ', 'assert_that/Group/GroupByKey/Read\n  assert_that/Group/GroupByKey/Read:beam:source:runner:0.1\n  must follow: assert_that/Group/GroupByKey/Write\n  downstream_side_inputs: ', 'ref_AppliedPTransform_assert_that/Group/Map(_merge_tagged_vals_under_key)_17\n  assert_that/Group/Map(_merge_tagged_vals_under_key):beam:transform:pardo:v1\n  must follow: \n  downstream_side_inputs: ', 'ref_AppliedPTransform_assert_that/Unkey_18\n  assert_that/Unkey:beam:transform:pardo:v1\n  must follow: \n  downstream_side_inputs: ', 'ref_AppliedPTransform_assert_that/Match_19\n  assert_that/Match:beam:transform:pardo:v1\n  must follow: \n  downstream_side_inputs: ']
05:35:15 root: INFO: ==================== <function sink_flattens at 0x7fa296dfd048> ====================
05:35:15 root: DEBUG: 16 [1, 1, 1, 1, 1, 1, 1, 1, 1, 1, 1, 1, 1, 1, 1, 1]
05:35:15 root: DEBUG: Stages: ['ref_AppliedPTransform_Read/Read_3\n  Read/Read:beam:transform:read:v1\n  must follow: \n  downstream_side_inputs: ', 'ref_AppliedPTransform_assert_that/Create/Read_6\n  assert_that/Create/Read:beam:transform:read:v1\n  must follow: \n  downstream_side_inputs: ', 'ref_AppliedPTransform_assert_that/WindowInto(WindowIntoFn)_7\n  assert_that/WindowInto(WindowIntoFn):beam:transform:window_into:v1\n  must follow: \n  downstream_side_inputs: ', 'ref_AppliedPTransform_assert_that/ToVoidKey_8\n  assert_that/ToVoidKey:beam:transform:pardo:v1\n  must follow: \n  downstream_side_inputs: ', 'ref_AppliedPTransform_assert_that/Group/pair_with_0_10\n  assert_that/Group/pair_with_0:beam:transform:pardo:v1\n  must follow: \n  downstream_side_inputs: ', 'ref_AppliedPTransform_assert_that/Group/pair_with_1_11\n  assert_that/Group/pair_with_1:beam:transform:pardo:v1\n  must follow: \n  downstream_side_inputs: ', 'assert_that/Group/Flatten/Transcode/1\n  assert_that/Group/Flatten/Transcode/1:beam:dofn:identity:0.1\n  must follow: \n  downstream_side_inputs: ', 'assert_that/Group/Flatten/Transcode/0\n  assert_that/Group/Flatten/Transcode/0:beam:dofn:identity:0.1\n  must follow: \n  downstream_side_inputs: ', 'assert_that/Group/Flatten/Write/1\n  assert_that/Group/Flatten/Write/1:beam:sink:runner:0.1\n  must follow: \n  downstream_side_inputs: ', 'assert_that/Group/Flatten/Write/0\n  assert_that/Group/Flatten/Write/0:beam:sink:runner:0.1\n  must follow: \n  downstream_side_inputs: ', 'assert_that/Group/Flatten/Read\n  assert_that/Group/Flatten/Read:beam:source:runner:0.1\n  must follow: assert_that/Group/Flatten/Write/0, assert_that/Group/Flatten/Write/1\n  downstream_side_inputs: ', 'assert_that/Group/GroupByKey/Write\n  assert_that/Group/GroupByKey/Write:beam:sink:runner:0.1\n  must follow: \n  downstream_side_inputs: ', 'assert_that/Group/GroupByKey/Read\n  assert_that/Group/GroupByKey/Read:beam:source:runner:0.1\n  must follow: assert_that/Group/GroupByKey/Write\n  downstream_side_inputs: ', 'ref_AppliedPTransform_assert_that/Group/Map(_merge_tagged_vals_under_key)_17\n  assert_that/Group/Map(_merge_tagged_vals_under_key):beam:transform:pardo:v1\n  must follow: \n  downstream_side_inputs: ', 'ref_AppliedPTransform_assert_that/Unkey_18\n  assert_that/Unkey:beam:transform:pardo:v1\n  must follow: \n  downstream_side_inputs: ', 'ref_AppliedPTransform_assert_that/Match_19\n  assert_that/Match:beam:transform:pardo:v1\n  must follow: \n  downstream_side_inputs: ']
05:35:15 root: INFO: ==================== <function greedily_fuse at 0x7fa296dfd0d0> ====================
05:35:15 root: DEBUG: 4 [4, 4, 6, 2]
05:35:15 root: DEBUG: Stages: ['(((ref_AppliedPTransform_assert_that/Create/Read_6)+(ref_AppliedPTransform_assert_that/Group/pair_with_0_10))+(assert_that/Group/Flatten/Transcode/0))+(assert_that/Group/Flatten/Write/0)\n  assert_that/Create/Read:beam:transform:read:v1\nassert_that/Group/pair_with_0:beam:transform:pardo:v1\nassert_that/Group/Flatten/Transcode/0:beam:dofn:identity:0.1\nassert_that/Group/Flatten/Write/0:beam:sink:runner:0.1\n  must follow: \n  downstream_side_inputs: ', '(((assert_that/Group/GroupByKey/Read)+(ref_AppliedPTransform_assert_that/Group/Map(_merge_tagged_vals_under_key)_17))+(ref_AppliedPTransform_assert_that/Unkey_18))+(ref_AppliedPTransform_assert_that/Match_19)\n  assert_that/Group/GroupByKey/Read:beam:source:runner:0.1\nassert_that/Group/Map(_merge_tagged_vals_under_key):beam:transform:pardo:v1\nassert_that/Unkey:beam:transform:pardo:v1\nassert_that/Match:beam:transform:pardo:v1\n  must follow: (assert_that/Group/Flatten/Read)+(assert_that/Group/GroupByKey/Write)\n  downstream_side_inputs: ', '(((((ref_AppliedPTransform_Read/Read_3)+(ref_AppliedPTransform_assert_that/WindowInto(WindowIntoFn)_7))+(ref_AppliedPTransform_assert_that/ToVoidKey_8))+(ref_AppliedPTransform_assert_that/Group/pair_with_1_11))+(assert_that/Group/Flatten/Transcode/1))+(assert_that/Group/Flatten/Write/1)\n  Read/Read:beam:transform:read:v1\nassert_that/WindowInto(WindowIntoFn):beam:transform:window_into:v1\nassert_that/ToVoidKey:beam:transform:pardo:v1\nassert_that/Group/pair_with_1:beam:transform:pardo:v1\nassert_that/Group/Flatten/Transcode/1:beam:dofn:identity:0.1\nassert_that/Group/Flatten/Write/1:beam:sink:runner:0.1\n  must follow: \n  downstream_side_inputs: ', '(assert_that/Group/Flatten/Read)+(assert_that/Group/GroupByKey/Write)\n  assert_that/Group/Flatten/Read:beam:source:runner:0.1\nassert_that/Group/GroupByKey/Write:beam:sink:runner:0.1\n  must follow: (((ref_AppliedPTransform_assert_that/Create/Read_6)+(ref_AppliedPTransform_assert_that/Group/pair_with_0_10))+(assert_that/Group/Flatten/Transcode/0))+(assert_that/Group/Flatten/Write/0), (((((ref_AppliedPTransform_Read/Read_3)+(ref_AppliedPTransform_assert_that/WindowInto(WindowIntoFn)_7))+(ref_AppliedPTransform_assert_that/ToVoidKey_8))+(ref_AppliedPTransform_assert_that/Group/pair_with_1_11))+(assert_that/Group/Flatten/Transcode/1))+(assert_that/Group/Flatten/Write/1)\n  downstream_side_inputs: ']
05:35:15 root: INFO: ==================== <function read_to_impulse at 0x7fa296dfd158> ====================
05:35:15 root: DEBUG: 4 [5, 4, 7, 2]
05:35:15 root: DEBUG: Stages: ['(((ref_AppliedPTransform_assert_that/Create/Read_6)+(ref_AppliedPTransform_assert_that/Group/pair_with_0_10))+(assert_that/Group/Flatten/Transcode/0))+(assert_that/Group/Flatten/Write/0)\n  assert_that/Group/pair_with_0:beam:transform:pardo:v1\nassert_that/Group/Flatten/Transcode/0:beam:dofn:identity:0.1\nassert_that/Group/Flatten/Write/0:beam:sink:runner:0.1\nassert_that/Create/Read/Impulse:beam:transform:impulse:v1\nassert_that/Create/Read:beam:transform:read_from_impulse_python:v1\n  must follow: \n  downstream_side_inputs: ', '(((assert_that/Group/GroupByKey/Read)+(ref_AppliedPTransform_assert_that/Group/Map(_merge_tagged_vals_under_key)_17))+(ref_AppliedPTransform_assert_that/Unkey_18))+(ref_AppliedPTransform_assert_that/Match_19)\n  assert_that/Group/GroupByKey/Read:beam:source:runner:0.1\nassert_that/Group/Map(_merge_tagged_vals_under_key):beam:transform:pardo:v1\nassert_that/Unkey:beam:transform:pardo:v1\nassert_that/Match:beam:transform:pardo:v1\n  must follow: (assert_that/Group/Flatten/Read)+(assert_that/Group/GroupByKey/Write)\n  downstream_side_inputs: ', '(((((ref_AppliedPTransform_Read/Read_3)+(ref_AppliedPTransform_assert_that/WindowInto(WindowIntoFn)_7))+(ref_AppliedPTransform_assert_that/ToVoidKey_8))+(ref_AppliedPTransform_assert_that/Group/pair_with_1_11))+(assert_that/Group/Flatten/Transcode/1))+(assert_that/Group/Flatten/Write/1)\n  assert_that/WindowInto(WindowIntoFn):beam:transform:window_into:v1\nassert_that/ToVoidKey:beam:transform:pardo:v1\nassert_that/Group/pair_with_1:beam:transform:pardo:v1\nassert_that/Group/Flatten/Transcode/1:beam:dofn:identity:0.1\nassert_that/Group/Flatten/Write/1:beam:sink:runner:0.1\nRead/Read/Impulse:beam:transform:impulse:v1\nRead/Read:beam:transform:read_from_impulse_python:v1\n  must follow: \n  downstream_side_inputs: ', '(assert_that/Group/Flatten/Read)+(assert_that/Group/GroupByKey/Write)\n  assert_that/Group/Flatten/Read:beam:source:runner:0.1\nassert_that/Group/GroupByKey/Write:beam:sink:runner:0.1\n  must follow: (((ref_AppliedPTransform_assert_that/Create/Read_6)+(ref_AppliedPTransform_assert_that/Group/pair_with_0_10))+(assert_that/Group/Flatten/Transcode/0))+(assert_that/Group/Flatten/Write/0), (((((ref_AppliedPTransform_Read/Read_3)+(ref_AppliedPTransform_assert_that/WindowInto(WindowIntoFn)_7))+(ref_AppliedPTransform_assert_that/ToVoidKey_8))+(ref_AppliedPTransform_assert_that/Group/pair_with_1_11))+(assert_that/Group/Flatten/Transcode/1))+(assert_that/Group/Flatten/Write/1)\n  downstream_side_inputs: ']
05:35:15 root: INFO: ==================== <function impulse_to_input at 0x7fa296dfd1e0> ====================
05:35:15 root: DEBUG: 4 [5, 4, 7, 2]
05:35:15 root: DEBUG: Stages: ['(((ref_AppliedPTransform_assert_that/Create/Read_6)+(ref_AppliedPTransform_assert_that/Group/pair_with_0_10))+(assert_that/Group/Flatten/Transcode/0))+(assert_that/Group/Flatten/Write/0)\n  assert_that/Group/pair_with_0:beam:transform:pardo:v1\nassert_that/Group/Flatten/Transcode/0:beam:dofn:identity:0.1\nassert_that/Group/Flatten/Write/0:beam:sink:runner:0.1\nassert_that/Create/Read:beam:transform:read_from_impulse_python:v1\nassert_that/Create/Read/Impulse:beam:source:runner:0.1\n  must follow: \n  downstream_side_inputs: ', '(((assert_that/Group/GroupByKey/Read)+(ref_AppliedPTransform_assert_that/Group/Map(_merge_tagged_vals_under_key)_17))+(ref_AppliedPTransform_assert_that/Unkey_18))+(ref_AppliedPTransform_assert_that/Match_19)\n  assert_that/Group/GroupByKey/Read:beam:source:runner:0.1\nassert_that/Group/Map(_merge_tagged_vals_under_key):beam:transform:pardo:v1\nassert_that/Unkey:beam:transform:pardo:v1\nassert_that/Match:beam:transform:pardo:v1\n  must follow: (assert_that/Group/Flatten/Read)+(assert_that/Group/GroupByKey/Write)\n  downstream_side_inputs: ', '(((((ref_AppliedPTransform_Read/Read_3)+(ref_AppliedPTransform_assert_that/WindowInto(WindowIntoFn)_7))+(ref_AppliedPTransform_assert_that/ToVoidKey_8))+(ref_AppliedPTransform_assert_that/Group/pair_with_1_11))+(assert_that/Group/Flatten/Transcode/1))+(assert_that/Group/Flatten/Write/1)\n  assert_that/WindowInto(WindowIntoFn):beam:transform:window_into:v1\nassert_that/ToVoidKey:beam:transform:pardo:v1\nassert_that/Group/pair_with_1:beam:transform:pardo:v1\nassert_that/Group/Flatten/Transcode/1:beam:dofn:identity:0.1\nassert_that/Group/Flatten/Write/1:beam:sink:runner:0.1\nRead/Read:beam:transform:read_from_impulse_python:v1\nRead/Read/Impulse:beam:source:runner:0.1\n  must follow: \n  downstream_side_inputs: ', '(assert_that/Group/Flatten/Read)+(assert_that/Group/GroupByKey/Write)\n  assert_that/Group/Flatten/Read:beam:source:runner:0.1\nassert_that/Group/GroupByKey/Write:beam:sink:runner:0.1\n  must follow: (((ref_AppliedPTransform_assert_that/Create/Read_6)+(ref_AppliedPTransform_assert_that/Group/pair_with_0_10))+(assert_that/Group/Flatten/Transcode/0))+(assert_that/Group/Flatten/Write/0), (((((ref_AppliedPTransform_Read/Read_3)+(ref_AppliedPTransform_assert_that/WindowInto(WindowIntoFn)_7))+(ref_AppliedPTransform_assert_that/ToVoidKey_8))+(ref_AppliedPTransform_assert_that/Group/pair_with_1_11))+(assert_that/Group/Flatten/Transcode/1))+(assert_that/Group/Flatten/Write/1)\n  downstream_side_inputs: ']
05:35:15 root: INFO: ==================== <function inject_timer_pcollections at 0x7fa296dfd378> ====================
05:35:15 root: DEBUG: 4 [5, 4, 7, 2]
05:35:15 root: DEBUG: Stages: ['(((ref_AppliedPTransform_assert_that/Create/Read_6)+(ref_AppliedPTransform_assert_that/Group/pair_with_0_10))+(assert_that/Group/Flatten/Transcode/0))+(assert_that/Group/Flatten/Write/0)\n  assert_that/Group/pair_with_0:beam:transform:pardo:v1\nassert_that/Group/Flatten/Transcode/0:beam:dofn:identity:0.1\nassert_that/Group/Flatten/Write/0:beam:sink:runner:0.1\nassert_that/Create/Read:beam:transform:read_from_impulse_python:v1\nassert_that/Create/Read/Impulse:beam:source:runner:0.1\n  must follow: \n  downstream_side_inputs: ', '(((assert_that/Group/GroupByKey/Read)+(ref_AppliedPTransform_assert_that/Group/Map(_merge_tagged_vals_under_key)_17))+(ref_AppliedPTransform_assert_that/Unkey_18))+(ref_AppliedPTransform_assert_that/Match_19)\n  assert_that/Group/GroupByKey/Read:beam:source:runner:0.1\nassert_that/Group/Map(_merge_tagged_vals_under_key):beam:transform:pardo:v1\nassert_that/Unkey:beam:transform:pardo:v1\nassert_that/Match:beam:transform:pardo:v1\n  must follow: (assert_that/Group/Flatten/Read)+(assert_that/Group/GroupByKey/Write)\n  downstream_side_inputs: ', '(((((ref_AppliedPTransform_Read/Read_3)+(ref_AppliedPTransform_assert_that/WindowInto(WindowIntoFn)_7))+(ref_AppliedPTransform_assert_that/ToVoidKey_8))+(ref_AppliedPTransform_assert_that/Group/pair_with_1_11))+(assert_that/Group/Flatten/Transcode/1))+(assert_that/Group/Flatten/Write/1)\n  assert_that/WindowInto(WindowIntoFn):beam:transform:window_into:v1\nassert_that/ToVoidKey:beam:transform:pardo:v1\nassert_that/Group/pair_with_1:beam:transform:pardo:v1\nassert_that/Group/Flatten/Transcode/1:beam:dofn:identity:0.1\nassert_that/Group/Flatten/Write/1:beam:sink:runner:0.1\nRead/Read:beam:transform:read_from_impulse_python:v1\nRead/Read/Impulse:beam:source:runner:0.1\n  must follow: \n  downstream_side_inputs: ', '(assert_that/Group/Flatten/Read)+(assert_that/Group/GroupByKey/Write)\n  assert_that/Group/Flatten/Read:beam:source:runner:0.1\nassert_that/Group/GroupByKey/Write:beam:sink:runner:0.1\n  must follow: (((ref_AppliedPTransform_assert_that/Create/Read_6)+(ref_AppliedPTransform_assert_that/Group/pair_with_0_10))+(assert_that/Group/Flatten/Transcode/0))+(assert_that/Group/Flatten/Write/0), (((((ref_AppliedPTransform_Read/Read_3)+(ref_AppliedPTransform_assert_that/WindowInto(WindowIntoFn)_7))+(ref_AppliedPTransform_assert_that/ToVoidKey_8))+(ref_AppliedPTransform_assert_that/Group/pair_with_1_11))+(assert_that/Group/Flatten/Transcode/1))+(assert_that/Group/Flatten/Write/1)\n  downstream_side_inputs: ']
05:35:15 root: INFO: ==================== <function sort_stages at 0x7fa296dfd400> ====================
05:35:15 root: DEBUG: 4 [5, 7, 2, 4]
05:35:15 root: DEBUG: Stages: ['(((ref_AppliedPTransform_assert_that/Create/Read_6)+(ref_AppliedPTransform_assert_that/Group/pair_with_0_10))+(assert_that/Group/Flatten/Transcode/0))+(assert_that/Group/Flatten/Write/0)\n  assert_that/Group/pair_with_0:beam:transform:pardo:v1\nassert_that/Group/Flatten/Transcode/0:beam:dofn:identity:0.1\nassert_that/Group/Flatten/Write/0:beam:sink:runner:0.1\nassert_that/Create/Read:beam:transform:read_from_impulse_python:v1\nassert_that/Create/Read/Impulse:beam:source:runner:0.1\n  must follow: \n  downstream_side_inputs: ', '(((((ref_AppliedPTransform_Read/Read_3)+(ref_AppliedPTransform_assert_that/WindowInto(WindowIntoFn)_7))+(ref_AppliedPTransform_assert_that/ToVoidKey_8))+(ref_AppliedPTransform_assert_that/Group/pair_with_1_11))+(assert_that/Group/Flatten/Transcode/1))+(assert_that/Group/Flatten/Write/1)\n  assert_that/WindowInto(WindowIntoFn):beam:transform:window_into:v1\nassert_that/ToVoidKey:beam:transform:pardo:v1\nassert_that/Group/pair_with_1:beam:transform:pardo:v1\nassert_that/Group/Flatten/Transcode/1:beam:dofn:identity:0.1\nassert_that/Group/Flatten/Write/1:beam:sink:runner:0.1\nRead/Read:beam:transform:read_from_impulse_python:v1\nRead/Read/Impulse:beam:source:runner:0.1\n  must follow: \n  downstream_side_inputs: ', '(assert_that/Group/Flatten/Read)+(assert_that/Group/GroupByKey/Write)\n  assert_that/Group/Flatten/Read:beam:source:runner:0.1\nassert_that/Group/GroupByKey/Write:beam:sink:runner:0.1\n  must follow: (((ref_AppliedPTransform_assert_that/Create/Read_6)+(ref_AppliedPTransform_assert_that/Group/pair_with_0_10))+(assert_that/Group/Flatten/Transcode/0))+(assert_that/Group/Flatten/Write/0), (((((ref_AppliedPTransform_Read/Read_3)+(ref_AppliedPTransform_assert_that/WindowInto(WindowIntoFn)_7))+(ref_AppliedPTransform_assert_that/ToVoidKey_8))+(ref_AppliedPTransform_assert_that/Group/pair_with_1_11))+(assert_that/Group/Flatten/Transcode/1))+(assert_that/Group/Flatten/Write/1)\n  downstream_side_inputs: ', '(((assert_that/Group/GroupByKey/Read)+(ref_AppliedPTransform_assert_that/Group/Map(_merge_tagged_vals_under_key)_17))+(ref_AppliedPTransform_assert_that/Unkey_18))+(ref_AppliedPTransform_assert_that/Match_19)\n  assert_that/Group/GroupByKey/Read:beam:source:runner:0.1\nassert_that/Group/Map(_merge_tagged_vals_under_key):beam:transform:pardo:v1\nassert_that/Unkey:beam:transform:pardo:v1\nassert_that/Match:beam:transform:pardo:v1\n  must follow: (assert_that/Group/Flatten/Read)+(assert_that/Group/GroupByKey/Write)\n  downstream_side_inputs: ']
05:35:15 root: INFO: ==================== <function window_pcollection_coders at 0x7fa296dfd488> ====================
05:35:15 root: DEBUG: 4 [5, 7, 2, 4]
05:35:15 root: DEBUG: Stages: ['(((ref_AppliedPTransform_assert_that/Create/Read_6)+(ref_AppliedPTransform_assert_that/Group/pair_with_0_10))+(assert_that/Group/Flatten/Transcode/0))+(assert_that/Group/Flatten/Write/0)\n  assert_that/Group/pair_with_0:beam:transform:pardo:v1\nassert_that/Group/Flatten/Transcode/0:beam:dofn:identity:0.1\nassert_that/Group/Flatten/Write/0:beam:sink:runner:0.1\nassert_that/Create/Read:beam:transform:read_from_impulse_python:v1\nassert_that/Create/Read/Impulse:beam:source:runner:0.1\n  must follow: \n  downstream_side_inputs: ', '(((((ref_AppliedPTransform_Read/Read_3)+(ref_AppliedPTransform_assert_that/WindowInto(WindowIntoFn)_7))+(ref_AppliedPTransform_assert_that/ToVoidKey_8))+(ref_AppliedPTransform_assert_that/Group/pair_with_1_11))+(assert_that/Group/Flatten/Transcode/1))+(assert_that/Group/Flatten/Write/1)\n  assert_that/WindowInto(WindowIntoFn):beam:transform:window_into:v1\nassert_that/ToVoidKey:beam:transform:pardo:v1\nassert_that/Group/pair_with_1:beam:transform:pardo:v1\nassert_that/Group/Flatten/Transcode/1:beam:dofn:identity:0.1\nassert_that/Group/Flatten/Write/1:beam:sink:runner:0.1\nRead/Read:beam:transform:read_from_impulse_python:v1\nRead/Read/Impulse:beam:source:runner:0.1\n  must follow: \n  downstream_side_inputs: ', '(assert_that/Group/Flatten/Read)+(assert_that/Group/GroupByKey/Write)\n  assert_that/Group/Flatten/Read:beam:source:runner:0.1\nassert_that/Group/GroupByKey/Write:beam:sink:runner:0.1\n  must follow: (((ref_AppliedPTransform_assert_that/Create/Read_6)+(ref_AppliedPTransform_assert_that/Group/pair_with_0_10))+(assert_that/Group/Flatten/Transcode/0))+(assert_that/Group/Flatten/Write/0), (((((ref_AppliedPTransform_Read/Read_3)+(ref_AppliedPTransform_assert_that/WindowInto(WindowIntoFn)_7))+(ref_AppliedPTransform_assert_that/ToVoidKey_8))+(ref_AppliedPTransform_assert_that/Group/pair_with_1_11))+(assert_that/Group/Flatten/Transcode/1))+(assert_that/Group/Flatten/Write/1)\n  downstream_side_inputs: ', '(((assert_that/Group/GroupByKey/Read)+(ref_AppliedPTransform_assert_that/Group/Map(_merge_tagged_vals_under_key)_17))+(ref_AppliedPTransform_assert_that/Unkey_18))+(ref_AppliedPTransform_assert_that/Match_19)\n  assert_that/Group/GroupByKey/Read:beam:source:runner:0.1\nassert_that/Group/Map(_merge_tagged_vals_under_key):beam:transform:pardo:v1\nassert_that/Unkey:beam:transform:pardo:v1\nassert_that/Match:beam:transform:pardo:v1\n  must follow: (assert_that/Group/Flatten/Read)+(assert_that/Group/GroupByKey/Write)\n  downstream_side_inputs: ']
05:35:15 root: INFO: Creating state cache with size 100
05:35:15 root: INFO: Created Worker handler <apache_beam.runners.portability.fn_api_runner.EmbeddedWorkerHandler object at 0x7fa2b6d80e80> for environment urn: "beam:env:embedded_python:v1"
05:35:15 
05:35:15 root: INFO: Running (((ref_AppliedPTransform_assert_that/Create/Read_6)+(ref_AppliedPTransform_assert_that/Group/pair_with_0_10))+(assert_that/Group/Flatten/Transcode/0))+(assert_that/Group/Flatten/Write/0)
05:35:15 root: DEBUG: start <DataOutputOperation >
05:35:15 root: DEBUG: start <FlattenOperation assert_that/Group/Flatten/Transcode/0 receivers=[SingletonConsumerSet[assert_that/Group/Flatten/Transcode/0.out0, coder=WindowedValueCoder[TupleCoder[LengthPrefixCoder[FastPrimitivesCoder], LengthPrefixCoder[FastPrimitivesCoder]]], len(consumers)=1]]>
05:35:15 root: DEBUG: start <DoOperation assert_that/Group/pair_with_0 output_tags=['out'], receivers=[SingletonConsumerSet[assert_that/Group/pair_with_0.out0, coder=WindowedValueCoder[FastPrimitivesCoder], len(consumers)=1]]>
05:35:15 root: DEBUG: start <ImpulseReadOperation receivers=[SingletonConsumerSet[assert_that/Create/Read.out0, coder=WindowedValueCoder[TupleCoder[FastPrimitivesCoder, FastPrimitivesCoder]], len(consumers)=1]]>
05:35:15 root: DEBUG: start <DataInputOperation receivers=[SingletonConsumerSet[assert_that/Create/Read/Impulse.out0, coder=WindowedValueCoder[BytesCoder], len(consumers)=1]]>
05:35:15 root: DEBUG: Processing [((None, (0, None)), MIN_TIMESTAMP, (GlobalWindow,), PaneInfo(first: True, last: True, timing: 3, index: 0, nonspeculative_index: 0))] in <FlattenOperation assert_that/Group/Flatten/Transcode/0 receivers=[SingletonConsumerSet[assert_that/Group/Flatten/Transcode/0.out0, coder=WindowedValueCoder[TupleCoder[LengthPrefixCoder[FastPrimitivesCoder], LengthPrefixCoder[FastPrimitivesCoder]]], len(consumers)=1]]>
05:35:15 root: DEBUG: finish <DataInputOperation receivers=[SingletonConsumerSet[assert_that/Create/Read/Impulse.out0, coder=WindowedValueCoder[BytesCoder], len(consumers)=1]]>
05:35:15 root: DEBUG: finish <ImpulseReadOperation receivers=[SingletonConsumerSet[assert_that/Create/Read.out0, coder=WindowedValueCoder[TupleCoder[FastPrimitivesCoder, FastPrimitivesCoder]], len(consumers)=1]]>
05:35:15 root: DEBUG: finish <DoOperation assert_that/Group/pair_with_0 output_tags=['out'], receivers=[SingletonConsumerSet[assert_that/Group/pair_with_0.out0, coder=WindowedValueCoder[FastPrimitivesCoder], len(consumers)=1]]>
05:35:15 root: DEBUG: finish <FlattenOperation assert_that/Group/Flatten/Transcode/0 receivers=[SingletonConsumerSet[assert_that/Group/Flatten/Transcode/0.out0, coder=WindowedValueCoder[TupleCoder[LengthPrefixCoder[FastPrimitivesCoder], LengthPrefixCoder[FastPrimitivesCoder]]], len(consumers)=1]]>
05:35:15 root: DEBUG: finish <DataOutputOperation >
05:35:15 root: DEBUG: Wait for the bundle bundle_1110 to finish.
05:35:15 root: INFO: Running (((((ref_AppliedPTransform_Read/Read_3)+(ref_AppliedPTransform_assert_that/WindowInto(WindowIntoFn)_7))+(ref_AppliedPTransform_assert_that/ToVoidKey_8))+(ref_AppliedPTransform_assert_that/Group/pair_with_1_11))+(assert_that/Group/Flatten/Transcode/1))+(assert_that/Group/Flatten/Write/1)
05:35:15 root: DEBUG: start <DataOutputOperation >
05:35:15 root: DEBUG: start <FlattenOperation assert_that/Group/Flatten/Transcode/1 receivers=[SingletonConsumerSet[assert_that/Group/Flatten/Transcode/1.out0, coder=WindowedValueCoder[TupleCoder[LengthPrefixCoder[FastPrimitivesCoder], LengthPrefixCoder[FastPrimitivesCoder]]], len(consumers)=1]]>
05:35:15 root: DEBUG: start <DoOperation assert_that/Group/pair_with_1 output_tags=['out'], receivers=[SingletonConsumerSet[assert_that/Group/pair_with_1.out0, coder=WindowedValueCoder[FastPrimitivesCoder], len(consumers)=1]]>
05:35:15 root: DEBUG: start <DoOperation assert_that/ToVoidKey output_tags=['out'], receivers=[SingletonConsumerSet[assert_that/ToVoidKey.out0, coder=WindowedValueCoder[TupleCoder[FastPrimitivesCoder, FastPrimitivesCoder]], len(consumers)=1]]>
05:35:15 root: DEBUG: start <DoOperation assert_that/WindowInto(WindowIntoFn) output_tags=['out'], receivers=[SingletonConsumerSet[assert_that/WindowInto(WindowIntoFn).out0, coder=WindowedValueCoder[FastPrimitivesCoder], len(consumers)=1]]>
05:35:15 root: DEBUG: start <ImpulseReadOperation receivers=[SingletonConsumerSet[Read/Read.out0, coder=WindowedValueCoder[FastPrimitivesCoder], len(consumers)=1]]>
05:35:15 root: DEBUG: start <DataInputOperation receivers=[SingletonConsumerSet[Read/Read/Impulse.out0, coder=WindowedValueCoder[BytesCoder], len(consumers)=1]]>
05:35:15 apache_beam.io.filesystem: DEBUG: Changed prefix_or_dir '/tmp/20191022122258' -> '/tmp'
05:35:15 apache_beam.io.filesystem: DEBUG: Listing files in '/tmp'
05:35:15 apache_beam.io.filesystem: DEBUG: translate_pattern: '/tmp/20191022122258*' -> '\\/tmp\\/20191022122258[^/\\\\]*'
05:35:15 root: DEBUG: Processing [((None, (1, ('/tmp/20191022122258es0cit0f', 'line0'))), MIN_TIMESTAMP, [GlobalWindow], PaneInfo(first: True, last: True, timing: 3, index: 0, nonspeculative_index: 0))] in <FlattenOperation assert_that/Group/Flatten/Transcode/1 receivers=[SingletonConsumerSet[assert_that/Group/Flatten/Transcode/1.out0, coder=WindowedValueCoder[TupleCoder[LengthPrefixCoder[FastPrimitivesCoder], LengthPrefixCoder[FastPrimitivesCoder]]], len(consumers)=1]]>
05:35:15 root: DEBUG: Processing [((None, (1, ('/tmp/20191022122258es0cit0f', 'line1'))), MIN_TIMESTAMP, [GlobalWindow], PaneInfo(first: True, last: True, timing: 3, index: 0, nonspeculative_index: 0))] in <FlattenOperation assert_that/Group/Flatten/Transcode/1 receivers=[SingletonConsumerSet[assert_that/Group/Flatten/Transcode/1.out0, coder=WindowedValueCoder[TupleCoder[LengthPrefixCoder[FastPrimitivesCoder], LengthPrefixCoder[FastPrimitivesCoder]]], len(consumers)=1]]>
05:35:15 root: DEBUG: Processing [((None, (1, ('/tmp/20191022122258es0cit0f', 'line2'))), MIN_TIMESTAMP, [GlobalWindow], PaneInfo(first: True, last: True, timing: 3, index: 0, nonspeculative_index: 0))] in <FlattenOperation assert_that/Group/Flatten/Transcode/1 receivers=[SingletonConsumerSet[assert_that/Group/Flatten/Transcode/1.out0, coder=WindowedValueCoder[TupleCoder[LengthPrefixCoder[FastPrimitivesCoder], LengthPrefixCoder[FastPrimitivesCoder]]], len(consumers)=1]]>
05:35:15 root: DEBUG: Processing [((None, (1, ('/tmp/20191022122258es0cit0f', 'line3'))), MIN_TIMESTAMP, [GlobalWindow], PaneInfo(first: True, last: True, timing: 3, index: 0, nonspeculative_index: 0))] in <FlattenOperation assert_that/Group/Flatten/Transcode/1 receivers=[SingletonConsumerSet[assert_that/Group/Flatten/Transcode/1.out0, coder=WindowedValueCoder[TupleCoder[LengthPrefixCoder[FastPrimitivesCoder], LengthPrefixCoder[FastPrimitivesCoder]]], len(consumers)=1]]>
05:35:15 root: DEBUG: Processing [((None, (1, ('/tmp/20191022122258es0cit0f', 'line4'))), MIN_TIMESTAMP, [GlobalWindow], PaneInfo(first: True, last: True, timing: 3, index: 0, nonspeculative_index: 0))] in <FlattenOperation assert_that/Group/Flatten/Transcode/1 receivers=[SingletonConsumerSet[assert_that/Group/Flatten/Transcode/1.out0, coder=WindowedValueCoder[TupleCoder[LengthPrefixCoder[FastPrimitivesCoder], LengthPrefixCoder[FastPrimitivesCoder]]], len(consumers)=1]]>
05:35:15 root: DEBUG: Processing [((None, (1, ('/tmp/20191022122258779xrrg8', 'line0'))), MIN_TIMESTAMP, [GlobalWindow], PaneInfo(first: True, last: True, timing: 3, index: 0, nonspeculative_index: 0))] in <FlattenOperation assert_that/Group/Flatten/Transcode/1 receivers=[SingletonConsumerSet[assert_that/Group/Flatten/Transcode/1.out0, coder=WindowedValueCoder[TupleCoder[LengthPrefixCoder[FastPrimitivesCoder], LengthPrefixCoder[FastPrimitivesCoder]]], len(consumers)=1]]>
05:35:15 root: DEBUG: Processing [((None, (1, ('/tmp/20191022122258779xrrg8', 'line1'))), MIN_TIMESTAMP, [GlobalWindow], PaneInfo(first: True, last: True, timing: 3, index: 0, nonspeculative_index: 0))] in <FlattenOperation assert_that/Group/Flatten/Transcode/1 receivers=[SingletonConsumerSet[assert_that/Group/Flatten/Transcode/1.out0, coder=WindowedValueCoder[TupleCoder[LengthPrefixCoder[FastPrimitivesCoder], LengthPrefixCoder[FastPrimitivesCoder]]], len(consumers)=1]]>
05:35:15 root: DEBUG: Processing [((None, (1, ('/tmp/20191022122258779xrrg8', 'line2'))), MIN_TIMESTAMP, [GlobalWindow], PaneInfo(first: True, last: True, timing: 3, index: 0, nonspeculative_index: 0))] in <FlattenOperation assert_that/Group/Flatten/Transcode/1 receivers=[SingletonConsumerSet[assert_that/Group/Flatten/Transcode/1.out0, coder=WindowedValueCoder[TupleCoder[LengthPrefixCoder[FastPrimitivesCoder], LengthPrefixCoder[FastPrimitivesCoder]]], len(consumers)=1]]>
05:35:15 root: DEBUG: Processing [((None, (1, ('/tmp/20191022122258779xrrg8', 'line3'))), MIN_TIMESTAMP, [GlobalWindow], PaneInfo(first: True, last: True, timing: 3, index: 0, nonspeculative_index: 0))] in <FlattenOperation assert_that/Group/Flatten/Transcode/1 receivers=[SingletonConsumerSet[assert_that/Group/Flatten/Transcode/1.out0, coder=WindowedValueCoder[TupleCoder[LengthPrefixCoder[FastPrimitivesCoder], LengthPrefixCoder[FastPrimitivesCoder]]], len(consumers)=1]]>
05:35:15 root: DEBUG: Processing [((None, (1, ('/tmp/20191022122258779xrrg8', 'line4'))), MIN_TIMESTAMP, [GlobalWindow], PaneInfo(first: True, last: True, timing: 3, index: 0, nonspeculative_index: 0))] in <FlattenOperation assert_that/Group/Flatten/Transcode/1 receivers=[SingletonConsumerSet[assert_that/Group/Flatten/Transcode/1.out0, coder=WindowedValueCoder[TupleCoder[LengthPrefixCoder[FastPrimitivesCoder], LengthPrefixCoder[FastPrimitivesCoder]]], len(consumers)=1]]>
05:35:15 root: DEBUG: Processing [((None, (1, ('/tmp/20191022122258_lubt5l0', 'line0'))), MIN_TIMESTAMP, [GlobalWindow], PaneInfo(first: True, last: True, timing: 3, index: 0, nonspeculative_index: 0))] in <FlattenOperation assert_that/Group/Flatten/Transcode/1 receivers=[SingletonConsumerSet[assert_that/Group/Flatten/Transcode/1.out0, coder=WindowedValueCoder[TupleCoder[LengthPrefixCoder[FastPrimitivesCoder], LengthPrefixCoder[FastPrimitivesCoder]]], len(consumers)=1]]>
05:35:15 root: DEBUG: Processing [((None, (1, ('/tmp/20191022122258_lubt5l0', 'line1'))), MIN_TIMESTAMP, [GlobalWindow], PaneInfo(first: True, last: True, timing: 3, index: 0, nonspeculative_index: 0))] in <FlattenOperation assert_that/Group/Flatten/Transcode/1 receivers=[SingletonConsumerSet[assert_that/Group/Flatten/Transcode/1.out0, coder=WindowedValueCoder[TupleCoder[LengthPrefixCoder[FastPrimitivesCoder], LengthPrefixCoder[FastPrimitivesCoder]]], len(consumers)=1]]>
05:35:15 root: DEBUG: Processing [((None, (1, ('/tmp/20191022122258_lubt5l0', 'line2'))), MIN_TIMESTAMP, [GlobalWindow], PaneInfo(first: True, last: True, timing: 3, index: 0, nonspeculative_index: 0))] in <FlattenOperation assert_that/Group/Flatten/Transcode/1 receivers=[SingletonConsumerSet[assert_that/Group/Flatten/Transcode/1.out0, coder=WindowedValueCoder[TupleCoder[LengthPrefixCoder[FastPrimitivesCoder], LengthPrefixCoder[FastPrimitivesCoder]]], len(consumers)=1]]>
05:35:15 root: DEBUG: Processing [((None, (1, ('/tmp/20191022122258_lubt5l0', 'line3'))), MIN_TIMESTAMP, [GlobalWindow], PaneInfo(first: True, last: True, timing: 3, index: 0, nonspeculative_index: 0))] in <FlattenOperation assert_that/Group/Flatten/Transcode/1 receivers=[SingletonConsumerSet[assert_that/Group/Flatten/Transcode/1.out0, coder=WindowedValueCoder[TupleCoder[LengthPrefixCoder[FastPrimitivesCoder], LengthPrefixCoder[FastPrimitivesCoder]]], len(consumers)=1]]>
05:35:15 root: DEBUG: Processing [((None, (1, ('/tmp/20191022122258_lubt5l0', 'line4'))), MIN_TIMESTAMP, [GlobalWindow], PaneInfo(first: True, last: True, timing: 3, index: 0, nonspeculative_index: 0))] in <FlattenOperation assert_that/Group/Flatten/Transcode/1 receivers=[SingletonConsumerSet[assert_that/Group/Flatten/Transcode/1.out0, coder=WindowedValueCoder[TupleCoder[LengthPrefixCoder[FastPrimitivesCoder], LengthPrefixCoder[FastPrimitivesCoder]]], len(consumers)=1]]>
05:35:15 root: DEBUG: Processing [((None, (1, ('/tmp/20191022122258o70t5kbm', 'line0'))), MIN_TIMESTAMP, [GlobalWindow], PaneInfo(first: True, last: True, timing: 3, index: 0, nonspeculative_index: 0))] in <FlattenOperation assert_that/Group/Flatten/Transcode/1 receivers=[SingletonConsumerSet[assert_that/Group/Flatten/Transcode/1.out0, coder=WindowedValueCoder[TupleCoder[LengthPrefixCoder[FastPrimitivesCoder], LengthPrefixCoder[FastPrimitivesCoder]]], len(consumers)=1]]>
05:35:15 root: DEBUG: Processing [((None, (1, ('/tmp/20191022122258o70t5kbm', 'line1'))), MIN_TIMESTAMP, [GlobalWindow], PaneInfo(first: True, last: True, timing: 3, index: 0, nonspeculative_index: 0))] in <FlattenOperation assert_that/Group/Flatten/Transcode/1 receivers=[SingletonConsumerSet[assert_that/Group/Flatten/Transcode/1.out0, coder=WindowedValueCoder[TupleCoder[LengthPrefixCoder[FastPrimitivesCoder], LengthPrefixCoder[FastPrimitivesCoder]]], len(consumers)=1]]>
05:35:15 root: DEBUG: Processing [((None, (1, ('/tmp/20191022122258o70t5kbm', 'line2'))), MIN_TIMESTAMP, [GlobalWindow], PaneInfo(first: True, last: True, timing: 3, index: 0, nonspeculative_index: 0))] in <FlattenOperation assert_that/Group/Flatten/Transcode/1 receivers=[SingletonConsumerSet[assert_that/Group/Flatten/Transcode/1.out0, coder=WindowedValueCoder[TupleCoder[LengthPrefixCoder[FastPrimitivesCoder], LengthPrefixCoder[FastPrimitivesCoder]]], len(consumers)=1]]>
05:35:15 root: DEBUG: Processing [((None, (1, ('/tmp/20191022122258o70t5kbm', 'line3'))), MIN_TIMESTAMP, [GlobalWindow], PaneInfo(first: True, last: True, timing: 3, index: 0, nonspeculative_index: 0))] in <FlattenOperation assert_that/Group/Flatten/Transcode/1 receivers=[SingletonConsumerSet[assert_that/Group/Flatten/Transcode/1.out0, coder=WindowedValueCoder[TupleCoder[LengthPrefixCoder[FastPrimitivesCoder], LengthPrefixCoder[FastPrimitivesCoder]]], len(consumers)=1]]>
05:35:15 root: DEBUG: Processing [((None, (1, ('/tmp/20191022122258o70t5kbm', 'line4'))), MIN_TIMESTAMP, [GlobalWindow], PaneInfo(first: True, last: True, timing: 3, index: 0, nonspeculative_index: 0))] in <FlattenOperation assert_that/Group/Flatten/Transcode/1 receivers=[SingletonConsumerSet[assert_that/Group/Flatten/Transcode/1.out0, coder=WindowedValueCoder[TupleCoder[LengthPrefixCoder[FastPrimitivesCoder], LengthPrefixCoder[FastPrimitivesCoder]]], len(consumers)=1]]>
05:35:15 root: DEBUG: finish <DataInputOperation receivers=[SingletonConsumerSet[Read/Read/Impulse.out0, coder=WindowedValueCoder[BytesCoder], len(consumers)=1]]>
05:35:15 root: DEBUG: finish <ImpulseReadOperation receivers=[SingletonConsumerSet[Read/Read.out0, coder=WindowedValueCoder[FastPrimitivesCoder], len(consumers)=1]]>
05:35:15 root: DEBUG: finish <DoOperation assert_that/WindowInto(WindowIntoFn) output_tags=['out'], receivers=[SingletonConsumerSet[assert_that/WindowInto(WindowIntoFn).out0, coder=WindowedValueCoder[FastPrimitivesCoder], len(consumers)=1]]>
05:35:15 root: DEBUG: finish <DoOperation assert_that/ToVoidKey output_tags=['out'], receivers=[SingletonConsumerSet[assert_that/ToVoidKey.out0, coder=WindowedValueCoder[TupleCoder[FastPrimitivesCoder, FastPrimitivesCoder]], len(consumers)=1]]>
05:35:15 root: DEBUG: finish <DoOperation assert_that/Group/pair_with_1 output_tags=['out'], receivers=[SingletonConsumerSet[assert_that/Group/pair_with_1.out0, coder=WindowedValueCoder[FastPrimitivesCoder], len(consumers)=1]]>
05:35:15 root: DEBUG: finish <FlattenOperation assert_that/Group/Flatten/Transcode/1 receivers=[SingletonConsumerSet[assert_that/Group/Flatten/Transcode/1.out0, coder=WindowedValueCoder[TupleCoder[LengthPrefixCoder[FastPrimitivesCoder], LengthPrefixCoder[FastPrimitivesCoder]]], len(consumers)=1]]>
05:35:15 root: DEBUG: finish <DataOutputOperation >
05:35:15 root: DEBUG: Wait for the bundle bundle_1111 to finish.
05:35:15 root: INFO: Running (assert_that/Group/Flatten/Read)+(assert_that/Group/GroupByKey/Write)
05:35:15 root: DEBUG: start <DataOutputOperation >
05:35:15 root: DEBUG: start <DataInputOperation receivers=[SingletonConsumerSet[assert_that/Group/Flatten/Read.out0, coder=WindowedValueCoder[TupleCoder[LengthPrefixCoder[FastPrimitivesCoder], LengthPrefixCoder[FastPrimitivesCoder]]], len(consumers)=1]]>
05:35:15 root: DEBUG: finish <DataInputOperation receivers=[SingletonConsumerSet[assert_that/Group/Flatten/Read.out0, coder=WindowedValueCoder[TupleCoder[LengthPrefixCoder[FastPrimitivesCoder], LengthPrefixCoder[FastPrimitivesCoder]]], len(consumers)=1]]>
05:35:15 root: DEBUG: finish <DataOutputOperation >
05:35:15 root: DEBUG: Wait for the bundle bundle_1112 to finish.
05:35:15 root: INFO: Running (((assert_that/Group/GroupByKey/Read)+(ref_AppliedPTransform_assert_that/Group/Map(_merge_tagged_vals_under_key)_17))+(ref_AppliedPTransform_assert_that/Unkey_18))+(ref_AppliedPTransform_assert_that/Match_19)
05:35:15 root: DEBUG: start <DoOperation assert_that/Match output_tags=['out'], receivers=[ConsumerSet[assert_that/Match.out0, coder=WindowedValueCoder[FastPrimitivesCoder], len(consumers)=0]]>
05:35:15 root: DEBUG: start <DoOperation assert_that/Unkey output_tags=['out'], receivers=[SingletonConsumerSet[assert_that/Unkey.out0, coder=WindowedValueCoder[FastPrimitivesCoder], len(consumers)=1]]>
05:35:15 root: DEBUG: start <DoOperation assert_that/Group/Map(_merge_tagged_vals_under_key) output_tags=['out'], receivers=[SingletonConsumerSet[assert_that/Group/Map(_merge_tagged_vals_under_key).out0, coder=WindowedValueCoder[FastPrimitivesCoder], len(consumers)=1]]>
05:35:15 root: DEBUG: start <DataInputOperation receivers=[SingletonConsumerSet[assert_that/Group/GroupByKey/Read.out0, coder=WindowedValueCoder[TupleCoder[LengthPrefixCoder[FastPrimitivesCoder], IterableCoder[LengthPrefixCoder[FastPrimitivesCoder]]]], len(consumers)=1]]>
05:35:15 --------------------- >> end captured logging << ---------------------
{code}
https://builds.apache.org/job/beam_PreCommit_Python_Cron/1944/consoleFull

Failed twice today in a precommit test, on Py35 and Py36: https://builds.apache.org/job/beam_PreCommit_Python_Commit/9145

{noformat}
======================================================================
ERROR: test_read_from_text_with_file_name_file_pattern (apache_beam.io.textio_test.TextSourceTest)
----------------------------------------------------------------------
Traceback (most recent call last):
  File "/home/jenkins/jenkins-slave/workspace/beam_PreCommit_Python_Commit/src/sdks/python/test-suites/tox/py36/build/srcs/sdks/python/apache_beam/io/textio_test.py", line 517, in test_read_from_text_with_file_name_file_pattern
    pipeline.run()
  File "/home/jenkins/jenkins-slave/workspace/beam_PreCommit_Python_Commit/src/sdks/python/test-suites/tox/py36/build/srcs/sdks/python/apache_beam/testing/test_pipeline.py", line 112, in run
    else test_runner_api))
  File "/home/jenkins/jenkins-slave/workspace/beam_PreCommit_Python_Commit/src/sdks/python/test-suites/tox/py36/build/srcs/sdks/python/apache_beam/pipeline.py", line 438, in run
    interactive=self.interactive)
  File "/home/jenkins/jenkins-slave/workspace/beam_PreCommit_Python_Commit/src/sdks/python/test-suites/tox/py36/build/srcs/sdks/python/apache_beam/pipeline.py", line 451, in run
    return runner_in_use.run_pipeline(self, options_in_use)
  File "/home/jenkins/jenkins-slave/workspace/beam_PreCommit_Python_Commit/src/sdks/python/test-suites/tox/py36/build/srcs/sdks/python/apache_beam/runners/direct/direct_runner.py", line 132, in run_pipeline
    return runner.run_pipeline(pipeline, options)
  File "/home/jenkins/jenkins-slave/workspace/beam_PreCommit_Python_Commit/src/sdks/python/test-suites/tox/py36/build/srcs/sdks/python/apache_beam/runners/portability/fn_api_runner.py", line 381, in run_pipeline
    default_environment=self._default_environment))
  File "/home/jenkins/jenkins-slave/workspace/beam_PreCommit_Python_Commit/src/sdks/python/test-suites/tox/py36/build/srcs/sdks/python/apache_beam/runners/portability/fn_api_runner.py", line 388, in run_via_runner_api
    return self.run_stages(stage_context, stages)
  File "/home/jenkins/jenkins-slave/workspace/beam_PreCommit_Python_Commit/src/sdks/python/test-suites/tox/py36/build/srcs/sdks/python/apache_beam/runners/portability/fn_api_runner.py", line 470, in run_stages
    stage_context.safe_coders)
  File "/home/jenkins/jenkins-slave/workspace/beam_PreCommit_Python_Commit/src/sdks/python/test-suites/tox/py36/build/srcs/sdks/python/apache_beam/runners/portability/fn_api_runner.py", line 753, in _run_stage
    result, splits = bundle_manager.process_bundle(data_input, data_output)
  File "/home/jenkins/jenkins-slave/workspace/beam_PreCommit_Python_Commit/src/sdks/python/test-suites/tox/py36/build/srcs/sdks/python/apache_beam/runners/portability/fn_api_runner.py", line 1801, in process_bundle
    part, expected_outputs), part_inputs):
  File "/usr/lib/python3.6/concurrent/futures/_base.py", line 586, in result_iterator
    yield fs.pop().result()
  File "/usr/lib/python3.6/concurrent/futures/_base.py", line 432, in result
    return self.__get_result()
  File "/usr/lib/python3.6/concurrent/futures/_base.py", line 384, in __get_result
    raise self._exception
  File "/usr/lib/python3.6/concurrent/futures/thread.py", line 56, in run
    result = self.fn(*self.args, **self.kwargs)
  File "/home/jenkins/jenkins-slave/workspace/beam_PreCommit_Python_Commit/src/sdks/python/test-suites/tox/py36/build/srcs/sdks/python/apache_beam/runners/portability/fn_api_runner.py", line 1801, in &lt;lambda&gt;
    part, expected_outputs), part_inputs):
  File "/home/jenkins/jenkins-slave/workspace/beam_PreCommit_Python_Commit/src/sdks/python/test-suites/tox/py36/build/srcs/sdks/python/apache_beam/runners/portability/fn_api_runner.py", line 1737, in process_bundle
    result_future = self._worker_handler.control_conn.push(process_bundle_req)
  File "/home/jenkins/jenkins-slave/workspace/beam_PreCommit_Python_Commit/src/sdks/python/test-suites/tox/py36/build/srcs/sdks/python/apache_beam/runners/portability/fn_api_runner.py", line 1150, in push
    response = self.worker.do_instruction(request)
  File "/home/jenkins/jenkins-slave/workspace/beam_PreCommit_Python_Commit/src/sdks/python/test-suites/tox/py36/build/srcs/sdks/python/apache_beam/runners/worker/sdk_worker.py", line 360, in do_instruction
    request.instruction_id)
  File "/home/jenkins/jenkins-slave/workspace/beam_PreCommit_Python_Commit/src/sdks/python/test-suites/tox/py36/build/srcs/sdks/python/apache_beam/runners/worker/sdk_worker.py", line 386, in process_bundle
    bundle_processor.process_bundle(instruction_id))
  File "/home/jenkins/jenkins-slave/workspace/beam_PreCommit_Python_Commit/src/sdks/python/test-suites/tox/py36/build/srcs/sdks/python/apache_beam/runners/worker/bundle_processor.py", line 663, in process_bundle
    data.transform_id].process_encoded(data.data)
  File "/home/jenkins/jenkins-slave/workspace/beam_PreCommit_Python_Commit/src/sdks/python/test-suites/tox/py36/build/srcs/sdks/python/apache_beam/runners/worker/bundle_processor.py", line 143, in process_encoded
    self.output(decoded_value)
  File "/home/jenkins/jenkins-slave/workspace/beam_PreCommit_Python_Commit/src/sdks/python/test-suites/tox/py36/build/srcs/sdks/python/apache_beam/runners/worker/operations.py", line 256, in output
    cython.cast(Receiver, self.receivers[output_index]).receive(windowed_value)
  File "/home/jenkins/jenkins-slave/workspace/beam_PreCommit_Python_Commit/src/sdks/python/test-suites/tox/py36/build/srcs/sdks/python/apache_beam/runners/worker/operations.py", line 143, in receive
    self.consumer.process(windowed_value)
  File "/home/jenkins/jenkins-slave/workspace/beam_PreCommit_Python_Commit/src/sdks/python/test-suites/tox/py36/build/srcs/sdks/python/apache_beam/runners/worker/operations.py", line 594, in process
    delayed_application = self.dofn_receiver.receive(o)
  File "/home/jenkins/jenkins-slave/workspace/beam_PreCommit_Python_Commit/src/sdks/python/test-suites/tox/py36/build/srcs/sdks/python/apache_beam/runners/common.py", line 776, in receive
    self.process(windowed_value)
  File "/home/jenkins/jenkins-slave/workspace/beam_PreCommit_Python_Commit/src/sdks/python/test-suites/tox/py36/build/srcs/sdks/python/apache_beam/runners/common.py", line 782, in process
    self._reraise_augmented(exn)
  File "/home/jenkins/jenkins-slave/workspace/beam_PreCommit_Python_Commit/src/sdks/python/test-suites/tox/py36/build/srcs/sdks/python/apache_beam/runners/common.py", line 780, in process
    return self.do_fn_invoker.invoke_process(windowed_value)
  File "/home/jenkins/jenkins-slave/workspace/beam_PreCommit_Python_Commit/src/sdks/python/test-suites/tox/py36/build/srcs/sdks/python/apache_beam/runners/common.py", line 588, in invoke_process
    windowed_value, additional_args, additional_kwargs, output_processor)
  File "/home/jenkins/jenkins-slave/workspace/beam_PreCommit_Python_Commit/src/sdks/python/test-suites/tox/py36/build/srcs/sdks/python/apache_beam/runners/common.py", line 660, in _invoke_process_per_window
    windowed_value, self.process_method(*args_for_process))
  File "/home/jenkins/jenkins-slave/workspace/beam_PreCommit_Python_Commit/src/sdks/python/test-suites/tox/py36/build/srcs/sdks/python/apache_beam/runners/common.py", line 919, in process_outputs
    self.main_receivers.receive(windowed_value)
  File "/home/jenkins/jenkins-slave/workspace/beam_PreCommit_Python_Commit/src/sdks/python/test-suites/tox/py36/build/srcs/sdks/python/apache_beam/runners/worker/operations.py", line 143, in receive
    self.consumer.process(windowed_value)
  File "/home/jenkins/jenkins-slave/workspace/beam_PreCommit_Python_Commit/src/sdks/python/test-suites/tox/py36/build/srcs/sdks/python/apache_beam/runners/worker/operations.py", line 594, in process
    delayed_application = self.dofn_receiver.receive(o)
  File "/home/jenkins/jenkins-slave/workspace/beam_PreCommit_Python_Commit/src/sdks/python/test-suites/tox/py36/build/srcs/sdks/python/apache_beam/runners/common.py", line 776, in receive
    self.process(windowed_value)
  File "/home/jenkins/jenkins-slave/workspace/beam_PreCommit_Python_Commit/src/sdks/python/test-suites/tox/py36/build/srcs/sdks/python/apache_beam/runners/common.py", line 782, in process
    self._reraise_augmented(exn)
  File "/home/jenkins/jenkins-slave/workspace/beam_PreCommit_Python_Commit/src/sdks/python/test-suites/tox/py36/build/srcs/sdks/python/apache_beam/runners/common.py", line 780, in process
    return self.do_fn_invoker.invoke_process(windowed_value)
  File "/home/jenkins/jenkins-slave/workspace/beam_PreCommit_Python_Commit/src/sdks/python/test-suites/tox/py36/build/srcs/sdks/python/apache_beam/runners/common.py", line 441, in invoke_process
    windowed_value, self.process_method(windowed_value.value))
  File "/home/jenkins/jenkins-slave/workspace/beam_PreCommit_Python_Commit/src/sdks/python/test-suites/tox/py36/build/srcs/sdks/python/apache_beam/runners/common.py", line 919, in process_outputs
    self.main_receivers.receive(windowed_value)
  File "/home/jenkins/jenkins-slave/workspace/beam_PreCommit_Python_Commit/src/sdks/python/test-suites/tox/py36/build/srcs/sdks/python/apache_beam/runners/worker/operations.py", line 143, in receive
    self.consumer.process(windowed_value)
  File "/home/jenkins/jenkins-slave/workspace/beam_PreCommit_Python_Commit/src/sdks/python/test-suites/tox/py36/build/srcs/sdks/python/apache_beam/runners/worker/operations.py", line 594, in process
    delayed_application = self.dofn_receiver.receive(o)
  File "/home/jenkins/jenkins-slave/workspace/beam_PreCommit_Python_Commit/src/sdks/python/test-suites/tox/py36/build/srcs/sdks/python/apache_beam/runners/common.py", line 776, in receive
    self.process(windowed_value)
  File "/home/jenkins/jenkins-slave/workspace/beam_PreCommit_Python_Commit/src/sdks/python/test-suites/tox/py36/build/srcs/sdks/python/apache_beam/runners/common.py", line 782, in process
    self._reraise_augmented(exn)
  File "/home/jenkins/jenkins-slave/workspace/beam_PreCommit_Python_Commit/src/sdks/python/test-suites/tox/py36/build/srcs/sdks/python/apache_beam/runners/common.py", line 849, in _reraise_augmented
    raise_with_traceback(new_exn)
  File "/home/jenkins/jenkins-slave/workspace/beam_PreCommit_Python_Commit/src/sdks/python/test-suites/tox/py36/build/srcs/sdks/python/target/.tox-py36-gcp/py36-gcp/lib/python3.6/site-packages/future/utils/__init__.py", line 419, in raise_with_traceback
    raise exc.with_traceback(traceback)
  File "/home/jenkins/jenkins-slave/workspace/beam_PreCommit_Python_Commit/src/sdks/python/test-suites/tox/py36/build/srcs/sdks/python/apache_beam/runners/common.py", line 780, in process
    return self.do_fn_invoker.invoke_process(windowed_value)
  File "/home/jenkins/jenkins-slave/workspace/beam_PreCommit_Python_Commit/src/sdks/python/test-suites/tox/py36/build/srcs/sdks/python/apache_beam/runners/common.py", line 441, in invoke_process
    windowed_value, self.process_method(windowed_value.value))
  File "/home/jenkins/jenkins-slave/workspace/beam_PreCommit_Python_Commit/src/sdks/python/test-suites/tox/py36/build/srcs/sdks/python/apache_beam/transforms/core.py", line 1349, in &lt;lambda&gt;
    wrapper = lambda x: [fn(x)]
  File "/home/jenkins/jenkins-slave/workspace/beam_PreCommit_Python_Commit/src/sdks/python/test-suites/tox/py36/build/srcs/sdks/python/apache_beam/testing/util.py", line 144, in _equal
    'Failed assert: %r == %r' % (expected, actual))
apache_beam.testing.util.BeamAssertException: Failed assert: [('/tmp/20191025015021uer0whaj', 'line0'), ('/tmp/20191025015021uer0whaj', 'line1'), ('/tmp/20191025015021uer0whaj', 'line2'), ('/tmp/20191025015021uer0whaj', 'line3'), ('/tmp/20191025015021uer0whaj', 'line4'), ('/tmp/20191025015021upbow_oq', 'line0'), ('/tmp/20191025015021upbow_oq', 'line1'), ('/tmp/20191025015021upbow_oq', 'line2'), ('/tmp/20191025015021upbow_oq', 'line3'), ('/tmp/20191025015021upbow_oq', 'line4')] == [('/tmp/20191025015021uer0whaj', 'line0'), ('/tmp/20191025015021uer0whaj', 'line1'), ('/tmp/20191025015021uer0whaj', 'line2'), ('/tmp/20191025015021uer0whaj', 'line3'), ('/tmp/20191025015021uer0whaj', 'line4'), ('/tmp/20191025015021upbow_oq', 'line0'), ('/tmp/20191025015021upbow_oq', 'line1'), ('/tmp/20191025015021upbow_oq', 'line2'), ('/tmp/20191025015021upbow_oq', 'line3'), ('/tmp/20191025015021upbow_oq', 'line4'), ('/tmp/20191025015021nst371u1', 'line0'), ('/tmp/20191025015021nst371u1', 'line1'), ('/tmp/20191025015021nst371u1', 'line2'), ('/tmp/20191025015021nst371u1', 'line3'), ('/tmp/20191025015021nst371u1', 'line4'), ('/tmp/20191025015021qf7a8hcr', 'line0'), ('/tmp/20191025015021qf7a8hcr', 'line1'), ('/tmp/20191025015021qf7a8hcr', 'line2'), ('/tmp/20191025015021qf7a8hcr', 'line3'), ('/tmp/20191025015021qf7a8hcr', 'line4')] [while running 'assert_that/Match']
{noformat}

This test keeps failing in precommits - do you think you may have some time to investigate this, [~lcaggio]?

Failed yesterday in https://github.com/apache/beam/pull/9933.

Flaking tests are Critical/P1 issues per https://beam.apache.org/contribute/postcommits-policies-details/index.html#flake_is_failing and I've also added the label "flake".

Sorry, I can't take a look at the moment, much appreciated if someone can take a look.

Last time, I tried to replicate it, but I was not able to reproduce the error.

Another failure. This time I noticed that there 2 failures in 2 different tox environments (py35 and py36):
{code}
10:52:42   File "/home/jenkins/jenkins-slave/workspace/beam_PreCommit_Python_Cron/src/sdks/python/test-suites/tox/py35/build/srcs/sdks/python/apache_beam/testing/util.py", line 144, in _equal
10:52:42     'Failed assert: %r == %r' % (expected, actual))
10:52:42 apache_beam.testing.util.BeamAssertException: Failed assert: [('/tmp/20191121183751hhm9i89k', 'line0'), ('/tmp/20191121183751hhm9i89k', 'line1'), ('/tmp/20191121183751hhm9i89k', 'line2'), ('/tmp/20191121183751hhm9i89k', 'line3'), ('/tmp/20191121183751hhm9i89k', 'line4'), ('/tmp/20191121183751l7ue7cnm', 'line0'), ('/tmp/20191121183751l7ue7cnm', 'line1'), ('/tmp/20191121183751l7ue7cnm', 'line2'), ('/tmp/20191121183751l7ue7cnm', 'line3'), ('/tmp/20191121183751l7ue7cnm', 'line4')] == [('/tmp/20191121183751l7ue7cnm', 'line0'), ('/tmp/20191121183751l7ue7cnm', 'line1'), ('/tmp/20191121183751l7ue7cnm', 'line2'), ('/tmp/20191121183751l7ue7cnm', 'line3'), ('/tmp/20191121183751l7ue7cnm', 'line4'), ('/tmp/201911211837512aj0mm6o', 'line0'), ('/tmp/201911211837512aj0mm6o', 'line1'), ('/tmp/201911211837512aj0mm6o', 'line2'), ('/tmp/201911211837512aj0mm6o', 'line3'), ('/tmp/201911211837512aj0mm6o', 'line4'), ('/tmp/20191121183751ahzccono', 'line0'), ('/tmp/20191121183751ahzccono', 'line1'), ('/tmp/20191121183751ahzccono', 'line2'), ('/tmp/20191121183751ahzccono', 'line3'), ('/tmp/20191121183751ahzccono', 'line4'), ('/tmp/20191121183751hhm9i89k', 'line0'), ('/tmp/20191121183751hhm9i89k', 'line1'), ('/tmp/20191121183751hhm9i89k', 'line2'), ('/tmp/20191121183751hhm9i89k', 'line3'), ('/tmp/20191121183751hhm9i89k', 'line4')] [while running 'assert_that/Match']
{code}
{code}
10:52:18   File "/home/jenkins/jenkins-slave/workspace/beam_PreCommit_Python_Cron/src/sdks/python/test-suites/tox/py36/build/srcs/sdks/python/apache_beam/testing/util.py", line 144, in _equal
10:52:18     'Failed assert: %r == %r' % (expected, actual))
10:52:18 apache_beam.testing.util.BeamAssertException: Failed assert: [('/tmp/20191121183751ahzccono', 'line0'), ('/tmp/20191121183751ahzccono', 'line1'), ('/tmp/20191121183751ahzccono', 'line2'), ('/tmp/20191121183751ahzccono', 'line3'), ('/tmp/20191121183751ahzccono', 'line4'), ('/tmp/201911211837512aj0mm6o', 'line0'), ('/tmp/201911211837512aj0mm6o', 'line1'), ('/tmp/201911211837512aj0mm6o', 'line2'), ('/tmp/201911211837512aj0mm6o', 'line3'), ('/tmp/201911211837512aj0mm6o', 'line4')] == [('/tmp/20191121183751l7ue7cnm', 'line0'), ('/tmp/20191121183751l7ue7cnm', 'line1'), ('/tmp/20191121183751l7ue7cnm', 'line2'), ('/tmp/20191121183751l7ue7cnm', 'line3'), ('/tmp/20191121183751l7ue7cnm', 'line4'), ('/tmp/201911211837512aj0mm6o', 'line0'), ('/tmp/201911211837512aj0mm6o', 'line1'), ('/tmp/201911211837512aj0mm6o', 'line2'), ('/tmp/201911211837512aj0mm6o', 'line3'), ('/tmp/201911211837512aj0mm6o', 'line4'), ('/tmp/20191121183751ahzccono', 'line0'), ('/tmp/20191121183751ahzccono', 'line1'), ('/tmp/20191121183751ahzccono', 'line2'), ('/tmp/20191121183751ahzccono', 'line3'), ('/tmp/20191121183751ahzccono', 'line4'), ('/tmp/20191121183751hhm9i89k', 'line0'), ('/tmp/20191121183751hhm9i89k', 'line1'), ('/tmp/20191121183751hhm9i89k', 'line2'), ('/tmp/20191121183751hhm9i89k', 'line3'), ('/tmp/20191121183751hhm9i89k', 'line4')] [while running 'assert_that/Match']
{code}

All the filenames above share the prefix: '/tmp/20191121183751'. The code for this prefix:
{code}
prefix = datetime.datetime.now().strftime("%Y%m%d%H%M%S")
{code}

I haven't seen the error after  #10194 by [~udim]. Closing the issue, we can reopen if it still happening.

