13:41:54 test_leader_board_it (apache_beam.examples.complete.game.leader_board_it_test.LeaderBoardIT) ... ERROR
13:41:54 
13:41:54 ======================================================================
13:41:54 ERROR: test_leader_board_it (apache_beam.examples.complete.game.leader_board_it_test.LeaderBoardIT)
13:41:54 ----------------------------------------------------------------------
13:41:54 Traceback (most recent call last):
13:41:54   File "/home/jenkins/jenkins-slave/workspace/beam_PostCommit_Python_Verify/src/sdks/python/build/gradleenv/local/lib/python2.7/site-packages/nose/plugins/multiprocess.py", line 812, in run
13:41:54     test(orig)
13:41:54   File "/home/jenkins/jenkins-slave/workspace/beam_PostCommit_Python_Verify/src/sdks/python/build/gradleenv/local/lib/python2.7/site-packages/nose/case.py", line 45, in __call__
13:41:54     return self.run(*arg, **kwarg)
13:41:54   File "/home/jenkins/jenkins-slave/workspace/beam_PostCommit_Python_Verify/src/sdks/python/build/gradleenv/local/lib/python2.7/site-packages/nose/case.py", line 133, in run
13:41:54     self.runTest(result)
13:41:54   File "/home/jenkins/jenkins-slave/workspace/beam_PostCommit_Python_Verify/src/sdks/python/build/gradleenv/local/lib/python2.7/site-packages/nose/case.py", line 151, in runTest
13:41:54     test(result)
13:41:54   File "/usr/lib/python2.7/unittest/case.py", line 393, in __call__
13:41:54     return self.run(*args, **kwds)
13:41:54   File "/usr/lib/python2.7/unittest/case.py", line 329, in run
13:41:54     testMethod()
13:41:54   File "/home/jenkins/jenkins-slave/workspace/beam_PostCommit_Python_Verify/src/sdks/python/apache_beam/examples/complete/game/leader_board_it_test.py", line 161, in test_leader_board_it
13:41:54     self.test_pipeline.get_full_options_as_args(**extra_opts))
13:41:54   File "/home/jenkins/jenkins-slave/workspace/beam_PostCommit_Python_Verify/src/sdks/python/apache_beam/examples/complete/game/leader_board.py", line 345, in run
13:41:54     'total_score': 'INTEGER',
13:41:54   File "/home/jenkins/jenkins-slave/workspace/beam_PostCommit_Python_Verify/src/sdks/python/apache_beam/pipeline.py", line 414, in __exit__
13:41:54     self.run().wait_until_finish()
13:41:54   File "/home/jenkins/jenkins-slave/workspace/beam_PostCommit_Python_Verify/src/sdks/python/apache_beam/pipeline.py", line 394, in run
13:41:54     self.to_runner_api(), self.runner, self._options).run(False)
13:41:54   File "/home/jenkins/jenkins-slave/workspace/beam_PostCommit_Python_Verify/src/sdks/python/apache_beam/pipeline.py", line 407, in run
13:41:54     return self.runner.run_pipeline(self)
13:41:54   File "/home/jenkins/jenkins-slave/workspace/beam_PostCommit_Python_Verify/src/sdks/python/apache_beam/runners/dataflow/test_dataflow_runner.py", line 68, in run_pipeline
13:41:54     self.result.cancel()
13:41:54   File "/home/jenkins/jenkins-slave/workspace/beam_PostCommit_Python_Verify/src/sdks/python/apache_beam/runners/dataflow/dataflow_runner.py", line 1167, in cancel
13:41:54     self._update_job()
13:41:54   File "/home/jenkins/jenkins-slave/workspace/beam_PostCommit_Python_Verify/src/sdks/python/apache_beam/runners/dataflow/dataflow_runner.py", line 1078, in _update_job
13:41:54     self._job = self._runner.dataflow_client.get_job(self.job_id())
13:41:54   File "/home/jenkins/jenkins-slave/workspace/beam_PostCommit_Python_Verify/src/sdks/python/apache_beam/utils/retry.py", line 184, in wrapper
13:41:54     return fun(*args, **kwargs)
13:41:54   File "/home/jenkins/jenkins-slave/workspace/beam_PostCommit_Python_Verify/src/sdks/python/apache_beam/runners/dataflow/internal/apiclient.py", line 629, in get_job
13:41:54     response = self._client.projects_locations_jobs.Get(request)
13:41:54   File "/home/jenkins/jenkins-slave/workspace/beam_PostCommit_Python_Verify/src/sdks/python/apache_beam/runners/dataflow/internal/clients/dataflow/dataflow_v1b3_client.py", line 659, in Get
13:41:54     config, request, global_params=global_params)
13:41:54   File "/home/jenkins/jenkins-slave/workspace/beam_PostCommit_Python_Verify/src/sdks/python/build/gradleenv/local/lib/python2.7/site-packages/apitools/base/py/base_api.py", line 720, in _RunMethod
13:41:54     http, http_request, **opts)
13:41:54   File "/home/jenkins/jenkins-slave/workspace/beam_PostCommit_Python_Verify/src/sdks/python/build/gradleenv/local/lib/python2.7/site-packages/apitools/base/py/http_wrapper.py", line 346, in MakeRequest
13:41:54     check_response_func=check_response_func)
13:41:54   File "/home/jenkins/jenkins-slave/workspace/beam_PostCommit_Python_Verify/src/sdks/python/build/gradleenv/local/lib/python2.7/site-packages/apitools/base/py/http_wrapper.py", line 396, in _MakeRequestNoRetry
13:41:54     redirections=redirections, connection_type=connection_type)
13:41:54   File "/home/jenkins/jenkins-slave/workspace/beam_PostCommit_Python_Verify/src/sdks/python/build/gradleenv/local/lib/python2.7/site-packages/oauth2client/transport.py", line 193, in new_request
13:41:54     redirections, connection_type)
13:41:54   File "/home/jenkins/jenkins-slave/workspace/beam_PostCommit_Python_Verify/src/sdks/python/build/gradleenv/local/lib/python2.7/site-packages/oauth2client/transport.py", line 282, in request
13:41:54     connection_type=connection_type)
13:41:54   File "/home/jenkins/jenkins-slave/workspace/beam_PostCommit_Python_Verify/src/sdks/python/build/gradleenv/local/lib/python2.7/site-packages/httplib2/__init__.py", line 1694, in request
13:41:54     (response, content) = self._request(conn, authority, uri, request_uri, method, body, headers, redirections, cachekey)
13:41:54   File "/home/jenkins/jenkins-slave/workspace/beam_PostCommit_Python_Verify/src/sdks/python/build/gradleenv/local/lib/python2.7/site-packages/httplib2/__init__.py", line 1434, in _request
13:41:54     (response, content) = self._conn_request(conn, request_uri, method, body, headers)
13:41:54   File "/home/jenkins/jenkins-slave/workspace/beam_PostCommit_Python_Verify/src/sdks/python/build/gradleenv/local/lib/python2.7/site-packages/httplib2/__init__.py", line 1390, in _conn_request
13:41:54     response = conn.getresponse()
13:41:54   File "/usr/lib/python2.7/httplib.py", line 1136, in getresponse
13:41:54     response.begin()
13:41:54   File "/usr/lib/python2.7/httplib.py", line 453, in begin
13:41:54     version, status, reason = self._read_status()
13:41:54   File "/usr/lib/python2.7/httplib.py", line 409, in _read_status
13:41:54     line = self.fp.readline(_MAXLINE + 1)
13:41:54   File "/usr/lib/python2.7/socket.py", line 480, in readline
13:41:54     data = self._sock.recv(self._rbufsize)
13:41:54   File "/usr/lib/python2.7/ssl.py", line 756, in recv
13:41:54     return self.read(buflen)
13:41:54   File "/usr/lib/python2.7/ssl.py", line 643, in read
13:41:54     v = self._sslobj.read(len)
13:41:54   File "/home/jenkins/jenkins-slave/workspace/beam_PostCommit_Python_Verify/src/sdks/python/build/gradleenv/local/lib/python2.7/site-packages/nose/plugins/multiprocess.py", line 276, in signalhandler
13:41:54     raise TimedOutException()
13:41:54 TimedOutException: 'test_leader_board_it (apache_beam.examples.complete.game.leader_board_it_test.LeaderBoardIT)'


*13:13:17* WARNING:root:Timing out on waiting for job 2018-09-17_13_12_39-8645011813028270201 after 30 seconds

From Dataflow worker logs: 
I  finish <DataOutputOperation  > 
I  Stopping BeamFnMapTaskExecutor, grabbing final metric updates 
I  Stopping BeamFnMapTaskExecutor, grabbing final metric updates 
I  Setting node annotation to enable volume controller attach/detach 
I  Pipeline stage consuming pubsub took 2m55s and default ack deadline is 10s. Consider increasing ack deadline for subscription projects/apache-beam-testing/subscriptions/psit_subscription_inputa3ed93d9-f6b0-420b-b5ee-cb887e9b51de 
I  Setting node annotation to enable volume controller attach/detach 
I  Dataflow cancel 844138762903-compute@developer.gserviceaccount.com {"@type":"type.googleapis.com/google.cloud.audit.AuditLog","authenticationInfo":{"principalEmail":"844138762903-compute@developer.gserviceaccount.com"},"requestMetadata":{"callerIp":"35.225.248.94","requestAttributes":{"time":"2018-09-17T20:18:05.162196575Z","auth":{}},"destinationAttributes":{}},"s… Dataflow cancel  844138762903-compute@developer.gserviceaccount.com 
E  Lost lease for work with id 6186087141253459847 with expiration time: 1537215545000, now: 1537215486508 
E  Lost lease for work with id 6186087141253459847 with expiration time: 1537215545000, now: 1537215486508 
I  E0917 20:18:06.508733   193 work_service_client.cc:692] Lost lease for work with id 6186087141253459847 with expiration time: 1537215545000, now: 1537215486508 
W  Unable to update setup work item 4601443631075438240 error: INVALID_ARGUMENT: Http(400) Bad Request 


Actually, after looking again at Jenkins log, I am no longer sure if "13:13:17 WARNING:root:Timing out on waiting for job 2018-09-17_13_12_39-8645011813028270201 after 30 seconds" is relevant, there are a few more of those:


13:02:07 WARNING:root:Timing out on waiting for job 2018-09-17_12_58_58-3598041514621079800 after 182 seconds
13:03:08 WARNING:root:Timing out on waiting for job 2018-09-17_12_52_57-1488988588266282762 after 603 seconds
13:05:03 WARNING:root:Timing out on waiting for job 2018-09-17_12_52_51-1885862207900782284 after 724 seconds


I don't think https://github.com/apache/beam/pull/6403 is a culprit, but we do have a flaky test that we need to investigate.

[~huygaa] [~chamikara] [~charleschen]: Do you know how to reliably identify a relevant Dataflow job ID for a failed integration test from a stream of Jenkins test logs? In this case, for: test_leader_board_it (apache_beam.examples.complete.game.leader_board_it_test.LeaderBoardIT).
 

https://builds.apache.org/job/beam_PostCommit_Python_Verify/6939

This bug was originally opened a flake, but we could not correlate the flake with a failing job ID from the logs. Looks like  now logs give more information, so let's focus this Jira on a last failure with similar symptom, pointed out by [~apilloud], that has clear indication of a failing job.

 

Job id: 2018-12-28_08_18_05-13278266228563257972

Logs have several messages of the form:

====

E Missing required coder_id on grpc_port for -11; using deprecated fallback. undefined

I No unique name set for transform -11

====

Then the test times out. Assigning to [~robertwb] who added the "Missing required coder_id" error message and is investigating a similar issue.

 

cc: [~altay]

Missing required coder_id messages messages are not critical, the issue is a duplicate of https://issues.apache.org/jira/browse/BEAM-4150. 

Postcommit errors reported on this bug are too old to investigate. 


