{noformat}
java (Failed Tests first)
org.apache.camel.component.test.TestComponentConfigurationAndDocumentationTest
testComponentConfiguration(org.apache.camel.component.test.TestComponentConfigurationAndDocumentationTest)
junit.framework.AssertionFailedError

	at junit.framework.Assert.fail(Assert.java:55)

	at junit.framework.Assert.assertTrue(Assert.java:22)

	at junit.framework.Assert.assertTrue(Assert.java:31)

	at junit.framework.TestCase.assertTrue(TestCase.java:201)

	at org.apache.camel.component.test.TestComponentConfigurationAndDocumentationTest.testComponentConfiguration(TestComponentConfigurationAndDocumentationTest.java:44)

	at sun.reflect.NativeMethodAccessorImpl.invoke0(Native Method)

	at sun.reflect.NativeMethodAccessorImpl.invoke(Unknown Source)

	at sun.reflect.DelegatingMethodAccessorImpl.invoke(Unknown Source)

	at java.lang.reflect.Method.invoke(Unknown Source)

	at junit.framework.TestCase.runTest(TestCase.java:176)

	at junit.framework.TestCase.runBare(TestCase.java:141)

	at org.apache.camel.TestSupport.runBare(TestSupport.java:58)

	at junit.framework.TestResult$1.protect(TestResult.java:122)

	at junit.framework.TestResult.runProtected(TestResult.java:142)

	at junit.framework.TestResult.run(TestResult.java:125)

	at junit.framework.TestCase.run(TestCase.java:129)

	at junit.framework.TestSuite.runTest(TestSuite.java:252)

	at junit.framework.TestSuite.run(TestSuite.java:247)

	at org.junit.internal.runners.JUnit38ClassRunner.run(JUnit38ClassRunner.java:86)

	at org.eclipse.jdt.internal.junit4.runner.JUnit4TestReference.run(JUnit4TestReference.java:86)

	at org.eclipse.jdt.internal.junit.runner.TestExecution.run(TestExecution.java:38)

	at org.eclipse.jdt.internal.junit.runner.RemoteTestRunner.runTests(RemoteTestRunner.java:459)

	at org.eclipse.jdt.internal.junit.runner.RemoteTestRunner.runTests(RemoteTestRunner.java:678)

	at org.eclipse.jdt.internal.junit.runner.RemoteTestRunner.run(RemoteTestRunner.java:382)

	at org.eclipse.jdt.internal.junit.runner.RemoteTestRunner.main(RemoteTestRunner.java:192)



testComponentDocumentation(org.apache.camel.component.test.TestComponentConfigurationAndDocumentationTest)
junit.framework.AssertionFailedError: Should have found some auto-generated HTML

	at junit.framework.Assert.fail(Assert.java:57)

	at junit.framework.Assert.assertTrue(Assert.java:22)

	at junit.framework.Assert.assertNotNull(Assert.java:256)

	at junit.framework.TestCase.assertNotNull(TestCase.java:426)

	at org.apache.camel.component.test.TestComponentConfigurationAndDocumentationTest.testComponentDocumentation(TestComponentConfigurationAndDocumentationTest.java:52)

	at sun.reflect.NativeMethodAccessorImpl.invoke0(Native Method)

	at sun.reflect.NativeMethodAccessorImpl.invoke(Unknown Source)

	at sun.reflect.DelegatingMethodAccessorImpl.invoke(Unknown Source)

	at java.lang.reflect.Method.invoke(Unknown Source)

	at junit.framework.TestCase.runTest(TestCase.java:176)

	at junit.framework.TestCase.runBare(TestCase.java:141)

	at org.apache.camel.TestSupport.runBare(TestSupport.java:58)

	at junit.framework.TestResult$1.protect(TestResult.java:122)

	at junit.framework.TestResult.runProtected(TestResult.java:142)

	at junit.framework.TestResult.run(TestResult.java:125)

	at junit.framework.TestCase.run(TestCase.java:129)

	at junit.framework.TestSuite.runTest(TestSuite.java:252)

	at junit.framework.TestSuite.run(TestSuite.java:247)

	at org.junit.internal.runners.JUnit38ClassRunner.run(JUnit38ClassRunner.java:86)

	at org.eclipse.jdt.internal.junit4.runner.JUnit4TestReference.run(JUnit4TestReference.java:86)

	at org.eclipse.jdt.internal.junit.runner.TestExecution.run(TestExecution.java:38)

	at org.eclipse.jdt.internal.junit.runner.RemoteTestRunner.runTests(RemoteTestRunner.java:459)

	at org.eclipse.jdt.internal.junit.runner.RemoteTestRunner.runTests(RemoteTestRunner.java:678)

	at org.eclipse.jdt.internal.junit.runner.RemoteTestRunner.run(RemoteTestRunner.java:382)

	at org.eclipse.jdt.internal.junit.runner.RemoteTestRunner.main(RemoteTestRunner.java:192)



org.apache.camel.component.language.LanguageComponentConfigurationAndDocumentationTest
testComponentConfiguration(org.apache.camel.component.language.LanguageComponentConfigurationAndDocumentationTest)
junit.framework.AssertionFailedError

	at junit.framework.Assert.fail(Assert.java:55)

	at junit.framework.Assert.assertTrue(Assert.java:22)

	at junit.framework.Assert.assertTrue(Assert.java:31)

	at junit.framework.TestCase.assertTrue(TestCase.java:201)

	at org.apache.camel.component.language.LanguageComponentConfigurationAndDocumentationTest.testComponentConfiguration(LanguageComponentConfigurationAndDocumentationTest.java:44)

	at sun.reflect.NativeMethodAccessorImpl.invoke0(Native Method)

	at sun.reflect.NativeMethodAccessorImpl.invoke(Unknown Source)

	at sun.reflect.DelegatingMethodAccessorImpl.invoke(Unknown Source)

	at java.lang.reflect.Method.invoke(Unknown Source)

	at junit.framework.TestCase.runTest(TestCase.java:176)

	at junit.framework.TestCase.runBare(TestCase.java:141)

	at org.apache.camel.TestSupport.runBare(TestSupport.java:58)

	at junit.framework.TestResult$1.protect(TestResult.java:122)

	at junit.framework.TestResult.runProtected(TestResult.java:142)

	at junit.framework.TestResult.run(TestResult.java:125)

	at junit.framework.TestCase.run(TestCase.java:129)

	at junit.framework.TestSuite.runTest(TestSuite.java:252)

	at junit.framework.TestSuite.run(TestSuite.java:247)

	at org.junit.internal.runners.JUnit38ClassRunner.run(JUnit38ClassRunner.java:86)

	at org.eclipse.jdt.internal.junit4.runner.JUnit4TestReference.run(JUnit4TestReference.java:86)

	at org.eclipse.jdt.internal.junit.runner.TestExecution.run(TestExecution.java:38)

	at org.eclipse.jdt.internal.junit.runner.RemoteTestRunner.runTests(RemoteTestRunner.java:459)

	at org.eclipse.jdt.internal.junit.runner.RemoteTestRunner.runTests(RemoteTestRunner.java:678)

	at org.eclipse.jdt.internal.junit.runner.RemoteTestRunner.run(RemoteTestRunner.java:382)

	at org.eclipse.jdt.internal.junit.runner.RemoteTestRunner.main(RemoteTestRunner.java:192)



testComponentDocumentation(org.apache.camel.component.language.LanguageComponentConfigurationAndDocumentationTest)
junit.framework.AssertionFailedError: Should have found some auto-generated HTML

	at junit.framework.Assert.fail(Assert.java:57)

	at junit.framework.Assert.assertTrue(Assert.java:22)

	at junit.framework.Assert.assertNotNull(Assert.java:256)

	at junit.framework.TestCase.assertNotNull(TestCase.java:426)

	at org.apache.camel.component.language.LanguageComponentConfigurationAndDocumentationTest.testComponentDocumentation(LanguageComponentConfigurationAndDocumentationTest.java:52)

	at sun.reflect.NativeMethodAccessorImpl.invoke0(Native Method)

	at sun.reflect.NativeMethodAccessorImpl.invoke(Unknown Source)

	at sun.reflect.DelegatingMethodAccessorImpl.invoke(Unknown Source)

	at java.lang.reflect.Method.invoke(Unknown Source)

	at junit.framework.TestCase.runTest(TestCase.java:176)

	at junit.framework.TestCase.runBare(TestCase.java:141)

	at org.apache.camel.TestSupport.runBare(TestSupport.java:58)

	at junit.framework.TestResult$1.protect(TestResult.java:122)

	at junit.framework.TestResult.runProtected(TestResult.java:142)

	at junit.framework.TestResult.run(TestResult.java:125)

	at junit.framework.TestCase.run(TestCase.java:129)

	at junit.framework.TestSuite.runTest(TestSuite.java:252)

	at junit.framework.TestSuite.run(TestSuite.java:247)

	at org.junit.internal.runners.JUnit38ClassRunner.run(JUnit38ClassRunner.java:86)

	at org.eclipse.jdt.internal.junit4.runner.JUnit4TestReference.run(JUnit4TestReference.java:86)

	at org.eclipse.jdt.internal.junit.runner.TestExecution.run(TestExecution.java:38)

	at org.eclipse.jdt.internal.junit.runner.RemoteTestRunner.runTests(RemoteTestRunner.java:459)

	at org.eclipse.jdt.internal.junit.runner.RemoteTestRunner.runTests(RemoteTestRunner.java:678)

	at org.eclipse.jdt.internal.junit.runner.RemoteTestRunner.run(RemoteTestRunner.java:382)

	at org.eclipse.jdt.internal.junit.runner.RemoteTestRunner.main(RemoteTestRunner.java:192)



org.apache.camel.management.ManagedWeightedLoadBalancerTest
testManageWeightedLoadBalancer(org.apache.camel.management.ManagedWeightedLoadBalancerTest)
junit.framework.AssertionFailedError: expected:<2> but was:<0>

	at junit.framework.Assert.fail(Assert.java:57)

	at junit.framework.Assert.failNotEquals(Assert.java:329)

	at junit.framework.Assert.assertEquals(Assert.java:78)

	at junit.framework.Assert.assertEquals(Assert.java:234)

	at junit.framework.Assert.assertEquals(Assert.java:241)

	at junit.framework.TestCase.assertEquals(TestCase.java:409)

	at org.apache.camel.management.ManagedWeightedLoadBalancerTest.testManageWeightedLoadBalancer(ManagedWeightedLoadBalancerTest.java:83)

	at sun.reflect.NativeMethodAccessorImpl.invoke0(Native Method)

	at sun.reflect.NativeMethodAccessorImpl.invoke(Unknown Source)

	at sun.reflect.DelegatingMethodAccessorImpl.invoke(Unknown Source)

	at java.lang.reflect.Method.invoke(Unknown Source)

	at junit.framework.TestCase.runTest(TestCase.java:176)

	at junit.framework.TestCase.runBare(TestCase.java:141)

	at org.apache.camel.TestSupport.runBare(TestSupport.java:58)

	at junit.framework.TestResult$1.protect(TestResult.java:122)

	at junit.framework.TestResult.runProtected(TestResult.java:142)

	at junit.framework.TestResult.run(TestResult.java:125)

	at junit.framework.TestCase.run(TestCase.java:129)

	at junit.framework.TestSuite.runTest(TestSuite.java:252)

	at junit.framework.TestSuite.run(TestSuite.java:247)

	at org.junit.internal.runners.JUnit38ClassRunner.run(JUnit38ClassRunner.java:86)

	at org.eclipse.jdt.internal.junit4.runner.JUnit4TestReference.run(JUnit4TestReference.java:86)

	at org.eclipse.jdt.internal.junit.runner.TestExecution.run(TestExecution.java:38)

	at org.eclipse.jdt.internal.junit.runner.RemoteTestRunner.runTests(RemoteTestRunner.java:459)

	at org.eclipse.jdt.internal.junit.runner.RemoteTestRunner.runTests(RemoteTestRunner.java:678)

	at org.eclipse.jdt.internal.junit.runner.RemoteTestRunner.run(RemoteTestRunner.java:382)

	at org.eclipse.jdt.internal.junit.runner.RemoteTestRunner.main(RemoteTestRunner.java:192)



org.apache.camel.management.ManagedMarshalTest
testManageMarshal(org.apache.camel.management.ManagedMarshalTest)
junit.framework.AssertionFailedError: expected:<2> but was:<0>

	at junit.framework.Assert.fail(Assert.java:57)

	at junit.framework.Assert.failNotEquals(Assert.java:329)

	at junit.framework.Assert.assertEquals(Assert.java:78)

	at junit.framework.Assert.assertEquals(Assert.java:234)

	at junit.framework.Assert.assertEquals(Assert.java:241)

	at junit.framework.TestCase.assertEquals(TestCase.java:409)

	at org.apache.camel.management.ManagedMarshalTest.testManageMarshal(ManagedMarshalTest.java:71)

	at sun.reflect.NativeMethodAccessorImpl.invoke0(Native Method)

	at sun.reflect.NativeMethodAccessorImpl.invoke(Unknown Source)

	at sun.reflect.DelegatingMethodAccessorImpl.invoke(Unknown Source)

	at java.lang.reflect.Method.invoke(Unknown Source)

	at junit.framework.TestCase.runTest(TestCase.java:176)

	at junit.framework.TestCase.runBare(TestCase.java:141)

	at org.apache.camel.TestSupport.runBare(TestSupport.java:58)

	at junit.framework.TestResult$1.protect(TestResult.java:122)

	at junit.framework.TestResult.runProtected(TestResult.java:142)

	at junit.framework.TestResult.run(TestResult.java:125)

	at junit.framework.TestCase.run(TestCase.java:129)

	at junit.framework.TestSuite.runTest(TestSuite.java:252)

	at junit.framework.TestSuite.run(TestSuite.java:247)

	at org.junit.internal.runners.JUnit38ClassRunner.run(JUnit38ClassRunner.java:86)

	at org.eclipse.jdt.internal.junit4.runner.JUnit4TestReference.run(JUnit4TestReference.java:86)

	at org.eclipse.jdt.internal.junit.runner.TestExecution.run(TestExecution.java:38)

	at org.eclipse.jdt.internal.junit.runner.RemoteTestRunner.runTests(RemoteTestRunner.java:459)

	at org.eclipse.jdt.internal.junit.runner.RemoteTestRunner.runTests(RemoteTestRunner.java:678)

	at org.eclipse.jdt.internal.junit.runner.RemoteTestRunner.run(RemoteTestRunner.java:382)

	at org.eclipse.jdt.internal.junit.runner.RemoteTestRunner.main(RemoteTestRunner.java:192)



org.apache.camel.management.ManagedProcessTest
testManageProcess(org.apache.camel.management.ManagedProcessTest)
junit.framework.AssertionFailedError: expected:<2> but was:<0>

	at junit.framework.Assert.fail(Assert.java:57)

	at junit.framework.Assert.failNotEquals(Assert.java:329)

	at junit.framework.Assert.assertEquals(Assert.java:78)

	at junit.framework.Assert.assertEquals(Assert.java:234)

	at junit.framework.Assert.assertEquals(Assert.java:241)

	at junit.framework.TestCase.assertEquals(TestCase.java:409)

	at org.apache.camel.management.ManagedProcessTest.testManageProcess(ManagedProcessTest.java:77)

	at sun.reflect.NativeMethodAccessorImpl.invoke0(Native Method)

	at sun.reflect.NativeMethodAccessorImpl.invoke(Unknown Source)

	at sun.reflect.DelegatingMethodAccessorImpl.invoke(Unknown Source)

	at java.lang.reflect.Method.invoke(Unknown Source)

	at junit.framework.TestCase.runTest(TestCase.java:176)

	at junit.framework.TestCase.runBare(TestCase.java:141)

	at org.apache.camel.TestSupport.runBare(TestSupport.java:58)

	at junit.framework.TestResult$1.protect(TestResult.java:122)

	at junit.framework.TestResult.runProtected(TestResult.java:142)

	at junit.framework.TestResult.run(TestResult.java:125)

	at junit.framework.TestCase.run(TestCase.java:129)

	at junit.framework.TestSuite.runTest(TestSuite.java:252)

	at junit.framework.TestSuite.run(TestSuite.java:247)

	at org.junit.internal.runners.JUnit38ClassRunner.run(JUnit38ClassRunner.java:86)

	at org.eclipse.jdt.internal.junit4.runner.JUnit4TestReference.run(JUnit4TestReference.java:86)

	at org.eclipse.jdt.internal.junit.runner.TestExecution.run(TestExecution.java:38)

	at org.eclipse.jdt.internal.junit.runner.RemoteTestRunner.runTests(RemoteTestRunner.java:459)

	at org.eclipse.jdt.internal.junit.runner.RemoteTestRunner.runTests(RemoteTestRunner.java:678)

	at org.eclipse.jdt.internal.junit.runner.RemoteTestRunner.run(RemoteTestRunner.java:382)

	at org.eclipse.jdt.internal.junit.runner.RemoteTestRunner.main(RemoteTestRunner.java:192)



org.apache.camel.management.ManagedResequencerTest
testManageResequencer(org.apache.camel.management.ManagedResequencerTest)
junit.framework.AssertionFailedError: expected:<2> but was:<0>

	at junit.framework.Assert.fail(Assert.java:57)

	at junit.framework.Assert.failNotEquals(Assert.java:329)

	at junit.framework.Assert.assertEquals(Assert.java:78)

	at junit.framework.Assert.assertEquals(Assert.java:234)

	at junit.framework.Assert.assertEquals(Assert.java:241)

	at junit.framework.TestCase.assertEquals(TestCase.java:409)

	at org.apache.camel.management.ManagedResequencerTest.testManageResequencer(ManagedResequencerTest.java:71)

	at sun.reflect.NativeMethodAccessorImpl.invoke0(Native Method)

	at sun.reflect.NativeMethodAccessorImpl.invoke(Unknown Source)

	at sun.reflect.DelegatingMethodAccessorImpl.invoke(Unknown Source)

	at java.lang.reflect.Method.invoke(Unknown Source)

	at junit.framework.TestCase.runTest(TestCase.java:176)

	at junit.framework.TestCase.runBare(TestCase.java:141)

	at org.apache.camel.TestSupport.runBare(TestSupport.java:58)

	at junit.framework.TestResult$1.protect(TestResult.java:122)

	at junit.framework.TestResult.runProtected(TestResult.java:142)

	at junit.framework.TestResult.run(TestResult.java:125)

	at junit.framework.TestCase.run(TestCase.java:129)

	at junit.framework.TestSuite.runTest(TestSuite.java:252)

	at junit.framework.TestSuite.run(TestSuite.java:247)

	at org.junit.internal.runners.JUnit38ClassRunner.run(JUnit38ClassRunner.java:86)

	at org.eclipse.jdt.internal.junit4.runner.JUnit4TestReference.run(JUnit4TestReference.java:86)

	at org.eclipse.jdt.internal.junit.runner.TestExecution.run(TestExecution.java:38)

	at org.eclipse.jdt.internal.junit.runner.RemoteTestRunner.runTests(RemoteTestRunner.java:459)

	at org.eclipse.jdt.internal.junit.runner.RemoteTestRunner.runTests(RemoteTestRunner.java:678)

	at org.eclipse.jdt.internal.junit.runner.RemoteTestRunner.run(RemoteTestRunner.java:382)

	at org.eclipse.jdt.internal.junit.runner.RemoteTestRunner.main(RemoteTestRunner.java:192)



org.apache.camel.management.ManagedRandomLoadBalancerTest
testManageRandomLoadBalancer(org.apache.camel.management.ManagedRandomLoadBalancerTest)
junit.framework.AssertionFailedError: expected:<2> but was:<0>

	at junit.framework.Assert.fail(Assert.java:57)

	at junit.framework.Assert.failNotEquals(Assert.java:329)

	at junit.framework.Assert.assertEquals(Assert.java:78)

	at junit.framework.Assert.assertEquals(Assert.java:234)

	at junit.framework.Assert.assertEquals(Assert.java:241)

	at junit.framework.TestCase.assertEquals(TestCase.java:409)

	at org.apache.camel.management.ManagedRandomLoadBalancerTest.testManageRandomLoadBalancer(ManagedRandomLoadBalancerTest.java:63)

	at sun.reflect.NativeMethodAccessorImpl.invoke0(Native Method)

	at sun.reflect.NativeMethodAccessorImpl.invoke(Unknown Source)

	at sun.reflect.DelegatingMethodAccessorImpl.invoke(Unknown Source)

	at java.lang.reflect.Method.invoke(Unknown Source)

	at junit.framework.TestCase.runTest(TestCase.java:176)

	at junit.framework.TestCase.runBare(TestCase.java:141)

	at org.apache.camel.TestSupport.runBare(TestSupport.java:58)

	at junit.framework.TestResult$1.protect(TestResult.java:122)

	at junit.framework.TestResult.runProtected(TestResult.java:142)

	at junit.framework.TestResult.run(TestResult.java:125)

	at junit.framework.TestCase.run(TestCase.java:129)

	at junit.framework.TestSuite.runTest(TestSuite.java:252)

	at junit.framework.TestSuite.run(TestSuite.java:247)

	at org.junit.internal.runners.JUnit38ClassRunner.run(JUnit38ClassRunner.java:86)

	at org.eclipse.jdt.internal.junit4.runner.JUnit4TestReference.run(JUnit4TestReference.java:86)

	at org.eclipse.jdt.internal.junit.runner.TestExecution.run(TestExecution.java:38)

	at org.eclipse.jdt.internal.junit.runner.RemoteTestRunner.runTests(RemoteTestRunner.java:459)

	at org.eclipse.jdt.internal.junit.runner.RemoteTestRunner.runTests(RemoteTestRunner.java:678)

	at org.eclipse.jdt.internal.junit.runner.RemoteTestRunner.run(RemoteTestRunner.java:382)

	at org.eclipse.jdt.internal.junit.runner.RemoteTestRunner.main(RemoteTestRunner.java:192)



org.apache.camel.management.ManagedUnmarshalTest
testManageUnmarshal(org.apache.camel.management.ManagedUnmarshalTest)
junit.framework.AssertionFailedError: expected:<2> but was:<0>

	at junit.framework.Assert.fail(Assert.java:57)

	at junit.framework.Assert.failNotEquals(Assert.java:329)

	at junit.framework.Assert.assertEquals(Assert.java:78)

	at junit.framework.Assert.assertEquals(Assert.java:234)

	at junit.framework.Assert.assertEquals(Assert.java:241)

	at junit.framework.TestCase.assertEquals(TestCase.java:409)

	at org.apache.camel.management.ManagedUnmarshalTest.testManageUnmarshal(ManagedUnmarshalTest.java:71)

	at sun.reflect.NativeMethodAccessorImpl.invoke0(Native Method)

	at sun.reflect.NativeMethodAccessorImpl.invoke(Unknown Source)

	at sun.reflect.DelegatingMethodAccessorImpl.invoke(Unknown Source)

	at java.lang.reflect.Method.invoke(Unknown Source)

	at junit.framework.TestCase.runTest(TestCase.java:176)

	at junit.framework.TestCase.runBare(TestCase.java:141)

	at org.apache.camel.TestSupport.runBare(TestSupport.java:58)

	at junit.framework.TestResult$1.protect(TestResult.java:122)

	at junit.framework.TestResult.runProtected(TestResult.java:142)

	at junit.framework.TestResult.run(TestResult.java:125)

	at junit.framework.TestCase.run(TestCase.java:129)

	at junit.framework.TestSuite.runTest(TestSuite.java:252)

	at junit.framework.TestSuite.run(TestSuite.java:247)

	at org.junit.internal.runners.JUnit38ClassRunner.run(JUnit38ClassRunner.java:86)

	at org.eclipse.jdt.internal.junit4.runner.JUnit4TestReference.run(JUnit4TestReference.java:86)

	at org.eclipse.jdt.internal.junit.runner.TestExecution.run(TestExecution.java:38)

	at org.eclipse.jdt.internal.junit.runner.RemoteTestRunner.runTests(RemoteTestRunner.java:459)

	at org.eclipse.jdt.internal.junit.runner.RemoteTestRunner.runTests(RemoteTestRunner.java:678)

	at org.eclipse.jdt.internal.junit.runner.RemoteTestRunner.run(RemoteTestRunner.java:382)

	at org.eclipse.jdt.internal.junit.runner.RemoteTestRunner.main(RemoteTestRunner.java:192)



org.apache.camel.management.ManagedCamelContextTest
testManagedCamelContextExplainEipTrue(org.apache.camel.management.ManagedCamelContextTest)
junit.framework.AssertionFailedError

	at junit.framework.Assert.fail(Assert.java:55)

	at junit.framework.Assert.assertTrue(Assert.java:22)

	at junit.framework.Assert.assertNotNull(Assert.java:256)

	at junit.framework.Assert.assertNotNull(Assert.java:248)

	at junit.framework.TestCase.assertNotNull(TestCase.java:417)

	at org.apache.camel.management.ManagedCamelContextTest.testManagedCamelContextExplainEipTrue(ManagedCamelContextTest.java:350)

	at sun.reflect.NativeMethodAccessorImpl.invoke0(Native Method)

	at sun.reflect.NativeMethodAccessorImpl.invoke(Unknown Source)

	at sun.reflect.DelegatingMethodAccessorImpl.invoke(Unknown Source)

	at java.lang.reflect.Method.invoke(Unknown Source)

	at junit.framework.TestCase.runTest(TestCase.java:176)

	at junit.framework.TestCase.runBare(TestCase.java:141)

	at org.apache.camel.TestSupport.runBare(TestSupport.java:58)

	at junit.framework.TestResult$1.protect(TestResult.java:122)

	at junit.framework.TestResult.runProtected(TestResult.java:142)

	at junit.framework.TestResult.run(TestResult.java:125)

	at junit.framework.TestCase.run(TestCase.java:129)

	at junit.framework.TestSuite.runTest(TestSuite.java:252)

	at junit.framework.TestSuite.run(TestSuite.java:247)

	at org.junit.internal.runners.JUnit38ClassRunner.run(JUnit38ClassRunner.java:86)

	at org.eclipse.jdt.internal.junit4.runner.JUnit4TestReference.run(JUnit4TestReference.java:86)

	at org.eclipse.jdt.internal.junit.runner.TestExecution.run(TestExecution.java:38)

	at org.eclipse.jdt.internal.junit.runner.RemoteTestRunner.runTests(RemoteTestRunner.java:459)

	at org.eclipse.jdt.internal.junit.runner.RemoteTestRunner.runTests(RemoteTestRunner.java:678)

	at org.eclipse.jdt.internal.junit.runner.RemoteTestRunner.run(RemoteTestRunner.java:382)

	at org.eclipse.jdt.internal.junit.runner.RemoteTestRunner.main(RemoteTestRunner.java:192)



testManagedCamelContextExplainEipFalse(org.apache.camel.management.ManagedCamelContextTest)
junit.framework.AssertionFailedError

	at junit.framework.Assert.fail(Assert.java:55)

	at junit.framework.Assert.assertTrue(Assert.java:22)

	at junit.framework.Assert.assertNotNull(Assert.java:256)

	at junit.framework.Assert.assertNotNull(Assert.java:248)

	at junit.framework.TestCase.assertNotNull(TestCase.java:417)

	at org.apache.camel.management.ManagedCamelContextTest.testManagedCamelContextExplainEipFalse(ManagedCamelContextTest.java:331)

	at sun.reflect.NativeMethodAccessorImpl.invoke0(Native Method)

	at sun.reflect.NativeMethodAccessorImpl.invoke(Unknown Source)

	at sun.reflect.DelegatingMethodAccessorImpl.invoke(Unknown Source)

	at java.lang.reflect.Method.invoke(Unknown Source)

	at junit.framework.TestCase.runTest(TestCase.java:176)

	at junit.framework.TestCase.runBare(TestCase.java:141)

	at org.apache.camel.TestSupport.runBare(TestSupport.java:58)

	at junit.framework.TestResult$1.protect(TestResult.java:122)

	at junit.framework.TestResult.runProtected(TestResult.java:142)

	at junit.framework.TestResult.run(TestResult.java:125)

	at junit.framework.TestCase.run(TestCase.java:129)

	at junit.framework.TestSuite.runTest(TestSuite.java:252)

	at junit.framework.TestSuite.run(TestSuite.java:247)

	at org.junit.internal.runners.JUnit38ClassRunner.run(JUnit38ClassRunner.java:86)

	at org.eclipse.jdt.internal.junit4.runner.JUnit4TestReference.run(JUnit4TestReference.java:86)

	at org.eclipse.jdt.internal.junit.runner.TestExecution.run(TestExecution.java:38)

	at org.eclipse.jdt.internal.junit.runner.RemoteTestRunner.runTests(RemoteTestRunner.java:459)

	at org.eclipse.jdt.internal.junit.runner.RemoteTestRunner.runTests(RemoteTestRunner.java:678)

	at org.eclipse.jdt.internal.junit.runner.RemoteTestRunner.run(RemoteTestRunner.java:382)

	at org.eclipse.jdt.internal.junit.runner.RemoteTestRunner.main(RemoteTestRunner.java:192)



testManagedCamelContextExplainEipModel(org.apache.camel.management.ManagedCamelContextTest)
junit.framework.AssertionFailedError

	at junit.framework.Assert.fail(Assert.java:55)

	at junit.framework.Assert.assertTrue(Assert.java:22)

	at junit.framework.Assert.assertNotNull(Assert.java:256)

	at junit.framework.Assert.assertNotNull(Assert.java:248)

	at junit.framework.TestCase.assertNotNull(TestCase.java:417)

	at org.apache.camel.management.ManagedCamelContextTest.testManagedCamelContextExplainEipModel(ManagedCamelContextTest.java:371)

	at sun.reflect.NativeMethodAccessorImpl.invoke0(Native Method)

	at sun.reflect.NativeMethodAccessorImpl.invoke(Unknown Source)

	at sun.reflect.DelegatingMethodAccessorImpl.invoke(Unknown Source)

	at java.lang.reflect.Method.invoke(Unknown Source)

	at junit.framework.TestCase.runTest(TestCase.java:176)

	at junit.framework.TestCase.runBare(TestCase.java:141)

	at org.apache.camel.TestSupport.runBare(TestSupport.java:58)

	at junit.framework.TestResult$1.protect(TestResult.java:122)

	at junit.framework.TestResult.runProtected(TestResult.java:142)

	at junit.framework.TestResult.run(TestResult.java:125)

	at junit.framework.TestCase.run(TestCase.java:129)

	at junit.framework.TestSuite.runTest(TestSuite.java:252)

	at junit.framework.TestSuite.run(TestSuite.java:247)

	at org.junit.internal.runners.JUnit38ClassRunner.run(JUnit38ClassRunner.java:86)

	at org.eclipse.jdt.internal.junit4.runner.JUnit4TestReference.run(JUnit4TestReference.java:86)

	at org.eclipse.jdt.internal.junit.runner.TestExecution.run(TestExecution.java:38)

	at org.eclipse.jdt.internal.junit.runner.RemoteTestRunner.runTests(RemoteTestRunner.java:459)

	at org.eclipse.jdt.internal.junit.runner.RemoteTestRunner.runTests(RemoteTestRunner.java:678)

	at org.eclipse.jdt.internal.junit.runner.RemoteTestRunner.run(RemoteTestRunner.java:382)

	at org.eclipse.jdt.internal.junit.runner.RemoteTestRunner.main(RemoteTestRunner.java:192)



testManagedCamelContextExplainEndpointUriTrue(org.apache.camel.management.ManagedCamelContextTest)
junit.framework.AssertionFailedError

	at junit.framework.Assert.fail(Assert.java:55)

	at junit.framework.Assert.assertTrue(Assert.java:22)

	at junit.framework.Assert.assertNotNull(Assert.java:256)

	at junit.framework.Assert.assertNotNull(Assert.java:248)

	at junit.framework.TestCase.assertNotNull(TestCase.java:417)

	at org.apache.camel.management.ManagedCamelContextTest.testManagedCamelContextExplainEndpointUriTrue(ManagedCamelContextTest.java:300)

	at sun.reflect.NativeMethodAccessorImpl.invoke0(Native Method)

	at sun.reflect.NativeMethodAccessorImpl.invoke(Unknown Source)

	at sun.reflect.DelegatingMethodAccessorImpl.invoke(Unknown Source)

	at java.lang.reflect.Method.invoke(Unknown Source)

	at junit.framework.TestCase.runTest(TestCase.java:176)

	at junit.framework.TestCase.runBare(TestCase.java:141)

	at org.apache.camel.TestSupport.runBare(TestSupport.java:58)

	at junit.framework.TestResult$1.protect(TestResult.java:122)

	at junit.framework.TestResult.runProtected(TestResult.java:142)

	at junit.framework.TestResult.run(TestResult.java:125)

	at junit.framework.TestCase.run(TestCase.java:129)

	at junit.framework.TestSuite.runTest(TestSuite.java:252)

	at junit.framework.TestSuite.run(TestSuite.java:247)

	at org.junit.internal.runners.JUnit38ClassRunner.run(JUnit38ClassRunner.java:86)

	at org.eclipse.jdt.internal.junit4.runner.JUnit4TestReference.run(JUnit4TestReference.java:86)

	at org.eclipse.jdt.internal.junit.runner.TestExecution.run(TestExecution.java:38)

	at org.eclipse.jdt.internal.junit.runner.RemoteTestRunner.runTests(RemoteTestRunner.java:459)

	at org.eclipse.jdt.internal.junit.runner.RemoteTestRunner.runTests(RemoteTestRunner.java:678)

	at org.eclipse.jdt.internal.junit.runner.RemoteTestRunner.run(RemoteTestRunner.java:382)

	at org.eclipse.jdt.internal.junit.runner.RemoteTestRunner.main(RemoteTestRunner.java:192)



testManagedCamelContextExplainComponentModel(org.apache.camel.management.ManagedCamelContextTest)
junit.framework.AssertionFailedError

	at junit.framework.Assert.fail(Assert.java:55)

	at junit.framework.Assert.assertTrue(Assert.java:22)

	at junit.framework.Assert.assertNotNull(Assert.java:256)

	at junit.framework.Assert.assertNotNull(Assert.java:248)

	at junit.framework.TestCase.assertNotNull(TestCase.java:417)

	at org.apache.camel.management.ManagedCamelContextTest.testManagedCamelContextExplainComponentModel(ManagedCamelContextTest.java:390)

	at sun.reflect.NativeMethodAccessorImpl.invoke0(Native Method)

	at sun.reflect.NativeMethodAccessorImpl.invoke(Unknown Source)

	at sun.reflect.DelegatingMethodAccessorImpl.invoke(Unknown Source)

	at java.lang.reflect.Method.invoke(Unknown Source)

	at junit.framework.TestCase.runTest(TestCase.java:176)

	at junit.framework.TestCase.runBare(TestCase.java:141)

	at org.apache.camel.TestSupport.runBare(TestSupport.java:58)

	at junit.framework.TestResult$1.protect(TestResult.java:122)

	at junit.framework.TestResult.runProtected(TestResult.java:142)

	at junit.framework.TestResult.run(TestResult.java:125)

	at junit.framework.TestCase.run(TestCase.java:129)

	at junit.framework.TestSuite.runTest(TestSuite.java:252)

	at junit.framework.TestSuite.run(TestSuite.java:247)

	at org.junit.internal.runners.JUnit38ClassRunner.run(JUnit38ClassRunner.java:86)

	at org.eclipse.jdt.internal.junit4.runner.JUnit4TestReference.run(JUnit4TestReference.java:86)

	at org.eclipse.jdt.internal.junit.runner.TestExecution.run(TestExecution.java:38)

	at org.eclipse.jdt.internal.junit.runner.RemoteTestRunner.runTests(RemoteTestRunner.java:459)

	at org.eclipse.jdt.internal.junit.runner.RemoteTestRunner.runTests(RemoteTestRunner.java:678)

	at org.eclipse.jdt.internal.junit.runner.RemoteTestRunner.run(RemoteTestRunner.java:382)

	at org.eclipse.jdt.internal.junit.runner.RemoteTestRunner.main(RemoteTestRunner.java:192)



testManagedCamelContextExplainEndpointUriFalse(org.apache.camel.management.ManagedCamelContextTest)
junit.framework.AssertionFailedError

	at junit.framework.Assert.fail(Assert.java:55)

	at junit.framework.Assert.assertTrue(Assert.java:22)

	at junit.framework.Assert.assertNotNull(Assert.java:256)

	at junit.framework.Assert.assertNotNull(Assert.java:248)

	at junit.framework.TestCase.assertNotNull(TestCase.java:417)

	at org.apache.camel.management.ManagedCamelContextTest.testManagedCamelContextExplainEndpointUriFalse(ManagedCamelContextTest.java:267)

	at sun.reflect.NativeMethodAccessorImpl.invoke0(Native Method)

	at sun.reflect.NativeMethodAccessorImpl.invoke(Unknown Source)

	at sun.reflect.DelegatingMethodAccessorImpl.invoke(Unknown Source)

	at java.lang.reflect.Method.invoke(Unknown Source)

	at junit.framework.TestCase.runTest(TestCase.java:176)

	at junit.framework.TestCase.runBare(TestCase.java:141)

	at org.apache.camel.TestSupport.runBare(TestSupport.java:58)

	at junit.framework.TestResult$1.protect(TestResult.java:122)

	at junit.framework.TestResult.runProtected(TestResult.java:142)

	at junit.framework.TestResult.run(TestResult.java:125)

	at junit.framework.TestCase.run(TestCase.java:129)

	at junit.framework.TestSuite.runTest(TestSuite.java:252)

	at junit.framework.TestSuite.run(TestSuite.java:247)

	at org.junit.internal.runners.JUnit38ClassRunner.run(JUnit38ClassRunner.java:86)

	at org.eclipse.jdt.internal.junit4.runner.JUnit4TestReference.run(JUnit4TestReference.java:86)

	at org.eclipse.jdt.internal.junit.runner.TestExecution.run(TestExecution.java:38)

	at org.eclipse.jdt.internal.junit.runner.RemoteTestRunner.runTests(RemoteTestRunner.java:459)

	at org.eclipse.jdt.internal.junit.runner.RemoteTestRunner.runTests(RemoteTestRunner.java:678)

	at org.eclipse.jdt.internal.junit.runner.RemoteTestRunner.run(RemoteTestRunner.java:382)

	at org.eclipse.jdt.internal.junit.runner.RemoteTestRunner.main(RemoteTestRunner.java:192)



org.apache.camel.management.ManagedStickyLoadBalancerTest
testManageStickyLoadBalancer(org.apache.camel.management.ManagedStickyLoadBalancerTest)
junit.framework.AssertionFailedError: expected:<2> but was:<0>

	at junit.framework.Assert.fail(Assert.java:57)

	at junit.framework.Assert.failNotEquals(Assert.java:329)

	at junit.framework.Assert.assertEquals(Assert.java:78)

	at junit.framework.Assert.assertEquals(Assert.java:234)

	at junit.framework.Assert.assertEquals(Assert.java:241)

	at junit.framework.TestCase.assertEquals(TestCase.java:409)

	at org.apache.camel.management.ManagedStickyLoadBalancerTest.testManageStickyLoadBalancer(ManagedStickyLoadBalancerTest.java:74)

	at sun.reflect.NativeMethodAccessorImpl.invoke0(Native Method)

	at sun.reflect.NativeMethodAccessorImpl.invoke(Unknown Source)

	at sun.reflect.DelegatingMethodAccessorImpl.invoke(Unknown Source)

	at java.lang.reflect.Method.invoke(Unknown Source)

	at junit.framework.TestCase.runTest(TestCase.java:176)

	at junit.framework.TestCase.runBare(TestCase.java:141)

	at org.apache.camel.TestSupport.runBare(TestSupport.java:58)

	at junit.framework.TestResult$1.protect(TestResult.java:122)

	at junit.framework.TestResult.runProtected(TestResult.java:142)

	at junit.framework.TestResult.run(TestResult.java:125)

	at junit.framework.TestCase.run(TestCase.java:129)

	at junit.framework.TestSuite.runTest(TestSuite.java:252)

	at junit.framework.TestSuite.run(TestSuite.java:247)

	at org.junit.internal.runners.JUnit38ClassRunner.run(JUnit38ClassRunner.java:86)

	at org.eclipse.jdt.internal.junit4.runner.JUnit4TestReference.run(JUnit4TestReference.java:86)

	at org.eclipse.jdt.internal.junit.runner.TestExecution.run(TestExecution.java:38)

	at org.eclipse.jdt.internal.junit.runner.RemoteTestRunner.runTests(RemoteTestRunner.java:459)

	at org.eclipse.jdt.internal.junit.runner.RemoteTestRunner.runTests(RemoteTestRunner.java:678)

	at org.eclipse.jdt.internal.junit.runner.RemoteTestRunner.run(RemoteTestRunner.java:382)

	at org.eclipse.jdt.internal.junit.runner.RemoteTestRunner.main(RemoteTestRunner.java:192)



org.apache.camel.component.properties.PropertiesComponentServicePortTest
testFunction(org.apache.camel.component.properties.PropertiesComponentServicePortTest)
org.apache.camel.FailedToCreateRouteException: Failed to create route route1 at: >>> Transform[constant{someserver:{{service.port:FOO}}}] <<< in route: Route(route1)[[From[direct:start]] -> [To[mock:foo], Transfo... because of Property with key [service.port:FOO] using function [service.port] returned null value which is not allowed, from input: someserver:{{service.port:FOO}}

	at org.apache.camel.model.RouteDefinition.addRoutes(RouteDefinition.java:1071)

	at org.apache.camel.model.RouteDefinition.addRoutes(RouteDefinition.java:196)

	at org.apache.camel.impl.DefaultCamelContext.startRoute(DefaultCamelContext.java:1013)

	at org.apache.camel.impl.DefaultCamelContext.startRouteDefinitions(DefaultCamelContext.java:3433)

	at org.apache.camel.impl.DefaultCamelContext.doStartCamel(DefaultCamelContext.java:3164)

	at org.apache.camel.impl.DefaultCamelContext.access$0(DefaultCamelContext.java:3018)

	at org.apache.camel.impl.DefaultCamelContext$2.call(DefaultCamelContext.java:2993)

	at org.apache.camel.impl.DefaultCamelContext$2.call(DefaultCamelContext.java:1)

	at org.apache.camel.impl.DefaultCamelContext.doWithDefinedClassLoader(DefaultCamelContext.java:3012)

	at org.apache.camel.impl.DefaultCamelContext.doStart(DefaultCamelContext.java:2989)

	at org.apache.camel.support.ServiceSupport.start(ServiceSupport.java:61)

	at org.apache.camel.impl.DefaultCamelContext.start(DefaultCamelContext.java:2927)

	at org.apache.camel.component.properties.PropertiesComponentServicePortTest.testFunction(PropertiesComponentServicePortTest.java:39)

	at sun.reflect.NativeMethodAccessorImpl.invoke0(Native Method)

	at sun.reflect.NativeMethodAccessorImpl.invoke(Unknown Source)

	at sun.reflect.DelegatingMethodAccessorImpl.invoke(Unknown Source)

	at java.lang.reflect.Method.invoke(Unknown Source)

	at junit.framework.TestCase.runTest(TestCase.java:176)

	at junit.framework.TestCase.runBare(TestCase.java:141)

	at org.apache.camel.TestSupport.runBare(TestSupport.java:58)

	at junit.framework.TestResult$1.protect(TestResult.java:122)

	at junit.framework.TestResult.runProtected(TestResult.java:142)

	at junit.framework.TestResult.run(TestResult.java:125)

	at junit.framework.TestCase.run(TestCase.java:129)

	at junit.framework.TestSuite.runTest(TestSuite.java:252)

	at junit.framework.TestSuite.run(TestSuite.java:247)

	at org.junit.internal.runners.JUnit38ClassRunner.run(JUnit38ClassRunner.java:86)

	at org.eclipse.jdt.internal.junit4.runner.JUnit4TestReference.run(JUnit4TestReference.java:86)

	at org.eclipse.jdt.internal.junit.runner.TestExecution.run(TestExecution.java:38)

	at org.eclipse.jdt.internal.junit.runner.RemoteTestRunner.runTests(RemoteTestRunner.java:459)

	at org.eclipse.jdt.internal.junit.runner.RemoteTestRunner.runTests(RemoteTestRunner.java:678)

	at org.eclipse.jdt.internal.junit.runner.RemoteTestRunner.run(RemoteTestRunner.java:382)

	at org.eclipse.jdt.internal.junit.runner.RemoteTestRunner.main(RemoteTestRunner.java:192)

Caused by: java.lang.IllegalArgumentException: Property with key [service.port:FOO] using function [service.port] returned null value which is not allowed, from input: someserver:{{service.port:FOO}}

	at org.apache.camel.component.properties.DefaultPropertiesParser$ParsingContext.getPropertyValue(DefaultPropertiesParser.java:226)

	at org.apache.camel.component.properties.DefaultPropertiesParser$ParsingContext.readProperty(DefaultPropertiesParser.java:156)

	at org.apache.camel.component.properties.DefaultPropertiesParser$ParsingContext.doParse(DefaultPropertiesParser.java:115)

	at org.apache.camel.component.properties.DefaultPropertiesParser$ParsingContext.parse(DefaultPropertiesParser.java:99)

	at org.apache.camel.component.properties.DefaultPropertiesParser.parseUri(DefaultPropertiesParser.java:62)

	at org.apache.camel.component.properties.PropertiesComponent.parseUri(PropertiesComponent.java:222)

	at org.apache.camel.component.properties.PropertiesComponent.parseUri(PropertiesComponent.java:165)

	at org.apache.camel.impl.DefaultCamelContext.resolvePropertyPlaceholders(DefaultCamelContext.java:2353)

	at org.apache.camel.model.ProcessorDefinitionHelper.resolvePropertyPlaceholders(ProcessorDefinitionHelper.java:734)

	at org.apache.camel.model.ProcessorDefinition.makeProcessorImpl(ProcessorDefinition.java:532)

	at org.apache.camel.model.ProcessorDefinition.makeProcessor(ProcessorDefinition.java:506)

	at org.apache.camel.model.ProcessorDefinition.addRoutes(ProcessorDefinition.java:222)

	at org.apache.camel.model.RouteDefinition.addRoutes(RouteDefinition.java:1068)

	... 32 more



org.apache.camel.management.ManagedDynamicRouterTest
testManageDynamicRouter(org.apache.camel.management.ManagedDynamicRouterTest)
junit.framework.AssertionFailedError: expected:<2> but was:<0>

	at junit.framework.Assert.fail(Assert.java:57)

	at junit.framework.Assert.failNotEquals(Assert.java:329)

	at junit.framework.Assert.assertEquals(Assert.java:78)

	at junit.framework.Assert.assertEquals(Assert.java:234)

	at junit.framework.Assert.assertEquals(Assert.java:241)

	at junit.framework.TestCase.assertEquals(TestCase.java:409)

	at org.apache.camel.management.ManagedDynamicRouterTest.testManageDynamicRouter(ManagedDynamicRouterTest.java:87)

	at sun.reflect.NativeMethodAccessorImpl.invoke0(Native Method)

	at sun.reflect.NativeMethodAccessorImpl.invoke(Unknown Source)

	at sun.reflect.DelegatingMethodAccessorImpl.invoke(Unknown Source)

	at java.lang.reflect.Method.invoke(Unknown Source)

	at junit.framework.TestCase.runTest(TestCase.java:176)

	at junit.framework.TestCase.runBare(TestCase.java:141)

	at org.apache.camel.TestSupport.runBare(TestSupport.java:58)

	at junit.framework.TestResult$1.protect(TestResult.java:122)

	at junit.framework.TestResult.runProtected(TestResult.java:142)

	at junit.framework.TestResult.run(TestResult.java:125)

	at junit.framework.TestCase.run(TestCase.java:129)

	at junit.framework.TestSuite.runTest(TestSuite.java:252)

	at junit.framework.TestSuite.run(TestSuite.java:247)

	at org.junit.internal.runners.JUnit38ClassRunner.run(JUnit38ClassRunner.java:86)

	at org.eclipse.jdt.internal.junit4.runner.JUnit4TestReference.run(JUnit4TestReference.java:86)

	at org.eclipse.jdt.internal.junit.runner.TestExecution.run(TestExecution.java:38)

	at org.eclipse.jdt.internal.junit.runner.RemoteTestRunner.runTests(RemoteTestRunner.java:459)

	at org.eclipse.jdt.internal.junit.runner.RemoteTestRunner.runTests(RemoteTestRunner.java:678)

	at org.eclipse.jdt.internal.junit.runner.RemoteTestRunner.run(RemoteTestRunner.java:382)

	at org.eclipse.jdt.internal.junit.runner.RemoteTestRunner.main(RemoteTestRunner.java:192)



org.apache.camel.management.ManagedFilterTest
testManageFilter(org.apache.camel.management.ManagedFilterTest)
junit.framework.AssertionFailedError: expected:<2> but was:<0>

	at junit.framework.Assert.fail(Assert.java:57)

	at junit.framework.Assert.failNotEquals(Assert.java:329)

	at junit.framework.Assert.assertEquals(Assert.java:78)

	at junit.framework.Assert.assertEquals(Assert.java:234)

	at junit.framework.Assert.assertEquals(Assert.java:241)

	at junit.framework.TestCase.assertEquals(TestCase.java:409)

	at org.apache.camel.management.ManagedFilterTest.testManageFilter(ManagedFilterTest.java:72)

	at sun.reflect.NativeMethodAccessorImpl.invoke0(Native Method)

	at sun.reflect.NativeMethodAccessorImpl.invoke(Unknown Source)

	at sun.reflect.DelegatingMethodAccessorImpl.invoke(Unknown Source)

	at java.lang.reflect.Method.invoke(Unknown Source)

	at junit.framework.TestCase.runTest(TestCase.java:176)

	at junit.framework.TestCase.runBare(TestCase.java:141)

	at org.apache.camel.TestSupport.runBare(TestSupport.java:58)

	at junit.framework.TestResult$1.protect(TestResult.java:122)

	at junit.framework.TestResult.runProtected(TestResult.java:142)

	at junit.framework.TestResult.run(TestResult.java:125)

	at junit.framework.TestCase.run(TestCase.java:129)

	at junit.framework.TestSuite.runTest(TestSuite.java:252)

	at junit.framework.TestSuite.run(TestSuite.java:247)

	at org.junit.internal.runners.JUnit38ClassRunner.run(JUnit38ClassRunner.java:86)

	at org.eclipse.jdt.internal.junit4.runner.JUnit4TestReference.run(JUnit4TestReference.java:86)

	at org.eclipse.jdt.internal.junit.runner.TestExecution.run(TestExecution.java:38)

	at org.eclipse.jdt.internal.junit.runner.RemoteTestRunner.runTests(RemoteTestRunner.java:459)

	at org.eclipse.jdt.internal.junit.runner.RemoteTestRunner.runTests(RemoteTestRunner.java:678)

	at org.eclipse.jdt.internal.junit.runner.RemoteTestRunner.run(RemoteTestRunner.java:382)

	at org.eclipse.jdt.internal.junit.runner.RemoteTestRunner.main(RemoteTestRunner.java:192)



org.apache.camel.component.mock.MockComponentConfigurationAndDocumentationTest
testComponentConfiguration(org.apache.camel.component.mock.MockComponentConfigurationAndDocumentationTest)
junit.framework.AssertionFailedError

	at junit.framework.Assert.fail(Assert.java:55)

	at junit.framework.Assert.assertTrue(Assert.java:22)

	at junit.framework.Assert.assertTrue(Assert.java:31)

	at junit.framework.TestCase.assertTrue(TestCase.java:201)

	at org.apache.camel.component.mock.MockComponentConfigurationAndDocumentationTest.testComponentConfiguration(MockComponentConfigurationAndDocumentationTest.java:44)

	at sun.reflect.NativeMethodAccessorImpl.invoke0(Native Method)

	at sun.reflect.NativeMethodAccessorImpl.invoke(Unknown Source)

	at sun.reflect.DelegatingMethodAccessorImpl.invoke(Unknown Source)

	at java.lang.reflect.Method.invoke(Unknown Source)

	at junit.framework.TestCase.runTest(TestCase.java:176)

	at junit.framework.TestCase.runBare(TestCase.java:141)

	at org.apache.camel.TestSupport.runBare(TestSupport.java:58)

	at junit.framework.TestResult$1.protect(TestResult.java:122)

	at junit.framework.TestResult.runProtected(TestResult.java:142)

	at junit.framework.TestResult.run(TestResult.java:125)

	at junit.framework.TestCase.run(TestCase.java:129)

	at junit.framework.TestSuite.runTest(TestSuite.java:252)

	at junit.framework.TestSuite.run(TestSuite.java:247)

	at org.junit.internal.runners.JUnit38ClassRunner.run(JUnit38ClassRunner.java:86)

	at org.eclipse.jdt.internal.junit4.runner.JUnit4TestReference.run(JUnit4TestReference.java:86)

	at org.eclipse.jdt.internal.junit.runner.TestExecution.run(TestExecution.java:38)

	at org.eclipse.jdt.internal.junit.runner.RemoteTestRunner.runTests(RemoteTestRunner.java:459)

	at org.eclipse.jdt.internal.junit.runner.RemoteTestRunner.runTests(RemoteTestRunner.java:678)

	at org.eclipse.jdt.internal.junit.runner.RemoteTestRunner.run(RemoteTestRunner.java:382)

	at org.eclipse.jdt.internal.junit.runner.RemoteTestRunner.main(RemoteTestRunner.java:192)



testEndpointExplain(org.apache.camel.component.mock.MockComponentConfigurationAndDocumentationTest)
junit.framework.AssertionFailedError

	at junit.framework.Assert.fail(Assert.java:55)

	at junit.framework.Assert.assertTrue(Assert.java:22)

	at junit.framework.Assert.assertNotNull(Assert.java:256)

	at junit.framework.Assert.assertNotNull(Assert.java:248)

	at junit.framework.TestCase.assertNotNull(TestCase.java:417)

	at org.apache.camel.component.mock.MockComponentConfigurationAndDocumentationTest.testEndpointExplain(MockComponentConfigurationAndDocumentationTest.java:52)

	at sun.reflect.NativeMethodAccessorImpl.invoke0(Native Method)

	at sun.reflect.NativeMethodAccessorImpl.invoke(Unknown Source)

	at sun.reflect.DelegatingMethodAccessorImpl.invoke(Unknown Source)

	at java.lang.reflect.Method.invoke(Unknown Source)

	at junit.framework.TestCase.runTest(TestCase.java:176)

	at junit.framework.TestCase.runBare(TestCase.java:141)

	at org.apache.camel.TestSupport.runBare(TestSupport.java:58)

	at junit.framework.TestResult$1.protect(TestResult.java:122)

	at junit.framework.TestResult.runProtected(TestResult.java:142)

	at junit.framework.TestResult.run(TestResult.java:125)

	at junit.framework.TestCase.run(TestCase.java:129)

	at junit.framework.TestSuite.runTest(TestSuite.java:252)

	at junit.framework.TestSuite.run(TestSuite.java:247)

	at org.junit.internal.runners.JUnit38ClassRunner.run(JUnit38ClassRunner.java:86)

	at org.eclipse.jdt.internal.junit4.runner.JUnit4TestReference.run(JUnit4TestReference.java:86)

	at org.eclipse.jdt.internal.junit.runner.TestExecution.run(TestExecution.java:38)

	at org.eclipse.jdt.internal.junit.runner.RemoteTestRunner.runTests(RemoteTestRunner.java:459)

	at org.eclipse.jdt.internal.junit.runner.RemoteTestRunner.runTests(RemoteTestRunner.java:678)

	at org.eclipse.jdt.internal.junit.runner.RemoteTestRunner.run(RemoteTestRunner.java:382)

	at org.eclipse.jdt.internal.junit.runner.RemoteTestRunner.main(RemoteTestRunner.java:192)



testComponentDocumentation(org.apache.camel.component.mock.MockComponentConfigurationAndDocumentationTest)
junit.framework.AssertionFailedError: Should have found some auto-generated HTML

	at junit.framework.Assert.fail(Assert.java:57)

	at junit.framework.Assert.assertTrue(Assert.java:22)

	at junit.framework.Assert.assertNotNull(Assert.java:256)

	at junit.framework.TestCase.assertNotNull(TestCase.java:426)

	at org.apache.camel.component.mock.MockComponentConfigurationAndDocumentationTest.testComponentDocumentation(MockComponentConfigurationAndDocumentationTest.java:62)

	at sun.reflect.NativeMethodAccessorImpl.invoke0(Native Method)

	at sun.reflect.NativeMethodAccessorImpl.invoke(Unknown Source)

	at sun.reflect.DelegatingMethodAccessorImpl.invoke(Unknown Source)

	at java.lang.reflect.Method.invoke(Unknown Source)

	at junit.framework.TestCase.runTest(TestCase.java:176)

	at junit.framework.TestCase.runBare(TestCase.java:141)

	at org.apache.camel.TestSupport.runBare(TestSupport.java:58)

	at junit.framework.TestResult$1.protect(TestResult.java:122)

	at junit.framework.TestResult.runProtected(TestResult.java:142)

	at junit.framework.TestResult.run(TestResult.java:125)

	at junit.framework.TestCase.run(TestCase.java:129)

	at junit.framework.TestSuite.runTest(TestSuite.java:252)

	at junit.framework.TestSuite.run(TestSuite.java:247)

	at org.junit.internal.runners.JUnit38ClassRunner.run(JUnit38ClassRunner.java:86)

	at org.eclipse.jdt.internal.junit4.runner.JUnit4TestReference.run(JUnit4TestReference.java:86)

	at org.eclipse.jdt.internal.junit.runner.TestExecution.run(TestExecution.java:38)

	at org.eclipse.jdt.internal.junit.runner.RemoteTestRunner.runTests(RemoteTestRunner.java:459)

	at org.eclipse.jdt.internal.junit.runner.RemoteTestRunner.runTests(RemoteTestRunner.java:678)

	at org.eclipse.jdt.internal.junit.runner.RemoteTestRunner.run(RemoteTestRunner.java:382)

	at org.eclipse.jdt.internal.junit.runner.RemoteTestRunner.main(RemoteTestRunner.java:192)



org.apache.camel.management.ManagedRoutingSlipTest
testManageRoutingSlip(org.apache.camel.management.ManagedRoutingSlipTest)
junit.framework.AssertionFailedError: expected:<3> but was:<0>

	at junit.framework.Assert.fail(Assert.java:57)

	at junit.framework.Assert.failNotEquals(Assert.java:329)

	at junit.framework.Assert.assertEquals(Assert.java:78)

	at junit.framework.Assert.assertEquals(Assert.java:234)

	at junit.framework.Assert.assertEquals(Assert.java:241)

	at junit.framework.TestCase.assertEquals(TestCase.java:409)

	at org.apache.camel.management.ManagedRoutingSlipTest.testManageRoutingSlip(ManagedRoutingSlipTest.java:85)

	at sun.reflect.NativeMethodAccessorImpl.invoke0(Native Method)

	at sun.reflect.NativeMethodAccessorImpl.invoke(Unknown Source)

	at sun.reflect.DelegatingMethodAccessorImpl.invoke(Unknown Source)

	at java.lang.reflect.Method.invoke(Unknown Source)

	at junit.framework.TestCase.runTest(TestCase.java:176)

	at junit.framework.TestCase.runBare(TestCase.java:141)

	at org.apache.camel.TestSupport.runBare(TestSupport.java:58)

	at junit.framework.TestResult$1.protect(TestResult.java:122)

	at junit.framework.TestResult.runProtected(TestResult.java:142)

	at junit.framework.TestResult.run(TestResult.java:125)

	at junit.framework.TestCase.run(TestCase.java:129)

	at junit.framework.TestSuite.runTest(TestSuite.java:252)

	at junit.framework.TestSuite.run(TestSuite.java:247)

	at org.junit.internal.runners.JUnit38ClassRunner.run(JUnit38ClassRunner.java:86)

	at org.eclipse.jdt.internal.junit4.runner.JUnit4TestReference.run(JUnit4TestReference.java:86)

	at org.eclipse.jdt.internal.junit.runner.TestExecution.run(TestExecution.java:38)

	at org.eclipse.jdt.internal.junit.runner.RemoteTestRunner.runTests(RemoteTestRunner.java:459)

	at org.eclipse.jdt.internal.junit.runner.RemoteTestRunner.runTests(RemoteTestRunner.java:678)

	at org.eclipse.jdt.internal.junit.runner.RemoteTestRunner.run(RemoteTestRunner.java:382)

	at org.eclipse.jdt.internal.junit.runner.RemoteTestRunner.main(RemoteTestRunner.java:192)



org.apache.camel.component.browse.BrowseComponentConfigurationAndDocumentationTest
testComponentConfiguration(org.apache.camel.component.browse.BrowseComponentConfigurationAndDocumentationTest)
junit.framework.AssertionFailedError

	at junit.framework.Assert.fail(Assert.java:55)

	at junit.framework.Assert.assertTrue(Assert.java:22)

	at junit.framework.Assert.assertTrue(Assert.java:31)

	at junit.framework.TestCase.assertTrue(TestCase.java:201)

	at org.apache.camel.component.browse.BrowseComponentConfigurationAndDocumentationTest.testComponentConfiguration(BrowseComponentConfigurationAndDocumentationTest.java:44)

	at sun.reflect.NativeMethodAccessorImpl.invoke0(Native Method)

	at sun.reflect.NativeMethodAccessorImpl.invoke(Unknown Source)

	at sun.reflect.DelegatingMethodAccessorImpl.invoke(Unknown Source)

	at java.lang.reflect.Method.invoke(Unknown Source)

	at junit.framework.TestCase.runTest(TestCase.java:176)

	at junit.framework.TestCase.runBare(TestCase.java:141)

	at org.apache.camel.TestSupport.runBare(TestSupport.java:58)

	at junit.framework.TestResult$1.protect(TestResult.java:122)

	at junit.framework.TestResult.runProtected(TestResult.java:142)

	at junit.framework.TestResult.run(TestResult.java:125)

	at junit.framework.TestCase.run(TestCase.java:129)

	at junit.framework.TestSuite.runTest(TestSuite.java:252)

	at junit.framework.TestSuite.run(TestSuite.java:247)

	at org.junit.internal.runners.JUnit38ClassRunner.run(JUnit38ClassRunner.java:86)

	at org.eclipse.jdt.internal.junit4.runner.JUnit4TestReference.run(JUnit4TestReference.java:86)

	at org.eclipse.jdt.internal.junit.runner.TestExecution.run(TestExecution.java:38)

	at org.eclipse.jdt.internal.junit.runner.RemoteTestRunner.runTests(RemoteTestRunner.java:459)

	at org.eclipse.jdt.internal.junit.runner.RemoteTestRunner.runTests(RemoteTestRunner.java:678)

	at org.eclipse.jdt.internal.junit.runner.RemoteTestRunner.run(RemoteTestRunner.java:382)

	at org.eclipse.jdt.internal.junit.runner.RemoteTestRunner.main(RemoteTestRunner.java:192)



testComponentDocumentation(org.apache.camel.component.browse.BrowseComponentConfigurationAndDocumentationTest)
junit.framework.AssertionFailedError: Should have found some auto-generated HTML

	at junit.framework.Assert.fail(Assert.java:57)

	at junit.framework.Assert.assertTrue(Assert.java:22)

	at junit.framework.Assert.assertNotNull(Assert.java:256)

	at junit.framework.TestCase.assertNotNull(TestCase.java:426)

	at org.apache.camel.component.browse.BrowseComponentConfigurationAndDocumentationTest.testComponentDocumentation(BrowseComponentConfigurationAndDocumentationTest.java:52)

	at sun.reflect.NativeMethodAccessorImpl.invoke0(Native Method)

	at sun.reflect.NativeMethodAccessorImpl.invoke(Unknown Source)

	at sun.reflect.DelegatingMethodAccessorImpl.invoke(Unknown Source)

	at java.lang.reflect.Method.invoke(Unknown Source)

	at junit.framework.TestCase.runTest(TestCase.java:176)

	at junit.framework.TestCase.runBare(TestCase.java:141)

	at org.apache.camel.TestSupport.runBare(TestSupport.java:58)

	at junit.framework.TestResult$1.protect(TestResult.java:122)

	at junit.framework.TestResult.runProtected(TestResult.java:142)

	at junit.framework.TestResult.run(TestResult.java:125)

	at junit.framework.TestCase.run(TestCase.java:129)

	at junit.framework.TestSuite.runTest(TestSuite.java:252)

	at junit.framework.TestSuite.run(TestSuite.java:247)

	at org.junit.internal.runners.JUnit38ClassRunner.run(JUnit38ClassRunner.java:86)

	at org.eclipse.jdt.internal.junit4.runner.JUnit4TestReference.run(JUnit4TestReference.java:86)

	at org.eclipse.jdt.internal.junit.runner.TestExecution.run(TestExecution.java:38)

	at org.eclipse.jdt.internal.junit.runner.RemoteTestRunner.runTests(RemoteTestRunner.java:459)

	at org.eclipse.jdt.internal.junit.runner.RemoteTestRunner.runTests(RemoteTestRunner.java:678)

	at org.eclipse.jdt.internal.junit.runner.RemoteTestRunner.run(RemoteTestRunner.java:382)

	at org.eclipse.jdt.internal.junit.runner.RemoteTestRunner.main(RemoteTestRunner.java:192)



org.apache.camel.management.ManagedWireTapTest
testManageWireTap(org.apache.camel.management.ManagedWireTapTest)
junit.framework.AssertionFailedError: expected:<3> but was:<0>

	at junit.framework.Assert.fail(Assert.java:57)

	at junit.framework.Assert.failNotEquals(Assert.java:329)

	at junit.framework.Assert.assertEquals(Assert.java:78)

	at junit.framework.Assert.assertEquals(Assert.java:234)

	at junit.framework.Assert.assertEquals(Assert.java:241)

	at junit.framework.TestCase.assertEquals(TestCase.java:409)

	at org.apache.camel.management.ManagedWireTapTest.testManageWireTap(ManagedWireTapTest.java:84)

	at sun.reflect.NativeMethodAccessorImpl.invoke0(Native Method)

	at sun.reflect.NativeMethodAccessorImpl.invoke(Unknown Source)

	at sun.reflect.DelegatingMethodAccessorImpl.invoke(Unknown Source)

	at java.lang.reflect.Method.invoke(Unknown Source)

	at junit.framework.TestCase.runTest(TestCase.java:176)

	at junit.framework.TestCase.runBare(TestCase.java:141)

	at org.apache.camel.TestSupport.runBare(TestSupport.java:58)

	at junit.framework.TestResult$1.protect(TestResult.java:122)

	at junit.framework.TestResult.runProtected(TestResult.java:142)

	at junit.framework.TestResult.run(TestResult.java:125)

	at junit.framework.TestCase.run(TestCase.java:129)

	at junit.framework.TestSuite.runTest(TestSuite.java:252)

	at junit.framework.TestSuite.run(TestSuite.java:247)

	at org.junit.internal.runners.JUnit38ClassRunner.run(JUnit38ClassRunner.java:86)

	at org.eclipse.jdt.internal.junit4.runner.JUnit4TestReference.run(JUnit4TestReference.java:86)

	at org.eclipse.jdt.internal.junit.runner.TestExecution.run(TestExecution.java:38)

	at org.eclipse.jdt.internal.junit.runner.RemoteTestRunner.runTests(RemoteTestRunner.java:459)

	at org.eclipse.jdt.internal.junit.runner.RemoteTestRunner.runTests(RemoteTestRunner.java:678)

	at org.eclipse.jdt.internal.junit.runner.RemoteTestRunner.run(RemoteTestRunner.java:382)

	at org.eclipse.jdt.internal.junit.runner.RemoteTestRunner.main(RemoteTestRunner.java:192)



org.apache.camel.management.ManagedThreadsTest
testManageThreads(org.apache.camel.management.ManagedThreadsTest)
junit.framework.AssertionFailedError: expected:<4> but was:<0>

	at junit.framework.Assert.fail(Assert.java:57)

	at junit.framework.Assert.failNotEquals(Assert.java:329)

	at junit.framework.Assert.assertEquals(Assert.java:78)

	at junit.framework.Assert.assertEquals(Assert.java:234)

	at junit.framework.Assert.assertEquals(Assert.java:241)

	at junit.framework.TestCase.assertEquals(TestCase.java:409)

	at org.apache.camel.management.ManagedThreadsTest.testManageThreads(ManagedThreadsTest.java:63)

	at sun.reflect.NativeMethodAccessorImpl.invoke0(Native Method)

	at sun.reflect.NativeMethodAccessorImpl.invoke(Unknown Source)

	at sun.reflect.DelegatingMethodAccessorImpl.invoke(Unknown Source)

	at java.lang.reflect.Method.invoke(Unknown Source)

	at junit.framework.TestCase.runTest(TestCase.java:176)

	at junit.framework.TestCase.runBare(TestCase.java:141)

	at org.apache.camel.TestSupport.runBare(TestSupport.java:58)

	at junit.framework.TestResult$1.protect(TestResult.java:122)

	at junit.framework.TestResult.runProtected(TestResult.java:142)

	at junit.framework.TestResult.run(TestResult.java:125)

	at junit.framework.TestCase.run(TestCase.java:129)

	at junit.framework.TestSuite.runTest(TestSuite.java:252)

	at junit.framework.TestSuite.run(TestSuite.java:247)

	at org.junit.internal.runners.JUnit38ClassRunner.run(JUnit38ClassRunner.java:86)

	at org.eclipse.jdt.internal.junit4.runner.JUnit4TestReference.run(JUnit4TestReference.java:86)

	at org.eclipse.jdt.internal.junit.runner.TestExecution.run(TestExecution.java:38)

	at org.eclipse.jdt.internal.junit.runner.RemoteTestRunner.runTests(RemoteTestRunner.java:459)

	at org.eclipse.jdt.internal.junit.runner.RemoteTestRunner.runTests(RemoteTestRunner.java:678)

	at org.eclipse.jdt.internal.junit.runner.RemoteTestRunner.run(RemoteTestRunner.java:382)

	at org.eclipse.jdt.internal.junit.runner.RemoteTestRunner.main(RemoteTestRunner.java:192)



org.apache.camel.management.ManagedLoopTest
testManageLoop(org.apache.camel.management.ManagedLoopTest)
junit.framework.AssertionFailedError: expected:<2> but was:<0>

	at junit.framework.Assert.fail(Assert.java:57)

	at junit.framework.Assert.failNotEquals(Assert.java:329)

	at junit.framework.Assert.assertEquals(Assert.java:78)

	at junit.framework.Assert.assertEquals(Assert.java:234)

	at junit.framework.Assert.assertEquals(Assert.java:241)

	at junit.framework.TestCase.assertEquals(TestCase.java:409)

	at org.apache.camel.management.ManagedLoopTest.testManageLoop(ManagedLoopTest.java:69)

	at sun.reflect.NativeMethodAccessorImpl.invoke0(Native Method)

	at sun.reflect.NativeMethodAccessorImpl.invoke(Unknown Source)

	at sun.reflect.DelegatingMethodAccessorImpl.invoke(Unknown Source)

	at java.lang.reflect.Method.invoke(Unknown Source)

	at junit.framework.TestCase.runTest(TestCase.java:176)

	at junit.framework.TestCase.runBare(TestCase.java:141)

	at org.apache.camel.TestSupport.runBare(TestSupport.java:58)

	at junit.framework.TestResult$1.protect(TestResult.java:122)

	at junit.framework.TestResult.runProtected(TestResult.java:142)

	at junit.framework.TestResult.run(TestResult.java:125)

	at junit.framework.TestCase.run(TestCase.java:129)

	at junit.framework.TestSuite.runTest(TestSuite.java:252)

	at junit.framework.TestSuite.run(TestSuite.java:247)

	at org.junit.internal.runners.JUnit38ClassRunner.run(JUnit38ClassRunner.java:86)

	at org.eclipse.jdt.internal.junit4.runner.JUnit4TestReference.run(JUnit4TestReference.java:86)

	at org.eclipse.jdt.internal.junit.runner.TestExecution.run(TestExecution.java:38)

	at org.eclipse.jdt.internal.junit.runner.RemoteTestRunner.runTests(RemoteTestRunner.java:459)

	at org.eclipse.jdt.internal.junit.runner.RemoteTestRunner.runTests(RemoteTestRunner.java:678)

	at org.eclipse.jdt.internal.junit.runner.RemoteTestRunner.run(RemoteTestRunner.java:382)

	at org.eclipse.jdt.internal.junit.runner.RemoteTestRunner.main(RemoteTestRunner.java:192)



org.apache.camel.component.xslt.XsltComponentConfigurationAndDocumentationTest
testComponentConfiguration(org.apache.camel.component.xslt.XsltComponentConfigurationAndDocumentationTest)
junit.framework.AssertionFailedError

	at junit.framework.Assert.fail(Assert.java:55)

	at junit.framework.Assert.assertTrue(Assert.java:22)

	at junit.framework.Assert.assertTrue(Assert.java:31)

	at junit.framework.TestCase.assertTrue(TestCase.java:201)

	at org.apache.camel.component.xslt.XsltComponentConfigurationAndDocumentationTest.testComponentConfiguration(XsltComponentConfigurationAndDocumentationTest.java:44)

	at sun.reflect.NativeMethodAccessorImpl.invoke0(Native Method)

	at sun.reflect.NativeMethodAccessorImpl.invoke(Unknown Source)

	at sun.reflect.DelegatingMethodAccessorImpl.invoke(Unknown Source)

	at java.lang.reflect.Method.invoke(Unknown Source)

	at junit.framework.TestCase.runTest(TestCase.java:176)

	at junit.framework.TestCase.runBare(TestCase.java:141)

	at org.apache.camel.TestSupport.runBare(TestSupport.java:58)

	at junit.framework.TestResult$1.protect(TestResult.java:122)

	at junit.framework.TestResult.runProtected(TestResult.java:142)

	at junit.framework.TestResult.run(TestResult.java:125)

	at junit.framework.TestCase.run(TestCase.java:129)

	at junit.framework.TestSuite.runTest(TestSuite.java:252)

	at junit.framework.TestSuite.run(TestSuite.java:247)

	at org.junit.internal.runners.JUnit38ClassRunner.run(JUnit38ClassRunner.java:86)

	at org.eclipse.jdt.internal.junit4.runner.JUnit4TestReference.run(JUnit4TestReference.java:86)

	at org.eclipse.jdt.internal.junit.runner.TestExecution.run(TestExecution.java:38)

	at org.eclipse.jdt.internal.junit.runner.RemoteTestRunner.runTests(RemoteTestRunner.java:459)

	at org.eclipse.jdt.internal.junit.runner.RemoteTestRunner.runTests(RemoteTestRunner.java:678)

	at org.eclipse.jdt.internal.junit.runner.RemoteTestRunner.run(RemoteTestRunner.java:382)

	at org.eclipse.jdt.internal.junit.runner.RemoteTestRunner.main(RemoteTestRunner.java:192)



testComponentDocumentation(org.apache.camel.component.xslt.XsltComponentConfigurationAndDocumentationTest)
junit.framework.AssertionFailedError: Should have found some auto-generated HTML

	at junit.framework.Assert.fail(Assert.java:57)

	at junit.framework.Assert.assertTrue(Assert.java:22)

	at junit.framework.Assert.assertNotNull(Assert.java:256)

	at junit.framework.TestCase.assertNotNull(TestCase.java:426)

	at org.apache.camel.component.xslt.XsltComponentConfigurationAndDocumentationTest.testComponentDocumentation(XsltComponentConfigurationAndDocumentationTest.java:53)

	at sun.reflect.NativeMethodAccessorImpl.invoke0(Native Method)

	at sun.reflect.NativeMethodAccessorImpl.invoke(Unknown Source)

	at sun.reflect.DelegatingMethodAccessorImpl.invoke(Unknown Source)

	at java.lang.reflect.Method.invoke(Unknown Source)

	at junit.framework.TestCase.runTest(TestCase.java:176)

	at junit.framework.TestCase.runBare(TestCase.java:141)

	at org.apache.camel.TestSupport.runBare(TestSupport.java:58)

	at junit.framework.TestResult$1.protect(TestResult.java:122)

	at junit.framework.TestResult.runProtected(TestResult.java:142)

	at junit.framework.TestResult.run(TestResult.java:125)

	at junit.framework.TestCase.run(TestCase.java:129)

	at junit.framework.TestSuite.runTest(TestSuite.java:252)

	at junit.framework.TestSuite.run(TestSuite.java:247)

	at org.junit.internal.runners.JUnit38ClassRunner.run(JUnit38ClassRunner.java:86)

	at org.eclipse.jdt.internal.junit4.runner.JUnit4TestReference.run(JUnit4TestReference.java:86)

	at org.eclipse.jdt.internal.junit.runner.TestExecution.run(TestExecution.java:38)

	at org.eclipse.jdt.internal.junit.runner.RemoteTestRunner.runTests(RemoteTestRunner.java:459)

	at org.eclipse.jdt.internal.junit.runner.RemoteTestRunner.runTests(RemoteTestRunner.java:678)

	at org.eclipse.jdt.internal.junit.runner.RemoteTestRunner.run(RemoteTestRunner.java:382)

	at org.eclipse.jdt.internal.junit.runner.RemoteTestRunner.main(RemoteTestRunner.java:192)



org.apache.camel.language.simple.SimpleLanguageConfigurationAndDocumentationTest
testLanguageJsonSchema(org.apache.camel.language.simple.SimpleLanguageConfigurationAndDocumentationTest)
junit.framework.AssertionFailedError: Should have found some auto-generated JSON

	at junit.framework.Assert.fail(Assert.java:57)

	at junit.framework.Assert.assertTrue(Assert.java:22)

	at junit.framework.Assert.assertNotNull(Assert.java:256)

	at junit.framework.TestCase.assertNotNull(TestCase.java:426)

	at org.apache.camel.language.simple.SimpleLanguageConfigurationAndDocumentationTest.testLanguageJsonSchema(SimpleLanguageConfigurationAndDocumentationTest.java:35)

	at sun.reflect.NativeMethodAccessorImpl.invoke0(Native Method)

	at sun.reflect.NativeMethodAccessorImpl.invoke(Unknown Source)

	at sun.reflect.DelegatingMethodAccessorImpl.invoke(Unknown Source)

	at java.lang.reflect.Method.invoke(Unknown Source)

	at junit.framework.TestCase.runTest(TestCase.java:176)

	at junit.framework.TestCase.runBare(TestCase.java:141)

	at org.apache.camel.TestSupport.runBare(TestSupport.java:58)

	at junit.framework.TestResult$1.protect(TestResult.java:122)

	at junit.framework.TestResult.runProtected(TestResult.java:142)

	at junit.framework.TestResult.run(TestResult.java:125)

	at junit.framework.TestCase.run(TestCase.java:129)

	at junit.framework.TestSuite.runTest(TestSuite.java:252)

	at junit.framework.TestSuite.run(TestSuite.java:247)

	at org.junit.internal.runners.JUnit38ClassRunner.run(JUnit38ClassRunner.java:86)

	at org.eclipse.jdt.internal.junit4.runner.JUnit4TestReference.run(JUnit4TestReference.java:86)

	at org.eclipse.jdt.internal.junit.runner.TestExecution.run(TestExecution.java:38)

	at org.eclipse.jdt.internal.junit.runner.RemoteTestRunner.runTests(RemoteTestRunner.java:459)

	at org.eclipse.jdt.internal.junit.runner.RemoteTestRunner.runTests(RemoteTestRunner.java:678)

	at org.eclipse.jdt.internal.junit.runner.RemoteTestRunner.run(RemoteTestRunner.java:382)

	at org.eclipse.jdt.internal.junit.runner.RemoteTestRunner.main(RemoteTestRunner.java:192)



org.apache.camel.component.direct.DirectComponentConfigurationAndDocumentationTest
testComponentConfiguration(org.apache.camel.component.direct.DirectComponentConfigurationAndDocumentationTest)
junit.framework.AssertionFailedError

	at junit.framework.Assert.fail(Assert.java:55)

	at junit.framework.Assert.assertTrue(Assert.java:22)

	at junit.framework.Assert.assertTrue(Assert.java:31)

	at junit.framework.TestCase.assertTrue(TestCase.java:201)

	at org.apache.camel.component.direct.DirectComponentConfigurationAndDocumentationTest.testComponentConfiguration(DirectComponentConfigurationAndDocumentationTest.java:44)

	at sun.reflect.NativeMethodAccessorImpl.invoke0(Native Method)

	at sun.reflect.NativeMethodAccessorImpl.invoke(Unknown Source)

	at sun.reflect.DelegatingMethodAccessorImpl.invoke(Unknown Source)

	at java.lang.reflect.Method.invoke(Unknown Source)

	at junit.framework.TestCase.runTest(TestCase.java:176)

	at junit.framework.TestCase.runBare(TestCase.java:141)

	at org.apache.camel.TestSupport.runBare(TestSupport.java:58)

	at junit.framework.TestResult$1.protect(TestResult.java:122)

	at junit.framework.TestResult.runProtected(TestResult.java:142)

	at junit.framework.TestResult.run(TestResult.java:125)

	at junit.framework.TestCase.run(TestCase.java:129)

	at junit.framework.TestSuite.runTest(TestSuite.java:252)

	at junit.framework.TestSuite.run(TestSuite.java:247)

	at org.junit.internal.runners.JUnit38ClassRunner.run(JUnit38ClassRunner.java:86)

	at org.eclipse.jdt.internal.junit4.runner.JUnit4TestReference.run(JUnit4TestReference.java:86)

	at org.eclipse.jdt.internal.junit.runner.TestExecution.run(TestExecution.java:38)

	at org.eclipse.jdt.internal.junit.runner.RemoteTestRunner.runTests(RemoteTestRunner.java:459)

	at org.eclipse.jdt.internal.junit.runner.RemoteTestRunner.runTests(RemoteTestRunner.java:678)

	at org.eclipse.jdt.internal.junit.runner.RemoteTestRunner.run(RemoteTestRunner.java:382)

	at org.eclipse.jdt.internal.junit.runner.RemoteTestRunner.main(RemoteTestRunner.java:192)



testComponentJsonSchema(org.apache.camel.component.direct.DirectComponentConfigurationAndDocumentationTest)
junit.framework.AssertionFailedError: Should have found some auto-generated JSON

	at junit.framework.Assert.fail(Assert.java:57)

	at junit.framework.Assert.assertTrue(Assert.java:22)

	at junit.framework.Assert.assertNotNull(Assert.java:256)

	at junit.framework.TestCase.assertNotNull(TestCase.java:426)

	at org.apache.camel.component.direct.DirectComponentConfigurationAndDocumentationTest.testComponentJsonSchema(DirectComponentConfigurationAndDocumentationTest.java:59)

	at sun.reflect.NativeMethodAccessorImpl.invoke0(Native Method)

	at sun.reflect.NativeMethodAccessorImpl.invoke(Unknown Source)

	at sun.reflect.DelegatingMethodAccessorImpl.invoke(Unknown Source)

	at java.lang.reflect.Method.invoke(Unknown Source)

	at junit.framework.TestCase.runTest(TestCase.java:176)

	at junit.framework.TestCase.runBare(TestCase.java:141)

	at org.apache.camel.TestSupport.runBare(TestSupport.java:58)

	at junit.framework.TestResult$1.protect(TestResult.java:122)

	at junit.framework.TestResult.runProtected(TestResult.java:142)

	at junit.framework.TestResult.run(TestResult.java:125)

	at junit.framework.TestCase.run(TestCase.java:129)

	at junit.framework.TestSuite.runTest(TestSuite.java:252)

	at junit.framework.TestSuite.run(TestSuite.java:247)

	at org.junit.internal.runners.JUnit38ClassRunner.run(JUnit38ClassRunner.java:86)

	at org.eclipse.jdt.internal.junit4.runner.JUnit4TestReference.run(JUnit4TestReference.java:86)

	at org.eclipse.jdt.internal.junit.runner.TestExecution.run(TestExecution.java:38)

	at org.eclipse.jdt.internal.junit.runner.RemoteTestRunner.runTests(RemoteTestRunner.java:459)

	at org.eclipse.jdt.internal.junit.runner.RemoteTestRunner.runTests(RemoteTestRunner.java:678)

	at org.eclipse.jdt.internal.junit.runner.RemoteTestRunner.run(RemoteTestRunner.java:382)

	at org.eclipse.jdt.internal.junit.runner.RemoteTestRunner.main(RemoteTestRunner.java:192)



testComponentDocumentation(org.apache.camel.component.direct.DirectComponentConfigurationAndDocumentationTest)
junit.framework.AssertionFailedError: Should have found some auto-generated HTML

	at junit.framework.Assert.fail(Assert.java:57)

	at junit.framework.Assert.assertTrue(Assert.java:22)

	at junit.framework.Assert.assertNotNull(Assert.java:256)

	at junit.framework.TestCase.assertNotNull(TestCase.java:426)

	at org.apache.camel.component.direct.DirectComponentConfigurationAndDocumentationTest.testComponentDocumentation(DirectComponentConfigurationAndDocumentationTest.java:52)

	at sun.reflect.NativeMethodAccessorImpl.invoke0(Native Method)

	at sun.reflect.NativeMethodAccessorImpl.invoke(Unknown Source)

	at sun.reflect.DelegatingMethodAccessorImpl.invoke(Unknown Source)

	at java.lang.reflect.Method.invoke(Unknown Source)

	at junit.framework.TestCase.runTest(TestCase.java:176)

	at junit.framework.TestCase.runBare(TestCase.java:141)

	at org.apache.camel.TestSupport.runBare(TestSupport.java:58)

	at junit.framework.TestResult$1.protect(TestResult.java:122)

	at junit.framework.TestResult.runProtected(TestResult.java:142)

	at junit.framework.TestResult.run(TestResult.java:125)

	at junit.framework.TestCase.run(TestCase.java:129)

	at junit.framework.TestSuite.runTest(TestSuite.java:252)

	at junit.framework.TestSuite.run(TestSuite.java:247)

	at org.junit.internal.runners.JUnit38ClassRunner.run(JUnit38ClassRunner.java:86)

	at org.eclipse.jdt.internal.junit4.runner.JUnit4TestReference.run(JUnit4TestReference.java:86)

	at org.eclipse.jdt.internal.junit.runner.TestExecution.run(TestExecution.java:38)

	at org.eclipse.jdt.internal.junit.runner.RemoteTestRunner.runTests(RemoteTestRunner.java:459)

	at org.eclipse.jdt.internal.junit.runner.RemoteTestRunner.runTests(RemoteTestRunner.java:678)

	at org.eclipse.jdt.internal.junit.runner.RemoteTestRunner.run(RemoteTestRunner.java:382)

	at org.eclipse.jdt.internal.junit.runner.RemoteTestRunner.main(RemoteTestRunner.java:192)



org.apache.camel.component.directvm.DirectVmComponentConfigurationAndDocumentationTest
testComponentConfiguration(org.apache.camel.component.directvm.DirectVmComponentConfigurationAndDocumentationTest)
junit.framework.AssertionFailedError

	at junit.framework.Assert.fail(Assert.java:55)

	at junit.framework.Assert.assertTrue(Assert.java:22)

	at junit.framework.Assert.assertTrue(Assert.java:31)

	at junit.framework.TestCase.assertTrue(TestCase.java:201)

	at org.apache.camel.component.directvm.DirectVmComponentConfigurationAndDocumentationTest.testComponentConfiguration(DirectVmComponentConfigurationAndDocumentationTest.java:44)

	at sun.reflect.NativeMethodAccessorImpl.invoke0(Native Method)

	at sun.reflect.NativeMethodAccessorImpl.invoke(Unknown Source)

	at sun.reflect.DelegatingMethodAccessorImpl.invoke(Unknown Source)

	at java.lang.reflect.Method.invoke(Unknown Source)

	at junit.framework.TestCase.runTest(TestCase.java:176)

	at junit.framework.TestCase.runBare(TestCase.java:141)

	at org.apache.camel.TestSupport.runBare(TestSupport.java:58)

	at junit.framework.TestResult$1.protect(TestResult.java:122)

	at junit.framework.TestResult.runProtected(TestResult.java:142)

	at junit.framework.TestResult.run(TestResult.java:125)

	at junit.framework.TestCase.run(TestCase.java:129)

	at junit.framework.TestSuite.runTest(TestSuite.java:252)

	at junit.framework.TestSuite.run(TestSuite.java:247)

	at org.junit.internal.runners.JUnit38ClassRunner.run(JUnit38ClassRunner.java:86)

	at org.eclipse.jdt.internal.junit4.runner.JUnit4TestReference.run(JUnit4TestReference.java:86)

	at org.eclipse.jdt.internal.junit.runner.TestExecution.run(TestExecution.java:38)

	at org.eclipse.jdt.internal.junit.runner.RemoteTestRunner.runTests(RemoteTestRunner.java:459)

	at org.eclipse.jdt.internal.junit.runner.RemoteTestRunner.runTests(RemoteTestRunner.java:678)

	at org.eclipse.jdt.internal.junit.runner.RemoteTestRunner.run(RemoteTestRunner.java:382)

	at org.eclipse.jdt.internal.junit.runner.RemoteTestRunner.main(RemoteTestRunner.java:192)



testComponentDocumentation(org.apache.camel.component.directvm.DirectVmComponentConfigurationAndDocumentationTest)
junit.framework.AssertionFailedError: Should have found some auto-generated HTML

	at junit.framework.Assert.fail(Assert.java:57)

	at junit.framework.Assert.assertTrue(Assert.java:22)

	at junit.framework.Assert.assertNotNull(Assert.java:256)

	at junit.framework.TestCase.assertNotNull(TestCase.java:426)

	at org.apache.camel.component.directvm.DirectVmComponentConfigurationAndDocumentationTest.testComponentDocumentation(DirectVmComponentConfigurationAndDocumentationTest.java:52)

	at sun.reflect.NativeMethodAccessorImpl.invoke0(Native Method)

	at sun.reflect.NativeMethodAccessorImpl.invoke(Unknown Source)

	at sun.reflect.DelegatingMethodAccessorImpl.invoke(Unknown Source)

	at java.lang.reflect.Method.invoke(Unknown Source)

	at junit.framework.TestCase.runTest(TestCase.java:176)

	at junit.framework.TestCase.runBare(TestCase.java:141)

	at org.apache.camel.TestSupport.runBare(TestSupport.java:58)

	at junit.framework.TestResult$1.protect(TestResult.java:122)

	at junit.framework.TestResult.runProtected(TestResult.java:142)

	at junit.framework.TestResult.run(TestResult.java:125)

	at junit.framework.TestCase.run(TestCase.java:129)

	at junit.framework.TestSuite.runTest(TestSuite.java:252)

	at junit.framework.TestSuite.run(TestSuite.java:247)

	at org.junit.internal.runners.JUnit38ClassRunner.run(JUnit38ClassRunner.java:86)

	at org.eclipse.jdt.internal.junit4.runner.JUnit4TestReference.run(JUnit4TestReference.java:86)

	at org.eclipse.jdt.internal.junit.runner.TestExecution.run(TestExecution.java:38)

	at org.eclipse.jdt.internal.junit.runner.RemoteTestRunner.runTests(RemoteTestRunner.java:459)

	at org.eclipse.jdt.internal.junit.runner.RemoteTestRunner.runTests(RemoteTestRunner.java:678)

	at org.eclipse.jdt.internal.junit.runner.RemoteTestRunner.run(RemoteTestRunner.java:382)

	at org.eclipse.jdt.internal.junit.runner.RemoteTestRunner.main(RemoteTestRunner.java:192)



org.apache.camel.impl.EipDocumentationTest
testFailOverDocumentation(org.apache.camel.impl.EipDocumentationTest)
junit.framework.AssertionFailedError: Should have found json for failover

	at junit.framework.Assert.fail(Assert.java:57)

	at junit.framework.Assert.assertTrue(Assert.java:22)

	at junit.framework.Assert.assertNotNull(Assert.java:256)

	at junit.framework.TestCase.assertNotNull(TestCase.java:426)

	at org.apache.camel.impl.EipDocumentationTest.testFailOverDocumentation(EipDocumentationTest.java:67)

	at sun.reflect.NativeMethodAccessorImpl.invoke0(Native Method)

	at sun.reflect.NativeMethodAccessorImpl.invoke(Unknown Source)

	at sun.reflect.DelegatingMethodAccessorImpl.invoke(Unknown Source)

	at java.lang.reflect.Method.invoke(Unknown Source)

	at junit.framework.TestCase.runTest(TestCase.java:176)

	at junit.framework.TestCase.runBare(TestCase.java:141)

	at org.apache.camel.TestSupport.runBare(TestSupport.java:58)

	at junit.framework.TestResult$1.protect(TestResult.java:122)

	at junit.framework.TestResult.runProtected(TestResult.java:142)

	at junit.framework.TestResult.run(TestResult.java:125)

	at junit.framework.TestCase.run(TestCase.java:129)

	at junit.framework.TestSuite.runTest(TestSuite.java:252)

	at junit.framework.TestSuite.run(TestSuite.java:247)

	at org.junit.internal.runners.JUnit38ClassRunner.run(JUnit38ClassRunner.java:86)

	at org.eclipse.jdt.internal.junit4.runner.JUnit4TestReference.run(JUnit4TestReference.java:86)

	at org.eclipse.jdt.internal.junit.runner.TestExecution.run(TestExecution.java:38)

	at org.eclipse.jdt.internal.junit.runner.RemoteTestRunner.runTests(RemoteTestRunner.java:459)

	at org.eclipse.jdt.internal.junit.runner.RemoteTestRunner.runTests(RemoteTestRunner.java:678)

	at org.eclipse.jdt.internal.junit.runner.RemoteTestRunner.run(RemoteTestRunner.java:382)

	at org.eclipse.jdt.internal.junit.runner.RemoteTestRunner.main(RemoteTestRunner.java:192)



testDocumentation(org.apache.camel.impl.EipDocumentationTest)
junit.framework.AssertionFailedError: Should have found json for from

	at junit.framework.Assert.fail(Assert.java:57)

	at junit.framework.Assert.assertTrue(Assert.java:22)

	at junit.framework.Assert.assertNotNull(Assert.java:256)

	at junit.framework.TestCase.assertNotNull(TestCase.java:426)

	at org.apache.camel.impl.EipDocumentationTest.testDocumentation(EipDocumentationTest.java:33)

	at sun.reflect.NativeMethodAccessorImpl.invoke0(Native Method)

	at sun.reflect.NativeMethodAccessorImpl.invoke(Unknown Source)

	at sun.reflect.DelegatingMethodAccessorImpl.invoke(Unknown Source)

	at java.lang.reflect.Method.invoke(Unknown Source)

	at junit.framework.TestCase.runTest(TestCase.java:176)

	at junit.framework.TestCase.runBare(TestCase.java:141)

	at org.apache.camel.TestSupport.runBare(TestSupport.java:58)

	at junit.framework.TestResult$1.protect(TestResult.java:122)

	at junit.framework.TestResult.runProtected(TestResult.java:142)

	at junit.framework.TestResult.run(TestResult.java:125)

	at junit.framework.TestCase.run(TestCase.java:129)

	at junit.framework.TestSuite.runTest(TestSuite.java:252)

	at junit.framework.TestSuite.run(TestSuite.java:247)

	at org.junit.internal.runners.JUnit38ClassRunner.run(JUnit38ClassRunner.java:86)

	at org.eclipse.jdt.internal.junit4.runner.JUnit4TestReference.run(JUnit4TestReference.java:86)

	at org.eclipse.jdt.internal.junit.runner.TestExecution.run(TestExecution.java:38)

	at org.eclipse.jdt.internal.junit.runner.RemoteTestRunner.runTests(RemoteTestRunner.java:459)

	at org.eclipse.jdt.internal.junit.runner.RemoteTestRunner.runTests(RemoteTestRunner.java:678)

	at org.eclipse.jdt.internal.junit.runner.RemoteTestRunner.run(RemoteTestRunner.java:382)

	at org.eclipse.jdt.internal.junit.runner.RemoteTestRunner.main(RemoteTestRunner.java:192)



testSplitDocumentation(org.apache.camel.impl.EipDocumentationTest)
junit.framework.AssertionFailedError: Should have found json for split

	at junit.framework.Assert.fail(Assert.java:57)

	at junit.framework.Assert.assertTrue(Assert.java:22)

	at junit.framework.Assert.assertNotNull(Assert.java:256)

	at junit.framework.TestCase.assertNotNull(TestCase.java:426)

	at org.apache.camel.impl.EipDocumentationTest.testSplitDocumentation(EipDocumentationTest.java:44)

	at sun.reflect.NativeMethodAccessorImpl.invoke0(Native Method)

	at sun.reflect.NativeMethodAccessorImpl.invoke(Unknown Source)

	at sun.reflect.DelegatingMethodAccessorImpl.invoke(Unknown Source)

	at java.lang.reflect.Method.invoke(Unknown Source)

	at junit.framework.TestCase.runTest(TestCase.java:176)

	at junit.framework.TestCase.runBare(TestCase.java:141)

	at org.apache.camel.TestSupport.runBare(TestSupport.java:58)

	at junit.framework.TestResult$1.protect(TestResult.java:122)

	at junit.framework.TestResult.runProtected(TestResult.java:142)

	at junit.framework.TestResult.run(TestResult.java:125)

	at junit.framework.TestCase.run(TestCase.java:129)

	at junit.framework.TestSuite.runTest(TestSuite.java:252)

	at junit.framework.TestSuite.run(TestSuite.java:247)

	at org.junit.internal.runners.JUnit38ClassRunner.run(JUnit38ClassRunner.java:86)

	at org.eclipse.jdt.internal.junit4.runner.JUnit4TestReference.run(JUnit4TestReference.java:86)

	at org.eclipse.jdt.internal.junit.runner.TestExecution.run(TestExecution.java:38)

	at org.eclipse.jdt.internal.junit.runner.RemoteTestRunner.runTests(RemoteTestRunner.java:459)

	at org.eclipse.jdt.internal.junit.runner.RemoteTestRunner.runTests(RemoteTestRunner.java:678)

	at org.eclipse.jdt.internal.junit.runner.RemoteTestRunner.run(RemoteTestRunner.java:382)

	at org.eclipse.jdt.internal.junit.runner.RemoteTestRunner.main(RemoteTestRunner.java:192)



testSimpleDocumentation(org.apache.camel.impl.EipDocumentationTest)
junit.framework.AssertionFailedError: Should have found json for simple

	at junit.framework.Assert.fail(Assert.java:57)

	at junit.framework.Assert.assertTrue(Assert.java:22)

	at junit.framework.Assert.assertNotNull(Assert.java:256)

	at junit.framework.TestCase.assertNotNull(TestCase.java:426)

	at org.apache.camel.impl.EipDocumentationTest.testSimpleDocumentation(EipDocumentationTest.java:57)

	at sun.reflect.NativeMethodAccessorImpl.invoke0(Native Method)

	at sun.reflect.NativeMethodAccessorImpl.invoke(Unknown Source)

	at sun.reflect.DelegatingMethodAccessorImpl.invoke(Unknown Source)

	at java.lang.reflect.Method.invoke(Unknown Source)

	at junit.framework.TestCase.runTest(TestCase.java:176)

	at junit.framework.TestCase.runBare(TestCase.java:141)

	at org.apache.camel.TestSupport.runBare(TestSupport.java:58)

	at junit.framework.TestResult$1.protect(TestResult.java:122)

	at junit.framework.TestResult.runProtected(TestResult.java:142)

	at junit.framework.TestResult.run(TestResult.java:125)

	at junit.framework.TestCase.run(TestCase.java:129)

	at junit.framework.TestSuite.runTest(TestSuite.java:252)

	at junit.framework.TestSuite.run(TestSuite.java:247)

	at org.junit.internal.runners.JUnit38ClassRunner.run(JUnit38ClassRunner.java:86)

	at org.eclipse.jdt.internal.junit4.runner.JUnit4TestReference.run(JUnit4TestReference.java:86)

	at org.eclipse.jdt.internal.junit.runner.TestExecution.run(TestExecution.java:38)

	at org.eclipse.jdt.internal.junit.runner.RemoteTestRunner.runTests(RemoteTestRunner.java:459)

	at org.eclipse.jdt.internal.junit.runner.RemoteTestRunner.runTests(RemoteTestRunner.java:678)

	at org.eclipse.jdt.internal.junit.runner.RemoteTestRunner.run(RemoteTestRunner.java:382)

	at org.eclipse.jdt.internal.junit.runner.RemoteTestRunner.main(RemoteTestRunner.java:192)



org.apache.camel.component.file.FileComponentConfigurationAndDocumentationTest
testComponentConfiguration(org.apache.camel.component.file.FileComponentConfigurationAndDocumentationTest)
junit.framework.AssertionFailedError

	at junit.framework.Assert.fail(Assert.java:55)

	at junit.framework.Assert.assertTrue(Assert.java:22)

	at junit.framework.Assert.assertTrue(Assert.java:31)

	at junit.framework.TestCase.assertTrue(TestCase.java:201)

	at org.apache.camel.component.file.FileComponentConfigurationAndDocumentationTest.testComponentConfiguration(FileComponentConfigurationAndDocumentationTest.java:44)

	at sun.reflect.NativeMethodAccessorImpl.invoke0(Native Method)

	at sun.reflect.NativeMethodAccessorImpl.invoke(Unknown Source)

	at sun.reflect.DelegatingMethodAccessorImpl.invoke(Unknown Source)

	at java.lang.reflect.Method.invoke(Unknown Source)

	at junit.framework.TestCase.runTest(TestCase.java:176)

	at junit.framework.TestCase.runBare(TestCase.java:141)

	at org.apache.camel.TestSupport.runBare(TestSupport.java:58)

	at junit.framework.TestResult$1.protect(TestResult.java:122)

	at junit.framework.TestResult.runProtected(TestResult.java:142)

	at junit.framework.TestResult.run(TestResult.java:125)

	at junit.framework.TestCase.run(TestCase.java:129)

	at junit.framework.TestSuite.runTest(TestSuite.java:252)

	at junit.framework.TestSuite.run(TestSuite.java:247)

	at org.junit.internal.runners.JUnit38ClassRunner.run(JUnit38ClassRunner.java:86)

	at org.eclipse.jdt.internal.junit4.runner.JUnit4TestReference.run(JUnit4TestReference.java:86)

	at org.eclipse.jdt.internal.junit.runner.TestExecution.run(TestExecution.java:38)

	at org.eclipse.jdt.internal.junit.runner.RemoteTestRunner.runTests(RemoteTestRunner.java:459)

	at org.eclipse.jdt.internal.junit.runner.RemoteTestRunner.runTests(RemoteTestRunner.java:678)

	at org.eclipse.jdt.internal.junit.runner.RemoteTestRunner.run(RemoteTestRunner.java:382)

	at org.eclipse.jdt.internal.junit.runner.RemoteTestRunner.main(RemoteTestRunner.java:192)



testComponentDocumentation(org.apache.camel.component.file.FileComponentConfigurationAndDocumentationTest)
junit.framework.AssertionFailedError: Should have found some auto-generated HTML

	at junit.framework.Assert.fail(Assert.java:57)

	at junit.framework.Assert.assertTrue(Assert.java:22)

	at junit.framework.Assert.assertNotNull(Assert.java:256)

	at junit.framework.TestCase.assertNotNull(TestCase.java:426)

	at org.apache.camel.component.file.FileComponentConfigurationAndDocumentationTest.testComponentDocumentation(FileComponentConfigurationAndDocumentationTest.java:53)

	at sun.reflect.NativeMethodAccessorImpl.invoke0(Native Method)

	at sun.reflect.NativeMethodAccessorImpl.invoke(Unknown Source)

	at sun.reflect.DelegatingMethodAccessorImpl.invoke(Unknown Source)

	at java.lang.reflect.Method.invoke(Unknown Source)

	at junit.framework.TestCase.runTest(TestCase.java:176)

	at junit.framework.TestCase.runBare(TestCase.java:141)

	at org.apache.camel.TestSupport.runBare(TestSupport.java:58)

	at junit.framework.TestResult$1.protect(TestResult.java:122)

	at junit.framework.TestResult.runProtected(TestResult.java:142)

	at junit.framework.TestResult.run(TestResult.java:125)

	at junit.framework.TestCase.run(TestCase.java:129)

	at junit.framework.TestSuite.runTest(TestSuite.java:252)

	at junit.framework.TestSuite.run(TestSuite.java:247)

	at org.junit.internal.runners.JUnit38ClassRunner.run(JUnit38ClassRunner.java:86)

	at org.eclipse.jdt.internal.junit4.runner.JUnit4TestReference.run(JUnit4TestReference.java:86)

	at org.eclipse.jdt.internal.junit.runner.TestExecution.run(TestExecution.java:38)

	at org.eclipse.jdt.internal.junit.runner.RemoteTestRunner.runTests(RemoteTestRunner.java:459)

	at org.eclipse.jdt.internal.junit.runner.RemoteTestRunner.runTests(RemoteTestRunner.java:678)

	at org.eclipse.jdt.internal.junit.runner.RemoteTestRunner.run(RemoteTestRunner.java:382)

	at org.eclipse.jdt.internal.junit.runner.RemoteTestRunner.main(RemoteTestRunner.java:192)



org.apache.camel.management.ManagedCustomLoadBalancerTest
testManageCustomLoadBalancer(org.apache.camel.management.ManagedCustomLoadBalancerTest)
junit.framework.AssertionFailedError: expected:<2> but was:<0>

	at junit.framework.Assert.fail(Assert.java:57)

	at junit.framework.Assert.failNotEquals(Assert.java:329)

	at junit.framework.Assert.assertEquals(Assert.java:78)

	at junit.framework.Assert.assertEquals(Assert.java:234)

	at junit.framework.Assert.assertEquals(Assert.java:241)

	at junit.framework.TestCase.assertEquals(TestCase.java:409)

	at org.apache.camel.management.ManagedCustomLoadBalancerTest.testManageCustomLoadBalancer(ManagedCustomLoadBalancerTest.java:75)

	at sun.reflect.NativeMethodAccessorImpl.invoke0(Native Method)

	at sun.reflect.NativeMethodAccessorImpl.invoke(Unknown Source)

	at sun.reflect.DelegatingMethodAccessorImpl.invoke(Unknown Source)

	at java.lang.reflect.Method.invoke(Unknown Source)

	at junit.framework.TestCase.runTest(TestCase.java:176)

	at junit.framework.TestCase.runBare(TestCase.java:141)

	at org.apache.camel.TestSupport.runBare(TestSupport.java:58)

	at junit.framework.TestResult$1.protect(TestResult.java:122)

	at junit.framework.TestResult.runProtected(TestResult.java:142)

	at junit.framework.TestResult.run(TestResult.java:125)

	at junit.framework.TestCase.run(TestCase.java:129)

	at junit.framework.TestSuite.runTest(TestSuite.java:252)

	at junit.framework.TestSuite.run(TestSuite.java:247)

	at org.junit.internal.runners.JUnit38ClassRunner.run(JUnit38ClassRunner.java:86)

	at org.eclipse.jdt.internal.junit4.runner.JUnit4TestReference.run(JUnit4TestReference.java:86)

	at org.eclipse.jdt.internal.junit.runner.TestExecution.run(TestExecution.java:38)

	at org.eclipse.jdt.internal.junit.runner.RemoteTestRunner.runTests(RemoteTestRunner.java:459)

	at org.eclipse.jdt.internal.junit.runner.RemoteTestRunner.runTests(RemoteTestRunner.java:678)

	at org.eclipse.jdt.internal.junit.runner.RemoteTestRunner.run(RemoteTestRunner.java:382)

	at org.eclipse.jdt.internal.junit.runner.RemoteTestRunner.main(RemoteTestRunner.java:192)



org.apache.camel.component.properties.PropertiesComponentServiceHostTest
testFunction(org.apache.camel.component.properties.PropertiesComponentServiceHostTest)
org.apache.camel.FailedToCreateRouteException: Failed to create route route1 at: >>> Transform[constant{{{service.host:FOO}}:8888}] <<< in route: Route(route1)[[From[direct:start]] -> [To[mock:foo], Transfo... because of Property with key [service.host:FOO] using function [service.host] returned null value which is not allowed, from input: {{service.host:FOO}}:8888

	at org.apache.camel.model.RouteDefinition.addRoutes(RouteDefinition.java:1071)

	at org.apache.camel.model.RouteDefinition.addRoutes(RouteDefinition.java:196)

	at org.apache.camel.impl.DefaultCamelContext.startRoute(DefaultCamelContext.java:1013)

	at org.apache.camel.impl.DefaultCamelContext.startRouteDefinitions(DefaultCamelContext.java:3433)

	at org.apache.camel.impl.DefaultCamelContext.doStartCamel(DefaultCamelContext.java:3164)

	at org.apache.camel.impl.DefaultCamelContext.access$0(DefaultCamelContext.java:3018)

	at org.apache.camel.impl.DefaultCamelContext$2.call(DefaultCamelContext.java:2993)

	at org.apache.camel.impl.DefaultCamelContext$2.call(DefaultCamelContext.java:1)

	at org.apache.camel.impl.DefaultCamelContext.doWithDefinedClassLoader(DefaultCamelContext.java:3012)

	at org.apache.camel.impl.DefaultCamelContext.doStart(DefaultCamelContext.java:2989)

	at org.apache.camel.support.ServiceSupport.start(ServiceSupport.java:61)

	at org.apache.camel.impl.DefaultCamelContext.start(DefaultCamelContext.java:2927)

	at org.apache.camel.component.properties.PropertiesComponentServiceHostTest.testFunction(PropertiesComponentServiceHostTest.java:39)

	at sun.reflect.NativeMethodAccessorImpl.invoke0(Native Method)

	at sun.reflect.NativeMethodAccessorImpl.invoke(Unknown Source)

	at sun.reflect.DelegatingMethodAccessorImpl.invoke(Unknown Source)

	at java.lang.reflect.Method.invoke(Unknown Source)

	at junit.framework.TestCase.runTest(TestCase.java:176)

	at junit.framework.TestCase.runBare(TestCase.java:141)

	at org.apache.camel.TestSupport.runBare(TestSupport.java:58)

	at junit.framework.TestResult$1.protect(TestResult.java:122)

	at junit.framework.TestResult.runProtected(TestResult.java:142)

	at junit.framework.TestResult.run(TestResult.java:125)

	at junit.framework.TestCase.run(TestCase.java:129)

	at junit.framework.TestSuite.runTest(TestSuite.java:252)

	at junit.framework.TestSuite.run(TestSuite.java:247)

	at org.junit.internal.runners.JUnit38ClassRunner.run(JUnit38ClassRunner.java:86)

	at org.eclipse.jdt.internal.junit4.runner.JUnit4TestReference.run(JUnit4TestReference.java:86)

	at org.eclipse.jdt.internal.junit.runner.TestExecution.run(TestExecution.java:38)

	at org.eclipse.jdt.internal.junit.runner.RemoteTestRunner.runTests(RemoteTestRunner.java:459)

	at org.eclipse.jdt.internal.junit.runner.RemoteTestRunner.runTests(RemoteTestRunner.java:678)

	at org.eclipse.jdt.internal.junit.runner.RemoteTestRunner.run(RemoteTestRunner.java:382)

	at org.eclipse.jdt.internal.junit.runner.RemoteTestRunner.main(RemoteTestRunner.java:192)

Caused by: java.lang.IllegalArgumentException: Property with key [service.host:FOO] using function [service.host] returned null value which is not allowed, from input: {{service.host:FOO}}:8888

	at org.apache.camel.component.properties.DefaultPropertiesParser$ParsingContext.getPropertyValue(DefaultPropertiesParser.java:226)

	at org.apache.camel.component.properties.DefaultPropertiesParser$ParsingContext.readProperty(DefaultPropertiesParser.java:156)

	at org.apache.camel.component.properties.DefaultPropertiesParser$ParsingContext.doParse(DefaultPropertiesParser.java:115)

	at org.apache.camel.component.properties.DefaultPropertiesParser$ParsingContext.parse(DefaultPropertiesParser.java:99)

	at org.apache.camel.component.properties.DefaultPropertiesParser.parseUri(DefaultPropertiesParser.java:62)

	at org.apache.camel.component.properties.PropertiesComponent.parseUri(PropertiesComponent.java:222)

	at org.apache.camel.component.properties.PropertiesComponent.parseUri(PropertiesComponent.java:165)

	at org.apache.camel.impl.DefaultCamelContext.resolvePropertyPlaceholders(DefaultCamelContext.java:2353)

	at org.apache.camel.model.ProcessorDefinitionHelper.resolvePropertyPlaceholders(ProcessorDefinitionHelper.java:734)

	at org.apache.camel.model.ProcessorDefinition.makeProcessorImpl(ProcessorDefinition.java:532)

	at org.apache.camel.model.ProcessorDefinition.makeProcessor(ProcessorDefinition.java:506)

	at org.apache.camel.model.ProcessorDefinition.addRoutes(ProcessorDefinition.java:222)

	at org.apache.camel.model.RouteDefinition.addRoutes(RouteDefinition.java:1068)

	... 32 more



org.apache.camel.component.dataformat.DataFormatComponentConfigurationAndDocumentationTest
testComponentConfiguration(org.apache.camel.component.dataformat.DataFormatComponentConfigurationAndDocumentationTest)
junit.framework.AssertionFailedError

	at junit.framework.Assert.fail(Assert.java:55)

	at junit.framework.Assert.assertTrue(Assert.java:22)

	at junit.framework.Assert.assertTrue(Assert.java:31)

	at junit.framework.TestCase.assertTrue(TestCase.java:201)

	at org.apache.camel.component.dataformat.DataFormatComponentConfigurationAndDocumentationTest.testComponentConfiguration(DataFormatComponentConfigurationAndDocumentationTest.java:48)

	at sun.reflect.NativeMethodAccessorImpl.invoke0(Native Method)

	at sun.reflect.NativeMethodAccessorImpl.invoke(Unknown Source)

	at sun.reflect.DelegatingMethodAccessorImpl.invoke(Unknown Source)

	at java.lang.reflect.Method.invoke(Unknown Source)

	at junit.framework.TestCase.runTest(TestCase.java:176)

	at junit.framework.TestCase.runBare(TestCase.java:141)

	at org.apache.camel.TestSupport.runBare(TestSupport.java:58)

	at junit.framework.TestResult$1.protect(TestResult.java:122)

	at junit.framework.TestResult.runProtected(TestResult.java:142)

	at junit.framework.TestResult.run(TestResult.java:125)

	at junit.framework.TestCase.run(TestCase.java:129)

	at junit.framework.TestSuite.runTest(TestSuite.java:252)

	at junit.framework.TestSuite.run(TestSuite.java:247)

	at org.junit.internal.runners.JUnit38ClassRunner.run(JUnit38ClassRunner.java:86)

	at org.eclipse.jdt.internal.junit4.runner.JUnit4TestReference.run(JUnit4TestReference.java:86)

	at org.eclipse.jdt.internal.junit.runner.TestExecution.run(TestExecution.java:38)

	at org.eclipse.jdt.internal.junit.runner.RemoteTestRunner.runTests(RemoteTestRunner.java:459)

	at org.eclipse.jdt.internal.junit.runner.RemoteTestRunner.runTests(RemoteTestRunner.java:678)

	at org.eclipse.jdt.internal.junit.runner.RemoteTestRunner.run(RemoteTestRunner.java:382)

	at org.eclipse.jdt.internal.junit.runner.RemoteTestRunner.main(RemoteTestRunner.java:192)



testUniVocityTsvEscapeChar(org.apache.camel.component.dataformat.DataFormatComponentConfigurationAndDocumentationTest)
junit.framework.AssertionFailedError

	at junit.framework.Assert.fail(Assert.java:55)

	at junit.framework.Assert.assertTrue(Assert.java:22)

	at junit.framework.Assert.assertNotNull(Assert.java:256)

	at junit.framework.Assert.assertNotNull(Assert.java:248)

	at junit.framework.TestCase.assertNotNull(TestCase.java:417)

	at org.apache.camel.component.dataformat.DataFormatComponentConfigurationAndDocumentationTest.testUniVocityTsvEscapeChar(DataFormatComponentConfigurationAndDocumentationTest.java:99)

	at sun.reflect.NativeMethodAccessorImpl.invoke0(Native Method)

	at sun.reflect.NativeMethodAccessorImpl.invoke(Unknown Source)

	at sun.reflect.DelegatingMethodAccessorImpl.invoke(Unknown Source)

	at java.lang.reflect.Method.invoke(Unknown Source)

	at junit.framework.TestCase.runTest(TestCase.java:176)

	at junit.framework.TestCase.runBare(TestCase.java:141)

	at org.apache.camel.TestSupport.runBare(TestSupport.java:58)

	at junit.framework.TestResult$1.protect(TestResult.java:122)

	at junit.framework.TestResult.runProtected(TestResult.java:142)

	at junit.framework.TestResult.run(TestResult.java:125)

	at junit.framework.TestCase.run(TestCase.java:129)

	at junit.framework.TestSuite.runTest(TestSuite.java:252)

	at junit.framework.TestSuite.run(TestSuite.java:247)

	at org.junit.internal.runners.JUnit38ClassRunner.run(JUnit38ClassRunner.java:86)

	at org.eclipse.jdt.internal.junit4.runner.JUnit4TestReference.run(JUnit4TestReference.java:86)

	at org.eclipse.jdt.internal.junit.runner.TestExecution.run(TestExecution.java:38)

	at org.eclipse.jdt.internal.junit.runner.RemoteTestRunner.runTests(RemoteTestRunner.java:459)

	at org.eclipse.jdt.internal.junit.runner.RemoteTestRunner.runTests(RemoteTestRunner.java:678)

	at org.eclipse.jdt.internal.junit.runner.RemoteTestRunner.run(RemoteTestRunner.java:382)

	at org.eclipse.jdt.internal.junit.runner.RemoteTestRunner.main(RemoteTestRunner.java:192)



testFlatpackDefaultValue(org.apache.camel.component.dataformat.DataFormatComponentConfigurationAndDocumentationTest)
junit.framework.AssertionFailedError

	at junit.framework.Assert.fail(Assert.java:55)

	at junit.framework.Assert.assertTrue(Assert.java:22)

	at junit.framework.Assert.assertNotNull(Assert.java:256)

	at junit.framework.Assert.assertNotNull(Assert.java:248)

	at junit.framework.TestCase.assertNotNull(TestCase.java:417)

	at org.apache.camel.component.dataformat.DataFormatComponentConfigurationAndDocumentationTest.testFlatpackDefaultValue(DataFormatComponentConfigurationAndDocumentationTest.java:65)

	at sun.reflect.NativeMethodAccessorImpl.invoke0(Native Method)

	at sun.reflect.NativeMethodAccessorImpl.invoke(Unknown Source)

	at sun.reflect.DelegatingMethodAccessorImpl.invoke(Unknown Source)

	at java.lang.reflect.Method.invoke(Unknown Source)

	at junit.framework.TestCase.runTest(TestCase.java:176)

	at junit.framework.TestCase.runBare(TestCase.java:141)

	at org.apache.camel.TestSupport.runBare(TestSupport.java:58)

	at junit.framework.TestResult$1.protect(TestResult.java:122)

	at junit.framework.TestResult.runProtected(TestResult.java:142)

	at junit.framework.TestResult.run(TestResult.java:125)

	at junit.framework.TestCase.run(TestCase.java:129)

	at junit.framework.TestSuite.runTest(TestSuite.java:252)

	at junit.framework.TestSuite.run(TestSuite.java:247)

	at org.junit.internal.runners.JUnit38ClassRunner.run(JUnit38ClassRunner.java:86)

	at org.eclipse.jdt.internal.junit4.runner.JUnit4TestReference.run(JUnit4TestReference.java:86)

	at org.eclipse.jdt.internal.junit.runner.TestExecution.run(TestExecution.java:38)

	at org.eclipse.jdt.internal.junit.runner.RemoteTestRunner.runTests(RemoteTestRunner.java:459)

	at org.eclipse.jdt.internal.junit.runner.RemoteTestRunner.runTests(RemoteTestRunner.java:678)

	at org.eclipse.jdt.internal.junit.runner.RemoteTestRunner.run(RemoteTestRunner.java:382)

	at org.eclipse.jdt.internal.junit.runner.RemoteTestRunner.main(RemoteTestRunner.java:192)



testComponentDocumentation(org.apache.camel.component.dataformat.DataFormatComponentConfigurationAndDocumentationTest)
junit.framework.AssertionFailedError: Should have found some auto-generated HTML

	at junit.framework.Assert.fail(Assert.java:57)

	at junit.framework.Assert.assertTrue(Assert.java:22)

	at junit.framework.Assert.assertNotNull(Assert.java:256)

	at junit.framework.TestCase.assertNotNull(TestCase.java:426)

	at org.apache.camel.component.dataformat.DataFormatComponentConfigurationAndDocumentationTest.testComponentDocumentation(DataFormatComponentConfigurationAndDocumentationTest.java:58)

	at sun.reflect.NativeMethodAccessorImpl.invoke0(Native Method)

	at sun.reflect.NativeMethodAccessorImpl.invoke(Unknown Source)

	at sun.reflect.DelegatingMethodAccessorImpl.invoke(Unknown Source)

	at java.lang.reflect.Method.invoke(Unknown Source)

	at junit.framework.TestCase.runTest(TestCase.java:176)

	at junit.framework.TestCase.runBare(TestCase.java:141)

	at org.apache.camel.TestSupport.runBare(TestSupport.java:58)

	at junit.framework.TestResult$1.protect(TestResult.java:122)

	at junit.framework.TestResult.runProtected(TestResult.java:142)

	at junit.framework.TestResult.run(TestResult.java:125)

	at junit.framework.TestCase.run(TestCase.java:129)

	at junit.framework.TestSuite.runTest(TestSuite.java:252)

	at junit.framework.TestSuite.run(TestSuite.java:247)

	at org.junit.internal.runners.JUnit38ClassRunner.run(JUnit38ClassRunner.java:86)

	at org.eclipse.jdt.internal.junit4.runner.JUnit4TestReference.run(JUnit4TestReference.java:86)

	at org.eclipse.jdt.internal.junit.runner.TestExecution.run(TestExecution.java:38)

	at org.eclipse.jdt.internal.junit.runner.RemoteTestRunner.runTests(RemoteTestRunner.java:459)

	at org.eclipse.jdt.internal.junit.runner.RemoteTestRunner.runTests(RemoteTestRunner.java:678)

	at org.eclipse.jdt.internal.junit.runner.RemoteTestRunner.run(RemoteTestRunner.java:382)

	at org.eclipse.jdt.internal.junit.runner.RemoteTestRunner.main(RemoteTestRunner.java:192)



org.apache.camel.management.ManagedDataFormatTest
testManageDataFormat(org.apache.camel.management.ManagedDataFormatTest)
junit.framework.AssertionFailedError

	at junit.framework.Assert.fail(Assert.java:55)

	at junit.framework.Assert.assertTrue(Assert.java:22)

	at junit.framework.Assert.assertNotNull(Assert.java:256)

	at junit.framework.Assert.assertNotNull(Assert.java:248)

	at junit.framework.TestCase.assertNotNull(TestCase.java:417)

	at org.apache.camel.management.ManagedDataFormatTest.testManageDataFormat(ManagedDataFormatTest.java:46)

	at sun.reflect.NativeMethodAccessorImpl.invoke0(Native Method)

	at sun.reflect.NativeMethodAccessorImpl.invoke(Unknown Source)

	at sun.reflect.DelegatingMethodAccessorImpl.invoke(Unknown Source)

	at java.lang.reflect.Method.invoke(Unknown Source)

	at junit.framework.TestCase.runTest(TestCase.java:176)

	at junit.framework.TestCase.runBare(TestCase.java:141)

	at org.apache.camel.TestSupport.runBare(TestSupport.java:58)

	at junit.framework.TestResult$1.protect(TestResult.java:122)

	at junit.framework.TestResult.runProtected(TestResult.java:142)

	at junit.framework.TestResult.run(TestResult.java:125)

	at junit.framework.TestCase.run(TestCase.java:129)

	at junit.framework.TestSuite.runTest(TestSuite.java:252)

	at junit.framework.TestSuite.run(TestSuite.java:247)

	at org.junit.internal.runners.JUnit38ClassRunner.run(JUnit38ClassRunner.java:86)

	at org.eclipse.jdt.internal.junit4.runner.JUnit4TestReference.run(JUnit4TestReference.java:86)

	at org.eclipse.jdt.internal.junit.runner.TestExecution.run(TestExecution.java:38)

	at org.eclipse.jdt.internal.junit.runner.RemoteTestRunner.runTests(RemoteTestRunner.java:459)

	at org.eclipse.jdt.internal.junit.runner.RemoteTestRunner.runTests(RemoteTestRunner.java:678)

	at org.eclipse.jdt.internal.junit.runner.RemoteTestRunner.run(RemoteTestRunner.java:382)

	at org.eclipse.jdt.internal.junit.runner.RemoteTestRunner.main(RemoteTestRunner.java:192)



org.apache.camel.management.ManagedCircuitBreakerLoadBalancerTest
testManageCircuitBreakerLoadBalancer(org.apache.camel.management.ManagedCircuitBreakerLoadBalancerTest)
junit.framework.AssertionFailedError: expected:<2> but was:<0>

	at junit.framework.Assert.fail(Assert.java:57)

	at junit.framework.Assert.failNotEquals(Assert.java:329)

	at junit.framework.Assert.assertEquals(Assert.java:78)

	at junit.framework.Assert.assertEquals(Assert.java:234)

	at junit.framework.Assert.assertEquals(Assert.java:241)

	at junit.framework.TestCase.assertEquals(TestCase.java:409)

	at org.apache.camel.management.ManagedCircuitBreakerLoadBalancerTest.testManageCircuitBreakerLoadBalancer(ManagedCircuitBreakerLoadBalancerTest.java:103)

	at sun.reflect.NativeMethodAccessorImpl.invoke0(Native Method)

	at sun.reflect.NativeMethodAccessorImpl.invoke(Unknown Source)

	at sun.reflect.DelegatingMethodAccessorImpl.invoke(Unknown Source)

	at java.lang.reflect.Method.invoke(Unknown Source)

	at junit.framework.TestCase.runTest(TestCase.java:176)

	at junit.framework.TestCase.runBare(TestCase.java:141)

	at org.apache.camel.TestSupport.runBare(TestSupport.java:58)

	at junit.framework.TestResult$1.protect(TestResult.java:122)

	at junit.framework.TestResult.runProtected(TestResult.java:142)

	at junit.framework.TestResult.run(TestResult.java:125)

	at junit.framework.TestCase.run(TestCase.java:129)

	at junit.framework.TestSuite.runTest(TestSuite.java:252)

	at junit.framework.TestSuite.run(TestSuite.java:247)

	at org.junit.internal.runners.JUnit38ClassRunner.run(JUnit38ClassRunner.java:86)

	at org.eclipse.jdt.internal.junit4.runner.JUnit4TestReference.run(JUnit4TestReference.java:86)

	at org.eclipse.jdt.internal.junit.runner.TestExecution.run(TestExecution.java:38)

	at org.eclipse.jdt.internal.junit.runner.RemoteTestRunner.runTests(RemoteTestRunner.java:459)

	at org.eclipse.jdt.internal.junit.runner.RemoteTestRunner.runTests(RemoteTestRunner.java:678)

	at org.eclipse.jdt.internal.junit.runner.RemoteTestRunner.run(RemoteTestRunner.java:382)

	at org.eclipse.jdt.internal.junit.runner.RemoteTestRunner.main(RemoteTestRunner.java:192)



org.apache.camel.component.dataset.FileDataSetProducerWithSplitTest
testDefaultListDataSetWithSizeGreaterThanListSize(org.apache.camel.component.dataset.FileDataSetProducerWithSplitTest)
junit.framework.AssertionFailedError: Unexpected DataSet size expected:<10> but was:<1>

	at junit.framework.Assert.fail(Assert.java:57)

	at junit.framework.Assert.failNotEquals(Assert.java:329)

	at junit.framework.Assert.assertEquals(Assert.java:78)

	at junit.framework.Assert.assertEquals(Assert.java:159)

	at junit.framework.TestCase.assertEquals(TestCase.java:316)

	at org.apache.camel.component.dataset.FileDataSetProducerWithSplitTest.setUp(FileDataSetProducerWithSplitTest.java:62)

	at junit.framework.TestCase.runBare(TestCase.java:139)

	at org.apache.camel.TestSupport.runBare(TestSupport.java:58)

	at junit.framework.TestResult$1.protect(TestResult.java:122)

	at junit.framework.TestResult.runProtected(TestResult.java:142)

	at junit.framework.TestResult.run(TestResult.java:125)

	at junit.framework.TestCase.run(TestCase.java:129)

	at junit.framework.TestSuite.runTest(TestSuite.java:252)

	at junit.framework.TestSuite.run(TestSuite.java:247)

	at org.junit.internal.runners.JUnit38ClassRunner.run(JUnit38ClassRunner.java:86)

	at org.eclipse.jdt.internal.junit4.runner.JUnit4TestReference.run(JUnit4TestReference.java:86)

	at org.eclipse.jdt.internal.junit.runner.TestExecution.run(TestExecution.java:38)

	at org.eclipse.jdt.internal.junit.runner.RemoteTestRunner.runTests(RemoteTestRunner.java:459)

	at org.eclipse.jdt.internal.junit.runner.RemoteTestRunner.runTests(RemoteTestRunner.java:678)

	at org.eclipse.jdt.internal.junit.runner.RemoteTestRunner.run(RemoteTestRunner.java:382)

	at org.eclipse.jdt.internal.junit.runner.RemoteTestRunner.main(RemoteTestRunner.java:192)



testDefaultListDataSet(org.apache.camel.component.dataset.FileDataSetProducerWithSplitTest)
junit.framework.AssertionFailedError: Unexpected DataSet size expected:<10> but was:<1>

	at junit.framework.Assert.fail(Assert.java:57)

	at junit.framework.Assert.failNotEquals(Assert.java:329)

	at junit.framework.Assert.assertEquals(Assert.java:78)

	at junit.framework.Assert.assertEquals(Assert.java:159)

	at junit.framework.TestCase.assertEquals(TestCase.java:316)

	at org.apache.camel.component.dataset.FileDataSetProducerWithSplitTest.setUp(FileDataSetProducerWithSplitTest.java:62)

	at junit.framework.TestCase.runBare(TestCase.java:139)

	at org.apache.camel.TestSupport.runBare(TestSupport.java:58)

	at junit.framework.TestResult$1.protect(TestResult.java:122)

	at junit.framework.TestResult.runProtected(TestResult.java:142)

	at junit.framework.TestResult.run(TestResult.java:125)

	at junit.framework.TestCase.run(TestCase.java:129)

	at junit.framework.TestSuite.runTest(TestSuite.java:252)

	at junit.framework.TestSuite.run(TestSuite.java:247)

	at org.junit.internal.runners.JUnit38ClassRunner.run(JUnit38ClassRunner.java:86)

	at org.eclipse.jdt.internal.junit4.runner.JUnit4TestReference.run(JUnit4TestReference.java:86)

	at org.eclipse.jdt.internal.junit.runner.TestExecution.run(TestExecution.java:38)

	at org.eclipse.jdt.internal.junit.runner.RemoteTestRunner.runTests(RemoteTestRunner.java:459)

	at org.eclipse.jdt.internal.junit.runner.RemoteTestRunner.runTests(RemoteTestRunner.java:678)

	at org.eclipse.jdt.internal.junit.runner.RemoteTestRunner.run(RemoteTestRunner.java:382)

	at org.eclipse.jdt.internal.junit.runner.RemoteTestRunner.main(RemoteTestRunner.java:192)



org.apache.camel.component.timer.TimerComponentConfigurationAndDocumentationTest
testComponentConfiguration(org.apache.camel.component.timer.TimerComponentConfigurationAndDocumentationTest)
junit.framework.AssertionFailedError

	at junit.framework.Assert.fail(Assert.java:55)

	at junit.framework.Assert.assertTrue(Assert.java:22)

	at junit.framework.Assert.assertTrue(Assert.java:31)

	at junit.framework.TestCase.assertTrue(TestCase.java:201)

	at org.apache.camel.component.timer.TimerComponentConfigurationAndDocumentationTest.testComponentConfiguration(TimerComponentConfigurationAndDocumentationTest.java:44)

	at sun.reflect.NativeMethodAccessorImpl.invoke0(Native Method)

	at sun.reflect.NativeMethodAccessorImpl.invoke(Unknown Source)

	at sun.reflect.DelegatingMethodAccessorImpl.invoke(Unknown Source)

	at java.lang.reflect.Method.invoke(Unknown Source)

	at junit.framework.TestCase.runTest(TestCase.java:176)

	at junit.framework.TestCase.runBare(TestCase.java:141)

	at org.apache.camel.TestSupport.runBare(TestSupport.java:58)

	at junit.framework.TestResult$1.protect(TestResult.java:122)

	at junit.framework.TestResult.runProtected(TestResult.java:142)

	at junit.framework.TestResult.run(TestResult.java:125)

	at junit.framework.TestCase.run(TestCase.java:129)

	at junit.framework.TestSuite.runTest(TestSuite.java:252)

	at junit.framework.TestSuite.run(TestSuite.java:247)

	at org.junit.internal.runners.JUnit38ClassRunner.run(JUnit38ClassRunner.java:86)

	at org.eclipse.jdt.internal.junit4.runner.JUnit4TestReference.run(JUnit4TestReference.java:86)

	at org.eclipse.jdt.internal.junit.runner.TestExecution.run(TestExecution.java:38)

	at org.eclipse.jdt.internal.junit.runner.RemoteTestRunner.runTests(RemoteTestRunner.java:459)

	at org.eclipse.jdt.internal.junit.runner.RemoteTestRunner.runTests(RemoteTestRunner.java:678)

	at org.eclipse.jdt.internal.junit.runner.RemoteTestRunner.run(RemoteTestRunner.java:382)

	at org.eclipse.jdt.internal.junit.runner.RemoteTestRunner.main(RemoteTestRunner.java:192)



testComponentDocumentation(org.apache.camel.component.timer.TimerComponentConfigurationAndDocumentationTest)
junit.framework.AssertionFailedError: Should have found some auto-generated HTML

	at junit.framework.Assert.fail(Assert.java:57)

	at junit.framework.Assert.assertTrue(Assert.java:22)

	at junit.framework.Assert.assertNotNull(Assert.java:256)

	at junit.framework.TestCase.assertNotNull(TestCase.java:426)

	at org.apache.camel.component.timer.TimerComponentConfigurationAndDocumentationTest.testComponentDocumentation(TimerComponentConfigurationAndDocumentationTest.java:53)

	at sun.reflect.NativeMethodAccessorImpl.invoke0(Native Method)

	at sun.reflect.NativeMethodAccessorImpl.invoke(Unknown Source)

	at sun.reflect.DelegatingMethodAccessorImpl.invoke(Unknown Source)

	at java.lang.reflect.Method.invoke(Unknown Source)

	at junit.framework.TestCase.runTest(TestCase.java:176)

	at junit.framework.TestCase.runBare(TestCase.java:141)

	at org.apache.camel.TestSupport.runBare(TestSupport.java:58)

	at junit.framework.TestResult$1.protect(TestResult.java:122)

	at junit.framework.TestResult.runProtected(TestResult.java:142)

	at junit.framework.TestResult.run(TestResult.java:125)

	at junit.framework.TestCase.run(TestCase.java:129)

	at junit.framework.TestSuite.runTest(TestSuite.java:252)

	at junit.framework.TestSuite.run(TestSuite.java:247)

	at org.junit.internal.runners.JUnit38ClassRunner.run(JUnit38ClassRunner.java:86)

	at org.eclipse.jdt.internal.junit4.runner.JUnit4TestReference.run(JUnit4TestReference.java:86)

	at org.eclipse.jdt.internal.junit.runner.TestExecution.run(TestExecution.java:38)

	at org.eclipse.jdt.internal.junit.runner.RemoteTestRunner.runTests(RemoteTestRunner.java:459)

	at org.eclipse.jdt.internal.junit.runner.RemoteTestRunner.runTests(RemoteTestRunner.java:678)

	at org.eclipse.jdt.internal.junit.runner.RemoteTestRunner.run(RemoteTestRunner.java:382)

	at org.eclipse.jdt.internal.junit.runner.RemoteTestRunner.main(RemoteTestRunner.java:192)



org.apache.camel.management.ManagedEndpointExplainTest
testManageEndpointExplain(org.apache.camel.management.ManagedEndpointExplainTest)
junit.framework.AssertionFailedError: expected:<4> but was:<0>

	at junit.framework.Assert.fail(Assert.java:57)

	at junit.framework.Assert.failNotEquals(Assert.java:329)

	at junit.framework.Assert.assertEquals(Assert.java:78)

	at junit.framework.Assert.assertEquals(Assert.java:234)

	at junit.framework.Assert.assertEquals(Assert.java:241)

	at junit.framework.TestCase.assertEquals(TestCase.java:409)

	at org.apache.camel.management.ManagedEndpointExplainTest.testManageEndpointExplain(ManagedEndpointExplainTest.java:49)

	at sun.reflect.NativeMethodAccessorImpl.invoke0(Native Method)

	at sun.reflect.NativeMethodAccessorImpl.invoke(Unknown Source)

	at sun.reflect.DelegatingMethodAccessorImpl.invoke(Unknown Source)

	at java.lang.reflect.Method.invoke(Unknown Source)

	at junit.framework.TestCase.runTest(TestCase.java:176)

	at junit.framework.TestCase.runBare(TestCase.java:141)

	at org.apache.camel.TestSupport.runBare(TestSupport.java:58)

	at junit.framework.TestResult$1.protect(TestResult.java:122)

	at junit.framework.TestResult.runProtected(TestResult.java:142)

	at junit.framework.TestResult.run(TestResult.java:125)

	at junit.framework.TestCase.run(TestCase.java:129)

	at junit.framework.TestSuite.runTest(TestSuite.java:252)

	at junit.framework.TestSuite.run(TestSuite.java:247)

	at org.junit.internal.runners.JUnit38ClassRunner.run(JUnit38ClassRunner.java:86)

	at org.eclipse.jdt.internal.junit4.runner.JUnit4TestReference.run(JUnit4TestReference.java:86)

	at org.eclipse.jdt.internal.junit.runner.TestExecution.run(TestExecution.java:38)

	at org.eclipse.jdt.internal.junit.runner.RemoteTestRunner.runTests(RemoteTestRunner.java:459)

	at org.eclipse.jdt.internal.junit.runner.RemoteTestRunner.runTests(RemoteTestRunner.java:678)

	at org.eclipse.jdt.internal.junit.runner.RemoteTestRunner.run(RemoteTestRunner.java:382)

	at org.eclipse.jdt.internal.junit.runner.RemoteTestRunner.main(RemoteTestRunner.java:192)



org.apache.camel.processor.onexception.ErrorOccuredInOnExceptionRoute
testErrorInOnExceptionNotHandledSecondOnException(org.apache.camel.processor.onexception.ErrorOccuredInOnExceptionRoute)
java.lang.AssertionError: mock://tech Received message count. Expected: <1> but was: <0>

	at org.apache.camel.component.mock.MockEndpoint.fail(MockEndpoint.java:1452)

	at org.apache.camel.component.mock.MockEndpoint.assertEquals(MockEndpoint.java:1434)

	at org.apache.camel.component.mock.MockEndpoint.doAssertIsSatisfied(MockEndpoint.java:407)

	at org.apache.camel.component.mock.MockEndpoint.assertIsSatisfied(MockEndpoint.java:386)

	at org.apache.camel.component.mock.MockEndpoint.assertIsSatisfied(MockEndpoint.java:374)

	at org.apache.camel.component.mock.MockEndpoint.assertIsSatisfied(MockEndpoint.java:212)

	at org.apache.camel.ContextTestSupport.assertMockEndpointsSatisfied(ContextTestSupport.java:343)

	at org.apache.camel.processor.onexception.ErrorOccuredInOnExceptionRoute.testErrorInOnExceptionNotHandledSecondOnException(ErrorOccuredInOnExceptionRoute.java:98)

	at sun.reflect.NativeMethodAccessorImpl.invoke0(Native Method)

	at sun.reflect.NativeMethodAccessorImpl.invoke(Unknown Source)

	at sun.reflect.DelegatingMethodAccessorImpl.invoke(Unknown Source)

	at java.lang.reflect.Method.invoke(Unknown Source)

	at junit.framework.TestCase.runTest(TestCase.java:176)

	at junit.framework.TestCase.runBare(TestCase.java:141)

	at org.apache.camel.TestSupport.runBare(TestSupport.java:58)

	at junit.framework.TestResult$1.protect(TestResult.java:122)

	at junit.framework.TestResult.runProtected(TestResult.java:142)

	at junit.framework.TestResult.run(TestResult.java:125)

	at junit.framework.TestCase.run(TestCase.java:129)

	at junit.framework.TestSuite.runTest(TestSuite.java:252)

	at junit.framework.TestSuite.run(TestSuite.java:247)

	at org.junit.internal.runners.JUnit38ClassRunner.run(JUnit38ClassRunner.java:86)

	at org.eclipse.jdt.internal.junit4.runner.JUnit4TestReference.run(JUnit4TestReference.java:86)

	at org.eclipse.jdt.internal.junit.runner.TestExecution.run(TestExecution.java:38)

	at org.eclipse.jdt.internal.junit.runner.RemoteTestRunner.runTests(RemoteTestRunner.java:459)

	at org.eclipse.jdt.internal.junit.runner.RemoteTestRunner.runTests(RemoteTestRunner.java:678)

	at org.eclipse.jdt.internal.junit.runner.RemoteTestRunner.run(RemoteTestRunner.java:382)

	at org.eclipse.jdt.internal.junit.runner.RemoteTestRunner.main(RemoteTestRunner.java:192)



testErrorInOnException(org.apache.camel.processor.onexception.ErrorOccuredInOnExceptionRoute)
org.apache.camel.CamelExecutionException: Exception occurred during execution on the exchange: Exchange[ID-DESKTOP-9NT300B-59338-1479892866436-3072-2]

	at org.apache.camel.util.ObjectHelper.wrapCamelExecutionException(ObjectHelper.java:1697)

	at org.apache.camel.util.ExchangeHelper.extractResultBody(ExchangeHelper.java:677)

	at org.apache.camel.impl.DefaultProducerTemplate.extractResultBody(DefaultProducerTemplate.java:515)

	at org.apache.camel.impl.DefaultProducerTemplate.extractResultBody(DefaultProducerTemplate.java:511)

	at org.apache.camel.impl.DefaultProducerTemplate.sendBody(DefaultProducerTemplate.java:163)

	at org.apache.camel.impl.DefaultProducerTemplate.sendBody(DefaultProducerTemplate.java:168)

	at org.apache.camel.processor.onexception.ErrorOccuredInOnExceptionRoute.testErrorInOnException(ErrorOccuredInOnExceptionRoute.java:60)

	at sun.reflect.NativeMethodAccessorImpl.invoke0(Native Method)

	at sun.reflect.NativeMethodAccessorImpl.invoke(Unknown Source)

	at sun.reflect.DelegatingMethodAccessorImpl.invoke(Unknown Source)

	at java.lang.reflect.Method.invoke(Unknown Source)

	at junit.framework.TestCase.runTest(TestCase.java:176)

	at junit.framework.TestCase.runBare(TestCase.java:141)

	at org.apache.camel.TestSupport.runBare(TestSupport.java:58)

	at junit.framework.TestResult$1.protect(TestResult.java:122)

	at junit.framework.TestResult.runProtected(TestResult.java:142)

	at junit.framework.TestResult.run(TestResult.java:125)

	at junit.framework.TestCase.run(TestCase.java:129)

	at junit.framework.TestSuite.runTest(TestSuite.java:252)

	at junit.framework.TestSuite.run(TestSuite.java:247)

	at org.junit.internal.runners.JUnit38ClassRunner.run(JUnit38ClassRunner.java:86)

	at org.eclipse.jdt.internal.junit4.runner.JUnit4TestReference.run(JUnit4TestReference.java:86)

	at org.eclipse.jdt.internal.junit.runner.TestExecution.run(TestExecution.java:38)

	at org.eclipse.jdt.internal.junit.runner.RemoteTestRunner.runTests(RemoteTestRunner.java:459)

	at org.eclipse.jdt.internal.junit.runner.RemoteTestRunner.runTests(RemoteTestRunner.java:678)

	at org.eclipse.jdt.internal.junit.runner.RemoteTestRunner.run(RemoteTestRunner.java:382)

	at org.eclipse.jdt.internal.junit.runner.RemoteTestRunner.main(RemoteTestRunner.java:192)

Caused by: org.apache.camel.processor.onexception.MyTechnicalException: Tech error

	at org.apache.camel.processor.onexception.ErrorOccuredInOnExceptionRoute$1.configure(ErrorOccuredInOnExceptionRoute.java:46)

	at org.apache.camel.builder.RouteBuilder.checkInitialized(RouteBuilder.java:403)

	at org.apache.camel.builder.RouteBuilder.configureRoutes(RouteBuilder.java:343)

	at org.apache.camel.builder.RouteBuilder.addRoutesToCamelContext(RouteBuilder.java:326)

	at org.apache.camel.impl.DefaultCamelContext$1.call(DefaultCamelContext.java:872)

	at org.apache.camel.impl.DefaultCamelContext$1.call(DefaultCamelContext.java:1)

	at org.apache.camel.impl.DefaultCamelContext.doWithDefinedClassLoader(DefaultCamelContext.java:3012)

	at org.apache.camel.impl.DefaultCamelContext.addRoutes(DefaultCamelContext.java:869)

	at org.apache.camel.processor.onexception.ErrorOccuredInOnExceptionRoute.testErrorInOnException(ErrorOccuredInOnExceptionRoute.java:36)

	... 20 more



org.apache.camel.component.log.LogComponentConfigurationAndDocumentationTest
testComponentConfiguration(org.apache.camel.component.log.LogComponentConfigurationAndDocumentationTest)
junit.framework.AssertionFailedError

	at junit.framework.Assert.fail(Assert.java:55)

	at junit.framework.Assert.assertTrue(Assert.java:22)

	at junit.framework.Assert.assertTrue(Assert.java:31)

	at junit.framework.TestCase.assertTrue(TestCase.java:201)

	at org.apache.camel.component.log.LogComponentConfigurationAndDocumentationTest.testComponentConfiguration(LogComponentConfigurationAndDocumentationTest.java:44)

	at sun.reflect.NativeMethodAccessorImpl.invoke0(Native Method)

	at sun.reflect.NativeMethodAccessorImpl.invoke(Unknown Source)

	at sun.reflect.DelegatingMethodAccessorImpl.invoke(Unknown Source)

	at java.lang.reflect.Method.invoke(Unknown Source)

	at junit.framework.TestCase.runTest(TestCase.java:176)

	at junit.framework.TestCase.runBare(TestCase.java:141)

	at org.apache.camel.TestSupport.runBare(TestSupport.java:58)

	at junit.framework.TestResult$1.protect(TestResult.java:122)

	at junit.framework.TestResult.runProtected(TestResult.java:142)

	at junit.framework.TestResult.run(TestResult.java:125)

	at junit.framework.TestCase.run(TestCase.java:129)

	at junit.framework.TestSuite.runTest(TestSuite.java:252)

	at junit.framework.TestSuite.run(TestSuite.java:247)

	at org.junit.internal.runners.JUnit38ClassRunner.run(JUnit38ClassRunner.java:86)

	at org.eclipse.jdt.internal.junit4.runner.JUnit4TestReference.run(JUnit4TestReference.java:86)

	at org.eclipse.jdt.internal.junit.runner.TestExecution.run(TestExecution.java:38)

	at org.eclipse.jdt.internal.junit.runner.RemoteTestRunner.runTests(RemoteTestRunner.java:459)

	at org.eclipse.jdt.internal.junit.runner.RemoteTestRunner.runTests(RemoteTestRunner.java:678)

	at org.eclipse.jdt.internal.junit.runner.RemoteTestRunner.run(RemoteTestRunner.java:382)

	at org.eclipse.jdt.internal.junit.runner.RemoteTestRunner.main(RemoteTestRunner.java:192)



testComponentDocumentation(org.apache.camel.component.log.LogComponentConfigurationAndDocumentationTest)
junit.framework.AssertionFailedError: Should have found some auto-generated HTML

	at junit.framework.Assert.fail(Assert.java:57)

	at junit.framework.Assert.assertTrue(Assert.java:22)

	at junit.framework.Assert.assertNotNull(Assert.java:256)

	at junit.framework.TestCase.assertNotNull(TestCase.java:426)

	at org.apache.camel.component.log.LogComponentConfigurationAndDocumentationTest.testComponentDocumentation(LogComponentConfigurationAndDocumentationTest.java:53)

	at sun.reflect.NativeMethodAccessorImpl.invoke0(Native Method)

	at sun.reflect.NativeMethodAccessorImpl.invoke(Unknown Source)

	at sun.reflect.DelegatingMethodAccessorImpl.invoke(Unknown Source)

	at java.lang.reflect.Method.invoke(Unknown Source)

	at junit.framework.TestCase.runTest(TestCase.java:176)

	at junit.framework.TestCase.runBare(TestCase.java:141)

	at org.apache.camel.TestSupport.runBare(TestSupport.java:58)

	at junit.framework.TestResult$1.protect(TestResult.java:122)

	at junit.framework.TestResult.runProtected(TestResult.java:142)

	at junit.framework.TestResult.run(TestResult.java:125)

	at junit.framework.TestCase.run(TestCase.java:129)

	at junit.framework.TestSuite.runTest(TestSuite.java:252)

	at junit.framework.TestSuite.run(TestSuite.java:247)

	at org.junit.internal.runners.JUnit38ClassRunner.run(JUnit38ClassRunner.java:86)

	at org.eclipse.jdt.internal.junit4.runner.JUnit4TestReference.run(JUnit4TestReference.java:86)

	at org.eclipse.jdt.internal.junit.runner.TestExecution.run(TestExecution.java:38)

	at org.eclipse.jdt.internal.junit.runner.RemoteTestRunner.runTests(RemoteTestRunner.java:459)

	at org.eclipse.jdt.internal.junit.runner.RemoteTestRunner.runTests(RemoteTestRunner.java:678)

	at org.eclipse.jdt.internal.junit.runner.RemoteTestRunner.run(RemoteTestRunner.java:382)

	at org.eclipse.jdt.internal.junit.runner.RemoteTestRunner.main(RemoteTestRunner.java:192)



org.apache.camel.component.ComponentDiscoveryTest
testComponentDocumentation(org.apache.camel.component.ComponentDiscoveryTest)
java.lang.AssertionError: Should have found some auto-generated HTML

	at org.junit.Assert.fail(Assert.java:88)

	at org.junit.Assert.assertTrue(Assert.java:41)

	at org.junit.Assert.assertNotNull(Assert.java:712)

	at org.apache.camel.component.ComponentDiscoveryTest.testComponentDocumentation(ComponentDiscoveryTest.java:64)

	at sun.reflect.NativeMethodAccessorImpl.invoke0(Native Method)

	at sun.reflect.NativeMethodAccessorImpl.invoke(Unknown Source)

	at sun.reflect.DelegatingMethodAccessorImpl.invoke(Unknown Source)

	at java.lang.reflect.Method.invoke(Unknown Source)

	at org.junit.runners.model.FrameworkMethod$1.runReflectiveCall(FrameworkMethod.java:50)

	at org.junit.internal.runners.model.ReflectiveCallable.run(ReflectiveCallable.java:12)

	at org.junit.runners.model.FrameworkMethod.invokeExplosively(FrameworkMethod.java:47)

	at org.junit.internal.runners.statements.InvokeMethod.evaluate(InvokeMethod.java:17)

	at org.junit.runners.ParentRunner.runLeaf(ParentRunner.java:325)

	at org.junit.runners.BlockJUnit4ClassRunner.runChild(BlockJUnit4ClassRunner.java:78)

	at org.junit.runners.BlockJUnit4ClassRunner.runChild(BlockJUnit4ClassRunner.java:57)

	at org.junit.runners.ParentRunner$3.run(ParentRunner.java:290)

	at org.junit.runners.ParentRunner$1.schedule(ParentRunner.java:71)

	at org.junit.runners.ParentRunner.runChildren(ParentRunner.java:288)

	at org.junit.runners.ParentRunner.access$000(ParentRunner.java:58)

	at org.junit.runners.ParentRunner$2.evaluate(ParentRunner.java:268)

	at org.junit.runners.ParentRunner.run(ParentRunner.java:363)

	at org.eclipse.jdt.internal.junit4.runner.JUnit4TestReference.run(JUnit4TestReference.java:86)

	at org.eclipse.jdt.internal.junit.runner.TestExecution.run(TestExecution.java:38)

	at org.eclipse.jdt.internal.junit.runner.RemoteTestRunner.runTests(RemoteTestRunner.java:459)

	at org.eclipse.jdt.internal.junit.runner.RemoteTestRunner.runTests(RemoteTestRunner.java:678)

	at org.eclipse.jdt.internal.junit.runner.RemoteTestRunner.run(RemoteTestRunner.java:382)

	at org.eclipse.jdt.internal.junit.runner.RemoteTestRunner.main(RemoteTestRunner.java:192)



org.apache.camel.management.ManagedTopicLoadBalancerTest
testManageTopicLoadBalancer(org.apache.camel.management.ManagedTopicLoadBalancerTest)
junit.framework.AssertionFailedError: expected:<2> but was:<0>

	at junit.framework.Assert.fail(Assert.java:57)

	at junit.framework.Assert.failNotEquals(Assert.java:329)

	at junit.framework.Assert.assertEquals(Assert.java:78)

	at junit.framework.Assert.assertEquals(Assert.java:234)

	at junit.framework.Assert.assertEquals(Assert.java:241)

	at junit.framework.TestCase.assertEquals(TestCase.java:409)

	at org.apache.camel.management.ManagedTopicLoadBalancerTest.testManageTopicLoadBalancer(ManagedTopicLoadBalancerTest.java:58)

	at sun.reflect.NativeMethodAccessorImpl.invoke0(Native Method)

	at sun.reflect.NativeMethodAccessorImpl.invoke(Unknown Source)

	at sun.reflect.DelegatingMethodAccessorImpl.invoke(Unknown Source)

	at java.lang.reflect.Method.invoke(Unknown Source)

	at junit.framework.TestCase.runTest(TestCase.java:176)

	at junit.framework.TestCase.runBare(TestCase.java:141)

	at org.apache.camel.TestSupport.runBare(TestSupport.java:58)

	at junit.framework.TestResult$1.protect(TestResult.java:122)

	at junit.framework.TestResult.runProtected(TestResult.java:142)

	at junit.framework.TestResult.run(TestResult.java:125)

	at junit.framework.TestCase.run(TestCase.java:129)

	at junit.framework.TestSuite.runTest(TestSuite.java:252)

	at junit.framework.TestSuite.run(TestSuite.java:247)

	at org.junit.internal.runners.JUnit38ClassRunner.run(JUnit38ClassRunner.java:86)

	at org.eclipse.jdt.internal.junit4.runner.JUnit4TestReference.run(JUnit4TestReference.java:86)

	at org.eclipse.jdt.internal.junit.runner.TestExecution.run(TestExecution.java:38)

	at org.eclipse.jdt.internal.junit.runner.RemoteTestRunner.runTests(RemoteTestRunner.java:459)

	at org.eclipse.jdt.internal.junit.runner.RemoteTestRunner.runTests(RemoteTestRunner.java:678)

	at org.eclipse.jdt.internal.junit.runner.RemoteTestRunner.run(RemoteTestRunner.java:382)

	at org.eclipse.jdt.internal.junit.runner.RemoteTestRunner.main(RemoteTestRunner.java:192)



org.apache.camel.component.properties.PropertiesComponentServiceTest
testFunction(org.apache.camel.component.properties.PropertiesComponentServiceTest)
org.apache.camel.FailedToCreateRouteException: Failed to create route route1 at: >>> Transform[constant{{{service:FOO}}}] <<< in route: Route(route1)[[From[direct:start]] -> [To[mock:foo], Transfo... because of Property with key [service:FOO] using function [service] returned null value which is not allowed, from input: {{service:FOO}}

	at org.apache.camel.model.RouteDefinition.addRoutes(RouteDefinition.java:1071)

	at org.apache.camel.model.RouteDefinition.addRoutes(RouteDefinition.java:196)

	at org.apache.camel.impl.DefaultCamelContext.startRoute(DefaultCamelContext.java:1013)

	at org.apache.camel.impl.DefaultCamelContext.startRouteDefinitions(DefaultCamelContext.java:3433)

	at org.apache.camel.impl.DefaultCamelContext.doStartCamel(DefaultCamelContext.java:3164)

	at org.apache.camel.impl.DefaultCamelContext.access$0(DefaultCamelContext.java:3018)

	at org.apache.camel.impl.DefaultCamelContext$2.call(DefaultCamelContext.java:2993)

	at org.apache.camel.impl.DefaultCamelContext$2.call(DefaultCamelContext.java:1)

	at org.apache.camel.impl.DefaultCamelContext.doWithDefinedClassLoader(DefaultCamelContext.java:3012)

	at org.apache.camel.impl.DefaultCamelContext.doStart(DefaultCamelContext.java:2989)

	at org.apache.camel.support.ServiceSupport.start(ServiceSupport.java:61)

	at org.apache.camel.impl.DefaultCamelContext.start(DefaultCamelContext.java:2927)

	at org.apache.camel.component.properties.PropertiesComponentServiceTest.testFunction(PropertiesComponentServiceTest.java:39)

	at sun.reflect.NativeMethodAccessorImpl.invoke0(Native Method)

	at sun.reflect.NativeMethodAccessorImpl.invoke(Unknown Source)

	at sun.reflect.DelegatingMethodAccessorImpl.invoke(Unknown Source)

	at java.lang.reflect.Method.invoke(Unknown Source)

	at junit.framework.TestCase.runTest(TestCase.java:176)

	at junit.framework.TestCase.runBare(TestCase.java:141)

	at org.apache.camel.TestSupport.runBare(TestSupport.java:58)

	at junit.framework.TestResult$1.protect(TestResult.java:122)

	at junit.framework.TestResult.runProtected(TestResult.java:142)

	at junit.framework.TestResult.run(TestResult.java:125)

	at junit.framework.TestCase.run(TestCase.java:129)

	at junit.framework.TestSuite.runTest(TestSuite.java:252)

	at junit.framework.TestSuite.run(TestSuite.java:247)

	at org.junit.internal.runners.JUnit38ClassRunner.run(JUnit38ClassRunner.java:86)

	at org.eclipse.jdt.internal.junit4.runner.JUnit4TestReference.run(JUnit4TestReference.java:86)

	at org.eclipse.jdt.internal.junit.runner.TestExecution.run(TestExecution.java:38)

	at org.eclipse.jdt.internal.junit.runner.RemoteTestRunner.runTests(RemoteTestRunner.java:459)

	at org.eclipse.jdt.internal.junit.runner.RemoteTestRunner.runTests(RemoteTestRunner.java:678)

	at org.eclipse.jdt.internal.junit.runner.RemoteTestRunner.run(RemoteTestRunner.java:382)

	at org.eclipse.jdt.internal.junit.runner.RemoteTestRunner.main(RemoteTestRunner.java:192)

Caused by: java.lang.IllegalArgumentException: Property with key [service:FOO] using function [service] returned null value which is not allowed, from input: {{service:FOO}}

	at org.apache.camel.component.properties.DefaultPropertiesParser$ParsingContext.getPropertyValue(DefaultPropertiesParser.java:226)

	at org.apache.camel.component.properties.DefaultPropertiesParser$ParsingContext.readProperty(DefaultPropertiesParser.java:156)

	at org.apache.camel.component.properties.DefaultPropertiesParser$ParsingContext.doParse(DefaultPropertiesParser.java:115)

	at org.apache.camel.component.properties.DefaultPropertiesParser$ParsingContext.parse(DefaultPropertiesParser.java:99)

	at org.apache.camel.component.properties.DefaultPropertiesParser.parseUri(DefaultPropertiesParser.java:62)

	at org.apache.camel.component.properties.PropertiesComponent.parseUri(PropertiesComponent.java:222)

	at org.apache.camel.component.properties.PropertiesComponent.parseUri(PropertiesComponent.java:165)

	at org.apache.camel.impl.DefaultCamelContext.resolvePropertyPlaceholders(DefaultCamelContext.java:2353)

	at org.apache.camel.model.ProcessorDefinitionHelper.resolvePropertyPlaceholders(ProcessorDefinitionHelper.java:734)

	at org.apache.camel.model.ProcessorDefinition.makeProcessorImpl(ProcessorDefinition.java:532)

	at org.apache.camel.model.ProcessorDefinition.makeProcessor(ProcessorDefinition.java:506)

	at org.apache.camel.model.ProcessorDefinition.addRoutes(ProcessorDefinition.java:222)

	at org.apache.camel.model.RouteDefinition.addRoutes(RouteDefinition.java:1068)

	... 32 more



org.apache.camel.component.seda.SedaComponentConfigurationAndDocumentationTest
testComponentConfiguration(org.apache.camel.component.seda.SedaComponentConfigurationAndDocumentationTest)
junit.framework.AssertionFailedError

	at junit.framework.Assert.fail(Assert.java:55)

	at junit.framework.Assert.assertTrue(Assert.java:22)

	at junit.framework.Assert.assertTrue(Assert.java:31)

	at junit.framework.TestCase.assertTrue(TestCase.java:201)

	at org.apache.camel.component.seda.SedaComponentConfigurationAndDocumentationTest.testComponentConfiguration(SedaComponentConfigurationAndDocumentationTest.java:44)

	at sun.reflect.NativeMethodAccessorImpl.invoke0(Native Method)

	at sun.reflect.NativeMethodAccessorImpl.invoke(Unknown Source)

	at sun.reflect.DelegatingMethodAccessorImpl.invoke(Unknown Source)

	at java.lang.reflect.Method.invoke(Unknown Source)

	at junit.framework.TestCase.runTest(TestCase.java:176)

	at junit.framework.TestCase.runBare(TestCase.java:141)

	at org.apache.camel.TestSupport.runBare(TestSupport.java:58)

	at junit.framework.TestResult$1.protect(TestResult.java:122)

	at junit.framework.TestResult.runProtected(TestResult.java:142)

	at junit.framework.TestResult.run(TestResult.java:125)

	at junit.framework.TestCase.run(TestCase.java:129)

	at junit.framework.TestSuite.runTest(TestSuite.java:252)

	at junit.framework.TestSuite.run(TestSuite.java:247)

	at org.junit.internal.runners.JUnit38ClassRunner.run(JUnit38ClassRunner.java:86)

	at org.eclipse.jdt.internal.junit4.runner.JUnit4TestReference.run(JUnit4TestReference.java:86)

	at org.eclipse.jdt.internal.junit.runner.TestExecution.run(TestExecution.java:38)

	at org.eclipse.jdt.internal.junit.runner.RemoteTestRunner.runTests(RemoteTestRunner.java:459)

	at org.eclipse.jdt.internal.junit.runner.RemoteTestRunner.runTests(RemoteTestRunner.java:678)

	at org.eclipse.jdt.internal.junit.runner.RemoteTestRunner.run(RemoteTestRunner.java:382)

	at org.eclipse.jdt.internal.junit.runner.RemoteTestRunner.main(RemoteTestRunner.java:192)



testComponentDocumentation(org.apache.camel.component.seda.SedaComponentConfigurationAndDocumentationTest)
junit.framework.AssertionFailedError: Should have found some auto-generated HTML

	at junit.framework.Assert.fail(Assert.java:57)

	at junit.framework.Assert.assertTrue(Assert.java:22)

	at junit.framework.Assert.assertNotNull(Assert.java:256)

	at junit.framework.TestCase.assertNotNull(TestCase.java:426)

	at org.apache.camel.component.seda.SedaComponentConfigurationAndDocumentationTest.testComponentDocumentation(SedaComponentConfigurationAndDocumentationTest.java:52)

	at sun.reflect.NativeMethodAccessorImpl.invoke0(Native Method)

	at sun.reflect.NativeMethodAccessorImpl.invoke(Unknown Source)

	at sun.reflect.DelegatingMethodAccessorImpl.invoke(Unknown Source)

	at java.lang.reflect.Method.invoke(Unknown Source)

	at junit.framework.TestCase.runTest(TestCase.java:176)

	at junit.framework.TestCase.runBare(TestCase.java:141)

	at org.apache.camel.TestSupport.runBare(TestSupport.java:58)

	at junit.framework.TestResult$1.protect(TestResult.java:122)

	at junit.framework.TestResult.runProtected(TestResult.java:142)

	at junit.framework.TestResult.run(TestResult.java:125)

	at junit.framework.TestCase.run(TestCase.java:129)

	at junit.framework.TestSuite.runTest(TestSuite.java:252)

	at junit.framework.TestSuite.run(TestSuite.java:247)

	at org.junit.internal.runners.JUnit38ClassRunner.run(JUnit38ClassRunner.java:86)

	at org.eclipse.jdt.internal.junit4.runner.JUnit4TestReference.run(JUnit4TestReference.java:86)

	at org.eclipse.jdt.internal.junit.runner.TestExecution.run(TestExecution.java:38)

	at org.eclipse.jdt.internal.junit.runner.RemoteTestRunner.runTests(RemoteTestRunner.java:459)

	at org.eclipse.jdt.internal.junit.runner.RemoteTestRunner.runTests(RemoteTestRunner.java:678)

	at org.eclipse.jdt.internal.junit.runner.RemoteTestRunner.run(RemoteTestRunner.java:382)

	at org.eclipse.jdt.internal.junit.runner.RemoteTestRunner.main(RemoteTestRunner.java:192)



org.apache.camel.management.ManagedPollEnricherTest
testManagePollEnricher(org.apache.camel.management.ManagedPollEnricherTest)
junit.framework.AssertionFailedError: expected:<3> but was:<0>

	at junit.framework.Assert.fail(Assert.java:57)

	at junit.framework.Assert.failNotEquals(Assert.java:329)

	at junit.framework.Assert.assertEquals(Assert.java:78)

	at junit.framework.Assert.assertEquals(Assert.java:234)

	at junit.framework.Assert.assertEquals(Assert.java:241)

	at junit.framework.TestCase.assertEquals(TestCase.java:409)

	at org.apache.camel.management.ManagedPollEnricherTest.testManagePollEnricher(ManagedPollEnricherTest.java:86)

	at sun.reflect.NativeMethodAccessorImpl.invoke0(Native Method)

	at sun.reflect.NativeMethodAccessorImpl.invoke(Unknown Source)

	at sun.reflect.DelegatingMethodAccessorImpl.invoke(Unknown Source)

	at java.lang.reflect.Method.invoke(Unknown Source)

	at junit.framework.TestCase.runTest(TestCase.java:176)

	at junit.framework.TestCase.runBare(TestCase.java:141)

	at org.apache.camel.TestSupport.runBare(TestSupport.java:58)

	at junit.framework.TestResult$1.protect(TestResult.java:122)

	at junit.framework.TestResult.runProtected(TestResult.java:142)

	at junit.framework.TestResult.run(TestResult.java:125)

	at junit.framework.TestCase.run(TestCase.java:129)

	at junit.framework.TestSuite.runTest(TestSuite.java:252)

	at junit.framework.TestSuite.run(TestSuite.java:247)

	at org.junit.internal.runners.JUnit38ClassRunner.run(JUnit38ClassRunner.java:86)

	at org.eclipse.jdt.internal.junit4.runner.JUnit4TestReference.run(JUnit4TestReference.java:86)

	at org.eclipse.jdt.internal.junit.runner.TestExecution.run(TestExecution.java:38)

	at org.eclipse.jdt.internal.junit.runner.RemoteTestRunner.runTests(RemoteTestRunner.java:459)

	at org.eclipse.jdt.internal.junit.runner.RemoteTestRunner.runTests(RemoteTestRunner.java:678)

	at org.eclipse.jdt.internal.junit.runner.RemoteTestRunner.run(RemoteTestRunner.java:382)

	at org.eclipse.jdt.internal.junit.runner.RemoteTestRunner.main(RemoteTestRunner.java:192)



org.apache.camel.component.controlbus.ControlBusComponentConfigurationAndDocumentationTest
testComponentConfiguration(org.apache.camel.component.controlbus.ControlBusComponentConfigurationAndDocumentationTest)
junit.framework.AssertionFailedError

	at junit.framework.Assert.fail(Assert.java:55)

	at junit.framework.Assert.assertTrue(Assert.java:22)

	at junit.framework.Assert.assertTrue(Assert.java:31)

	at junit.framework.TestCase.assertTrue(TestCase.java:201)

	at org.apache.camel.component.controlbus.ControlBusComponentConfigurationAndDocumentationTest.testComponentConfiguration(ControlBusComponentConfigurationAndDocumentationTest.java:45)

	at sun.reflect.NativeMethodAccessorImpl.invoke0(Native Method)

	at sun.reflect.NativeMethodAccessorImpl.invoke(Unknown Source)

	at sun.reflect.DelegatingMethodAccessorImpl.invoke(Unknown Source)

	at java.lang.reflect.Method.invoke(Unknown Source)

	at junit.framework.TestCase.runTest(TestCase.java:176)

	at junit.framework.TestCase.runBare(TestCase.java:141)

	at org.apache.camel.TestSupport.runBare(TestSupport.java:58)

	at junit.framework.TestResult$1.protect(TestResult.java:122)

	at junit.framework.TestResult.runProtected(TestResult.java:142)

	at junit.framework.TestResult.run(TestResult.java:125)

	at junit.framework.TestCase.run(TestCase.java:129)

	at junit.framework.TestSuite.runTest(TestSuite.java:252)

	at junit.framework.TestSuite.run(TestSuite.java:247)

	at org.junit.internal.runners.JUnit38ClassRunner.run(JUnit38ClassRunner.java:86)

	at org.eclipse.jdt.internal.junit4.runner.JUnit4TestReference.run(JUnit4TestReference.java:86)

	at org.eclipse.jdt.internal.junit.runner.TestExecution.run(TestExecution.java:38)

	at org.eclipse.jdt.internal.junit.runner.RemoteTestRunner.runTests(RemoteTestRunner.java:459)

	at org.eclipse.jdt.internal.junit.runner.RemoteTestRunner.runTests(RemoteTestRunner.java:678)

	at org.eclipse.jdt.internal.junit.runner.RemoteTestRunner.run(RemoteTestRunner.java:382)

	at org.eclipse.jdt.internal.junit.runner.RemoteTestRunner.main(RemoteTestRunner.java:192)



testComponentDocumentation(org.apache.camel.component.controlbus.ControlBusComponentConfigurationAndDocumentationTest)
junit.framework.AssertionFailedError: Should have found some auto-generated HTML

	at junit.framework.Assert.fail(Assert.java:57)

	at junit.framework.Assert.assertTrue(Assert.java:22)

	at junit.framework.Assert.assertNotNull(Assert.java:256)

	at junit.framework.TestCase.assertNotNull(TestCase.java:426)

	at org.apache.camel.component.controlbus.ControlBusComponentConfigurationAndDocumentationTest.testComponentDocumentation(ControlBusComponentConfigurationAndDocumentationTest.java:53)

	at sun.reflect.NativeMethodAccessorImpl.invoke0(Native Method)

	at sun.reflect.NativeMethodAccessorImpl.invoke(Unknown Source)

	at sun.reflect.DelegatingMethodAccessorImpl.invoke(Unknown Source)

	at java.lang.reflect.Method.invoke(Unknown Source)

	at junit.framework.TestCase.runTest(TestCase.java:176)

	at junit.framework.TestCase.runBare(TestCase.java:141)

	at org.apache.camel.TestSupport.runBare(TestSupport.java:58)

	at junit.framework.TestResult$1.protect(TestResult.java:122)

	at junit.framework.TestResult.runProtected(TestResult.java:142)

	at junit.framework.TestResult.run(TestResult.java:125)

	at junit.framework.TestCase.run(TestCase.java:129)

	at junit.framework.TestSuite.runTest(TestSuite.java:252)

	at junit.framework.TestSuite.run(TestSuite.java:247)

	at org.junit.internal.runners.JUnit38ClassRunner.run(JUnit38ClassRunner.java:86)

	at org.eclipse.jdt.internal.junit4.runner.JUnit4TestReference.run(JUnit4TestReference.java:86)

	at org.eclipse.jdt.internal.junit.runner.TestExecution.run(TestExecution.java:38)

	at org.eclipse.jdt.internal.junit.runner.RemoteTestRunner.runTests(RemoteTestRunner.java:459)

	at org.eclipse.jdt.internal.junit.runner.RemoteTestRunner.runTests(RemoteTestRunner.java:678)

	at org.eclipse.jdt.internal.junit.runner.RemoteTestRunner.run(RemoteTestRunner.java:382)

	at org.eclipse.jdt.internal.junit.runner.RemoteTestRunner.main(RemoteTestRunner.java:192)



org.apache.camel.management.ManagedEnricherTest
testManageEnricher(org.apache.camel.management.ManagedEnricherTest)
junit.framework.AssertionFailedError: expected:<2> but was:<0>

	at junit.framework.Assert.fail(Assert.java:57)

	at junit.framework.Assert.failNotEquals(Assert.java:329)

	at junit.framework.Assert.assertEquals(Assert.java:78)

	at junit.framework.Assert.assertEquals(Assert.java:234)

	at junit.framework.Assert.assertEquals(Assert.java:241)

	at junit.framework.TestCase.assertEquals(TestCase.java:409)

	at org.apache.camel.management.ManagedEnricherTest.testManageEnricher(ManagedEnricherTest.java:87)

	at sun.reflect.NativeMethodAccessorImpl.invoke0(Native Method)

	at sun.reflect.NativeMethodAccessorImpl.invoke(Unknown Source)

	at sun.reflect.DelegatingMethodAccessorImpl.invoke(Unknown Source)

	at java.lang.reflect.Method.invoke(Unknown Source)

	at junit.framework.TestCase.runTest(TestCase.java:176)

	at junit.framework.TestCase.runBare(TestCase.java:141)

	at org.apache.camel.TestSupport.runBare(TestSupport.java:58)

	at junit.framework.TestResult$1.protect(TestResult.java:122)

	at junit.framework.TestResult.runProtected(TestResult.java:142)

	at junit.framework.TestResult.run(TestResult.java:125)

	at junit.framework.TestCase.run(TestCase.java:129)

	at junit.framework.TestSuite.runTest(TestSuite.java:252)

	at junit.framework.TestSuite.run(TestSuite.java:247)

	at org.junit.internal.runners.JUnit38ClassRunner.run(JUnit38ClassRunner.java:86)

	at org.eclipse.jdt.internal.junit4.runner.JUnit4TestReference.run(JUnit4TestReference.java:86)

	at org.eclipse.jdt.internal.junit.runner.TestExecution.run(TestExecution.java:38)

	at org.eclipse.jdt.internal.junit.runner.RemoteTestRunner.runTests(RemoteTestRunner.java:459)

	at org.eclipse.jdt.internal.junit.runner.RemoteTestRunner.runTests(RemoteTestRunner.java:678)

	at org.eclipse.jdt.internal.junit.runner.RemoteTestRunner.run(RemoteTestRunner.java:382)

	at org.eclipse.jdt.internal.junit.runner.RemoteTestRunner.main(RemoteTestRunner.java:192)



org.apache.camel.management.ManagedMulticastTest
testMulticast(org.apache.camel.management.ManagedMulticastTest)
junit.framework.AssertionFailedError: expected:<1> but was:<0>

	at junit.framework.Assert.fail(Assert.java:57)

	at junit.framework.Assert.failNotEquals(Assert.java:329)

	at junit.framework.Assert.assertEquals(Assert.java:78)

	at junit.framework.Assert.assertEquals(Assert.java:234)

	at junit.framework.Assert.assertEquals(Assert.java:241)

	at junit.framework.TestCase.assertEquals(TestCase.java:409)

	at org.apache.camel.management.ManagedMulticastTest.testMulticast(ManagedMulticastTest.java:66)

	at sun.reflect.NativeMethodAccessorImpl.invoke0(Native Method)

	at sun.reflect.NativeMethodAccessorImpl.invoke(Unknown Source)

	at sun.reflect.DelegatingMethodAccessorImpl.invoke(Unknown Source)

	at java.lang.reflect.Method.invoke(Unknown Source)

	at junit.framework.TestCase.runTest(TestCase.java:176)

	at junit.framework.TestCase.runBare(TestCase.java:141)

	at org.apache.camel.TestSupport.runBare(TestSupport.java:58)

	at junit.framework.TestResult$1.protect(TestResult.java:122)

	at junit.framework.TestResult.runProtected(TestResult.java:142)

	at junit.framework.TestResult.run(TestResult.java:125)

	at junit.framework.TestCase.run(TestCase.java:129)

	at junit.framework.TestSuite.runTest(TestSuite.java:252)

	at junit.framework.TestSuite.run(TestSuite.java:247)

	at org.junit.internal.runners.JUnit38ClassRunner.run(JUnit38ClassRunner.java:86)

	at org.eclipse.jdt.internal.junit4.runner.JUnit4TestReference.run(JUnit4TestReference.java:86)

	at org.eclipse.jdt.internal.junit.runner.TestExecution.run(TestExecution.java:38)

	at org.eclipse.jdt.internal.junit.runner.RemoteTestRunner.runTests(RemoteTestRunner.java:459)

	at org.eclipse.jdt.internal.junit.runner.RemoteTestRunner.runTests(RemoteTestRunner.java:678)

	at org.eclipse.jdt.internal.junit.runner.RemoteTestRunner.run(RemoteTestRunner.java:382)

	at org.eclipse.jdt.internal.junit.runner.RemoteTestRunner.main(RemoteTestRunner.java:192)



org.apache.camel.management.ManagedRoundRobinLoadBalancerTest
testManageRoundRobinLoadBalancer(org.apache.camel.management.ManagedRoundRobinLoadBalancerTest)
junit.framework.AssertionFailedError: expected:<2> but was:<0>

	at junit.framework.Assert.fail(Assert.java:57)

	at junit.framework.Assert.failNotEquals(Assert.java:329)

	at junit.framework.Assert.assertEquals(Assert.java:78)

	at junit.framework.Assert.assertEquals(Assert.java:234)

	at junit.framework.Assert.assertEquals(Assert.java:241)

	at junit.framework.TestCase.assertEquals(TestCase.java:409)

	at org.apache.camel.management.ManagedRoundRobinLoadBalancerTest.testManageRoundRobinLoadBalancer(ManagedRoundRobinLoadBalancerTest.java:73)

	at sun.reflect.NativeMethodAccessorImpl.invoke0(Native Method)

	at sun.reflect.NativeMethodAccessorImpl.invoke(Unknown Source)

	at sun.reflect.DelegatingMethodAccessorImpl.invoke(Unknown Source)

	at java.lang.reflect.Method.invoke(Unknown Source)

	at junit.framework.TestCase.runTest(TestCase.java:176)

	at junit.framework.TestCase.runBare(TestCase.java:141)

	at org.apache.camel.TestSupport.runBare(TestSupport.java:58)

	at junit.framework.TestResult$1.protect(TestResult.java:122)

	at junit.framework.TestResult.runProtected(TestResult.java:142)

	at junit.framework.TestResult.run(TestResult.java:125)

	at junit.framework.TestCase.run(TestCase.java:129)

	at junit.framework.TestSuite.runTest(TestSuite.java:252)

	at junit.framework.TestSuite.run(TestSuite.java:247)

	at org.junit.internal.runners.JUnit38ClassRunner.run(JUnit38ClassRunner.java:86)

	at org.eclipse.jdt.internal.junit4.runner.JUnit4TestReference.run(JUnit4TestReference.java:86)

	at org.eclipse.jdt.internal.junit.runner.TestExecution.run(TestExecution.java:38)

	at org.eclipse.jdt.internal.junit.runner.RemoteTestRunner.runTests(RemoteTestRunner.java:459)

	at org.eclipse.jdt.internal.junit.runner.RemoteTestRunner.runTests(RemoteTestRunner.java:678)

	at org.eclipse.jdt.internal.junit.runner.RemoteTestRunner.run(RemoteTestRunner.java:382)

	at org.eclipse.jdt.internal.junit.runner.RemoteTestRunner.main(RemoteTestRunner.java:192)



org.apache.camel.management.ManagedRecipientListTest
testManageRecipientList(org.apache.camel.management.ManagedRecipientListTest)
junit.framework.AssertionFailedError: expected:<2> but was:<0>

	at junit.framework.Assert.fail(Assert.java:57)

	at junit.framework.Assert.failNotEquals(Assert.java:329)

	at junit.framework.Assert.assertEquals(Assert.java:78)

	at junit.framework.Assert.assertEquals(Assert.java:234)

	at junit.framework.Assert.assertEquals(Assert.java:241)

	at junit.framework.TestCase.assertEquals(TestCase.java:409)

	at org.apache.camel.management.ManagedRecipientListTest.testManageRecipientList(ManagedRecipientListTest.java:90)

	at sun.reflect.NativeMethodAccessorImpl.invoke0(Native Method)

	at sun.reflect.NativeMethodAccessorImpl.invoke(Unknown Source)

	at sun.reflect.DelegatingMethodAccessorImpl.invoke(Unknown Source)

	at java.lang.reflect.Method.invoke(Unknown Source)

	at junit.framework.TestCase.runTest(TestCase.java:176)

	at junit.framework.TestCase.runBare(TestCase.java:141)

	at org.apache.camel.TestSupport.runBare(TestSupport.java:58)

	at junit.framework.TestResult$1.protect(TestResult.java:122)

	at junit.framework.TestResult.runProtected(TestResult.java:142)

	at junit.framework.TestResult.run(TestResult.java:125)

	at junit.framework.TestCase.run(TestCase.java:129)

	at junit.framework.TestSuite.runTest(TestSuite.java:252)

	at junit.framework.TestSuite.run(TestSuite.java:247)

	at org.junit.internal.runners.JUnit38ClassRunner.run(JUnit38ClassRunner.java:86)

	at org.eclipse.jdt.internal.junit4.runner.JUnit4TestReference.run(JUnit4TestReference.java:86)

	at org.eclipse.jdt.internal.junit.runner.TestExecution.run(TestExecution.java:38)

	at org.eclipse.jdt.internal.junit.runner.RemoteTestRunner.runTests(RemoteTestRunner.java:459)

	at org.eclipse.jdt.internal.junit.runner.RemoteTestRunner.runTests(RemoteTestRunner.java:678)

	at org.eclipse.jdt.internal.junit.runner.RemoteTestRunner.run(RemoteTestRunner.java:382)

	at org.eclipse.jdt.internal.junit.runner.RemoteTestRunner.main(RemoteTestRunner.java:192)



org.apache.camel.management.ManagedChoiceTest
testManageChoice(org.apache.camel.management.ManagedChoiceTest)
junit.framework.AssertionFailedError: expected:<3> but was:<0>

	at junit.framework.Assert.fail(Assert.java:57)

	at junit.framework.Assert.failNotEquals(Assert.java:329)

	at junit.framework.Assert.assertEquals(Assert.java:78)

	at junit.framework.Assert.assertEquals(Assert.java:234)

	at junit.framework.Assert.assertEquals(Assert.java:241)

	at junit.framework.TestCase.assertEquals(TestCase.java:409)

	at org.apache.camel.management.ManagedChoiceTest.testManageChoice(ManagedChoiceTest.java:68)

	at sun.reflect.NativeMethodAccessorImpl.invoke0(Native Method)

	at sun.reflect.NativeMethodAccessorImpl.invoke(Unknown Source)

	at sun.reflect.DelegatingMethodAccessorImpl.invoke(Unknown Source)

	at java.lang.reflect.Method.invoke(Unknown Source)

	at junit.framework.TestCase.runTest(TestCase.java:176)

	at junit.framework.TestCase.runBare(TestCase.java:141)

	at org.apache.camel.TestSupport.runBare(TestSupport.java:58)

	at junit.framework.TestResult$1.protect(TestResult.java:122)

	at junit.framework.TestResult.runProtected(TestResult.java:142)

	at junit.framework.TestResult.run(TestResult.java:125)

	at junit.framework.TestCase.run(TestCase.java:129)

	at junit.framework.TestSuite.runTest(TestSuite.java:252)

	at junit.framework.TestSuite.run(TestSuite.java:247)

	at org.junit.internal.runners.JUnit38ClassRunner.run(JUnit38ClassRunner.java:86)

	at org.eclipse.jdt.internal.junit4.runner.JUnit4TestReference.run(JUnit4TestReference.java:86)

	at org.eclipse.jdt.internal.junit.runner.TestExecution.run(TestExecution.java:38)

	at org.eclipse.jdt.internal.junit.runner.RemoteTestRunner.runTests(RemoteTestRunner.java:459)

	at org.eclipse.jdt.internal.junit.runner.RemoteTestRunner.runTests(RemoteTestRunner.java:678)

	at org.eclipse.jdt.internal.junit.runner.RemoteTestRunner.run(RemoteTestRunner.java:382)

	at org.eclipse.jdt.internal.junit.runner.RemoteTestRunner.main(RemoteTestRunner.java:192)



org.apache.camel.component.dataset.FileDataSetProducerTest
testDefaultListDataSetWithSizeGreaterThanListSize(org.apache.camel.component.dataset.FileDataSetProducerTest)
java.lang.AssertionError: dataset://foo Failed due to caught exception: java.lang.AssertionError: message body does not match. Expected: Line 1
Line 2
Line 3
Line 4
Line 5
Line 6
Line 7
Line 8
Line 9
Line 10
 but was: Line 1

Line 2

Line 3

Line 4

Line 5

Line 6

Line 7

Line 8

Line 9

Line 10

 on Exchange[ID-DESKTOP-9NT300B-59338-1479892866436-4526-2] with headers: {breadcrumbId=ID-DESKTOP-9NT300B-59338-1479892866436-4526-1, CamelDataSetIndex=0}

	at org.apache.camel.component.mock.MockEndpoint.fail(MockEndpoint.java:1452)

	at org.apache.camel.component.mock.MockEndpoint.doAssertIsSatisfied(MockEndpoint.java:424)

	at org.apache.camel.component.mock.MockEndpoint.assertIsSatisfied(MockEndpoint.java:386)

	at org.apache.camel.component.mock.MockEndpoint.assertIsSatisfied(MockEndpoint.java:374)

	at org.apache.camel.component.mock.MockEndpoint.assertIsSatisfied(MockEndpoint.java:212)

	at org.apache.camel.ContextTestSupport.assertMockEndpointsSatisfied(ContextTestSupport.java:343)

	at org.apache.camel.component.dataset.FileDataSetProducerTest.testDefaultListDataSetWithSizeGreaterThanListSize(FileDataSetProducerTest.java:54)

	at sun.reflect.NativeMethodAccessorImpl.invoke0(Native Method)

	at sun.reflect.NativeMethodAccessorImpl.invoke(Unknown Source)

	at sun.reflect.DelegatingMethodAccessorImpl.invoke(Unknown Source)

	at java.lang.reflect.Method.invoke(Unknown Source)

	at junit.framework.TestCase.runTest(TestCase.java:176)

	at junit.framework.TestCase.runBare(TestCase.java:141)

	at org.apache.camel.TestSupport.runBare(TestSupport.java:58)

	at junit.framework.TestResult$1.protect(TestResult.java:122)

	at junit.framework.TestResult.runProtected(TestResult.java:142)

	at junit.framework.TestResult.run(TestResult.java:125)

	at junit.framework.TestCase.run(TestCase.java:129)

	at junit.framework.TestSuite.runTest(TestSuite.java:252)

	at junit.framework.TestSuite.run(TestSuite.java:247)

	at org.junit.internal.runners.JUnit38ClassRunner.run(JUnit38ClassRunner.java:86)

	at org.eclipse.jdt.internal.junit4.runner.JUnit4TestReference.run(JUnit4TestReference.java:86)

	at org.eclipse.jdt.internal.junit.runner.TestExecution.run(TestExecution.java:38)

	at org.eclipse.jdt.internal.junit.runner.RemoteTestRunner.runTests(RemoteTestRunner.java:459)

	at org.eclipse.jdt.internal.junit.runner.RemoteTestRunner.runTests(RemoteTestRunner.java:678)

	at org.eclipse.jdt.internal.junit.runner.RemoteTestRunner.run(RemoteTestRunner.java:382)

	at org.eclipse.jdt.internal.junit.runner.RemoteTestRunner.main(RemoteTestRunner.java:192)



testDefaultListDataSet(org.apache.camel.component.dataset.FileDataSetProducerTest)
java.lang.AssertionError: dataset://foo Failed due to caught exception: java.lang.AssertionError: message body does not match. Expected: Line 1
Line 2
Line 3
Line 4
Line 5
Line 6
Line 7
Line 8
Line 9
Line 10
 but was: Line 1

Line 2

Line 3

Line 4

Line 5

Line 6

Line 7

Line 8

Line 9

Line 10

 on Exchange[ID-DESKTOP-9NT300B-59338-1479892866436-4527-2] with headers: {breadcrumbId=ID-DESKTOP-9NT300B-59338-1479892866436-4527-1, CamelDataSetIndex=0}

	at org.apache.camel.component.mock.MockEndpoint.fail(MockEndpoint.java:1452)

	at org.apache.camel.component.mock.MockEndpoint.doAssertIsSatisfied(MockEndpoint.java:424)

	at org.apache.camel.component.mock.MockEndpoint.assertIsSatisfied(MockEndpoint.java:386)

	at org.apache.camel.component.mock.MockEndpoint.assertIsSatisfied(MockEndpoint.java:374)

	at org.apache.camel.component.mock.MockEndpoint.assertIsSatisfied(MockEndpoint.java:212)

	at org.apache.camel.ContextTestSupport.assertMockEndpointsSatisfied(ContextTestSupport.java:343)

	at org.apache.camel.component.dataset.FileDataSetProducerTest.testDefaultListDataSet(FileDataSetProducerTest.java:41)

	at sun.reflect.NativeMethodAccessorImpl.invoke0(Native Method)

	at sun.reflect.NativeMethodAccessorImpl.invoke(Unknown Source)

	at sun.reflect.DelegatingMethodAccessorImpl.invoke(Unknown Source)

	at java.lang.reflect.Method.invoke(Unknown Source)

	at junit.framework.TestCase.runTest(TestCase.java:176)

	at junit.framework.TestCase.runBare(TestCase.java:141)

	at org.apache.camel.TestSupport.runBare(TestSupport.java:58)

	at junit.framework.TestResult$1.protect(TestResult.java:122)

	at junit.framework.TestResult.runProtected(TestResult.java:142)

	at junit.framework.TestResult.run(TestResult.java:125)

	at junit.framework.TestCase.run(TestCase.java:129)

	at junit.framework.TestSuite.runTest(TestSuite.java:252)

	at junit.framework.TestSuite.run(TestSuite.java:247)

	at org.junit.internal.runners.JUnit38ClassRunner.run(JUnit38ClassRunner.java:86)

	at org.eclipse.jdt.internal.junit4.runner.JUnit4TestReference.run(JUnit4TestReference.java:86)

	at org.eclipse.jdt.internal.junit.runner.TestExecution.run(TestExecution.java:38)

	at org.eclipse.jdt.internal.junit.runner.RemoteTestRunner.runTests(RemoteTestRunner.java:459)

	at org.eclipse.jdt.internal.junit.runner.RemoteTestRunner.runTests(RemoteTestRunner.java:678)

	at org.eclipse.jdt.internal.junit.runner.RemoteTestRunner.run(RemoteTestRunner.java:382)

	at org.eclipse.jdt.internal.junit.runner.RemoteTestRunner.main(RemoteTestRunner.java:192)



org.apache.camel.management.ManagedConvertBodyTest
testManageConvertBody(org.apache.camel.management.ManagedConvertBodyTest)
junit.framework.AssertionFailedError: expected:<2> but was:<0>

	at junit.framework.Assert.fail(Assert.java:57)

	at junit.framework.Assert.failNotEquals(Assert.java:329)

	at junit.framework.Assert.assertEquals(Assert.java:78)

	at junit.framework.Assert.assertEquals(Assert.java:234)

	at junit.framework.Assert.assertEquals(Assert.java:241)

	at junit.framework.TestCase.assertEquals(TestCase.java:409)

	at org.apache.camel.management.ManagedConvertBodyTest.testManageConvertBody(ManagedConvertBodyTest.java:66)

	at sun.reflect.NativeMethodAccessorImpl.invoke0(Native Method)

	at sun.reflect.NativeMethodAccessorImpl.invoke(Unknown Source)

	at sun.reflect.DelegatingMethodAccessorImpl.invoke(Unknown Source)

	at java.lang.reflect.Method.invoke(Unknown Source)

	at junit.framework.TestCase.runTest(TestCase.java:176)

	at junit.framework.TestCase.runBare(TestCase.java:141)

	at org.apache.camel.TestSupport.runBare(TestSupport.java:58)

	at junit.framework.TestResult$1.protect(TestResult.java:122)

	at junit.framework.TestResult.runProtected(TestResult.java:142)

	at junit.framework.TestResult.run(TestResult.java:125)

	at junit.framework.TestCase.run(TestCase.java:129)

	at junit.framework.TestSuite.runTest(TestSuite.java:252)

	at junit.framework.TestSuite.run(TestSuite.java:247)

	at org.junit.internal.runners.JUnit38ClassRunner.run(JUnit38ClassRunner.java:86)

	at org.eclipse.jdt.internal.junit4.runner.JUnit4TestReference.run(JUnit4TestReference.java:86)

	at org.eclipse.jdt.internal.junit.runner.TestExecution.run(TestExecution.java:38)

	at org.eclipse.jdt.internal.junit.runner.RemoteTestRunner.runTests(RemoteTestRunner.java:459)

	at org.eclipse.jdt.internal.junit.runner.RemoteTestRunner.runTests(RemoteTestRunner.java:678)

	at org.eclipse.jdt.internal.junit.runner.RemoteTestRunner.run(RemoteTestRunner.java:382)

	at org.eclipse.jdt.internal.junit.runner.RemoteTestRunner.main(RemoteTestRunner.java:192)



org.apache.camel.management.ManagedSendProcessorTest
testManageSendProcessor(org.apache.camel.management.ManagedSendProcessorTest)
junit.framework.AssertionFailedError: expected:<2> but was:<0>

	at junit.framework.Assert.fail(Assert.java:57)

	at junit.framework.Assert.failNotEquals(Assert.java:329)

	at junit.framework.Assert.assertEquals(Assert.java:78)

	at junit.framework.Assert.assertEquals(Assert.java:234)

	at junit.framework.Assert.assertEquals(Assert.java:241)

	at junit.framework.TestCase.assertEquals(TestCase.java:409)

	at org.apache.camel.management.ManagedSendProcessorTest.testManageSendProcessor(ManagedSendProcessorTest.java:71)

	at sun.reflect.NativeMethodAccessorImpl.invoke0(Native Method)

	at sun.reflect.NativeMethodAccessorImpl.invoke(Unknown Source)

	at sun.reflect.DelegatingMethodAccessorImpl.invoke(Unknown Source)

	at java.lang.reflect.Method.invoke(Unknown Source)

	at junit.framework.TestCase.runTest(TestCase.java:176)

	at junit.framework.TestCase.runBare(TestCase.java:141)

	at org.apache.camel.TestSupport.runBare(TestSupport.java:58)

	at junit.framework.TestResult$1.protect(TestResult.java:122)

	at junit.framework.TestResult.runProtected(TestResult.java:142)

	at junit.framework.TestResult.run(TestResult.java:125)

	at junit.framework.TestCase.run(TestCase.java:129)

	at junit.framework.TestSuite.runTest(TestSuite.java:252)

	at junit.framework.TestSuite.run(TestSuite.java:247)

	at org.junit.internal.runners.JUnit38ClassRunner.run(JUnit38ClassRunner.java:86)

	at org.eclipse.jdt.internal.junit4.runner.JUnit4TestReference.run(JUnit4TestReference.java:86)

	at org.eclipse.jdt.internal.junit.runner.TestExecution.run(TestExecution.java:38)

	at org.eclipse.jdt.internal.junit.runner.RemoteTestRunner.runTests(RemoteTestRunner.java:459)

	at org.eclipse.jdt.internal.junit.runner.RemoteTestRunner.runTests(RemoteTestRunner.java:678)

	at org.eclipse.jdt.internal.junit.runner.RemoteTestRunner.run(RemoteTestRunner.java:382)

	at org.eclipse.jdt.internal.junit.runner.RemoteTestRunner.main(RemoteTestRunner.java:192)



org.apache.camel.component.dataset.DataSetComponentConfigurationAndDocumentationTest
testComponentConfiguration(org.apache.camel.component.dataset.DataSetComponentConfigurationAndDocumentationTest)
junit.framework.AssertionFailedError

	at junit.framework.Assert.fail(Assert.java:55)

	at junit.framework.Assert.assertTrue(Assert.java:22)

	at junit.framework.Assert.assertTrue(Assert.java:31)

	at junit.framework.TestCase.assertTrue(TestCase.java:201)

	at org.apache.camel.component.dataset.DataSetComponentConfigurationAndDocumentationTest.testComponentConfiguration(DataSetComponentConfigurationAndDocumentationTest.java:49)

	at sun.reflect.NativeMethodAccessorImpl.invoke0(Native Method)

	at sun.reflect.NativeMethodAccessorImpl.invoke(Unknown Source)

	at sun.reflect.DelegatingMethodAccessorImpl.invoke(Unknown Source)

	at java.lang.reflect.Method.invoke(Unknown Source)

	at junit.framework.TestCase.runTest(TestCase.java:176)

	at junit.framework.TestCase.runBare(TestCase.java:141)

	at org.apache.camel.TestSupport.runBare(TestSupport.java:58)

	at junit.framework.TestResult$1.protect(TestResult.java:122)

	at junit.framework.TestResult.runProtected(TestResult.java:142)

	at junit.framework.TestResult.run(TestResult.java:125)

	at junit.framework.TestCase.run(TestCase.java:129)

	at junit.framework.TestSuite.runTest(TestSuite.java:252)

	at junit.framework.TestSuite.run(TestSuite.java:247)

	at org.junit.internal.runners.JUnit38ClassRunner.run(JUnit38ClassRunner.java:86)

	at org.eclipse.jdt.internal.junit4.runner.JUnit4TestReference.run(JUnit4TestReference.java:86)

	at org.eclipse.jdt.internal.junit.runner.TestExecution.run(TestExecution.java:38)

	at org.eclipse.jdt.internal.junit.runner.RemoteTestRunner.runTests(RemoteTestRunner.java:459)

	at org.eclipse.jdt.internal.junit.runner.RemoteTestRunner.runTests(RemoteTestRunner.java:678)

	at org.eclipse.jdt.internal.junit.runner.RemoteTestRunner.run(RemoteTestRunner.java:382)

	at org.eclipse.jdt.internal.junit.runner.RemoteTestRunner.main(RemoteTestRunner.java:192)



testComponentDocumentation(org.apache.camel.component.dataset.DataSetComponentConfigurationAndDocumentationTest)
junit.framework.AssertionFailedError: Should have found some auto-generated HTML

	at junit.framework.Assert.fail(Assert.java:57)

	at junit.framework.Assert.assertTrue(Assert.java:22)

	at junit.framework.Assert.assertNotNull(Assert.java:256)

	at junit.framework.TestCase.assertNotNull(TestCase.java:426)

	at org.apache.camel.component.dataset.DataSetComponentConfigurationAndDocumentationTest.testComponentDocumentation(DataSetComponentConfigurationAndDocumentationTest.java:58)

	at sun.reflect.NativeMethodAccessorImpl.invoke0(Native Method)

	at sun.reflect.NativeMethodAccessorImpl.invoke(Unknown Source)

	at sun.reflect.DelegatingMethodAccessorImpl.invoke(Unknown Source)

	at java.lang.reflect.Method.invoke(Unknown Source)

	at junit.framework.TestCase.runTest(TestCase.java:176)

	at junit.framework.TestCase.runBare(TestCase.java:141)

	at org.apache.camel.TestSupport.runBare(TestSupport.java:58)

	at junit.framework.TestResult$1.protect(TestResult.java:122)

	at junit.framework.TestResult.runProtected(TestResult.java:142)

	at junit.framework.TestResult.run(TestResult.java:125)

	at junit.framework.TestCase.run(TestCase.java:129)

	at junit.framework.TestSuite.runTest(TestSuite.java:252)

	at junit.framework.TestSuite.run(TestSuite.java:247)

	at org.junit.internal.runners.JUnit38ClassRunner.run(JUnit38ClassRunner.java:86)

	at org.eclipse.jdt.internal.junit4.runner.JUnit4TestReference.run(JUnit4TestReference.java:86)

	at org.eclipse.jdt.internal.junit.runner.TestExecution.run(TestExecution.java:38)

	at org.eclipse.jdt.internal.junit.runner.RemoteTestRunner.runTests(RemoteTestRunner.java:459)

	at org.eclipse.jdt.internal.junit.runner.RemoteTestRunner.runTests(RemoteTestRunner.java:678)

	at org.eclipse.jdt.internal.junit.runner.RemoteTestRunner.run(RemoteTestRunner.java:382)

	at org.eclipse.jdt.internal.junit.runner.RemoteTestRunner.main(RemoteTestRunner.java:192)



org.apache.camel.component.bean.BeanComponentConfigurationAndDocumentationTest
testComponentConfiguration(org.apache.camel.component.bean.BeanComponentConfigurationAndDocumentationTest)
junit.framework.AssertionFailedError

	at junit.framework.Assert.fail(Assert.java:55)

	at junit.framework.Assert.assertTrue(Assert.java:22)

	at junit.framework.Assert.assertTrue(Assert.java:31)

	at junit.framework.TestCase.assertTrue(TestCase.java:201)

	at org.apache.camel.component.bean.BeanComponentConfigurationAndDocumentationTest.testComponentConfiguration(BeanComponentConfigurationAndDocumentationTest.java:44)

	at sun.reflect.NativeMethodAccessorImpl.invoke0(Native Method)

	at sun.reflect.NativeMethodAccessorImpl.invoke(Unknown Source)

	at sun.reflect.DelegatingMethodAccessorImpl.invoke(Unknown Source)

	at java.lang.reflect.Method.invoke(Unknown Source)

	at junit.framework.TestCase.runTest(TestCase.java:176)

	at junit.framework.TestCase.runBare(TestCase.java:141)

	at org.apache.camel.TestSupport.runBare(TestSupport.java:58)

	at junit.framework.TestResult$1.protect(TestResult.java:122)

	at junit.framework.TestResult.runProtected(TestResult.java:142)

	at junit.framework.TestResult.run(TestResult.java:125)

	at junit.framework.TestCase.run(TestCase.java:129)

	at junit.framework.TestSuite.runTest(TestSuite.java:252)

	at junit.framework.TestSuite.run(TestSuite.java:247)

	at org.junit.internal.runners.JUnit38ClassRunner.run(JUnit38ClassRunner.java:86)

	at org.eclipse.jdt.internal.junit4.runner.JUnit4TestReference.run(JUnit4TestReference.java:86)

	at org.eclipse.jdt.internal.junit.runner.TestExecution.run(TestExecution.java:38)

	at org.eclipse.jdt.internal.junit.runner.RemoteTestRunner.runTests(RemoteTestRunner.java:459)

	at org.eclipse.jdt.internal.junit.runner.RemoteTestRunner.runTests(RemoteTestRunner.java:678)

	at org.eclipse.jdt.internal.junit.runner.RemoteTestRunner.run(RemoteTestRunner.java:382)

	at org.eclipse.jdt.internal.junit.runner.RemoteTestRunner.main(RemoteTestRunner.java:192)



testComponentDocumentation(org.apache.camel.component.bean.BeanComponentConfigurationAndDocumentationTest)
junit.framework.AssertionFailedError: Should have found some auto-generated HTML

	at junit.framework.Assert.fail(Assert.java:57)

	at junit.framework.Assert.assertTrue(Assert.java:22)

	at junit.framework.Assert.assertNotNull(Assert.java:256)

	at junit.framework.TestCase.assertNotNull(TestCase.java:426)

	at org.apache.camel.component.bean.BeanComponentConfigurationAndDocumentationTest.testComponentDocumentation(BeanComponentConfigurationAndDocumentationTest.java:52)

	at sun.reflect.NativeMethodAccessorImpl.invoke0(Native Method)

	at sun.reflect.NativeMethodAccessorImpl.invoke(Unknown Source)

	at sun.reflect.DelegatingMethodAccessorImpl.invoke(Unknown Source)

	at java.lang.reflect.Method.invoke(Unknown Source)

	at junit.framework.TestCase.runTest(TestCase.java:176)

	at junit.framework.TestCase.runBare(TestCase.java:141)

	at org.apache.camel.TestSupport.runBare(TestSupport.java:58)

	at junit.framework.TestResult$1.protect(TestResult.java:122)

	at junit.framework.TestResult.runProtected(TestResult.java:142)

	at junit.framework.TestResult.run(TestResult.java:125)

	at junit.framework.TestCase.run(TestCase.java:129)

	at junit.framework.TestSuite.runTest(TestSuite.java:252)

	at junit.framework.TestSuite.run(TestSuite.java:247)

	at org.junit.internal.runners.JUnit38ClassRunner.run(JUnit38ClassRunner.java:86)

	at org.eclipse.jdt.internal.junit4.runner.JUnit4TestReference.run(JUnit4TestReference.java:86)

	at org.eclipse.jdt.internal.junit.runner.TestExecution.run(TestExecution.java:38)

	at org.eclipse.jdt.internal.junit.runner.RemoteTestRunner.runTests(RemoteTestRunner.java:459)

	at org.eclipse.jdt.internal.junit.runner.RemoteTestRunner.runTests(RemoteTestRunner.java:678)

	at org.eclipse.jdt.internal.junit.runner.RemoteTestRunner.run(RemoteTestRunner.java:382)

	at org.eclipse.jdt.internal.junit.runner.RemoteTestRunner.main(RemoteTestRunner.java:192)



org.apache.camel.management.ManagedSplitterTest
testManageSplitter(org.apache.camel.management.ManagedSplitterTest)
junit.framework.AssertionFailedError: expected:<3> but was:<0>

	at junit.framework.Assert.fail(Assert.java:57)

	at junit.framework.Assert.failNotEquals(Assert.java:329)

	at junit.framework.Assert.assertEquals(Assert.java:78)

	at junit.framework.Assert.assertEquals(Assert.java:234)

	at junit.framework.Assert.assertEquals(Assert.java:241)

	at junit.framework.TestCase.assertEquals(TestCase.java:409)

	at org.apache.camel.management.ManagedSplitterTest.testManageSplitter(ManagedSplitterTest.java:74)

	at sun.reflect.NativeMethodAccessorImpl.invoke0(Native Method)

	at sun.reflect.NativeMethodAccessorImpl.invoke(Unknown Source)

	at sun.reflect.DelegatingMethodAccessorImpl.invoke(Unknown Source)

	at java.lang.reflect.Method.invoke(Unknown Source)

	at junit.framework.TestCase.runTest(TestCase.java:176)

	at junit.framework.TestCase.runBare(TestCase.java:141)

	at org.apache.camel.TestSupport.runBare(TestSupport.java:58)

	at junit.framework.TestResult$1.protect(TestResult.java:122)

	at junit.framework.TestResult.runProtected(TestResult.java:142)

	at junit.framework.TestResult.run(TestResult.java:125)

	at junit.framework.TestCase.run(TestCase.java:129)

	at junit.framework.TestSuite.runTest(TestSuite.java:252)

	at junit.framework.TestSuite.run(TestSuite.java:247)

	at org.junit.internal.runners.JUnit38ClassRunner.run(JUnit38ClassRunner.java:86)

	at org.eclipse.jdt.internal.junit4.runner.JUnit4TestReference.run(JUnit4TestReference.java:86)

	at org.eclipse.jdt.internal.junit.runner.TestExecution.run(TestExecution.java:38)

	at org.eclipse.jdt.internal.junit.runner.RemoteTestRunner.runTests(RemoteTestRunner.java:459)

	at org.eclipse.jdt.internal.junit.runner.RemoteTestRunner.runTests(RemoteTestRunner.java:678)

	at org.eclipse.jdt.internal.junit.runner.RemoteTestRunner.run(RemoteTestRunner.java:382)

	at org.eclipse.jdt.internal.junit.runner.RemoteTestRunner.main(RemoteTestRunner.java:192)



org.apache.camel.component.properties.PropertiesComponentServiceHostPortTest
testFunction(org.apache.camel.component.properties.PropertiesComponentServiceHostPortTest)
org.apache.camel.FailedToCreateRouteException: Failed to create route route1 at: >>> Transform[constant{{{service.host:FOO}}:{{service.port:FOO}}}] <<< in route: Route(route1)[[From[direct:start]] -> [To[mock:foo], Transfo... because of Property with key [service.host:FOO] using function [service.host] returned null value which is not allowed, from input: {{service.host:FOO}}:{{service.port:FOO}}

	at org.apache.camel.model.RouteDefinition.addRoutes(RouteDefinition.java:1071)

	at org.apache.camel.model.RouteDefinition.addRoutes(RouteDefinition.java:196)

	at org.apache.camel.impl.DefaultCamelContext.startRoute(DefaultCamelContext.java:1013)

	at org.apache.camel.impl.DefaultCamelContext.startRouteDefinitions(DefaultCamelContext.java:3433)

	at org.apache.camel.impl.DefaultCamelContext.doStartCamel(DefaultCamelContext.java:3164)

	at org.apache.camel.impl.DefaultCamelContext.access$0(DefaultCamelContext.java:3018)

	at org.apache.camel.impl.DefaultCamelContext$2.call(DefaultCamelContext.java:2993)

	at org.apache.camel.impl.DefaultCamelContext$2.call(DefaultCamelContext.java:1)

	at org.apache.camel.impl.DefaultCamelContext.doWithDefinedClassLoader(DefaultCamelContext.java:3012)

	at org.apache.camel.impl.DefaultCamelContext.doStart(DefaultCamelContext.java:2989)

	at org.apache.camel.support.ServiceSupport.start(ServiceSupport.java:61)

	at org.apache.camel.impl.DefaultCamelContext.start(DefaultCamelContext.java:2927)

	at org.apache.camel.component.properties.PropertiesComponentServiceHostPortTest.testFunction(PropertiesComponentServiceHostPortTest.java:39)

	at sun.reflect.NativeMethodAccessorImpl.invoke0(Native Method)

	at sun.reflect.NativeMethodAccessorImpl.invoke(Unknown Source)

	at sun.reflect.DelegatingMethodAccessorImpl.invoke(Unknown Source)

	at java.lang.reflect.Method.invoke(Unknown Source)

	at junit.framework.TestCase.runTest(TestCase.java:176)

	at junit.framework.TestCase.runBare(TestCase.java:141)

	at org.apache.camel.TestSupport.runBare(TestSupport.java:58)

	at junit.framework.TestResult$1.protect(TestResult.java:122)

	at junit.framework.TestResult.runProtected(TestResult.java:142)

	at junit.framework.TestResult.run(TestResult.java:125)

	at junit.framework.TestCase.run(TestCase.java:129)

	at junit.framework.TestSuite.runTest(TestSuite.java:252)

	at junit.framework.TestSuite.run(TestSuite.java:247)

	at org.junit.internal.runners.JUnit38ClassRunner.run(JUnit38ClassRunner.java:86)

	at org.eclipse.jdt.internal.junit4.runner.JUnit4TestReference.run(JUnit4TestReference.java:86)

	at org.eclipse.jdt.internal.junit.runner.TestExecution.run(TestExecution.java:38)

	at org.eclipse.jdt.internal.junit.runner.RemoteTestRunner.runTests(RemoteTestRunner.java:459)

	at org.eclipse.jdt.internal.junit.runner.RemoteTestRunner.runTests(RemoteTestRunner.java:678)

	at org.eclipse.jdt.internal.junit.runner.RemoteTestRunner.run(RemoteTestRunner.java:382)

	at org.eclipse.jdt.internal.junit.runner.RemoteTestRunner.main(RemoteTestRunner.java:192)

Caused by: java.lang.IllegalArgumentException: Property with key [service.host:FOO] using function [service.host] returned null value which is not allowed, from input: {{service.host:FOO}}:{{service.port:FOO}}

	at org.apache.camel.component.properties.DefaultPropertiesParser$ParsingContext.getPropertyValue(DefaultPropertiesParser.java:226)

	at org.apache.camel.component.properties.DefaultPropertiesParser$ParsingContext.readProperty(DefaultPropertiesParser.java:156)

	at org.apache.camel.component.properties.DefaultPropertiesParser$ParsingContext.doParse(DefaultPropertiesParser.java:115)

	at org.apache.camel.component.properties.DefaultPropertiesParser$ParsingContext.parse(DefaultPropertiesParser.java:99)

	at org.apache.camel.component.properties.DefaultPropertiesParser.parseUri(DefaultPropertiesParser.java:62)

	at org.apache.camel.component.properties.PropertiesComponent.parseUri(PropertiesComponent.java:222)

	at org.apache.camel.component.properties.PropertiesComponent.parseUri(PropertiesComponent.java:165)

	at org.apache.camel.impl.DefaultCamelContext.resolvePropertyPlaceholders(DefaultCamelContext.java:2353)

	at org.apache.camel.model.ProcessorDefinitionHelper.resolvePropertyPlaceholders(ProcessorDefinitionHelper.java:734)

	at org.apache.camel.model.ProcessorDefinition.makeProcessorImpl(ProcessorDefinition.java:532)

	at org.apache.camel.model.ProcessorDefinition.makeProcessor(ProcessorDefinition.java:506)

	at org.apache.camel.model.ProcessorDefinition.addRoutes(ProcessorDefinition.java:222)

	at org.apache.camel.model.RouteDefinition.addRoutes(RouteDefinition.java:1068)

	... 32 more



org.apache.camel.management.ManagedFailoverLoadBalancerTest
testManageFailoverLoadBalancer(org.apache.camel.management.ManagedFailoverLoadBalancerTest)
junit.framework.AssertionFailedError: expected:<3> but was:<0>

	at junit.framework.Assert.fail(Assert.java:57)

	at junit.framework.Assert.failNotEquals(Assert.java:329)

	at junit.framework.Assert.assertEquals(Assert.java:78)

	at junit.framework.Assert.assertEquals(Assert.java:234)

	at junit.framework.Assert.assertEquals(Assert.java:241)

	at junit.framework.TestCase.assertEquals(TestCase.java:409)

	at org.apache.camel.management.ManagedFailoverLoadBalancerTest.testManageFailoverLoadBalancer(ManagedFailoverLoadBalancerTest.java:96)

	at sun.reflect.NativeMethodAccessorImpl.invoke0(Native Method)

	at sun.reflect.NativeMethodAccessorImpl.invoke(Unknown Source)

	at sun.reflect.DelegatingMethodAccessorImpl.invoke(Unknown Source)

	at java.lang.reflect.Method.invoke(Unknown Source)

	at junit.framework.TestCase.runTest(TestCase.java:176)

	at junit.framework.TestCase.runBare(TestCase.java:141)

	at org.apache.camel.TestSupport.runBare(TestSupport.java:58)

	at junit.framework.TestResult$1.protect(TestResult.java:122)

	at junit.framework.TestResult.runProtected(TestResult.java:142)

	at junit.framework.TestResult.run(TestResult.java:125)

	at junit.framework.TestCase.run(TestCase.java:129)

	at junit.framework.TestSuite.runTest(TestSuite.java:252)

	at junit.framework.TestSuite.run(TestSuite.java:247)

	at org.junit.internal.runners.JUnit38ClassRunner.run(JUnit38ClassRunner.java:86)

	at org.eclipse.jdt.internal.junit4.runner.JUnit4TestReference.run(JUnit4TestReference.java:86)

	at org.eclipse.jdt.internal.junit.runner.TestExecution.run(TestExecution.java:38)

	at org.eclipse.jdt.internal.junit.runner.RemoteTestRunner.runTests(RemoteTestRunner.java:459)

	at org.eclipse.jdt.internal.junit.runner.RemoteTestRunner.runTests(RemoteTestRunner.java:678)

	at org.eclipse.jdt.internal.junit.runner.RemoteTestRunner.run(RemoteTestRunner.java:382)

	at org.eclipse.jdt.internal.junit.runner.RemoteTestRunner.main(RemoteTestRunner.java:192)



org.apache.camel.impl.StringDataFormatConfigurationAndDocumentationTest
testDataFormatJsonSchema(org.apache.camel.impl.StringDataFormatConfigurationAndDocumentationTest)
junit.framework.AssertionFailedError: Should have found some auto-generated JSON

	at junit.framework.Assert.fail(Assert.java:57)

	at junit.framework.Assert.assertTrue(Assert.java:22)

	at junit.framework.Assert.assertNotNull(Assert.java:256)

	at junit.framework.TestCase.assertNotNull(TestCase.java:426)

	at org.apache.camel.impl.StringDataFormatConfigurationAndDocumentationTest.testDataFormatJsonSchema(StringDataFormatConfigurationAndDocumentationTest.java:34)

	at sun.reflect.NativeMethodAccessorImpl.invoke0(Native Method)

	at sun.reflect.NativeMethodAccessorImpl.invoke(Unknown Source)

	at sun.reflect.DelegatingMethodAccessorImpl.invoke(Unknown Source)

	at java.lang.reflect.Method.invoke(Unknown Source)

	at junit.framework.TestCase.runTest(TestCase.java:176)

	at junit.framework.TestCase.runBare(TestCase.java:141)

	at org.apache.camel.TestSupport.runBare(TestSupport.java:58)

	at junit.framework.TestResult$1.protect(TestResult.java:122)

	at junit.framework.TestResult.runProtected(TestResult.java:142)

	at junit.framework.TestResult.run(TestResult.java:125)

	at junit.framework.TestCase.run(TestCase.java:129)

	at junit.framework.TestSuite.runTest(TestSuite.java:252)

	at junit.framework.TestSuite.run(TestSuite.java:247)

	at org.junit.internal.runners.JUnit38ClassRunner.run(JUnit38ClassRunner.java:86)

	at org.eclipse.jdt.internal.junit4.runner.JUnit4TestReference.run(JUnit4TestReference.java:86)

	at org.eclipse.jdt.internal.junit.runner.TestExecution.run(TestExecution.java:38)

	at org.eclipse.jdt.internal.junit.runner.RemoteTestRunner.runTests(RemoteTestRunner.java:459)

	at org.eclipse.jdt.internal.junit.runner.RemoteTestRunner.runTests(RemoteTestRunner.java:678)

	at org.eclipse.jdt.internal.junit.runner.RemoteTestRunner.run(RemoteTestRunner.java:382)

	at org.eclipse.jdt.internal.junit.runner.RemoteTestRunner.main(RemoteTestRunner.java:192)



org.apache.camel.management.ManagedSendDynamicProcessorTest
testManageSendDynamicProcessor(org.apache.camel.management.ManagedSendDynamicProcessorTest)
junit.framework.AssertionFailedError: expected:<2> but was:<0>

	at junit.framework.Assert.fail(Assert.java:57)

	at junit.framework.Assert.failNotEquals(Assert.java:329)

	at junit.framework.Assert.assertEquals(Assert.java:78)

	at junit.framework.Assert.assertEquals(Assert.java:234)

	at junit.framework.Assert.assertEquals(Assert.java:241)

	at junit.framework.TestCase.assertEquals(TestCase.java:409)

	at org.apache.camel.management.ManagedSendDynamicProcessorTest.testManageSendDynamicProcessor(ManagedSendDynamicProcessorTest.java:87)

	at sun.reflect.NativeMethodAccessorImpl.invoke0(Native Method)

	at sun.reflect.NativeMethodAccessorImpl.invoke(Unknown Source)

	at sun.reflect.DelegatingMethodAccessorImpl.invoke(Unknown Source)

	at java.lang.reflect.Method.invoke(Unknown Source)

	at junit.framework.TestCase.runTest(TestCase.java:176)

	at junit.framework.TestCase.runBare(TestCase.java:141)

	at org.apache.camel.TestSupport.runBare(TestSupport.java:58)

	at junit.framework.TestResult$1.protect(TestResult.java:122)

	at junit.framework.TestResult.runProtected(TestResult.java:142)

	at junit.framework.TestResult.run(TestResult.java:125)

	at junit.framework.TestCase.run(TestCase.java:129)

	at junit.framework.TestSuite.runTest(TestSuite.java:252)

	at junit.framework.TestSuite.run(TestSuite.java:247)

	at org.junit.internal.runners.JUnit38ClassRunner.run(JUnit38ClassRunner.java:86)

	at org.eclipse.jdt.internal.junit4.runner.JUnit4TestReference.run(JUnit4TestReference.java:86)

	at org.eclipse.jdt.internal.junit.runner.TestExecution.run(TestExecution.java:38)

	at org.eclipse.jdt.internal.junit.runner.RemoteTestRunner.runTests(RemoteTestRunner.java:459)

	at org.eclipse.jdt.internal.junit.runner.RemoteTestRunner.runTests(RemoteTestRunner.java:678)

	at org.eclipse.jdt.internal.junit.runner.RemoteTestRunner.run(RemoteTestRunner.java:382)

	at org.eclipse.jdt.internal.junit.runner.RemoteTestRunner.main(RemoteTestRunner.java:192)
{noformat}