Correct link is https://ci-cassandra.apache.org/job/Cassandra-4.1/277/testReport/org.apache.cassandra.utils.binlog/BinLogTest/testTruncationReleasesLogSpace_compression/ 
(bug in jenkins)

And via the console log you can see which the stage build number for this stage (test-compression) was, and navigate to the original build and test failure which will provide more logs, e.g. https://ci-cassandra.apache.org/job/Cassandra-4.1-test-compression/240/jdk=jdk_11_latest,label=cassandra,split=2/testReport/junit/org.apache.cassandra.utils.binlog/BinLogTest/testTruncationReleasesLogSpace_compression/ 

----

Failed 2 times in the last 30 runs. Flakiness: 6%, Stability: 93%

Error Message
{noformat}
Assertion condition defined as a lambda expression in org.apache.cassandra.Util that uses java.lang.String, java.lang.Stringjava.util.function.Supplier, java.util.function.Supplierjava.lang.Object null
Expected: <2>
     but: was <3> within 1 minutes.
{noformat}
Stacktrace
{noformat}
org.awaitility.core.ConditionTimeoutException: Assertion condition defined as a lambda expression in org.apache.cassandra.Util that uses java.lang.String, java.lang.Stringjava.util.function.Supplier, java.util.function.Supplierjava.lang.Object null
Expected: <2>
     but: was <3> within 1 minutes.
	at org.awaitility.core.ConditionAwaiter.await(ConditionAwaiter.java:165)
	at org.awaitility.core.AssertionCondition.await(AssertionCondition.java:119)
	at org.awaitility.core.AssertionCondition.await(AssertionCondition.java:31)
	at org.awaitility.core.ConditionFactory.until(ConditionFactory.java:895)
	at org.awaitility.core.ConditionFactory.untilAsserted(ConditionFactory.java:679)
	at org.apache.cassandra.Util.spinAssertEquals(Util.java:684)
	at org.apache.cassandra.Util.spinAssertEquals(Util.java:675)
	at org.apache.cassandra.utils.binlog.BinLogTest.flakyTestTruncationReleasesLogSpace(BinLogTest.java:466)
	at org.apache.cassandra.Util.runCatchingAssertionError(Util.java:696)
	at org.apache.cassandra.Util.flakyTest(Util.java:721)
	at org.apache.cassandra.utils.binlog.BinLogTest.testTruncationReleasesLogSpace(BinLogTest.java:433)
	at java.base/jdk.internal.reflect.NativeMethodAccessorImpl.invoke0(Native Method)
	at java.base/jdk.internal.reflect.NativeMethodAccessorImpl.invoke(NativeMethodAccessorImpl.java:62)
	at java.base/jdk.internal.reflect.DelegatingMethodAccessorImpl.invoke(DelegatingMethodAccessorImpl.java:43)
Caused by: java.lang.AssertionError: null
Expected: <2>
     but: was <3>
	at org.hamcrest.MatcherAssert.assertThat(MatcherAssert.java:20)
	at org.apache.cassandra.Util.lambda$spinAssertEquals$0(Util.java:684)
	at org.awaitility.core.AssertionCondition.lambda$new$0(AssertionCondition.java:53)
	at org.awaitility.core.ConditionAwaiter$ConditionPoller.call(ConditionAwaiter.java:222)
	at org.awaitility.core.ConditionAwaiter$ConditionPoller.call(ConditionAwaiter.java:209)
	at java.base/java.util.concurrent.FutureTask.run(FutureTask.java:264)
	at java.base/java.util.concurrent.ThreadPoolExecutor.runWorker(ThreadPoolExecutor.java:1128)
	at java.base/java.util.concurrent.ThreadPoolExecutor$Worker.run(ThreadPoolExecutor.java:628)
	at java.base/java.lang.Thread.run(Thread.java:829)
{noformat}

Seen here again:

[https://app.circleci.com/pipelines/github/adelapena/cassandra/2973/workflows/dd6e237b-ae4f-4230-94b9-eb48c49d8642/jobs/52884/tests]

 

Also it can fail in one more way as per this run:

[https://app.circleci.com/pipelines/github/adelapena/cassandra/2976/workflows/0427ff5b-b283-4c5e-bfaf-83d600626eaf/jobs/53102/tests]
{code:java}
java.lang.RuntimeException: net.openhft.chronicle.queue.impl.single.MissingStoreFileException: Expected file to exist for cycle: 1687514778, file: /tmp/binlogtest1095877458178917950714874412785869/20230623-100618T.cq4. minCycle: 1687514780, maxCycle: 1687514782 Available files: [20230623-100620T.cq4, 20230623-100622T.cq4] at org.apache.cassandra.utils.binlog.BinLogTest.readBinLogRecords(BinLogTest.java:514) at org.apache.cassandra.utils.binlog.BinLogTest.lambda$flakyTestTruncationReleasesLogSpace$8(BinLogTest.java:466) at org.apache.cassandra.Util.lambda$spinAssertEquals$0(Util.java:691) at org.awaitility.core.AssertionCondition.lambda$new$0(AssertionCondition.java:53) at org.awaitility.core.ConditionAwaiter$ConditionPoller.call(ConditionAwaiter.java:222) at org.awaitility.core.ConditionAwaiter$ConditionPoller.call(ConditionAwaiter.java:209) at java.base/java.util.concurrent.FutureTask.run(FutureTask.java:264) at java.base/java.util.concurrent.ThreadPoolExecutor.runWorker(ThreadPoolExecutor.java:1128) at java.base/java.util.concurrent.ThreadPoolExecutor$Worker.run(ThreadPoolExecutor.java:628) at java.base/java.lang.Thread.run(Thread.java:829) Caused by: net.openhft.chronicle.queue.impl.single.MissingStoreFileException: Expected file to exist for cycle: 1687514778, file: /tmp/binlogtest1095877458178917950714874412785869/20230623-100618T.cq4. minCycle: 1687514780, maxCycle: 1687514782 Available files: [20230623-100620T.cq4, 20230623-100622T.cq4] at net.openhft.chronicle.queue.impl.single.SingleChronicleQueue$StoreSupplier.nextCycle(SingleChronicleQueue.java:1279) at net.openhft.chronicle.queue.impl.WireStorePool.nextCycle(WireStorePool.java:77) at net.openhft.chronicle.queue.impl.single.SingleChronicleQueue.nextCycle(SingleChronicleQueue.java:597) at net.openhft.chronicle.queue.impl.single.StoreTailer.nextIndexWithNextAvailableCycle0(StoreTailer.java:526) at net.openhft.chronicle.queue.impl.single.StoreTailer.nextIndexWithNextAvailableCycle(StoreTailer.java:508) at net.openhft.chronicle.queue.impl.single.StoreTailer.endOfCycle(StoreTailer.java:342) at net.openhft.chronicle.queue.impl.single.StoreTailer.next0(StoreTailer.java:315) at net.openhft.chronicle.queue.impl.single.StoreTailer.readingDocument0(StoreTailer.java:237) at net.openhft.chronicle.queue.impl.single.StoreTailer.readingDocument(StoreTailer.java:212) at net.openhft.chronicle.queue.impl.single.StoreTailer.readDocument(StoreTailer.java:138) at org.apache.cassandra.utils.binlog.BinLogTest.readBinLogRecords(BinLogTest.java:503){code}
 

Still seen:

5.0.x - [https://ci-cassandra.apache.org/job/Cassandra-5.0/28/testReport/org.apache.cassandra.utils.binlog/BinLogTest/testTruncationReleasesLogSpace__jdk11/]

But also, we can say it is not a regression in the 5.x series, as seen in 4.1 recently:

https://ci-cassandra.apache.org/job/Cassandra-4.1/409/testReport/org.apache.cassandra.utils.binlog/BinLogTest/testTruncationReleasesLogSpace_2/

