Flaky [here|https://ci-cassandra.apache.org/job/Cassandra-4.0/52/testReport/junit/org.apache.cassandra.utils.memory/NativeAllocatorTest/testBookKeeping_cdc/]

{noformat}
Error Message

java.lang.AssertionError: expected:<0> but was:<1>

Stacktrace

java.util.concurrent.ExecutionException: java.lang.AssertionError: expected:<0> but was:<1>
	at java.base/java.util.concurrent.FutureTask.report(FutureTask.java:122)
	at java.base/java.util.concurrent.FutureTask.get(FutureTask.java:191)
	at org.apache.cassandra.utils.memory.NativeAllocatorTest.testBookKeeping(NativeAllocatorTest.java:154)
	at java.base/jdk.internal.reflect.NativeMethodAccessorImpl.invoke0(Native Method)
	at java.base/jdk.internal.reflect.NativeMethodAccessorImpl.invoke(NativeMethodAccessorImpl.java:62)
	at java.base/jdk.internal.reflect.DelegatingMethodAccessorImpl.invoke(DelegatingMethodAccessorImpl.java:43)
Caused by: java.lang.AssertionError: expected:<0> but was:<1>
	at org.apache.cassandra.utils.memory.NativeAllocatorTest.lambda$testBookKeeping$2(NativeAllocatorTest.java:131)
	at java.base/java.util.concurrent.Executors$RunnableAdapter.call(Executors.java:515)
	at java.base/java.util.concurrent.FutureTask.run(FutureTask.java:264)
	at java.base/java.util.concurrent.ScheduledThreadPoolExecutor$ScheduledFutureTask.run(ScheduledThreadPoolExecutor.java:304)
	at java.base/java.util.concurrent.ThreadPoolExecutor.runWorker(ThreadPoolExecutor.java:1128)
	at java.base/java.util.concurrent.ThreadPoolExecutor$Worker.run(ThreadPoolExecutor.java:628)
	at java.base/java.lang.Thread.run(Thread.java:834)
{noformat}
