This is a rare flaky failure of the test.

https://travis-ci.com/github/jiridanek/qpid-dispatch/jobs/373299500#L5382

{noformat}
test 54
      Start 54: system_tests_edge_router
54: Test command: /usr/bin/python "/home/travis/build/jiridanek/qpid-dispatch/build/tests/run.py" "-m" "unittest" "-v" "system_tests_edge_router"
54: Test timeout computed to be: 600
54: test_edge_listener_sender_crash_DISPATCH_1492 (system_tests_edge_router.EdgeListenerSender) ... ok
54: test_01_active_flag (system_tests_edge_router.EdgeRouterTest) ... ok
54: 
54: Router EA1 debug dump file:
54: >>>>
54: alloc.c: Items of type 'qd_timer_t' remain allocated at shutdown: 2
54: Leak: 2020-08-18 19:55:39.587954 +0000 type: qd_timer_t address: 0xfee050 (suppressed)
54: /home/travis/build/jiridanek/qpid-dispatch/build/src/libqpid-dispatch.so(qd_alloc+0x306) [0x7fa83c242870]
54: /home/travis/build/jiridanek/qpid-dispatch/build/src/libqpid-dispatch.so(new_qd_timer_t+0x38) [0x7fa83c3059d4]
54: /home/travis/build/jiridanek/qpid-dispatch/build/src/libqpid-dispatch.so(qd_timer+0x2b) [0x7fa83c305ff7]
54: /home/travis/build/jiridanek/qpid-dispatch/build/src/libqpid-dispatch.so(qd_server_connector+0x173) [0x7fa83c30506e]
54: /home/travis/build/jiridanek/qpid-dispatch/build/src/libqpid-dispatch.so(qd_dispatch_configure_connector+0x3e) [0x7fa83c24f29c]
54: /usr/lib/x86_64-linux-gnu/libffi.so.6(ffi_call_unix64+0x4c) [0x7fa838d98e40]
54: /usr/lib/x86_64-linux-gnu/libffi.so.6(ffi_call+0x2eb) [0x7fa838d988ab]
54: /usr/lib/python2.7/lib-dynload/_ctypes.x86_64-linux-gnu.so(_ctypes_callproc+0x48f) [0x7fa838fa83df]
54: /usr/lib/python2.7/lib-dynload/_ctypes.x86_64-linux-gnu.so(+0x11d82) [0x7fa838facd82]
54: /usr/lib/x86_64-linux-gnu/libpython2.7.so.1.0(PyObject_Call+0x43) [0x7fa83af3a2b3]
54: 
54: Leak: 2020-08-18 19:55:39.588979 +0000 type: qd_timer_t address: 0xfeded0 (suppressed)
54: /home/travis/build/jiridanek/qpid-dispatch/build/src/libqpid-dispatch.so(qd_alloc+0x306) [0x7fa83c242870]
54: /home/travis/build/jiridanek/qpid-dispatch/build/src/libqpid-dispatch.so(new_qd_timer_t+0x38) [0x7fa83c3059d4]
54: /home/travis/build/jiridanek/qpid-dispatch/build/src/libqpid-dispatch.so(qd_timer+0x2b) [0x7fa83c305ff7]
54: /home/travis/build/jiridanek/qpid-dispatch/build/src/libqpid-dispatch.so(qd_server_connector+0x173) [0x7fa83c30506e]
54: /home/travis/build/jiridanek/qpid-dispatch/build/src/libqpid-dispatch.so(qd_dispatch_configure_connector+0x3e) [0x7fa83c24f29c]
54: /usr/lib/x86_64-linux-gnu/libffi.so.6(ffi_call_unix64+0x4c) [0x7fa838d98e40]
54: /usr/lib/x86_64-linux-gnu/libffi.so.6(ffi_call+0x2eb) [0x7fa838d988ab]
54: /usr/lib/python2.7/lib-dynload/_ctypes.x86_64-linux-gnu.so(_ctypes_callproc+0x48f) [0x7fa838fa83df]
54: /usr/lib/python2.7/lib-dynload/_ctypes.x86_64-linux-gnu.so(+0x11d82) [0x7fa838facd82]
54: /usr/lib/x86_64-linux-gnu/libpython2.7.so.1.0(PyObject_Call+0x43) [0x7fa83af3a2b3]
54: 
54: alloc.c: Items of type 'qd_connector_t' remain allocated at shutdown: 2
54: Leak: 2020-08-18 19:55:39.587950 +0000 type: qd_connector_t address: 0x10c2390 (suppressed)
54: /home/travis/build/jiridanek/qpid-dispatch/build/src/libqpid-dispatch.so(qd_alloc+0x842) [0x7fa83c242dac]
54: /home/travis/build/jiridanek/qpid-dispatch/build/src/libqpid-dispatch.so(new_qd_connector_t+0x38) [0x7fa83c2fb8fe]
54: /home/travis/build/jiridanek/qpid-dispatch/build/src/libqpid-dispatch.so(qd_server_connector+0x23) [0x7fa83c304f1e]
54: /home/travis/build/jiridanek/qpid-dispatch/build/src/libqpid-dispatch.so(qd_dispatch_configure_connector+0x3e) [0x7fa83c24f29c]
54: /usr/lib/x86_64-linux-gnu/libffi.so.6(ffi_call_unix64+0x4c) [0x7fa838d98e40]
54: /usr/lib/x86_64-linux-gnu/libffi.so.6(ffi_call+0x2eb) [0x7fa838d988ab]
54: /usr/lib/python2.7/lib-dynload/_ctypes.x86_64-linux-gnu.so(_ctypes_callproc+0x48f) [0x7fa838fa83df]
54: /usr/lib/python2.7/lib-dynload/_ctypes.x86_64-linux-gnu.so(+0x11d82) [0x7fa838facd82]
54: /usr/lib/x86_64-linux-gnu/libpython2.7.so.1.0(PyObject_Call+0x43) [0x7fa83af3a2b3]
54: /usr/lib/x86_64-linux-gnu/libpython2.7.so.1.0(PyEval_EvalFrameEx+0x543c) [0x7fa83aed839c]
54: 
54: Leak: 2020-08-18 19:55:39.588974 +0000 type: qd_connector_t address: 0x10c2050 (suppressed)
54: /home/travis/build/jiridanek/qpid-dispatch/build/src/libqpid-dispatch.so(qd_alloc+0x306) [0x7fa83c242870]
54: /home/travis/build/jiridanek/qpid-dispatch/build/src/libqpid-dispatch.so(new_qd_connector_t+0x38) [0x7fa83c2fb8fe]
54: /home/travis/build/jiridanek/qpid-dispatch/build/src/libqpid-dispatch.so(qd_server_connector+0x23) [0x7fa83c304f1e]
54: /home/travis/build/jiridanek/qpid-dispatch/build/src/libqpid-dispatch.so(qd_dispatch_configure_connector+0x3e) [0x7fa83c24f29c]
54: /usr/lib/x86_64-linux-gnu/libffi.so.6(ffi_call_unix64+0x4c) [0x7fa838d98e40]
54: /usr/lib/x86_64-linux-gnu/libffi.so.6(ffi_call+0x2eb) [0x7fa838d988ab]
54: /usr/lib/python2.7/lib-dynload/_ctypes.x86_64-linux-gnu.so(_ctypes_callproc+0x48f) [0x7fa838fa83df]
54: /usr/lib/python2.7/lib-dynload/_ctypes.x86_64-linux-gnu.so(+0x11d82) [0x7fa838facd82]
54: /usr/lib/x86_64-linux-gnu/libpython2.7.so.1.0(PyObject_Call+0x43) [0x7fa83af3a2b3]
54: /usr/lib/x86_64-linux-gnu/libpython2.7.so.1.0(PyEval_EvalFrameEx+0x543c) [0x7fa83aed839c]
54: 
54: 
54: <<<<
54: test_000_check_peer_version_info (system_tests_edge_router.LinkRouteProxyTest) ... ok
54: test_01_immedate_detach_reattach (system_tests_edge_router.LinkRouteProxyTest) ... ok
54: test_02_thrashing_link_routes (system_tests_edge_router.LinkRouteProxyTest) ... ok
54: test_03_interior_conn_lost (system_tests_edge_router.LinkRouteProxyTest) ... ok
54: test_50_link_topology (system_tests_edge_router.LinkRouteProxyTest) ... ok
54: test_51_link_route_proxy_configured (system_tests_edge_router.LinkRouteProxyTest) ... ERROR
54: test_52_conn_link_route_proxy (system_tests_edge_router.LinkRouteProxyTest) ... ok
54: 
54: Router EA1 debug dump file:
54: >>>>
54: alloc.c: Items of type 'qd_hash_handle_t' remain allocated at shutdown: 1
54: Leak: 2020-08-18 19:55:44.541891 +0000 type: qd_hash_handle_t address: 0x16abd90 (suppressed)
54: /home/travis/build/jiridanek/qpid-dispatch/build/src/libqpid-dispatch.so(qd_alloc+0x306) [0x7ff2dea28870]
54: /home/travis/build/jiridanek/qpid-dispatch/build/src/libqpid-dispatch.so(new_qd_hash_handle_t+0x38) [0x7ff2dea4251a]
54: /home/travis/build/jiridanek/qpid-dispatch/build/src/libqpid-dispatch.so(+0x69edc) [0x7ff2dea42edc]
54: /home/travis/build/jiridanek/qpid-dispatch/build/src/libqpid-dispatch.so(qd_hash_insert+0xbb) [0x7ff2dea42fe8]
54: /home/travis/build/jiridanek/qpid-dispatch/build/src/libqpid-dispatch.so(+0xcc833) [0x7ff2deaa5833]
54: /home/travis/build/jiridanek/qpid-dispatch/build/src/libqpid-dispatch.so(qdr_route_add_link_route_CT+0x6ad) [0x7ff2deaa6e4b]
54: /home/travis/build/jiridanek/qpid-dispatch/build/src/libqpid-dispatch.so(qdra_config_link_route_create_CT+0xc93) [0x7ff2dea7fbed]
54: /home/travis/build/jiridanek/qpid-dispatch/build/src/libqpid-dispatch.so(+0x9b362) [0x7ff2dea74362]
54: /home/travis/build/jiridanek/qpid-dispatch/build/src/libqpid-dispatch.so(router_core_thread+0x48a) [0x7ff2deab275a]
54: /home/travis/build/jiridanek/qpid-dispatch/build/src/libqpid-dispatch.so(+0x90f85) [0x7ff2dea69f85]
54: 
54: alloc.c: Items of type 'qdr_conn_identifier_t' remain allocated at shutdown: 1
54: Leak: 2020-08-18 19:55:44.541880 +0000 type: qdr_conn_identifier_t address: 0x1718890 (suppressed)
54: /home/travis/build/jiridanek/qpid-dispatch/build/src/libqpid-dispatch.so(qd_alloc+0x842) [0x7ff2dea28dac]
54: /home/travis/build/jiridanek/qpid-dispatch/build/src/libqpid-dispatch.so(new_qdr_conn_identifier_t+0x38) [0x7ff2deaa5386]
54: /home/travis/build/jiridanek/qpid-dispatch/build/src/libqpid-dispatch.so(+0xcc7e1) [0x7ff2deaa57e1]
54: /home/travis/build/jiridanek/qpid-dispatch/build/src/libqpid-dispatch.so(qdr_route_add_link_route_CT+0x6ad) [0x7ff2deaa6e4b]
54: /home/travis/build/jiridanek/qpid-dispatch/build/src/libqpid-dispatch.so(qdra_config_link_route_create_CT+0xc93) [0x7ff2dea7fbed]
54: /home/travis/build/jiridanek/qpid-dispatch/build/src/libqpid-dispatch.so(+0x9b362) [0x7ff2dea74362]
54: /home/travis/build/jiridanek/qpid-dispatch/build/src/libqpid-dispatch.so(router_core_thread+0x48a) [0x7ff2deab275a]
54: /home/travis/build/jiridanek/qpid-dispatch/build/src/libqpid-dispatch.so(+0x90f85) [0x7ff2dea69f85]
54: /lib/x86_64-linux-gnu/libpthread.so.0(+0x76ba) [0x7ff2de7c36ba]
54: /lib/x86_64-linux-gnu/libc.so.6(clone+0x6d) [0x7ff2de4f941d]
54: 
54: alloc.c: Items of type 'qdr_connection_ref_t' remain allocated at shutdown: 1
54: Leak: 2020-08-18 19:56:02.453897 +0000 type: qdr_connection_ref_t address: 0x1960d90 (suppressed)
54: /home/travis/build/jiridanek/qpid-dispatch/build/src/libqpid-dispatch.so(qd_alloc+0x306) [0x7ff2dea28870]
54: /home/travis/build/jiridanek/qpid-dispatch/build/src/libqpid-dispatch.so(new_qdr_connection_ref_t+0x38) [0x7ff2deaaaa11]
54: /home/travis/build/jiridanek/qpid-dispatch/build/src/libqpid-dispatch.so(qdr_add_connection_ref+0x27) [0x7ff2deab00d0]
54: /home/travis/build/jiridanek/qpid-dispatch/build/src/libqpid-dispatch.so(qdr_route_connection_opened_CT+0x16f) [0x7ff2deaa8a69]
54: /home/travis/build/jiridanek/qpid-dispatch/build/src/libqpid-dispatch.so(+0xb1cda) [0x7ff2dea8acda]
54: /home/travis/build/jiridanek/qpid-dispatch/build/src/libqpid-dispatch.so(router_core_thread+0x48a) [0x7ff2deab275a]
54: /home/travis/build/jiridanek/qpid-dispatch/build/src/libqpid-dispatch.so(+0x90f85) [0x7ff2dea69f85]
54: /lib/x86_64-linux-gnu/libpthread.so.0(+0x76ba) [0x7ff2de7c36ba]
54: /lib/x86_64-linux-gnu/libc.so.6(clone+0x6d) [0x7ff2de4f941d]
54: 
54: 
54: <<<<
54: test_01_connectivity_INTA_EA1 (system_tests_edge_router.RouterTest) ... ok
54: test_02_connectivity_INTA_EA2 (system_tests_edge_router.RouterTest) ... ok
54: test_03_connectivity_INTB_EB1 (system_tests_edge_router.RouterTest) ... ok
54: test_04_connectivity_INTB_EB2 (system_tests_edge_router.RouterTest) ... ok
54: test_05_dynamic_address_same_edge (system_tests_edge_router.RouterTest) ... ok
54: test_06_dynamic_address_interior_to_edge (system_tests_edge_router.RouterTest) ... ok
54: test_07_dynamic_address_edge_to_interior (system_tests_edge_router.RouterTest) ... ok
54: test_08_dynamic_address_edge_to_edge_one_interior (system_tests_edge_router.RouterTest) ... ok
54: test_09_dynamic_address_edge_to_edge_two_interior (system_tests_edge_router.RouterTest) ... ok
54: test_10_mobile_address_same_edge (system_tests_edge_router.RouterTest) ... ok
54: test_11_mobile_address_interior_to_edge (system_tests_edge_router.RouterTest) ... ok
54: test_12_mobile_address_edge_to_interior (system_tests_edge_router.RouterTest) ... ok
54: test_13_mobile_address_edge_to_edge_one_interior (system_tests_edge_router.RouterTest) ... ok
54: test_14_mobile_address_edge_to_edge_two_interior (system_tests_edge_router.RouterTest) ... ok
54: test_15_mobile_address_same_edge (system_tests_edge_router.RouterTest) ... ok
54: test_16_mobile_address_edge_to_another_edge_same_interior (system_tests_edge_router.RouterTest) ... ok
54: test_17_mobile_address_edge_to_interior (system_tests_edge_router.RouterTest) ... ok
54: test_18_mobile_address_interior_to_edge (system_tests_edge_router.RouterTest) ... ok
54: test_19_mobile_address_other_interior_to_edge (system_tests_edge_router.RouterTest) ... ok
54: test_20_mobile_address_edge_to_edge_two_interiors (system_tests_edge_router.RouterTest) ... ok
54: test_21_mobile_address_edge_interior_receivers (system_tests_edge_router.RouterTest) ... ok
54: test_22_mobile_address_edge_sender_two_interior_receivers (system_tests_edge_router.RouterTest) ... ok
54: test_23_mobile_address_edge_sender_two_edge_receivers (system_tests_edge_router.RouterTest) ... ok
54: test_24_multicast_mobile_address_same_edge (system_tests_edge_router.RouterTest) ... ok
54: test_25_multicast_mobile_address_different_edges_same_interior (system_tests_edge_router.RouterTest) ... ok
54: test_26_multicast_mobile_address_edge_to_interior (system_tests_edge_router.RouterTest) ... ok
54: test_27_multicast_mobile_address_interior_to_edge (system_tests_edge_router.RouterTest) ... ok
54: test_28_multicast_mobile_address_other_interior_to_edge (system_tests_edge_router.RouterTest) ... ok
54: test_29_multicast_mobile_address_edge_to_edge_two_interiors (system_tests_edge_router.RouterTest) ... ok
54: test_30_multicast_mobile_address_all_edges (system_tests_edge_router.RouterTest) ... ok
54: test_31_multicast_mobile_address_same_edge (system_tests_edge_router.RouterTest) ... ok
54: test_32_multicast_mobile_address_different_edges_same_interior (system_tests_edge_router.RouterTest) ... ok
54: test_33_multicast_mobile_address_edge_to_interior (system_tests_edge_router.RouterTest) ... ok
54: test_34_multicast_mobile_address_interior_to_edge (system_tests_edge_router.RouterTest) ... ok
54: test_35_multicast_mobile_address_other_interior_to_edge (system_tests_edge_router.RouterTest) ... ok
54: test_36_multicast_mobile_address_edge_to_edge_two_interiors (system_tests_edge_router.RouterTest) ... ok
54: test_37_multicast_mobile_address_all_edges (system_tests_edge_router.RouterTest) ... ok
54: test_38_mobile_addr_event_three_receivers_same_interior (system_tests_edge_router.RouterTest) ... ok
54: test_39_mobile_addr_event_three_receivers_diff_interior (system_tests_edge_router.RouterTest) ... ok
54: test_40_drop_rx_client_multicast_large_message (system_tests_edge_router.RouterTest) ... ok
54: test_41_drop_rx_client_multicast_small_message (system_tests_edge_router.RouterTest) ... ok
54: test_42_anon_sender_mobile_address_same_edge (system_tests_edge_router.RouterTest) ... ok
54: test_43_anon_sender_mobile_address_interior_to_edge (system_tests_edge_router.RouterTest) ... ok
54: test_44_anon_sender_mobile_address_edge_to_interior (system_tests_edge_router.RouterTest) ... ok
54: test_45_anon_sender_mobile_address_edge_to_edge_one_interior (system_tests_edge_router.RouterTest) ... ok
54: test_46_anon_sender_mobile_address_edge_to_edge_two_interior (system_tests_edge_router.RouterTest) ... ok
54: test_47_anon_sender_mobile_address_large_msg_same_edge (system_tests_edge_router.RouterTest) ... ok
54: test_48_anon_sender_mobile_address_large_msg_interior_to_edge (system_tests_edge_router.RouterTest) ... ok
54: test_49_anon_sender_mobile_address_large_msg_edge_to_interior (system_tests_edge_router.RouterTest) ... ok
54: test_50_anon_sender_mobile_address_large_msg_edge_to_edge_one_interior (system_tests_edge_router.RouterTest) ... ok
54: test_51_anon_sender_mobile_address_large_msg_edge_to_edge_two_interior (system_tests_edge_router.RouterTest) ... ok
54: test_52_anon_sender_multicast_mobile_address_same_edge (system_tests_edge_router.RouterTest) ... ok
54: test_53_anon_sender_multicast_mobile_address_different_edges_same_interior (system_tests_edge_router.RouterTest) ... ok
54: test_54_anon_sender_multicast_mobile_address_edge_to_interior (system_tests_edge_router.RouterTest) ... ok
54: test_55_anon_sender_multicast_mobile_address_interior_to_edge (system_tests_edge_router.RouterTest) ... ok
54: test_56_anon_sender_multicast_mobile_address_other_interior_to_edge (system_tests_edge_router.RouterTest) ... ok
54: test_57_anon_sender_multicast_mobile_address_edge_to_edge_two_interiors (system_tests_edge_router.RouterTest) ... ok
54: test_58_anon_sender_multicast_mobile_address_all_edges (system_tests_edge_router.RouterTest) ... ok
54: test_59_anon_sender__multicast_mobile_address_same_edge (system_tests_edge_router.RouterTest) ... ok
54: test_60_anon_sender_multicast_mobile_address_different_edges_same_interior (system_tests_edge_router.RouterTest) ... ok
54: test_61_anon_sender_multicast_mobile_address_edge_to_interior (system_tests_edge_router.RouterTest) ... ok
54: test_62_anon_sender_multicast_mobile_address_interior_to_edge (system_tests_edge_router.RouterTest) ... ok
54: test_63_anon_sender_multicast_mobile_address_other_interior_to_edge (system_tests_edge_router.RouterTest) ... ok
54: test_64_anon_sender_multicast_mobile_address_edge_to_edge_two_interiors (system_tests_edge_router.RouterTest) ... ok
54: test_65_anon_sender_multicast_mobile_address_all_edges (system_tests_edge_router.RouterTest) ... ok
54: test_66_anon_sender_drop_rx_client_multicast_large_message (system_tests_edge_router.RouterTest) ... ok
54: test_67_drop_rx_client_multicast_small_message (system_tests_edge_router.RouterTest) ... ok
54: test_68_edge_qdstat_all_routers (system_tests_edge_router.RouterTest) ... ok
54: test_69_interior_qdstat_all_routers (system_tests_edge_router.RouterTest) ... ok
54: test_70_qdstat_edge_router_option (system_tests_edge_router.RouterTest) ... ok
54: test_71_qdmanage_edge_router_option (system_tests_edge_router.RouterTest) ... ok
54: test_72_qdstat_query_interior_from_edge (system_tests_edge_router.RouterTest) ... ok
54: test_73_qdmanage_query_interior_from_edge (system_tests_edge_router.RouterTest) ... ok
54: test_01_streaming_link_route (system_tests_edge_router.StreamingMessageTest) ... ok
54: test_02_streaming_closest (system_tests_edge_router.StreamingMessageTest) ... ok
54: test_03_streaming_multicast (system_tests_edge_router.StreamingMessageTest) ... ok
54: test_04_streaming_balanced (system_tests_edge_router.StreamingMessageTest) ... ok
54: test_10_streaming_link_route_parallel (system_tests_edge_router.StreamingMessageTest) ... ok
54: test_11_streaming_closest_parallel (system_tests_edge_router.StreamingMessageTest) ... ok
54: test_12_streaming_multicast_parallel (system_tests_edge_router.StreamingMessageTest) ... ok
54: test_13_streaming_balanced_parallel (system_tests_edge_router.StreamingMessageTest) ... ok
54: 
54: Router EB1 debug dump file:
54: >>>>
54: alloc.c: Items of type 'qd_timer_t' remain allocated at shutdown: 2
54: Leak: 2020-08-18 20:00:05.480770 +0000 type: qd_timer_t address: 0x16f1a50 (suppressed)
54: /home/travis/build/jiridanek/qpid-dispatch/build/src/libqpid-dispatch.so(qd_alloc+0x306) [0x7f5439661870]
54: /home/travis/build/jiridanek/qpid-dispatch/build/src/libqpid-dispatch.so(new_qd_timer_t+0x38) [0x7f54397249d4]
54: /home/travis/build/jiridanek/qpid-dispatch/build/src/libqpid-dispatch.so(qd_timer+0x2b) [0x7f5439724ff7]
54: /home/travis/build/jiridanek/qpid-dispatch/build/src/libqpid-dispatch.so(qd_server_connector+0x173) [0x7f543972406e]
54: /home/travis/build/jiridanek/qpid-dispatch/build/src/libqpid-dispatch.so(qd_dispatch_configure_connector+0x3e) [0x7f543966e29c]
54: /usr/lib/x86_64-linux-gnu/libffi.so.6(ffi_call_unix64+0x4c) [0x7f54361b7e40]
54: /usr/lib/x86_64-linux-gnu/libffi.so.6(ffi_call+0x2eb) [0x7f54361b78ab]
54: /usr/lib/python2.7/lib-dynload/_ctypes.x86_64-linux-gnu.so(_ctypes_callproc+0x48f) [0x7f54363c73df]
54: /usr/lib/python2.7/lib-dynload/_ctypes.x86_64-linux-gnu.so(+0x11d82) [0x7f54363cbd82]
54: /usr/lib/x86_64-linux-gnu/libpython2.7.so.1.0(PyObject_Call+0x43) [0x7f54383592b3]
54: 
54: Leak: 2020-08-18 20:00:05.482804 +0000 type: qd_timer_t address: 0x16f18d0 (suppressed)
54: /home/travis/build/jiridanek/qpid-dispatch/build/src/libqpid-dispatch.so(qd_alloc+0x306) [0x7f5439661870]
54: /home/travis/build/jiridanek/qpid-dispatch/build/src/libqpid-dispatch.so(new_qd_timer_t+0x38) [0x7f54397249d4]
54: /home/travis/build/jiridanek/qpid-dispatch/build/src/libqpid-dispatch.so(qd_timer+0x2b) [0x7f5439724ff7]
54: /home/travis/build/jiridanek/qpid-dispatch/build/src/libqpid-dispatch.so(qd_server_connector+0x173) [0x7f543972406e]
54: /home/travis/build/jiridanek/qpid-dispatch/build/src/libqpid-dispatch.so(qd_dispatch_configure_connector+0x3e) [0x7f543966e29c]
54: /usr/lib/x86_64-linux-gnu/libffi.so.6(ffi_call_unix64+0x4c) [0x7f54361b7e40]
54: /usr/lib/x86_64-linux-gnu/libffi.so.6(ffi_call+0x2eb) [0x7f54361b78ab]
54: /usr/lib/python2.7/lib-dynload/_ctypes.x86_64-linux-gnu.so(_ctypes_callproc+0x48f) [0x7f54363c73df]
54: /usr/lib/python2.7/lib-dynload/_ctypes.x86_64-linux-gnu.so(+0x11d82) [0x7f54363cbd82]
54: /usr/lib/x86_64-linux-gnu/libpython2.7.so.1.0(PyObject_Call+0x43) [0x7f54383592b3]
54: 
54: alloc.c: Items of type 'qd_connector_t' remain allocated at shutdown: 2
54: Leak: 2020-08-18 20:00:05.480762 +0000 type: qd_connector_t address: 0x17c2090 (suppressed)
54: /home/travis/build/jiridanek/qpid-dispatch/build/src/libqpid-dispatch.so(qd_alloc+0x842) [0x7f5439661dac]
54: /home/travis/build/jiridanek/qpid-dispatch/build/src/libqpid-dispatch.so(new_qd_connector_t+0x38) [0x7f543971a8fe]
54: /home/travis/build/jiridanek/qpid-dispatch/build/src/libqpid-dispatch.so(qd_server_connector+0x23) [0x7f5439723f1e]
54: /home/travis/build/jiridanek/qpid-dispatch/build/src/libqpid-dispatch.so(qd_dispatch_configure_connector+0x3e) [0x7f543966e29c]
54: /usr/lib/x86_64-linux-gnu/libffi.so.6(ffi_call_unix64+0x4c) [0x7f54361b7e40]
54: /usr/lib/x86_64-linux-gnu/libffi.so.6(ffi_call+0x2eb) [0x7f54361b78ab]
54: /usr/lib/python2.7/lib-dynload/_ctypes.x86_64-linux-gnu.so(_ctypes_callproc+0x48f) [0x7f54363c73df]
54: /usr/lib/python2.7/lib-dynload/_ctypes.x86_64-linux-gnu.so(+0x11d82) [0x7f54363cbd82]
54: /usr/lib/x86_64-linux-gnu/libpython2.7.so.1.0(PyObject_Call+0x43) [0x7f54383592b3]
54: /usr/lib/x86_64-linux-gnu/libpython2.7.so.1.0(PyEval_EvalFrameEx+0x543c) [0x7f54382f739c]
54: 
54: Leak: 2020-08-18 20:00:05.482796 +0000 type: qd_connector_t address: 0x17c1d50 (suppressed)
54: /home/travis/build/jiridanek/qpid-dispatch/build/src/libqpid-dispatch.so(qd_alloc+0x306) [0x7f5439661870]
54: /home/travis/build/jiridanek/qpid-dispatch/build/src/libqpid-dispatch.so(new_qd_connector_t+0x38) [0x7f543971a8fe]
54: /home/travis/build/jiridanek/qpid-dispatch/build/src/libqpid-dispatch.so(qd_server_connector+0x23) [0x7f5439723f1e]
54: /home/travis/build/jiridanek/qpid-dispatch/build/src/libqpid-dispatch.so(qd_dispatch_configure_connector+0x3e) [0x7f543966e29c]
54: /usr/lib/x86_64-linux-gnu/libffi.so.6(ffi_call_unix64+0x4c) [0x7f54361b7e40]
54: /usr/lib/x86_64-linux-gnu/libffi.so.6(ffi_call+0x2eb) [0x7f54361b78ab]
54: /usr/lib/python2.7/lib-dynload/_ctypes.x86_64-linux-gnu.so(_ctypes_callproc+0x48f) [0x7f54363c73df]
54: /usr/lib/python2.7/lib-dynload/_ctypes.x86_64-linux-gnu.so(+0x11d82) [0x7f54363cbd82]
54: /usr/lib/x86_64-linux-gnu/libpython2.7.so.1.0(PyObject_Call+0x43) [0x7f54383592b3]
54: /usr/lib/x86_64-linux-gnu/libpython2.7.so.1.0(PyEval_EvalFrameEx+0x543c) [0x7f54382f739c]
54: 
54: 
54: <<<<
54: 
54: ======================================================================
54: ERROR: test_51_link_route_proxy_configured (system_tests_edge_router.LinkRouteProxyTest)
54: ----------------------------------------------------------------------
54: Traceback (most recent call last):
54:   File "/home/travis/build/jiridanek/qpid-dispatch/tests/system_tests_edge_router.py", line 1944, in test_51_link_route_proxy_configured
54:     count=5)
54:   File "/home/travis/build/jiridanek/qpid-dispatch/tests/system_tests_edge_router.py", line 1643, in _test_traffic
54:     tr.queue.get(timeout=TIMEOUT)
54:   File "/usr/lib/python2.7/Queue.py", line 176, in get
54:     raise Empty
54: Empty
54: 
54: ----------------------------------------------------------------------
54: Ran 90 tests in 288.464s
54: 
54: FAILED (errors=1)
54/69 Test #54: system_tests_edge_router ..........................***Failed  288.57 sec {noformat}