Â 
{noformat}
org.apache.geode.internal.cache.PutAllCSDUnitTest > testPartialKeyInPR FAILED

    java.lang.AssertionError: expected:<60> but was:<64>

        at org.junit.Assert.fail(Assert.java:88)

        at org.junit.Assert.failNotEquals(Assert.java:834)

        at org.junit.Assert.assertEquals(Assert.java:645)

        at org.junit.Assert.assertEquals(Assert.java:631)

        at org.apache.geode.internal.cache.PutAllCSDUnitTest.testPartialKeyInPR(PutAllCSDUnitTest.java:2372){noformat}