http://files.apachegeode-ci.info/builds/apache-support-1-15-main/1.15.0-build.0836/test-results/integrationTest/1643742213/
{code:java}
> Task :geode-for-redis:integrationTest

InfoStatsIntegrationTest > opsPerformedOverLastSecond_ShouldUpdate_givenOperationsOccurring FAILED
    java.lang.AssertionError: 
    Expecting actual:
      13.0
    to be close to:
      19.0
    by less than 4.0 but difference was 6.0.
    (a difference of exactly 4.0 being considered valid)
        at org.apache.geode.redis.internal.commands.executor.server.AbstractRedisInfoStatsIntegrationTest.opsPerformedOverLastSecond_ShouldUpdate_givenOperationsOccurring(AbstractRedisInfoStatsIntegrationTest.java:174)
        at sun.reflect.NativeMethodAccessorImpl.invoke0(Native Method)
        at sun.reflect.NativeMethodAccessorImpl.invoke(NativeMethodAccessorImpl.java:62)
        at sun.reflect.DelegatingMethodAccessorImpl.invoke(DelegatingMethodAccessorImpl.java:43)
        at java.lang.reflect.Method.invoke(Method.java:498)
...{code}