{noformat}
> Task :geode-core:distributedTest

ClientServerTransactionCCEDUnitTest > testTransactionException FAILED
    org.apache.geode.test.dunit.RMIException: While invoking org.apache.geode.internal.cache.RemoteTransactionDUnitTest$2.call in VM 0 running on Host heavy-lifter-c158d9b1-495a-5f45-8dc4-ef1fd3a17ec3.c.apachegeode-ci.internal with 4 VMs
        at org.apache.geode.test.dunit.VM.executeMethodOnObject(VM.java:631)
        at org.apache.geode.test.dunit.VM.invoke(VM.java:473)
        at org.apache.geode.test.dunit.Invoke.invokeInEveryVM(Invoke.java:121)
        at org.apache.geode.test.dunit.Invoke.invokeInEveryVM(Invoke.java:109)
        at org.apache.geode.internal.cache.RemoteTransactionDUnitTest.preTearDownCacheTestCase(RemoteTransactionDUnitTest.java:171)
        at org.apache.geode.test.dunit.cache.internal.JUnit4CacheTestCase.preTearDown(JUnit4CacheTestCase.java:336)
        at org.apache.geode.test.dunit.internal.JUnit4DistributedTestCase.tearDownDistributedTestCase(JUnit4DistributedTestCase.java:480)
        at sun.reflect.GeneratedMethodAccessor8.invoke(Unknown Source)
        at sun.reflect.DelegatingMethodAccessorImpl.invoke(DelegatingMethodAccessorImpl.java:43)
        at java.lang.reflect.Method.invoke(Method.java:498)
        at org.junit.runners.model.FrameworkMethod$1.runReflectiveCall(FrameworkMethod.java:59)
        at org.junit.internal.runners.model.ReflectiveCallable.run(ReflectiveCallable.java:12)
        at org.junit.runners.model.FrameworkMethod.invokeExplosively(FrameworkMethod.java:56)
        at org.junit.internal.runners.statements.RunAfters.invokeMethod(RunAfters.java:46)
        at org.junit.internal.runners.statements.RunAfters.evaluate(RunAfters.java:33)
        at org.junit.rules.TestWatcher$1.evaluate(TestWatcher.java:61)
        at org.junit.runners.ParentRunner$3.evaluate(ParentRunner.java:306)
        at org.junit.runners.BlockJUnit4ClassRunner$1.evaluate(BlockJUnit4ClassRunner.java:100)
        at org.junit.runners.ParentRunner.runLeaf(ParentRunner.java:366)
        at org.junit.runners.BlockJUnit4ClassRunner.runChild(BlockJUnit4ClassRunner.java:103)
        at org.junit.runners.BlockJUnit4ClassRunner.runChild(BlockJUnit4ClassRunner.java:63)
        at org.junit.runners.ParentRunner$4.run(ParentRunner.java:331)
        at org.junit.runners.ParentRunner$1.schedule(ParentRunner.java:79)
        at org.junit.runners.ParentRunner.runChildren(ParentRunner.java:329)
        at org.junit.runners.ParentRunner.access$100(ParentRunner.java:66)
        at org.junit.runners.ParentRunner$2.evaluate(ParentRunner.java:293)
        at org.junit.internal.runners.statements.RunBefores.evaluate(RunBefores.java:26)
        at org.junit.runners.ParentRunner$3.evaluate(ParentRunner.java:306)
        at org.junit.runners.ParentRunner.run(ParentRunner.java:413)
        at org.junit.runner.JUnitCore.run(JUnitCore.java:137)
        at org.junit.runner.JUnitCore.run(JUnitCore.java:115)
        at org.junit.vintage.engine.execution.RunnerExecutor.execute(RunnerExecutor.java:42)
        at org.junit.vintage.engine.VintageTestEngine.executeAllChildren(VintageTestEngine.java:80)
        at org.junit.vintage.engine.VintageTestEngine.execute(VintageTestEngine.java:72)
        at org.junit.platform.launcher.core.EngineExecutionOrchestrator.execute(EngineExecutionOrchestrator.java:108)
        at org.junit.platform.launcher.core.EngineExecutionOrchestrator.execute(EngineExecutionOrchestrator.java:88)
        at org.junit.platform.launcher.core.EngineExecutionOrchestrator.lambda$execute$0(EngineExecutionOrchestrator.java:54)
        at org.junit.platform.launcher.core.EngineExecutionOrchestrator.withInterceptedStreams(EngineExecutionOrchestrator.java:67)
        at org.junit.platform.launcher.core.EngineExecutionOrchestrator.execute(EngineExecutionOrchestrator.java:52)
        at org.junit.platform.launcher.core.DefaultLauncher.execute(DefaultLauncher.java:96)
        at org.junit.platform.launcher.core.DefaultLauncher.execute(DefaultLauncher.java:75)
        at org.gradle.api.internal.tasks.testing.junitplatform.JUnitPlatformTestClassProcessor$CollectAllTestClassesExecutor.processAllTestClasses(JUnitPlatformTestClassProcessor.java:99)
        at org.gradle.api.internal.tasks.testing.junitplatform.JUnitPlatformTestClassProcessor$CollectAllTestClassesExecutor.access$000(JUnitPlatformTestClassProcessor.java:79)
        at org.gradle.api.internal.tasks.testing.junitplatform.JUnitPlatformTestClassProcessor.stop(JUnitPlatformTestClassProcessor.java:75)
        at org.gradle.api.internal.tasks.testing.SuiteTestClassProcessor.stop(SuiteTestClassProcessor.java:61)
        at sun.reflect.NativeMethodAccessorImpl.invoke0(Native Method)
        at sun.reflect.NativeMethodAccessorImpl.invoke(NativeMethodAccessorImpl.java:62)
        at sun.reflect.DelegatingMethodAccessorImpl.invoke(DelegatingMethodAccessorImpl.java:43)
        at java.lang.reflect.Method.invoke(Method.java:498)
        at org.gradle.internal.dispatch.ReflectionDispatch.dispatch(ReflectionDispatch.java:36)
        at org.gradle.internal.dispatch.ReflectionDispatch.dispatch(ReflectionDispatch.java:24)
        at org.gradle.internal.dispatch.ContextClassLoaderDispatch.dispatch(ContextClassLoaderDispatch.java:33)
        at org.gradle.internal.dispatch.ProxyDispatchAdapter$DispatchingInvocationHandler.invoke(ProxyDispatchAdapter.java:94)
        at com.sun.proxy.$Proxy2.stop(Unknown Source)
        at org.gradle.api.internal.tasks.testing.worker.TestWorker.stop(TestWorker.java:133)
        at sun.reflect.NativeMethodAccessorImpl.invoke0(Native Method)
        at sun.reflect.NativeMethodAccessorImpl.invoke(NativeMethodAccessorImpl.java:62)
        at sun.reflect.DelegatingMethodAccessorImpl.invoke(DelegatingMethodAccessorImpl.java:43)
        at java.lang.reflect.Method.invoke(Method.java:498)
        at org.gradle.internal.dispatch.ReflectionDispatch.dispatch(ReflectionDispatch.java:36)
        at org.gradle.internal.dispatch.ReflectionDispatch.dispatch(ReflectionDispatch.java:24)
        at org.gradle.internal.remote.internal.hub.MessageHubBackedObjectConnection$DispatchWrapper.dispatch(MessageHubBackedObjectConnection.java:182)
        at org.gradle.internal.remote.internal.hub.MessageHubBackedObjectConnection$DispatchWrapper.dispatch(MessageHubBackedObjectConnection.java:164)
        at org.gradle.internal.remote.internal.hub.MessageHub$Handler.run(MessageHub.java:414)
        at org.gradle.internal.concurrent.ExecutorPolicy$CatchAndRecordFailures.onExecute(ExecutorPolicy.java:64)
        at org.gradle.internal.concurrent.ManagedExecutorImpl$1.run(ManagedExecutorImpl.java:48)
        at java.util.concurrent.ThreadPoolExecutor.runWorker(ThreadPoolExecutor.java:1149)
        at java.util.concurrent.ThreadPoolExecutor$Worker.run(ThreadPoolExecutor.java:624)
        at org.gradle.internal.concurrent.ThreadFactoryImpl$ManagedThreadRunnable.run(ThreadFactoryImpl.java:56)
        at java.lang.Thread.run(Thread.java:750)

        Caused by:
        org.awaitility.core.ConditionTimeoutException: Assertion condition defined as a lambda expression in org.apache.geode.internal.cache.RemoteTransactionDUnitTest$2 that uses org.apache.geode.internal.cache.TXManagerImpl 
        expected: 0
         but was: 1 within 30 seconds.
            at org.awaitility.core.ConditionAwaiter.await(ConditionAwaiter.java:164)
            at org.awaitility.core.AssertionCondition.await(AssertionCondition.java:119)
            at org.awaitility.core.AssertionCondition.await(AssertionCondition.java:31)
            at org.awaitility.core.ConditionFactory.until(ConditionFactory.java:939)
            at org.awaitility.core.ConditionFactory.untilAsserted(ConditionFactory.java:723)
            at org.apache.geode.internal.cache.RemoteTransactionDUnitTest$2.call(RemoteTransactionDUnitTest.java:147)
            at sun.reflect.GeneratedMethodAccessor410.invoke(Unknown Source)
            at sun.reflect.DelegatingMethodAccessorImpl.invoke(DelegatingMethodAccessorImpl.java:43)
            at java.lang.reflect.Method.invoke(Method.java:498)
            at org.apache.geode.test.dunit.internal.MethodInvoker.executeObject(MethodInvoker.java:123)
            at org.apache.geode.test.dunit.internal.RemoteDUnitVM.executeMethodOnObject(RemoteDUnitVM.java:78)
            at sun.reflect.GeneratedMethodAccessor6.invoke(Unknown Source)
            at sun.reflect.DelegatingMethodAccessorImpl.invoke(DelegatingMethodAccessorImpl.java:43)
            at java.lang.reflect.Method.invoke(Method.java:498)
            at sun.rmi.server.UnicastServerRef.dispatch(UnicastServerRef.java:357)
            at sun.rmi.transport.Transport$1.run(Transport.java:200)
            at sun.rmi.transport.Transport$1.run(Transport.java:197)
            at java.security.AccessController.doPrivileged(Native Method)
            at sun.rmi.transport.Transport.serviceCall(Transport.java:196)
            at sun.rmi.transport.tcp.TCPTransport.handleMessages(TCPTransport.java:573)
            at sun.rmi.transport.tcp.TCPTransport$ConnectionHandler.run0(TCPTransport.java:834)
            at sun.rmi.transport.tcp.TCPTransport$ConnectionHandler.lambda$run$0(TCPTransport.java:688)
            at java.security.AccessController.doPrivileged(Native Method)
            at sun.rmi.transport.tcp.TCPTransport$ConnectionHandler.run(TCPTransport.java:687)
            at java.util.concurrent.ThreadPoolExecutor.runWorker(ThreadPoolExecutor.java:1149)
            at java.util.concurrent.ThreadPoolExecutor$Worker.run(ThreadPoolExecutor.java:624)
            ... 1 more

            Caused by:
            org.opentest4j.AssertionFailedError: 
            expected: 0
             but was: 1
                at sun.reflect.GeneratedConstructorAccessor71.newInstance(Unknown Source)
                at sun.reflect.DelegatingConstructorAccessorImpl.newInstance(DelegatingConstructorAccessorImpl.java:45)
                at org.apache.geode.internal.cache.RemoteTransactionDUnitTest$2.lambda$call$0(RemoteTransactionDUnitTest.java:148)
                at org.awaitility.core.AssertionCondition.lambda$new$0(AssertionCondition.java:53)
                at org.awaitility.core.ConditionAwaiter$ConditionPoller.call(ConditionAwaiter.java:232)
                at org.awaitility.core.ConditionAwaiter$ConditionPoller.call(ConditionAwaiter.java:219)
                at java.util.concurrent.FutureTask.run(FutureTask.java:266)
                ... 3 more

8356 tests completed, 1 failed, 414 skipped{noformat}
={-}={-}={-}={-}={-}={-}={-}={-}={-}={-}={-}={-}={-}={-}=  Test Results URI ={-}={-}={-}={-}={-}={-}={-}={-}={-}={-}={-}={-}={-}={-}={-}={-}=
[http://files.apachegeode-ci.info/builds/apache-develop-mass-test-run/1.16.0-build.0093/test-results/distributedTest/1645898891/]
={-}={-}={-}={-}={-}={-}={-}={-}={-}={-}={-}={-}={-}={-}={-}={-}={-}={-}={-}={-}={-}={-}={-}={-}={-}={-}={-}={-}={-}={-}={-}={-}={-}={-}={-}={-}={-}={-}={-}={-}=

Test report artifacts from this job are available at:

[http://files.apachegeode-ci.info/builds/apache-develop-mass-test-run/1.16.0-build.0093/test-artifacts/1645898891/distributedtestfiles-openjdk8-1.16.0-build.0093.tgz]

 

This failure has shown up at least once before, as described in the second part of the description for GEODE-9929. Since that failure, the test class has been significantly refactored, so line numbers do not match anymore, but the failure in both cases is due to a non-zero value returned by {{TXManagerImpl.hostedTransactionsInProgressForTest()}} during test teardown.