This relatively new test failed in a Windows CI run: [https://concourse.apachegeode-ci.info/teams/main/pipelines/apache-develop-main/jobs/WindowsIntegrationTestOpenJDK11/builds/339]

 
{noformat}
org.apache.geode.redis.internal.executor.server.TimeIntegrationTest > timeCommandRespondsWIthTwoValues FAILED
16:38:28    java.lang.AssertionError: 
16:38:28    Expecting:
16:38:28     <0L>
16:38:28    to be greater than:
16:38:28     <0L> 
16:38:28        at org.apache.geode.redis.internal.executor.server.TimeIntegrationTest.timeCommandRespondsWIthTwoValues(TimeIntegrationTest.java:57)
16:48:28 {noformat}