This issue has either failed to reproduce or been fixed systemically elsewhere (e.g. improving port selection and timeouts).  Closing but please reopen if needed.

This just reproduced in a pr precheckin:

[https://concourse.apachegeode-ci.info/builds/25832]
org.apache.geode.internal.cache.persistence.PersistentRecoveryOrderDUnitTest > testRecoverAfterConflict FAILED
[ |https://concourse.apachegeode-ci.info/builds/25832#L5c02023e:698]
 java.io.FileNotFoundException: File does not exist: /home/geode/geode/geode-core/build/distributedTest481/diskDir-testRecoverAfterConflict/1/DRLK_IFPersistentRecoveryOrderDUnitTest_testRecoverAfterConflictRegion.lk
[ |https://concourse.apachegeode-ci.info/builds/25832#L5c02023e:699]
 
[ |https://concourse.apachegeode-ci.info/builds/25832#L5c02023e:700]
 

This failure reproduced in CI: 

https://concourse.apachegeode-ci.info/teams/main/pipelines/apache-develop-main/jobs/DistributedTestOpenJDK8/builds/611

{noformat}
testRecoverAfterConflict
java.io.FileNotFoundException: File does not exist: /home/geode/geode/geode-core/build/distributedTest729/diskDir-testRecoverAfterConflict/1/DRLK_IFPersistentRecoveryOrderDUnitTest_testRecoverAfterConflictRegion.lk
	at org.apache.commons.io.FileUtils.forceDelete(FileUtils.java:2396)
	at org.apache.commons.io.FileUtils.cleanDirectory(FileUtils.java:1721)
	at org.apache.commons.io.FileUtils.deleteDirectory(FileUtils.java:1617)
	at org.apache.commons.io.FileUtils.forceDelete(FileUtils.java:2391)
	at org.apache.commons.io.FileUtils.cleanDirectory(FileUtils.java:1721)
	at org.apache.commons.io.FileUtils.deleteDirectory(FileUtils.java:1617)
	at org.apache.geode.internal.cache.persistence.PersistentReplicatedTestBase.postTearDownCacheTestCase(PersistentReplicatedTestBase.java:66)
	at org.apache.geode.test.dunit.cache.internal.JUnit4CacheTestCase.preTearDown(JUnit4CacheTestCase.java:351)
	at org.apache.geode.test.dunit.internal.JUnit4DistributedTestCase.tearDownDistributedTestCase(JUnit4DistributedTestCase.java:483)
	at sun.reflect.GeneratedMethodAccessor11.invoke(Unknown Source)
	at sun.reflect.DelegatingMethodAccessorImpl.invoke(DelegatingMethodAccessorImpl.java:43)
	at java.lang.reflect.Method.invoke(Method.java:498)
	at org.junit.runners.model.FrameworkMethod$1.runReflectiveCall(FrameworkMethod.java:50)
	at org.junit.internal.runners.model.ReflectiveCallable.run(ReflectiveCallable.java:12)
	at org.junit.runners.model.FrameworkMethod.invokeExplosively(FrameworkMethod.java:47)
	at org.junit.internal.runners.statements.RunAfters.evaluate(RunAfters.java:33)
	at org.junit.rules.TestWatcher$1.evaluate(TestWatcher.java:55)
	at org.junit.rules.RunRules.evaluate(RunRules.java:20)
	at org.junit.runners.ParentRunner.runLeaf(ParentRunner.java:325)
	at org.junit.runners.BlockJUnit4ClassRunner.runChild(BlockJUnit4ClassRunner.java:78)
	at org.junit.runners.BlockJUnit4ClassRunner.runChild(BlockJUnit4ClassRunner.java:57)
	at org.junit.runners.ParentRunner$3.run(ParentRunner.java:290)
	at org.junit.runners.ParentRunner$1.schedule(ParentRunner.java:71)
	at org.junit.runners.ParentRunner.runChildren(ParentRunner.java:288)
	at org.junit.runners.ParentRunner.access$000(ParentRunner.java:58)
	at org.junit.runners.ParentRunner$2.evaluate(ParentRunner.java:268)
	at org.junit.internal.runners.statements.RunBefores.evaluate(RunBefores.java:26)
	at org.junit.runners.ParentRunner.run(ParentRunner.java:363)
	at org.gradle.api.internal.tasks.testing.junit.JUnitTestClassExecutor.runTestClass(JUnitTestClassExecutor.java:110)
	at org.gradle.api.internal.tasks.testing.junit.JUnitTestClassExecutor.execute(JUnitTestClassExecutor.java:58)
	at org.gradle.api.internal.tasks.testing.junit.JUnitTestClassExecutor.execute(JUnitTestClassExecutor.java:38)
	at org.gradle.api.internal.tasks.testing.junit.AbstractJUnitTestClassProcessor.processTestClass(AbstractJUnitTestClassProcessor.java:62)
	at org.gradle.api.internal.tasks.testing.SuiteTestClassProcessor.processTestClass(SuiteTestClassProcessor.java:51)
	at sun.reflect.NativeMethodAccessorImpl.invoke0(Native Method)
	at sun.reflect.NativeMethodAccessorImpl.invoke(NativeMethodAccessorImpl.java:62)
	at sun.reflect.DelegatingMethodAccessorImpl.invoke(DelegatingMethodAccessorImpl.java:43)
	at java.lang.reflect.Method.invoke(Method.java:498)
	at org.gradle.internal.dispatch.ReflectionDispatch.dispatch(ReflectionDispatch.java:35)
	at org.gradle.internal.dispatch.ReflectionDispatch.dispatch(ReflectionDispatch.java:24)
	at org.gradle.internal.dispatch.ContextClassLoaderDispatch.dispatch(ContextClassLoaderDispatch.java:32)
	at org.gradle.internal.dispatch.ProxyDispatchAdapter$DispatchingInvocationHandler.invoke(ProxyDispatchAdapter.java:93)
	at com.sun.proxy.$Proxy2.processTestClass(Unknown Source)
	at org.gradle.api.internal.tasks.testing.worker.TestWorker.processTestClass(TestWorker.java:118)
	at sun.reflect.NativeMethodAccessorImpl.invoke0(Native Method)
	at sun.reflect.NativeMethodAccessorImpl.invoke(NativeMethodAccessorImpl.java:62)
	at sun.reflect.DelegatingMethodAccessorImpl.invoke(DelegatingMethodAccessorImpl.java:43)
	at java.lang.reflect.Method.invoke(Method.java:498)
	at org.gradle.internal.dispatch.ReflectionDispatch.dispatch(ReflectionDispatch.java:35)
	at org.gradle.internal.dispatch.ReflectionDispatch.dispatch(ReflectionDispatch.java:24)
	at org.gradle.internal.remote.internal.hub.MessageHubBackedObjectConnection$DispatchWrapper.dispatch(MessageHubBackedObjectConnection.java:175)
	at org.gradle.internal.remote.internal.hub.MessageHubBackedObjectConnection$DispatchWrapper.dispatch(MessageHubBackedObjectConnection.java:157)
	at org.gradle.internal.remote.internal.hub.MessageHub$Handler.run(MessageHub.java:404)
	at org.gradle.internal.concurrent.ExecutorPolicy$CatchAndRecordFailures.onExecute(ExecutorPolicy.java:63)
	at org.gradle.internal.concurrent.ManagedExecutorImpl$1.run(ManagedExecutorImpl.java:46)
	at java.util.concurrent.ThreadPoolExecutor.runWorker(ThreadPoolExecutor.java:1149)
	at java.util.concurrent.ThreadPoolExecutor$Worker.run(ThreadPoolExecutor.java:624)
	at org.gradle.internal.concurrent.ThreadFactoryImpl$ManagedThreadRunnable.run(ThreadFactoryImpl.java:55)
	at java.lang.Thread.run(Thread.java:748)
{noformat}

artifacts available here:
{noformat}
=-=-=-=-=-=-=-=-=-=-=-=-=-=-=  Test Results URI =-=-=-=-=-=-=-=-=-=-=-=-=-=-=-=-=
http://files.apachegeode-ci.info/builds/apache-develop-main/1.10.0-SNAPSHOT.0170/test-results/distributedTest/1555036035/
=-=-=-=-=-=-=-=-=-=-=-=-=-=-=-=-=-=-=-=-=-=-=-=-=-=-=-=-=-=-=-=-=-=-=-=-=-=-=-=-=

Test report artifacts from this job are available at:

http://files.apachegeode-ci.info/builds/apache-develop-main/1.10.0-SNAPSHOT.0170/test-artifacts/1555036035/distributedtestfiles-OpenJDK8-1.10.0-SNAPSHOT.0170.tgz

{noformat}

Cause: crashing the system in vm0 needed an await until {{system != null && system.isDisconnected()}}

Fixed in:

Commit 35e024acbbe442e181a43c85ef2f73e0ea493e9c in geode's branch refs/heads/develop from Kirk Lund
[ https://gitbox.apache.org/repos/asf?p=geode.git;h=35e024a ]

GEODE-1703: Fix PersistentRecoveryOrderDUnitTest time based flakiness

Fix all future await times to use GeodeAwaitility timeout
Fix testRevokeAHostBeforeInitialization dependency on etc hosts
Fix testCrashDuringPreparePersistentId flakiness caused by using
wrong await timeouts
Co-authored-by: Michael Oleske <moleske@pivotal.io>

Commit 133d6af3d95825fae6789fbad9582c149fe7ac4b in geode's branch refs/heads/develop from Kirk Lund
[ https://gitbox.apache.org/repos/asf?p=geode.git;h=133d6af ]

GEODE-5231: Fix PersistentReplicatedTestBase subclass flakiness

Fix additional minor timing issues related to these tickets:
GEODE-1703 GEODE-4267 GEODE-4378 GEODE-5231 GEODE-6375 GEODE-6615


Commit 133d6af3d95825fae6789fbad9582c149fe7ac4b in geode's branch refs/heads/develop from Kirk Lund
[ https://gitbox.apache.org/repos/asf?p=geode.git;h=133d6af ]

GEODE-5231: Fix PersistentReplicatedTestBase subclass flakiness

Fix additional minor timing issues related to these tickets:
GEODE-1703 GEODE-4267 GEODE-4378 GEODE-5231 GEODE-6375 GEODE-6615


Commit 99dae16d235fd1e083c0682553c287bd927c6227 in geode's branch refs/heads/develop from Kirk Lund
[ https://gitbox.apache.org/repos/asf?p=geode.git;h=99dae16 ]

GEODE-5231: addIgnoredException to PersistentRVVRecoveryDUnitTest

I believe testLotsOfTombstones might log RegionDestroyedException in
addition to DiskAccessException after the DiskStoreObserver test hook
is triggered.


Commit ea0dc64637fc62b9d0799a12077df12979753540 in geode's branch refs/heads/develop from Kirk Lund
[ https://gitbox.apache.org/repos/asf?p=geode.git;h=ea0dc64 ]

GEODE-5231: Fix timeout in PersistentRVVRecoveryDUnitTest

Pass GeodeAwaitility timeout to testHook_forceExpiredTombstoneGC
in TombstoneService. Overload testHook_forceExpiredTombstoneGC
to accept timeout and time unit.


