Flaky test failure in [https://concourse.apachegeode-ci.info/teams/main/pipelines/apache-develop-main/jobs/DistributedTestOpenJDK11/builds/247]
{code:java}
org.apache.geode.distributed.internal.deadlock.GemFireDeadlockDetectorDUnitTest > testDistributedDeadlockWithDLock FAILED

    java.lang.AssertionError

        at org.junit.Assert.fail(Assert.java:86)

        at org.junit.Assert.assertTrue(Assert.java:41)

        at org.junit.Assert.assertTrue(Assert.java:52)

        at org.apache.geode.distributed.internal.deadlock.GemFireDeadlockDetectorDUnitTest.testDistributedDeadlockWithDLock(GemFireDeadlockDetectorDUnitTest.java:199)
{code}
