Test failed in https://concourse.apachegeode-ci.info/teams/main/pipelines/apache-develop-main/jobs/IntegrationTestOpenJDK8/builds/223

org.apache.geode.distributed.LocatorLauncherRemoteFileIntegrationTest > startDeletesStaleControlFiles FAILED
    org.awaitility.core.ConditionTimeoutException: Assertion condition defined as a lambda expression in org.apache.geode.distributed.LocatorLauncherRemoteIntegrationTestCase that uses org.apache.geode.distributed.LocatorLauncher expected:<[online]> but was:<[not responding]> within 300 seconds.

        Caused by:
        org.junit.ComparisonFailure: expected:<[online]> but was:<[not responding]>