Similar test failed in Windows before: [GEODE-3489|https://issues.apache.org/jira/browse/GEODE-3489]


=-=-=-=-=-=-=-=-=-=-=-=-=-=-=  Test Results URI =-=-=-=-=-=-=-=-=-=-=-=-=-=-=-=-=
http://files.apachegeode-ci.info/builds/apache-develop-main/1.9.0-build.266/test-results/integrationTest/1544492310/
=-=-=-=-=-=-=-=-=-=-=-=-=-=-=-=-=-=-=-=-=-=-=-=-=-=-=-=-=-=-=-=-=-=-=-=-=-=-=-=-=

Test report artifacts from this job are available at:

http://files.apachegeode-ci.info/builds/apache-develop-main/1.9.0-build.266/test-artifacts/1544492310/integrationtestfiles-OpenJDK8-1.9.0-build.266.tgz

Commit 654dc3bac3e50e66f33385bdbc38c88750061aa9 in geode's branch refs/heads/develop from Kirk Lund
[ https://gitbox.apache.org/repos/asf?p=geode.git;h=654dc3b ]

GEODE-6297: Add Process info to Launcher status failure msg

This will provide some details about if the process is actually
alive or not when FileProcessController.status throws
IllegalStateException.

When the test fails again, if Process is not alive then the
underlying cause is probably something like a BindException
preventing the startup of the Locator process.

This info will also apply to GEODE-6183 which is nearly
identical.

I'm including the change in ServerLauncherRemoteIntegrationTestCase
as well in case there's ever a similar failure starting up a
server.


Commit 654dc3bac3e50e66f33385bdbc38c88750061aa9 in geode's branch refs/heads/feature/GEODE-6273 from Kirk Lund
[ https://gitbox.apache.org/repos/asf?p=geode.git;h=654dc3b ]

GEODE-6297: Add Process info to Launcher status failure msg

This will provide some details about if the process is actually
alive or not when FileProcessController.status throws
IllegalStateException.

When the test fails again, if Process is not alive then the
underlying cause is probably something like a BindException
preventing the startup of the Locator process.

This info will also apply to GEODE-6183 which is nearly
identical.

I'm including the change in ServerLauncherRemoteIntegrationTestCase
as well in case there's ever a similar failure starting up a
server.


Here is another instance of this failure: https://concourse.apachegeode-ci.info/builds/50096

stderr contains a stack trace:
{noformat}
java.util.ServiceConfigurationError: com.sun.tools.attach.spi.AttachProvider: Provider sun.tools.attach.WindowsAttachProvider not found
	at java.base/java.util.ServiceLoader.fail(ServiceLoader.java:588)
	at java.base/java.util.ServiceLoader$LazyClassPathLookupIterator.nextProviderClass(ServiceLoader.java:1211)
	at java.base/java.util.ServiceLoader$LazyClassPathLookupIterator.hasNextService(ServiceLoader.java:1220)
	at java.base/java.util.ServiceLoader$LazyClassPathLookupIterator.hasNext(ServiceLoader.java:1264)
	at java.base/java.util.ServiceLoader$2.hasNext(ServiceLoader.java:1299)
	at java.base/java.util.ServiceLoader$3.hasNext(ServiceLoader.java:1384)
	at jdk.attach/com.sun.tools.attach.spi.AttachProvider.providers(AttachProvider.java:258)
	at jdk.attach/com.sun.tools.attach.VirtualMachine.list(VirtualMachine.java:144)
	at org.apache.geode.internal.process.AttachProcessUtils.isProcessAlive(AttachProcessUtils.java:35)
	at org.apache.geode.internal.process.ProcessUtils.isProcessAlive(ProcessUtils.java:99)
	at org.apache.geode.internal.process.lang.AvailablePid.findAvailablePid(AvailablePid.java:117)
	at org.apache.geode.distributed.LauncherIntegrationTestCase.setUpAbstractLauncherIntegrationTestCase(LauncherIntegrationTestCase.java:88)
	at java.base/jdk.internal.reflect.NativeMethodAccessorImpl.invoke0(Native Method)
	at java.base/jdk.internal.reflect.NativeMethodAccessorImpl.invoke(NativeMethodAccessorImpl.java:62)
	at java.base/jdk.internal.reflect.DelegatingMethodAccessorImpl.invoke(DelegatingMethodAccessorImpl.java:43)
	at java.base/java.lang.reflect.Method.invoke(Method.java:566)
	at org.junit.runners.model.FrameworkMethod$1.runReflectiveCall(FrameworkMethod.java:50)
	at org.junit.internal.runners.model.ReflectiveCallable.run(ReflectiveCallable.java:12)
	at org.junit.runners.model.FrameworkMethod.invokeExplosively(FrameworkMethod.java:47)
	at org.junit.internal.runners.statements.RunBefores.evaluate(RunBefores.java:24)
	at org.junit.internal.runners.statements.RunAfters.evaluate(RunAfters.java:27)
	at org.junit.rules.Verifier$1.evaluate(Verifier.java:35)
	at org.junit.rules.ExternalResource$1.evaluate(ExternalResource.java:48)
	at org.junit.rules.ExternalResource$1.evaluate(ExternalResource.java:48)
	at org.junit.rules.TestWatcher$1.evaluate(TestWatcher.java:55)
	at org.junit.rules.RunRules.evaluate(RunRules.java:20)
	at org.junit.runners.ParentRunner.runLeaf(ParentRunner.java:325)
	at org.junit.runners.BlockJUnit4ClassRunner.runChild(BlockJUnit4ClassRunner.java:78)
	at org.junit.runners.BlockJUnit4ClassRunner.runChild(BlockJUnit4ClassRunner.java:57)
	at org.junit.runners.ParentRunner$3.run(ParentRunner.java:290)
	at org.junit.runners.ParentRunner$1.schedule(ParentRunner.java:71)
	at org.junit.runners.ParentRunner.runChildren(ParentRunner.java:288)
	at org.junit.runners.ParentRunner.access$000(ParentRunner.java:58)
	at org.junit.runners.ParentRunner$2.evaluate(ParentRunner.java:268)
	at org.junit.runners.ParentRunner.run(ParentRunner.java:363)
	at org.gradle.api.internal.tasks.testing.junit.JUnitTestClassExecutor.runTestClass(JUnitTestClassExecutor.java:110)
	at org.gradle.api.internal.tasks.testing.junit.JUnitTestClassExecutor.execute(JUnitTestClassExecutor.java:58)
	at org.gradle.api.internal.tasks.testing.junit.JUnitTestClassExecutor.execute(JUnitTestClassExecutor.java:38)
	at org.gradle.api.internal.tasks.testing.junit.AbstractJUnitTestClassProcessor.processTestClass(AbstractJUnitTestClassProcessor.java:62)
	at org.gradle.api.internal.tasks.testing.SuiteTestClassProcessor.processTestClass(SuiteTestClassProcessor.java:51)
	at java.base/jdk.internal.reflect.NativeMethodAccessorImpl.invoke0(Native Method)
	at java.base/jdk.internal.reflect.NativeMethodAccessorImpl.invoke(NativeMethodAccessorImpl.java:62)
	at java.base/jdk.internal.reflect.DelegatingMethodAccessorImpl.invoke(DelegatingMethodAccessorImpl.java:43)
	at java.base/java.lang.reflect.Method.invoke(Method.java:566)
	at org.gradle.internal.dispatch.ReflectionDispatch.dispatch(ReflectionDispatch.java:35)
	at org.gradle.internal.dispatch.ReflectionDispatch.dispatch(ReflectionDispatch.java:24)
	at org.gradle.internal.dispatch.ContextClassLoaderDispatch.dispatch(ContextClassLoaderDispatch.java:32)
	at org.gradle.internal.dispatch.ProxyDispatchAdapter$DispatchingInvocationHandler.invoke(ProxyDispatchAdapter.java:93)
	at com.sun.proxy.$Proxy2.processTestClass(Unknown Source)
	at org.gradle.api.internal.tasks.testing.worker.TestWorker.processTestClass(TestWorker.java:118)
	at java.base/jdk.internal.reflect.NativeMethodAccessorImpl.invoke0(Native Method)
	at java.base/jdk.internal.reflect.NativeMethodAccessorImpl.invoke(NativeMethodAccessorImpl.java:62)
	at java.base/jdk.internal.reflect.DelegatingMethodAccessorImpl.invoke(DelegatingMethodAccessorImpl.java:43)
	at java.base/java.lang.reflect.Method.invoke(Method.java:566)
	at org.gradle.internal.dispatch.ReflectionDispatch.dispatch(ReflectionDispatch.java:35)
	at org.gradle.internal.dispatch.ReflectionDispatch.dispatch(ReflectionDispatch.java:24)
	at org.gradle.internal.remote.internal.hub.MessageHubBackedObjectConnection$DispatchWrapper.dispatch(MessageHubBackedObjectConnection.java:175)
	at org.gradle.internal.remote.internal.hub.MessageHubBackedObjectConnection$DispatchWrapper.dispatch(MessageHubBackedObjectConnection.java:157)
	at org.gradle.internal.remote.internal.hub.MessageHub$Handler.run(MessageHub.java:404)
	at org.gradle.internal.concurrent.ExecutorPolicy$CatchAndRecordFailures.onExecute(ExecutorPolicy.java:63)
	at org.gradle.internal.concurrent.ManagedExecutorImpl$1.run(ManagedExecutorImpl.java:46)
	at java.base/java.util.concurrent.ThreadPoolExecutor.runWorker(ThreadPoolExecutor.java:1128)
	at java.base/java.util.concurrent.ThreadPoolExecutor$Worker.run(ThreadPoolExecutor.java:628)
	at org.gradle.internal.concurrent.ThreadFactoryImpl$ManagedThreadRunnable.run(ThreadFactoryImpl.java:55)
	at java.base/java.lang.Thread.run(Thread.java:834)
{noformat}

Commit f074ca72ae9a8e76066c3ccd7ba74499ceec1743 in geode's branch refs/heads/develop from Kirk Lund
[ https://gitbox.apache.org/repos/asf?p=geode.git;h=f074ca7 ]

GEODE-6183: Make isAttachAPIFound load providers

VirtualMachine class can be loaded even if AttachProvider service
providers are not found. This change forces loading of providers
for isAttachAPIFound.

Co-authored-by: Michael Oleske <moleske@pivotal.io>


Commit 03f8395e17dd24606c79a88ede2b5ff430be0f1e in geode's branch refs/heads/develop from Kirk Lund
[ https://gitbox.apache.org/repos/asf?p=geode.git;h=03f8395 ]

GEODE-6183: Use SocketCreator.getLocalHost in LocatorLauncherRemoteIntegrationTest

The tests that were using InetAddress.getLostHost for assertions may
fail depending on /etc/hosts configuration. This change should prevent
these failures.

Co-authored-by: Michael Oleske <moleske@pivotal.io>
Co-authored-by: Mark Hanson <mhanson@pivotal.io>


Commit de19a41571476ecb179c2e561d1f5d6bc8b1c1b5 in geode's branch refs/heads/develop from Kirk Lund
[ https://gitbox.apache.org/repos/asf?p=geode.git;h=de19a41 ]

GEODE-6183: Cleanup Launcher integration tests

* Fixup IDE warnings
* Reformat test code
* Use SocketCreator.getLocalHost


Commit c6f0b1a5b563d54f3bfd5d9c6f2588be8409ceec in geode's branch refs/heads/develop from Kirk Lund
[ https://gitbox.apache.org/repos/asf?p=geode.git;h=c6f0b1a ]

GEODE-6183: Cleanup and rename DistributedSystemIntegrationTest

* Fixup IDE warnings
* Reformat test code


Commit 87c83ee4e2e6214bf2dd65d279520c8d437c56ee in geode's branch refs/heads/develop from Kirk Lund
[ https://gitbox.apache.org/repos/asf?p=geode.git;h=87c83ee ]

GEODE-6183: Cleanup and rename LocatorIntegrationTest

* Fixup IDE warnings
* Reformat test code
* Update to use AssertJ


We are still seeing instances of this issue occurring specifically on Windows: 

[https://concourse.apachegeode-ci.info/teams/main/pipelines/apache-develop-main/jobs/WindowsCoreIntegrationTestOpenJDK8/builds/169]

[https://concourse.apachegeode-ci.info/teams/main/pipelines/apache-develop-main/jobs/WindowsCoreIntegrationTestOpenJDK11/builds/174]

Failed again: [https://concourse.apachegeode-ci.info/teams/main/pipelines/apache-develop-main/jobs/WindowsCoreIntegrationTestOpenJDK11/builds/349]

Commit 91cc1b664d8ac14afa2291498a9ffc611793f074 in geode's branch refs/heads/develop from Kirk Lund
[ https://gitbox.apache.org/repos/asf?p=geode.git;h=91cc1b6 ]

GEODE-6183: Increase await timeout for LocatorLauncher tests (#4139)

* Increase await timeout because these tests are awaiting on forked
  external processes
* Set locator port to zero where possible to reduce BindExceptions
* Include statusFailedWithException details for Errors to provide
  debug info aobut the forked Process if the awaited assertion fails

I hit this again on a PR test, reopening.

 
{noformat}
org.awaitility.core.ConditionTimeoutException: Assertion condition defined as a lambda expression in org.apache.geode.distributed.LocatorLauncherRemoteIntegrationTestCase Status failed with exception: process.isAlive()=false, processErrReaderBlockingProcessStreamReader Thread #833149717 alive=false listener=NullInputListener, processOutReaderBlockingProcessStreamReader Thread #1093455903 alive=false listener=NullInputListener, messageexpected:<[online]> but was:<[not responding]> within 600000 milliseconds.
	at org.awaitility.core.ConditionAwaiter.await(ConditionAwaiter.java:145)
	at org.awaitility.core.AssertionCondition.await(AssertionCondition.java:122)
	at org.awaitility.core.AssertionCondition.await(AssertionCondition.java:32)
	at org.awaitility.core.ConditionFactory.until(ConditionFactory.java:902)
	at org.awaitility.core.ConditionFactory.untilAsserted(ConditionFactory.java:723)
	at org.apache.geode.distributed.LocatorLauncherRemoteIntegrationTestCase.awaitStart(LocatorLauncherRemoteIntegrationTestCase.java:200)
	at org.apache.geode.distributed.LocatorLauncherRemoteIntegrationTestCase.awaitStart(LocatorLauncherRemoteIntegrationTestCase.java:181)
	at org.apache.geode.distributed.LocatorLauncherRemoteIntegrationTestCase.awaitStart(LocatorLauncherRemoteIntegrationTestCase.java:191)
	at org.apache.geode.distributed.LocatorLauncherRemoteIntegrationTestCase.startLocator(LocatorLauncherRemoteIntegrationTestCase.java:146)
	at org.apache.geode.distributed.LocatorLauncherRemoteIntegrationTest.startDeletesStaleControlFiles(LocatorLauncherRemoteIntegrationTest.java:74)
	at jdk.internal.reflect.NativeMethodAccessorImpl.invoke0(Native Method)
	at jdk.internal.reflect.NativeMethodAccessorImpl.invoke(NativeMethodAccessorImpl.java:62)
	at jdk.internal.reflect.DelegatingMethodAccessorImpl.invoke(DelegatingMethodAccessorImpl.java:43)
	at java.lang.reflect.Method.invoke(Method.java:566)
	at org.junit.runners.model.FrameworkMethod$1.runReflectiveCall(FrameworkMethod.java:50)
	at org.junit.internal.runners.model.ReflectiveCallable.run(ReflectiveCallable.java:12)
	at org.junit.runners.model.FrameworkMethod.invokeExplosively(FrameworkMethod.java:47)
	at org.junit.internal.runners.statements.InvokeMethod.evaluate(InvokeMethod.java:17)
	at org.junit.internal.runners.statements.RunBefores.evaluate(RunBefores.java:26)
	at org.junit.internal.runners.statements.RunAfters.evaluate(RunAfters.java:27)
	at org.junit.rules.Verifier$1.evaluate(Verifier.java:35)
	at org.junit.rules.ExternalResource$1.evaluate(ExternalResource.java:48)
	at org.junit.rules.ExternalResource$1.evaluate(ExternalResource.java:48)
	at org.junit.rules.TestWatcher$1.evaluate(TestWatcher.java:55)
	at org.junit.rules.RunRules.evaluate(RunRules.java:20)
	at org.junit.runners.ParentRunner.runLeaf(ParentRunner.java:325)
	at org.junit.runners.BlockJUnit4ClassRunner.runChild(BlockJUnit4ClassRunner.java:78)
	at org.junit.runners.BlockJUnit4ClassRunner.runChild(BlockJUnit4ClassRunner.java:57)
	at org.junit.runners.ParentRunner$3.run(ParentRunner.java:290)
	at org.junit.runners.ParentRunner$1.schedule(ParentRunner.java:71)
	at org.junit.runners.ParentRunner.runChildren(ParentRunner.java:288)
	at org.junit.runners.ParentRunner.access$000(ParentRunner.java:58)
	at org.junit.runners.ParentRunner$2.evaluate(ParentRunner.java:268)
	at org.junit.runners.ParentRunner.run(ParentRunner.java:363)
	at org.gradle.api.internal.tasks.testing.junit.JUnitTestClassExecutor.runTestClass(JUnitTestClassExecutor.java:110)
	at org.gradle.api.internal.tasks.testing.junit.JUnitTestClassExecutor.execute(JUnitTestClassExecutor.java:58)
	at org.gradle.api.internal.tasks.testing.junit.JUnitTestClassExecutor.execute(JUnitTestClassExecutor.java:38)
	at org.gradle.api.internal.tasks.testing.junit.AbstractJUnitTestClassProcessor.processTestClass(AbstractJUnitTestClassProcessor.java:62)
	at org.gradle.api.internal.tasks.testing.SuiteTestClassProcessor.processTestClass(SuiteTestClassProcessor.java:51)
	at jdk.internal.reflect.NativeMethodAccessorImpl.invoke0(Native Method)
	at jdk.internal.reflect.NativeMethodAccessorImpl.invoke(NativeMethodAccessorImpl.java:62)
	at jdk.internal.reflect.DelegatingMethodAccessorImpl.invoke(DelegatingMethodAccessorImpl.java:43)
	at java.lang.reflect.Method.invoke(Method.java:566)
	at org.gradle.internal.dispatch.ReflectionDispatch.dispatch(ReflectionDispatch.java:35)
	at org.gradle.internal.dispatch.ReflectionDispatch.dispatch(ReflectionDispatch.java:24)
	at org.gradle.internal.dispatch.ContextClassLoaderDispatch.dispatch(ContextClassLoaderDispatch.java:32)
	at org.gradle.internal.dispatch.ProxyDispatchAdapter$DispatchingInvocationHandler.invoke(ProxyDispatchAdapter.java:93)
	at com.sun.proxy.$Proxy2.processTestClass(Unknown Source)
	at org.gradle.api.internal.tasks.testing.worker.TestWorker.processTestClass(TestWorker.java:118)
	at jdk.internal.reflect.NativeMethodAccessorImpl.invoke0(Native Method)
	at jdk.internal.reflect.NativeMethodAccessorImpl.invoke(NativeMethodAccessorImpl.java:62)
	at jdk.internal.reflect.DelegatingMethodAccessorImpl.invoke(DelegatingMethodAccessorImpl.java:43)
	at java.lang.reflect.Method.invoke(Method.java:566)
	at org.gradle.internal.dispatch.ReflectionDispatch.dispatch(ReflectionDispatch.java:35)
	at org.gradle.internal.dispatch.ReflectionDispatch.dispatch(ReflectionDispatch.java:24)
	at org.gradle.internal.remote.internal.hub.MessageHubBackedObjectConnection$DispatchWrapper.dispatch(MessageHubBackedObjectConnection.java:175)
	at org.gradle.internal.remote.internal.hub.MessageHubBackedObjectConnection$DispatchWrapper.dispatch(MessageHubBackedObjectConnection.java:157)
	at org.gradle.internal.remote.internal.hub.MessageHub$Handler.run(MessageHub.java:404)
	at org.gradle.internal.concurrent.ExecutorPolicy$CatchAndRecordFailures.onExecute(ExecutorPolicy.java:63)
	at org.gradle.internal.concurrent.ManagedExecutorImpl$1.run(ManagedExecutorImpl.java:46)
	at java.util.concurrent.ThreadPoolExecutor.runWorker(ThreadPoolExecutor.java:1128)
	at java.util.concurrent.ThreadPoolExecutor$Worker.run(ThreadPoolExecutor.java:628)
	at org.gradle.internal.concurrent.ThreadFactoryImpl$ManagedThreadRunnable.run(ThreadFactoryImpl.java:55)
	at java.lang.Thread.run(Thread.java:834)
Caused by: java.lang.AssertionError: Status failed with exception: process.isAlive()=false, processErrReaderBlockingProcessStreamReader Thread #833149717 alive=false listener=NullInputListener, processOutReaderBlockingProcessStreamReader Thread #1093455903 alive=false listener=NullInputListener, messageexpected:<[online]> but was:<[not responding]>
	at org.apache.geode.distributed.LocatorLauncherRemoteIntegrationTestCase.lambda$awaitStart$1(LocatorLauncherRemoteIntegrationTestCase.java:204)
	at org.awaitility.core.AssertionCondition$1.eval(AssertionCondition.java:55)
	at org.awaitility.core.ConditionAwaiter$ConditionPoller.call(ConditionAwaiter.java:201)
	at org.awaitility.core.ConditionAwaiter$ConditionPoller.call(ConditionAwaiter.java:188)
	at java.util.concurrent.FutureTask.run(FutureTask.java:264)
	at java.util.concurrent.ThreadPoolExecutor.runWorker(ThreadPoolExecutor.java:1128)
	at java.util.concurrent.ThreadPoolExecutor$Worker.run(ThreadPoolExecutor.java:628)
	... 1 more
Caused by: org.junit.ComparisonFailure: expected:<[online]> but was:<[not responding]>
	at jdk.internal.reflect.GeneratedConstructorAccessor26.newInstance(Unknown Source)
	at jdk.internal.reflect.DelegatingConstructorAccessorImpl.newInstance(DelegatingConstructorAccessorImpl.java:45)
	at org.apache.geode.distributed.LocatorLauncherRemoteIntegrationTestCase.lambda$awaitStart$1(LocatorLauncherRemoteIntegrationTestCase.java:202)
	... 7 more {noformat}

Also:
{noformat}
java.util.ServiceConfigurationError: com.sun.tools.attach.spi.AttachProvider: Provider sun.tools.attach.LinuxAttachProvider not found
	at java.base/java.util.ServiceLoader.fail(ServiceLoader.java:588)
	at java.base/java.util.ServiceLoader$LazyClassPathLookupIterator.nextProviderClass(ServiceLoader.java:1211)
	at java.base/java.util.ServiceLoader$LazyClassPathLookupIterator.hasNextService(ServiceLoader.java:1220)
	at java.base/java.util.ServiceLoader$LazyClassPathLookupIterator.hasNext(ServiceLoader.java:1264)
	at java.base/java.util.ServiceLoader$2.hasNext(ServiceLoader.java:1299)
	at java.base/java.util.ServiceLoader$3.hasNext(ServiceLoader.java:1384)
	at jdk.attach/com.sun.tools.attach.spi.AttachProvider.providers(AttachProvider.java:258)
	at jdk.attach/com.sun.tools.attach.VirtualMachine.list(VirtualMachine.java:144)
	at org.apache.geode.internal.process.AttachProcessUtils.isProcessAlive(AttachProcessUtils.java:35)
	at org.apache.geode.internal.process.ProcessUtils.isProcessAlive(ProcessUtils.java:99)
	at org.apache.geode.internal.process.lang.AvailablePid.findAvailablePid(AvailablePid.java:117)
	at org.apache.geode.distributed.LauncherIntegrationTestCase.setUpAbstractLauncherIntegrationTestCase(LauncherIntegrationTestCase.java:92)
	at java.base/jdk.internal.reflect.NativeMethodAccessorImpl.invoke0(Native Method)
	at java.base/jdk.internal.reflect.NativeMethodAccessorImpl.invoke(NativeMethodAccessorImpl.java:62)
	at java.base/jdk.internal.reflect.DelegatingMethodAccessorImpl.invoke(DelegatingMethodAccessorImpl.java:43)
	at java.base/java.lang.reflect.Method.invoke(Method.java:566)
	at org.junit.runners.model.FrameworkMethod$1.runReflectiveCall(FrameworkMethod.java:50)
	at org.junit.internal.runners.model.ReflectiveCallable.run(ReflectiveCallable.java:12)
	at org.junit.runners.model.FrameworkMethod.invokeExplosively(FrameworkMethod.java:47)
	at org.junit.internal.runners.statements.RunBefores.evaluate(RunBefores.java:24)
	at org.junit.internal.runners.statements.RunAfters.evaluate(RunAfters.java:27)
	at org.junit.rules.Verifier$1.evaluate(Verifier.java:35)
	at org.junit.rules.ExternalResource$1.evaluate(ExternalResource.java:48)
	at org.junit.rules.ExternalResource$1.evaluate(ExternalResource.java:48)
	at org.junit.rules.TestWatcher$1.evaluate(TestWatcher.java:55)
	at org.junit.rules.RunRules.evaluate(RunRules.java:20)
	at org.junit.runners.ParentRunner.runLeaf(ParentRunner.java:325)
	at org.junit.runners.BlockJUnit4ClassRunner.runChild(BlockJUnit4ClassRunner.java:78)
	at org.junit.runners.BlockJUnit4ClassRunner.runChild(BlockJUnit4ClassRunner.java:57)
	at org.junit.runners.ParentRunner$3.run(ParentRunner.java:290)
	at org.junit.runners.ParentRunner$1.schedule(ParentRunner.java:71)
	at org.junit.runners.ParentRunner.runChildren(ParentRunner.java:288)
	at org.junit.runners.ParentRunner.access$000(ParentRunner.java:58)
	at org.junit.runners.ParentRunner$2.evaluate(ParentRunner.java:268)
	at org.junit.runners.ParentRunner.run(ParentRunner.java:363)
	at org.gradle.api.internal.tasks.testing.junit.JUnitTestClassExecutor.runTestClass(JUnitTestClassExecutor.java:110)
	at org.gradle.api.internal.tasks.testing.junit.JUnitTestClassExecutor.execute(JUnitTestClassExecutor.java:58)
	at org.gradle.api.internal.tasks.testing.junit.JUnitTestClassExecutor.execute(JUnitTestClassExecutor.java:38)
	at org.gradle.api.internal.tasks.testing.junit.AbstractJUnitTestClassProcessor.processTestClass(AbstractJUnitTestClassProcessor.java:62)
	at org.gradle.api.internal.tasks.testing.SuiteTestClassProcessor.processTestClass(SuiteTestClassProcessor.java:51)
	at java.base/jdk.internal.reflect.NativeMethodAccessorImpl.invoke0(Native Method)
	at java.base/jdk.internal.reflect.NativeMethodAccessorImpl.invoke(NativeMethodAccessorImpl.java:62)
	at java.base/jdk.internal.reflect.DelegatingMethodAccessorImpl.invoke(DelegatingMethodAccessorImpl.java:43)
	at java.base/java.lang.reflect.Method.invoke(Method.java:566)
	at org.gradle.internal.dispatch.ReflectionDispatch.dispatch(ReflectionDispatch.java:35)
	at org.gradle.internal.dispatch.ReflectionDispatch.dispatch(ReflectionDispatch.java:24)
	at org.gradle.internal.dispatch.ContextClassLoaderDispatch.dispatch(ContextClassLoaderDispatch.java:32)
	at org.gradle.internal.dispatch.ProxyDispatchAdapter$DispatchingInvocationHandler.invoke(ProxyDispatchAdapter.java:93)
	at com.sun.proxy.$Proxy2.processTestClass(Unknown Source)
	at org.gradle.api.internal.tasks.testing.worker.TestWorker.processTestClass(TestWorker.java:118)
	at java.base/jdk.internal.reflect.NativeMethodAccessorImpl.invoke0(Native Method)
	at java.base/jdk.internal.reflect.NativeMethodAccessorImpl.invoke(NativeMethodAccessorImpl.java:62)
	at java.base/jdk.internal.reflect.DelegatingMethodAccessorImpl.invoke(DelegatingMethodAccessorImpl.java:43)
	at java.base/java.lang.reflect.Method.invoke(Method.java:566)
	at org.gradle.internal.dispatch.ReflectionDispatch.dispatch(ReflectionDispatch.java:35)
	at org.gradle.internal.dispatch.ReflectionDispatch.dispatch(ReflectionDispatch.java:24)
	at org.gradle.internal.remote.internal.hub.MessageHubBackedObjectConnection$DispatchWrapper.dispatch(MessageHubBackedObjectConnection.java:175)
	at org.gradle.internal.remote.internal.hub.MessageHubBackedObjectConnection$DispatchWrapper.dispatch(MessageHubBackedObjectConnection.java:157)
	at org.gradle.internal.remote.internal.hub.MessageHub$Handler.run(MessageHub.java:404)
	at org.gradle.internal.concurrent.ExecutorPolicy$CatchAndRecordFailures.onExecute(ExecutorPolicy.java:63)
	at org.gradle.internal.concurrent.ManagedExecutorImpl$1.run(ManagedExecutorImpl.java:46)
	at java.base/java.util.concurrent.ThreadPoolExecutor.runWorker(ThreadPoolExecutor.java:1128)
	at java.base/java.util.concurrent.ThreadPoolExecutor$Worker.run(ThreadPoolExecutor.java:628)
	at org.gradle.internal.concurrent.ThreadFactoryImpl$ManagedThreadRunnable.run(ThreadFactoryImpl.java:55)
	at java.base/java.lang.Thread.run(Thread.java:834) {noformat}

This occurred again in:

https://concourse.apachegeode-ci.info/teams/main/pipelines/apache-develop-main/jobs/WindowsCoreIntegrationTestOpenJDK8/builds/466

The output includes additional logging:
{noformat}
org.apache.geode.distributed.LocatorLauncherRemoteFileIntegrationTest > startDeletesStaleControlFiles FAILED
    org.awaitility.core.ConditionTimeoutException: Assertion condition defined as a lambda expression in org.apache.geode.distributed.LocatorLauncherRemoteIntegrationTestCase Status failed with exception: process.isAlive()=false, processErrReaderBlockingProcessStreamReader Thread #1825794613 alive=false listener=NullInputListener, processOutReaderBlockingProcessStreamReader Thread #1786095408 alive=false listener=NullInputListener, messageexpected:<[online]> but was:<[not responding]> within 600000 milliseconds.

        Caused by:
        java.lang.AssertionError: Status failed with exception: process.isAlive()=false, processErrReaderBlockingProcessStreamReader Thread #1825794613 alive=false listener=NullInputListener, processOutReaderBlockingProcessStreamReader Thread #1786095408 alive=false listener=NullInputListener, messageexpected:<[online]> but was:<[not responding]>

            Caused by:
            org.junit.ComparisonFailure: expected:<[online]> but was:<[not responding]>
{noformat}

Also reproduced in https://concourse.apachegeode-ci.info/teams/main/pipelines/apache-develop-main/jobs/WindowsCoreIntegrationTestOpenJDK11/builds/40#A

org.apache.geode.distributed.ServerLauncherRemoteFileIntegrationTest > startDeletesStaleControlFiles FAILED
    org.awaitility.core.ConditionTimeoutException: Assertion condition defined as a lambda expression in org.apache.geode.distributed.ServerLauncherRemoteIntegrationTestCase expected:<[online]> but was:<[not responding]> within 5 minutes.


The CI failure although in different test, the root cause might be the same:

org.apache.geode.distributed.ServerLauncherRemoteFileIntegrationTest > startDeletesStaleControlFiles FAILED
    org.awaitility.core.ConditionTimeoutException: Assertion condition defined as a lambda expression in org.apache.geode.distributed.ServerLauncherRemoteIntegrationTestCase expected:<[online]> but was:<[not responding]> within 5 minutes.

https://concourse.apachegeode-ci.info/teams/main/pipelines/apache-develop-main/jobs/WindowsCoreIntegrationTestOpenJDK11/builds/168#A


The cause of this failure is tools.jar missing on the machine that ran the test. [~abaker] What can we do to ensure that tools.jar (which is present in the Oracle JDK but maybe be bundled inside a different .jar on another JDK such as LibericaJDK) or the equivalent is present on the machine? Here's a test run that hit this JIRA ticket: https://concourse.apachegeode-ci.info/teams/main/pipelines/apache-support-1-13-main/jobs/WindowsCoreIntegrationTestOpenJDK11/builds/34
{noformat}
java.util.ServiceConfigurationError: com.sun.tools.attach.spi.AttachProvider: Provider sun.tools.attach.WindowsAttachProvider not found
	at java.base/java.util.ServiceLoader.fail(ServiceLoader.java:588)
	at java.base/java.util.ServiceLoader$LazyClassPathLookupIterator.nextProviderClass(ServiceLoader.java:1211)
	at java.base/java.util.ServiceLoader$LazyClassPathLookupIterator.hasNextService(ServiceLoader.java:1220)
	at java.base/java.util.ServiceLoader$LazyClassPathLookupIterator.hasNext(ServiceLoader.java:1264)
	at java.base/java.util.ServiceLoader$2.hasNext(ServiceLoader.java:1299)
	at java.base/java.util.ServiceLoader$3.hasNext(ServiceLoader.java:1384)
	at jdk.attach/com.sun.tools.attach.spi.AttachProvider.providers(AttachProvider.java:258)
	at jdk.attach/com.sun.tools.attach.VirtualMachine.list(VirtualMachine.java:144)
	at org.apache.geode.internal.process.AttachProcessUtils.isProcessAlive(AttachProcessUtils.java:35)
	at org.apache.geode.internal.process.ProcessUtils.isProcessAlive(ProcessUtils.java:99)
	at org.apache.geode.internal.process.lang.AvailablePid.findAvailablePid(AvailablePid.java:117)
	at org.apache.geode.distributed.LauncherIntegrationTestCase.setUpAbstractLauncherIntegrationTestCase(LauncherIntegrationTestCase.java:92)
	at java.base/jdk.internal.reflect.NativeMethodAccessorImpl.invoke0(Native Method)
	at java.base/jdk.internal.reflect.NativeMethodAccessorImpl.invoke(NativeMethodAccessorImpl.java:62)
	at java.base/jdk.internal.reflect.DelegatingMethodAccessorImpl.invoke(DelegatingMethodAccessorImpl.java:43)
	at java.base/java.lang.reflect.Method.invoke(Method.java:566)
	at org.junit.runners.model.FrameworkMethod$1.runReflectiveCall(FrameworkMethod.java:50)
	at org.junit.internal.runners.model.ReflectiveCallable.run(ReflectiveCallable.java:12)
	at org.junit.runners.model.FrameworkMethod.invokeExplosively(FrameworkMethod.java:47)
	at org.junit.internal.runners.statements.RunBefores.evaluate(RunBefores.java:24)
	at org.junit.internal.runners.statements.RunAfters.evaluate(RunAfters.java:27)
	at org.junit.rules.Verifier$1.evaluate(Verifier.java:35)
	at org.junit.rules.ExternalResource$1.evaluate(ExternalResource.java:48)
	at org.junit.rules.ExternalResource$1.evaluate(ExternalResource.java:48)
	at org.junit.rules.TestWatcher$1.evaluate(TestWatcher.java:55)
	at org.junit.rules.RunRules.evaluate(RunRules.java:20)
	at org.junit.runners.ParentRunner.runLeaf(ParentRunner.java:325)
	at org.junit.runners.BlockJUnit4ClassRunner.runChild(BlockJUnit4ClassRunner.java:78)
	at org.junit.runners.BlockJUnit4ClassRunner.runChild(BlockJUnit4ClassRunner.java:57)
	at org.junit.runners.ParentRunner$3.run(ParentRunner.java:290)
	at org.junit.runners.ParentRunner$1.schedule(ParentRunner.java:71)
	at org.junit.runners.ParentRunner.runChildren(ParentRunner.java:288)
	at org.junit.runners.ParentRunner.access$000(ParentRunner.java:58)
	at org.junit.runners.ParentRunner$2.evaluate(ParentRunner.java:268)
	at org.junit.runners.ParentRunner.run(ParentRunner.java:363)
	at org.gradle.api.internal.tasks.testing.junit.JUnitTestClassExecutor.runTestClass(JUnitTestClassExecutor.java:110)
	at org.gradle.api.internal.tasks.testing.junit.JUnitTestClassExecutor.execute(JUnitTestClassExecutor.java:58)
	at org.gradle.api.internal.tasks.testing.junit.JUnitTestClassExecutor.execute(JUnitTestClassExecutor.java:38)
	at org.gradle.api.internal.tasks.testing.junit.AbstractJUnitTestClassProcessor.processTestClass(AbstractJUnitTestClassProcessor.java:62)
	at org.gradle.api.internal.tasks.testing.SuiteTestClassProcessor.processTestClass(SuiteTestClassProcessor.java:51)
	at java.base/jdk.internal.reflect.NativeMethodAccessorImpl.invoke0(Native Method)
	at java.base/jdk.internal.reflect.NativeMethodAccessorImpl.invoke(NativeMethodAccessorImpl.java:62)
	at java.base/jdk.internal.reflect.DelegatingMethodAccessorImpl.invoke(DelegatingMethodAccessorImpl.java:43)
	at java.base/java.lang.reflect.Method.invoke(Method.java:566)
	at org.gradle.internal.dispatch.ReflectionDispatch.dispatch(ReflectionDispatch.java:35)
	at org.gradle.internal.dispatch.ReflectionDispatch.dispatch(ReflectionDispatch.java:24)
	at org.gradle.internal.dispatch.ContextClassLoaderDispatch.dispatch(ContextClassLoaderDispatch.java:32)
	at org.gradle.internal.dispatch.ProxyDispatchAdapter$DispatchingInvocationHandler.invoke(ProxyDispatchAdapter.java:93)
	at com.sun.proxy.$Proxy2.processTestClass(Unknown Source)
	at org.gradle.api.internal.tasks.testing.worker.TestWorker.processTestClass(TestWorker.java:118)
	at java.base/jdk.internal.reflect.NativeMethodAccessorImpl.invoke0(Native Method)
	at java.base/jdk.internal.reflect.NativeMethodAccessorImpl.invoke(NativeMethodAccessorImpl.java:62)
	at java.base/jdk.internal.reflect.DelegatingMethodAccessorImpl.invoke(DelegatingMethodAccessorImpl.java:43)
	at java.base/java.lang.reflect.Method.invoke(Method.java:566)
	at org.gradle.internal.dispatch.ReflectionDispatch.dispatch(ReflectionDispatch.java:35)
	at org.gradle.internal.dispatch.ReflectionDispatch.dispatch(ReflectionDispatch.java:24)
	at org.gradle.internal.remote.internal.hub.MessageHubBackedObjectConnection$DispatchWrapper.dispatch(MessageHubBackedObjectConnection.java:175)
	at org.gradle.internal.remote.internal.hub.MessageHubBackedObjectConnection$DispatchWrapper.dispatch(MessageHubBackedObjectConnection.java:157)
	at org.gradle.internal.remote.internal.hub.MessageHub$Handler.run(MessageHub.java:404)
	at org.gradle.internal.concurrent.ExecutorPolicy$CatchAndRecordFailures.onExecute(ExecutorPolicy.java:63)
	at org.gradle.internal.concurrent.ManagedExecutorImpl$1.run(ManagedExecutorImpl.java:46)
	at java.base/java.util.concurrent.ThreadPoolExecutor.runWorker(ThreadPoolExecutor.java:1128)
	at java.base/java.util.concurrent.ThreadPoolExecutor$Worker.run(ThreadPoolExecutor.java:628)
	at org.gradle.internal.concurrent.ThreadFactoryImpl$ManagedThreadRunnable.run(ThreadFactoryImpl.java:55)
	at java.base/java.lang.Thread.run(Thread.java:834)
{noformat}

We believe that the machine performed an update of Java. This caused the tools.jar to be unavailable only while this test was executing. There are many other tests that use the Attach API which passed in this test job suggesting that it was only a momentary problem.

Seen in [WindowsCoreIntegrationTestOpenJDK8 #508|https://concourse.apachegeode-ci.info/teams/main/pipelines/apache-develop-main/jobs/WindowsCoreIntegrationTestOpenJDK8/builds/508] ... see [test results|http://files.apachegeode-ci.info/builds/apache-develop-main/1.14.0-build.0423/test-results/integrationTest/1603140922/] or download [artifacts|http://files.apachegeode-ci.info/builds/apache-develop-main/1.14.0-build.0423/test-artifacts/1603140922/windows-coreintegrationtestfiles-OpenJDK8-1.14.0-build.0423.tgz].

Seen in [WindowsCoreIntegrationTestOpenJDK11 #563|https://concourse.apachegeode-ci.info/teams/main/pipelines/apache-develop-main/jobs/WindowsCoreIntegrationTestOpenJDK11/builds/563] ... see [test results|http://files.apachegeode-ci.info/builds/apache-develop-main/1.14.0-build.0475/test-results/integrationTest/1605064127/] or download [artifacts|http://files.apachegeode-ci.info/builds/apache-develop-main/1.14.0-build.0475/test-artifacts/1605064127/windows-coreintegrationtestfiles-OpenJDK11-1.14.0-build.0475.tgz].

Seen in [WindowsCoreIntegrationTestOpenJDK8 #642|https://concourse.apachegeode-ci.info/teams/main/pipelines/apache-develop-main/jobs/WindowsCoreIntegrationTestOpenJDK8/builds/642] ... see [test results|http://files.apachegeode-ci.info/builds/apache-develop-main/1.14.0-build.0578/test-results/integrationTest/1609816192/] or download [artifacts|http://files.apachegeode-ci.info/builds/apache-develop-main/1.14.0-build.0578/test-artifacts/1609816192/windows-coreintegrationtestfiles-OpenJDK8-1.14.0-build.0578.tgz].

Seen in [WindowsCoreIntegrationTestOpenJDK11 #675|https://concourse.apachegeode-ci.info/teams/main/pipelines/apache-develop-main/jobs/WindowsCoreIntegrationTestOpenJDK11/builds/675] ... see [test results|http://files.apachegeode-ci.info/builds/apache-develop-main/1.14.0-build.0607/test-results/integrationTest/1610510495/] or download [artifacts|http://files.apachegeode-ci.info/builds/apache-develop-main/1.14.0-build.0607/test-artifacts/1610510495/windows-coreintegrationtestfiles-OpenJDK11-1.14.0-build.0607.tgz].

Seen in [WindowsCoreIntegrationTestOpenJDK8 #9|https://concourse.apachegeode-ci.info/teams/main/pipelines/apache-develop-main/jobs/WindowsCoreIntegrationTestOpenJDK8/builds/9] ... see [test results|http://files.apachegeode-ci.info/builds/apache-develop-main/1.14.0-build.0671/test-results/integrationTest/1612817625/] or download [artifacts|http://files.apachegeode-ci.info/builds/apache-develop-main/1.14.0-build.0671/test-artifacts/1612817625/windows-coreintegrationtestfiles-OpenJDK8-1.14.0-build.0671.tgz].

Seen in [WindowsCoreIntegrationTestOpenJDK8 #19|https://concourse.apachegeode-ci.info/teams/main/pipelines/apache-develop-main/jobs/WindowsCoreIntegrationTestOpenJDK8/builds/19] ... see [test results|http://files.apachegeode-ci.info/builds/apache-develop-main/1.14.0-build.0681/test-results/integrationTest/1613007853/] or download [artifacts|http://files.apachegeode-ci.info/builds/apache-develop-main/1.14.0-build.0681/test-artifacts/1613007853/windows-coreintegrationtestfiles-OpenJDK8-1.14.0-build.0681.tgz].

The most recent failure does not contain a ServiceConfigurationError in the logs as described in an earlier comment, so the root cause appears to be different from the missing tools.jar file in that case.

Seen in [WindowsCoreIntegrationTestOpenJDK8 #65|https://concourse.apachegeode-ci.info/teams/main/pipelines/apache-develop-main/jobs/WindowsCoreIntegrationTestOpenJDK8/builds/65] ... see [test results|http://files.apachegeode-ci.info/builds/apache-develop-main/1.15.0-build.0048/test-results/integrationTest/1615513147/] or download [artifacts|http://files.apachegeode-ci.info/builds/apache-develop-main/1.15.0-build.0048/test-artifacts/1615513147/windows-coreintegrationtestfiles-OpenJDK8-1.15.0-build.0048.tgz].

Seen in [WindowsCoreIntegrationTestOpenJDK11 #85|https://concourse.apachegeode-ci.info/teams/main/pipelines/apache-develop-main/jobs/WindowsCoreIntegrationTestOpenJDK11/builds/85] ... see [test results|http://files.apachegeode-ci.info/builds/apache-develop-main/1.15.0-build.0071/test-results/integrationTest/1616451283/] or download [artifacts|http://files.apachegeode-ci.info/builds/apache-develop-main/1.15.0-build.0071/test-artifacts/1616451283/windows-coreintegrationtestfiles-OpenJDK11-1.15.0-build.0071.tgz].

Seen in [WindowsCoreIntegrationTestOpenJDK8 #120|https://concourse.apachegeode-ci.info/teams/main/pipelines/apache-develop-main/jobs/WindowsCoreIntegrationTestOpenJDK8/builds/120] ... see [test results|http://files.apachegeode-ci.info/builds/apache-develop-main/1.15.0-build.0108/test-results/integrationTest/1617322158/] or download [artifacts|http://files.apachegeode-ci.info/builds/apache-develop-main/1.15.0-build.0108/test-artifacts/1617322158/windows-coreintegrationtestfiles-OpenJDK8-1.15.0-build.0108.tgz].

Seen in [WindowsCoreIntegrationTestOpenJDK11 #162|https://concourse.apachegeode-ci.info/teams/main/pipelines/apache-develop-main/jobs/WindowsCoreIntegrationTestOpenJDK11/builds/162] ... see [test results|http://files.apachegeode-ci.info/builds/apache-develop-main/1.15.0-build.0168/test-results/integrationTest/1619576632/] or download [artifacts|http://files.apachegeode-ci.info/builds/apache-develop-main/1.15.0-build.0168/test-artifacts/1619576632/windows-coreintegrationtestfiles-OpenJDK11-1.15.0-build.0168.tgz].

Seen in [IntegrationTestOpenJDK11 #198|https://concourse.apachegeode-ci.info/teams/main/pipelines/apache-develop-main/jobs/IntegrationTestOpenJDK11/builds/198] ... see [test results|http://files.apachegeode-ci.info/builds/apache-develop-main/1.15.0-build.0223/test-results/integrationTest/1620711161/] or download [artifacts|http://files.apachegeode-ci.info/builds/apache-develop-main/1.15.0-build.0223/test-artifacts/1620711161/integrationtestfiles-OpenJDK11-1.15.0-build.0223.tgz].

Seen in [WindowsCoreIntegrationTestOpenJDK11 #246|https://concourse.apachegeode-ci.info/teams/main/pipelines/apache-develop-main/jobs/WindowsCoreIntegrationTestOpenJDK11/builds/246] ... see [test results|http://files.apachegeode-ci.info/builds/apache-develop-main/1.15.0-build.0270/test-results/integrationTest/1622156141/] or download [artifacts|http://files.apachegeode-ci.info/builds/apache-develop-main/1.15.0-build.0270/test-artifacts/1622156141/windows-coreintegrationtestfiles-OpenJDK11-1.15.0-build.0270.tgz].

Seen in [windows-core-integration-test-openjdk11 #31|https://concourse.apachegeode-ci.info/teams/main/pipelines/apache-develop-main/jobs/windows-core-integration-test-openjdk11/builds/31] ... see [test results|http://files.apachegeode-ci.info/builds/apache-develop-main/1.15.0-build.0308/test-results/integrationTest/1623211829/] or download [artifacts|http://files.apachegeode-ci.info/builds/apache-develop-main/1.15.0-build.0308/test-artifacts/1623211829/windows-coreintegrationtestfiles-openjdk11-1.15.0-build.0308.tgz].

Seen on support/1.14 in [WindowsCoreIntegrationTestOpenJDK11 #74|https://concourse.apachegeode-ci.info/teams/main/pipelines/apache-support-1-14-main/jobs/WindowsCoreIntegrationTestOpenJDK11/builds/74] ... see [test results|http://files.apachegeode-ci.info/builds/apache-support-1-14-main/1.14.0-build.0778/test-results/integrationTest/1620169125/] or download [artifacts|http://files.apachegeode-ci.info/builds/apache-support-1-14-main/1.14.0-build.0778/test-artifacts/1620169125/windows-coreintegrationtestfiles-OpenJDK11-1.14.0-build.0778.tgz].

Seen on support/1.14 in [integration-test-openjdk11 #25|https://concourse.apachegeode-ci.info/teams/main/pipelines/apache-support-1-14-main/jobs/integration-test-openjdk11/builds/25] ... see [test results|http://files.apachegeode-ci.info/builds/apache-support-1-14-main/1.14.0-build.0822/test-results/integrationTest/1625851891/] or download [artifacts|http://files.apachegeode-ci.info/builds/apache-support-1-14-main/1.14.0-build.0822/test-artifacts/1625851891/integrationtestfiles-openjdk11-1.14.0-build.0822.tgz].

Seen in [windows-core-integration-test-openjdk11 #179|https://concourse.apachegeode-ci.info/teams/main/pipelines/apache-develop-main/jobs/windows-core-integration-test-openjdk11/builds/179] ... see [test results|http://files.apachegeode-ci.info/builds/apache-develop-main/1.15.0-build.0478/test-results/integrationTest/1631562429/] or download [artifacts|http://files.apachegeode-ci.info/builds/apache-develop-main/1.15.0-build.0478/test-artifacts/1631562429/windows-coreintegrationtestfiles-openjdk11-1.15.0-build.0478.tgz].

Seen in [windows-core-integration-test-openjdk11 #220|https://concourse.apachegeode-ci.info/teams/main/pipelines/apache-develop-main/jobs/windows-core-integration-test-openjdk11/builds/220] ... see [test results|http://files.apachegeode-ci.info/builds/apache-develop-main/1.15.0-build.0526/test-results/integrationTest/1632972612/] or download [artifacts|http://files.apachegeode-ci.info/builds/apache-develop-main/1.15.0-build.0526/test-artifacts/1632972612/windows-coreintegrationtestfiles-openjdk11-1.15.0-build.0526.tgz].

Seen in [integration-test-openjdk8 #252|https://concourse.apachegeode-ci.info/teams/main/pipelines/apache-develop-main/jobs/integration-test-openjdk8/builds/252] ... see [test results|http://files.apachegeode-ci.info/builds/apache-develop-main/1.15.0-build.0558/test-results/integrationTest/1633715527/] or download [artifacts|http://files.apachegeode-ci.info/builds/apache-develop-main/1.15.0-build.0558/test-artifacts/1633715527/integrationtestfiles-openjdk8-1.15.0-build.0558.tgz].

Seen in [windows-core-integration-test-openjdk8 #281|https://concourse.apachegeode-ci.info/teams/main/pipelines/apache-develop-main/jobs/windows-core-integration-test-openjdk8/builds/281] ... see [test results|http://files.apachegeode-ci.info/builds/apache-develop-main/1.15.0-build.0593/test-results/integrationTest/1634274123/] or download [artifacts|http://files.apachegeode-ci.info/builds/apache-develop-main/1.15.0-build.0593/test-artifacts/1634274123/windows-coreintegrationtestfiles-openjdk8-1.15.0-build.0593.tgz].

Seen in [windows-core-integration-test-openjdk11 #320|https://concourse.apachegeode-ci.info/teams/main/pipelines/apache-develop-main/jobs/windows-core-integration-test-openjdk11/builds/320] ... see [test results|http://files.apachegeode-ci.info/builds/apache-develop-main/1.15.0-build.0635/test-results/integrationTest/1635887051/] or download [artifacts|http://files.apachegeode-ci.info/builds/apache-develop-main/1.15.0-build.0635/test-artifacts/1635887051/windows-coreintegrationtestfiles-openjdk11-1.15.0-build.0635.tgz].

Seen in [windows-core-integration-test-openjdk11 #28|https://concourse.apachegeode-ci.info/teams/main/pipelines/apache-develop-main/jobs/windows-core-integration-test-openjdk11/builds/28] ... see [test results|http://files.apachegeode-ci.info/builds/apache-develop-main/1.15.0-build.0693/test-results/integrationTest/1637812424/] or download [artifacts|http://files.apachegeode-ci.info/builds/apache-develop-main/1.15.0-build.0693/test-artifacts/1637812424/windows-coreintegrationtestfiles-openjdk11-1.15.0-build.0693.tgz].

Seen on support/1.13 in [windows-core-integration-test-openjdk11 #7|https://concourse.apachegeode-ci.info/teams/main/pipelines/apache-support-1-13-main/jobs/windows-core-integration-test-openjdk11/builds/7] ... see [test results|http://files.apachegeode-ci.info/builds/apache-support-1-13-main/1.13.5-build.0623/test-results/integrationTest/1638260554/] or download [artifacts|http://files.apachegeode-ci.info/builds/apache-support-1-13-main/1.13.5-build.0623/test-artifacts/1638260554/windows-coreintegrationtestfiles-openjdk11-1.13.5-build.0623.tgz].

Seen in [integration-test-openjdk8 #70|https://concourse.apachegeode-ci.info/teams/main/pipelines/apache-develop-main/jobs/integration-test-openjdk8/builds/70] ... see [test results|http://files.apachegeode-ci.info/builds/apache-develop-main/1.15.0-build.0752/test-results/integrationTest/1640034784/] or download [artifacts|http://files.apachegeode-ci.info/builds/apache-develop-main/1.15.0-build.0752/test-artifacts/1640034784/integrationtestfiles-openjdk8-1.15.0-build.0752.tgz].

Seen in [windows-core-integration-test-openjdk8 #128|https://concourse.apachegeode-ci.info/teams/main/pipelines/apache-develop-main/jobs/windows-core-integration-test-openjdk8/builds/128] ... see [test results|http://files.apachegeode-ci.info/builds/apache-develop-main/1.16.0-build.0011/test-results/integrationTest/1643336957/] or download [artifacts|http://files.apachegeode-ci.info/builds/apache-develop-main/1.16.0-build.0011/test-artifacts/1643336957/windows-coreintegrationtestfiles-openjdk8-1.16.0-build.0011.tgz].

Seen on support/1.13 in [windows-core-integration-test-openjdk11 #28|https://concourse.apachegeode-ci.info/teams/main/pipelines/apache-support-1-13-main/jobs/windows-core-integration-test-openjdk11/builds/28] ... see [test results|http://files.apachegeode-ci.info/builds/apache-support-1-13-main/1.13.8-build.0656/test-results/integrationTest/1646277285/] or download [artifacts|http://files.apachegeode-ci.info/builds/apache-support-1-13-main/1.13.8-build.0656/test-artifacts/1646277285/windows-coreintegrationtestfiles-openjdk11-1.13.8-build.0656.tgz].

Seen in [windows-core-integration-test-openjdk11 #189|https://concourse.apachegeode-ci.info/teams/main/pipelines/apache-develop-main/jobs/windows-core-integration-test-openjdk11/builds/189] ... see [test results|http://files.apachegeode-ci.info/builds/apache-develop-main/1.16.0-build.0128/test-results/integrationTest/1646864635/] or download [artifacts|http://files.apachegeode-ci.info/builds/apache-develop-main/1.16.0-build.0128/test-artifacts/1646864635/windows-coreintegrationtestfiles-openjdk11-1.16.0-build.0128.tgz].

Seen in [windows-core-integration-test-openjdk11 #295|https://concourse.apachegeode-ci.info/teams/main/pipelines/apache-develop-main/jobs/windows-core-integration-test-openjdk11/builds/295] ... see [test results|http://files.apachegeode-ci.info/builds/apache-develop-main/1.15.0-build.1107/test-results/integrationTest/1649980506/] or download [artifacts|http://files.apachegeode-ci.info/builds/apache-develop-main/1.15.0-build.1107/test-artifacts/1649980506/windows-coreintegrationtestfiles-openjdk11-1.15.0-build.1107.tgz].

Seen on support/1.14 in [windows-core-integration-test-openjdk11 #48|https://concourse.apachegeode-ci.info/teams/main/pipelines/apache-support-1-14-main/jobs/windows-core-integration-test-openjdk11/builds/48] ... see [test results|http://files.apachegeode-ci.info/builds/apache-support-1-14-main/1.14.5-build.0955/test-results/integrationTest/1650545243/] or download [artifacts|http://files.apachegeode-ci.info/builds/apache-support-1-14-main/1.14.5-build.0955/test-artifacts/1650545243/windows-coreintegrationtestfiles-openjdk11-1.14.5-build.0955.tgz].

Seen in [windows-core-integration-test-openjdk8 #313|https://concourse.apachegeode-ci.info/teams/main/pipelines/apache-develop-main/jobs/windows-core-integration-test-openjdk8/builds/313] ... see [test results|http://files.apachegeode-ci.info/builds/apache-develop-main/1.15.0-build.1123/test-results/integrationTest/1650932064/] or download [artifacts|http://files.apachegeode-ci.info/builds/apache-develop-main/1.15.0-build.1123/test-artifacts/1650932064/windows-coreintegrationtestfiles-openjdk8-1.15.0-build.1123.tgz].

Seen in [windows-core-integration-test-openjdk11 #316|https://concourse.apachegeode-ci.info/teams/main/pipelines/apache-develop-main/jobs/windows-core-integration-test-openjdk11/builds/316] ... see [test results|http://files.apachegeode-ci.info/builds/apache-develop-main/1.15.0-build.1128/test-results/integrationTest/1651191865/] or download [artifacts|http://files.apachegeode-ci.info/builds/apache-develop-main/1.15.0-build.1128/test-artifacts/1651191865/windows-coreintegrationtestfiles-openjdk11-1.15.0-build.1128.tgz].

Seen on support/1.14 in [integration-test-openjdk8 #57|https://concourse.apachegeode-ci.info/teams/main/pipelines/apache-support-1-14-main/jobs/integration-test-openjdk8/builds/57] ... see [test results|http://files.apachegeode-ci.info/builds/apache-support-1-14-main/1.14.5-build.0961/test-results/integrationTest/1651625071/] or download [artifacts|http://files.apachegeode-ci.info/builds/apache-support-1-14-main/1.14.5-build.0961/test-artifacts/1651625071/integrationtestfiles-openjdk8-1.14.5-build.0961.tgz].

Seen in [windows-core-integration-test-openjdk17 #30|https://concourse.apachegeode-ci.info/teams/main/pipelines/apache-develop-main/jobs/windows-core-integration-test-openjdk17/builds/30] ... see [test results|http://files.apachegeode-ci.info/builds/apache-develop-main/1.16.0-build.0226/test-results/integrationTest/1652919347/] or download [artifacts|http://files.apachegeode-ci.info/builds/apache-develop-main/1.16.0-build.0226/test-artifacts/1652919347/windows-coreintegrationtestfiles-openjdk17-1.16.0-build.0226.tgz].

Seen in [windows-core-integration-test-openjdk8 #411|https://concourse.apachegeode-ci.info/teams/main/pipelines/apache-develop-main/jobs/windows-core-integration-test-openjdk8/builds/411] ... see [test results|http://files.apachegeode-ci.info/builds/apache-develop-main/1.16.0-build.0340/test-results/integrationTest/1655261096/] or download [artifacts|http://files.apachegeode-ci.info/builds/apache-develop-main/1.16.0-build.0340/test-artifacts/1655261096/windows-coreintegrationtestfiles-openjdk8-1.16.0-build.0340.tgz].

