Test {{TestNativeAzureFileSystemOperationsMocked>FSMainOperationsBaseTest.testGlobStatusThrowsExceptionForUnreadableDir}} failed in trunk:
{noformat}
Running org.apache.hadoop.fs.azure.TestNativeAzureFileSystemOperationsMocked
Tests run: 1, Failures: 1, Errors: 0, Skipped: 0, Time elapsed: 1.182 sec <<< FAILURE! - in org.apache.hadoop.fs.azure.TestNativeAzureFileSystemOperationsMocked
testGlobStatusThrowsExceptionForUnreadableDir(org.apache.hadoop.fs.azure.TestNativeAzureFileSystemOperationsMocked) Time elapsed: 1.111 sec <<< FAILURE!
java.lang.AssertionError: Should throw IOException
at org.junit.Assert.fail(Assert.java:88)
at org.apache.hadoop.fs.FSMainOperationsBaseTest.testGlobStatusThrowsExceptionForUnreadableDir(FSMainOperationsBaseTest.java:643)
at sun.reflect.NativeMethodAccessorImpl.invoke0(Native Method)
at sun.reflect.NativeMethodAccessorImpl.invoke(NativeMethodAccessorImpl.java:62)
at sun.reflect.DelegatingMethodAccessorImpl.invoke(DelegatingMethodAccessorImpl.java:43)
at java.lang.reflect.Method.invoke(Method.java:497)
at org.junit.runners.model.FrameworkMethod$1.runReflectiveCall(FrameworkMethod.java:47)
at org.junit.internal.runners.model.ReflectiveCallable.run(ReflectiveCallable.java:12)
at org.junit.runners.model.FrameworkMethod.invokeExplosively(FrameworkMethod.java:44)
at org.junit.internal.runners.statements.InvokeMethod.evaluate(InvokeMethod.java:17)
at org.junit.internal.runners.statements.RunBefores.evaluate(RunBefores.java:26)
at org.junit.internal.runners.statements.RunAfters.evaluate(RunAfters.java:27)
at org.junit.runners.ParentRunner.runLeaf(ParentRunner.java:271)
at org.junit.runners.BlockJUnit4ClassRunner.runChild(BlockJUnit4ClassRunner.java:70)
at org.junit.runners.BlockJUnit4ClassRunner.runChild(BlockJUnit4ClassRunner.java:50)
at org.junit.runners.ParentRunner$3.run(ParentRunner.java:238)
at org.junit.runners.ParentRunner$1.schedule(ParentRunner.java:63)
at org.junit.runners.ParentRunner.runChildren(ParentRunner.java:236)
at org.junit.runners.ParentRunner.access$000(ParentRunner.java:53)
at org.junit.runners.ParentRunner$2.evaluate(ParentRunner.java:229)
at org.junit.runners.ParentRunner.run(ParentRunner.java:309)
at org.apache.maven.surefire.junit4.JUnit4Provider.execute(JUnit4Provider.java:254)
at org.apache.maven.surefire.junit4.JUnit4Provider.executeTestSet(JUnit4Provider.java:149)
at org.apache.maven.surefire.junit4.JUnit4Provider.invoke(JUnit4Provider.java:124)
at org.apache.maven.surefire.booter.ForkedBooter.invokeProviderInSameClassLoader(ForkedBooter.java:200)
at org.apache.maven.surefire.booter.ForkedBooter.runSuitesInProcess(ForkedBooter.java:153)
at org.apache.maven.surefire.booter.ForkedBooter.main(ForkedBooter.java:103)
Results :
Failed tests:
TestNativeAzureFileSystemOperationsMocked>FSMainOperationsBaseTest.testGlobStatusThrowsExceptionForUnreadableDir:643 Should throw IOException
Tests run: 1, Failures: 1, Errors: 0, Skipped: 0
{noformat}