The backport is straight-forward so I'm +1 on the patch. But 1.3.0RC will be cut soon so let's wait a while.

| (x) *{color:red}-1 overall{color}* |
\\
\\
|| Vote || Subsystem || Runtime || Comment ||
| {color:blue}0{color} | {color:blue} reexec {color} | {color:blue} 0m 12s {color} | {color:blue} Docker mode activated. {color} |
| {color:green}+1{color} | {color:green} @author {color} | {color:green} 0m 0s {color} | {color:green} The patch does not contain any @author tags. {color} |
| {color:red}-1{color} | {color:red} test4tests {color} | {color:red} 0m 0s {color} | {color:red} The patch doesn't appear to include any new or modified tests. Please justify why no new tests are needed for this patch. Also please list what manual steps were performed to verify this patch. {color} |
| {color:green}+1{color} | {color:green} mvninstall {color} | {color:green} 1m 49s {color} | {color:green} branch-1.3 passed {color} |
| {color:green}+1{color} | {color:green} compile {color} | {color:green} 0m 30s {color} | {color:green} branch-1.3 passed with JDK v1.8.0_111 {color} |
| {color:green}+1{color} | {color:green} compile {color} | {color:green} 0m 33s {color} | {color:green} branch-1.3 passed with JDK v1.7.0_80 {color} |
| {color:green}+1{color} | {color:green} checkstyle {color} | {color:green} 0m 55s {color} | {color:green} branch-1.3 passed {color} |
| {color:green}+1{color} | {color:green} mvneclipse {color} | {color:green} 0m 17s {color} | {color:green} branch-1.3 passed {color} |
| {color:green}+1{color} | {color:green} findbugs {color} | {color:green} 1m 51s {color} | {color:green} branch-1.3 passed {color} |
| {color:green}+1{color} | {color:green} javadoc {color} | {color:green} 0m 25s {color} | {color:green} branch-1.3 passed with JDK v1.8.0_111 {color} |
| {color:green}+1{color} | {color:green} javadoc {color} | {color:green} 0m 34s {color} | {color:green} branch-1.3 passed with JDK v1.7.0_80 {color} |
| {color:green}+1{color} | {color:green} mvninstall {color} | {color:green} 0m 46s {color} | {color:green} the patch passed {color} |
| {color:green}+1{color} | {color:green} compile {color} | {color:green} 0m 29s {color} | {color:green} the patch passed with JDK v1.8.0_111 {color} |
| {color:green}+1{color} | {color:green} javac {color} | {color:green} 0m 29s {color} | {color:green} the patch passed {color} |
| {color:green}+1{color} | {color:green} compile {color} | {color:green} 0m 34s {color} | {color:green} the patch passed with JDK v1.7.0_80 {color} |
| {color:green}+1{color} | {color:green} javac {color} | {color:green} 0m 34s {color} | {color:green} the patch passed {color} |
| {color:green}+1{color} | {color:green} checkstyle {color} | {color:green} 0m 55s {color} | {color:green} the patch passed {color} |
| {color:green}+1{color} | {color:green} mvneclipse {color} | {color:green} 0m 16s {color} | {color:green} the patch passed {color} |
| {color:green}+1{color} | {color:green} whitespace {color} | {color:green} 0m 0s {color} | {color:green} The patch has no whitespace issues. {color} |
| {color:green}+1{color} | {color:green} hadoopcheck {color} | {color:green} 15m 59s {color} | {color:green} The patch does not cause any errors with Hadoop 2.4.0 2.4.1 2.5.0 2.5.1 2.5.2 2.6.1 2.6.2 2.6.3 2.7.1. {color} |
| {color:green}+1{color} | {color:green} hbaseprotoc {color} | {color:green} 0m 14s {color} | {color:green} the patch passed {color} |
| {color:green}+1{color} | {color:green} findbugs {color} | {color:green} 2m 6s {color} | {color:green} the patch passed {color} |
| {color:green}+1{color} | {color:green} javadoc {color} | {color:green} 0m 25s {color} | {color:green} the patch passed with JDK v1.8.0_111 {color} |
| {color:green}+1{color} | {color:green} javadoc {color} | {color:green} 0m 33s {color} | {color:green} the patch passed with JDK v1.7.0_80 {color} |
| {color:red}-1{color} | {color:red} unit {color} | {color:red} 78m 25s {color} | {color:red} hbase-server in the patch failed. {color} |
| {color:green}+1{color} | {color:green} asflicense {color} | {color:green} 0m 17s {color} | {color:green} The patch does not generate ASF License warnings. {color} |
| {color:black}{color} | {color:black} {color} | {color:black} 108m 33s {color} | {color:black} {color} |
\\
\\
|| Reason || Tests ||
| Failed junit tests | hadoop.hbase.mapred.TestMultiTableSnapshotInputFormat |
\\
\\
|| Subsystem || Report/Notes ||
| Docker | Client=1.12.3 Server=1.12.3 Image:yetus/hbase:66fbe99 |
| JIRA Patch URL | https://issues.apache.org/jira/secure/attachment/12845370/HBASE-17227.branch-1.3.001.patch |
| JIRA Issue | HBASE-17227 |
| Optional Tests |  asflicense  javac  javadoc  unit  findbugs  hadoopcheck  hbaseanti  checkstyle  compile  |
| uname | Linux 6a987994c1a8 3.13.0-95-generic #142-Ubuntu SMP Fri Aug 12 17:00:09 UTC 2016 x86_64 x86_64 x86_64 GNU/Linux |
| Build tool | maven |
| Personality | /testptch/patchprocess/precommit/personality/hbase.sh |
| git revision | branch-1.3 / e359c76 |
| Default Java | 1.7.0_80 |
| Multi-JDK versions |  /usr/lib/jvm/java-8-oracle:1.8.0_111 /usr/lib/jvm/java-7-oracle:1.7.0_80 |
| findbugs | v3.0.0 |
| unit | https://builds.apache.org/job/PreCommit-HBASE-Build/5120/artifact/patchprocess/patch-unit-hbase-server.txt |
| unit test logs |  https://builds.apache.org/job/PreCommit-HBASE-Build/5120/artifact/patchprocess/patch-unit-hbase-server.txt |
|  Test Results | https://builds.apache.org/job/PreCommit-HBASE-Build/5120/testReport/ |
| modules | C: hbase-server U: hbase-server |
| Console output | https://builds.apache.org/job/PreCommit-HBASE-Build/5120/console |
| Powered by | Apache Yetus 0.3.0   http://yetus.apache.org |


This message was automatically generated.



The test failure seems to be unrelated or the test case is flaky.

| (x) *{color:red}-1 overall{color}* |
\\
\\
|| Vote || Subsystem || Runtime || Comment ||
| {color:blue}0{color} | {color:blue} reexec {color} | {color:blue} 11m 9s {color} | {color:blue} Docker mode activated. {color} |
| {color:green}+1{color} | {color:green} @author {color} | {color:green} 0m 0s {color} | {color:green} The patch does not contain any @author tags. {color} |
| {color:red}-1{color} | {color:red} test4tests {color} | {color:red} 0m 0s {color} | {color:red} The patch doesn't appear to include any new or modified tests. Please justify why no new tests are needed for this patch. Also please list what manual steps were performed to verify this patch. {color} |
| {color:green}+1{color} | {color:green} mvninstall {color} | {color:green} 1m 58s {color} | {color:green} branch-1.3 passed {color} |
| {color:green}+1{color} | {color:green} compile {color} | {color:green} 0m 32s {color} | {color:green} branch-1.3 passed with JDK v1.8.0_121 {color} |
| {color:green}+1{color} | {color:green} compile {color} | {color:green} 0m 34s {color} | {color:green} branch-1.3 passed with JDK v1.7.0_80 {color} |
| {color:green}+1{color} | {color:green} checkstyle {color} | {color:green} 0m 56s {color} | {color:green} branch-1.3 passed {color} |
| {color:green}+1{color} | {color:green} mvneclipse {color} | {color:green} 0m 16s {color} | {color:green} branch-1.3 passed {color} |
| {color:green}+1{color} | {color:green} findbugs {color} | {color:green} 1m 54s {color} | {color:green} branch-1.3 passed {color} |
| {color:green}+1{color} | {color:green} javadoc {color} | {color:green} 0m 24s {color} | {color:green} branch-1.3 passed with JDK v1.8.0_121 {color} |
| {color:green}+1{color} | {color:green} javadoc {color} | {color:green} 0m 32s {color} | {color:green} branch-1.3 passed with JDK v1.7.0_80 {color} |
| {color:green}+1{color} | {color:green} mvninstall {color} | {color:green} 0m 44s {color} | {color:green} the patch passed {color} |
| {color:green}+1{color} | {color:green} compile {color} | {color:green} 0m 29s {color} | {color:green} the patch passed with JDK v1.8.0_121 {color} |
| {color:green}+1{color} | {color:green} javac {color} | {color:green} 0m 29s {color} | {color:green} the patch passed {color} |
| {color:green}+1{color} | {color:green} compile {color} | {color:green} 0m 33s {color} | {color:green} the patch passed with JDK v1.7.0_80 {color} |
| {color:green}+1{color} | {color:green} javac {color} | {color:green} 0m 33s {color} | {color:green} the patch passed {color} |
| {color:green}+1{color} | {color:green} checkstyle {color} | {color:green} 0m 55s {color} | {color:green} the patch passed {color} |
| {color:green}+1{color} | {color:green} mvneclipse {color} | {color:green} 0m 16s {color} | {color:green} the patch passed {color} |
| {color:green}+1{color} | {color:green} whitespace {color} | {color:green} 0m 0s {color} | {color:green} The patch has no whitespace issues. {color} |
| {color:green}+1{color} | {color:green} hadoopcheck {color} | {color:green} 16m 22s {color} | {color:green} The patch does not cause any errors with Hadoop 2.4.0 2.4.1 2.5.0 2.5.1 2.5.2 2.6.1 2.6.2 2.6.3 2.7.1. {color} |
| {color:green}+1{color} | {color:green} hbaseprotoc {color} | {color:green} 0m 15s {color} | {color:green} the patch passed {color} |
| {color:green}+1{color} | {color:green} findbugs {color} | {color:green} 2m 12s {color} | {color:green} the patch passed {color} |
| {color:green}+1{color} | {color:green} javadoc {color} | {color:green} 0m 27s {color} | {color:green} the patch passed with JDK v1.8.0_121 {color} |
| {color:green}+1{color} | {color:green} javadoc {color} | {color:green} 0m 33s {color} | {color:green} the patch passed with JDK v1.7.0_80 {color} |
| {color:green}+1{color} | {color:green} unit {color} | {color:green} 78m 25s {color} | {color:green} hbase-server in the patch passed. {color} |
| {color:green}+1{color} | {color:green} asflicense {color} | {color:green} 0m 17s {color} | {color:green} The patch does not generate ASF License warnings. {color} |
| {color:black}{color} | {color:black} {color} | {color:black} 120m 18s {color} | {color:black} {color} |
\\
\\
|| Subsystem || Report/Notes ||
| Docker | Client=1.12.3 Server=1.12.3 Image:yetus/hbase:66fbe99 |
| JIRA Patch URL | https://issues.apache.org/jira/secure/attachment/12845370/HBASE-17227.branch-1.3.001.patch |
| JIRA Issue | HBASE-17227 |
| Optional Tests |  asflicense  javac  javadoc  unit  findbugs  hadoopcheck  hbaseanti  checkstyle  compile  |
| uname | Linux efe7488e7f84 3.13.0-106-generic #153-Ubuntu SMP Tue Dec 6 15:44:32 UTC 2016 x86_64 x86_64 x86_64 GNU/Linux |
| Build tool | maven |
| Personality | /testptch/patchprocess/precommit/personality/hbase.sh |
| git revision | branch-1.3 / fd297e2 |
| Default Java | 1.7.0_80 |
| Multi-JDK versions |  /usr/lib/jvm/java-8-oracle:1.8.0_121 /usr/lib/jvm/java-7-oracle:1.7.0_80 |
| findbugs | v3.0.0 |
|  Test Results | https://builds.apache.org/job/PreCommit-HBASE-Build/6322/testReport/ |
| modules | C: hbase-server U: hbase-server |
| Console output | https://builds.apache.org/job/PreCommit-HBASE-Build/6322/console |
| Powered by | Apache Yetus 0.3.0   http://yetus.apache.org |


This message was automatically generated.



SUCCESS: Integrated in Jenkins build HBase-1.3-IT #21 (See [https://builds.apache.org/job/HBase-1.3-IT/21/])
HBASE-17227 Backported HBASE-17206 to branch-1.3 (antonov: rev eec476677444922591903d0c255912e7c2f8d2f1)
* (edit) hbase-server/src/main/java/org/apache/hadoop/hbase/regionserver/wal/FSHLog.java


Pushed to branch 1.3, will move RC0 tag up

FAILURE: Integrated in Jenkins build HBase-1.3-JDK8 #150 (See [https://builds.apache.org/job/HBase-1.3-JDK8/150/])
HBASE-17227 Backported HBASE-17206 to branch-1.3 (antonov: rev eec476677444922591903d0c255912e7c2f8d2f1)
* (edit) hbase-server/src/main/java/org/apache/hadoop/hbase/regionserver/wal/FSHLog.java


Failure doesn't look legit, resheduling build:

Failed to transfer Could not transfer artifact org.apache:apache:pom:12 from/to central (http://repo.maven.apache.org/maven2): repo.maven.apache.org: Name or service not known
ERROR: Failed to parse POMs
java.io.IOException: remote file operation failed: /home/jenkins/jenkins-slave/workspace/HBase-1.3-JDK8 at hudson.remoting.Channel@5bd73cc7:H6: hudson.remoting.ProxyException: hudson.maven.MavenModuleSetBuild$MavenExecutionException: org.apache.maven.project.ProjectBuildingException: Some problems were encountered while processing the POMs:
[FATAL] Non-resolvable parent POM: Could not transfer artifact org.apache:apache:pom:12 from/to apache release (https://repository.apache.org/content/repositories/releases/): repository.apache.org: No address associated with hostname and 'parent.relativePath' points at no local POM @ line 32, column 11

	at hudson.FilePath.act(FilePath.java:992)
	at hudson.FilePath.act(FilePath.java:974)
	at hudson.maven.MavenModuleSetBuild$MavenModuleSetBuildExecution.parsePoms(MavenModuleSetBuild.java:980)
	at hudson.maven.MavenModuleSetBuild$MavenModuleSetBuildExecution.doRun(MavenModuleSetBuild.java:692)
	at hudson.model.AbstractBuild$AbstractBuildExecution.run(AbstractBuild.java:534)
	at hudson.model.Run.execute(Run.java:1728)
	at hudson.maven.MavenModuleSetBuild.run(MavenModuleSetBuild.java:544)
	at hudson.model.ResourceController.execute(ResourceController.java:98)
	at hudson.model.Executor.run(Executor.java:404)

SUCCESS: Integrated in Jenkins build HBase-1.3-JDK7 #139 (See [https://builds.apache.org/job/HBase-1.3-JDK7/139/])
HBASE-17227 Backported HBASE-17206 to branch-1.3 (antonov: rev eec476677444922591903d0c255912e7c2f8d2f1)
* (edit) hbase-server/src/main/java/org/apache/hadoop/hbase/regionserver/wal/FSHLog.java


