Here's the patch for 0.98 branch. Including a unit test that reproduced the error.

Can you attach patch for master branch ?

The patches for branch-1 and master branch.

{color:red}-1 overall{color}.  Here are the results of testing the latest attachment 
  http://issues.apache.org/jira/secure/attachment/12762595/HBASE-14497-master.patch
  against master branch at commit 526520de0a9d7a29fcf1b4c521f017ca75a46cbc.
  ATTACHMENT ID: 12762595

    {color:green}+1 @author{color}.  The patch does not contain any @author tags.

    {color:green}+1 tests included{color}.  The patch appears to include 4 new or modified tests.

    {color:red}-1 javac{color}.  The patch appears to cause mvn compile goal to fail with Hadoop version 2.4.0.

    Compilation errors resume:
    [ERROR] COMPILATION ERROR : 
[ERROR] /home/jenkins/jenkins-slave/workspace/PreCommit-HBASE-Build/hbase/hbase-server/src/test/java/org/apache/hadoop/hbase/regionserver/TestHRegion.java:[5780,69] cannot find symbol
[ERROR] Failed to execute goal org.apache.maven.plugins:maven-compiler-plugin:3.2:testCompile (default-testCompile) on project hbase-server: Compilation failure
[ERROR] /home/jenkins/jenkins-slave/workspace/PreCommit-HBASE-Build/hbase/hbase-server/src/test/java/org/apache/hadoop/hbase/regionserver/TestHRegion.java:[5780,69] cannot find symbol
[ERROR] symbol:   class DeserializationException
[ERROR] location: class org.apache.hadoop.hbase.regionserver.TestHRegion
[ERROR] -> [Help 1]
[ERROR] 
[ERROR] To see the full stack trace of the errors, re-run Maven with the -e switch.
[ERROR] Re-run Maven using the -X switch to enable full debug logging.
[ERROR] 
[ERROR] For more information about the errors and possible solutions, please read the following articles:
[ERROR] [Help 1] http://cwiki.apache.org/confluence/display/MAVEN/MojoFailureException
[ERROR] 
[ERROR] After correcting the problems, you can resume the build with the command
[ERROR]   mvn <goals> -rf :hbase-server
    

Console output: https://builds.apache.org/job/PreCommit-HBASE-Build/15774//console

This message is automatically generated.

Sorry for the compiling error. I have fix it and repost patch for master branch.

{code}
434	        boolean recursiveSeek = false;
{code}
You're eliminating recursion. Suggest renaming the above variable: e.g. keepSeeking.

+1.

I ran TestHRegion#testReverseScannerStackOverflow:
without fix, StackOverflow was reproduced
with fix, the test passed.

{color:red}-1 overall{color}.  Here are the results of testing the latest attachment 
  http://issues.apache.org/jira/secure/attachment/12762598/HBASE-14497-master-v2.patch
  against master branch at commit 526520de0a9d7a29fcf1b4c521f017ca75a46cbc.
  ATTACHMENT ID: 12762598

    {color:green}+1 @author{color}.  The patch does not contain any @author tags.

    {color:green}+1 tests included{color}.  The patch appears to include 4 new or modified tests.

    {color:green}+1 hadoop versions{color}. The patch compiles with all supported hadoop versions (2.4.0 2.4.1 2.5.0 2.5.1 2.5.2 2.6.0 2.7.0 2.7.1)

    {color:green}+1 javac{color}.  The applied patch does not increase the total number of javac compiler warnings.

    {color:green}+1 protoc{color}.  The applied patch does not increase the total number of protoc compiler warnings.

    {color:green}+1 javadoc{color}.  The javadoc tool did not generate any warning messages.

    {color:green}+1 checkstyle{color}.  The applied patch does not increase the total number of checkstyle errors

    {color:green}+1 findbugs{color}.  The patch does not introduce any  new Findbugs (version 2.0.3) warnings.

    {color:green}+1 release audit{color}.  The applied patch does not increase the total number of release audit warnings.

    {color:red}-1 lineLengths{color}.  The patch introduces the following lines longer than 100:
    +    assertEquals("19998", Bytes.toString(currRow.get(0).getRowArray(), currRow.get(0).getRowOffset(), currRow.get(0).getRowLength()));
+    assertEquals("09999", Bytes.toString(currRow.get(1).getRowArray(), currRow.get(1).getRowOffset(), currRow.get(1).getRowLength()));

  {color:green}+1 site{color}.  The mvn post-site goal succeeds with this patch.

     {color:red}-1 core tests{color}.  The patch failed these unit tests:
     

     {color:red}-1 core zombie tests{color}.  There are 2 zombie test(s): 	at org.apache.hadoop.hbase.regionserver.TestReversibleScanners.testReversibleStoreScanner(TestReversibleScanners.java:288)
	at org.apache.hadoop.hbase.regionserver.TestHRegion.testWritesWhileScanning(TestHRegion.java:3890)

Test results: https://builds.apache.org/job/PreCommit-HBASE-Build/15775//testReport/
Release Findbugs (version 2.0.3) 	warnings: https://builds.apache.org/job/PreCommit-HBASE-Build/15775//artifact/patchprocess/newFindbugsWarnings.html
Checkstyle Errors: https://builds.apache.org/job/PreCommit-HBASE-Build/15775//artifact/patchprocess/checkstyle-aggregate.html

  Console output: https://builds.apache.org/job/PreCommit-HBASE-Build/15775//console

This message is automatically generated.

The hang in TestReversibleScanners#testReversibleStoreScanner can be reproduced.
See https://builds.apache.org/job/PreCommit-HBASE-Build/15775/consoleFull for stack trace.

Please wrap long lines in the next patch.

Rename recusiveSeek to keepingSeek.
Fix zombie tests.
Wrap long code lines.

{color:red}-1 overall{color}.  Here are the results of testing the latest attachment 
  http://issues.apache.org/jira/secure/attachment/12762635/HBASE-14497-master-v3.patch
  against master branch at commit 526520de0a9d7a29fcf1b4c521f017ca75a46cbc.
  ATTACHMENT ID: 12762635

    {color:green}+1 @author{color}.  The patch does not contain any @author tags.

    {color:green}+1 tests included{color}.  The patch appears to include 4 new or modified tests.

    {color:green}+1 hadoop versions{color}. The patch compiles with all supported hadoop versions (2.4.0 2.4.1 2.5.0 2.5.1 2.5.2 2.6.0 2.7.0 2.7.1)

    {color:green}+1 javac{color}.  The applied patch does not increase the total number of javac compiler warnings.

    {color:green}+1 protoc{color}.  The applied patch does not increase the total number of protoc compiler warnings.

    {color:green}+1 javadoc{color}.  The javadoc tool did not generate any warning messages.

    {color:green}+1 checkstyle{color}.  The applied patch does not increase the total number of checkstyle errors

    {color:green}+1 findbugs{color}.  The patch does not introduce any  new Findbugs (version 2.0.3) warnings.

    {color:green}+1 release audit{color}.  The applied patch does not increase the total number of release audit warnings.

    {color:green}+1 lineLengths{color}.  The patch does not introduce lines longer than 100

  {color:green}+1 site{color}.  The mvn post-site goal succeeds with this patch.

     {color:red}-1 core tests{color}.  The patch failed these unit tests:
     

Test results: https://builds.apache.org/job/PreCommit-HBASE-Build/15782//testReport/
Release Findbugs (version 2.0.3) 	warnings: https://builds.apache.org/job/PreCommit-HBASE-Build/15782//artifact/patchprocess/newFindbugsWarnings.html
Checkstyle Errors: https://builds.apache.org/job/PreCommit-HBASE-Build/15782//artifact/patchprocess/checkstyle-aggregate.html

  Console output: https://builds.apache.org/job/PreCommit-HBASE-Build/15782//console

This message is automatically generated.

{code}
Tests run: 9, Failures: 0, Errors: 0, Skipped: 0, Time elapsed: 80.451 sec - in org.apache.hadoop.hbase.snapshot.TestMobFlushSnapshotFromClient
Killed
Killed
Killed
/home/jenkins/jenkins-slave/workspace/PreCommit-HBASE-Build/test-framework/dev-support/test-patch.sh: line 838: 23295 Killed 
{code}
Mind attaching patch again ?

re-attach patch for QA run again.

{color:red}-1 overall{color}.  Here are the results of testing the latest attachment 
  http://issues.apache.org/jira/secure/attachment/12763986/HBASE-14497-master-v3.patch
  against master branch at commit cfce91e514dcb570ca1b3131f340dc01cdbd5e56.
  ATTACHMENT ID: 12763986

    {color:green}+1 @author{color}.  The patch does not contain any @author tags.

    {color:green}+1 tests included{color}.  The patch appears to include 4 new or modified tests.

    {color:green}+1 hadoop versions{color}. The patch compiles with all supported hadoop versions (2.4.0 2.4.1 2.5.0 2.5.1 2.5.2 2.6.0 2.7.0 2.7.1)

    {color:green}+1 javac{color}.  The applied patch does not increase the total number of javac compiler warnings.

    {color:green}+1 protoc{color}.  The applied patch does not increase the total number of protoc compiler warnings.

    {color:green}+1 javadoc{color}.  The javadoc tool did not generate any warning messages.

    {color:green}+1 checkstyle{color}.  The applied patch does not increase the total number of checkstyle errors

    {color:green}+1 findbugs{color}.  The patch does not introduce any  new Findbugs (version 2.0.3) warnings.

    {color:green}+1 release audit{color}.  The applied patch does not increase the total number of release audit warnings.

    {color:green}+1 lineLengths{color}.  The patch does not introduce lines longer than 100

  {color:green}+1 site{color}.  The mvn post-site goal succeeds with this patch.

     {color:red}-1 core tests{color}.  The patch failed these unit tests:
                       org.apache.hadoop.hbase.mapreduce.TestImportExport
                  org.apache.hadoop.hbase.util.TestProcessBasedCluster

Test results: https://builds.apache.org/job/PreCommit-HBASE-Build/15785//testReport/
Release Findbugs (version 2.0.3) 	warnings: https://builds.apache.org/job/PreCommit-HBASE-Build/15785//artifact/patchprocess/newFindbugsWarnings.html
Checkstyle Errors: https://builds.apache.org/job/PreCommit-HBASE-Build/15785//artifact/patchprocess/checkstyle-aggregate.html

  Console output: https://builds.apache.org/job/PreCommit-HBASE-Build/15785//console

This message is automatically generated.

The above two failed tests were seen in other QA runs  
They were not related to the patch. 

Yes, I ran them locally and passed.
So the patch for master branch is OK, right?

I'll attach patch of branch-1 for QA run if there's nothing to do with the master branch patch.

Please attach patch for branch-1

Attach patch for branch-1 for QA run.

Looking at patch v3, is the Boolean variable needed now that you introduced a break statement ?

Actually, it didn't needed. But I think it may help to understanding the code.

{color:red}-1 overall{color}.  Here are the results of testing the latest attachment 
  http://issues.apache.org/jira/secure/attachment/12764010/HBASE-14497-branch-1-v2.patch
  against branch-1 branch at commit cfce91e514dcb570ca1b3131f340dc01cdbd5e56.
  ATTACHMENT ID: 12764010

    {color:green}+1 @author{color}.  The patch does not contain any @author tags.

    {color:green}+1 tests included{color}.  The patch appears to include 4 new or modified tests.

    {color:green}+1 hadoop versions{color}. The patch compiles with all supported hadoop versions (2.4.0 2.4.1 2.5.0 2.5.1 2.5.2 2.6.0 2.7.0 2.7.1)

    {color:green}+1 javac{color}.  The applied patch does not increase the total number of javac compiler warnings.

    {color:green}+1 protoc{color}.  The applied patch does not increase the total number of protoc compiler warnings.

    {color:green}+1 javadoc{color}.  The javadoc tool did not generate any warning messages.

    {color:green}+1 checkstyle{color}.  The applied patch does not increase the total number of checkstyle errors

    {color:green}+1 findbugs{color}.  The patch does not introduce any  new Findbugs (version 2.0.3) warnings.

    {color:green}+1 release audit{color}.  The applied patch does not increase the total number of release audit warnings.

    {color:green}+1 lineLengths{color}.  The patch does not introduce lines longer than 100

  {color:green}+1 site{color}.  The mvn post-site goal succeeds with this patch.

     {color:red}-1 core tests{color}.  The patch failed these unit tests:
     

     {color:red}-1 core zombie tests{color}.  There are 3 zombie test(s): 	at org.apache.hadoop.hbase.security.visibility.TestVisibilityLabelsWithACL.testVisibilityLabelsForUserWithNoAuths(TestVisibilityLabelsWithACL.java:201)
	at org.apache.hadoop.hbase.security.access.TestScanEarlyTermination.testEarlyScanTermination(TestScanEarlyTermination.java:148)

Test results: https://builds.apache.org/job/PreCommit-HBASE-Build/15787//testReport/
Release Findbugs (version 2.0.3) 	warnings: https://builds.apache.org/job/PreCommit-HBASE-Build/15787//artifact/patchprocess/newFindbugsWarnings.html
Checkstyle Errors: https://builds.apache.org/job/PreCommit-HBASE-Build/15787//artifact/patchprocess/checkstyle-aggregate.html

  Console output: https://builds.apache.org/job/PreCommit-HBASE-Build/15787//console

This message is automatically generated.

Good catch. [~sunyerui]
MemstoreScanner should have the same problem, could you fix it ?
The current solution in patch is good for me.

Thanks

You're right, [~zjushch]. 

I have produced the error on MemstoreScanner, and will fix it with a new version patch today.

Here's the v4 patch for master branch. Also fix the same problem on MemstoreScanner.

[~yuzhihong@gmail.com],[~zjushch], would you please review this? Thanks.

I'll post the patches for branch-1 and 0.98 later, after Hadoop QA run and passed this patch.

I think testEnableTableWithNoRegionServers is not a stable test. 

I ran it several times on branch-1 with git commit 642273bc2a5a415eba6f1592a439a6b2b53a70a9, without this patch. It failed in most times, but indeed succeeded in few times. I settle breakpoints on the entry of seekToPreviousRow of MemstoreScanner&StoreFileScanner, and found that only two calling to seekToPreviousRow for hbase:namespace, one calling return true and another return false, neither called recursively.

 I also ran it with this patch, and got the same result. Most of times the test failed, and succeeded in few times.

 I think thereâ€™s another problem in the test, and not related to my patch.

{color:red}-1 overall{color}.  Here are the results of testing the latest attachment 
  http://issues.apache.org/jira/secure/attachment/12764185/HBASE-14497-master-v4.patch
  against master branch at commit 6ad6273ddaedb7a3a21ef391d4381c19a474e3b3.
  ATTACHMENT ID: 12764185

    {color:green}+1 @author{color}.  The patch does not contain any @author tags.

    {color:green}+1 tests included{color}.  The patch appears to include 4 new or modified tests.

    {color:green}+1 hadoop versions{color}. The patch compiles with all supported hadoop versions (2.4.0 2.4.1 2.5.0 2.5.1 2.5.2 2.6.0 2.7.0 2.7.1)

    {color:green}+1 javac{color}.  The applied patch does not increase the total number of javac compiler warnings.

    {color:green}+1 protoc{color}.  The applied patch does not increase the total number of protoc compiler warnings.

    {color:green}+1 javadoc{color}.  The javadoc tool did not generate any warning messages.

    {color:green}+1 checkstyle{color}.  The applied patch does not increase the total number of checkstyle errors

    {color:green}+1 findbugs{color}.  The patch does not introduce any  new Findbugs (version 2.0.3) warnings.

    {color:green}+1 release audit{color}.  The applied patch does not increase the total number of release audit warnings.

    {color:red}-1 lineLengths{color}.  The patch introduces the following lines longer than 100:
    +    // create one storefile contains many rows will be skipped to check StoreFileScanner.seekToPreviousRow
+    // create one memstore contains many rows will be skipped to check MemStoreScanner.seekToPreviousRow

  {color:green}+1 site{color}.  The mvn post-site goal succeeds with this patch.

     {color:red}-1 core tests{color}.  The patch failed these unit tests:
     

Test results: https://builds.apache.org/job/PreCommit-HBASE-Build/15795//testReport/
Release Findbugs (version 2.0.3) 	warnings: https://builds.apache.org/job/PreCommit-HBASE-Build/15795//artifact/patchprocess/newFindbugsWarnings.html
Checkstyle Errors: https://builds.apache.org/job/PreCommit-HBASE-Build/15795//artifact/patchprocess/checkstyle-aggregate.html

  Console output: https://builds.apache.org/job/PreCommit-HBASE-Build/15795//console

This message is automatically generated.

A strictly line length rules...
Just wrap long comment lines based on master branch v4 patch.

{color:red}-1 overall{color}.  Here are the results of testing the latest attachment 
  http://issues.apache.org/jira/secure/attachment/12764214/HBASE-14497-master-v5.patch
  against master branch at commit 2ea70c7e6c70c4bd689b79718999a948001f3b21.
  ATTACHMENT ID: 12764214

    {color:green}+1 @author{color}.  The patch does not contain any @author tags.

    {color:green}+1 tests included{color}.  The patch appears to include 4 new or modified tests.

    {color:green}+1 hadoop versions{color}. The patch compiles with all supported hadoop versions (2.4.0 2.4.1 2.5.0 2.5.1 2.5.2 2.6.0 2.6.1 2.7.0 2.7.1)

    {color:green}+1 javac{color}.  The applied patch does not increase the total number of javac compiler warnings.

    {color:green}+1 protoc{color}.  The applied patch does not increase the total number of protoc compiler warnings.

    {color:green}+1 javadoc{color}.  The javadoc tool did not generate any warning messages.

    {color:green}+1 checkstyle{color}.  The applied patch does not increase the total number of checkstyle errors

    {color:green}+1 findbugs{color}.  The patch does not introduce any  new Findbugs (version 2.0.3) warnings.

    {color:green}+1 release audit{color}.  The applied patch does not increase the total number of release audit warnings.

    {color:green}+1 lineLengths{color}.  The patch does not introduce lines longer than 100

  {color:green}+1 site{color}.  The mvn post-site goal succeeds with this patch.

     {color:red}-1 core tests{color}.  The patch failed these unit tests:
     

     {color:red}-1 core zombie tests{color}.  There are 8 zombie test(s): 	at org.apache.hadoop.hbase.client.TestClientOperationInterrupt.testInterrupt50Percent(TestClientOperationInterrupt.java:144)
	at org.apache.hadoop.hbase.regionserver.TestHRegion.testFlushCacheWhileScanning(TestHRegion.java:3756)

Test results: https://builds.apache.org/job/PreCommit-HBASE-Build/15801//testReport/
Release Findbugs (version 2.0.3) 	warnings: https://builds.apache.org/job/PreCommit-HBASE-Build/15801//artifact/patchprocess/newFindbugsWarnings.html
Checkstyle Errors: https://builds.apache.org/job/PreCommit-HBASE-Build/15801//artifact/patchprocess/checkstyle-aggregate.html

  Console output: https://builds.apache.org/job/PreCommit-HBASE-Build/15801//console

This message is automatically generated.

Patch v6 closes region at the end of testReverseScanner_StackOverflow

Please prepare patch for branch-1

Here's the v3 patch for branch-1.

Updated based on master v6 patch.

Thanks for the quick response.

In the future, please name patch for branch-1 with same rev number as that of master branch so it is easier to correlate.

I agree that TestEnableTableHandler is flaky.

https://builds.apache.org/job/HBase-1.3/jdk=latest1.7,label=Hadoop/212/console
{code}
Failed tests: 
org.apache.hadoop.hbase.master.handler.TestEnableTableHandler.testEnableTableWithNoRegionServers(org.apache.hadoop.hbase.master.handler.TestEnableTableHandler)
  Run 1: TestEnableTableHandler.testEnableTableWithNoRegionServers:110 expected:<2> but was:<1>
  Run 2: TestEnableTableHandler.testEnableTableWithNoRegionServers:110 expected:<2> but was:<1>
  Run 3: TestEnableTableHandler.testEnableTableWithNoRegionServers:110 expected:<2> but was:<1>
{code}

{color:red}-1 overall{color}.  Here are the results of testing the latest attachment 
  http://issues.apache.org/jira/secure/attachment/12764252/HBASE-14497-branch-1-v3.patch
  against branch-1 branch at commit 37877e3f56b038c0821138862813e567390a9ff4.
  ATTACHMENT ID: 12764252

    {color:green}+1 @author{color}.  The patch does not contain any @author tags.

    {color:green}+1 tests included{color}.  The patch appears to include 4 new or modified tests.

    {color:green}+1 hadoop versions{color}. The patch compiles with all supported hadoop versions (2.4.0 2.4.1 2.5.0 2.5.1 2.5.2 2.6.0 2.6.1 2.7.0 2.7.1)

    {color:green}+1 javac{color}.  The applied patch does not increase the total number of javac compiler warnings.

    {color:green}+1 protoc{color}.  The applied patch does not increase the total number of protoc compiler warnings.

    {color:green}+1 javadoc{color}.  The javadoc tool did not generate any warning messages.

    {color:green}+1 checkstyle{color}.  The applied patch does not increase the total number of checkstyle errors

    {color:green}+1 findbugs{color}.  The patch does not introduce any  new Findbugs (version 2.0.3) warnings.

    {color:green}+1 release audit{color}.  The applied patch does not increase the total number of release audit warnings.

    {color:green}+1 lineLengths{color}.  The patch does not introduce lines longer than 100

  {color:green}+1 site{color}.  The mvn post-site goal succeeds with this patch.

     {color:red}-1 core tests{color}.  The patch failed these unit tests:
     

Test results: https://builds.apache.org/job/PreCommit-HBASE-Build/15805//testReport/
Release Findbugs (version 2.0.3) 	warnings: https://builds.apache.org/job/PreCommit-HBASE-Build/15805//artifact/patchprocess/newFindbugsWarnings.html
Checkstyle Errors: https://builds.apache.org/job/PreCommit-HBASE-Build/15805//artifact/patchprocess/checkstyle-aggregate.html

  Console output: https://builds.apache.org/job/PreCommit-HBASE-Build/15805//console

This message is automatically generated.

{color:green}+1 overall{color}.  Here are the results of testing the latest attachment 
  http://issues.apache.org/jira/secure/attachment/12764244/14497-master-v6.patch
  against master branch at commit 37877e3f56b038c0821138862813e567390a9ff4.
  ATTACHMENT ID: 12764244

    {color:green}+1 @author{color}.  The patch does not contain any @author tags.

    {color:green}+1 tests included{color}.  The patch appears to include 3 new or modified tests.

    {color:green}+1 hadoop versions{color}. The patch compiles with all supported hadoop versions (2.4.0 2.4.1 2.5.0 2.5.1 2.5.2 2.6.0 2.6.1 2.7.0 2.7.1)

    {color:green}+1 javac{color}.  The applied patch does not increase the total number of javac compiler warnings.

    {color:green}+1 protoc{color}.  The applied patch does not increase the total number of protoc compiler warnings.

    {color:green}+1 javadoc{color}.  The javadoc tool did not generate any warning messages.

    {color:green}+1 checkstyle{color}.  The applied patch does not increase the total number of checkstyle errors

    {color:green}+1 findbugs{color}.  The patch does not introduce any  new Findbugs (version 2.0.3) warnings.

    {color:green}+1 release audit{color}.  The applied patch does not increase the total number of release audit warnings.

    {color:green}+1 lineLengths{color}.  The patch does not introduce lines longer than 100

  {color:green}+1 site{color}.  The mvn post-site goal succeeds with this patch.

    {color:green}+1 core tests{color}.  The patch passed unit tests in .

Test results: https://builds.apache.org/job/PreCommit-HBASE-Build/15804//testReport/
Release Findbugs (version 2.0.3) 	warnings: https://builds.apache.org/job/PreCommit-HBASE-Build/15804//artifact/patchprocess/newFindbugsWarnings.html
Checkstyle Errors: https://builds.apache.org/job/PreCommit-HBASE-Build/15804//artifact/patchprocess/checkstyle-aggregate.html

  Console output: https://builds.apache.org/job/PreCommit-HBASE-Build/15804//console

This message is automatically generated.

{code}
fht https://builds.apache.org/job/PreCommit-HBASE-Build/15805/console
Fetching the console output from the URL
Printing hanging tests
Printing Failing tests
{code}
No hanging test identified

Planning to integrate patch for master branch.

Will wait for branch-1 to stabilize.

+1 on patch v6

FAILURE: Integrated in HBase-TRUNK #6855 (See [https://builds.apache.org/job/HBase-TRUNK/6855/])
HBASE-14497 Reverse Scan threw StackOverflow caused by readPt checking (Yerui Sun) (tedyu: rev 653458365281d96c288804d094c7d5f8d826a7d7)
* hbase-server/src/main/java/org/apache/hadoop/hbase/regionserver/DefaultMemStore.java
* hbase-server/src/main/java/org/apache/hadoop/hbase/regionserver/StoreFileScanner.java
* hbase-server/src/test/java/org/apache/hadoop/hbase/regionserver/TestHRegion.java


Re-post patch for branch-1 to QA run.

{color:red}-1 overall{color}.  Here are the results of testing the latest attachment 
  http://issues.apache.org/jira/secure/attachment/12764721/HBASE-14497-branch-1-v6.patch
  against branch-1 branch at commit ef7001c0e87ff646f416c21227c7d5a0934820f7.
  ATTACHMENT ID: 12764721

    {color:green}+1 @author{color}.  The patch does not contain any @author tags.

    {color:green}+1 tests included{color}.  The patch appears to include 4 new or modified tests.

    {color:green}+1 hadoop versions{color}. The patch compiles with all supported hadoop versions (2.4.0 2.4.1 2.5.0 2.5.1 2.5.2 2.6.0 2.6.1 2.7.0 2.7.1)

    {color:green}+1 javac{color}.  The applied patch does not increase the total number of javac compiler warnings.

    {color:green}+1 protoc{color}.  The applied patch does not increase the total number of protoc compiler warnings.

    {color:green}+1 javadoc{color}.  The javadoc tool did not generate any warning messages.

    {color:green}+1 checkstyle{color}.  The applied patch does not increase the total number of checkstyle errors

    {color:green}+1 findbugs{color}.  The patch does not introduce any  new Findbugs (version 2.0.3) warnings.

    {color:green}+1 release audit{color}.  The applied patch does not increase the total number of release audit warnings.

    {color:green}+1 lineLengths{color}.  The patch does not introduce lines longer than 100

  {color:green}+1 site{color}.  The mvn post-site goal succeeds with this patch.

     {color:red}-1 core tests{color}.  The patch failed these unit tests:
                       org.apache.hadoop.hbase.master.TestMasterFailover
                  org.apache.hadoop.hbase.mapreduce.TestImportExport
                  org.apache.hadoop.hbase.util.TestProcessBasedCluster

     {color:red}-1 core zombie tests{color}.  There are 3 zombie test(s): 	at org.apache.hadoop.yarn.server.nodemanager.DirectoryCollection.testDirs(DirectoryCollection.java:309)

Test results: https://builds.apache.org/job/PreCommit-HBASE-Build/15857//testReport/
Release Findbugs (version 2.0.3) 	warnings: https://builds.apache.org/job/PreCommit-HBASE-Build/15857//artifact/patchprocess/newFindbugsWarnings.html
Checkstyle Errors: https://builds.apache.org/job/PreCommit-HBASE-Build/15857//artifact/patchprocess/checkstyle-aggregate.html

  Console output: https://builds.apache.org/job/PreCommit-HBASE-Build/15857//console

This message is automatically generated.

{color:red}-1 overall{color}.  Here are the results of testing the latest attachment 
  http://issues.apache.org/jira/secure/attachment/12765206/14497-branch-1-v6.patch
  against branch-1 branch at commit 23079c02bf40c318fff4f77fa9182ebdfb230e90.
  ATTACHMENT ID: 12765206

    {color:green}+1 @author{color}.  The patch does not contain any @author tags.

    {color:green}+1 tests included{color}.  The patch appears to include 4 new or modified tests.

    {color:green}+1 hadoop versions{color}. The patch compiles with all supported hadoop versions (2.4.0 2.4.1 2.5.0 2.5.1 2.5.2 2.6.0 2.6.1 2.7.0 2.7.1)

    {color:green}+1 javac{color}.  The applied patch does not increase the total number of javac compiler warnings.

    {color:green}+1 protoc{color}.  The applied patch does not increase the total number of protoc compiler warnings.

    {color:green}+1 javadoc{color}.  The javadoc tool did not generate any warning messages.

    {color:green}+1 checkstyle{color}.  The applied patch does not increase the total number of checkstyle errors

    {color:green}+1 findbugs{color}.  The patch does not introduce any  new Findbugs (version 2.0.3) warnings.

    {color:green}+1 release audit{color}.  The applied patch does not increase the total number of release audit warnings.

    {color:green}+1 lineLengths{color}.  The patch does not introduce lines longer than 100

  {color:green}+1 site{color}.  The mvn post-site goal succeeds with this patch.

    {color:green}+1 core tests{color}.  The patch passed unit tests in .

     {color:red}-1 core zombie tests{color}.  There are 1 zombie test(s): 

Test results: https://builds.apache.org/job/PreCommit-HBASE-Build/15885//testReport/
Release Findbugs (version 2.0.3) 	warnings: https://builds.apache.org/job/PreCommit-HBASE-Build/15885//artifact/patchprocess/newFindbugsWarnings.html
Checkstyle Errors: https://builds.apache.org/job/PreCommit-HBASE-Build/15885//artifact/patchprocess/checkstyle-aggregate.html

  Console output: https://builds.apache.org/job/PreCommit-HBASE-Build/15885//console

This message is automatically generated.

Test suite passed:
{code}
Fetching https://builds.apache.org/job/PreCommit-HBASE-Build/15885/consoleFull
Building remotely on <a href='/computer/H0' class='model-link'>H0</a> (Hadoop Tez) in workspace /home/jenkins/jenkins-slave/workspace/PreCommit-HBASE-Build
Testing patch for HBASE-14497.
Testing patch on branch branch-1.
[INFO] Apache HBase ...................................... SUCCESS [2.722s]
[INFO] Apache HBase - Checkstyle ......................... SUCCESS [0.509s]
[INFO] Apache HBase - Resource Bundle .................... SUCCESS [0.162s]
[INFO] Apache HBase - Annotations ........................ SUCCESS [0.911s]
[INFO] Apache HBase - Protocol ........................... SUCCESS [11.037s]
[INFO] Apache HBase - Common ............................. SUCCESS [1:28.402s]
[INFO] Apache HBase - Procedure .......................... SUCCESS [1:52.825s]
[INFO] Apache HBase - Client ............................. SUCCESS [1:20.748s]
[INFO] Apache HBase - Hadoop Compatibility ............... SUCCESS [7.393s]
[INFO] Apache HBase - Hadoop Two Compatibility ........... SUCCESS [7.066s]
[INFO] Apache HBase - Prefix Tree ........................ SUCCESS [9.676s]
[INFO] Apache HBase - Server ............................. SUCCESS [1:36:58.528s]
[INFO] Apache HBase - Testing Util ....................... SUCCESS [1.222s]
[INFO] Apache HBase - Thrift ............................. SUCCESS [3:20.890s]
[INFO] Apache HBase - Rest ............................... SUCCESS [9:11.530s]
[INFO] Apache HBase - Shell .............................. SUCCESS [5:26.924s]
[INFO] Apache HBase - Integration Tests .................. SUCCESS [1.363s]
[INFO] Apache HBase - Examples ........................... SUCCESS [8.626s]
[INFO] Apache HBase - External Block Cache ............... SUCCESS [0.606s]
[INFO] Apache HBase - Assembly ........................... SUCCESS [1.394s]
[INFO] Apache HBase - Shaded ............................. SUCCESS [0.083s]
[INFO] Apache HBase - Shaded - Client .................... SUCCESS [0.359s]
[INFO] Apache HBase - Shaded - Server .................... SUCCESS [0.483s]
Printing hanging tests
Printing Failing tests
{code}

FAILURE: Integrated in HBase-1.3 #239 (See [https://builds.apache.org/job/HBase-1.3/239/])
HBASE-14497 Reverse Scan threw StackOverflow caused by readPt checking (tedyu: rev 5e2db42d680f35c1f0a345344a6555ea319d870b)
* hbase-server/src/test/java/org/apache/hadoop/hbase/regionserver/TestHRegion.java
* hbase-server/src/main/java/org/apache/hadoop/hbase/regionserver/StoreFileScanner.java
* hbase-server/src/main/java/org/apache/hadoop/hbase/regionserver/DefaultMemStore.java


FAILURE: Integrated in HBase-1.3-IT #215 (See [https://builds.apache.org/job/HBase-1.3-IT/215/])
HBASE-14497 Reverse Scan threw StackOverflow caused by readPt checking (tedyu: rev 5e2db42d680f35c1f0a345344a6555ea319d870b)
* hbase-server/src/test/java/org/apache/hadoop/hbase/regionserver/TestHRegion.java
* hbase-server/src/main/java/org/apache/hadoop/hbase/regionserver/StoreFileScanner.java
* hbase-server/src/main/java/org/apache/hadoop/hbase/regionserver/DefaultMemStore.java


This issue should also be fixed in 0.98. Reopen to attach patch for 0.98 branch.

Patch for 0.98 branch.

{color:red}-1 overall{color}.  Here are the results of testing the latest attachment 
  http://issues.apache.org/jira/secure/attachment/12765525/HBASE-14497-0.98-v6.patch
  against 0.98 branch at commit 7e30436e3fa84525b85b05b9e23cb01b2ada7c12.
  ATTACHMENT ID: 12765525

    {color:green}+1 @author{color}.  The patch does not contain any @author tags.

    {color:green}+1 tests included{color}.  The patch appears to include 4 new or modified tests.

    {color:green}+1 hadoop versions{color}. The patch compiles with all supported hadoop versions (2.4.0 2.4.1 2.5.0 2.5.1 2.5.2 2.6.0 2.6.1 2.7.0 2.7.1)

    {color:green}+1 javac{color}.  The applied patch does not increase the total number of javac compiler warnings.

    {color:green}+1 protoc{color}.  The applied patch does not increase the total number of protoc compiler warnings.

    {color:red}-1 javadoc{color}.  The javadoc tool appears to have generated 29 warning messages.

    {color:green}+1 checkstyle{color}.  The applied patch does not increase the total number of checkstyle errors

    {color:green}+1 findbugs{color}.  The patch does not introduce any  new Findbugs (version 2.0.3) warnings.

    {color:green}+1 release audit{color}.  The applied patch does not increase the total number of release audit warnings.

    {color:green}+1 lineLengths{color}.  The patch does not introduce lines longer than 100

  {color:green}+1 site{color}.  The mvn post-site goal succeeds with this patch.

    {color:green}+1 core tests{color}.  The patch passed unit tests in .

     {color:red}-1 core zombie tests{color}.  There are 1 zombie test(s): 	at org.apache.hadoop.hdfs.server.namenode.TestNameNodeRpcServer.testNamenodeRpcBindAny(TestNameNodeRpcServer.java:50)

Test results: https://builds.apache.org/job/PreCommit-HBASE-Build/15913//testReport/
Release Findbugs (version 2.0.3) 	warnings: https://builds.apache.org/job/PreCommit-HBASE-Build/15913//artifact/patchprocess/newFindbugsWarnings.html
Checkstyle Errors: https://builds.apache.org/job/PreCommit-HBASE-Build/15913//artifact/patchprocess/checkstyle-aggregate.html

  Javadoc warnings: https://builds.apache.org/job/PreCommit-HBASE-Build/15913//artifact/patchprocess/patchJavadocWarnings.txt
Console output: https://builds.apache.org/job/PreCommit-HBASE-Build/15913//console

This message is automatically generated.

It's somehow weird. 

I have no idea why the zombie test shows trace at TestNameNodeRpcServer, it seems like a trace to start up MiniDFSCluster. And I can't find the really test case in the zombie test traces.

That test was from hdfs test suite - not related.

SUCCESS: Integrated in HBase-0.98 #1147 (See [https://builds.apache.org/job/HBase-0.98/1147/])
HBASE-14497 Reverse Scan threw StackOverflow caused by readPt checking (tedyu: rev 710161baf0094e57241a477cc45291f25d9781ff)
* hbase-server/src/main/java/org/apache/hadoop/hbase/regionserver/MemStore.java
* hbase-server/src/test/java/org/apache/hadoop/hbase/regionserver/TestHRegion.java
* hbase-server/src/main/java/org/apache/hadoop/hbase/regionserver/StoreFileScanner.java


FAILURE: Integrated in HBase-0.98-on-Hadoop-1.1 #1099 (See [https://builds.apache.org/job/HBase-0.98-on-Hadoop-1.1/1099/])
HBASE-14497 Reverse Scan threw StackOverflow caused by readPt checking (tedyu: rev 710161baf0094e57241a477cc45291f25d9781ff)
* hbase-server/src/test/java/org/apache/hadoop/hbase/regionserver/TestHRegion.java
* hbase-server/src/main/java/org/apache/hadoop/hbase/regionserver/StoreFileScanner.java
* hbase-server/src/main/java/org/apache/hadoop/hbase/regionserver/MemStore.java


SUCCESS: Integrated in Jenkins build HBase-1.2-IT #1056 (See [https://builds.apache.org/job/HBase-1.2-IT/1056/])
HBASE-19730 Backport HBASE-14497 Reverse Scan threw StackOverflow caused (tedyu: rev 85c3e5c2e1e85eed4c12368ed3d5295b8d374f43)
* (edit) hbase-server/src/test/java/org/apache/hadoop/hbase/regionserver/TestHRegion.java
* (edit) hbase-server/src/main/java/org/apache/hadoop/hbase/regionserver/DefaultMemStore.java
* (edit) hbase-server/src/main/java/org/apache/hadoop/hbase/regionserver/StoreFileScanner.java


