After checking the code, I think there are 2 situations we need to handle:
# daughter regions are created but not updated to meta yet:
Parent region is in state of CLOSED right now.
For this situation,
If daughter directories are still under the parent directories, simply open the parent region should solve the problem. Because during region opening, split directories will be deleted.
But if daughter directories is already moved out from parent split directory, then we need to find and delete them.
# daughter regions are created and updated to meta already:
Parent region is in state CLOSED and there are informations about daughters in meta.
I think we can consider split succeed at this time. What we should do is try to assign the daughters.

And Merge procedure should have the similar story.

[~Apache9] [~zghaobac] Please take a look.


| (x) *{color:red}-1 overall{color}* |
\\
\\
|| Vote || Subsystem || Runtime || Comment ||
| {color:blue}0{color} | {color:blue} reexec {color} | {color:blue}  0m 13s{color} | {color:blue} Docker mode activated. {color} |
|| || || || {color:brown} Prechecks {color} ||
| {color:green}+1{color} | {color:green} hbaseanti {color} | {color:green}  0m  0s{color} | {color:green} Patch does not have any anti-patterns. {color} |
| {color:green}+1{color} | {color:green} @author {color} | {color:green}  0m  0s{color} | {color:green} The patch does not contain any @author tags. {color} |
| {color:orange}-0{color} | {color:orange} test4tests {color} | {color:orange}  0m  0s{color} | {color:orange} The patch doesn't appear to include any new or modified tests. Please justify why no new tests are needed for this patch. Also please list what manual steps were performed to verify this patch. {color} |
|| || || || {color:brown} master Compile Tests {color} ||
| {color:blue}0{color} | {color:blue} mvndep {color} | {color:blue}  0m 21s{color} | {color:blue} Maven dependency ordering for branch {color} |
| {color:green}+1{color} | {color:green} mvninstall {color} | {color:green}  4m  9s{color} | {color:green} master passed {color} |
| {color:green}+1{color} | {color:green} compile {color} | {color:green}  3m 48s{color} | {color:green} master passed {color} |
| {color:green}+1{color} | {color:green} checkstyle {color} | {color:green}  1m 58s{color} | {color:green} master passed {color} |
| {color:green}+1{color} | {color:green} shadedjars {color} | {color:green}  4m 34s{color} | {color:green} branch has no errors when building our shaded downstream artifacts. {color} |
| {color:green}+1{color} | {color:green} findbugs {color} | {color:green}  5m 50s{color} | {color:green} master passed {color} |
| {color:green}+1{color} | {color:green} javadoc {color} | {color:green}  1m  1s{color} | {color:green} master passed {color} |
|| || || || {color:brown} Patch Compile Tests {color} ||
| {color:blue}0{color} | {color:blue} mvndep {color} | {color:blue}  0m 14s{color} | {color:blue} Maven dependency ordering for patch {color} |
| {color:green}+1{color} | {color:green} mvninstall {color} | {color:green}  4m  9s{color} | {color:green} the patch passed {color} |
| {color:red}-1{color} | {color:red} compile {color} | {color:red}  0m 43s{color} | {color:red} hbase-server in the patch failed. {color} |
| {color:red}-1{color} | {color:red} cc {color} | {color:red}  0m 43s{color} | {color:red} hbase-server in the patch failed. {color} |
| {color:red}-1{color} | {color:red} javac {color} | {color:red}  0m 43s{color} | {color:red} hbase-server in the patch failed. {color} |
| {color:green}+1{color} | {color:green} checkstyle {color} | {color:green}  1m 59s{color} | {color:green} the patch passed {color} |
| {color:green}+1{color} | {color:green} whitespace {color} | {color:green}  0m  0s{color} | {color:green} The patch has no whitespace issues. {color} |
| {color:green}+1{color} | {color:green} shadedjars {color} | {color:green}  4m 27s{color} | {color:green} patch has no errors when building our shaded downstream artifacts. {color} |
| {color:green}+1{color} | {color:green} hadoopcheck {color} | {color:green}  8m 37s{color} | {color:green} Patch does not cause any errors with Hadoop 2.7.4 or 3.0.0. {color} |
| {color:green}+1{color} | {color:green} hbaseprotoc {color} | {color:green}  1m 36s{color} | {color:green} the patch passed {color} |
| {color:green}+1{color} | {color:green} findbugs {color} | {color:green}  6m 23s{color} | {color:green} the patch passed {color} |
| {color:green}+1{color} | {color:green} javadoc {color} | {color:green}  1m  0s{color} | {color:green} the patch passed {color} |
|| || || || {color:brown} Other Tests {color} ||
| {color:green}+1{color} | {color:green} unit {color} | {color:green}  0m 35s{color} | {color:green} hbase-protocol-shaded in the patch passed. {color} |
| {color:green}+1{color} | {color:green} unit {color} | {color:green}  3m 14s{color} | {color:green} hbase-client in the patch passed. {color} |
| {color:green}+1{color} | {color:green} unit {color} | {color:green}133m 29s{color} | {color:green} hbase-server in the patch passed. {color} |
| {color:green}+1{color} | {color:green} asflicense {color} | {color:green}  1m  2s{color} | {color:green} The patch does not generate ASF License warnings. {color} |
| {color:black}{color} | {color:black} {color} | {color:black}192m  3s{color} | {color:black} {color} |
\\
\\
|| Subsystem || Report/Notes ||
| Docker | Client=17.05.0-ce Server=17.05.0-ce Image:yetus/hbase:b002b0b |
| JIRA Issue | HBASE-21965 |
| JIRA Patch URL | https://issues.apache.org/jira/secure/attachment/12962580/HBASE-21965.master.001.patch |
| Optional Tests |  dupname  asflicense  javac  javadoc  unit  findbugs  shadedjars  hadoopcheck  hbaseanti  checkstyle  compile  cc  hbaseprotoc  |
| uname | Linux ec37d6a244c4 4.4.0-139-generic #165~14.04.1-Ubuntu SMP Wed Oct 31 10:55:11 UTC 2018 x86_64 GNU/Linux |
| Build tool | maven |
| Personality | /home/jenkins/jenkins-slave/workspace/PreCommit-HBASE-Build/component/dev-support/hbase-personality.sh |
| git revision | master / 3c5761e365 |
| maven | version: Apache Maven 3.5.4 (1edded0938998edf8bf061f1ceb3cfdeccf443fe; 2018-06-17T18:33:14Z) |
| Default Java | 1.8.0_181 |
| findbugs | v3.1.11 |
| compile | https://builds.apache.org/job/PreCommit-HBASE-Build/16389/artifact/patchprocess/patch-compile-hbase-server.txt |
| cc | https://builds.apache.org/job/PreCommit-HBASE-Build/16389/artifact/patchprocess/patch-compile-hbase-server.txt |
| javac | https://builds.apache.org/job/PreCommit-HBASE-Build/16389/artifact/patchprocess/patch-compile-hbase-server.txt |
|  Test Results | https://builds.apache.org/job/PreCommit-HBASE-Build/16389/testReport/ |
| Max. process+thread count | 5186 (vs. ulimit of 10000) |
| modules | C: hbase-protocol-shaded hbase-client hbase-server U: . |
| Console output | https://builds.apache.org/job/PreCommit-HBASE-Build/16389/console |
| Powered by | Apache Yetus 0.8.0   http://yetus.apache.org |


This message was automatically generated.



| (x) *{color:red}-1 overall{color}* |
\\
\\
|| Vote || Subsystem || Runtime || Comment ||
| {color:blue}0{color} | {color:blue} reexec {color} | {color:blue}  0m 11s{color} | {color:blue} Docker mode activated. {color} |
|| || || || {color:brown} Prechecks {color} ||
| {color:green}+1{color} | {color:green} hbaseanti {color} | {color:green}  0m  0s{color} | {color:green} Patch does not have any anti-patterns. {color} |
| {color:green}+1{color} | {color:green} @author {color} | {color:green}  0m  0s{color} | {color:green} The patch does not contain any @author tags. {color} |
| {color:green}+1{color} | {color:green} test4tests {color} | {color:green}  0m  0s{color} | {color:green} The patch appears to include 2 new or modified test files. {color} |
|| || || || {color:brown} master Compile Tests {color} ||
| {color:blue}0{color} | {color:blue} mvndep {color} | {color:blue}  0m 26s{color} | {color:blue} Maven dependency ordering for branch {color} |
| {color:green}+1{color} | {color:green} mvninstall {color} | {color:green}  4m 55s{color} | {color:green} master passed {color} |
| {color:green}+1{color} | {color:green} compile {color} | {color:green}  4m 43s{color} | {color:green} master passed {color} |
| {color:green}+1{color} | {color:green} checkstyle {color} | {color:green}  2m 14s{color} | {color:green} master passed {color} |
| {color:green}+1{color} | {color:green} shadedjars {color} | {color:green}  4m 49s{color} | {color:green} branch has no errors when building our shaded downstream artifacts. {color} |
| {color:green}+1{color} | {color:green} findbugs {color} | {color:green}  7m 30s{color} | {color:green} master passed {color} |
| {color:green}+1{color} | {color:green} javadoc {color} | {color:green}  1m 15s{color} | {color:green} master passed {color} |
|| || || || {color:brown} Patch Compile Tests {color} ||
| {color:blue}0{color} | {color:blue} mvndep {color} | {color:blue}  0m 17s{color} | {color:blue} Maven dependency ordering for patch {color} |
| {color:green}+1{color} | {color:green} mvninstall {color} | {color:green}  4m 54s{color} | {color:green} the patch passed {color} |
| {color:green}+1{color} | {color:green} compile {color} | {color:green}  4m 14s{color} | {color:green} the patch passed {color} |
| {color:green}+1{color} | {color:green} cc {color} | {color:green}  4m 14s{color} | {color:green} the patch passed {color} |
| {color:green}+1{color} | {color:green} javac {color} | {color:green}  4m 14s{color} | {color:green} the patch passed {color} |
| {color:red}-1{color} | {color:red} checkstyle {color} | {color:red}  1m 17s{color} | {color:red} hbase-server: The patch generated 5 new + 43 unchanged - 0 fixed = 48 total (was 43) {color} |
| {color:red}-1{color} | {color:red} whitespace {color} | {color:red}  0m  0s{color} | {color:red} The patch has 1 line(s) that end in whitespace. Use git apply --whitespace=fix <<patch_file>>. Refer https://git-scm.com/docs/git-apply {color} |
| {color:green}+1{color} | {color:green} shadedjars {color} | {color:green}  4m 47s{color} | {color:green} patch has no errors when building our shaded downstream artifacts. {color} |
| {color:green}+1{color} | {color:green} hadoopcheck {color} | {color:green}  8m 46s{color} | {color:green} Patch does not cause any errors with Hadoop 2.7.4 or 3.0.0. {color} |
| {color:green}+1{color} | {color:green} hbaseprotoc {color} | {color:green}  1m 35s{color} | {color:green} the patch passed {color} |
| {color:green}+1{color} | {color:green} findbugs {color} | {color:green}  7m 12s{color} | {color:green} the patch passed {color} |
| {color:green}+1{color} | {color:green} javadoc {color} | {color:green}  1m  4s{color} | {color:green} the patch passed {color} |
|| || || || {color:brown} Other Tests {color} ||
| {color:green}+1{color} | {color:green} unit {color} | {color:green}  0m 36s{color} | {color:green} hbase-protocol-shaded in the patch passed. {color} |
| {color:green}+1{color} | {color:green} unit {color} | {color:green}  3m 18s{color} | {color:green} hbase-client in the patch passed. {color} |
| {color:green}+1{color} | {color:green} unit {color} | {color:green}140m 38s{color} | {color:green} hbase-server in the patch passed. {color} |
| {color:green}+1{color} | {color:green} asflicense {color} | {color:green}  0m 57s{color} | {color:green} The patch does not generate ASF License warnings. {color} |
| {color:black}{color} | {color:black} {color} | {color:black}207m 36s{color} | {color:black} {color} |
\\
\\
|| Subsystem || Report/Notes ||
| Docker | Client=17.05.0-ce Server=17.05.0-ce Image:yetus/hbase:b002b0b |
| JIRA Issue | HBASE-21965 |
| JIRA Patch URL | https://issues.apache.org/jira/secure/attachment/12962806/HBASE-21965.master.002.patch |
| Optional Tests |  dupname  asflicense  javac  javadoc  unit  findbugs  shadedjars  hadoopcheck  hbaseanti  checkstyle  compile  cc  hbaseprotoc  |
| uname | Linux deb2b0aa5d5e 4.4.0-138-generic #164~14.04.1-Ubuntu SMP Fri Oct 5 08:56:16 UTC 2018 x86_64 GNU/Linux |
| Build tool | maven |
| Personality | /home/jenkins/jenkins-slave/workspace/PreCommit-HBASE-Build/component/dev-support/hbase-personality.sh |
| git revision | master / 6cd78e899f |
| maven | version: Apache Maven 3.5.4 (1edded0938998edf8bf061f1ceb3cfdeccf443fe; 2018-06-17T18:33:14Z) |
| Default Java | 1.8.0_181 |
| findbugs | v3.1.11 |
| checkstyle | https://builds.apache.org/job/PreCommit-HBASE-Build/16409/artifact/patchprocess/diff-checkstyle-hbase-server.txt |
| whitespace | https://builds.apache.org/job/PreCommit-HBASE-Build/16409/artifact/patchprocess/whitespace-eol.txt |
|  Test Results | https://builds.apache.org/job/PreCommit-HBASE-Build/16409/testReport/ |
| Max. process+thread count | 5311 (vs. ulimit of 10000) |
| modules | C: hbase-protocol-shaded hbase-client hbase-server U: . |
| Console output | https://builds.apache.org/job/PreCommit-HBASE-Build/16409/console |
| Powered by | Apache Yetus 0.8.0   http://yetus.apache.org |


This message was automatically generated.



| (x) *{color:red}-1 overall{color}* |
\\
\\
|| Vote || Subsystem || Runtime || Comment ||
| {color:blue}0{color} | {color:blue} reexec {color} | {color:blue}  4m 28s{color} | {color:blue} Docker mode activated. {color} |
|| || || || {color:brown} Prechecks {color} ||
| {color:green}+1{color} | {color:green} hbaseanti {color} | {color:green}  0m  0s{color} | {color:green} Patch does not have any anti-patterns. {color} |
| {color:green}+1{color} | {color:green} @author {color} | {color:green}  0m  0s{color} | {color:green} The patch does not contain any @author tags. {color} |
| {color:green}+1{color} | {color:green} test4tests {color} | {color:green}  0m  0s{color} | {color:green} The patch appears to include 2 new or modified test files. {color} |
|| || || || {color:brown} master Compile Tests {color} ||
| {color:blue}0{color} | {color:blue} mvndep {color} | {color:blue}  0m 24s{color} | {color:blue} Maven dependency ordering for branch {color} |
| {color:green}+1{color} | {color:green} mvninstall {color} | {color:green}  4m 11s{color} | {color:green} master passed {color} |
| {color:green}+1{color} | {color:green} compile {color} | {color:green}  3m 37s{color} | {color:green} master passed {color} |
| {color:green}+1{color} | {color:green} checkstyle {color} | {color:green}  1m 41s{color} | {color:green} master passed {color} |
| {color:green}+1{color} | {color:green} shadedjars {color} | {color:green}  4m  7s{color} | {color:green} branch has no errors when building our shaded downstream artifacts. {color} |
| {color:green}+1{color} | {color:green} findbugs {color} | {color:green}  5m 35s{color} | {color:green} master passed {color} |
| {color:green}+1{color} | {color:green} javadoc {color} | {color:green}  0m 57s{color} | {color:green} master passed {color} |
|| || || || {color:brown} Patch Compile Tests {color} ||
| {color:blue}0{color} | {color:blue} mvndep {color} | {color:blue}  0m 14s{color} | {color:blue} Maven dependency ordering for patch {color} |
| {color:green}+1{color} | {color:green} mvninstall {color} | {color:green}  3m 45s{color} | {color:green} the patch passed {color} |
| {color:green}+1{color} | {color:green} compile {color} | {color:green}  3m 31s{color} | {color:green} the patch passed {color} |
| {color:green}+1{color} | {color:green} cc {color} | {color:green}  3m 31s{color} | {color:green} the patch passed {color} |
| {color:green}+1{color} | {color:green} javac {color} | {color:green}  3m 31s{color} | {color:green} the patch passed {color} |
| {color:red}-1{color} | {color:red} checkstyle {color} | {color:red}  1m  7s{color} | {color:red} hbase-server: The patch generated 1 new + 43 unchanged - 0 fixed = 44 total (was 43) {color} |
| {color:red}-1{color} | {color:red} whitespace {color} | {color:red}  0m  0s{color} | {color:red} The patch has 1 line(s) that end in whitespace. Use git apply --whitespace=fix <<patch_file>>. Refer https://git-scm.com/docs/git-apply {color} |
| {color:green}+1{color} | {color:green} shadedjars {color} | {color:green}  4m 14s{color} | {color:green} patch has no errors when building our shaded downstream artifacts. {color} |
| {color:green}+1{color} | {color:green} hadoopcheck {color} | {color:green}  8m  6s{color} | {color:green} Patch does not cause any errors with Hadoop 2.7.4 or 3.0.0. {color} |
| {color:green}+1{color} | {color:green} hbaseprotoc {color} | {color:green}  1m 29s{color} | {color:green} the patch passed {color} |
| {color:green}+1{color} | {color:green} findbugs {color} | {color:green}  6m 32s{color} | {color:green} the patch passed {color} |
| {color:green}+1{color} | {color:green} javadoc {color} | {color:green}  0m 58s{color} | {color:green} the patch passed {color} |
|| || || || {color:brown} Other Tests {color} ||
| {color:green}+1{color} | {color:green} unit {color} | {color:green}  0m 32s{color} | {color:green} hbase-protocol-shaded in the patch passed. {color} |
| {color:green}+1{color} | {color:green} unit {color} | {color:green}  3m 11s{color} | {color:green} hbase-client in the patch passed. {color} |
| {color:red}-1{color} | {color:red} unit {color} | {color:red}259m 23s{color} | {color:red} hbase-server in the patch failed. {color} |
| {color:green}+1{color} | {color:green} asflicense {color} | {color:green}  1m 13s{color} | {color:green} The patch does not generate ASF License warnings. {color} |
| {color:black}{color} | {color:black} {color} | {color:black}320m 56s{color} | {color:black} {color} |
\\
\\
|| Reason || Tests ||
| Failed junit tests | hadoop.hbase.master.procedure.TestSCPWithReplicas |
|   | hadoop.hbase.client.TestSnapshotTemporaryDirectoryWithRegionReplicas |
\\
\\
|| Subsystem || Report/Notes ||
| Docker | Client=17.05.0-ce Server=17.05.0-ce Image:yetus/hbase:b002b0b |
| JIRA Issue | HBASE-21965 |
| JIRA Patch URL | https://issues.apache.org/jira/secure/attachment/12962910/HBASE-21965.master.003.patch |
| Optional Tests |  dupname  asflicense  javac  javadoc  unit  findbugs  shadedjars  hadoopcheck  hbaseanti  checkstyle  compile  cc  hbaseprotoc  |
| uname | Linux d7335a60da39 4.4.0-138-generic #164-Ubuntu SMP Tue Oct 2 17:16:02 UTC 2018 x86_64 GNU/Linux |
| Build tool | maven |
| Personality | /home/jenkins/jenkins-slave/workspace/PreCommit-HBASE-Build/component/dev-support/hbase-personality.sh |
| git revision | master / f65bf79d1d |
| maven | version: Apache Maven 3.5.4 (1edded0938998edf8bf061f1ceb3cfdeccf443fe; 2018-06-17T18:33:14Z) |
| Default Java | 1.8.0_181 |
| findbugs | v3.1.11 |
| checkstyle | https://builds.apache.org/job/PreCommit-HBASE-Build/16419/artifact/patchprocess/diff-checkstyle-hbase-server.txt |
| whitespace | https://builds.apache.org/job/PreCommit-HBASE-Build/16419/artifact/patchprocess/whitespace-eol.txt |
| unit | https://builds.apache.org/job/PreCommit-HBASE-Build/16419/artifact/patchprocess/patch-unit-hbase-server.txt |
|  Test Results | https://builds.apache.org/job/PreCommit-HBASE-Build/16419/testReport/ |
| Max. process+thread count | 4992 (vs. ulimit of 10000) |
| modules | C: hbase-protocol-shaded hbase-client hbase-server U: . |
| Console output | https://builds.apache.org/job/PreCommit-HBASE-Build/16419/console |
| Powered by | Apache Yetus 0.8.0   http://yetus.apache.org |


This message was automatically generated.



| (x) *{color:red}-1 overall{color}* |
\\
\\
|| Vote || Subsystem || Runtime || Comment ||
| {color:blue}0{color} | {color:blue} reexec {color} | {color:blue}  0m 19s{color} | {color:blue} Docker mode activated. {color} |
|| || || || {color:brown} Prechecks {color} ||
| {color:green}+1{color} | {color:green} hbaseanti {color} | {color:green}  0m  0s{color} | {color:green} Patch does not have any anti-patterns. {color} |
| {color:green}+1{color} | {color:green} @author {color} | {color:green}  0m  0s{color} | {color:green} The patch does not contain any @author tags. {color} |
| {color:green}+1{color} | {color:green} test4tests {color} | {color:green}  0m  0s{color} | {color:green} The patch appears to include 2 new or modified test files. {color} |
|| || || || {color:brown} master Compile Tests {color} ||
| {color:blue}0{color} | {color:blue} mvndep {color} | {color:blue}  0m 27s{color} | {color:blue} Maven dependency ordering for branch {color} |
| {color:green}+1{color} | {color:green} mvninstall {color} | {color:green}  3m 54s{color} | {color:green} master passed {color} |
| {color:green}+1{color} | {color:green} compile {color} | {color:green}  3m 30s{color} | {color:green} master passed {color} |
| {color:green}+1{color} | {color:green} checkstyle {color} | {color:green}  1m 48s{color} | {color:green} master passed {color} |
| {color:green}+1{color} | {color:green} shadedjars {color} | {color:green}  4m 13s{color} | {color:green} branch has no errors when building our shaded downstream artifacts. {color} |
| {color:green}+1{color} | {color:green} findbugs {color} | {color:green}  5m 37s{color} | {color:green} master passed {color} |
| {color:green}+1{color} | {color:green} javadoc {color} | {color:green}  1m 56s{color} | {color:green} master passed {color} |
|| || || || {color:brown} Patch Compile Tests {color} ||
| {color:blue}0{color} | {color:blue} mvndep {color} | {color:blue}  0m 14s{color} | {color:blue} Maven dependency ordering for patch {color} |
| {color:green}+1{color} | {color:green} mvninstall {color} | {color:green}  3m 48s{color} | {color:green} the patch passed {color} |
| {color:green}+1{color} | {color:green} compile {color} | {color:green}  3m 20s{color} | {color:green} the patch passed {color} |
| {color:green}+1{color} | {color:green} cc {color} | {color:green}  3m 20s{color} | {color:green} the patch passed {color} |
| {color:green}+1{color} | {color:green} javac {color} | {color:green}  3m 20s{color} | {color:green} the patch passed {color} |
| {color:red}-1{color} | {color:red} checkstyle {color} | {color:red}  1m  6s{color} | {color:red} hbase-server: The patch generated 1 new + 43 unchanged - 0 fixed = 44 total (was 43) {color} |
| {color:red}-1{color} | {color:red} whitespace {color} | {color:red}  0m  0s{color} | {color:red} The patch has 1 line(s) that end in whitespace. Use git apply --whitespace=fix <<patch_file>>. Refer https://git-scm.com/docs/git-apply {color} |
| {color:green}+1{color} | {color:green} shadedjars {color} | {color:green}  4m 13s{color} | {color:green} patch has no errors when building our shaded downstream artifacts. {color} |
| {color:green}+1{color} | {color:green} hadoopcheck {color} | {color:green}  8m  1s{color} | {color:green} Patch does not cause any errors with Hadoop 2.7.4 or 3.0.0. {color} |
| {color:green}+1{color} | {color:green} hbaseprotoc {color} | {color:green}  1m 32s{color} | {color:green} the patch passed {color} |
| {color:green}+1{color} | {color:green} findbugs {color} | {color:green}  6m 31s{color} | {color:green} the patch passed {color} |
| {color:green}+1{color} | {color:green} javadoc {color} | {color:green}  1m  1s{color} | {color:green} the patch passed {color} |
|| || || || {color:brown} Other Tests {color} ||
| {color:green}+1{color} | {color:green} unit {color} | {color:green}  0m 34s{color} | {color:green} hbase-protocol-shaded in the patch passed. {color} |
| {color:green}+1{color} | {color:green} unit {color} | {color:green}  3m 20s{color} | {color:green} hbase-client in the patch passed. {color} |
| {color:green}+1{color} | {color:green} unit {color} | {color:green}132m 55s{color} | {color:green} hbase-server in the patch passed. {color} |
| {color:green}+1{color} | {color:green} asflicense {color} | {color:green}  0m 51s{color} | {color:green} The patch does not generate ASF License warnings. {color} |
| {color:black}{color} | {color:black} {color} | {color:black}191m  2s{color} | {color:black} {color} |
\\
\\
|| Subsystem || Report/Notes ||
| Docker | Client=17.05.0-ce Server=17.05.0-ce Image:yetus/hbase:b002b0b |
| JIRA Issue | HBASE-21965 |
| JIRA Patch URL | https://issues.apache.org/jira/secure/attachment/12962929/HBASE-21965.master.004.patch |
| Optional Tests |  dupname  asflicense  javac  javadoc  unit  findbugs  shadedjars  hadoopcheck  hbaseanti  checkstyle  compile  cc  hbaseprotoc  |
| uname | Linux 1a61befbaead 4.4.0-138-generic #164-Ubuntu SMP Tue Oct 2 17:16:02 UTC 2018 x86_64 GNU/Linux |
| Build tool | maven |
| Personality | /home/jenkins/jenkins-slave/workspace/PreCommit-HBASE-Build/component/dev-support/hbase-personality.sh |
| git revision | master / f65bf79d1d |
| maven | version: Apache Maven 3.5.4 (1edded0938998edf8bf061f1ceb3cfdeccf443fe; 2018-06-17T18:33:14Z) |
| Default Java | 1.8.0_181 |
| findbugs | v3.1.11 |
| checkstyle | https://builds.apache.org/job/PreCommit-HBASE-Build/16424/artifact/patchprocess/diff-checkstyle-hbase-server.txt |
| whitespace | https://builds.apache.org/job/PreCommit-HBASE-Build/16424/artifact/patchprocess/whitespace-eol.txt |
|  Test Results | https://builds.apache.org/job/PreCommit-HBASE-Build/16424/testReport/ |
| Max. process+thread count | 5028 (vs. ulimit of 10000) |
| modules | C: hbase-protocol-shaded hbase-client hbase-server U: . |
| Console output | https://builds.apache.org/job/PreCommit-HBASE-Build/16424/console |
| Powered by | Apache Yetus 0.8.0   http://yetus.apache.org |


This message was automatically generated.



| (x) *{color:red}-1 overall{color}* |
\\
\\
|| Vote || Subsystem || Runtime || Comment ||
| {color:blue}0{color} | {color:blue} reexec {color} | {color:blue}  0m 11s{color} | {color:blue} Docker mode activated. {color} |
|| || || || {color:brown} Prechecks {color} ||
| {color:green}+1{color} | {color:green} hbaseanti {color} | {color:green}  0m  0s{color} | {color:green} Patch does not have any anti-patterns. {color} |
| {color:green}+1{color} | {color:green} @author {color} | {color:green}  0m  0s{color} | {color:green} The patch does not contain any @author tags. {color} |
| {color:green}+1{color} | {color:green} test4tests {color} | {color:green}  0m  0s{color} | {color:green} The patch appears to include 2 new or modified test files. {color} |
|| || || || {color:brown} master Compile Tests {color} ||
| {color:blue}0{color} | {color:blue} mvndep {color} | {color:blue}  0m 31s{color} | {color:blue} Maven dependency ordering for branch {color} |
| {color:green}+1{color} | {color:green} mvninstall {color} | {color:green}  4m 29s{color} | {color:green} master passed {color} |
| {color:green}+1{color} | {color:green} compile {color} | {color:green}  3m 52s{color} | {color:green} master passed {color} |
| {color:green}+1{color} | {color:green} checkstyle {color} | {color:green}  1m 58s{color} | {color:green} master passed {color} |
| {color:green}+1{color} | {color:green} shadedjars {color} | {color:green}  4m 36s{color} | {color:green} branch has no errors when building our shaded downstream artifacts. {color} |
| {color:green}+1{color} | {color:green} findbugs {color} | {color:green}  6m 12s{color} | {color:green} master passed {color} |
| {color:green}+1{color} | {color:green} javadoc {color} | {color:green}  1m  3s{color} | {color:green} master passed {color} |
|| || || || {color:brown} Patch Compile Tests {color} ||
| {color:blue}0{color} | {color:blue} mvndep {color} | {color:blue}  0m 14s{color} | {color:blue} Maven dependency ordering for patch {color} |
| {color:green}+1{color} | {color:green} mvninstall {color} | {color:green}  4m 13s{color} | {color:green} the patch passed {color} |
| {color:green}+1{color} | {color:green} compile {color} | {color:green}  3m 50s{color} | {color:green} the patch passed {color} |
| {color:green}+1{color} | {color:green} cc {color} | {color:green}  3m 50s{color} | {color:green} the patch passed {color} |
| {color:green}+1{color} | {color:green} javac {color} | {color:green}  3m 50s{color} | {color:green} the patch passed {color} |
| {color:red}-1{color} | {color:red} checkstyle {color} | {color:red}  1m 17s{color} | {color:red} hbase-server: The patch generated 2 new + 43 unchanged - 0 fixed = 45 total (was 43) {color} |
| {color:green}+1{color} | {color:green} whitespace {color} | {color:green}  0m  0s{color} | {color:green} The patch has no whitespace issues. {color} |
| {color:green}+1{color} | {color:green} shadedjars {color} | {color:green}  4m 32s{color} | {color:green} patch has no errors when building our shaded downstream artifacts. {color} |
| {color:green}+1{color} | {color:green} hadoopcheck {color} | {color:green}  8m 55s{color} | {color:green} Patch does not cause any errors with Hadoop 2.7.4 or 3.0.0. {color} |
| {color:green}+1{color} | {color:green} hbaseprotoc {color} | {color:green}  1m 38s{color} | {color:green} the patch passed {color} |
| {color:green}+1{color} | {color:green} findbugs {color} | {color:green}  7m  2s{color} | {color:green} the patch passed {color} |
| {color:green}+1{color} | {color:green} javadoc {color} | {color:green}  1m  2s{color} | {color:green} the patch passed {color} |
|| || || || {color:brown} Other Tests {color} ||
| {color:green}+1{color} | {color:green} unit {color} | {color:green}  0m 35s{color} | {color:green} hbase-protocol-shaded in the patch passed. {color} |
| {color:green}+1{color} | {color:green} unit {color} | {color:green}  3m 17s{color} | {color:green} hbase-client in the patch passed. {color} |
| {color:green}+1{color} | {color:green} unit {color} | {color:green}146m 37s{color} | {color:green} hbase-server in the patch passed. {color} |
| {color:green}+1{color} | {color:green} asflicense {color} | {color:green}  1m  3s{color} | {color:green} The patch does not generate ASF License warnings. {color} |
| {color:black}{color} | {color:black} {color} | {color:black}208m 47s{color} | {color:black} {color} |
\\
\\
|| Subsystem || Report/Notes ||
| Docker | Client=17.05.0-ce Server=17.05.0-ce Image:yetus/hbase:b002b0b |
| JIRA Issue | HBASE-21965 |
| JIRA Patch URL | https://issues.apache.org/jira/secure/attachment/12963049/HBASE-21965.master.005.patch |
| Optional Tests |  dupname  asflicense  javac  javadoc  unit  findbugs  shadedjars  hadoopcheck  hbaseanti  checkstyle  compile  cc  hbaseprotoc  |
| uname | Linux 50689433a4b4 4.4.0-139-generic #165~14.04.1-Ubuntu SMP Wed Oct 31 10:55:11 UTC 2018 x86_64 GNU/Linux |
| Build tool | maven |
| Personality | /home/jenkins/jenkins-slave/workspace/PreCommit-HBASE-Build@2/component/dev-support/hbase-personality.sh |
| git revision | master / b4b4854371 |
| maven | version: Apache Maven 3.5.4 (1edded0938998edf8bf061f1ceb3cfdeccf443fe; 2018-06-17T18:33:14Z) |
| Default Java | 1.8.0_181 |
| findbugs | v3.1.11 |
| checkstyle | https://builds.apache.org/job/PreCommit-HBASE-Build/16438/artifact/patchprocess/diff-checkstyle-hbase-server.txt |
|  Test Results | https://builds.apache.org/job/PreCommit-HBASE-Build/16438/testReport/ |
| Max. process+thread count | 5066 (vs. ulimit of 10000) |
| modules | C: hbase-protocol-shaded hbase-client hbase-server U: . |
| Console output | https://builds.apache.org/job/PreCommit-HBASE-Build/16438/console |
| Powered by | Apache Yetus 0.8.0   http://yetus.apache.org |


This message was automatically generated.



| (x) *{color:red}-1 overall{color}* |
\\
\\
|| Vote || Subsystem || Runtime || Comment ||
| {color:blue}0{color} | {color:blue} reexec {color} | {color:blue}  0m 10s{color} | {color:blue} Docker mode activated. {color} |
| {color:red}-1{color} | {color:red} patch {color} | {color:red}  0m  4s{color} | {color:red} HBASE-21965 does not apply to master. Rebase required? Wrong Branch? See https://yetus.apache.org/documentation/0.8.0/precommit-patchnames for help. {color} |
\\
\\
|| Subsystem || Report/Notes ||
| Docker | Client=17.05.0-ce Server=17.05.0-ce Image:yetus/hbase:b002b0b |
| JIRA Issue | HBASE-21965 |
| JIRA Patch URL | https://issues.apache.org/jira/secure/attachment/12963080/HBASE-21965.master.006.patch |
| Console output | https://builds.apache.org/job/PreCommit-HBASE-Build/16442/console |
| Powered by | Apache Yetus 0.8.0   http://yetus.apache.org |


This message was automatically generated.



| (x) *{color:red}-1 overall{color}* |
\\
\\
|| Vote || Subsystem || Runtime || Comment ||
| {color:blue}0{color} | {color:blue} reexec {color} | {color:blue}  0m 17s{color} | {color:blue} Docker mode activated. {color} |
|| || || || {color:brown} Prechecks {color} ||
| {color:green}+1{color} | {color:green} hbaseanti {color} | {color:green}  0m  0s{color} | {color:green} Patch does not have any anti-patterns. {color} |
| {color:green}+1{color} | {color:green} @author {color} | {color:green}  0m  0s{color} | {color:green} The patch does not contain any @author tags. {color} |
| {color:green}+1{color} | {color:green} test4tests {color} | {color:green}  0m  0s{color} | {color:green} The patch appears to include 2 new or modified test files. {color} |
|| || || || {color:brown} master Compile Tests {color} ||
| {color:blue}0{color} | {color:blue} mvndep {color} | {color:blue}  0m 22s{color} | {color:blue} Maven dependency ordering for branch {color} |
| {color:green}+1{color} | {color:green} mvninstall {color} | {color:green}  4m 11s{color} | {color:green} master passed {color} |
| {color:green}+1{color} | {color:green} compile {color} | {color:green}  3m 52s{color} | {color:green} master passed {color} |
| {color:green}+1{color} | {color:green} checkstyle {color} | {color:green}  1m 57s{color} | {color:green} master passed {color} |
| {color:green}+1{color} | {color:green} shadedjars {color} | {color:green}  4m 41s{color} | {color:green} branch has no errors when building our shaded downstream artifacts. {color} |
| {color:green}+1{color} | {color:green} findbugs {color} | {color:green}  6m 44s{color} | {color:green} master passed {color} |
| {color:green}+1{color} | {color:green} javadoc {color} | {color:green}  1m  4s{color} | {color:green} master passed {color} |
|| || || || {color:brown} Patch Compile Tests {color} ||
| {color:blue}0{color} | {color:blue} mvndep {color} | {color:blue}  0m 14s{color} | {color:blue} Maven dependency ordering for patch {color} |
| {color:green}+1{color} | {color:green} mvninstall {color} | {color:green}  4m  8s{color} | {color:green} the patch passed {color} |
| {color:green}+1{color} | {color:green} compile {color} | {color:green}  3m 48s{color} | {color:green} the patch passed {color} |
| {color:green}+1{color} | {color:green} cc {color} | {color:green}  3m 48s{color} | {color:green} the patch passed {color} |
| {color:green}+1{color} | {color:green} javac {color} | {color:green}  3m 48s{color} | {color:green} the patch passed {color} |
| {color:green}+1{color} | {color:green} checkstyle {color} | {color:green}  2m  5s{color} | {color:green} the patch passed {color} |
| {color:red}-1{color} | {color:red} whitespace {color} | {color:red}  0m  0s{color} | {color:red} The patch has 1 line(s) that end in whitespace. Use git apply --whitespace=fix <<patch_file>>. Refer https://git-scm.com/docs/git-apply {color} |
| {color:green}+1{color} | {color:green} shadedjars {color} | {color:green}  4m 37s{color} | {color:green} patch has no errors when building our shaded downstream artifacts. {color} |
| {color:green}+1{color} | {color:green} hadoopcheck {color} | {color:green}  8m 48s{color} | {color:green} Patch does not cause any errors with Hadoop 2.7.4 or 3.0.0. {color} |
| {color:green}+1{color} | {color:green} hbaseprotoc {color} | {color:green}  1m 36s{color} | {color:green} the patch passed {color} |
| {color:green}+1{color} | {color:green} findbugs {color} | {color:green}  7m  7s{color} | {color:green} the patch passed {color} |
| {color:green}+1{color} | {color:green} javadoc {color} | {color:green}  1m  8s{color} | {color:green} the patch passed {color} |
|| || || || {color:brown} Other Tests {color} ||
| {color:green}+1{color} | {color:green} unit {color} | {color:green}  0m 37s{color} | {color:green} hbase-protocol-shaded in the patch passed. {color} |
| {color:green}+1{color} | {color:green} unit {color} | {color:green}  3m 28s{color} | {color:green} hbase-client in the patch passed. {color} |
| {color:green}+1{color} | {color:green} unit {color} | {color:green}132m 39s{color} | {color:green} hbase-server in the patch passed. {color} |
| {color:green}+1{color} | {color:green} asflicense {color} | {color:green}  0m 58s{color} | {color:green} The patch does not generate ASF License warnings. {color} |
| {color:black}{color} | {color:black} {color} | {color:black}195m 26s{color} | {color:black} {color} |
\\
\\
|| Subsystem || Report/Notes ||
| Docker | Client=17.05.0-ce Server=17.05.0-ce Image:yetus/hbase:b002b0b |
| JIRA Issue | HBASE-21965 |
| JIRA Patch URL | https://issues.apache.org/jira/secure/attachment/12963089/HBASE-21965.master.007.patch |
| Optional Tests |  dupname  asflicense  javac  javadoc  unit  findbugs  shadedjars  hadoopcheck  hbaseanti  checkstyle  compile  cc  hbaseprotoc  |
| uname | Linux 9a38d5206eb9 4.4.0-138-generic #164~14.04.1-Ubuntu SMP Fri Oct 5 08:56:16 UTC 2018 x86_64 GNU/Linux |
| Build tool | maven |
| Personality | /home/jenkins/jenkins-slave/workspace/PreCommit-HBASE-Build/component/dev-support/hbase-personality.sh |
| git revision | master / c52dd9efa0 |
| maven | version: Apache Maven 3.5.4 (1edded0938998edf8bf061f1ceb3cfdeccf443fe; 2018-06-17T18:33:14Z) |
| Default Java | 1.8.0_181 |
| findbugs | v3.1.11 |
| whitespace | https://builds.apache.org/job/PreCommit-HBASE-Build/16446/artifact/patchprocess/whitespace-eol.txt |
|  Test Results | https://builds.apache.org/job/PreCommit-HBASE-Build/16446/testReport/ |
| Max. process+thread count | 5272 (vs. ulimit of 10000) |
| modules | C: hbase-protocol-shaded hbase-client hbase-server U: . |
| Console output | https://builds.apache.org/job/PreCommit-HBASE-Build/16446/console |
| Powered by | Apache Yetus 0.8.0   http://yetus.apache.org |


This message was automatically generated.



| (x) *{color:red}-1 overall{color}* |
\\
\\
|| Vote || Subsystem || Runtime || Comment ||
| {color:blue}0{color} | {color:blue} reexec {color} | {color:blue}  0m 13s{color} | {color:blue} Docker mode activated. {color} |
|| || || || {color:brown} Prechecks {color} ||
| {color:green}+1{color} | {color:green} hbaseanti {color} | {color:green}  0m  0s{color} | {color:green} Patch does not have any anti-patterns. {color} |
| {color:green}+1{color} | {color:green} @author {color} | {color:green}  0m  0s{color} | {color:green} The patch does not contain any @author tags. {color} |
| {color:green}+1{color} | {color:green} test4tests {color} | {color:green}  0m  0s{color} | {color:green} The patch appears to include 2 new or modified test files. {color} |
|| || || || {color:brown} master Compile Tests {color} ||
| {color:blue}0{color} | {color:blue} mvndep {color} | {color:blue}  0m 23s{color} | {color:blue} Maven dependency ordering for branch {color} |
| {color:green}+1{color} | {color:green} mvninstall {color} | {color:green}  3m 54s{color} | {color:green} master passed {color} |
| {color:green}+1{color} | {color:green} compile {color} | {color:green}  3m 35s{color} | {color:green} master passed {color} |
| {color:green}+1{color} | {color:green} checkstyle {color} | {color:green}  1m 49s{color} | {color:green} master passed {color} |
| {color:green}+1{color} | {color:green} shadedjars {color} | {color:green}  4m 11s{color} | {color:green} branch has no errors when building our shaded downstream artifacts. {color} |
| {color:green}+1{color} | {color:green} findbugs {color} | {color:green}  5m 37s{color} | {color:green} master passed {color} |
| {color:green}+1{color} | {color:green} javadoc {color} | {color:green}  1m  2s{color} | {color:green} master passed {color} |
|| || || || {color:brown} Patch Compile Tests {color} ||
| {color:blue}0{color} | {color:blue} mvndep {color} | {color:blue}  0m 15s{color} | {color:blue} Maven dependency ordering for patch {color} |
| {color:green}+1{color} | {color:green} mvninstall {color} | {color:green}  3m 48s{color} | {color:green} the patch passed {color} |
| {color:green}+1{color} | {color:green} compile {color} | {color:green}  3m 29s{color} | {color:green} the patch passed {color} |
| {color:green}+1{color} | {color:green} cc {color} | {color:green}  3m 29s{color} | {color:green} the patch passed {color} |
| {color:green}+1{color} | {color:green} javac {color} | {color:green}  3m 29s{color} | {color:green} the patch passed {color} |
| {color:green}+1{color} | {color:green} checkstyle {color} | {color:green}  1m 49s{color} | {color:green} the patch passed {color} |
| {color:red}-1{color} | {color:red} whitespace {color} | {color:red}  0m  0s{color} | {color:red} The patch has 1 line(s) that end in whitespace. Use git apply --whitespace=fix <<patch_file>>. Refer https://git-scm.com/docs/git-apply {color} |
| {color:green}+1{color} | {color:green} shadedjars {color} | {color:green}  4m 10s{color} | {color:green} patch has no errors when building our shaded downstream artifacts. {color} |
| {color:green}+1{color} | {color:green} hadoopcheck {color} | {color:green}  8m  0s{color} | {color:green} Patch does not cause any errors with Hadoop 2.7.4 or 3.0.0. {color} |
| {color:green}+1{color} | {color:green} hbaseprotoc {color} | {color:green}  1m 34s{color} | {color:green} the patch passed {color} |
| {color:green}+1{color} | {color:green} findbugs {color} | {color:green}  6m 33s{color} | {color:green} the patch passed {color} |
| {color:green}+1{color} | {color:green} javadoc {color} | {color:green}  1m  1s{color} | {color:green} the patch passed {color} |
|| || || || {color:brown} Other Tests {color} ||
| {color:green}+1{color} | {color:green} unit {color} | {color:green}  0m 33s{color} | {color:green} hbase-protocol-shaded in the patch passed. {color} |
| {color:green}+1{color} | {color:green} unit {color} | {color:green}  3m 24s{color} | {color:green} hbase-client in the patch passed. {color} |
| {color:green}+1{color} | {color:green} unit {color} | {color:green}127m 24s{color} | {color:green} hbase-server in the patch passed. {color} |
| {color:green}+1{color} | {color:green} asflicense {color} | {color:green}  1m  1s{color} | {color:green} The patch does not generate ASF License warnings. {color} |
| {color:black}{color} | {color:black} {color} | {color:black}184m 53s{color} | {color:black} {color} |
\\
\\
|| Subsystem || Report/Notes ||
| Docker | Client=17.05.0-ce Server=17.05.0-ce Image:yetus/hbase:b002b0b |
| JIRA Issue | HBASE-21965 |
| JIRA Patch URL | https://issues.apache.org/jira/secure/attachment/12963105/HBASE-21965.master.007.patch |
| Optional Tests |  dupname  asflicense  javac  javadoc  unit  findbugs  shadedjars  hadoopcheck  hbaseanti  checkstyle  compile  cc  hbaseprotoc  |
| uname | Linux 6c6aee869bfd 4.4.0-138-generic #164-Ubuntu SMP Tue Oct 2 17:16:02 UTC 2018 x86_64 GNU/Linux |
| Build tool | maven |
| Personality | /home/jenkins/jenkins-slave/workspace/PreCommit-HBASE-Build/component/dev-support/hbase-personality.sh |
| git revision | master / c52dd9efa0 |
| maven | version: Apache Maven 3.5.4 (1edded0938998edf8bf061f1ceb3cfdeccf443fe; 2018-06-17T18:33:14Z) |
| Default Java | 1.8.0_181 |
| findbugs | v3.1.11 |
| whitespace | https://builds.apache.org/job/PreCommit-HBASE-Build/16450/artifact/patchprocess/whitespace-eol.txt |
|  Test Results | https://builds.apache.org/job/PreCommit-HBASE-Build/16450/testReport/ |
| Max. process+thread count | 4801 (vs. ulimit of 10000) |
| modules | C: hbase-protocol-shaded hbase-client hbase-server U: . |
| Console output | https://builds.apache.org/job/PreCommit-HBASE-Build/16450/console |
| Powered by | Apache Yetus 0.8.0   http://yetus.apache.org |


This message was automatically generated.



| (/) *{color:green}+1 overall{color}* |
\\
\\
|| Vote || Subsystem || Runtime || Comment ||
| {color:blue}0{color} | {color:blue} reexec {color} | {color:blue}  0m 15s{color} | {color:blue} Docker mode activated. {color} |
|| || || || {color:brown} Prechecks {color} ||
| {color:green}+1{color} | {color:green} hbaseanti {color} | {color:green}  0m  0s{color} | {color:green} Patch does not have any anti-patterns. {color} |
| {color:green}+1{color} | {color:green} @author {color} | {color:green}  0m  0s{color} | {color:green} The patch does not contain any @author tags. {color} |
| {color:green}+1{color} | {color:green} test4tests {color} | {color:green}  0m  0s{color} | {color:green} The patch appears to include 2 new or modified test files. {color} |
|| || || || {color:brown} master Compile Tests {color} ||
| {color:blue}0{color} | {color:blue} mvndep {color} | {color:blue}  0m 27s{color} | {color:blue} Maven dependency ordering for branch {color} |
| {color:green}+1{color} | {color:green} mvninstall {color} | {color:green}  4m 27s{color} | {color:green} master passed {color} |
| {color:green}+1{color} | {color:green} compile {color} | {color:green}  3m 58s{color} | {color:green} master passed {color} |
| {color:green}+1{color} | {color:green} checkstyle {color} | {color:green}  1m 58s{color} | {color:green} master passed {color} |
| {color:green}+1{color} | {color:green} shadedjars {color} | {color:green}  4m 34s{color} | {color:green} branch has no errors when building our shaded downstream artifacts. {color} |
| {color:green}+1{color} | {color:green} findbugs {color} | {color:green}  6m 38s{color} | {color:green} master passed {color} |
| {color:green}+1{color} | {color:green} javadoc {color} | {color:green}  1m  9s{color} | {color:green} master passed {color} |
|| || || || {color:brown} Patch Compile Tests {color} ||
| {color:blue}0{color} | {color:blue} mvndep {color} | {color:blue}  0m 15s{color} | {color:blue} Maven dependency ordering for patch {color} |
| {color:green}+1{color} | {color:green} mvninstall {color} | {color:green}  4m 14s{color} | {color:green} the patch passed {color} |
| {color:green}+1{color} | {color:green} compile {color} | {color:green}  3m 58s{color} | {color:green} the patch passed {color} |
| {color:green}+1{color} | {color:green} cc {color} | {color:green}  3m 58s{color} | {color:green} the patch passed {color} |
| {color:green}+1{color} | {color:green} javac {color} | {color:green}  3m 58s{color} | {color:green} the patch passed {color} |
| {color:green}+1{color} | {color:green} checkstyle {color} | {color:green}  2m  3s{color} | {color:green} the patch passed {color} |
| {color:green}+1{color} | {color:green} whitespace {color} | {color:green}  0m  0s{color} | {color:green} The patch has no whitespace issues. {color} |
| {color:green}+1{color} | {color:green} shadedjars {color} | {color:green}  4m 47s{color} | {color:green} patch has no errors when building our shaded downstream artifacts. {color} |
| {color:green}+1{color} | {color:green} hadoopcheck {color} | {color:green}  8m 46s{color} | {color:green} Patch does not cause any errors with Hadoop 2.7.4 or 3.0.0. {color} |
| {color:green}+1{color} | {color:green} hbaseprotoc {color} | {color:green}  1m 38s{color} | {color:green} the patch passed {color} |
| {color:green}+1{color} | {color:green} findbugs {color} | {color:green}  7m  6s{color} | {color:green} the patch passed {color} |
| {color:green}+1{color} | {color:green} javadoc {color} | {color:green}  1m  4s{color} | {color:green} the patch passed {color} |
|| || || || {color:brown} Other Tests {color} ||
| {color:green}+1{color} | {color:green} unit {color} | {color:green}  0m 36s{color} | {color:green} hbase-protocol-shaded in the patch passed. {color} |
| {color:green}+1{color} | {color:green} unit {color} | {color:green}  3m 16s{color} | {color:green} hbase-client in the patch passed. {color} |
| {color:green}+1{color} | {color:green} unit {color} | {color:green}140m 17s{color} | {color:green} hbase-server in the patch passed. {color} |
| {color:green}+1{color} | {color:green} asflicense {color} | {color:green}  0m 56s{color} | {color:green} The patch does not generate ASF License warnings. {color} |
| {color:black}{color} | {color:black} {color} | {color:black}203m 25s{color} | {color:black} {color} |
\\
\\
|| Subsystem || Report/Notes ||
| Docker | Client=17.05.0-ce Server=17.05.0-ce Image:yetus/hbase:b002b0b |
| JIRA Issue | HBASE-21965 |
| JIRA Patch URL | https://issues.apache.org/jira/secure/attachment/12963205/HBASE-21965.master.008.patch |
| Optional Tests |  dupname  asflicense  javac  javadoc  unit  findbugs  shadedjars  hadoopcheck  hbaseanti  checkstyle  compile  cc  hbaseprotoc  |
| uname | Linux 094995f152c2 4.4.0-139-generic #165~14.04.1-Ubuntu SMP Wed Oct 31 10:55:11 UTC 2018 x86_64 GNU/Linux |
| Build tool | maven |
| Personality | /home/jenkins/jenkins-slave/workspace/PreCommit-HBASE-Build/component/dev-support/hbase-personality.sh |
| git revision | master / c52dd9efa0 |
| maven | version: Apache Maven 3.5.4 (1edded0938998edf8bf061f1ceb3cfdeccf443fe; 2018-06-17T18:33:14Z) |
| Default Java | 1.8.0_181 |
| findbugs | v3.1.11 |
|  Test Results | https://builds.apache.org/job/PreCommit-HBASE-Build/16458/testReport/ |
| Max. process+thread count | 5397 (vs. ulimit of 10000) |
| modules | C: hbase-protocol-shaded hbase-client hbase-server U: . |
| Console output | https://builds.apache.org/job/PreCommit-HBASE-Build/16458/console |
| Powered by | Apache Yetus 0.8.0   http://yetus.apache.org |


This message was automatically generated.



| (x) *{color:red}-1 overall{color}* |
\\
\\
|| Vote || Subsystem || Runtime || Comment ||
| {color:blue}0{color} | {color:blue} reexec {color} | {color:blue}  0m 13s{color} | {color:blue} Docker mode activated. {color} |
|| || || || {color:brown} Prechecks {color} ||
| {color:green}+1{color} | {color:green} hbaseanti {color} | {color:green}  0m  0s{color} | {color:green} Patch does not have any anti-patterns. {color} |
| {color:green}+1{color} | {color:green} @author {color} | {color:green}  0m  0s{color} | {color:green} The patch does not contain any @author tags. {color} |
| {color:green}+1{color} | {color:green} test4tests {color} | {color:green}  0m  0s{color} | {color:green} The patch appears to include 1 new or modified test files. {color} |
|| || || || {color:brown} master Compile Tests {color} ||
| {color:blue}0{color} | {color:blue} mvndep {color} | {color:blue}  0m 25s{color} | {color:blue} Maven dependency ordering for branch {color} |
| {color:green}+1{color} | {color:green} mvninstall {color} | {color:green}  3m 48s{color} | {color:green} master passed {color} |
| {color:green}+1{color} | {color:green} compile {color} | {color:green}  3m 33s{color} | {color:green} master passed {color} |
| {color:green}+1{color} | {color:green} checkstyle {color} | {color:green}  1m 41s{color} | {color:green} master passed {color} |
| {color:green}+1{color} | {color:green} shadedjars {color} | {color:green}  4m  5s{color} | {color:green} branch has no errors when building our shaded downstream artifacts. {color} |
| {color:green}+1{color} | {color:green} findbugs {color} | {color:green}  5m 41s{color} | {color:green} master passed {color} |
| {color:green}+1{color} | {color:green} javadoc {color} | {color:green}  1m  0s{color} | {color:green} master passed {color} |
|| || || || {color:brown} Patch Compile Tests {color} ||
| {color:blue}0{color} | {color:blue} mvndep {color} | {color:blue}  0m 15s{color} | {color:blue} Maven dependency ordering for patch {color} |
| {color:green}+1{color} | {color:green} mvninstall {color} | {color:green}  3m 43s{color} | {color:green} the patch passed {color} |
| {color:green}+1{color} | {color:green} compile {color} | {color:green}  3m 32s{color} | {color:green} the patch passed {color} |
| {color:green}+1{color} | {color:green} cc {color} | {color:green}  3m 32s{color} | {color:green} the patch passed {color} |
| {color:green}+1{color} | {color:green} javac {color} | {color:green}  3m 32s{color} | {color:green} the patch passed {color} |
| {color:red}-1{color} | {color:red} checkstyle {color} | {color:red}  1m  5s{color} | {color:red} hbase-server: The patch generated 10 new + 16 unchanged - 0 fixed = 26 total (was 16) {color} |
| {color:green}+1{color} | {color:green} whitespace {color} | {color:green}  0m  0s{color} | {color:green} The patch has no whitespace issues. {color} |
| {color:green}+1{color} | {color:green} shadedjars {color} | {color:green}  4m  8s{color} | {color:green} patch has no errors when building our shaded downstream artifacts. {color} |
| {color:green}+1{color} | {color:green} hadoopcheck {color} | {color:green}  7m 58s{color} | {color:green} Patch does not cause any errors with Hadoop 2.7.4 or 3.0.0. {color} |
| {color:green}+1{color} | {color:green} hbaseprotoc {color} | {color:green}  1m 37s{color} | {color:green} the patch passed {color} |
| {color:green}+1{color} | {color:green} findbugs {color} | {color:green}  6m 26s{color} | {color:green} the patch passed {color} |
| {color:green}+1{color} | {color:green} javadoc {color} | {color:green}  1m  1s{color} | {color:green} the patch passed {color} |
|| || || || {color:brown} Other Tests {color} ||
| {color:green}+1{color} | {color:green} unit {color} | {color:green}  0m 34s{color} | {color:green} hbase-protocol-shaded in the patch passed. {color} |
| {color:green}+1{color} | {color:green} unit {color} | {color:green}  3m 18s{color} | {color:green} hbase-client in the patch passed. {color} |
| {color:red}-1{color} | {color:red} unit {color} | {color:red}127m 27s{color} | {color:red} hbase-server in the patch failed. {color} |
| {color:green}+1{color} | {color:green} asflicense {color} | {color:green}  1m 12s{color} | {color:green} The patch does not generate ASF License warnings. {color} |
| {color:black}{color} | {color:black} {color} | {color:black}184m 22s{color} | {color:black} {color} |
\\
\\
|| Subsystem || Report/Notes ||
| Docker | Client=17.05.0-ce Server=17.05.0-ce Image:yetus/hbase:b002b0b |
| JIRA Issue | HBASE-21965 |
| JIRA Patch URL | https://issues.apache.org/jira/secure/attachment/12963212/HBASE-21965.master.008.patch |
| Optional Tests |  dupname  asflicense  javac  javadoc  unit  findbugs  shadedjars  hadoopcheck  hbaseanti  checkstyle  compile  cc  hbaseprotoc  |
| uname | Linux 112eae46b077 4.4.0-138-generic #164-Ubuntu SMP Tue Oct 2 17:16:02 UTC 2018 x86_64 GNU/Linux |
| Build tool | maven |
| Personality | /home/jenkins/jenkins-slave/workspace/PreCommit-HBASE-Build/component/dev-support/hbase-personality.sh |
| git revision | master / c52dd9efa0 |
| maven | version: Apache Maven 3.5.4 (1edded0938998edf8bf061f1ceb3cfdeccf443fe; 2018-06-17T18:33:14Z) |
| Default Java | 1.8.0_181 |
| findbugs | v3.1.11 |
| checkstyle | https://builds.apache.org/job/PreCommit-HBASE-Build/16461/artifact/patchprocess/diff-checkstyle-hbase-server.txt |
| unit | https://builds.apache.org/job/PreCommit-HBASE-Build/16461/artifact/patchprocess/patch-unit-hbase-server.txt |
|  Test Results | https://builds.apache.org/job/PreCommit-HBASE-Build/16461/testReport/ |
| Max. process+thread count | 4535 (vs. ulimit of 10000) |
| modules | C: hbase-protocol-shaded hbase-client hbase-server U: . |
| Console output | https://builds.apache.org/job/PreCommit-HBASE-Build/16461/console |
| Powered by | Apache Yetus 0.8.0   http://yetus.apache.org |


This message was automatically generated.



| (/) *{color:green}+1 overall{color}* |
\\
\\
|| Vote || Subsystem || Runtime || Comment ||
| {color:blue}0{color} | {color:blue} reexec {color} | {color:blue}  0m 11s{color} | {color:blue} Docker mode activated. {color} |
|| || || || {color:brown} Prechecks {color} ||
| {color:green}+1{color} | {color:green} hbaseanti {color} | {color:green}  0m  0s{color} | {color:green} Patch does not have any anti-patterns. {color} |
| {color:green}+1{color} | {color:green} @author {color} | {color:green}  0m  0s{color} | {color:green} The patch does not contain any @author tags. {color} |
| {color:green}+1{color} | {color:green} test4tests {color} | {color:green}  0m  0s{color} | {color:green} The patch appears to include 1 new or modified test files. {color} |
|| || || || {color:brown} master Compile Tests {color} ||
| {color:blue}0{color} | {color:blue} mvndep {color} | {color:blue}  0m 13s{color} | {color:blue} Maven dependency ordering for branch {color} |
| {color:green}+1{color} | {color:green} mvninstall {color} | {color:green}  4m  8s{color} | {color:green} master passed {color} |
| {color:green}+1{color} | {color:green} compile {color} | {color:green}  3m 52s{color} | {color:green} master passed {color} |
| {color:green}+1{color} | {color:green} checkstyle {color} | {color:green}  1m 57s{color} | {color:green} master passed {color} |
| {color:green}+1{color} | {color:green} shadedjars {color} | {color:green}  4m 31s{color} | {color:green} branch has no errors when building our shaded downstream artifacts. {color} |
| {color:green}+1{color} | {color:green} findbugs {color} | {color:green}  6m  8s{color} | {color:green} master passed {color} |
| {color:green}+1{color} | {color:green} javadoc {color} | {color:green}  1m  2s{color} | {color:green} master passed {color} |
|| || || || {color:brown} Patch Compile Tests {color} ||
| {color:blue}0{color} | {color:blue} mvndep {color} | {color:blue}  0m 14s{color} | {color:blue} Maven dependency ordering for patch {color} |
| {color:green}+1{color} | {color:green} mvninstall {color} | {color:green}  4m 10s{color} | {color:green} the patch passed {color} |
| {color:green}+1{color} | {color:green} compile {color} | {color:green}  3m 49s{color} | {color:green} the patch passed {color} |
| {color:green}+1{color} | {color:green} cc {color} | {color:green}  3m 49s{color} | {color:green} the patch passed {color} |
| {color:green}+1{color} | {color:green} javac {color} | {color:green}  3m 49s{color} | {color:green} the patch passed {color} |
| {color:green}+1{color} | {color:green} checkstyle {color} | {color:green}  1m 58s{color} | {color:green} the patch passed {color} |
| {color:green}+1{color} | {color:green} whitespace {color} | {color:green}  0m  0s{color} | {color:green} The patch has no whitespace issues. {color} |
| {color:green}+1{color} | {color:green} shadedjars {color} | {color:green}  4m 32s{color} | {color:green} patch has no errors when building our shaded downstream artifacts. {color} |
| {color:green}+1{color} | {color:green} hadoopcheck {color} | {color:green}  8m 46s{color} | {color:green} Patch does not cause any errors with Hadoop 2.7.4 or 3.0.0. {color} |
| {color:green}+1{color} | {color:green} hbaseprotoc {color} | {color:green}  1m 39s{color} | {color:green} the patch passed {color} |
| {color:green}+1{color} | {color:green} findbugs {color} | {color:green}  6m 55s{color} | {color:green} the patch passed {color} |
| {color:green}+1{color} | {color:green} javadoc {color} | {color:green}  0m 59s{color} | {color:green} the patch passed {color} |
|| || || || {color:brown} Other Tests {color} ||
| {color:green}+1{color} | {color:green} unit {color} | {color:green}  0m 34s{color} | {color:green} hbase-protocol-shaded in the patch passed. {color} |
| {color:green}+1{color} | {color:green} unit {color} | {color:green}  3m 15s{color} | {color:green} hbase-client in the patch passed. {color} |
| {color:green}+1{color} | {color:green} unit {color} | {color:green}131m  8s{color} | {color:green} hbase-server in the patch passed. {color} |
| {color:green}+1{color} | {color:green} asflicense {color} | {color:green}  1m  0s{color} | {color:green} The patch does not generate ASF License warnings. {color} |
| {color:black}{color} | {color:black} {color} | {color:black}192m  3s{color} | {color:black} {color} |
\\
\\
|| Subsystem || Report/Notes ||
| Docker | Client=17.05.0-ce Server=17.05.0-ce Image:yetus/hbase:b002b0b |
| JIRA Issue | HBASE-21965 |
| JIRA Patch URL | https://issues.apache.org/jira/secure/attachment/12963224/HBASE-21965.master.009.patch |
| Optional Tests |  dupname  asflicense  javac  javadoc  unit  findbugs  shadedjars  hadoopcheck  hbaseanti  checkstyle  compile  cc  hbaseprotoc  |
| uname | Linux 6aafe509c9eb 4.4.0-139-generic #165~14.04.1-Ubuntu SMP Wed Oct 31 10:55:11 UTC 2018 x86_64 GNU/Linux |
| Build tool | maven |
| Personality | /home/jenkins/jenkins-slave/workspace/PreCommit-HBASE-Build/component/dev-support/hbase-personality.sh |
| git revision | master / c52dd9efa0 |
| maven | version: Apache Maven 3.5.4 (1edded0938998edf8bf061f1ceb3cfdeccf443fe; 2018-06-17T18:33:14Z) |
| Default Java | 1.8.0_181 |
| findbugs | v3.1.11 |
|  Test Results | https://builds.apache.org/job/PreCommit-HBASE-Build/16464/testReport/ |
| Max. process+thread count | 4900 (vs. ulimit of 10000) |
| modules | C: hbase-protocol-shaded hbase-client hbase-server U: . |
| Console output | https://builds.apache.org/job/PreCommit-HBASE-Build/16464/console |
| Powered by | Apache Yetus 0.8.0   http://yetus.apache.org |


This message was automatically generated.



| (x) *{color:red}-1 overall{color}* |
\\
\\
|| Vote || Subsystem || Runtime || Comment ||
| {color:blue}0{color} | {color:blue} reexec {color} | {color:blue}  0m 13s{color} | {color:blue} Docker mode activated. {color} |
|| || || || {color:brown} Prechecks {color} ||
| {color:green}+1{color} | {color:green} hbaseanti {color} | {color:green}  0m  0s{color} | {color:green} Patch does not have any anti-patterns. {color} |
| {color:green}+1{color} | {color:green} @author {color} | {color:green}  0m  0s{color} | {color:green} The patch does not contain any @author tags. {color} |
| {color:green}+1{color} | {color:green} test4tests {color} | {color:green}  0m  0s{color} | {color:green} The patch appears to include 1 new or modified test files. {color} |
|| || || || {color:brown} master Compile Tests {color} ||
| {color:blue}0{color} | {color:blue} mvndep {color} | {color:blue}  0m 23s{color} | {color:blue} Maven dependency ordering for branch {color} |
| {color:green}+1{color} | {color:green} mvninstall {color} | {color:green}  3m 51s{color} | {color:green} master passed {color} |
| {color:green}+1{color} | {color:green} compile {color} | {color:green}  3m 33s{color} | {color:green} master passed {color} |
| {color:green}+1{color} | {color:green} checkstyle {color} | {color:green}  1m 46s{color} | {color:green} master passed {color} |
| {color:green}+1{color} | {color:green} shadedjars {color} | {color:green}  3m 57s{color} | {color:green} branch has no errors when building our shaded downstream artifacts. {color} |
| {color:green}+1{color} | {color:green} findbugs {color} | {color:green}  5m 30s{color} | {color:green} master passed {color} |
| {color:green}+1{color} | {color:green} javadoc {color} | {color:green}  0m 54s{color} | {color:green} master passed {color} |
|| || || || {color:brown} Patch Compile Tests {color} ||
| {color:blue}0{color} | {color:blue} mvndep {color} | {color:blue}  0m 13s{color} | {color:blue} Maven dependency ordering for patch {color} |
| {color:green}+1{color} | {color:green} mvninstall {color} | {color:green}  3m 39s{color} | {color:green} the patch passed {color} |
| {color:green}+1{color} | {color:green} compile {color} | {color:green}  3m 22s{color} | {color:green} the patch passed {color} |
| {color:green}+1{color} | {color:green} cc {color} | {color:green}  3m 22s{color} | {color:green} the patch passed {color} |
| {color:green}+1{color} | {color:green} javac {color} | {color:green}  3m 22s{color} | {color:green} the patch passed {color} |
| {color:red}-1{color} | {color:red} checkstyle {color} | {color:red}  1m  1s{color} | {color:red} hbase-server: The patch generated 13 new + 63 unchanged - 0 fixed = 76 total (was 63) {color} |
| {color:green}+1{color} | {color:green} whitespace {color} | {color:green}  0m  0s{color} | {color:green} The patch has no whitespace issues. {color} |
| {color:green}+1{color} | {color:green} shadedjars {color} | {color:green}  4m  0s{color} | {color:green} patch has no errors when building our shaded downstream artifacts. {color} |
| {color:green}+1{color} | {color:green} hadoopcheck {color} | {color:green}  7m 33s{color} | {color:green} Patch does not cause any errors with Hadoop 2.7.4 or 3.0.0. {color} |
| {color:green}+1{color} | {color:green} hbaseprotoc {color} | {color:green}  1m 25s{color} | {color:green} the patch passed {color} |
| {color:green}+1{color} | {color:green} findbugs {color} | {color:green}  6m 10s{color} | {color:green} the patch passed {color} |
| {color:green}+1{color} | {color:green} javadoc {color} | {color:green}  0m 54s{color} | {color:green} the patch passed {color} |
|| || || || {color:brown} Other Tests {color} ||
| {color:green}+1{color} | {color:green} unit {color} | {color:green}  0m 31s{color} | {color:green} hbase-protocol-shaded in the patch passed. {color} |
| {color:green}+1{color} | {color:green} unit {color} | {color:green}  3m  6s{color} | {color:green} hbase-client in the patch passed. {color} |
| {color:green}+1{color} | {color:green} unit {color} | {color:green}134m 43s{color} | {color:green} hbase-server in the patch passed. {color} |
| {color:green}+1{color} | {color:green} asflicense {color} | {color:green}  0m 50s{color} | {color:green} The patch does not generate ASF License warnings. {color} |
| {color:black}{color} | {color:black} {color} | {color:black}189m  9s{color} | {color:black} {color} |
\\
\\
|| Subsystem || Report/Notes ||
| Docker | Client=17.05.0-ce Server=17.05.0-ce Image:yetus/hbase:b002b0b |
| JIRA Issue | HBASE-21965 |
| JIRA Patch URL | https://issues.apache.org/jira/secure/attachment/12963245/HBASE-21965.master.010.patch |
| Optional Tests |  dupname  asflicense  javac  javadoc  unit  findbugs  shadedjars  hadoopcheck  hbaseanti  checkstyle  compile  cc  hbaseprotoc  |
| uname | Linux 2e7404854f76 4.4.0-138-generic #164-Ubuntu SMP Tue Oct 2 17:16:02 UTC 2018 x86_64 GNU/Linux |
| Build tool | maven |
| Personality | /home/jenkins/jenkins-slave/workspace/PreCommit-HBASE-Build/component/dev-support/hbase-personality.sh |
| git revision | master / c52dd9efa0 |
| maven | version: Apache Maven 3.5.4 (1edded0938998edf8bf061f1ceb3cfdeccf443fe; 2018-06-17T18:33:14Z) |
| Default Java | 1.8.0_181 |
| findbugs | v3.1.11 |
| checkstyle | https://builds.apache.org/job/PreCommit-HBASE-Build/16468/artifact/patchprocess/diff-checkstyle-hbase-server.txt |
|  Test Results | https://builds.apache.org/job/PreCommit-HBASE-Build/16468/testReport/ |
| Max. process+thread count | 5068 (vs. ulimit of 10000) |
| modules | C: hbase-protocol-shaded hbase-client hbase-server U: . |
| Console output | https://builds.apache.org/job/PreCommit-HBASE-Build/16468/console |
| Powered by | Apache Yetus 0.8.0   http://yetus.apache.org |


This message was automatically generated.



| (x) *{color:red}-1 overall{color}* |
\\
\\
|| Vote || Subsystem || Runtime || Comment ||
| {color:blue}0{color} | {color:blue} reexec {color} | {color:blue}  0m 12s{color} | {color:blue} Docker mode activated. {color} |
|| || || || {color:brown} Prechecks {color} ||
| {color:green}+1{color} | {color:green} hbaseanti {color} | {color:green}  0m  0s{color} | {color:green} Patch does not have any anti-patterns. {color} |
| {color:green}+1{color} | {color:green} @author {color} | {color:green}  0m  0s{color} | {color:green} The patch does not contain any @author tags. {color} |
| {color:green}+1{color} | {color:green} test4tests {color} | {color:green}  0m  0s{color} | {color:green} The patch appears to include 1 new or modified test files. {color} |
|| || || || {color:brown} master Compile Tests {color} ||
| {color:blue}0{color} | {color:blue} mvndep {color} | {color:blue}  0m 23s{color} | {color:blue} Maven dependency ordering for branch {color} |
| {color:green}+1{color} | {color:green} mvninstall {color} | {color:green}  3m 50s{color} | {color:green} master passed {color} |
| {color:green}+1{color} | {color:green} compile {color} | {color:green}  3m 33s{color} | {color:green} master passed {color} |
| {color:green}+1{color} | {color:green} checkstyle {color} | {color:green}  1m 49s{color} | {color:green} master passed {color} |
| {color:green}+1{color} | {color:green} shadedjars {color} | {color:green}  4m 14s{color} | {color:green} branch has no errors when building our shaded downstream artifacts. {color} |
| {color:green}+1{color} | {color:green} findbugs {color} | {color:green}  5m 44s{color} | {color:green} master passed {color} |
| {color:green}+1{color} | {color:green} javadoc {color} | {color:green}  1m  1s{color} | {color:green} master passed {color} |
|| || || || {color:brown} Patch Compile Tests {color} ||
| {color:blue}0{color} | {color:blue} mvndep {color} | {color:blue}  0m 16s{color} | {color:blue} Maven dependency ordering for patch {color} |
| {color:green}+1{color} | {color:green} mvninstall {color} | {color:green}  3m 49s{color} | {color:green} the patch passed {color} |
| {color:green}+1{color} | {color:green} compile {color} | {color:green}  3m 34s{color} | {color:green} the patch passed {color} |
| {color:green}+1{color} | {color:green} cc {color} | {color:green}  3m 34s{color} | {color:green} the patch passed {color} |
| {color:green}+1{color} | {color:green} javac {color} | {color:green}  3m 34s{color} | {color:green} the patch passed {color} |
| {color:red}-1{color} | {color:red} checkstyle {color} | {color:red}  0m 32s{color} | {color:red} hbase-client: The patch generated 2 new + 116 unchanged - 0 fixed = 118 total (was 116) {color} |
| {color:red}-1{color} | {color:red} checkstyle {color} | {color:red}  1m  6s{color} | {color:red} hbase-server: The patch generated 13 new + 63 unchanged - 0 fixed = 76 total (was 63) {color} |
| {color:green}+1{color} | {color:green} whitespace {color} | {color:green}  0m  0s{color} | {color:green} The patch has no whitespace issues. {color} |
| {color:green}+1{color} | {color:green} shadedjars {color} | {color:green}  4m 10s{color} | {color:green} patch has no errors when building our shaded downstream artifacts. {color} |
| {color:green}+1{color} | {color:green} hadoopcheck {color} | {color:green}  7m 58s{color} | {color:green} Patch does not cause any errors with Hadoop 2.7.4 or 3.0.0. {color} |
| {color:green}+1{color} | {color:green} hbaseprotoc {color} | {color:green}  1m 35s{color} | {color:green} the patch passed {color} |
| {color:green}+1{color} | {color:green} findbugs {color} | {color:green}  6m 17s{color} | {color:green} the patch passed {color} |
| {color:green}+1{color} | {color:green} javadoc {color} | {color:green}  1m  2s{color} | {color:green} the patch passed {color} |
|| || || || {color:brown} Other Tests {color} ||
| {color:green}+1{color} | {color:green} unit {color} | {color:green}  0m 33s{color} | {color:green} hbase-protocol-shaded in the patch passed. {color} |
| {color:green}+1{color} | {color:green} unit {color} | {color:green}  3m 20s{color} | {color:green} hbase-client in the patch passed. {color} |
| {color:green}+1{color} | {color:green} unit {color} | {color:green}128m 20s{color} | {color:green} hbase-server in the patch passed. {color} |
| {color:green}+1{color} | {color:green} asflicense {color} | {color:green}  1m 14s{color} | {color:green} The patch does not generate ASF License warnings. {color} |
| {color:black}{color} | {color:black} {color} | {color:black}185m 47s{color} | {color:black} {color} |
\\
\\
|| Subsystem || Report/Notes ||
| Docker | Client=17.05.0-ce Server=17.05.0-ce Image:yetus/hbase:b002b0b |
| JIRA Issue | HBASE-21965 |
| JIRA Patch URL | https://issues.apache.org/jira/secure/attachment/12963348/HBASE-21965.master.011.patch |
| Optional Tests |  dupname  asflicense  javac  javadoc  unit  findbugs  shadedjars  hadoopcheck  hbaseanti  checkstyle  compile  cc  hbaseprotoc  |
| uname | Linux cc93431cf137 4.4.0-138-generic #164-Ubuntu SMP Tue Oct 2 17:16:02 UTC 2018 x86_64 GNU/Linux |
| Build tool | maven |
| Personality | /home/jenkins/jenkins-slave/workspace/PreCommit-HBASE-Build/component/dev-support/hbase-personality.sh |
| git revision | master / 36f0929efc |
| maven | version: Apache Maven 3.5.4 (1edded0938998edf8bf061f1ceb3cfdeccf443fe; 2018-06-17T18:33:14Z) |
| Default Java | 1.8.0_181 |
| findbugs | v3.1.11 |
| checkstyle | https://builds.apache.org/job/PreCommit-HBASE-Build/16479/artifact/patchprocess/diff-checkstyle-hbase-client.txt |
| checkstyle | https://builds.apache.org/job/PreCommit-HBASE-Build/16479/artifact/patchprocess/diff-checkstyle-hbase-server.txt |
|  Test Results | https://builds.apache.org/job/PreCommit-HBASE-Build/16479/testReport/ |
| Max. process+thread count | 4899 (vs. ulimit of 10000) |
| modules | C: hbase-protocol-shaded hbase-client hbase-server U: . |
| Console output | https://builds.apache.org/job/PreCommit-HBASE-Build/16479/console |
| Powered by | Apache Yetus 0.8.0   http://yetus.apache.org |


This message was automatically generated.



| (/) *{color:green}+1 overall{color}* |
\\
\\
|| Vote || Subsystem || Runtime || Comment ||
| {color:blue}0{color} | {color:blue} reexec {color} | {color:blue}  0m 12s{color} | {color:blue} Docker mode activated. {color} |
|| || || || {color:brown} Prechecks {color} ||
| {color:green}+1{color} | {color:green} hbaseanti {color} | {color:green}  0m  0s{color} | {color:green} Patch does not have any anti-patterns. {color} |
| {color:green}+1{color} | {color:green} @author {color} | {color:green}  0m  0s{color} | {color:green} The patch does not contain any @author tags. {color} |
| {color:green}+1{color} | {color:green} test4tests {color} | {color:green}  0m  0s{color} | {color:green} The patch appears to include 1 new or modified test files. {color} |
|| || || || {color:brown} master Compile Tests {color} ||
| {color:blue}0{color} | {color:blue} mvndep {color} | {color:blue}  0m 14s{color} | {color:blue} Maven dependency ordering for branch {color} |
| {color:green}+1{color} | {color:green} mvninstall {color} | {color:green}  3m 42s{color} | {color:green} master passed {color} |
| {color:green}+1{color} | {color:green} compile {color} | {color:green}  3m 30s{color} | {color:green} master passed {color} |
| {color:green}+1{color} | {color:green} checkstyle {color} | {color:green}  1m 47s{color} | {color:green} master passed {color} |
| {color:green}+1{color} | {color:green} shadedjars {color} | {color:green}  4m  7s{color} | {color:green} branch has no errors when building our shaded downstream artifacts. {color} |
| {color:green}+1{color} | {color:green} findbugs {color} | {color:green}  5m 40s{color} | {color:green} master passed {color} |
| {color:green}+1{color} | {color:green} javadoc {color} | {color:green}  1m  2s{color} | {color:green} master passed {color} |
|| || || || {color:brown} Patch Compile Tests {color} ||
| {color:blue}0{color} | {color:blue} mvndep {color} | {color:blue}  0m 16s{color} | {color:blue} Maven dependency ordering for patch {color} |
| {color:green}+1{color} | {color:green} mvninstall {color} | {color:green}  3m 49s{color} | {color:green} the patch passed {color} |
| {color:green}+1{color} | {color:green} compile {color} | {color:green}  3m 31s{color} | {color:green} the patch passed {color} |
| {color:green}+1{color} | {color:green} cc {color} | {color:green}  3m 31s{color} | {color:green} the patch passed {color} |
| {color:green}+1{color} | {color:green} javac {color} | {color:green}  3m 31s{color} | {color:green} the patch passed {color} |
| {color:green}+1{color} | {color:green} checkstyle {color} | {color:green}  1m 47s{color} | {color:green} the patch passed {color} |
| {color:green}+1{color} | {color:green} whitespace {color} | {color:green}  0m  0s{color} | {color:green} The patch has no whitespace issues. {color} |
| {color:green}+1{color} | {color:green} shadedjars {color} | {color:green}  4m 12s{color} | {color:green} patch has no errors when building our shaded downstream artifacts. {color} |
| {color:green}+1{color} | {color:green} hadoopcheck {color} | {color:green}  7m 52s{color} | {color:green} Patch does not cause any errors with Hadoop 2.7.4 or 3.0.0. {color} |
| {color:green}+1{color} | {color:green} hbaseprotoc {color} | {color:green}  1m 33s{color} | {color:green} the patch passed {color} |
| {color:green}+1{color} | {color:green} findbugs {color} | {color:green}  6m 41s{color} | {color:green} the patch passed {color} |
| {color:green}+1{color} | {color:green} javadoc {color} | {color:green}  1m  2s{color} | {color:green} the patch passed {color} |
|| || || || {color:brown} Other Tests {color} ||
| {color:green}+1{color} | {color:green} unit {color} | {color:green}  0m 34s{color} | {color:green} hbase-protocol-shaded in the patch passed. {color} |
| {color:green}+1{color} | {color:green} unit {color} | {color:green}  3m 17s{color} | {color:green} hbase-client in the patch passed. {color} |
| {color:green}+1{color} | {color:green} unit {color} | {color:green}125m 31s{color} | {color:green} hbase-server in the patch passed. {color} |
| {color:green}+1{color} | {color:green} asflicense {color} | {color:green}  1m 14s{color} | {color:green} The patch does not generate ASF License warnings. {color} |
| {color:black}{color} | {color:black} {color} | {color:black}182m 43s{color} | {color:black} {color} |
\\
\\
|| Subsystem || Report/Notes ||
| Docker | Client=17.05.0-ce Server=17.05.0-ce Image:yetus/hbase:b002b0b |
| JIRA Issue | HBASE-21965 |
| JIRA Patch URL | https://issues.apache.org/jira/secure/attachment/12963366/HBASE-21965.master.012.patch |
| Optional Tests |  dupname  asflicense  javac  javadoc  unit  findbugs  shadedjars  hadoopcheck  hbaseanti  checkstyle  compile  cc  hbaseprotoc  |
| uname | Linux da450a1ab72e 4.4.0-138-generic #164-Ubuntu SMP Tue Oct 2 17:16:02 UTC 2018 x86_64 GNU/Linux |
| Build tool | maven |
| Personality | /home/jenkins/jenkins-slave/workspace/PreCommit-HBASE-Build/component/dev-support/hbase-personality.sh |
| git revision | master / 36f0929efc |
| maven | version: Apache Maven 3.5.4 (1edded0938998edf8bf061f1ceb3cfdeccf443fe; 2018-06-17T18:33:14Z) |
| Default Java | 1.8.0_181 |
| findbugs | v3.1.11 |
|  Test Results | https://builds.apache.org/job/PreCommit-HBASE-Build/16484/testReport/ |
| Max. process+thread count | 4882 (vs. ulimit of 10000) |
| modules | C: hbase-protocol-shaded hbase-client hbase-server U: . |
| Console output | https://builds.apache.org/job/PreCommit-HBASE-Build/16484/console |
| Powered by | Apache Yetus 0.8.0   http://yetus.apache.org |


This message was automatically generated.



pushed to master and branch-2. Thanks [~zghaobac] for reviewing.

Results for branch branch-2
	[build #1768 on builds.a.o|https://builds.apache.org/job/HBase%20Nightly/job/branch-2/1768/]: (x) *{color:red}-1 overall{color}*
----
details (if available):

(/) {color:green}+1 general checks{color}
-- For more information [see general report|https://builds.apache.org/job/HBase%20Nightly/job/branch-2/1768//General_Nightly_Build_Report/]




(x) {color:red}-1 jdk8 hadoop2 checks{color}
-- For more information [see jdk8 (hadoop2) report|https://builds.apache.org/job/HBase%20Nightly/job/branch-2/1768//JDK8_Nightly_Build_Report_(Hadoop2)/]


(x) {color:red}-1 jdk8 hadoop3 checks{color}
-- For more information [see jdk8 (hadoop3) report|https://builds.apache.org/job/HBase%20Nightly/job/branch-2/1768//JDK8_Nightly_Build_Report_(Hadoop3)/]


(/) {color:green}+1 source release artifact{color}
-- See build output for details.


(/) {color:green}+1 client integration test{color}


Results for branch master
	[build #878 on builds.a.o|https://builds.apache.org/job/HBase%20Nightly/job/master/878/]: (x) *{color:red}-1 overall{color}*
----
details (if available):

(/) {color:green}+1 general checks{color}
-- For more information [see general report|https://builds.apache.org/job/HBase%20Nightly/job/master/878//General_Nightly_Build_Report/]




(x) {color:red}-1 jdk8 hadoop2 checks{color}
-- For more information [see jdk8 (hadoop2) report|https://builds.apache.org/job/HBase%20Nightly/job/master/878//JDK8_Nightly_Build_Report_(Hadoop2)/]


(x) {color:red}-1 jdk8 hadoop3 checks{color}
-- For more information [see jdk8 (hadoop3) report|https://builds.apache.org/job/HBase%20Nightly/job/master/878//JDK8_Nightly_Build_Report_(Hadoop3)/]


(/) {color:green}+1 source release artifact{color}
-- See build output for details.


(/) {color:green}+1 client integration test{color}


Hit this when executing TestHbck.testRecoverSplitAfterMetaUpdated.
{noformat}
java.io.IOException: org.apache.hbase.thirdparty.com.google.protobuf.ServiceException: org.apache.hadoop.hbase.ipc.RemoteWithExtrasException(java.io.IOException): java.io.IOException
	at org.apache.hadoop.hbase.ipc.RpcServer.call(RpcServer.java:472)
	at org.apache.hadoop.hbase.ipc.CallRunner.run(CallRunner.java:130)
	at org.apache.hadoop.hbase.ipc.RpcExecutor$Handler.run(RpcExecutor.java:324)
	at org.apache.hadoop.hbase.ipc.RpcExecutor$Handler.run(RpcExecutor.java:304)
Caused by: java.util.ConcurrentModificationException
	at java.util.HashMap$HashIterator.nextNode(HashMap.java:1445)
	at java.util.HashMap$EntryIterator.next(HashMap.java:1479)
	at java.util.HashMap$EntryIterator.next(HashMap.java:1477)
	at org.apache.hadoop.hbase.master.MasterRpcServices.checkRegionStillProblematic(MasterRpcServices.java:2574)
	at org.apache.hadoop.hbase.master.MasterRpcServices.getFailedSplitMergeLegacyRegions(MasterRpcServices.java:2563)
	at org.apache.hadoop.hbase.master.MasterRpcServices.getFailedSplitMergeLegacyRegions(MasterRpcServices.java:2515)
	at org.apache.hadoop.hbase.shaded.protobuf.generated.MasterProtos$HbckService$2.callBlockingMethod(MasterProtos.java:28999)
	at org.apache.hadoop.hbase.ipc.RpcServer.call(RpcServer.java:413)
	... 3 more

	at org.apache.hadoop.hbase.client.HBaseHbck.getFailedSplitMergeLegacyRegions(HBaseHbck.java:188)
	at org.apache.hadoop.hbase.client.TestHbck.testRecoverSplitAfterMetaUpdated(TestHbck.java:315)
	at sun.reflect.NativeMethodAccessorImpl.invoke0(Native Method)
	at sun.reflect.NativeMethodAccessorImpl.invoke(NativeMethodAccessorImpl.java:62)
	at sun.reflect.DelegatingMethodAccessorImpl.invoke(DelegatingMethodAccessorImpl.java:43)
	at java.lang.reflect.Method.invoke(Method.java:498)
	at org.junit.runners.model.FrameworkMethod$1.runReflectiveCall(FrameworkMethod.java:50)
	at org.junit.internal.runners.model.ReflectiveCallable.run(ReflectiveCallable.java:12)
	at org.junit.runners.model.FrameworkMethod.invokeExplosively(FrameworkMethod.java:47)
	at org.junit.internal.runners.statements.InvokeMethod.evaluate(InvokeMethod.java:17)
	at org.junit.internal.runners.statements.RunBefores.evaluate(RunBefores.java:26)
	at org.junit.rules.TestWatcher$1.evaluate(TestWatcher.java:55)
	at org.junit.rules.RunRules.evaluate(RunRules.java:20)
	at org.junit.runners.ParentRunner.runLeaf(ParentRunner.java:325)
	at org.junit.runners.BlockJUnit4ClassRunner.runChild(BlockJUnit4ClassRunner.java:78)
	at org.junit.runners.BlockJUnit4ClassRunner.runChild(BlockJUnit4ClassRunner.java:57)
	at org.junit.runners.ParentRunner$3.run(ParentRunner.java:290)
	at org.junit.runners.ParentRunner$1.schedule(ParentRunner.java:71)
	at org.junit.runners.ParentRunner.runChildren(ParentRunner.java:288)
	at org.junit.runners.ParentRunner.access$000(ParentRunner.java:58)
	at org.junit.runners.ParentRunner$2.evaluate(ParentRunner.java:268)
	at org.junit.runners.ParentRunner.run(ParentRunner.java:363)
	at org.junit.runners.Suite.runChild(Suite.java:128)
	at org.junit.runners.Suite.runChild(Suite.java:27)
	at org.junit.runners.ParentRunner$3.run(ParentRunner.java:290)
	at org.junit.runners.ParentRunner$1.schedule(ParentRunner.java:71)
	at org.junit.runners.ParentRunner.runChildren(ParentRunner.java:288)
	at org.junit.runners.ParentRunner.access$000(ParentRunner.java:58)
	at org.junit.runners.ParentRunner$2.evaluate(ParentRunner.java:268)
	at org.junit.internal.runners.statements.RunBefores.evaluate(RunBefores.java:26)
	at org.junit.internal.runners.statements.RunAfters.evaluate(RunAfters.java:27)
	at org.junit.internal.runners.statements.FailOnTimeout$CallableStatement.call(FailOnTimeout.java:298)
	at org.junit.internal.runners.statements.FailOnTimeout$CallableStatement.call(FailOnTimeout.java:292)
	at java.util.concurrent.FutureTask.run(FutureTask.java:266)
	at java.lang.Thread.run(Thread.java:748)
Caused by: org.apache.hbase.thirdparty.com.google.protobuf.ServiceException: org.apache.hadoop.hbase.ipc.RemoteWithExtrasException(java.io.IOException): java.io.IOException
	at org.apache.hadoop.hbase.ipc.RpcServer.call(RpcServer.java:472)
	at org.apache.hadoop.hbase.ipc.CallRunner.run(CallRunner.java:130)
	at org.apache.hadoop.hbase.ipc.RpcExecutor$Handler.run(RpcExecutor.java:324)
	at org.apache.hadoop.hbase.ipc.RpcExecutor$Handler.run(RpcExecutor.java:304)
Caused by: java.util.ConcurrentModificationException
	at java.util.HashMap$HashIterator.nextNode(HashMap.java:1445)
	at java.util.HashMap$EntryIterator.next(HashMap.java:1479)
	at java.util.HashMap$EntryIterator.next(HashMap.java:1477)
	at org.apache.hadoop.hbase.master.MasterRpcServices.checkRegionStillProblematic(MasterRpcServices.java:2574)
	at org.apache.hadoop.hbase.master.MasterRpcServices.getFailedSplitMergeLegacyRegions(MasterRpcServices.java:2563)
	at org.apache.hadoop.hbase.master.MasterRpcServices.getFailedSplitMergeLegacyRegions(MasterRpcServices.java:2515)
	at org.apache.hadoop.hbase.shaded.protobuf.generated.MasterProtos$HbckService$2.callBlockingMethod(MasterProtos.java:28999)
	at org.apache.hadoop.hbase.ipc.RpcServer.call(RpcServer.java:413)
	... 3 more

	at org.apache.hadoop.hbase.ipc.AbstractRpcClient.callBlockingMethod(AbstractRpcClient.java:338)
	at org.apache.hadoop.hbase.ipc.AbstractRpcClient.access$0(AbstractRpcClient.java:326)
	at org.apache.hadoop.hbase.ipc.AbstractRpcClient$BlockingRpcChannelImplementation.callBlockingMethod(AbstractRpcClient.java:584)
	at org.apache.hadoop.hbase.shaded.protobuf.generated.MasterProtos$HbckService$BlockingStub.getFailedSplitMergeLegacyRegions(MasterProtos.java:29460)
	at org.apache.hadoop.hbase.client.HBaseHbck.getFailedSplitMergeLegacyRegions(HBaseHbck.java:183)
	... 34 more
Caused by: org.apache.hadoop.hbase.ipc.RemoteWithExtrasException(java.io.IOException): java.io.IOException
	at org.apache.hadoop.hbase.ipc.RpcServer.call(RpcServer.java:472)
	at org.apache.hadoop.hbase.ipc.CallRunner.run(CallRunner.java:130)
	at org.apache.hadoop.hbase.ipc.RpcExecutor$Handler.run(RpcExecutor.java:324)
	at org.apache.hadoop.hbase.ipc.RpcExecutor$Handler.run(RpcExecutor.java:304)
Caused by: java.util.ConcurrentModificationException
	at java.util.HashMap$HashIterator.nextNode(HashMap.java:1445)
	at java.util.HashMap$EntryIterator.next(HashMap.java:1479)
	at java.util.HashMap$EntryIterator.next(HashMap.java:1477)
	at org.apache.hadoop.hbase.master.MasterRpcServices.checkRegionStillProblematic(MasterRpcServices.java:2574)
	at org.apache.hadoop.hbase.master.MasterRpcServices.getFailedSplitMergeLegacyRegions(MasterRpcServices.java:2563)
	at org.apache.hadoop.hbase.master.MasterRpcServices.getFailedSplitMergeLegacyRegions(MasterRpcServices.java:2515)
	at org.apache.hadoop.hbase.shaded.protobuf.generated.MasterProtos$HbckService$2.callBlockingMethod(MasterProtos.java:28999)
	at org.apache.hadoop.hbase.ipc.RpcServer.call(RpcServer.java:413)
	... 3 more

	at org.apache.hadoop.hbase.ipc.AbstractRpcClient.onCallFinished(AbstractRpcClient.java:389)
	at org.apache.hadoop.hbase.ipc.AbstractRpcClient.access$3(AbstractRpcClient.java:377)
	at org.apache.hadoop.hbase.ipc.AbstractRpcClient$3.run(AbstractRpcClient.java:423)
	at org.apache.hadoop.hbase.ipc.AbstractRpcClient$3.run(AbstractRpcClient.java:1)
	at org.apache.hadoop.hbase.ipc.Call.callComplete(Call.java:103)
	at org.apache.hadoop.hbase.ipc.Call.setException(Call.java:118)
	at org.apache.hadoop.hbase.ipc.NettyRpcDuplexHandler.readResponse(NettyRpcDuplexHandler.java:162)
	at org.apache.hadoop.hbase.ipc.NettyRpcDuplexHandler.channelRead(NettyRpcDuplexHandler.java:192)
	at org.apache.hbase.thirdparty.io.netty.channel.AbstractChannelHandlerContext.invokeChannelRead(AbstractChannelHandlerContext.java:362)
	at org.apache.hbase.thirdparty.io.netty.channel.AbstractChannelHandlerContext.invokeChannelRead(AbstractChannelHandlerContext.java:348)
	at org.apache.hbase.thirdparty.io.netty.channel.AbstractChannelHandlerContext.fireChannelRead(AbstractChannelHandlerContext.java:340)
	at org.apache.hbase.thirdparty.io.netty.handler.codec.ByteToMessageDecoder.fireChannelRead(ByteToMessageDecoder.java:310)
	at org.apache.hbase.thirdparty.io.netty.handler.codec.ByteToMessageDecoder.channelRead(ByteToMessageDecoder.java:284)
	at org.apache.hbase.thirdparty.io.netty.channel.AbstractChannelHandlerContext.invokeChannelRead(AbstractChannelHandlerContext.java:362)
	at org.apache.hbase.thirdparty.io.netty.channel.AbstractChannelHandlerContext.invokeChannelRead(AbstractChannelHandlerContext.java:348)
	at org.apache.hbase.thirdparty.io.netty.channel.AbstractChannelHandlerContext.fireChannelRead(AbstractChannelHandlerContext.java:340)
	at org.apache.hbase.thirdparty.io.netty.handler.timeout.IdleStateHandler.channelRead(IdleStateHandler.java:286)
	at org.apache.hbase.thirdparty.io.netty.channel.AbstractChannelHandlerContext.invokeChannelRead(AbstractChannelHandlerContext.java:362)
	at org.apache.hbase.thirdparty.io.netty.channel.AbstractChannelHandlerContext.invokeChannelRead(AbstractChannelHandlerContext.java:348)
	at org.apache.hbase.thirdparty.io.netty.channel.AbstractChannelHandlerContext.fireChannelRead(AbstractChannelHandlerContext.java:340)
	at org.apache.hbase.thirdparty.io.netty.channel.DefaultChannelPipeline$HeadContext.channelRead(DefaultChannelPipeline.java:1359)
	at org.apache.hbase.thirdparty.io.netty.channel.AbstractChannelHandlerContext.invokeChannelRead(AbstractChannelHandlerContext.java:362)
	at org.apache.hbase.thirdparty.io.netty.channel.AbstractChannelHandlerContext.invokeChannelRead(AbstractChannelHandlerContext.java:348)
	at org.apache.hbase.thirdparty.io.netty.channel.DefaultChannelPipeline.fireChannelRead(DefaultChannelPipeline.java:935)
	at org.apache.hbase.thirdparty.io.netty.channel.nio.AbstractNioByteChannel$NioByteUnsafe.read(AbstractNioByteChannel.java:138)
	at org.apache.hbase.thirdparty.io.netty.channel.nio.NioEventLoop.processSelectedKey(NioEventLoop.java:645)
	at org.apache.hbase.thirdparty.io.netty.channel.nio.NioEventLoop.processSelectedKeysOptimized(NioEventLoop.java:580)
	at org.apache.hbase.thirdparty.io.netty.channel.nio.NioEventLoop.processSelectedKeys(NioEventLoop.java:497)
	at org.apache.hbase.thirdparty.io.netty.channel.nio.NioEventLoop.run(NioEventLoop.java:459)
	at org.apache.hbase.thirdparty.io.netty.util.concurrent.SingleThreadEventExecutor$5.run(SingleThreadEventExecutor.java:858)
	at org.apache.hbase.thirdparty.io.netty.util.concurrent.DefaultThreadFactory$DefaultRunnableDecorator.run(DefaultThreadFactory.java:138)
	... 1 more
{noformat}

Obviously there are problems in MasterRpcServices.checkRegionStillProblematic.

We use an iterator for problemRegions, and then in the loop, we use problemRegions.remove to remove entries.

And why is the enum name in lower case? It is an anti pattern.

Let me revert the patch here first, too many problems. Please fix these problems and then commit again.

Thanks. [~tianjingyun] [~zghaobac].

Results for branch master
	[build #881 on builds.a.o|https://builds.apache.org/job/HBase%20Nightly/job/master/881/]: (x) *{color:red}-1 overall{color}*
----
details (if available):

(/) {color:green}+1 general checks{color}
-- For more information [see general report|https://builds.apache.org/job/HBase%20Nightly/job/master/881//General_Nightly_Build_Report/]




(x) {color:red}-1 jdk8 hadoop2 checks{color}
-- For more information [see jdk8 (hadoop2) report|https://builds.apache.org/job/HBase%20Nightly/job/master/881//JDK8_Nightly_Build_Report_(Hadoop2)/]


(/) {color:green}+1 jdk8 hadoop3 checks{color}
-- For more information [see jdk8 (hadoop3) report|https://builds.apache.org/job/HBase%20Nightly/job/master/881//JDK8_Nightly_Build_Report_(Hadoop3)/]


(/) {color:green}+1 source release artifact{color}
-- See build output for details.


(/) {color:green}+1 client integration test{color}


Results for branch branch-2
	[build #1771 on builds.a.o|https://builds.apache.org/job/HBase%20Nightly/job/branch-2/1771/]: (x) *{color:red}-1 overall{color}*
----
details (if available):

(/) {color:green}+1 general checks{color}
-- For more information [see general report|https://builds.apache.org/job/HBase%20Nightly/job/branch-2/1771//General_Nightly_Build_Report/]




(x) {color:red}-1 jdk8 hadoop2 checks{color}
-- For more information [see jdk8 (hadoop2) report|https://builds.apache.org/job/HBase%20Nightly/job/branch-2/1771//JDK8_Nightly_Build_Report_(Hadoop2)/]


(x) {color:red}-1 jdk8 hadoop3 checks{color}
-- For more information [see jdk8 (hadoop3) report|https://builds.apache.org/job/HBase%20Nightly/job/branch-2/1771//JDK8_Nightly_Build_Report_(Hadoop3)/]


(/) {color:green}+1 source release artifact{color}
-- See build output for details.


(/) {color:green}+1 client integration test{color}


| (/) *{color:green}+1 overall{color}* |
\\
\\
|| Vote || Subsystem || Runtime || Comment ||
| {color:blue}0{color} | {color:blue} reexec {color} | {color:blue}  0m 26s{color} | {color:blue} Docker mode activated. {color} |
|| || || || {color:brown} Prechecks {color} ||
| {color:green}+1{color} | {color:green} hbaseanti {color} | {color:green}  0m  0s{color} | {color:green} Patch does not have any anti-patterns. {color} |
| {color:green}+1{color} | {color:green} @author {color} | {color:green}  0m  0s{color} | {color:green} The patch does not contain any @author tags. {color} |
| {color:green}+1{color} | {color:green} test4tests {color} | {color:green}  0m  0s{color} | {color:green} The patch appears to include 1 new or modified test files. {color} |
|| || || || {color:brown} master Compile Tests {color} ||
| {color:blue}0{color} | {color:blue} mvndep {color} | {color:blue}  0m 24s{color} | {color:blue} Maven dependency ordering for branch {color} |
| {color:green}+1{color} | {color:green} mvninstall {color} | {color:green}  4m  8s{color} | {color:green} master passed {color} |
| {color:green}+1{color} | {color:green} compile {color} | {color:green}  1m 44s{color} | {color:green} master passed {color} |
| {color:green}+1{color} | {color:green} checkstyle {color} | {color:green}  1m 51s{color} | {color:green} master passed {color} |
| {color:green}+1{color} | {color:green} shadedjars {color} | {color:green}  4m 18s{color} | {color:green} branch has no errors when building our shaded downstream artifacts. {color} |
| {color:green}+1{color} | {color:green} findbugs {color} | {color:green}  5m 39s{color} | {color:green} master passed {color} |
| {color:green}+1{color} | {color:green} javadoc {color} | {color:green}  1m  2s{color} | {color:green} master passed {color} |
|| || || || {color:brown} Patch Compile Tests {color} ||
| {color:blue}0{color} | {color:blue} mvndep {color} | {color:blue}  0m 14s{color} | {color:blue} Maven dependency ordering for patch {color} |
| {color:green}+1{color} | {color:green} mvninstall {color} | {color:green}  3m 55s{color} | {color:green} the patch passed {color} |
| {color:green}+1{color} | {color:green} compile {color} | {color:green}  1m 43s{color} | {color:green} the patch passed {color} |
| {color:green}+1{color} | {color:green} cc {color} | {color:green}  1m 43s{color} | {color:green} the patch passed {color} |
| {color:green}+1{color} | {color:green} javac {color} | {color:green}  1m 43s{color} | {color:green} the patch passed {color} |
| {color:green}+1{color} | {color:green} checkstyle {color} | {color:green}  1m 54s{color} | {color:green} the patch passed {color} |
| {color:green}+1{color} | {color:green} whitespace {color} | {color:green}  0m  0s{color} | {color:green} The patch has no whitespace issues. {color} |
| {color:green}+1{color} | {color:green} shadedjars {color} | {color:green}  4m 22s{color} | {color:green} patch has no errors when building our shaded downstream artifacts. {color} |
| {color:green}+1{color} | {color:green} hadoopcheck {color} | {color:green}  8m 25s{color} | {color:green} Patch does not cause any errors with Hadoop 2.7.4 or 3.0.0. {color} |
| {color:green}+1{color} | {color:green} hbaseprotoc {color} | {color:green}  1m 38s{color} | {color:green} the patch passed {color} |
| {color:green}+1{color} | {color:green} findbugs {color} | {color:green}  6m 36s{color} | {color:green} the patch passed {color} |
| {color:green}+1{color} | {color:green} javadoc {color} | {color:green}  1m  2s{color} | {color:green} the patch passed {color} |
|| || || || {color:brown} Other Tests {color} ||
| {color:green}+1{color} | {color:green} unit {color} | {color:green}  0m 35s{color} | {color:green} hbase-protocol-shaded in the patch passed. {color} |
| {color:green}+1{color} | {color:green} unit {color} | {color:green}  3m 27s{color} | {color:green} hbase-client in the patch passed. {color} |
| {color:green}+1{color} | {color:green} unit {color} | {color:green}136m 35s{color} | {color:green} hbase-server in the patch passed. {color} |
| {color:green}+1{color} | {color:green} asflicense {color} | {color:green}  1m 12s{color} | {color:green} The patch does not generate ASF License warnings. {color} |
| {color:black}{color} | {color:black} {color} | {color:black}192m 22s{color} | {color:black} {color} |
\\
\\
|| Subsystem || Report/Notes ||
| Docker | Client=17.05.0-ce Server=17.05.0-ce base: https://builds.apache.org/job/PreCommit-HBASE-Build/17/artifact/patchprocess/Dockerfile |
| JIRA Issue | HBASE-21965 |
| JIRA Patch URL | https://issues.apache.org/jira/secure/attachment/12965149/HBASE-21965.master.013.patch |
| Optional Tests |  dupname  asflicense  javac  javadoc  unit  findbugs  shadedjars  hadoopcheck  hbaseanti  checkstyle  compile  cc  hbaseprotoc  |
| uname | Linux b216783ebfd2 4.4.0-138-generic #164-Ubuntu SMP Tue Oct 2 17:16:02 UTC 2018 x86_64 GNU/Linux |
| Build tool | maven |
| Personality | dev-support/hbase-personality.sh |
| git revision | master / b2587c874b |
| maven | version: Apache Maven 3.5.4 (1edded0938998edf8bf061f1ceb3cfdeccf443fe; 2018-06-17T18:33:14Z) |
| Default Java | 1.8.0_181 |
| findbugs | v3.1.11 |
|  Test Results | https://builds.apache.org/job/PreCommit-HBASE-Build/17/testReport/ |
| Max. process+thread count | 5068 (vs. ulimit of 10000) |
| modules | C: hbase-protocol-shaded hbase-client hbase-server U: . |
| Console output | https://builds.apache.org/job/PreCommit-HBASE-Build/17/console |
| Powered by | Apache Yetus 0.9.0 http://yetus.apache.org |


This message was automatically generated.



| (x) *{color:red}-1 overall{color}* |
\\
\\
|| Vote || Subsystem || Runtime || Comment ||
| {color:blue}0{color} | {color:blue} reexec {color} | {color:blue}  0m 59s{color} | {color:blue} Docker mode activated. {color} |
|| || || || {color:brown} Prechecks {color} ||
| {color:green}+1{color} | {color:green} hbaseanti {color} | {color:green}  0m  0s{color} | {color:green} Patch does not have any anti-patterns. {color} |
| {color:green}+1{color} | {color:green} @author {color} | {color:green}  0m  0s{color} | {color:green} The patch does not contain any @author tags. {color} |
| {color:green}+1{color} | {color:green} test4tests {color} | {color:green}  0m  0s{color} | {color:green} The patch appears to include 1 new or modified test files. {color} |
|| || || || {color:brown} master Compile Tests {color} ||
| {color:blue}0{color} | {color:blue} mvndep {color} | {color:blue}  0m 25s{color} | {color:blue} Maven dependency ordering for branch {color} |
| {color:green}+1{color} | {color:green} mvninstall {color} | {color:green}  4m 59s{color} | {color:green} master passed {color} |
| {color:green}+1{color} | {color:green} compile {color} | {color:green}  1m 55s{color} | {color:green} master passed {color} |
| {color:green}+1{color} | {color:green} checkstyle {color} | {color:green}  1m 57s{color} | {color:green} master passed {color} |
| {color:green}+1{color} | {color:green} shadedjars {color} | {color:green}  4m 32s{color} | {color:green} branch has no errors when building our shaded downstream artifacts. {color} |
| {color:green}+1{color} | {color:green} findbugs {color} | {color:green}  5m 54s{color} | {color:green} master passed {color} |
| {color:green}+1{color} | {color:green} javadoc {color} | {color:green}  1m  3s{color} | {color:green} master passed {color} |
|| || || || {color:brown} Patch Compile Tests {color} ||
| {color:blue}0{color} | {color:blue} mvndep {color} | {color:blue}  0m 14s{color} | {color:blue} Maven dependency ordering for patch {color} |
| {color:green}+1{color} | {color:green} mvninstall {color} | {color:green}  4m  7s{color} | {color:green} the patch passed {color} |
| {color:green}+1{color} | {color:green} compile {color} | {color:green}  1m 49s{color} | {color:green} the patch passed {color} |
| {color:green}+1{color} | {color:green} cc {color} | {color:green}  1m 49s{color} | {color:green} the patch passed {color} |
| {color:green}+1{color} | {color:green} javac {color} | {color:green}  1m 49s{color} | {color:green} the patch passed {color} |
| {color:green}+1{color} | {color:green} checkstyle {color} | {color:green}  1m 49s{color} | {color:green} the patch passed {color} |
| {color:green}+1{color} | {color:green} whitespace {color} | {color:green}  0m  0s{color} | {color:green} The patch has no whitespace issues. {color} |
| {color:green}+1{color} | {color:green} shadedjars {color} | {color:green}  4m 21s{color} | {color:green} patch has no errors when building our shaded downstream artifacts. {color} |
| {color:green}+1{color} | {color:green} hadoopcheck {color} | {color:green}  9m 33s{color} | {color:green} Patch does not cause any errors with Hadoop 2.7.4 or 3.0.0. {color} |
| {color:green}+1{color} | {color:green} hbaseprotoc {color} | {color:green}  1m 39s{color} | {color:green} the patch passed {color} |
| {color:green}+1{color} | {color:green} findbugs {color} | {color:green}  6m 41s{color} | {color:green} the patch passed {color} |
| {color:green}+1{color} | {color:green} javadoc {color} | {color:green}  1m  1s{color} | {color:green} the patch passed {color} |
|| || || || {color:brown} Other Tests {color} ||
| {color:green}+1{color} | {color:green} unit {color} | {color:green}  0m 35s{color} | {color:green} hbase-protocol-shaded in the patch passed. {color} |
| {color:green}+1{color} | {color:green} unit {color} | {color:green}  3m 23s{color} | {color:green} hbase-client in the patch passed. {color} |
| {color:red}-1{color} | {color:red} unit {color} | {color:red}289m 48s{color} | {color:red} hbase-server in the patch failed. {color} |
| {color:green}+1{color} | {color:green} asflicense {color} | {color:green}  1m 14s{color} | {color:green} The patch does not generate ASF License warnings. {color} |
| {color:black}{color} | {color:black} {color} | {color:black}349m  1s{color} | {color:black} {color} |
\\
\\
|| Reason || Tests ||
| Failed junit tests | hadoop.hbase.quotas.TestSpaceQuotas |
|   | hadoop.hbase.util.TestFromClientSide3WoUnsafe |
|   | hadoop.hbase.master.procedure.TestSCPWithReplicas |
|   | hadoop.hbase.client.TestFromClientSideWithCoprocessor |
|   | hadoop.hbase.replication.multiwal.TestReplicationSyncUpToolWithMultipleAsyncWAL |
|   | hadoop.hbase.client.TestSnapshotTemporaryDirectoryWithRegionReplicas |
|   | hadoop.hbase.master.procedure.TestSCPWithReplicasWithoutZKCoordinated |
|   | hadoop.hbase.client.TestAdmin1 |
\\
\\
|| Subsystem || Report/Notes ||
| Docker | Client=17.05.0-ce Server=17.05.0-ce base: https://builds.apache.org/job/PreCommit-HBASE-Build/26/artifact/patchprocess/Dockerfile |
| JIRA Issue | HBASE-21965 |
| JIRA Patch URL | https://issues.apache.org/jira/secure/attachment/12965178/HBASE-21965.master.014.patch |
| Optional Tests |  dupname  asflicense  javac  javadoc  unit  findbugs  shadedjars  hadoopcheck  hbaseanti  checkstyle  compile  cc  hbaseprotoc  |
| uname | Linux 88429064384a 4.4.0-139-generic #165-Ubuntu SMP Wed Oct 24 10:58:50 UTC 2018 x86_64 GNU/Linux |
| Build tool | maven |
| Personality | dev-support/hbase-personality.sh |
| git revision | master / a871d3139a |
| maven | version: Apache Maven 3.5.4 (1edded0938998edf8bf061f1ceb3cfdeccf443fe; 2018-06-17T18:33:14Z) |
| Default Java | 1.8.0_181 |
| findbugs | v3.1.11 |
| unit | https://builds.apache.org/job/PreCommit-HBASE-Build/26/artifact/patchprocess/patch-unit-hbase-server.txt |
|  Test Results | https://builds.apache.org/job/PreCommit-HBASE-Build/26/testReport/ |
| Max. process+thread count | 5120 (vs. ulimit of 10000) |
| modules | C: hbase-protocol-shaded hbase-client hbase-server U: . |
| Console output | https://builds.apache.org/job/PreCommit-HBASE-Build/26/console |
| Powered by | Apache Yetus 0.9.0 http://yetus.apache.org |


This message was automatically generated.



| (x) *{color:red}-1 overall{color}* |
\\
\\
|| Vote || Subsystem || Runtime || Comment ||
| {color:blue}0{color} | {color:blue} reexec {color} | {color:blue}  1m 33s{color} | {color:blue} Docker mode activated. {color} |
|| || || || {color:brown} Prechecks {color} ||
| {color:green}+1{color} | {color:green} hbaseanti {color} | {color:green}  0m  0s{color} | {color:green} Patch does not have any anti-patterns. {color} |
| {color:green}+1{color} | {color:green} @author {color} | {color:green}  0m  0s{color} | {color:green} The patch does not contain any @author tags. {color} |
| {color:green}+1{color} | {color:green} test4tests {color} | {color:green}  0m  0s{color} | {color:green} The patch appears to include 1 new or modified test files. {color} |
|| || || || {color:brown} master Compile Tests {color} ||
| {color:blue}0{color} | {color:blue} mvndep {color} | {color:blue}  0m 45s{color} | {color:blue} Maven dependency ordering for branch {color} |
| {color:green}+1{color} | {color:green} mvninstall {color} | {color:green}  6m 52s{color} | {color:green} master passed {color} |
| {color:green}+1{color} | {color:green} compile {color} | {color:green}  2m 19s{color} | {color:green} master passed {color} |
| {color:green}+1{color} | {color:green} checkstyle {color} | {color:green}  2m 32s{color} | {color:green} master passed {color} |
| {color:green}+1{color} | {color:green} shadedjars {color} | {color:green}  6m 24s{color} | {color:green} branch has no errors when building our shaded downstream artifacts. {color} |
| {color:green}+1{color} | {color:green} findbugs {color} | {color:green}  7m 59s{color} | {color:green} master passed {color} |
| {color:green}+1{color} | {color:green} javadoc {color} | {color:green}  1m 16s{color} | {color:green} master passed {color} |
|| || || || {color:brown} Patch Compile Tests {color} ||
| {color:blue}0{color} | {color:blue} mvndep {color} | {color:blue}  0m 17s{color} | {color:blue} Maven dependency ordering for patch {color} |
| {color:green}+1{color} | {color:green} mvninstall {color} | {color:green}  5m 54s{color} | {color:green} the patch passed {color} |
| {color:green}+1{color} | {color:green} compile {color} | {color:green}  2m 23s{color} | {color:green} the patch passed {color} |
| {color:green}+1{color} | {color:green} cc {color} | {color:green}  2m 23s{color} | {color:green} the patch passed {color} |
| {color:green}+1{color} | {color:green} javac {color} | {color:green}  2m 23s{color} | {color:green} the patch passed {color} |
| {color:green}+1{color} | {color:green} checkstyle {color} | {color:green}  2m 21s{color} | {color:green} the patch passed {color} |
| {color:green}+1{color} | {color:green} whitespace {color} | {color:green}  0m  0s{color} | {color:green} The patch has no whitespace issues. {color} |
| {color:green}+1{color} | {color:green} shadedjars {color} | {color:green}  5m 31s{color} | {color:green} patch has no errors when building our shaded downstream artifacts. {color} |
| {color:green}+1{color} | {color:green} hadoopcheck {color} | {color:green} 11m 20s{color} | {color:green} Patch does not cause any errors with Hadoop 2.7.4 or 3.0.0. {color} |
| {color:green}+1{color} | {color:green} hbaseprotoc {color} | {color:green}  2m  9s{color} | {color:green} the patch passed {color} |
| {color:green}+1{color} | {color:green} findbugs {color} | {color:green}  9m  5s{color} | {color:green} the patch passed {color} |
| {color:green}+1{color} | {color:green} javadoc {color} | {color:green}  1m 18s{color} | {color:green} the patch passed {color} |
|| || || || {color:brown} Other Tests {color} ||
| {color:green}+1{color} | {color:green} unit {color} | {color:green}  0m 46s{color} | {color:green} hbase-protocol-shaded in the patch passed. {color} |
| {color:green}+1{color} | {color:green} unit {color} | {color:green}  3m 43s{color} | {color:green} hbase-client in the patch passed. {color} |
| {color:red}-1{color} | {color:red} unit {color} | {color:red}305m 27s{color} | {color:red} hbase-server in the patch failed. {color} |
| {color:green}+1{color} | {color:green} asflicense {color} | {color:green}  1m 28s{color} | {color:green} The patch does not generate ASF License warnings. {color} |
| {color:black}{color} | {color:black} {color} | {color:black}382m 43s{color} | {color:black} {color} |
\\
\\
|| Reason || Tests ||
| Failed junit tests | hadoop.hbase.client.TestAdmin1 |
|   | hadoop.hbase.client.TestScannerTimeout |
|   | hadoop.hbase.client.TestSnapshotTemporaryDirectoryWithRegionReplicas |
|   | hadoop.hbase.replication.multiwal.TestReplicationSyncUpToolWithMultipleWAL |
|   | hadoop.hbase.client.TestSnapshotTemporaryDirectory |
|   | hadoop.hbase.quotas.TestSpaceQuotas |
|   | hadoop.hbase.replication.TestReplicationSyncUpTool |
|   | hadoop.hbase.master.TestSplitWALManager |
|   | hadoop.hbase.client.TestFromClientSide3 |
|   | hadoop.hbase.client.replication.TestReplicationAdminWithClusters |
|   | hadoop.hbase.client.TestFromClientSide |
|   | hadoop.hbase.client.TestFromClientSideWithCoprocessor |
\\
\\
|| Subsystem || Report/Notes ||
| Docker | Client=17.05.0-ce Server=17.05.0-ce base: https://builds.apache.org/job/PreCommit-HBASE-Build/38/artifact/patchprocess/Dockerfile |
| JIRA Issue | HBASE-21965 |
| JIRA Patch URL | https://issues.apache.org/jira/secure/attachment/12965269/HBASE-21965.master.014.patch |
| Optional Tests |  dupname  asflicense  javac  javadoc  unit  findbugs  shadedjars  hadoopcheck  hbaseanti  checkstyle  compile  cc  hbaseprotoc  |
| uname | Linux 61bb0bbeeb06 4.4.0-138-generic #164-Ubuntu SMP Tue Oct 2 17:16:02 UTC 2018 x86_64 GNU/Linux |
| Build tool | maven |
| Personality | dev-support/hbase-personality.sh |
| git revision | master / 89ce5d17e4 |
| maven | version: Apache Maven 3.5.4 (1edded0938998edf8bf061f1ceb3cfdeccf443fe; 2018-06-17T18:33:14Z) |
| Default Java | 1.8.0_181 |
| findbugs | v3.1.11 |
| unit | https://builds.apache.org/job/PreCommit-HBASE-Build/38/artifact/patchprocess/patch-unit-hbase-server.txt |
|  Test Results | https://builds.apache.org/job/PreCommit-HBASE-Build/38/testReport/ |
| Max. process+thread count | 5131 (vs. ulimit of 10000) |
| modules | C: hbase-protocol-shaded hbase-client hbase-server U: . |
| Console output | https://builds.apache.org/job/PreCommit-HBASE-Build/38/console |
| Powered by | Apache Yetus 0.9.0 http://yetus.apache.org |


This message was automatically generated.



These tests are not related to my patch and they all passed on my own desktop exceptTestReplicationSyncUpToolWithMultipleWAL, there may be some problem with it. Pushed to master and branch-2. Thanks [~Apache9] for reviewing.

Results for branch branch-2
	[build #1809 on builds.a.o|https://builds.apache.org/job/HBase%20Nightly/job/branch-2/1809/]: (x) *{color:red}-1 overall{color}*
----
details (if available):

(/) {color:green}+1 general checks{color}
-- For more information [see general report|https://builds.apache.org/job/HBase%20Nightly/job/branch-2/1809//General_Nightly_Build_Report/]




(x) {color:red}-1 jdk8 hadoop2 checks{color}
-- For more information [see jdk8 (hadoop2) report|https://builds.apache.org/job/HBase%20Nightly/job/branch-2/1809//JDK8_Nightly_Build_Report_(Hadoop2)/]


(x) {color:red}-1 jdk8 hadoop3 checks{color}
-- For more information [see jdk8 (hadoop3) report|https://builds.apache.org/job/HBase%20Nightly/job/branch-2/1809//JDK8_Nightly_Build_Report_(Hadoop3)/]


(/) {color:green}+1 source release artifact{color}
-- See build output for details.


(/) {color:green}+1 client integration test{color}


Results for branch master
	[build #920 on builds.a.o|https://builds.apache.org/job/HBase%20Nightly/job/master/920/]: (x) *{color:red}-1 overall{color}*
----
details (if available):

(/) {color:green}+1 general checks{color}
-- For more information [see general report|https://builds.apache.org/job/HBase%20Nightly/job/master/920//General_Nightly_Build_Report/]




(x) {color:red}-1 jdk8 hadoop2 checks{color}
-- For more information [see jdk8 (hadoop2) report|https://builds.apache.org/job/HBase%20Nightly/job/master/920//JDK8_Nightly_Build_Report_(Hadoop2)/]


(x) {color:red}-1 jdk8 hadoop3 checks{color}
-- For more information [see jdk8 (hadoop3) report|https://builds.apache.org/job/HBase%20Nightly/job/master/920//JDK8_Nightly_Build_Report_(Hadoop3)/]


(/) {color:green}+1 source release artifact{color}
-- See build output for details.


(/) {color:green}+1 client integration test{color}


Is there any particular reason this can't go to branch-2.2 or branch-2.1?

https://builds.apache.org/job/HBase-Flaky-Tests/job/master/2969/testReport/junit/org.apache.hadoop.hbase.client/TestHbck/testRecoverSplitAfterMetaUpdated_0__async_false_/

Please see this failure [~tianjingyun]? I think it is related?

And I think this could go into branch-2.2 directly, but for branch-2.1, we use different procedures to assign/unassign regions so maybe it is not straight-forward.

bq. but for branch-2.1, we use different procedures to assign/unassign regions so maybe it is not straight-forward.

how will we account for this in the hbck2 tooling?

[~tianjingyun] How do we know if we can use a specific function in HBCK2 for different hbase versions? Thanks.

[~busbey] [~Apache9], This patch could go to different hbase versions, since it only find these problematic regions by scan meta or compare regioninfos on FS.

This commit undone by "HBASE-22673 Avoid to expose protobuf stuff in Hbck interface". The added hbck method here was removed because it does 'checking', not 'fixing' as it should do when added to Hbck. See https://issues.apache.org/jira/secure/EditComment!default.jspa?id=13244089&commentId=16882591 To be addressed otherwise by showing problem regions in web UI. See HBASE-22709 Add a web ui to show the failed splited/merged regions

I openedHBASE-22709 to show these in master UI.

