OK I think this is something happened before. Output the memstore size after the compaction check, it is not zero. This means that we fail to flush the table. Change to use HBaseTestingUtility.flush can fix the problem.

But anyway, I'm still a little worried about the Admin.flush, we may fail to flush without any notification to users.

| (/) *{color:green}+1 overall{color}* |
\\
\\
|| Vote || Subsystem || Runtime || Comment ||
| {color:blue}0{color} | {color:blue} reexec {color} | {color:blue}  0m  8s{color} | {color:blue} Docker mode activated. {color} |
|| || || || {color:brown} Prechecks {color} ||
| {color:blue}0{color} | {color:blue} findbugs {color} | {color:blue}  0m  0s{color} | {color:blue} Findbugs executables are not available. {color} |
| {color:green}+1{color} | {color:green} hbaseanti {color} | {color:green}  0m  0s{color} | {color:green} Patch does not have any anti-patterns. {color} |
| {color:green}+1{color} | {color:green} @author {color} | {color:green}  0m  0s{color} | {color:green} The patch does not contain any @author tags. {color} |
| {color:green}+1{color} | {color:green} test4tests {color} | {color:green}  0m  0s{color} | {color:green} The patch appears to include 1 new or modified test files. {color} |
|| || || || {color:brown} master Compile Tests {color} ||
| {color:green}+1{color} | {color:green} mvninstall {color} | {color:green}  4m 35s{color} | {color:green} master passed {color} |
| {color:green}+1{color} | {color:green} compile {color} | {color:green}  0m 19s{color} | {color:green} master passed {color} |
| {color:green}+1{color} | {color:green} checkstyle {color} | {color:green}  0m 13s{color} | {color:green} master passed {color} |
| {color:green}+1{color} | {color:green} shadedjars {color} | {color:green}  4m 48s{color} | {color:green} branch has no errors when building our shaded downstream artifacts. {color} |
| {color:green}+1{color} | {color:green} javadoc {color} | {color:green}  0m 15s{color} | {color:green} master passed {color} |
|| || || || {color:brown} Patch Compile Tests {color} ||
| {color:green}+1{color} | {color:green} mvninstall {color} | {color:green}  4m 17s{color} | {color:green} the patch passed {color} |
| {color:green}+1{color} | {color:green} compile {color} | {color:green}  0m 18s{color} | {color:green} the patch passed {color} |
| {color:green}+1{color} | {color:green} javac {color} | {color:green}  0m 18s{color} | {color:green} the patch passed {color} |
| {color:green}+1{color} | {color:green} checkstyle {color} | {color:green}  0m 12s{color} | {color:green} the patch passed {color} |
| {color:green}+1{color} | {color:green} whitespace {color} | {color:green}  0m  0s{color} | {color:green} The patch has no whitespace issues. {color} |
| {color:green}+1{color} | {color:green} shadedjars {color} | {color:green}  4m 37s{color} | {color:green} patch has no errors when building our shaded downstream artifacts. {color} |
| {color:green}+1{color} | {color:green} hadoopcheck {color} | {color:green} 18m  7s{color} | {color:green} Patch does not cause any errors with Hadoop 2.6.5 2.7.4 or 3.0.0. {color} |
| {color:green}+1{color} | {color:green} javadoc {color} | {color:green}  0m 15s{color} | {color:green} the patch passed {color} |
|| || || || {color:brown} Other Tests {color} ||
| {color:green}+1{color} | {color:green} unit {color} | {color:green}  1m 17s{color} | {color:green} hbase-examples in the patch passed. {color} |
| {color:green}+1{color} | {color:green} asflicense {color} | {color:green}  0m  9s{color} | {color:green} The patch does not generate ASF License warnings. {color} |
| {color:black}{color} | {color:black} {color} | {color:black} 34m 51s{color} | {color:black} {color} |
\\
\\
|| Subsystem || Report/Notes ||
| Docker | Client=17.05.0-ce Server=17.05.0-ce Image:yetus/hbase:eee3b01 |
| JIRA Issue | HBASE-19964 |
| JIRA Patch URL | https://issues.apache.org/jira/secure/attachment/12909916/HBASE-19964.patch |
| Optional Tests |  asflicense  javac  javadoc  unit  findbugs  shadedjars  hadoopcheck  hbaseanti  checkstyle  compile  |
| uname | Linux 232d0ccfcea6 3.13.0-133-generic #182-Ubuntu SMP Tue Sep 19 15:49:21 UTC 2017 x86_64 GNU/Linux |
| Build tool | maven |
| Personality | /home/jenkins/jenkins-slave/workspace/PreCommit-HBASE-Build/component/dev-support/hbase-personality.sh |
| git revision | master / bc720374c3 |
| maven | version: Apache Maven 3.5.2 (138edd61fd100ec658bfa2d307c43b76940a5d7d; 2017-10-18T07:58:13Z) |
| Default Java | 1.8.0_151 |
|  Test Results | https://builds.apache.org/job/PreCommit-HBASE-Build/11465/testReport/ |
| Max. process+thread count | 2387 (vs. ulimit of 10000) |
| modules | C: hbase-examples U: hbase-examples |
| Console output | https://builds.apache.org/job/PreCommit-HBASE-Build/11465/console |
| Powered by | Apache Yetus 0.7.0   http://yetus.apache.org |


This message was automatically generated.



Let me commit.

Pushed to master and branch-2. Keep it open for a while to see if it really works.

FAILURE: Integrated in Jenkins build HBase-Trunk_matrix #4555 (See [https://builds.apache.org/job/HBase-Trunk_matrix/4555/])
HBASE-19964 TestWriteHeavyIncrementObserver fails (zhangduo: rev 05279d2f5f45f170267c85e16e8472773094a59f)
* (edit) hbase-examples/src/test/java/org/apache/hadoop/hbase/coprocessor/example/TestWriteHeavyIncrementObserver.java


+1

Resolving. It dropped off the flakies list.

Thanks [~Apache9]

Failed with another error:

{noformat}
Error Message
Waiting timed out after [30,000] msec Major compaction hangs, there are still 3 store files
Stacktrace
java.lang.AssertionError: Waiting timed out after [30,000] msec Major compaction hangs, there are still 3 store files
	at org.apache.hadoop.hbase.coprocessor.example.TestWriteHeavyIncrementObserver.test(TestWriteHeavyIncrementObserver.java:69)
{noformat}

https://builds.apache.org/job/HBASE-Flaky-Tests/25735/testReport/junit/org.apache.hadoop.hbase.coprocessor.example/TestWriteHeavyIncrementObserver/test/

OK it seems that a major compact request could also fail without notification...

{noformat}
2018-02-09 18:26:16,305 INFO  [RpcServer.priority.FPBQ.Fifo.handler=5,queue=0,port=50045] regionserver.RSRpcServices(1574): Compacting TestCP,,1518200771352.9ddd2a4635b063af844b04f18e919b7b.
2018-02-09 18:26:16,308 DEBUG [RpcServer.priority.FPBQ.Fifo.handler=5,queue=0,port=50045] compactions.SortedCompactionPolicy(68): Selecting compaction from 5 store files, 3 compacting, 2 eligible, 16 blocking
2018-02-09 18:26:16,313 DEBUG [RpcServer.priority.FPBQ.Fifo.handler=5,queue=0,port=50045] compactions.ExploringCompactionPolicy(121): Exploring compaction algorithm has selected 0 files of size 0 starting at candidate #-1 after considering 0 permutations with 0 in ratio
2018-02-09 18:26:16,313 DEBUG [RpcServer.priority.FPBQ.Fifo.handler=5,queue=0,port=50045] compactions.SortedCompactionPolicy(240): Not compacting files because we only have 0 files ready for compaction. Need 3 to initiate.
2018-02-09 18:26:16,314 DEBUG [RpcServer.priority.FPBQ.Fifo.handler=5,queue=0,port=50045] regionserver.CompactSplit(375): Not compacting TestCP,,1518200771352.9ddd2a4635b063af844b04f18e919b7b. because compaction request was cancelled
2018-02-09 18:26:16,320 DEBUG [RS:0;asf911:50045-shortCompactions-1518200774327] regionserver.HRegionFileSystem(463): Committing store file hdfs://localhost:49709/user/jenkins/test-data/429b14a6-608b-4e7b-b88b-7a822e1598b8/data/default/TestCP/9ddd2a4635b063af844b04f18e919b7b/.tmp/cf/82bb0b606d8442bf8492026aa7b9e147 as hdfs://localhost:49709/user/jenkins/test-data/429b14a6-608b-4e7b-b88b-7a822e1598b8/data/default/TestCP/9ddd2a4635b063af844b04f18e919b7b/cf/82bb0b606d8442bf8492026aa7b9e147
2018-02-09 18:26:16,321 INFO  [Time-limited test] hbase.Waiter(189): Waiting up to [30,000] milli-secs(wait.for.ratio=[1])
{noformat}

Let me think...

| (/) *{color:green}+1 overall{color}* |
\\
\\
|| Vote || Subsystem || Runtime || Comment ||
| {color:blue}0{color} | {color:blue} reexec {color} | {color:blue}  0m 11s{color} | {color:blue} Docker mode activated. {color} |
|| || || || {color:brown} Prechecks {color} ||
| {color:blue}0{color} | {color:blue} findbugs {color} | {color:blue}  0m  0s{color} | {color:blue} Findbugs executables are not available. {color} |
| {color:green}+1{color} | {color:green} hbaseanti {color} | {color:green}  0m  0s{color} | {color:green} Patch does not have any anti-patterns. {color} |
| {color:green}+1{color} | {color:green} @author {color} | {color:green}  0m  0s{color} | {color:green} The patch does not contain any @author tags. {color} |
| {color:green}+1{color} | {color:green} test4tests {color} | {color:green}  0m  0s{color} | {color:green} The patch appears to include 1 new or modified test files. {color} |
|| || || || {color:brown} master Compile Tests {color} ||
| {color:green}+1{color} | {color:green} mvninstall {color} | {color:green}  6m 27s{color} | {color:green} master passed {color} |
| {color:green}+1{color} | {color:green} compile {color} | {color:green}  0m 23s{color} | {color:green} master passed {color} |
| {color:green}+1{color} | {color:green} checkstyle {color} | {color:green}  0m 16s{color} | {color:green} master passed {color} |
| {color:green}+1{color} | {color:green} shadedjars {color} | {color:green}  5m 22s{color} | {color:green} branch has no errors when building our shaded downstream artifacts. {color} |
| {color:green}+1{color} | {color:green} javadoc {color} | {color:green}  0m 19s{color} | {color:green} master passed {color} |
|| || || || {color:brown} Patch Compile Tests {color} ||
| {color:green}+1{color} | {color:green} mvninstall {color} | {color:green}  5m 11s{color} | {color:green} the patch passed {color} |
| {color:green}+1{color} | {color:green} compile {color} | {color:green}  0m 23s{color} | {color:green} the patch passed {color} |
| {color:green}+1{color} | {color:green} javac {color} | {color:green}  0m 23s{color} | {color:green} the patch passed {color} |
| {color:green}+1{color} | {color:green} checkstyle {color} | {color:green}  0m 16s{color} | {color:green} the patch passed {color} |
| {color:green}+1{color} | {color:green} whitespace {color} | {color:green}  0m  0s{color} | {color:green} The patch has no whitespace issues. {color} |
| {color:green}+1{color} | {color:green} shadedjars {color} | {color:green}  5m 11s{color} | {color:green} patch has no errors when building our shaded downstream artifacts. {color} |
| {color:green}+1{color} | {color:green} hadoopcheck {color} | {color:green} 21m 40s{color} | {color:green} Patch does not cause any errors with Hadoop 2.6.5 2.7.4 or 3.0.0. {color} |
| {color:green}+1{color} | {color:green} javadoc {color} | {color:green}  0m 16s{color} | {color:green} the patch passed {color} |
|| || || || {color:brown} Other Tests {color} ||
| {color:green}+1{color} | {color:green} unit {color} | {color:green}  1m 23s{color} | {color:green} hbase-examples in the patch passed. {color} |
| {color:green}+1{color} | {color:green} asflicense {color} | {color:green}  0m 10s{color} | {color:green} The patch does not generate ASF License warnings. {color} |
| {color:black}{color} | {color:black} {color} | {color:black} 42m 14s{color} | {color:black} {color} |
\\
\\
|| Subsystem || Report/Notes ||
| Docker | Client=17.05.0-ce Server=17.05.0-ce Image:yetus/hbase:eee3b01 |
| JIRA Issue | HBASE-19964 |
| JIRA Patch URL | https://issues.apache.org/jira/secure/attachment/12910037/HBASE-19964-addendum.patch |
| Optional Tests |  asflicense  javac  javadoc  unit  findbugs  shadedjars  hadoopcheck  hbaseanti  checkstyle  compile  |
| uname | Linux 3ef979beb6ec 3.13.0-133-generic #182-Ubuntu SMP Tue Sep 19 15:49:21 UTC 2017 x86_64 GNU/Linux |
| Build tool | maven |
| Personality | /home/jenkins/jenkins-slave/workspace/PreCommit-HBASE-Build@2/component/dev-support/hbase-personality.sh |
| git revision | master / 32f235abee |
| maven | version: Apache Maven 3.5.2 (138edd61fd100ec658bfa2d307c43b76940a5d7d; 2017-10-18T07:58:13Z) |
| Default Java | 1.8.0_151 |
|  Test Results | https://builds.apache.org/job/PreCommit-HBASE-Build/11477/testReport/ |
| Max. process+thread count | 2447 (vs. ulimit of 10000) |
| modules | C: hbase-examples U: hbase-examples |
| Console output | https://builds.apache.org/job/PreCommit-HBASE-Build/11477/console |
| Powered by | Apache Yetus 0.7.0   http://yetus.apache.org |


This message was automatically generated.



Let me commit.

Pushed to master and branch-2.

FAILURE: Integrated in Jenkins build HBase-Trunk_matrix #4561 (See [https://builds.apache.org/job/HBase-Trunk_matrix/4561/])
HBASE-19964 Addendum retry on major compaction (zhangduo: rev 408b41ba6c1093a863b808a11aea551475772a9e)
* (edit) hbase-examples/src/test/java/org/apache/hadoop/hbase/coprocessor/example/TestWriteHeavyIncrementObserver.java


Resolving. This fell off the flakies list. Nice one [~Apache9] Resolving.

