After HBASE-5861 on 0.94 we are left with this issue on trunk.

{code}
$ mvn clean test -PlocalTests -DskipTests -Dhadoop.profile=23
...
[ERROR] Failed to execute goal org.apache.maven.plugins:maven-compiler-plugin:2.0.2:testCompile (default-testCompile) on project hbase: Compilation failure
[ERROR] /home/jon/proj/hbase-svn/hbase/src/test/java/org/apache/hadoop/hbase/HBaseTestingUtility.java:[1333,35] cannot find symbol
[ERROR] symbol  : method getJobTracker()
[ERROR] location: class org.apache.hadoop.mapred.MiniMRCluster.JobTrackerRunner
[ERROR] -> [Help 1]
{code}