[~easyliangjob]:
Can you take a look ?

ok, I will check the code.

The reason why above test is fail is that we can not use number of regionStateNode to decide whether the split is complete or not; i.e use regionStates.getRegionsOfTable(TABLENAME).size().

We need to visit Meta to know if the split is completed or not. 

| (/) *{color:green}+1 overall{color}* |
\\
\\
|| Vote || Subsystem || Runtime || Comment ||
| {color:blue}0{color} | {color:blue} reexec {color} | {color:blue}  0m 20s{color} | {color:blue} Docker mode activated. {color} |
| {color:blue}0{color} | {color:blue} patch {color} | {color:blue}  0m  2s{color} | {color:blue} The patch file was not named according to hbase's naming conventions. Please see https://yetus.apache.org/documentation/0.6.0/precommit-patchnames for instructions. {color} |
|| || || || {color:brown} Prechecks {color} ||
| {color:blue}0{color} | {color:blue} findbugs {color} | {color:blue}  0m  0s{color} | {color:blue} Findbugs executables are not available. {color} |
| {color:green}+1{color} | {color:green} hbaseanti {color} | {color:green}  0m  0s{color} | {color:green} Patch does not have any anti-patterns. {color} |
| {color:green}+1{color} | {color:green} @author {color} | {color:green}  0m  0s{color} | {color:green} The patch does not contain any @author tags. {color} |
| {color:green}+1{color} | {color:green} test4tests {color} | {color:green}  0m  0s{color} | {color:green} The patch appears to include 1 new or modified test files. {color} |
|| || || || {color:brown} master Compile Tests {color} ||
| {color:green}+1{color} | {color:green} mvninstall {color} | {color:green}  4m 30s{color} | {color:green} master passed {color} |
| {color:green}+1{color} | {color:green} compile {color} | {color:green}  0m 38s{color} | {color:green} master passed {color} |
| {color:green}+1{color} | {color:green} checkstyle {color} | {color:green}  0m 59s{color} | {color:green} master passed {color} |
| {color:green}+1{color} | {color:green} shadedjars {color} | {color:green}  5m 24s{color} | {color:green} branch has no errors when building our shaded downstream artifacts. {color} |
| {color:green}+1{color} | {color:green} javadoc {color} | {color:green}  0m 27s{color} | {color:green} master passed {color} |
|| || || || {color:brown} Patch Compile Tests {color} ||
| {color:green}+1{color} | {color:green} mvninstall {color} | {color:green}  4m 29s{color} | {color:green} the patch passed {color} |
| {color:green}+1{color} | {color:green} compile {color} | {color:green}  0m 39s{color} | {color:green} the patch passed {color} |
| {color:green}+1{color} | {color:green} javac {color} | {color:green}  0m 39s{color} | {color:green} the patch passed {color} |
| {color:green}+1{color} | {color:green} checkstyle {color} | {color:green}  0m 57s{color} | {color:green} the patch passed {color} |
| {color:green}+1{color} | {color:green} whitespace {color} | {color:green}  0m  0s{color} | {color:green} The patch has no whitespace issues. {color} |
| {color:green}+1{color} | {color:green} shadedjars {color} | {color:green}  4m 19s{color} | {color:green} patch has no errors when building our shaded downstream artifacts. {color} |
| {color:green}+1{color} | {color:green} hadoopcheck {color} | {color:green} 48m 58s{color} | {color:green} Patch does not cause any errors with Hadoop 2.6.1 2.6.2 2.6.3 2.6.4 2.6.5 2.7.1 2.7.2 2.7.3 2.7.4 or 3.0.0-alpha4. {color} |
| {color:green}+1{color} | {color:green} javadoc {color} | {color:green}  0m 26s{color} | {color:green} the patch passed {color} |
|| || || || {color:brown} Other Tests {color} ||
| {color:green}+1{color} | {color:green} unit {color} | {color:green}112m 42s{color} | {color:green} hbase-server in the patch passed. {color} |
| {color:green}+1{color} | {color:green} asflicense {color} | {color:green}  0m 17s{color} | {color:green} The patch does not generate ASF License warnings. {color} |
| {color:black}{color} | {color:black} {color} | {color:black}180m  1s{color} | {color:black} {color} |
\\
\\
|| Subsystem || Report/Notes ||
| Docker | Client=17.05.0-ce Server=17.05.0-ce Image:yetus/hbase:eee3b01 |
| JIRA Issue | HBASE-19237 |
| JIRA Patch URL | https://issues.apache.org/jira/secure/attachment/12897122/19237.v1.txt |
| Optional Tests |  asflicense  javac  javadoc  unit  findbugs  shadedjars  hadoopcheck  hbaseanti  checkstyle  compile  |
| uname | Linux 60241e5124f0 4.4.0-43-generic #63-Ubuntu SMP Wed Oct 12 13:48:03 UTC 2016 x86_64 GNU/Linux |
| Build tool | maven |
| Personality | /home/jenkins/jenkins-slave/workspace/PreCommit-HBASE-Build/component/dev-support/hbase-personality.sh |
| git revision | master / 72270866cb |
| maven | version: Apache Maven 3.5.2 (138edd61fd100ec658bfa2d307c43b76940a5d7d; 2017-10-18T07:58:13Z) |
| Default Java | 1.8.0_151 |
|  Test Results | https://builds.apache.org/job/PreCommit-HBASE-Build/9738/testReport/ |
| modules | C: hbase-server U: hbase-server |
| Console output | https://builds.apache.org/job/PreCommit-HBASE-Build/9738/console |
| Powered by | Apache Yetus 0.6.0   http://yetus.apache.org |


This message was automatically generated.



| (x) *{color:red}-1 overall{color}* |
\\
\\
|| Vote || Subsystem || Runtime || Comment ||
| {color:blue}0{color} | {color:blue} reexec {color} | {color:blue}  3m 19s{color} | {color:blue} Docker mode activated. {color} |
|| || || || {color:brown} Prechecks {color} ||
| {color:blue}0{color} | {color:blue} findbugs {color} | {color:blue}  0m  0s{color} | {color:blue} Findbugs executables are not available. {color} |
| {color:green}+1{color} | {color:green} hbaseanti {color} | {color:green}  0m  0s{color} | {color:green} Patch does not have any anti-patterns. {color} |
| {color:green}+1{color} | {color:green} @author {color} | {color:green}  0m  0s{color} | {color:green} The patch does not contain any @author tags. {color} |
| {color:green}+1{color} | {color:green} test4tests {color} | {color:green}  0m  0s{color} | {color:green} The patch appears to include 1 new or modified test files. {color} |
|| || || || {color:brown} master Compile Tests {color} ||
| {color:green}+1{color} | {color:green} mvninstall {color} | {color:green}  7m 40s{color} | {color:green} master passed {color} |
| {color:green}+1{color} | {color:green} compile {color} | {color:green}  0m 38s{color} | {color:green} master passed {color} |
| {color:green}+1{color} | {color:green} checkstyle {color} | {color:green}  0m 57s{color} | {color:green} master passed {color} |
| {color:green}+1{color} | {color:green} shadedjars {color} | {color:green}  5m 14s{color} | {color:green} branch has no errors when building our shaded downstream artifacts. {color} |
| {color:green}+1{color} | {color:green} javadoc {color} | {color:green}  0m 30s{color} | {color:green} master passed {color} |
|| || || || {color:brown} Patch Compile Tests {color} ||
| {color:green}+1{color} | {color:green} mvninstall {color} | {color:green}  3m 57s{color} | {color:green} the patch passed {color} |
| {color:green}+1{color} | {color:green} compile {color} | {color:green}  0m 36s{color} | {color:green} the patch passed {color} |
| {color:green}+1{color} | {color:green} javac {color} | {color:green}  0m 36s{color} | {color:green} the patch passed {color} |
| {color:red}-1{color} | {color:red} checkstyle {color} | {color:red}  0m 52s{color} | {color:red} hbase-server: The patch generated 1 new + 1 unchanged - 0 fixed = 2 total (was 1) {color} |
| {color:green}+1{color} | {color:green} whitespace {color} | {color:green}  0m  0s{color} | {color:green} The patch has no whitespace issues. {color} |
| {color:green}+1{color} | {color:green} shadedjars {color} | {color:green}  4m 12s{color} | {color:green} patch has no errors when building our shaded downstream artifacts. {color} |
| {color:green}+1{color} | {color:green} hadoopcheck {color} | {color:green} 47m  5s{color} | {color:green} Patch does not cause any errors with Hadoop 2.6.1 2.6.2 2.6.3 2.6.4 2.6.5 2.7.1 2.7.2 2.7.3 2.7.4 or 3.0.0-alpha4. {color} |
| {color:green}+1{color} | {color:green} javadoc {color} | {color:green}  0m 30s{color} | {color:green} the patch passed {color} |
|| || || || {color:brown} Other Tests {color} ||
| {color:red}-1{color} | {color:red} unit {color} | {color:red}139m  1s{color} | {color:red} hbase-server in the patch failed. {color} |
| {color:green}+1{color} | {color:green} asflicense {color} | {color:green}  0m 23s{color} | {color:green} The patch does not generate ASF License warnings. {color} |
| {color:black}{color} | {color:black} {color} | {color:black}210m 13s{color} | {color:black} {color} |
\\
\\
|| Reason || Tests ||
| Failed junit tests | hadoop.hbase.security.access.TestCoprocessorWhitelistMasterObserver |
\\
\\
|| Subsystem || Report/Notes ||
| Docker | Client=17.05.0-ce Server=17.05.0-ce Image:yetus/hbase:eee3b01 |
| JIRA Issue | HBASE-19237 |
| JIRA Patch URL | https://issues.apache.org/jira/secure/attachment/12897152/HBASE-19237-master-v1.patch |
| Optional Tests |  asflicense  javac  javadoc  unit  findbugs  shadedjars  hadoopcheck  hbaseanti  checkstyle  compile  |
| uname | Linux 5237e8a17ea9 4.4.0-89-generic #112-Ubuntu SMP Mon Jul 31 19:38:41 UTC 2017 x86_64 GNU/Linux |
| Build tool | maven |
| Personality | /home/jenkins/jenkins-slave/workspace/PreCommit-HBASE-Build/component/dev-support/hbase-personality.sh |
| git revision | master / 72270866cb |
| maven | version: Apache Maven 3.5.2 (138edd61fd100ec658bfa2d307c43b76940a5d7d; 2017-10-18T07:58:13Z) |
| Default Java | 1.8.0_151 |
| checkstyle | https://builds.apache.org/job/PreCommit-HBASE-Build/9742/artifact/patchprocess/diff-checkstyle-hbase-server.txt |
| unit | https://builds.apache.org/job/PreCommit-HBASE-Build/9742/artifact/patchprocess/patch-unit-hbase-server.txt |
|  Test Results | https://builds.apache.org/job/PreCommit-HBASE-Build/9742/testReport/ |
| modules | C: hbase-server U: hbase-server |
| Console output | https://builds.apache.org/job/PreCommit-HBASE-Build/9742/console |
| Powered by | Apache Yetus 0.6.0   http://yetus.apache.org |


This message was automatically generated.



| (x) *{color:red}-1 overall{color}* |
\\
\\
|| Vote || Subsystem || Runtime || Comment ||
| {color:blue}0{color} | {color:blue} reexec {color} | {color:blue}  0m 14s{color} | {color:blue} Docker mode activated. {color} |
|| || || || {color:brown} Prechecks {color} ||
| {color:blue}0{color} | {color:blue} findbugs {color} | {color:blue}  0m  0s{color} | {color:blue} Findbugs executables are not available. {color} |
| {color:green}+1{color} | {color:green} hbaseanti {color} | {color:green}  0m  0s{color} | {color:green} Patch does not have any anti-patterns. {color} |
| {color:green}+1{color} | {color:green} @author {color} | {color:green}  0m  0s{color} | {color:green} The patch does not contain any @author tags. {color} |
| {color:green}+1{color} | {color:green} test4tests {color} | {color:green}  0m  0s{color} | {color:green} The patch appears to include 1 new or modified test files. {color} |
|| || || || {color:brown} master Compile Tests {color} ||
| {color:green}+1{color} | {color:green} mvninstall {color} | {color:green}  8m 11s{color} | {color:green} master passed {color} |
| {color:green}+1{color} | {color:green} compile {color} | {color:green}  1m 26s{color} | {color:green} master passed {color} |
| {color:green}+1{color} | {color:green} checkstyle {color} | {color:green}  1m 35s{color} | {color:green} master passed {color} |
| {color:green}+1{color} | {color:green} shadedjars {color} | {color:green}  8m 25s{color} | {color:green} branch has no errors when building our shaded downstream artifacts. {color} |
| {color:green}+1{color} | {color:green} javadoc {color} | {color:green}  1m  3s{color} | {color:green} master passed {color} |
|| || || || {color:brown} Patch Compile Tests {color} ||
| {color:green}+1{color} | {color:green} mvninstall {color} | {color:green}  8m 14s{color} | {color:green} the patch passed {color} |
| {color:green}+1{color} | {color:green} compile {color} | {color:green}  1m 35s{color} | {color:green} the patch passed {color} |
| {color:green}+1{color} | {color:green} javac {color} | {color:green}  1m 35s{color} | {color:green} the patch passed {color} |
| {color:red}-1{color} | {color:red} checkstyle {color} | {color:red}  1m 41s{color} | {color:red} hbase-server: The patch generated 1 new + 1 unchanged - 0 fixed = 2 total (was 1) {color} |
| {color:green}+1{color} | {color:green} whitespace {color} | {color:green}  0m  0s{color} | {color:green} The patch has no whitespace issues. {color} |
| {color:green}+1{color} | {color:green} shadedjars {color} | {color:green}  8m  4s{color} | {color:green} patch has no errors when building our shaded downstream artifacts. {color} |
| {color:green}+1{color} | {color:green} hadoopcheck {color} | {color:green}101m 30s{color} | {color:green} Patch does not cause any errors with Hadoop 2.6.1 2.6.2 2.6.3 2.6.4 2.6.5 2.7.1 2.7.2 2.7.3 2.7.4 or 3.0.0-alpha4. {color} |
| {color:green}+1{color} | {color:green} javadoc {color} | {color:green}  1m 12s{color} | {color:green} the patch passed {color} |
|| || || || {color:brown} Other Tests {color} ||
| {color:red}-1{color} | {color:red} unit {color} | {color:red}255m 16s{color} | {color:red} hbase-server in the patch failed. {color} |
| {color:green}+1{color} | {color:green} asflicense {color} | {color:green}  0m 41s{color} | {color:green} The patch does not generate ASF License warnings. {color} |
| {color:black}{color} | {color:black} {color} | {color:black}389m 51s{color} | {color:black} {color} |
\\
\\
|| Reason || Tests ||
| Failed junit tests | hadoop.hbase.TestFullLogReconstruction |
|   | hadoop.hbase.regionserver.TestEncryptionKeyRotation |
|   | hadoop.hbase.regionserver.TestRegionReplicaFailover |
|   | hadoop.hbase.client.TestSnapshotCloneIndependence |
\\
\\
|| Subsystem || Report/Notes ||
| Docker | Client=17.05.0-ce Server=17.05.0-ce Image:yetus/hbase:eee3b01 |
| JIRA Issue | HBASE-19237 |
| JIRA Patch URL | https://issues.apache.org/jira/secure/attachment/12897257/HBASE-19237-master-v1.patch |
| Optional Tests |  asflicense  javac  javadoc  unit  findbugs  shadedjars  hadoopcheck  hbaseanti  checkstyle  compile  |
| uname | Linux cee6c22899d5 3.13.0-133-generic #182-Ubuntu SMP Tue Sep 19 15:49:21 UTC 2017 x86_64 GNU/Linux |
| Build tool | maven |
| Personality | /home/jenkins/jenkins-slave/workspace/PreCommit-HBASE-Build/component/dev-support/hbase-personality.sh |
| git revision | master / 1ba7cc2164 |
| maven | version: Apache Maven 3.5.2 (138edd61fd100ec658bfa2d307c43b76940a5d7d; 2017-10-18T07:58:13Z) |
| Default Java | 1.8.0_151 |
| checkstyle | https://builds.apache.org/job/PreCommit-HBASE-Build/9754/artifact/patchprocess/diff-checkstyle-hbase-server.txt |
| unit | https://builds.apache.org/job/PreCommit-HBASE-Build/9754/artifact/patchprocess/patch-unit-hbase-server.txt |
|  Test Results | https://builds.apache.org/job/PreCommit-HBASE-Build/9754/testReport/ |
| modules | C: hbase-server U: hbase-server |
| Console output | https://builds.apache.org/job/PreCommit-HBASE-Build/9754/console |
| Powered by | Apache Yetus 0.6.0   http://yetus.apache.org |


This message was automatically generated.



Hi Ted, the failed tests passed locally. 
but will retry the unit tests again. 

| (x) *{color:red}-1 overall{color}* |
\\
\\
|| Vote || Subsystem || Runtime || Comment ||
| {color:blue}0{color} | {color:blue} reexec {color} | {color:blue}  0m 10s{color} | {color:blue} Docker mode activated. {color} |
| {color:red}-1{color} | {color:red} patch {color} | {color:red}  0m  6s{color} | {color:red} HBASE-19237 does not apply to master. Rebase required? Wrong Branch? See https://yetus.apache.org/documentation/0.6.0/precommit-patchnames for help. {color} |
\\
\\
|| Subsystem || Report/Notes ||
| Docker | Client=17.05.0-ce Server=17.05.0-ce Image:yetus/hbase:eee3b01 |
| JIRA Issue | HBASE-19237 |
| JIRA Patch URL | https://issues.apache.org/jira/secure/attachment/12897405/HBASE-19237-master-v1.patch |
| Console output | https://builds.apache.org/job/PreCommit-HBASE-Build/9780/console |
| Powered by | Apache Yetus 0.6.0   http://yetus.apache.org |


This message was automatically generated.



Pushed to master branch.

Once the test no longer fails in trunk build, I will push to branch-2.

FAILURE: Integrated in Jenkins build HBase-Trunk_matrix #4049 (See [https://builds.apache.org/job/HBase-Trunk_matrix/4049/])
HBASE-19237: TestMaster.testMasterOpsWhileSplitting fails (tedyu: rev 80741e31e8259dba6fc4181726394c6dbd56f026)
* (edit) hbase-server/src/test/java/org/apache/hadoop/hbase/master/TestMaster.java


Thanks Yi for the patch.

FAILURE: Integrated in Jenkins build HBase-2.0 #850 (See [https://builds.apache.org/job/HBase-2.0/850/])
HBASE-19237: TestMaster.testMasterOpsWhileSplitting fails (tedyu: rev 57aa6b32a240db0715dd9195f34319a6440fd2d0)
* (edit) hbase-server/src/test/java/org/apache/hadoop/hbase/master/TestMaster.java


