On more investigation, their successful runs finish in like 100 seconds. So there might be more going here then simple timeouts.

01

  - remove test-specific timeout on testWritesWhileRollWriter

switch to relying on the category timeout instead of a test-specific 60 second one.

+1 looks good to me.

ping [~carp84], I believe you added the test {{testWritesWhileRollWriter}} as a part of HBASE-16429. Does this seem okay? Right now on my machine the one test regularly takes ~40 seconds under sunny-day conditions. With this change, the limit will be the class-wide one from the category (10 minutes) for all tests rather than 60 seconds for this individual test.

| (x) *{color:red}-1 overall{color}* |
\\
\\
|| Vote || Subsystem || Runtime || Comment ||
| {color:blue}0{color} | {color:blue} reexec {color} | {color:blue} 0m 17s {color} | {color:blue} Docker mode activated. {color} |
| {color:green}+1{color} | {color:green} @author {color} | {color:green} 0m 0s {color} | {color:green} The patch does not contain any @author tags. {color} |
| {color:green}+1{color} | {color:green} test4tests {color} | {color:green} 0m 0s {color} | {color:green} The patch appears to include 1 new or modified test files. {color} |
| {color:green}+1{color} | {color:green} mvninstall {color} | {color:green} 3m 39s {color} | {color:green} master passed {color} |
| {color:green}+1{color} | {color:green} compile {color} | {color:green} 0m 37s {color} | {color:green} master passed {color} |
| {color:green}+1{color} | {color:green} checkstyle {color} | {color:green} 0m 45s {color} | {color:green} master passed {color} |
| {color:green}+1{color} | {color:green} mvneclipse {color} | {color:green} 0m 13s {color} | {color:green} master passed {color} |
| {color:green}+1{color} | {color:green} findbugs {color} | {color:green} 1m 43s {color} | {color:green} master passed {color} |
| {color:green}+1{color} | {color:green} javadoc {color} | {color:green} 0m 25s {color} | {color:green} master passed {color} |
| {color:green}+1{color} | {color:green} mvninstall {color} | {color:green} 0m 44s {color} | {color:green} the patch passed {color} |
| {color:green}+1{color} | {color:green} compile {color} | {color:green} 0m 34s {color} | {color:green} the patch passed {color} |
| {color:green}+1{color} | {color:green} javac {color} | {color:green} 0m 34s {color} | {color:green} the patch passed {color} |
| {color:green}+1{color} | {color:green} checkstyle {color} | {color:green} 0m 44s {color} | {color:green} the patch passed {color} |
| {color:green}+1{color} | {color:green} mvneclipse {color} | {color:green} 0m 13s {color} | {color:green} the patch passed {color} |
| {color:green}+1{color} | {color:green} whitespace {color} | {color:green} 0m 0s {color} | {color:green} The patch has no whitespace issues. {color} |
| {color:green}+1{color} | {color:green} hadoopcheck {color} | {color:green} 29m 32s {color} | {color:green} Patch does not cause any errors with Hadoop 2.4.0 2.4.1 2.5.0 2.5.1 2.5.2 2.6.1 2.6.2 2.6.3 2.7.1. {color} |
| {color:green}+1{color} | {color:green} hbaseprotoc {color} | {color:green} 0m 13s {color} | {color:green} the patch passed {color} |
| {color:green}+1{color} | {color:green} findbugs {color} | {color:green} 2m 2s {color} | {color:green} the patch passed {color} |
| {color:green}+1{color} | {color:green} javadoc {color} | {color:green} 0m 29s {color} | {color:green} the patch passed {color} |
| {color:red}-1{color} | {color:red} unit {color} | {color:red} 96m 35s {color} | {color:red} hbase-server in the patch failed. {color} |
| {color:green}+1{color} | {color:green} asflicense {color} | {color:green} 0m 13s {color} | {color:green} The patch does not generate ASF License warnings. {color} |
| {color:black}{color} | {color:black} {color} | {color:black} 139m 20s {color} | {color:black} {color} |
\\
\\
|| Reason || Tests ||
| Timed out junit tests | org.apache.hadoop.hbase.client.TestAdmin2 |
|   | org.apache.hadoop.hbase.mob.TestMobDataBlockEncoding |
|   | org.apache.hadoop.hbase.client.TestHCM |
|   | org.apache.hadoop.hbase.client.TestRestoreSnapshotFromClientWithRegionReplicas |
|   | org.apache.hadoop.hbase.client.TestMobCloneSnapshotFromClient |
\\
\\
|| Subsystem || Report/Notes ||
| Docker | Client=1.11.2 Server=1.11.2 Image:yetus/hbase:7bda515 |
| JIRA Patch URL | https://issues.apache.org/jira/secure/attachment/12831828/HBASE-16701.1.patch |
| JIRA Issue | HBASE-16701 |
| Optional Tests |  asflicense  javac  javadoc  unit  findbugs  hadoopcheck  hbaseanti  checkstyle  compile  |
| uname | Linux a912ca2cfaff 3.13.0-93-generic #140-Ubuntu SMP Mon Jul 18 21:21:05 UTC 2016 x86_64 x86_64 x86_64 GNU/Linux |
| Build tool | maven |
| Personality | /home/jenkins/jenkins-slave/workspace/PreCommit-HBASE-Build/component/dev-support/hbase-personality.sh |
| git revision | master / 06758bf |
| Default Java | 1.8.0_101 |
| findbugs | v3.0.0 |
| unit | https://builds.apache.org/job/PreCommit-HBASE-Build/3847/artifact/patchprocess/patch-unit-hbase-server.txt |
| unit test logs |  https://builds.apache.org/job/PreCommit-HBASE-Build/3847/artifact/patchprocess/patch-unit-hbase-server.txt |
|  Test Results | https://builds.apache.org/job/PreCommit-HBASE-Build/3847/testReport/ |
| modules | C: hbase-server U: hbase-server |
| Console output | https://builds.apache.org/job/PreCommit-HBASE-Build/3847/console |
| Powered by | Apache Yetus 0.3.0   http://yetus.apache.org |


This message was automatically generated.



+1, patch lgtm. If the HBASE-16429 problem reproduced there will be a deadlock and it will still timeout even we increase the timeout to 10min, so this change won't break the test case.

Thanks for the ping [~busbey], and sorry for the late response since I'm just back from our National Day Holiday. :-)

pushed the change. will check out the flakey job later this week.

FAILURE: Integrated in Jenkins build HBase-1.1-JDK8 #1877 (See [https://builds.apache.org/job/HBase-1.1-JDK8/1877/])
HBASE-16701 rely on test category timeout instead of defining one on a (busbey: rev 9620dc4e7a5e4712007be465a64bcc07af9cfe34)
* (edit) hbase-server/src/test/java/org/apache/hadoop/hbase/regionserver/TestHRegion.java


FAILURE: Integrated in Jenkins build HBase-1.1-JDK7 #1793 (See [https://builds.apache.org/job/HBase-1.1-JDK7/1793/])
HBASE-16701 rely on test category timeout instead of defining one on a (busbey: rev 9620dc4e7a5e4712007be465a64bcc07af9cfe34)
* (edit) hbase-server/src/test/java/org/apache/hadoop/hbase/regionserver/TestHRegion.java


FAILURE: Integrated in Jenkins build HBase-1.3-JDK8 #35 (See [https://builds.apache.org/job/HBase-1.3-JDK8/35/])
HBASE-16701 rely on test category timeout instead of defining one on a (busbey: rev 6a15986743400a249c85c5d0f0251c5790d99367)
* (edit) hbase-server/src/test/java/org/apache/hadoop/hbase/regionserver/TestHRegion.java


SUCCESS: Integrated in Jenkins build HBase-1.2-JDK8 #38 (See [https://builds.apache.org/job/HBase-1.2-JDK8/38/])
HBASE-16701 rely on test category timeout instead of defining one on a (busbey: rev bd38f8dbfde13b862bb79dad53edf4203a28cff1)
* (edit) hbase-server/src/test/java/org/apache/hadoop/hbase/regionserver/TestHRegion.java


SUCCESS: Integrated in Jenkins build HBase-1.2-JDK7 #43 (See [https://builds.apache.org/job/HBase-1.2-JDK7/43/])
HBASE-16701 rely on test category timeout instead of defining one on a (busbey: rev bd38f8dbfde13b862bb79dad53edf4203a28cff1)
* (edit) hbase-server/src/test/java/org/apache/hadoop/hbase/regionserver/TestHRegion.java


SUCCESS: Integrated in Jenkins build HBase-Trunk_matrix #1760 (See [https://builds.apache.org/job/HBase-Trunk_matrix/1760/])
HBASE-16701 rely on test category timeout instead of defining one on a (busbey: rev 6b6a80187693ebcecfb774af51a3e2c875223cda)
* (edit) hbase-server/src/test/java/org/apache/hadoop/hbase/regionserver/TestHRegion.java


FAILURE: Integrated in Jenkins build HBase-1.3-JDK7 #34 (See [https://builds.apache.org/job/HBase-1.3-JDK7/34/])
HBASE-16701 rely on test category timeout instead of defining one on a (busbey: rev 6a15986743400a249c85c5d0f0251c5790d99367)
* (edit) hbase-server/src/test/java/org/apache/hadoop/hbase/regionserver/TestHRegion.java


FAILURE: Integrated in Jenkins build HBase-1.4 #457 (See [https://builds.apache.org/job/HBase-1.4/457/])
HBASE-16701 rely on test category timeout instead of defining one on a (busbey: rev acb1392b1533b8ebedf2e45b6f133516cdbf99ee)
* (edit) hbase-server/src/test/java/org/apache/hadoop/hbase/regionserver/TestHRegion.java


resolving as committed to relevant branches

I think [~busbey] left it unresolved because increasing the timeout didn't push it out of [flaky list|https://builds.apache.org/job/HBase-Find-Flaky-Tests/lastSuccessfulBuild/artifact/dashboard.html].
{noformat}
TestHRegion	6.7% (2 / 30)
TestHRegionWithInMemoryFlush	6.7% (2 / 30)
{noformat}
Reopening.

bq. If the HBASE-16429 problem reproduced there will be a deadlock and it will still timeout even we increase the timeout to 10min, so this change won't break the test case.
[~carp84] Since the test still times out, does that mean the problem you mention persists? (i haven't looked at that jira)


[~appy] all right - moving it out of 1.3.0 then

[~appy] on the second thought from maintenance perspective it kinds of creates a mess in history if the patch was committed, not reverted afterwards, but jora is marked as re-opened? Should we file a separate jira for that?

Sounds right to me. Mind creating new one when you close this?
(i thought about it when i saw the version change, but then left it to your good judgement given my inexperience in releases).

[~appy] yeah, opened HBASE-16909 and linked to this, and closing this one. Thanks!

Bulk closing issues after 1.1.8 release.

