blocker on which versions boss?

Sorry. Forgot versions. At least the two above.

It is very strange, it never failed in my environment. [~stack], can you upload an output or something, I can't find the failing test in jenkins PreCommit-HBASE-Build or Flaky test board.

can we get the output of {{mvn --version}} for folks that this fails for?

I've got 26 consecutive passing runs so far.

{code}
mvn Busbey-MBA:hbase busbey$ mvn -version
Apache Maven 3.5.2 (138edd61fd100ec658bfa2d307c43b76940a5d7d; 2017-10-18T02:58:13-05:00)
Maven home: /usr/local/Cellar/maven/3.5.2/libexec
Java version: 1.8.0_161, vendor: Oracle Corporation
Java home: /Library/Java/JavaVirtualMachines/jdk1.8.0_161.jdk/Contents/Home/jre
Default locale: en_US, platform encoding: UTF-8
OS name: "mac os x", version: "10.13.6", arch: "x86_64", family: "mac"
{code}

fyi,

{code}
Busbey-MBA:hbase busbey$ ./dev-support/adhoc_run_tests/adhoc_run_tests.sh --repeat 100 --log-output /tmp/HBASE-21589 TestCleanupMetaWAL
{code}

$ mvn --version
Apache Maven 3.6.0 (97c98ec64a1fdfee7767ce5ffb20918da4f719f3; 2018-10-24T11:41:47-07:00)
Maven home: /usr/local/Cellar/maven/3.6.0/libexec
Java version: 1.8.0_191, vendor: Oracle Corporation, runtime: /Library/Java/JavaVirtualMachines/jdk1.8.0_191.jdk/Contents/Home/jre
Default locale: en_US, platform encoding: UTF-8
OS name: "mac os x", version: "10.14", arch: "x86_64", family: "mac"

 [INFO]  T E S T S                                                                                                                                                                                                                                                                                                                                                                                                           [INFO] -------------------------------------------------------                                                                                                                                                                                                                                                                                                                                                              [INFO] Running org.apache.hadoop.hbase.regionserver.TestCleanupMetaWAL                                                                                                                                                                                                                                                                                                                                                      [ERROR] Tests run: 1, Failures: 0, Errors: 1, Skipped: 0, Time elapsed: 206.008 s <<< FAILURE! - in org.apache.hadoop.hbase.regionserver.TestCleanupMetaWAL                                                                                                                                                                                                                                                                 [ERROR] org.apache.hadoop.hbase.regionserver.TestCleanupMetaWAL  Time elapsed: 206.005 s  <<< ERROR!                                                                                                                                                                                                                                                                                                                        java.io.IOException: Shutting down                                                                                                                                                                                                                                                                                                                                                                                            at org.apache.hadoop.hbase.MiniHBaseCluster.init(MiniHBaseCluster.java:265)                                                                                                                                                                                                                                                                                                                                                 at org.apache.hadoop.hbase.MiniHBaseCluster.<init>(MiniHBaseCluster.java:115)                                                                                                                                                                                                                                                                                                                                               at org.apache.hadoop.hbase.HBaseTestingUtility.startMiniHBaseCluster(HBaseTestingUtility.java:1040)                                                                                                                                                                                                                                                                                                                         at org.apache.hadoop.hbase.HBaseTestingUtility.startMiniCluster(HBaseTestingUtility.java:986)                                                                                                                                                                                                                                                                                                                               at org.apache.hadoop.hbase.HBaseTestingUtility.startMiniCluster(HBaseTestingUtility.java:857)                                                                                                                                                                                                                                                                                                                               at org.apache.hadoop.hbase.HBaseTestingUtility.startMiniCluster(HBaseTestingUtility.java:839)
   at org.apache.hadoop.hbase.HBaseTestingUtility.startMiniCluster(HBaseTestingUtility.java:821)                                                                                                                                                                                                                                                                                                                               at org.apache.hadoop.hbase.regionserver.TestCleanupMetaWAL.before(TestCleanupMetaWAL.java:54)                                                                                                                                                                                                                                                                                                                               at sun.reflect.NativeMethodAccessorImpl.invoke0(Native Method)                                                                                                                                                                                                                                                                                                                                                              at sun.reflect.NativeMethodAccessorImpl.invoke(NativeMethodAccessorImpl.java:62)                                                                                                                                                                                                                                                                                                                                            at sun.reflect.DelegatingMethodAccessorImpl.invoke(DelegatingMethodAccessorImpl.java:43)                                                                                                                                                                                                                                                                                                                                    at java.lang.reflect.Method.invoke(Method.java:498)                                                                                                                                                                                                                                                                                                                                                                         at org.junit.runners.model.FrameworkMethod$1.runReflectiveCall(FrameworkMethod.java:50)                                                                                                                                                                                                                                                                                                                                     at org.junit.internal.runners.model.ReflectiveCallable.run(ReflectiveCallable.java:12)                                                                                                                                                                                                                                                                                                                                      at org.junit.runners.model.FrameworkMethod.invokeExplosively(FrameworkMethod.java:47)                                                                                                                                                                                                                                                                                                                                       at org.junit.internal.runners.statements.RunBefores.evaluate(RunBefores.java:24)                                                                                                                                                                                                                                                                                                                                            at org.junit.internal.runners.statements.RunAfters.evaluate(RunAfters.java:27)                                                                                                                                                                                                                                                                                                                                              at org.junit.internal.runners.statements.FailOnTimeout$CallableStatement.call(FailOnTimeout.java:298)                                                                                                                                                                                                                                                                                                                       at org.junit.internal.runners.statements.FailOnTimeout$CallableStatement.call(FailOnTimeout.java:292)                                                                                                                                                                                                                                                                                                                       at java.util.concurrent.FutureTask.run(FutureTask.java:266)                                                                                                                                                                                                                                                                                                                                                                 at java.lang.Thread.run(Thread.java:748)                                                                                                                                                                                                                                                                                                                                                                                  Caused by: java.lang.RuntimeException: Master not initialized after 200000ms                                                                                                                                                                                                                                                                                                                                                  at org.apache.hadoop.hbase.util.JVMClusterUtil.waitForEvent(JVMClusterUtil.java:229)                                                                                                                                                                                                                                                                                                                                        at org.apache.hadoop.hbase.util.JVMClusterUtil.startup(JVMClusterUtil.java:197)                                                                                                                                                                                                                                                                                                                                             at org.apache.hadoop.hbase.LocalHBaseCluster.startup(LocalHBaseCluster.java:413)                                                                                                                                                                                                                                                                                                                                            at org.apache.hadoop.hbase.MiniHBaseCluster.init(MiniHBaseCluster.java:258)                                                                                                                                                                                                                                                                                                                                                 ... 20 more                                                                                                                                                                                                                                                                                                                                                                                                                                                                                                                                                                                                                                                                                                                                                                                                                                           [INFO]                                                                                                                                                                                                                                                                                                                                                                                                                      [INFO] Results:                                                                                                                                                                                                                                                                                                                                                                                                             [INFO]                                                                                                                                                                                                                                                                                                                                                                                                                      [ERROR] Errors:                                                                                                                                                                                                                                                                                                                                                                                                             [ERROR]   TestCleanupMetaWAL.before:54 Â» IO Shutting down                                                                                                                                                                                                                                                                                                                                                                   [INFO]                                                                                                                                                                                                                                                                                                                                                                                                                      [ERROR] Tests run: 1, Failures: 0, Errors: 1, Skipped: 0

Same for the below Sean. What you thinking sir?

$ mvn --version
Apache Maven 3.5.4 (1edded0938998edf8bf061f1ceb3cfdeccf443fe; 2018-06-17T11:33:14-07:00)
Maven home: /Users/stack/bin/mvn
Java version: 1.8.0_191, vendor: Oracle Corporation, runtime: /Library/Java/JavaVirtualMachines/jdk1.8.0_191.jdk/Contents/Home/jre
Default locale: en_US, platform encoding: UTF-8
OS name: "mac os x", version: "10.14", arch: "x86_64", family: "mac"

It just feels like an edge case changed in he test environment. Can you grab the mini cluster logs from one of these failures?

let me try grabbing 1.8u191.  all 100 runs passed on 1.8u161

Attached a log [~busbey] (seems like different failure to one above but didn't look too close). Will try another JVM over here in morning.

[~stack], the output you attached seems like a successful run?

1.8u192-ea passed 100 runs. I'm going to try updating my maven version next.

Maven 3.6.0 and Java 1.8u192-ea still passing. I guess it's only your logs to work from for me. :(

.001 Changes the wait on the SCP finish from 10 seconds to 30 seconds. Odd is that in studying runs, it doesn't take 10 seconds to complete the SCP. I could see the test pass on occasion when it so happened that of the two RS in the test, after the move of the meta, all regions were on the RS that was NOT killed by the test but otherwise the waitFor on 10 seconds would fail.

| (/) *{color:green}+1 overall{color}* |
\\
\\
|| Vote || Subsystem || Runtime || Comment ||
| {color:blue}0{color} | {color:blue} reexec {color} | {color:blue}  0m 14s{color} | {color:blue} Docker mode activated. {color} |
|| || || || {color:brown} Prechecks {color} ||
| {color:green}+1{color} | {color:green} hbaseanti {color} | {color:green}  0m  0s{color} | {color:green} Patch does not have any anti-patterns. {color} |
| {color:green}+1{color} | {color:green} @author {color} | {color:green}  0m  0s{color} | {color:green} The patch does not contain any @author tags. {color} |
| {color:green}+1{color} | {color:green} test4tests {color} | {color:green}  0m  0s{color} | {color:green} The patch appears to include 1 new or modified test files. {color} |
|| || || || {color:brown} branch-2.0 Compile Tests {color} ||
| {color:green}+1{color} | {color:green} mvninstall {color} | {color:green}  5m  9s{color} | {color:green} branch-2.0 passed {color} |
| {color:green}+1{color} | {color:green} compile {color} | {color:green}  1m 49s{color} | {color:green} branch-2.0 passed {color} |
| {color:green}+1{color} | {color:green} checkstyle {color} | {color:green}  1m 10s{color} | {color:green} branch-2.0 passed {color} |
| {color:green}+1{color} | {color:green} shadedjars {color} | {color:green}  3m 38s{color} | {color:green} branch has no errors when building our shaded downstream artifacts. {color} |
| {color:green}+1{color} | {color:green} findbugs {color} | {color:green}  2m 20s{color} | {color:green} branch-2.0 passed {color} |
| {color:green}+1{color} | {color:green} javadoc {color} | {color:green}  0m 38s{color} | {color:green} branch-2.0 passed {color} |
|| || || || {color:brown} Patch Compile Tests {color} ||
| {color:green}+1{color} | {color:green} mvninstall {color} | {color:green}  2m 35s{color} | {color:green} the patch passed {color} |
| {color:green}+1{color} | {color:green} compile {color} | {color:green}  1m 44s{color} | {color:green} the patch passed {color} |
| {color:green}+1{color} | {color:green} javac {color} | {color:green}  1m 44s{color} | {color:green} the patch passed {color} |
| {color:green}+1{color} | {color:green} checkstyle {color} | {color:green}  1m  4s{color} | {color:green} the patch passed {color} |
| {color:green}+1{color} | {color:green} whitespace {color} | {color:green}  0m  1s{color} | {color:green} The patch has no whitespace issues. {color} |
| {color:green}+1{color} | {color:green} shadedjars {color} | {color:green}  3m 45s{color} | {color:green} patch has no errors when building our shaded downstream artifacts. {color} |
| {color:green}+1{color} | {color:green} hadoopcheck {color} | {color:green}  8m 12s{color} | {color:green} Patch does not cause any errors with Hadoop 2.6.5 2.7.4 or 3.0.0. {color} |
| {color:green}+1{color} | {color:green} findbugs {color} | {color:green}  2m 12s{color} | {color:green} the patch passed {color} |
| {color:green}+1{color} | {color:green} javadoc {color} | {color:green}  0m 29s{color} | {color:green} the patch passed {color} |
|| || || || {color:brown} Other Tests {color} ||
| {color:green}+1{color} | {color:green} unit {color} | {color:green}116m 54s{color} | {color:green} hbase-server in the patch passed. {color} |
| {color:green}+1{color} | {color:green} asflicense {color} | {color:green}  0m 29s{color} | {color:green} The patch does not generate ASF License warnings. {color} |
| {color:black}{color} | {color:black} {color} | {color:black}152m 56s{color} | {color:black} {color} |
\\
\\
|| Subsystem || Report/Notes ||
| Docker | Client=17.05.0-ce Server=17.05.0-ce Image:yetus/hbase:6f01af0 |
| JIRA Issue | HBASE-21589 |
| JIRA Patch URL | https://issues.apache.org/jira/secure/attachment/12951966/HBASE-21589.branch-2.0.001.patch |
| Optional Tests |  dupname  asflicense  javac  javadoc  unit  findbugs  shadedjars  hadoopcheck  hbaseanti  checkstyle  compile  |
| uname | Linux 25dcbedb98cf 4.4.0-138-generic #164-Ubuntu SMP Tue Oct 2 17:16:02 UTC 2018 x86_64 GNU/Linux |
| Build tool | maven |
| Personality | /home/jenkins/jenkins-slave/workspace/PreCommit-HBASE-Build/component/dev-support/hbase-personality.sh |
| git revision | branch-2.0 / 3180a6864a |
| maven | version: Apache Maven 3.5.4 (1edded0938998edf8bf061f1ceb3cfdeccf443fe; 2018-06-17T18:33:14Z) |
| Default Java | 1.8.0_181 |
| findbugs | v3.1.0-RC3 |
|  Test Results | https://builds.apache.org/job/PreCommit-HBASE-Build/15293/testReport/ |
| Max. process+thread count | 4275 (vs. ulimit of 10000) |
| modules | C: hbase-server U: hbase-server |
| Console output | https://builds.apache.org/job/PreCommit-HBASE-Build/15293/console |
| Powered by | Apache Yetus 0.8.0   http://yetus.apache.org |


This message was automatically generated.



Pushed to branch-2.0+. [~allan163] would be interested if you had any input sir. Let me roll new RCs now this is in.

Results for branch branch-2.0
	[build #1173 on builds.a.o|https://builds.apache.org/job/HBase%20Nightly/job/branch-2.0/1173/]: (/) *{color:green}+1 overall{color}*
----
details (if available):

(/) {color:green}+1 general checks{color}
-- For more information [see general report|https://builds.apache.org/job/HBase%20Nightly/job/branch-2.0/1173//General_Nightly_Build_Report/]




(/) {color:green}+1 jdk8 hadoop2 checks{color}
-- For more information [see jdk8 (hadoop2) report|https://builds.apache.org/job/HBase%20Nightly/job/branch-2.0/1173//JDK8_Nightly_Build_Report_(Hadoop2)/]


(/) {color:green}+1 jdk8 hadoop3 checks{color}
-- For more information [see jdk8 (hadoop3) report|https://builds.apache.org/job/HBase%20Nightly/job/branch-2.0/1173//JDK8_Nightly_Build_Report_(Hadoop3)/]


(/) {color:green}+1 source release artifact{color}
-- See build output for details.


Results for branch branch-2
	[build #1563 on builds.a.o|https://builds.apache.org/job/HBase%20Nightly/job/branch-2/1563/]: (x) *{color:red}-1 overall{color}*
----
details (if available):

(/) {color:green}+1 general checks{color}
-- For more information [see general report|https://builds.apache.org/job/HBase%20Nightly/job/branch-2/1563//General_Nightly_Build_Report/]




(x) {color:red}-1 jdk8 hadoop2 checks{color}
-- For more information [see jdk8 (hadoop2) report|https://builds.apache.org/job/HBase%20Nightly/job/branch-2/1563//JDK8_Nightly_Build_Report_(Hadoop2)/]


(x) {color:red}-1 jdk8 hadoop3 checks{color}
-- For more information [see jdk8 (hadoop3) report|https://builds.apache.org/job/HBase%20Nightly/job/branch-2/1563//JDK8_Nightly_Build_Report_(Hadoop3)/]


(/) {color:green}+1 source release artifact{color}
-- See build output for details.


(/) {color:green}+1 client integration test{color}


Results for branch branch-2.1
	[build #692 on builds.a.o|https://builds.apache.org/job/HBase%20Nightly/job/branch-2.1/692/]: (/) *{color:green}+1 overall{color}*
----
details (if available):

(/) {color:green}+1 general checks{color}
-- For more information [see general report|https://builds.apache.org/job/HBase%20Nightly/job/branch-2.1/692//General_Nightly_Build_Report/]




(/) {color:green}+1 jdk8 hadoop2 checks{color}
-- For more information [see jdk8 (hadoop2) report|https://builds.apache.org/job/HBase%20Nightly/job/branch-2.1/692//JDK8_Nightly_Build_Report_(Hadoop2)/]


(/) {color:green}+1 jdk8 hadoop3 checks{color}
-- For more information [see jdk8 (hadoop3) report|https://builds.apache.org/job/HBase%20Nightly/job/branch-2.1/692//JDK8_Nightly_Build_Report_(Hadoop3)/]


(/) {color:green}+1 source release artifact{color}
-- See build output for details.


(/) {color:green}+1 client integration test{color}


Results for branch master
	[build #669 on builds.a.o|https://builds.apache.org/job/HBase%20Nightly/job/master/669/]: (x) *{color:red}-1 overall{color}*
----
details (if available):

(/) {color:green}+1 general checks{color}
-- For more information [see general report|https://builds.apache.org/job/HBase%20Nightly/job/master/669//General_Nightly_Build_Report/]




(x) {color:red}-1 jdk8 hadoop2 checks{color}
-- For more information [see jdk8 (hadoop2) report|https://builds.apache.org/job/HBase%20Nightly/job/master/669//JDK8_Nightly_Build_Report_(Hadoop2)/]


(x) {color:red}-1 jdk8 hadoop3 checks{color}
-- For more information [see jdk8 (hadoop3) report|https://builds.apache.org/job/HBase%20Nightly/job/master/669//JDK8_Nightly_Build_Report_(Hadoop3)/]


(/) {color:green}+1 source release artifact{color}
-- See build output for details.


(/) {color:green}+1 client integration test{color}


