Seen here: [https://github.com/apache/ozone/runs/4459243040?check_suite_focus=true]
{code:java}
Error:  Tests run: 3, Failures: 1, Errors: 0, Skipped: 0, Time elapsed: 216.913 s <<< FAILURE! - in org.apache.hadoop.ozone.om.TestOzoneManagerBootstrap
2843Error:  testBootstrapWithoutConfigUpdate  Time elapsed: 69.718 s  <<< FAILURE!
2844java.lang.AssertionError
2845	at org.junit.Assert.fail(Assert.java:87)
2846	at org.junit.Assert.fail(Assert.java:96)
2847	at org.apache.hadoop.ozone.om.TestOzoneManagerBootstrap.testBootstrapWithoutConfigUpdate(TestOzoneManagerBootstrap.java:258) {code}