| (x) *{color:red}-1 overall{color}* |
\\
\\
|| Vote || Subsystem || Runtime || Comment ||
| {color:blue}0{color} | {color:blue} reexec {color} | {color:blue}  0m 15s{color} | {color:blue} Docker mode activated. {color} |
|| || || || {color:brown} Prechecks {color} ||
| {color:green}+1{color} | {color:green} @author {color} | {color:green}  0m  0s{color} | {color:green} The patch does not contain any @author tags. {color} |
| {color:green}+1{color} | {color:green} test4tests {color} | {color:green}  0m  0s{color} | {color:green} The patch appears to include 1 new or modified test files. {color} |
|| || || || {color:brown} trunk Compile Tests {color} ||
| {color:green}+1{color} | {color:green} mvninstall {color} | {color:green} 24m  8s{color} | {color:green} trunk passed {color} |
| {color:green}+1{color} | {color:green} compile {color} | {color:green}  1m  9s{color} | {color:green} trunk passed {color} |
| {color:green}+1{color} | {color:green} checkstyle {color} | {color:green}  1m  0s{color} | {color:green} trunk passed {color} |
| {color:green}+1{color} | {color:green} mvnsite {color} | {color:green}  1m 22s{color} | {color:green} trunk passed {color} |
| {color:green}+1{color} | {color:green} shadedclient {color} | {color:green} 13m 44s{color} | {color:green} branch has no errors when building and testing our client artifacts. {color} |
| {color:green}+1{color} | {color:green} findbugs {color} | {color:green}  2m  7s{color} | {color:green} trunk passed {color} |
| {color:green}+1{color} | {color:green} javadoc {color} | {color:green}  0m 51s{color} | {color:green} trunk passed {color} |
|| || || || {color:brown} Patch Compile Tests {color} ||
| {color:green}+1{color} | {color:green} mvninstall {color} | {color:green}  0m 59s{color} | {color:green} the patch passed {color} |
| {color:green}+1{color} | {color:green} compile {color} | {color:green}  0m 56s{color} | {color:green} the patch passed {color} |
| {color:red}-1{color} | {color:red} javac {color} | {color:red}  0m 56s{color} | {color:red} hadoop-hdfs-project_hadoop-hdfs generated 1 new + 481 unchanged - 0 fixed = 482 total (was 481) {color} |
| {color:green}+1{color} | {color:green} checkstyle {color} | {color:green}  0m 47s{color} | {color:green} the patch passed {color} |
| {color:green}+1{color} | {color:green} mvnsite {color} | {color:green}  1m  1s{color} | {color:green} the patch passed {color} |
| {color:green}+1{color} | {color:green} whitespace {color} | {color:green}  0m  0s{color} | {color:green} The patch has no whitespace issues. {color} |
| {color:green}+1{color} | {color:green} shadedclient {color} | {color:green} 12m 10s{color} | {color:green} patch has no errors when building and testing our client artifacts. {color} |
| {color:green}+1{color} | {color:green} findbugs {color} | {color:green}  2m 16s{color} | {color:green} the patch passed {color} |
| {color:green}+1{color} | {color:green} javadoc {color} | {color:green}  0m 50s{color} | {color:green} the patch passed {color} |
|| || || || {color:brown} Other Tests {color} ||
| {color:red}-1{color} | {color:red} unit {color} | {color:red} 78m 52s{color} | {color:red} hadoop-hdfs in the patch failed. {color} |
| {color:green}+1{color} | {color:green} asflicense {color} | {color:green}  0m 31s{color} | {color:green} The patch does not generate ASF License warnings. {color} |
| {color:black}{color} | {color:black} {color} | {color:black}142m 16s{color} | {color:black} {color} |
\\
\\
|| Reason || Tests ||
| Failed junit tests | hadoop.hdfs.web.TestWebHdfsTimeouts |
|   | hadoop.hdfs.server.datanode.TestBPOfferService |
|   | hadoop.hdfs.qjournal.server.TestJournalNodeSync |
\\
\\
|| Subsystem || Report/Notes ||
| Docker | Client=17.05.0-ce Server=17.05.0-ce Image:yetus/hadoop:8f97d6f |
| JIRA Issue | HDFS-14261 |
| JIRA Patch URL | https://issues.apache.org/jira/secure/attachment/12957996/HDFS-14261.001.patch |
| Optional Tests |  dupname  asflicense  compile  javac  javadoc  mvninstall  mvnsite  unit  shadedclient  findbugs  checkstyle  |
| uname | Linux 681cfb6b6f0b 4.4.0-138-generic #164~14.04.1-Ubuntu SMP Fri Oct 5 08:56:16 UTC 2018 x86_64 x86_64 x86_64 GNU/Linux |
| Build tool | maven |
| Personality | /testptch/patchprocess/precommit/personality/provided.sh |
| git revision | trunk / 4be8735 |
| maven | version: Apache Maven 3.3.9 |
| Default Java | 1.8.0_191 |
| findbugs | v3.1.0-RC1 |
| javac | https://builds.apache.org/job/PreCommit-HDFS-Build/26176/artifact/out/diff-compile-javac-hadoop-hdfs-project_hadoop-hdfs.txt |
| unit | https://builds.apache.org/job/PreCommit-HDFS-Build/26176/artifact/out/patch-unit-hadoop-hdfs-project_hadoop-hdfs.txt |
|  Test Results | https://builds.apache.org/job/PreCommit-HDFS-Build/26176/testReport/ |
| Max. process+thread count | 3498 (vs. ulimit of 10000) |
| modules | C: hadoop-hdfs-project/hadoop-hdfs U: hadoop-hdfs-project/hadoop-hdfs |
| Console output | https://builds.apache.org/job/PreCommit-HDFS-Build/26176/console |
| Powered by | Apache Yetus 0.8.0   http://yetus.apache.org |


This message was automatically generated.



Looks good to me. Thanks for making the patch, [~smeng]
Would you think it makes sense to add a test for SSL enabled JournalNodes? That is, a test for HDFS-12579

Actually, the test failed. Could you take a further look?

[~weichiu] Seems that flaky TestWebHdfsTimeouts leads to TestJournalNodeSync failure due to time out.
{code}
...
[ERROR]   TestWebHdfsTimeouts.testTwoStepWriteConnectTimeout:247 expected timeout
[ERROR]   TestWebHdfsTimeouts.testTwoStepWriteConnectTimeout:247 expected timeout
[ERROR] Errors: 
[ERROR]   TestJournalNodeSync.testJournalNodeSync:200 ? Timeout Timed out waiting for co...
[ERROR]   TestJournalNodeSync.testMultipleJournalsMissingLogs:257 ? Timeout Timed out wa...
[ERROR]   TestJournalNodeSync.testMultipleJournalsMultipleMissingLogs:285 ? Timeout Time...
[ERROR]   TestJournalNodeSync.testRandomJournalMissingLogs:294 ? Timeout Timed out waiti...
[ERROR]   TestJournalNodeSync.testSyncAfterJNdowntimeWithoutQJournalQueue:390 ? Timeout ...
[ERROR]   TestJournalNodeSync.testSyncAfterJNformat:445 ? Timeout Timed out waiting for ...
[ERROR]   TestJournalNodeSync.testSyncDuringRollingUpgrade:481 ? Timeout Timed out waiti...
[ERROR]   TestJournalNodeSync.testSyncForDiscontinuousMissingLogs:236 ? Timeout Timed ou...
[ERROR]   TestJournalNodeSync.testSyncForMultipleMissingLogs:218 ? Timeout Timed out wai...
...
{code}

Tests passed locally. I think we should trigger jenkins again.

+1

Pushed to trunk. Thanks for the patch!

SUCCESS: Integrated in Jenkins build Hadoop-trunk-Commit #15929 (See [https://builds.apache.org/job/Hadoop-trunk-Commit/15929/])
HDFS-14261. Kerberize JournalNodeSyncer unit test. Contributed by Siyao (weichiu: rev 5c10630ad8c976380491adec8e2d9f3e49ea8fa9)
* (edit) hadoop-hdfs-project/hadoop-hdfs/src/test/java/org/apache/hadoop/hdfs/qjournal/server/TestJournalNodeSync.java


Hi [~smeng] [~weichiu]

Seems Like TestJournalNodeSync is failing after this in trunk.
Some authentication problem I guess. Doesn't seem to be related with fix, should be in UT itself. Mind giving a check

{noformat}
javax.net.ssl.SSLHandshakeException: Error while authenticating with endpoint: https://localhost:43003/getJournal?jid=ns1&segmentTxId=5&storageInfo=-65%3A1841012157%3A1551342985924%3AtestClusterID&inProgressOk=false
	at sun.reflect.GeneratedConstructorAccessor76.newInstance(Unknown Source)
	at sun.reflect.DelegatingConstructorAccessorImpl.newInstance(DelegatingConstructorAccessorImpl.java:45)
	at java.lang.reflect.Constructor.newInstance(Constructor.java:423)
	at org.apache.hadoop.security.authentication.client.KerberosAuthenticator.wrapExceptionWithMessage(KerberosAuthenticator.java:232)
	at org.apache.hadoop.security.authentication.client.KerberosAuthenticator.authenticate(KerberosAuthenticator.java:216)
	at org.apache.hadoop.security.authentication.client.AuthenticatedURL.openConnection(AuthenticatedURL.java:348)
	at org.apache.hadoop.hdfs.web.URLConnectionFactory.openConnection(URLConnectionFactory.java:219)
{noformat}

FYI. It seems pretty independent to web hdfs timeouts. It failed here independently too.

https://builds.apache.org/job/PreCommit-HDFS-Build/26359/testReport/

Reopened. The test is failing almost consistently. [~smeng] could you please look into the test failure? I reverted the test in the meantime.

SUCCESS: Integrated in Jenkins build Hadoop-trunk-Commit #16110 (See [https://builds.apache.org/job/Hadoop-trunk-Commit/16110/])
Revert "HDFS-14261. Kerberize JournalNodeSyncer unit test. Contributed (weichiu: rev a54839ef99b0a47e85c41931102c554a3412ce5d)
* (edit) hadoop-hdfs-project/hadoop-hdfs/src/test/java/org/apache/hadoop/hdfs/qjournal/server/TestJournalNodeSync.java


SUCCESS: Integrated in Jenkins build Hadoop-trunk-Commit #16113 (See [https://builds.apache.org/job/Hadoop-trunk-Commit/16113/])
Revert "HDFS-14261. Kerberize JournalNodeSyncer unit test. Contributed (aajisaka: rev 6c4d566955084f7ea5e8b0208db7d54c6ae52ef1)
* (edit) hadoop-hdfs-project/hadoop-hdfs/src/test/java/org/apache/hadoop/hdfs/qjournal/server/TestJournalNodeSync.java


[~ayushtkn] Yeah I also noted a lot of time outs due to Kerberized JournalNodeSync unit tests lately. Tests passed locally but need to look into why it fails so often under heavy load (jenkins). I asked [~weichiu] to revert it at the moment. Thanks!

Removing the fix version as this is reverted.

Bulk update: moved all 3.4.0 non-blocker issues, please move back if it is a blocker. Retarget 3.5.0.

