As part of "StatsTask -> updateQuickStats" itself, statistics like number of files & total size are updated in the partition parameters. So no need to update these fast-stats in "StatsTask -> aggregateStats -> db.alterPartitions".

{noformat}
drop web_returns table and populate it back with the data.
..
..
insert into table web_returns partition(wr_returned_date_sk) select * from tpcds_bin_partitioned_200.web_returns
{noformat}

Total number of partitions were around 2184 and entire dataset was in S3.

||Run ID||Without Patch (secs)||With Patch (secs)||
|Run 1|1025.526|688.752|
|Run 2|1031.841|665.139|
|Run 3|1017.168|669.171|

*~35%* reduction in response time is observed with the patch.

\cc [~sershe], [~pxiong], [~ashutoshc]



Here are the results of testing the latest attachment:
https://issues.apache.org/jira/secure/attachment/12839762/HIVE-15240.1.patch

{color:red}ERROR:{color} -1 due to no test(s) being added or modified.

{color:red}ERROR:{color} -1 due to 11 failed/errored test(s), 10699 tests executed
*Failed tests:*
{noformat}
TestSparkCliDriver - did not produce a TEST-*.xml file (likely timed out) (batchId=105)
	[auto_join30.q,timestamp_null.q,date_udf.q,join16.q,groupby_ppr.q,bucketmapjoin7.q,smb_mapjoin_18.q,join19.q,vector_varchar_4.q,union6.q,cbo_subq_in.q,vectorization_part.q,sample8.q,vectorized_timestamp_funcs.q,join_star.q]
TestSparkCliDriver - did not produce a TEST-*.xml file (likely timed out) (batchId=107)
	[groupby_grouping_id2.q,input17.q,bucketmapjoin12.q,ppd_gby_join.q,auto_join10.q,ptf_rcfile.q,vectorized_rcfile_columnar.q,vector_elt.q,ppd_join5.q,ppd_join.q,join_filters_overlap.q,join_cond_pushdown_1.q,timestamp_3.q,load_dyn_part6.q,stats_noscan_2.q]
org.apache.hadoop.hive.cli.TestCliDriver.testCliDriver[acid_table_stats] (batchId=47)
org.apache.hadoop.hive.cli.TestMiniLlapCliDriver.testCliDriver[transform_ppr2] (batchId=133)
org.apache.hadoop.hive.cli.TestMiniLlapLocalCliDriver.testCliDriver[alter_merge_stats_orc] (batchId=143)
org.apache.hadoop.hive.cli.TestMiniLlapLocalCliDriver.testCliDriver[join_acid_non_acid] (batchId=150)
org.apache.hadoop.hive.cli.TestMiniLlapLocalCliDriver.testCliDriver[orc_analyze] (batchId=138)
org.apache.hadoop.hive.cli.TestMiniLlapLocalCliDriver.testCliDriver[union_fast_stats] (batchId=145)
org.apache.hadoop.hive.cli.TestMiniTezCliDriver.testCliDriver[explainanalyze_2] (batchId=91)
org.apache.hadoop.hive.cli.TestSparkCliDriver.testCliDriver[alter_merge_stats_orc] (batchId=109)
org.apache.hive.spark.client.TestSparkClient.testJobSubmission (batchId=272)
{noformat}

Test results: https://builds.apache.org/job/PreCommit-HIVE-Build/2221/testReport
Console output: https://builds.apache.org/job/PreCommit-HIVE-Build/2221/console
Test logs: http://104.198.109.242/logs/PreCommit-HIVE-Build-2221/

Messages:
{noformat}
Executing org.apache.hive.ptest.execution.TestCheckPhase
Executing org.apache.hive.ptest.execution.PrepPhase
Executing org.apache.hive.ptest.execution.ExecutionPhase
Executing org.apache.hive.ptest.execution.ReportingPhase
Tests exited with: TestsFailedException: 11 tests failed
{noformat}

This message is automatically generated.

ATTACHMENT ID: 12839762 - PreCommit-HIVE-Build

It seems like some stats tests have failed...  makes sense otherwise.

Thanks [~sershe]. 

Attaching .2 patch.



Here are the results of testing the latest attachment:
https://issues.apache.org/jira/secure/attachment/12839938/HIVE-15240.2.patch

{color:red}ERROR:{color} -1 due to no test(s) being added or modified.

{color:red}ERROR:{color} -1 due to 11 failed/errored test(s), 10731 tests executed
*Failed tests:*
{noformat}
org.apache.hadoop.hive.cli.TestCliDriver.testCliDriver[alter_file_format] (batchId=52)
org.apache.hadoop.hive.cli.TestCliDriver.testCliDriver[alter_numbuckets_partitioned_table_h23] (batchId=61)
org.apache.hadoop.hive.cli.TestCliDriver.testCliDriver[alter_partition_clusterby_sortby] (batchId=36)
org.apache.hadoop.hive.cli.TestCliDriver.testCliDriver[auto_sortmerge_join_2] (batchId=43)
org.apache.hadoop.hive.cli.TestCliDriver.testCliDriver[list_bucket_dml_5] (batchId=34)
org.apache.hadoop.hive.cli.TestCliDriver.testCliDriver[partition_coltype_literals] (batchId=12)
org.apache.hadoop.hive.cli.TestCliDriver.testCliDriver[rename_partition_location] (batchId=58)
org.apache.hadoop.hive.cli.TestMiniLlapCliDriver.testCliDriver[transform_ppr2] (batchId=133)
org.apache.hadoop.hive.cli.TestMiniLlapLocalCliDriver.testCliDriver[join_acid_non_acid] (batchId=150)
org.apache.hadoop.hive.cli.TestMiniLlapLocalCliDriver.testCliDriver[union_fast_stats] (batchId=145)
org.apache.hadoop.hive.cli.TestSparkCliDriver.testCliDriver[input_part2] (batchId=112)
{noformat}

Test results: https://builds.apache.org/job/PreCommit-HIVE-Build/2236/testReport
Console output: https://builds.apache.org/job/PreCommit-HIVE-Build/2236/console
Test logs: http://104.198.109.242/logs/PreCommit-HIVE-Build-2236/

Messages:
{noformat}
Executing org.apache.hive.ptest.execution.TestCheckPhase
Executing org.apache.hive.ptest.execution.PrepPhase
Executing org.apache.hive.ptest.execution.ExecutionPhase
Executing org.apache.hive.ptest.execution.ReportingPhase
Tests exited with: TestsFailedException: 11 tests failed
{noformat}

This message is automatically generated.

ATTACHMENT ID: 12839938 - PreCommit-HIVE-Build



Here are the results of testing the latest attachment:
https://issues.apache.org/jira/secure/attachment/12840200/HIVE-15240.3.patch

{color:red}ERROR:{color} -1 due to no test(s) being added or modified.

{color:red}ERROR:{color} -1 due to 8 failed/errored test(s), 10717 tests executed
*Failed tests:*
{noformat}
TestSparkCliDriver - did not produce a TEST-*.xml file (likely timed out) (batchId=106)
	[union_remove_1.q,ppd_outer_join2.q,groupby1_noskew.q,join20.q,smb_mapjoin_13.q,multi_insert.q,groupby_rollup1.q,temp_table_gb1.q,vector_string_concat.q,smb_mapjoin_6.q,metadata_only_queries.q,auto_sortmerge_join_12.q,groupby_bigdata.q,groupby3_map_multi_distinct.q,innerjoin.q]
org.apache.hadoop.hive.cli.TestCliDriver.testCliDriver[list_bucket_query_oneskew_1] (batchId=54)
org.apache.hadoop.hive.cli.TestCliDriver.testCliDriver[list_bucket_query_oneskew_2] (batchId=3)
org.apache.hadoop.hive.cli.TestCliDriver.testCliDriver[list_bucket_query_oneskew_3] (batchId=9)
org.apache.hadoop.hive.cli.TestMiniLlapCliDriver.testCliDriver[transform_ppr2] (batchId=133)
org.apache.hadoop.hive.cli.TestMiniLlapLocalCliDriver.testCliDriver[join_acid_non_acid] (batchId=150)
org.apache.hadoop.hive.cli.TestMiniLlapLocalCliDriver.testCliDriver[union_fast_stats] (batchId=145)
org.apache.hadoop.hive.cli.TestMiniTezCliDriver.testCliDriver[explainanalyze_5] (batchId=90)
{noformat}

Test results: https://builds.apache.org/job/PreCommit-HIVE-Build/2254/testReport
Console output: https://builds.apache.org/job/PreCommit-HIVE-Build/2254/console
Test logs: http://104.198.109.242/logs/PreCommit-HIVE-Build-2254/

Messages:
{noformat}
Executing org.apache.hive.ptest.execution.TestCheckPhase
Executing org.apache.hive.ptest.execution.PrepPhase
Executing org.apache.hive.ptest.execution.ExecutionPhase
Executing org.apache.hive.ptest.execution.ReportingPhase
Tests exited with: TestsFailedException: 8 tests failed
{noformat}

This message is automatically generated.

ATTACHMENT ID: 12840200 - PreCommit-HIVE-Build



Here are the results of testing the latest attachment:
https://issues.apache.org/jira/secure/attachment/12840200/HIVE-15240.3.patch

{color:red}ERROR:{color} -1 due to no test(s) being added or modified.

{color:red}ERROR:{color} -1 due to 7 failed/errored test(s), 10732 tests executed
*Failed tests:*
{noformat}
org.apache.hadoop.hive.cli.TestCliDriver.testCliDriver[list_bucket_query_oneskew_1] (batchId=54)
org.apache.hadoop.hive.cli.TestCliDriver.testCliDriver[list_bucket_query_oneskew_2] (batchId=3)
org.apache.hadoop.hive.cli.TestCliDriver.testCliDriver[list_bucket_query_oneskew_3] (batchId=9)
org.apache.hadoop.hive.cli.TestMiniLlapCliDriver.testCliDriver[transform_ppr2] (batchId=133)
org.apache.hadoop.hive.cli.TestMiniLlapLocalCliDriver.testCliDriver[join_acid_non_acid] (batchId=150)
org.apache.hadoop.hive.cli.TestMiniLlapLocalCliDriver.testCliDriver[union_fast_stats] (batchId=145)
org.apache.hadoop.hive.cli.TestMiniTezCliDriver.testCliDriver[explainanalyze_2] (batchId=91)
{noformat}

Test results: https://builds.apache.org/job/PreCommit-HIVE-Build/2255/testReport
Console output: https://builds.apache.org/job/PreCommit-HIVE-Build/2255/console
Test logs: http://104.198.109.242/logs/PreCommit-HIVE-Build-2255/

Messages:
{noformat}
Executing org.apache.hive.ptest.execution.TestCheckPhase
Executing org.apache.hive.ptest.execution.PrepPhase
Executing org.apache.hive.ptest.execution.ExecutionPhase
Executing org.apache.hive.ptest.execution.ReportingPhase
Tests exited with: TestsFailedException: 7 tests failed
{noformat}

This message is automatically generated.

ATTACHMENT ID: 12840200 - PreCommit-HIVE-Build



Here are the results of testing the latest attachment:
https://issues.apache.org/jira/secure/attachment/12840470/HIVE-15240.5.patch

{color:red}ERROR:{color} -1 due to no test(s) being added or modified.

{color:red}ERROR:{color} -1 due to 8 failed/errored test(s), 10728 tests executed
*Failed tests:*
{noformat}
TestOperationLoggingAPIWithTez - did not produce a TEST-*.xml file (likely timed out) (batchId=208)
org.apache.hadoop.hive.cli.TestMiniLlapCliDriver.testCliDriver[transform_ppr2] (batchId=133)
org.apache.hadoop.hive.cli.TestMiniLlapLocalCliDriver.testCliDriver[join_acid_non_acid] (batchId=150)
org.apache.hadoop.hive.cli.TestMiniLlapLocalCliDriver.testCliDriver[union_fast_stats] (batchId=145)
org.apache.hadoop.hive.metastore.TestRemoteHiveMetaStore.testRenamePartition (batchId=193)
org.apache.hadoop.hive.metastore.TestSetUGIOnBothClientServer.testRenamePartition (batchId=189)
org.apache.hadoop.hive.metastore.TestSetUGIOnOnlyClient.testRenamePartition (batchId=187)
org.apache.hadoop.hive.metastore.TestSetUGIOnOnlyServer.testRenamePartition (batchId=198)
{noformat}

Test results: https://builds.apache.org/job/PreCommit-HIVE-Build/2287/testReport
Console output: https://builds.apache.org/job/PreCommit-HIVE-Build/2287/console
Test logs: http://104.198.109.242/logs/PreCommit-HIVE-Build-2287/

Messages:
{noformat}
Executing org.apache.hive.ptest.execution.TestCheckPhase
Executing org.apache.hive.ptest.execution.PrepPhase
Executing org.apache.hive.ptest.execution.ExecutionPhase
Executing org.apache.hive.ptest.execution.ReportingPhase
Tests exited with: TestsFailedException: 8 tests failed
{noformat}

This message is automatically generated.

ATTACHMENT ID: 12840470 - PreCommit-HIVE-Build



Here are the results of testing the latest attachment:
https://issues.apache.org/jira/secure/attachment/12840470/HIVE-15240.5.patch

{color:red}ERROR:{color} -1 due to no test(s) being added or modified.

{color:red}ERROR:{color} -1 due to 10 failed/errored test(s), 10703 tests executed
*Failed tests:*
{noformat}
TestSparkCliDriver - did not produce a TEST-*.xml file (likely timed out) (batchId=94)
	[parallel_join1.q,union27.q,union12.q,groupby7_map_multi_single_reducer.q,varchar_join1.q,join7.q,join_reorder4.q,skewjoinopt2.q,bucketsortoptimize_insert_2.q,smb_mapjoin_17.q,script_env_var1.q,groupby7_map.q,groupby3.q,bucketsortoptimize_insert_8.q,union20.q]
TestSparkCliDriver - did not produce a TEST-*.xml file (likely timed out) (batchId=99)
	[skewjoin_noskew.q,leftsemijoin_mr.q,bucket3.q,skewjoinopt13.q,bucketmapjoin9.q,auto_join15.q,cbo_simple_select.q,ptf.q,join22.q,vectorized_nested_mapjoin.q,sample4.q,union18.q,multi_insert_gby.q,join33.q,join_cond_pushdown_unqual2.q]
org.apache.hadoop.hive.cli.TestMiniLlapCliDriver.testCliDriver[transform_ppr2] (batchId=133)
org.apache.hadoop.hive.cli.TestMiniLlapLocalCliDriver.testCliDriver[join_acid_non_acid] (batchId=150)
org.apache.hadoop.hive.cli.TestMiniLlapLocalCliDriver.testCliDriver[union_fast_stats] (batchId=145)
org.apache.hadoop.hive.cli.TestMiniTezCliDriver.testCliDriver[explainanalyze_2] (batchId=91)
org.apache.hadoop.hive.metastore.TestRemoteHiveMetaStore.testRenamePartition (batchId=193)
org.apache.hadoop.hive.metastore.TestSetUGIOnBothClientServer.testRenamePartition (batchId=189)
org.apache.hadoop.hive.metastore.TestSetUGIOnOnlyClient.testRenamePartition (batchId=187)
org.apache.hadoop.hive.metastore.TestSetUGIOnOnlyServer.testRenamePartition (batchId=198)
{noformat}

Test results: https://builds.apache.org/job/PreCommit-HIVE-Build/2288/testReport
Console output: https://builds.apache.org/job/PreCommit-HIVE-Build/2288/console
Test logs: http://104.198.109.242/logs/PreCommit-HIVE-Build-2288/

Messages:
{noformat}
Executing org.apache.hive.ptest.execution.TestCheckPhase
Executing org.apache.hive.ptest.execution.PrepPhase
Executing org.apache.hive.ptest.execution.ExecutionPhase
Executing org.apache.hive.ptest.execution.ReportingPhase
Tests exited with: TestsFailedException: 10 tests failed
{noformat}

This message is automatically generated.

ATTACHMENT ID: 12840470 - PreCommit-HIVE-Build



Here are the results of testing the latest attachment:
https://issues.apache.org/jira/secure/attachment/12840559/HIVE-15240.6.patch

{color:red}ERROR:{color} -1 due to no test(s) being added or modified.

{color:red}ERROR:{color} -1 due to 7 failed/errored test(s), 10719 tests executed
*Failed tests:*
{noformat}
org.apache.hadoop.hive.cli.TestMiniLlapCliDriver.testCliDriver[orc_ppd_schema_evol_3a] (batchId=133)
org.apache.hadoop.hive.cli.TestMiniLlapCliDriver.testCliDriver[transform_ppr2] (batchId=133)
org.apache.hadoop.hive.cli.TestMiniLlapLocalCliDriver.testCliDriver[columnstats_part_coltype] (batchId=148)
org.apache.hadoop.hive.cli.TestMiniLlapLocalCliDriver.testCliDriver[join_acid_non_acid] (batchId=150)
org.apache.hadoop.hive.cli.TestMiniLlapLocalCliDriver.testCliDriver[union_fast_stats] (batchId=145)
org.apache.hadoop.hive.cli.TestMiniTezCliDriver.testCliDriver[explainanalyze_2] (batchId=91)
org.apache.hadoop.hive.cli.TestSparkCliDriver.org.apache.hadoop.hive.cli.TestSparkCliDriver (batchId=92)
{noformat}

Test results: https://builds.apache.org/job/PreCommit-HIVE-Build/2291/testReport
Console output: https://builds.apache.org/job/PreCommit-HIVE-Build/2291/console
Test logs: http://104.198.109.242/logs/PreCommit-HIVE-Build-2291/

Messages:
{noformat}
Executing org.apache.hive.ptest.execution.TestCheckPhase
Executing org.apache.hive.ptest.execution.PrepPhase
Executing org.apache.hive.ptest.execution.ExecutionPhase
Executing org.apache.hive.ptest.execution.ReportingPhase
Tests exited with: TestsFailedException: 7 tests failed
{noformat}

This message is automatically generated.

ATTACHMENT ID: 12840559 - PreCommit-HIVE-Build

Above test failures are unrelated to this patch. Following flaky test jiras are already in place.

HIVE-14936 (orc_ppd_schema_evol_3a), 
HIVE-15201 (transform_ppr2), 
HIVE-15169 (columnstats_part_coltype), 
HIVE-15116 (join_acid_non_acid), 
HIVE-15115 (union_fast_stats), 
HIVE-15084 (explainanalyze_2) 

+1

Committed to master. Thanks [~rajesh.balamohan] for the patch!

