GitHub user sankarh opened a pull request:

    https://github.com/apache/hive/pull/366

    HIVE-19739: Bootstrap REPL LOAD to use checkpoints to validate and skip the loaded data/metadata.

    

You can merge this pull request into a Git repository by running:

    $ git pull https://github.com/sankarh/hive HIVE-19739

Alternatively you can review and apply these changes as the patch at:

    https://github.com/apache/hive/pull/366.patch

To close this pull request, make a commit to your master/trunk branch
with (at least) the following in the commit message:

    This closes #366
    
----
commit 89d6d9957c200ebad3a78a38400ea70efa5abdc2
Author: Sankar Hariappan <mailtosankarh@...>
Date:   2018-06-04T21:35:38Z

    HIVE-19739: Bootstrap REPL LOAD to use checkpoints to validate and skip the loaded data/metadata.

----


[~maheshk114],

Could you please review it?

| (x) *{color:red}-1 overall{color}* |
\\
\\
|| Vote || Subsystem || Runtime || Comment ||
|| || || || {color:brown} Prechecks {color} ||
| {color:green}+1{color} | {color:green} @author {color} | {color:green}  0m  0s{color} | {color:green} The patch does not contain any @author tags. {color} |
|| || || || {color:brown} master Compile Tests {color} ||
| {color:blue}0{color} | {color:blue} mvndep {color} | {color:blue}  0m 29s{color} | {color:blue} Maven dependency ordering for branch {color} |
| {color:green}+1{color} | {color:green} mvninstall {color} | {color:green}  6m 13s{color} | {color:green} master passed {color} |
| {color:green}+1{color} | {color:green} compile {color} | {color:green}  2m  3s{color} | {color:green} master passed {color} |
| {color:green}+1{color} | {color:green} checkstyle {color} | {color:green}  1m  1s{color} | {color:green} master passed {color} |
| {color:blue}0{color} | {color:blue} findbugs {color} | {color:blue}  0m 33s{color} | {color:blue} itests/hive-unit in master has 2 extant Findbugs warnings. {color} |
| {color:blue}0{color} | {color:blue} findbugs {color} | {color:blue}  3m 20s{color} | {color:blue} ql in master has 2284 extant Findbugs warnings. {color} |
| {color:blue}0{color} | {color:blue} findbugs {color} | {color:blue}  2m 31s{color} | {color:blue} standalone-metastore in master has 216 extant Findbugs warnings. {color} |
| {color:green}+1{color} | {color:green} javadoc {color} | {color:green}  1m 54s{color} | {color:green} master passed {color} |
|| || || || {color:brown} Patch Compile Tests {color} ||
| {color:blue}0{color} | {color:blue} mvndep {color} | {color:blue}  0m  7s{color} | {color:blue} Maven dependency ordering for patch {color} |
| {color:red}-1{color} | {color:red} mvninstall {color} | {color:red}  0m 32s{color} | {color:red} hive-unit in the patch failed. {color} |
| {color:green}+1{color} | {color:green} compile {color} | {color:green}  2m  5s{color} | {color:green} the patch passed {color} |
| {color:green}+1{color} | {color:green} javac {color} | {color:green}  2m  5s{color} | {color:green} the patch passed {color} |
| {color:red}-1{color} | {color:red} checkstyle {color} | {color:red}  0m 13s{color} | {color:red} itests/hive-unit: The patch generated 23 new + 55 unchanged - 0 fixed = 78 total (was 55) {color} |
| {color:red}-1{color} | {color:red} checkstyle {color} | {color:red}  0m 34s{color} | {color:red} ql: The patch generated 36 new + 68 unchanged - 2 fixed = 104 total (was 70) {color} |
| {color:red}-1{color} | {color:red} checkstyle {color} | {color:red}  0m 13s{color} | {color:red} standalone-metastore: The patch generated 3 new + 10 unchanged - 0 fixed = 13 total (was 10) {color} |
| {color:green}+1{color} | {color:green} whitespace {color} | {color:green}  0m  0s{color} | {color:green} The patch has no whitespace issues. {color} |
| {color:red}-1{color} | {color:red} findbugs {color} | {color:red}  3m 33s{color} | {color:red} ql generated 1 new + 2284 unchanged - 0 fixed = 2285 total (was 2284) {color} |
| {color:green}+1{color} | {color:green} javadoc {color} | {color:green}  2m  0s{color} | {color:green} the patch passed {color} |
|| || || || {color:brown} Other Tests {color} ||
| {color:green}+1{color} | {color:green} asflicense {color} | {color:green}  0m 11s{color} | {color:green} The patch does not generate ASF License warnings. {color} |
| {color:black}{color} | {color:black} {color} | {color:black} 33m 47s{color} | {color:black} {color} |
\\
\\
|| Reason || Tests ||
| FindBugs | module:ql |
|  |  Possible null pointer dereference of dbRootTask in org.apache.hadoop.hive.ql.exec.repl.bootstrap.load.LoadDatabase.tasks() on exception path  Dereferenced at LoadDatabase.java:dbRootTask in org.apache.hadoop.hive.ql.exec.repl.bootstrap.load.LoadDatabase.tasks() on exception path  Dereferenced at LoadDatabase.java:[line 83] |
\\
\\
|| Subsystem || Report/Notes ||
| Optional Tests |  asflicense  javac  javadoc  findbugs  checkstyle  compile  |
| uname | Linux hiveptest-server-upstream 3.16.0-4-amd64 #1 SMP Debian 3.16.36-1+deb8u1 (2016-09-03) x86_64 GNU/Linux |
| Build tool | maven |
| Personality | /data/hiveptest/working/yetus_PreCommit-HIVE-Build-11614/dev-support/hive-personality.sh |
| git revision | master / 13960aa |
| Default Java | 1.8.0_111 |
| findbugs | v3.0.0 |
| mvninstall | http://104.198.109.242/logs//PreCommit-HIVE-Build-11614/yetus/patch-mvninstall-itests_hive-unit.txt |
| checkstyle | http://104.198.109.242/logs//PreCommit-HIVE-Build-11614/yetus/diff-checkstyle-itests_hive-unit.txt |
| checkstyle | http://104.198.109.242/logs//PreCommit-HIVE-Build-11614/yetus/diff-checkstyle-ql.txt |
| checkstyle | http://104.198.109.242/logs//PreCommit-HIVE-Build-11614/yetus/diff-checkstyle-standalone-metastore.txt |
| findbugs | http://104.198.109.242/logs//PreCommit-HIVE-Build-11614/yetus/new-findbugs-ql.html |
| modules | C: itests/hive-unit ql standalone-metastore U: . |
| Console output | http://104.198.109.242/logs//PreCommit-HIVE-Build-11614/yetus.txt |
| Powered by | Apache Yetus    http://yetus.apache.org |


This message was automatically generated.





Here are the results of testing the latest attachment:
https://issues.apache.org/jira/secure/attachment/12926694/HIVE-19739.01.patch

{color:green}SUCCESS:{color} +1 due to 1 test(s) being added or modified.

{color:green}SUCCESS:{color} +1 due to 14512 tests passed

Test results: https://builds.apache.org/job/PreCommit-HIVE-Build/11614/testReport
Console output: https://builds.apache.org/job/PreCommit-HIVE-Build/11614/console
Test logs: http://104.198.109.242/logs/PreCommit-HIVE-Build-11614/

Messages:
{noformat}
Executing org.apache.hive.ptest.execution.TestCheckPhase
Executing org.apache.hive.ptest.execution.PrepPhase
Executing org.apache.hive.ptest.execution.YetusPhase
Executing org.apache.hive.ptest.execution.ExecutionPhase
Executing org.apache.hive.ptest.execution.ReportingPhase
{noformat}

This message is automatically generated.

ATTACHMENT ID: 12926694 - PreCommit-HIVE-Build

Attached 02.patch with
 * Review comment fixes
 * Added idempotent behaviour for creating functions and constraints during bootstrap load retry.
 * Improved test coverage for several failure points to retry with checkpoint.

Request [~maheshk114] to take a look at it!

| (x) *{color:red}-1 overall{color}* |
\\
\\
|| Vote || Subsystem || Runtime || Comment ||
|| || || || {color:brown} Prechecks {color} ||
| {color:green}+1{color} | {color:green} @author {color} | {color:green}  0m  0s{color} | {color:green} The patch does not contain any @author tags. {color} |
|| || || || {color:brown} master Compile Tests {color} ||
| {color:blue}0{color} | {color:blue} mvndep {color} | {color:blue}  0m 20s{color} | {color:blue} Maven dependency ordering for branch {color} |
| {color:green}+1{color} | {color:green} mvninstall {color} | {color:green}  5m 38s{color} | {color:green} master passed {color} |
| {color:green}+1{color} | {color:green} compile {color} | {color:green}  2m  3s{color} | {color:green} master passed {color} |
| {color:green}+1{color} | {color:green} checkstyle {color} | {color:green}  1m  3s{color} | {color:green} master passed {color} |
| {color:blue}0{color} | {color:blue} findbugs {color} | {color:blue}  0m 31s{color} | {color:blue} itests/hive-unit in master has 2 extant Findbugs warnings. {color} |
| {color:blue}0{color} | {color:blue} findbugs {color} | {color:blue}  3m 23s{color} | {color:blue} ql in master has 2286 extant Findbugs warnings. {color} |
| {color:blue}0{color} | {color:blue} findbugs {color} | {color:blue}  2m 30s{color} | {color:blue} standalone-metastore in master has 216 extant Findbugs warnings. {color} |
| {color:green}+1{color} | {color:green} javadoc {color} | {color:green}  1m 58s{color} | {color:green} master passed {color} |
|| || || || {color:brown} Patch Compile Tests {color} ||
| {color:blue}0{color} | {color:blue} mvndep {color} | {color:blue}  0m  8s{color} | {color:blue} Maven dependency ordering for patch {color} |
| {color:red}-1{color} | {color:red} mvninstall {color} | {color:red}  0m 29s{color} | {color:red} hive-unit in the patch failed. {color} |
| {color:green}+1{color} | {color:green} compile {color} | {color:green}  2m  4s{color} | {color:green} the patch passed {color} |
| {color:green}+1{color} | {color:green} javac {color} | {color:green}  2m  4s{color} | {color:green} the patch passed {color} |
| {color:red}-1{color} | {color:red} checkstyle {color} | {color:red}  0m 14s{color} | {color:red} itests/hive-unit: The patch generated 54 new + 57 unchanged - 5 fixed = 111 total (was 62) {color} |
| {color:red}-1{color} | {color:red} checkstyle {color} | {color:red}  0m 35s{color} | {color:red} ql: The patch generated 27 new + 93 unchanged - 2 fixed = 120 total (was 95) {color} |
| {color:red}-1{color} | {color:red} checkstyle {color} | {color:red}  0m 18s{color} | {color:red} standalone-metastore: The patch generated 14 new + 391 unchanged - 4 fixed = 405 total (was 395) {color} |
| {color:green}+1{color} | {color:green} whitespace {color} | {color:green}  0m  0s{color} | {color:green} The patch has no whitespace issues. {color} |
| {color:green}+1{color} | {color:green} findbugs {color} | {color:green}  0m 39s{color} | {color:green} hive-unit in the patch passed. {color} |
| {color:green}+1{color} | {color:green} findbugs {color} | {color:green}  3m 30s{color} | {color:green} ql generated 0 new + 2285 unchanged - 1 fixed = 2285 total (was 2286) {color} |
| {color:green}+1{color} | {color:green} findbugs {color} | {color:green}  2m 43s{color} | {color:green} standalone-metastore in the patch passed. {color} |
| {color:green}+1{color} | {color:green} javadoc {color} | {color:green}  1m 56s{color} | {color:green} the patch passed {color} |
|| || || || {color:brown} Other Tests {color} ||
| {color:green}+1{color} | {color:green} asflicense {color} | {color:green}  0m 11s{color} | {color:green} The patch does not generate ASF License warnings. {color} |
| {color:black}{color} | {color:black} {color} | {color:black} 32m 48s{color} | {color:black} {color} |
\\
\\
|| Subsystem || Report/Notes ||
| Optional Tests |  asflicense  javac  javadoc  findbugs  checkstyle  compile  |
| uname | Linux hiveptest-server-upstream 3.16.0-4-amd64 #1 SMP Debian 3.16.36-1+deb8u1 (2016-09-03) x86_64 GNU/Linux |
| Build tool | maven |
| Personality | /data/hiveptest/working/yetus_PreCommit-HIVE-Build-11679/dev-support/hive-personality.sh |
| git revision | master / 2a55f99 |
| Default Java | 1.8.0_111 |
| findbugs | v3.0.0 |
| mvninstall | http://104.198.109.242/logs//PreCommit-HIVE-Build-11679/yetus/patch-mvninstall-itests_hive-unit.txt |
| checkstyle | http://104.198.109.242/logs//PreCommit-HIVE-Build-11679/yetus/diff-checkstyle-itests_hive-unit.txt |
| checkstyle | http://104.198.109.242/logs//PreCommit-HIVE-Build-11679/yetus/diff-checkstyle-ql.txt |
| checkstyle | http://104.198.109.242/logs//PreCommit-HIVE-Build-11679/yetus/diff-checkstyle-standalone-metastore.txt |
| modules | C: itests/hive-unit ql standalone-metastore U: . |
| Console output | http://104.198.109.242/logs//PreCommit-HIVE-Build-11679/yetus.txt |
| Powered by | Apache Yetus    http://yetus.apache.org |


This message was automatically generated.





Here are the results of testing the latest attachment:
https://issues.apache.org/jira/secure/attachment/12927159/HIVE-19739.02.patch

{color:green}SUCCESS:{color} +1 due to 2 test(s) being added or modified.

{color:red}ERROR:{color} -1 due to 2 failed/errored test(s), 14515 tests executed
*Failed tests:*
{noformat}
org.apache.hadoop.hive.ql.parse.TestReplicationScenariosAcrossInstances.testBootstrapReplLoadRetryAfterFailure (batchId=233)
org.apache.hadoop.hive.ql.stats.TestStatsUpdaterThread.testQueueingWithThreads (batchId=276)
{noformat}

Test results: https://builds.apache.org/job/PreCommit-HIVE-Build/11679/testReport
Console output: https://builds.apache.org/job/PreCommit-HIVE-Build/11679/console
Test logs: http://104.198.109.242/logs/PreCommit-HIVE-Build-11679/

Messages:
{noformat}
Executing org.apache.hive.ptest.execution.TestCheckPhase
Executing org.apache.hive.ptest.execution.PrepPhase
Executing org.apache.hive.ptest.execution.YetusPhase
Executing org.apache.hive.ptest.execution.ExecutionPhase
Executing org.apache.hive.ptest.execution.ReportingPhase
Tests exited with: TestsFailedException: 2 tests failed
{noformat}

This message is automatically generated.

ATTACHMENT ID: 12927159 - PreCommit-HIVE-Build

Attached 03.patch with fix for ptest failure. Also, supported clean bootstrap if DB properties for ckpt and last repl ID is reset to empty values.

| (x) *{color:red}-1 overall{color}* |
\\
\\
|| Vote || Subsystem || Runtime || Comment ||
|| || || || {color:brown} Prechecks {color} ||
| {color:green}+1{color} | {color:green} @author {color} | {color:green}  0m  0s{color} | {color:green} The patch does not contain any @author tags. {color} |
|| || || || {color:brown} master Compile Tests {color} ||
| {color:blue}0{color} | {color:blue} mvndep {color} | {color:blue}  0m 40s{color} | {color:blue} Maven dependency ordering for branch {color} |
| {color:green}+1{color} | {color:green} mvninstall {color} | {color:green}  7m 13s{color} | {color:green} master passed {color} |
| {color:green}+1{color} | {color:green} compile {color} | {color:green}  2m 28s{color} | {color:green} master passed {color} |
| {color:green}+1{color} | {color:green} checkstyle {color} | {color:green}  1m 16s{color} | {color:green} master passed {color} |
| {color:blue}0{color} | {color:blue} findbugs {color} | {color:blue}  0m 38s{color} | {color:blue} itests/hive-unit in master has 2 extant Findbugs warnings. {color} |
| {color:blue}0{color} | {color:blue} findbugs {color} | {color:blue}  4m  5s{color} | {color:blue} ql in master has 2279 extant Findbugs warnings. {color} |
| {color:blue}0{color} | {color:blue} findbugs {color} | {color:blue}  3m 11s{color} | {color:blue} standalone-metastore in master has 216 extant Findbugs warnings. {color} |
| {color:green}+1{color} | {color:green} javadoc {color} | {color:green}  2m 29s{color} | {color:green} master passed {color} |
|| || || || {color:brown} Patch Compile Tests {color} ||
| {color:blue}0{color} | {color:blue} mvndep {color} | {color:blue}  0m  9s{color} | {color:blue} Maven dependency ordering for patch {color} |
| {color:red}-1{color} | {color:red} mvninstall {color} | {color:red}  0m 35s{color} | {color:red} hive-unit in the patch failed. {color} |
| {color:green}+1{color} | {color:green} compile {color} | {color:green}  2m 26s{color} | {color:green} the patch passed {color} |
| {color:green}+1{color} | {color:green} javac {color} | {color:green}  2m 26s{color} | {color:green} the patch passed {color} |
| {color:red}-1{color} | {color:red} checkstyle {color} | {color:red}  0m 16s{color} | {color:red} itests/hive-unit: The patch generated 65 new + 65 unchanged - 1 fixed = 130 total (was 66) {color} |
| {color:red}-1{color} | {color:red} checkstyle {color} | {color:red}  0m 40s{color} | {color:red} ql: The patch generated 25 new + 93 unchanged - 2 fixed = 118 total (was 95) {color} |
| {color:red}-1{color} | {color:red} checkstyle {color} | {color:red}  0m 20s{color} | {color:red} standalone-metastore: The patch generated 14 new + 391 unchanged - 4 fixed = 405 total (was 395) {color} |
| {color:green}+1{color} | {color:green} whitespace {color} | {color:green}  0m  0s{color} | {color:green} The patch has no whitespace issues. {color} |
| {color:red}-1{color} | {color:red} findbugs {color} | {color:red}  4m 18s{color} | {color:red} ql generated 1 new + 2278 unchanged - 1 fixed = 2279 total (was 2279) {color} |
| {color:green}+1{color} | {color:green} javadoc {color} | {color:green}  2m 14s{color} | {color:green} the patch passed {color} |
|| || || || {color:brown} Other Tests {color} ||
| {color:green}+1{color} | {color:green} asflicense {color} | {color:green}  0m 13s{color} | {color:green} The patch does not generate ASF License warnings. {color} |
| {color:black}{color} | {color:black} {color} | {color:black} 40m 20s{color} | {color:black} {color} |
\\
\\
|| Reason || Tests ||
| FindBugs | module:ql |
|  |  Switch statement found in org.apache.hadoop.hive.ql.exec.repl.bootstrap.load.LoadDatabase.tasks() where default case is missing  At LoadDatabase.java:where default case is missing  At LoadDatabase.java:[lines 65-70] |
\\
\\
|| Subsystem || Report/Notes ||
| Optional Tests |  asflicense  javac  javadoc  findbugs  checkstyle  compile  |
| uname | Linux hiveptest-server-upstream 3.16.0-4-amd64 #1 SMP Debian 3.16.36-1+deb8u1 (2016-09-03) x86_64 GNU/Linux |
| Build tool | maven |
| Personality | /data/hiveptest/working/yetus_PreCommit-HIVE-Build-11721/dev-support/hive-personality.sh |
| git revision | master / 8902563 |
| Default Java | 1.8.0_111 |
| findbugs | v3.0.0 |
| mvninstall | http://104.198.109.242/logs//PreCommit-HIVE-Build-11721/yetus/patch-mvninstall-itests_hive-unit.txt |
| checkstyle | http://104.198.109.242/logs//PreCommit-HIVE-Build-11721/yetus/diff-checkstyle-itests_hive-unit.txt |
| checkstyle | http://104.198.109.242/logs//PreCommit-HIVE-Build-11721/yetus/diff-checkstyle-ql.txt |
| checkstyle | http://104.198.109.242/logs//PreCommit-HIVE-Build-11721/yetus/diff-checkstyle-standalone-metastore.txt |
| findbugs | http://104.198.109.242/logs//PreCommit-HIVE-Build-11721/yetus/new-findbugs-ql.html |
| modules | C: itests/hive-unit ql standalone-metastore U: . |
| Console output | http://104.198.109.242/logs//PreCommit-HIVE-Build-11721/yetus.txt |
| Powered by | Apache Yetus    http://yetus.apache.org |


This message was automatically generated.





Here are the results of testing the latest attachment:
https://issues.apache.org/jira/secure/attachment/12927297/HIVE-19739.03.patch

{color:green}SUCCESS:{color} +1 due to 2 test(s) being added or modified.

{color:red}ERROR:{color} -1 due to 1 failed/errored test(s), 14524 tests executed
*Failed tests:*
{noformat}
org.apache.hive.jdbc.TestJdbcDriver2.testSelectExecAsync2 (batchId=244)
{noformat}

Test results: https://builds.apache.org/job/PreCommit-HIVE-Build/11721/testReport
Console output: https://builds.apache.org/job/PreCommit-HIVE-Build/11721/console
Test logs: http://104.198.109.242/logs/PreCommit-HIVE-Build-11721/

Messages:
{noformat}
Executing org.apache.hive.ptest.execution.TestCheckPhase
Executing org.apache.hive.ptest.execution.PrepPhase
Executing org.apache.hive.ptest.execution.YetusPhase
Executing org.apache.hive.ptest.execution.ExecutionPhase
Executing org.apache.hive.ptest.execution.ReportingPhase
Tests exited with: TestsFailedException: 1 tests failed
{noformat}

This message is automatically generated.

ATTACHMENT ID: 12927297 - PreCommit-HIVE-Build

Attached 04.patch with fixes for Findbugs and Checkstyle issues.

path.04 looks fine

| (x) *{color:red}-1 overall{color}* |
\\
\\
|| Vote || Subsystem || Runtime || Comment ||
|| || || || {color:brown} Prechecks {color} ||
| {color:green}+1{color} | {color:green} @author {color} | {color:green}  0m  0s{color} | {color:green} The patch does not contain any @author tags. {color} |
|| || || || {color:brown} master Compile Tests {color} ||
| {color:blue}0{color} | {color:blue} mvndep {color} | {color:blue}  0m 49s{color} | {color:blue} Maven dependency ordering for branch {color} |
| {color:green}+1{color} | {color:green} mvninstall {color} | {color:green}  8m 18s{color} | {color:green} master passed {color} |
| {color:green}+1{color} | {color:green} compile {color} | {color:green}  2m 27s{color} | {color:green} master passed {color} |
| {color:green}+1{color} | {color:green} checkstyle {color} | {color:green}  1m 17s{color} | {color:green} master passed {color} |
| {color:blue}0{color} | {color:blue} findbugs {color} | {color:blue}  0m 40s{color} | {color:blue} itests/hive-unit in master has 2 extant Findbugs warnings. {color} |
| {color:blue}0{color} | {color:blue} findbugs {color} | {color:blue}  4m  3s{color} | {color:blue} ql in master has 2279 extant Findbugs warnings. {color} |
| {color:blue}0{color} | {color:blue} findbugs {color} | {color:blue}  3m 11s{color} | {color:blue} standalone-metastore in master has 216 extant Findbugs warnings. {color} |
| {color:green}+1{color} | {color:green} javadoc {color} | {color:green}  2m 16s{color} | {color:green} master passed {color} |
|| || || || {color:brown} Patch Compile Tests {color} ||
| {color:blue}0{color} | {color:blue} mvndep {color} | {color:blue}  0m  9s{color} | {color:blue} Maven dependency ordering for patch {color} |
| {color:red}-1{color} | {color:red} mvninstall {color} | {color:red}  0m 33s{color} | {color:red} hive-unit in the patch failed. {color} |
| {color:green}+1{color} | {color:green} compile {color} | {color:green}  2m 26s{color} | {color:green} the patch passed {color} |
| {color:green}+1{color} | {color:green} javac {color} | {color:green}  2m 26s{color} | {color:green} the patch passed {color} |
| {color:red}-1{color} | {color:red} checkstyle {color} | {color:red}  0m 16s{color} | {color:red} itests/hive-unit: The patch generated 62 new + 65 unchanged - 1 fixed = 127 total (was 66) {color} |
| {color:red}-1{color} | {color:red} checkstyle {color} | {color:red}  0m 39s{color} | {color:red} ql: The patch generated 27 new + 93 unchanged - 2 fixed = 120 total (was 95) {color} |
| {color:red}-1{color} | {color:red} checkstyle {color} | {color:red}  0m 21s{color} | {color:red} standalone-metastore: The patch generated 9 new + 385 unchanged - 10 fixed = 394 total (was 395) {color} |
| {color:green}+1{color} | {color:green} whitespace {color} | {color:green}  0m  0s{color} | {color:green} The patch has no whitespace issues. {color} |
| {color:green}+1{color} | {color:green} findbugs {color} | {color:green}  0m 44s{color} | {color:green} hive-unit in the patch passed. {color} |
| {color:green}+1{color} | {color:green} findbugs {color} | {color:green}  4m 15s{color} | {color:green} ql generated 0 new + 2278 unchanged - 1 fixed = 2278 total (was 2279) {color} |
| {color:green}+1{color} | {color:green} findbugs {color} | {color:green}  3m 11s{color} | {color:green} standalone-metastore in the patch passed. {color} |
| {color:green}+1{color} | {color:green} javadoc {color} | {color:green}  2m 16s{color} | {color:green} the patch passed {color} |
|| || || || {color:brown} Other Tests {color} ||
| {color:green}+1{color} | {color:green} asflicense {color} | {color:green}  0m 13s{color} | {color:green} The patch does not generate ASF License warnings. {color} |
| {color:black}{color} | {color:black} {color} | {color:black} 41m 11s{color} | {color:black} {color} |
\\
\\
|| Subsystem || Report/Notes ||
| Optional Tests |  asflicense  javac  javadoc  findbugs  checkstyle  compile  |
| uname | Linux hiveptest-server-upstream 3.16.0-4-amd64 #1 SMP Debian 3.16.36-1+deb8u1 (2016-09-03) x86_64 GNU/Linux |
| Build tool | maven |
| Personality | /data/hiveptest/working/yetus_PreCommit-HIVE-Build-11743/dev-support/hive-personality.sh |
| git revision | master / 9468d1f |
| Default Java | 1.8.0_111 |
| findbugs | v3.0.0 |
| mvninstall | http://104.198.109.242/logs//PreCommit-HIVE-Build-11743/yetus/patch-mvninstall-itests_hive-unit.txt |
| checkstyle | http://104.198.109.242/logs//PreCommit-HIVE-Build-11743/yetus/diff-checkstyle-itests_hive-unit.txt |
| checkstyle | http://104.198.109.242/logs//PreCommit-HIVE-Build-11743/yetus/diff-checkstyle-ql.txt |
| checkstyle | http://104.198.109.242/logs//PreCommit-HIVE-Build-11743/yetus/diff-checkstyle-standalone-metastore.txt |
| modules | C: itests/hive-unit ql standalone-metastore U: . |
| Console output | http://104.198.109.242/logs//PreCommit-HIVE-Build-11743/yetus.txt |
| Powered by | Apache Yetus    http://yetus.apache.org |


This message was automatically generated.





Here are the results of testing the latest attachment:
https://issues.apache.org/jira/secure/attachment/12927427/HIVE-19739.04.patch

{color:green}SUCCESS:{color} +1 due to 2 test(s) being added or modified.

{color:red}ERROR:{color} -1 due to 1 failed/errored test(s), 14524 tests executed
*Failed tests:*
{noformat}
org.apache.hive.spark.client.rpc.TestRpc.testClientTimeout (batchId=308)
{noformat}

Test results: https://builds.apache.org/job/PreCommit-HIVE-Build/11743/testReport
Console output: https://builds.apache.org/job/PreCommit-HIVE-Build/11743/console
Test logs: http://104.198.109.242/logs/PreCommit-HIVE-Build-11743/

Messages:
{noformat}
Executing org.apache.hive.ptest.execution.TestCheckPhase
Executing org.apache.hive.ptest.execution.PrepPhase
Executing org.apache.hive.ptest.execution.YetusPhase
Executing org.apache.hive.ptest.execution.ExecutionPhase
Executing org.apache.hive.ptest.execution.ReportingPhase
Tests exited with: TestsFailedException: 1 tests failed
{noformat}

This message is automatically generated.

ATTACHMENT ID: 12927427 - PreCommit-HIVE-Build

Re-attaching the same 04.patch to re-run ptest build as it previously failed on flaky test.

+1

| (x) *{color:red}-1 overall{color}* |
\\
\\
|| Vote || Subsystem || Runtime || Comment ||
|| || || || {color:brown} Prechecks {color} ||
| {color:green}+1{color} | {color:green} @author {color} | {color:green}  0m  0s{color} | {color:green} The patch does not contain any @author tags. {color} |
|| || || || {color:brown} master Compile Tests {color} ||
| {color:blue}0{color} | {color:blue} mvndep {color} | {color:blue}  0m 37s{color} | {color:blue} Maven dependency ordering for branch {color} |
| {color:green}+1{color} | {color:green} mvninstall {color} | {color:green}  6m  8s{color} | {color:green} master passed {color} |
| {color:green}+1{color} | {color:green} compile {color} | {color:green}  2m 17s{color} | {color:green} master passed {color} |
| {color:green}+1{color} | {color:green} checkstyle {color} | {color:green}  1m 11s{color} | {color:green} master passed {color} |
| {color:blue}0{color} | {color:blue} findbugs {color} | {color:blue}  0m 36s{color} | {color:blue} itests/hive-unit in master has 2 extant Findbugs warnings. {color} |
| {color:blue}0{color} | {color:blue} findbugs {color} | {color:blue}  3m 51s{color} | {color:blue} ql in master has 2279 extant Findbugs warnings. {color} |
| {color:blue}0{color} | {color:blue} findbugs {color} | {color:blue}  2m 56s{color} | {color:blue} standalone-metastore in master has 227 extant Findbugs warnings. {color} |
| {color:green}+1{color} | {color:green} javadoc {color} | {color:green}  2m 10s{color} | {color:green} master passed {color} |
|| || || || {color:brown} Patch Compile Tests {color} ||
| {color:blue}0{color} | {color:blue} mvndep {color} | {color:blue}  0m  8s{color} | {color:blue} Maven dependency ordering for patch {color} |
| {color:red}-1{color} | {color:red} mvninstall {color} | {color:red}  0m 32s{color} | {color:red} hive-unit in the patch failed. {color} |
| {color:green}+1{color} | {color:green} compile {color} | {color:green}  2m 19s{color} | {color:green} the patch passed {color} |
| {color:green}+1{color} | {color:green} javac {color} | {color:green}  2m 19s{color} | {color:green} the patch passed {color} |
| {color:red}-1{color} | {color:red} checkstyle {color} | {color:red}  0m 17s{color} | {color:red} itests/hive-unit: The patch generated 62 new + 65 unchanged - 1 fixed = 127 total (was 66) {color} |
| {color:red}-1{color} | {color:red} checkstyle {color} | {color:red}  0m 37s{color} | {color:red} ql: The patch generated 27 new + 93 unchanged - 2 fixed = 120 total (was 95) {color} |
| {color:red}-1{color} | {color:red} checkstyle {color} | {color:red}  0m 20s{color} | {color:red} standalone-metastore: The patch generated 9 new + 385 unchanged - 10 fixed = 394 total (was 395) {color} |
| {color:green}+1{color} | {color:green} whitespace {color} | {color:green}  0m  0s{color} | {color:green} The patch has no whitespace issues. {color} |
| {color:green}+1{color} | {color:green} findbugs {color} | {color:green}  0m 42s{color} | {color:green} hive-unit in the patch passed. {color} |
| {color:green}+1{color} | {color:green} findbugs {color} | {color:green}  3m 57s{color} | {color:green} ql generated 0 new + 2278 unchanged - 1 fixed = 2278 total (was 2279) {color} |
| {color:green}+1{color} | {color:green} findbugs {color} | {color:green}  3m  9s{color} | {color:green} standalone-metastore in the patch passed. {color} |
| {color:green}+1{color} | {color:green} javadoc {color} | {color:green}  2m 12s{color} | {color:green} the patch passed {color} |
|| || || || {color:brown} Other Tests {color} ||
| {color:green}+1{color} | {color:green} asflicense {color} | {color:green}  0m 13s{color} | {color:green} The patch does not generate ASF License warnings. {color} |
| {color:black}{color} | {color:black} {color} | {color:black} 37m 17s{color} | {color:black} {color} |
\\
\\
|| Subsystem || Report/Notes ||
| Optional Tests |  asflicense  javac  javadoc  findbugs  checkstyle  compile  |
| uname | Linux hiveptest-server-upstream 3.16.0-4-amd64 #1 SMP Debian 3.16.36-1+deb8u1 (2016-09-03) x86_64 GNU/Linux |
| Build tool | maven |
| Personality | /data/hiveptest/working/yetus_PreCommit-HIVE-Build-11778/dev-support/hive-personality.sh |
| git revision | master / bcbd2d5 |
| Default Java | 1.8.0_111 |
| findbugs | v3.0.0 |
| mvninstall | http://104.198.109.242/logs//PreCommit-HIVE-Build-11778/yetus/patch-mvninstall-itests_hive-unit.txt |
| checkstyle | http://104.198.109.242/logs//PreCommit-HIVE-Build-11778/yetus/diff-checkstyle-itests_hive-unit.txt |
| checkstyle | http://104.198.109.242/logs//PreCommit-HIVE-Build-11778/yetus/diff-checkstyle-ql.txt |
| checkstyle | http://104.198.109.242/logs//PreCommit-HIVE-Build-11778/yetus/diff-checkstyle-standalone-metastore.txt |
| modules | C: itests/hive-unit ql standalone-metastore U: . |
| Console output | http://104.198.109.242/logs//PreCommit-HIVE-Build-11778/yetus.txt |
| Powered by | Apache Yetus    http://yetus.apache.org |


This message was automatically generated.





Here are the results of testing the latest attachment:
https://issues.apache.org/jira/secure/attachment/12927578/HIVE-19739.04.patch

{color:green}SUCCESS:{color} +1 due to 2 test(s) being added or modified.

{color:green}SUCCESS:{color} +1 due to 14522 tests passed

Test results: https://builds.apache.org/job/PreCommit-HIVE-Build/11778/testReport
Console output: https://builds.apache.org/job/PreCommit-HIVE-Build/11778/console
Test logs: http://104.198.109.242/logs/PreCommit-HIVE-Build-11778/

Messages:
{noformat}
Executing org.apache.hive.ptest.execution.TestCheckPhase
Executing org.apache.hive.ptest.execution.PrepPhase
Executing org.apache.hive.ptest.execution.YetusPhase
Executing org.apache.hive.ptest.execution.ExecutionPhase
Executing org.apache.hive.ptest.execution.ReportingPhase
{noformat}

This message is automatically generated.

ATTACHMENT ID: 12927578 - PreCommit-HIVE-Build

04.patch committed to master!

Thanks [~maheshk114] and [~anishek] for the review!

Attached patch for branch-3.

Github user sankarh closed the pull request at:

    https://github.com/apache/hive/pull/366


| (x) *{color:red}-1 overall{color}* |
\\
\\
|| Vote || Subsystem || Runtime || Comment ||
| {color:red}-1{color} | {color:red} patch {color} | {color:red}  0m 12s{color} | {color:red} /data/hiveptest/logs/PreCommit-HIVE-Build-11827/patches/PreCommit-HIVE-Build-11827.patch does not apply to master. Rebase required? Wrong Branch? See http://cwiki.apache.org/confluence/display/Hive/HowToContribute for help. {color} |
\\
\\
|| Subsystem || Report/Notes ||
| Console output | http://104.198.109.242/logs//PreCommit-HIVE-Build-11827/yetus.txt |
| Powered by | Apache Yetus    http://yetus.apache.org |


This message was automatically generated.





Here are the results of testing the latest attachment:
https://issues.apache.org/jira/secure/attachment/12927830/HIVE-19739.01-branch-3.patch

{color:green}SUCCESS:{color} +1 due to 2 test(s) being added or modified.

{color:red}ERROR:{color} -1 due to 9 failed/errored test(s), 14344 tests executed
*Failed tests:*
{noformat}
TestBeeLineDriver - did not produce a TEST-*.xml file (likely timed out) (batchId=256)
TestDummy - did not produce a TEST-*.xml file (likely timed out) (batchId=256)
TestMiniDruidCliDriver - did not produce a TEST-*.xml file (likely timed out) (batchId=256)
TestMiniDruidKafkaCliDriver - did not produce a TEST-*.xml file (likely timed out) (batchId=256)
TestTezPerfCliDriver - did not produce a TEST-*.xml file (likely timed out) (batchId=256)
org.apache.hadoop.hive.ql.TestWarehouseExternalDir.testManagedPaths (batchId=233)
org.apache.hive.jdbc.TestJdbcGenericUDTFGetSplits.testGenericUDTFOrderBySplitCount1 (batchId=242)
org.apache.hive.service.TestHS2ImpersonationWithRemoteMS.testImpersonation (batchId=242)
org.apache.hive.spark.client.rpc.TestRpc.testServerPort (batchId=308)
{noformat}

Test results: https://builds.apache.org/job/PreCommit-HIVE-Build/11827/testReport
Console output: https://builds.apache.org/job/PreCommit-HIVE-Build/11827/console
Test logs: http://104.198.109.242/logs/PreCommit-HIVE-Build-11827/

Messages:
{noformat}
Executing org.apache.hive.ptest.execution.TestCheckPhase
Executing org.apache.hive.ptest.execution.PrepPhase
Executing org.apache.hive.ptest.execution.YetusPhase
Executing org.apache.hive.ptest.execution.ExecutionPhase
Executing org.apache.hive.ptest.execution.ReportingPhase
Tests exited with: TestsFailedException: 9 tests failed
{noformat}

This message is automatically generated.

ATTACHMENT ID: 12927830 - PreCommit-HIVE-Build

Test failures are irrelevant to the patch.

01-branch-3.patch is committed to branch-3.

This is released in Hive 3.1.0.

