GitHub user sankarh opened a pull request:

    https://github.com/apache/hive/pull/410

    HIVE-20264: Bootstrap repl dump with concurrent write and drop of ACID table makes target inconsistent.

    

You can merge this pull request into a Git repository by running:

    $ git pull https://github.com/sankarh/hive HIVE-20264

Alternatively you can review and apply these changes as the patch at:

    https://github.com/apache/hive/pull/410.patch

To close this pull request, make a commit to your master/trunk branch
with (at least) the following in the commit message:

    This closes #410
    
----
commit 763463f961229a69f3e714c0f5613aaeca2ddabd
Author: Sankar Hariappan <mailtosankarh@...>
Date:   2018-08-07T11:38:14Z

    HIVE-20264: Bootstrap repl dump with concurrent write and drop of ACID table makes target inconsistent.

----


[~maheshk114],

Could you please review this patch?

| (x) *{color:red}-1 overall{color}* |
\\
\\
|| Vote || Subsystem || Runtime || Comment ||
|| || || || {color:brown} Prechecks {color} ||
| {color:green}+1{color} | {color:green} @author {color} | {color:green}  0m  0s{color} | {color:green} The patch does not contain any @author tags. {color} |
|| || || || {color:brown} master Compile Tests {color} ||
| {color:blue}0{color} | {color:blue} mvndep {color} | {color:blue}  0m 16s{color} | {color:blue} Maven dependency ordering for branch {color} |
| {color:green}+1{color} | {color:green} mvninstall {color} | {color:green}  8m 10s{color} | {color:green} master passed {color} |
| {color:green}+1{color} | {color:green} compile {color} | {color:green}  2m 15s{color} | {color:green} master passed {color} |
| {color:green}+1{color} | {color:green} checkstyle {color} | {color:green}  1m  2s{color} | {color:green} master passed {color} |
| {color:blue}0{color} | {color:blue} findbugs {color} | {color:blue}  0m 39s{color} | {color:blue} itests/hive-unit in master has 2 extant Findbugs warnings. {color} |
| {color:blue}0{color} | {color:blue} findbugs {color} | {color:blue}  3m 57s{color} | {color:blue} ql in master has 2304 extant Findbugs warnings. {color} |
| {color:red}-1{color} | {color:red} findbugs {color} | {color:red}  0m 14s{color} | {color:red} metastore-server in master failed. {color} |
| {color:green}+1{color} | {color:green} javadoc {color} | {color:green}  1m 51s{color} | {color:green} master passed {color} |
|| || || || {color:brown} Patch Compile Tests {color} ||
| {color:blue}0{color} | {color:blue} mvndep {color} | {color:blue}  0m  9s{color} | {color:blue} Maven dependency ordering for patch {color} |
| {color:green}+1{color} | {color:green} mvninstall {color} | {color:green}  2m 40s{color} | {color:green} the patch passed {color} |
| {color:green}+1{color} | {color:green} compile {color} | {color:green}  2m  3s{color} | {color:green} the patch passed {color} |
| {color:green}+1{color} | {color:green} javac {color} | {color:green}  2m  3s{color} | {color:green} the patch passed {color} |
| {color:red}-1{color} | {color:red} checkstyle {color} | {color:red}  0m 16s{color} | {color:red} itests/hive-unit: The patch generated 21 new + 50 unchanged - 0 fixed = 71 total (was 50) {color} |
| {color:green}+1{color} | {color:green} whitespace {color} | {color:green}  0m  0s{color} | {color:green} The patch has no whitespace issues. {color} |
| {color:red}-1{color} | {color:red} findbugs {color} | {color:red}  0m 14s{color} | {color:red} metastore-server in the patch failed. {color} |
| {color:green}+1{color} | {color:green} javadoc {color} | {color:green}  1m 41s{color} | {color:green} the patch passed {color} |
|| || || || {color:brown} Other Tests {color} ||
| {color:green}+1{color} | {color:green} asflicense {color} | {color:green}  0m 13s{color} | {color:green} The patch does not generate ASF License warnings. {color} |
| {color:black}{color} | {color:black} {color} | {color:black} 32m  6s{color} | {color:black} {color} |
\\
\\
|| Subsystem || Report/Notes ||
| Optional Tests |  asflicense  javac  javadoc  findbugs  checkstyle  compile  |
| uname | Linux hiveptest-server-upstream 3.16.0-4-amd64 #1 SMP Debian 3.16.36-1+deb8u1 (2016-09-03) x86_64 GNU/Linux |
| Build tool | maven |
| Personality | /data/hiveptest/working/yetus_PreCommit-HIVE-Build-13080/dev-support/hive-personality.sh |
| git revision | master / 5391651 |
| Default Java | 1.8.0_111 |
| findbugs | v3.0.0 |
| findbugs | http://104.198.109.242/logs//PreCommit-HIVE-Build-13080/yetus/branch-findbugs-standalone-metastore_metastore-server.txt |
| checkstyle | http://104.198.109.242/logs//PreCommit-HIVE-Build-13080/yetus/diff-checkstyle-itests_hive-unit.txt |
| findbugs | http://104.198.109.242/logs//PreCommit-HIVE-Build-13080/yetus/patch-findbugs-standalone-metastore_metastore-server.txt |
| modules | C: itests/hive-unit ql standalone-metastore/metastore-server U: . |
| Console output | http://104.198.109.242/logs//PreCommit-HIVE-Build-13080/yetus.txt |
| Powered by | Apache Yetus    http://yetus.apache.org |


This message was automatically generated.





Here are the results of testing the latest attachment:
https://issues.apache.org/jira/secure/attachment/12934629/HIVE-20264.01.patch

{color:green}SUCCESS:{color} +1 due to 2 test(s) being added or modified.

{color:red}ERROR:{color} -1 due to 1 failed/errored test(s), 14868 tests executed
*Failed tests:*
{noformat}
org.apache.hadoop.hive.cli.TestMiniSparkOnYarnCliDriver.testCliDriver[schemeAuthority] (batchId=187)
{noformat}

Test results: https://builds.apache.org/job/PreCommit-HIVE-Build/13080/testReport
Console output: https://builds.apache.org/job/PreCommit-HIVE-Build/13080/console
Test logs: http://104.198.109.242/logs/PreCommit-HIVE-Build-13080/

Messages:
{noformat}
Executing org.apache.hive.ptest.execution.TestCheckPhase
Executing org.apache.hive.ptest.execution.PrepPhase
Executing org.apache.hive.ptest.execution.YetusPhase
Executing org.apache.hive.ptest.execution.ExecutionPhase
Executing org.apache.hive.ptest.execution.ReportingPhase
Tests exited with: TestsFailedException: 1 tests failed
{noformat}

This message is automatically generated.

ATTACHMENT ID: 12934629 - PreCommit-HIVE-Build

Failed test if flaky. Re-attaching same patch for re-run.

| (x) *{color:red}-1 overall{color}* |
\\
\\
|| Vote || Subsystem || Runtime || Comment ||
|| || || || {color:brown} Prechecks {color} ||
| {color:green}+1{color} | {color:green} @author {color} | {color:green}  0m  0s{color} | {color:green} The patch does not contain any @author tags. {color} |
|| || || || {color:brown} master Compile Tests {color} ||
| {color:blue}0{color} | {color:blue} mvndep {color} | {color:blue}  0m 34s{color} | {color:blue} Maven dependency ordering for branch {color} |
| {color:green}+1{color} | {color:green} mvninstall {color} | {color:green}  7m 40s{color} | {color:green} master passed {color} |
| {color:green}+1{color} | {color:green} compile {color} | {color:green}  2m  5s{color} | {color:green} master passed {color} |
| {color:green}+1{color} | {color:green} checkstyle {color} | {color:green}  1m  1s{color} | {color:green} master passed {color} |
| {color:blue}0{color} | {color:blue} findbugs {color} | {color:blue}  0m 37s{color} | {color:blue} itests/hive-unit in master has 2 extant Findbugs warnings. {color} |
| {color:blue}0{color} | {color:blue} findbugs {color} | {color:blue}  3m 52s{color} | {color:blue} ql in master has 2304 extant Findbugs warnings. {color} |
| {color:red}-1{color} | {color:red} findbugs {color} | {color:red}  0m 13s{color} | {color:red} metastore-server in master failed. {color} |
| {color:green}+1{color} | {color:green} javadoc {color} | {color:green}  1m 40s{color} | {color:green} master passed {color} |
|| || || || {color:brown} Patch Compile Tests {color} ||
| {color:blue}0{color} | {color:blue} mvndep {color} | {color:blue}  0m  8s{color} | {color:blue} Maven dependency ordering for patch {color} |
| {color:green}+1{color} | {color:green} mvninstall {color} | {color:green}  2m 28s{color} | {color:green} the patch passed {color} |
| {color:green}+1{color} | {color:green} compile {color} | {color:green}  2m  3s{color} | {color:green} the patch passed {color} |
| {color:green}+1{color} | {color:green} javac {color} | {color:green}  2m  3s{color} | {color:green} the patch passed {color} |
| {color:red}-1{color} | {color:red} checkstyle {color} | {color:red}  0m 16s{color} | {color:red} itests/hive-unit: The patch generated 21 new + 50 unchanged - 0 fixed = 71 total (was 50) {color} |
| {color:green}+1{color} | {color:green} whitespace {color} | {color:green}  0m  0s{color} | {color:green} The patch has no whitespace issues. {color} |
| {color:red}-1{color} | {color:red} findbugs {color} | {color:red}  0m 12s{color} | {color:red} metastore-server in the patch failed. {color} |
| {color:green}+1{color} | {color:green} javadoc {color} | {color:green}  1m 34s{color} | {color:green} the patch passed {color} |
|| || || || {color:brown} Other Tests {color} ||
| {color:green}+1{color} | {color:green} asflicense {color} | {color:green}  0m 13s{color} | {color:green} The patch does not generate ASF License warnings. {color} |
| {color:black}{color} | {color:black} {color} | {color:black} 30m 54s{color} | {color:black} {color} |
\\
\\
|| Subsystem || Report/Notes ||
| Optional Tests |  asflicense  javac  javadoc  findbugs  checkstyle  compile  |
| uname | Linux hiveptest-server-upstream 3.16.0-4-amd64 #1 SMP Debian 3.16.36-1+deb8u1 (2016-09-03) x86_64 GNU/Linux |
| Build tool | maven |
| Personality | /data/hiveptest/working/yetus_PreCommit-HIVE-Build-13083/dev-support/hive-personality.sh |
| git revision | master / 5391651 |
| Default Java | 1.8.0_111 |
| findbugs | v3.0.0 |
| findbugs | http://104.198.109.242/logs//PreCommit-HIVE-Build-13083/yetus/branch-findbugs-standalone-metastore_metastore-server.txt |
| checkstyle | http://104.198.109.242/logs//PreCommit-HIVE-Build-13083/yetus/diff-checkstyle-itests_hive-unit.txt |
| findbugs | http://104.198.109.242/logs//PreCommit-HIVE-Build-13083/yetus/patch-findbugs-standalone-metastore_metastore-server.txt |
| modules | C: itests/hive-unit ql standalone-metastore/metastore-server U: . |
| Console output | http://104.198.109.242/logs//PreCommit-HIVE-Build-13083/yetus.txt |
| Powered by | Apache Yetus    http://yetus.apache.org |


This message was automatically generated.





Here are the results of testing the latest attachment:
https://issues.apache.org/jira/secure/attachment/12934675/HIVE-20264.01.patch

{color:green}SUCCESS:{color} +1 due to 2 test(s) being added or modified.

{color:green}SUCCESS:{color} +1 due to 14868 tests passed

Test results: https://builds.apache.org/job/PreCommit-HIVE-Build/13083/testReport
Console output: https://builds.apache.org/job/PreCommit-HIVE-Build/13083/console
Test logs: http://104.198.109.242/logs/PreCommit-HIVE-Build-13083/

Messages:
{noformat}
Executing org.apache.hive.ptest.execution.TestCheckPhase
Executing org.apache.hive.ptest.execution.PrepPhase
Executing org.apache.hive.ptest.execution.YetusPhase
Executing org.apache.hive.ptest.execution.ExecutionPhase
Executing org.apache.hive.ptest.execution.ReportingPhase
{noformat}

This message is automatically generated.

ATTACHMENT ID: 12934675 - PreCommit-HIVE-Build

Attached 02.patch with fixes for reviewÂ comments from [~maheshk114]!

| (x) *{color:red}-1 overall{color}* |
\\
\\
|| Vote || Subsystem || Runtime || Comment ||
|| || || || {color:brown} Prechecks {color} ||
| {color:green}+1{color} | {color:green} @author {color} | {color:green}  0m  0s{color} | {color:green} The patch does not contain any @author tags. {color} |
|| || || || {color:brown} master Compile Tests {color} ||
| {color:blue}0{color} | {color:blue} mvndep {color} | {color:blue}  0m 42s{color} | {color:blue} Maven dependency ordering for branch {color} |
| {color:green}+1{color} | {color:green} mvninstall {color} | {color:green}  7m 45s{color} | {color:green} master passed {color} |
| {color:green}+1{color} | {color:green} compile {color} | {color:green}  2m  7s{color} | {color:green} master passed {color} |
| {color:green}+1{color} | {color:green} checkstyle {color} | {color:green}  1m  3s{color} | {color:green} master passed {color} |
| {color:blue}0{color} | {color:blue} findbugs {color} | {color:blue}  0m 39s{color} | {color:blue} itests/hive-unit in master has 2 extant Findbugs warnings. {color} |
| {color:blue}0{color} | {color:blue} findbugs {color} | {color:blue}  3m 53s{color} | {color:blue} ql in master has 2305 extant Findbugs warnings. {color} |
| {color:red}-1{color} | {color:red} findbugs {color} | {color:red}  0m 14s{color} | {color:red} metastore-server in master failed. {color} |
| {color:green}+1{color} | {color:green} javadoc {color} | {color:green}  1m 45s{color} | {color:green} master passed {color} |
|| || || || {color:brown} Patch Compile Tests {color} ||
| {color:blue}0{color} | {color:blue} mvndep {color} | {color:blue}  0m  9s{color} | {color:blue} Maven dependency ordering for patch {color} |
| {color:green}+1{color} | {color:green} mvninstall {color} | {color:green}  2m 35s{color} | {color:green} the patch passed {color} |
| {color:green}+1{color} | {color:green} compile {color} | {color:green}  2m  7s{color} | {color:green} the patch passed {color} |
| {color:green}+1{color} | {color:green} javac {color} | {color:green}  2m  7s{color} | {color:green} the patch passed {color} |
| {color:red}-1{color} | {color:red} checkstyle {color} | {color:red}  0m 16s{color} | {color:red} itests/hive-unit: The patch generated 21 new + 50 unchanged - 0 fixed = 71 total (was 50) {color} |
| {color:green}+1{color} | {color:green} whitespace {color} | {color:green}  0m  0s{color} | {color:green} The patch has no whitespace issues. {color} |
| {color:red}-1{color} | {color:red} findbugs {color} | {color:red}  0m 13s{color} | {color:red} metastore-server in the patch failed. {color} |
| {color:green}+1{color} | {color:green} javadoc {color} | {color:green}  1m 40s{color} | {color:green} the patch passed {color} |
|| || || || {color:brown} Other Tests {color} ||
| {color:green}+1{color} | {color:green} asflicense {color} | {color:green}  0m 13s{color} | {color:green} The patch does not generate ASF License warnings. {color} |
| {color:black}{color} | {color:black} {color} | {color:black} 31m 32s{color} | {color:black} {color} |
\\
\\
|| Subsystem || Report/Notes ||
| Optional Tests |  asflicense  javac  javadoc  findbugs  checkstyle  compile  |
| uname | Linux hiveptest-server-upstream 3.16.0-4-amd64 #1 SMP Debian 3.16.36-1+deb8u1 (2016-09-03) x86_64 GNU/Linux |
| Build tool | maven |
| Personality | /data/hiveptest/working/yetus_PreCommit-HIVE-Build-13101/dev-support/hive-personality.sh |
| git revision | master / c0f63bf |
| Default Java | 1.8.0_111 |
| findbugs | v3.0.0 |
| findbugs | http://104.198.109.242/logs//PreCommit-HIVE-Build-13101/yetus/branch-findbugs-standalone-metastore_metastore-server.txt |
| checkstyle | http://104.198.109.242/logs//PreCommit-HIVE-Build-13101/yetus/diff-checkstyle-itests_hive-unit.txt |
| findbugs | http://104.198.109.242/logs//PreCommit-HIVE-Build-13101/yetus/patch-findbugs-standalone-metastore_metastore-server.txt |
| modules | C: itests/hive-unit ql standalone-metastore/metastore-server U: . |
| Console output | http://104.198.109.242/logs//PreCommit-HIVE-Build-13101/yetus.txt |
| Powered by | Apache Yetus    http://yetus.apache.org |


This message was automatically generated.





Here are the results of testing the latest attachment:
https://issues.apache.org/jira/secure/attachment/12934815/HIVE-20264.02.patch

{color:green}SUCCESS:{color} +1 due to 2 test(s) being added or modified.

{color:red}ERROR:{color} -1 due to 1 failed/errored test(s), 14864 tests executed
*Failed tests:*
{noformat}
TestMiniDruidCliDriver - did not produce a TEST-*.xml file (likely timed out) (batchId=193)
	[druidmini_dynamic_partition.q,druidmini_test_ts.q,druidmini_expressions.q,druidmini_test_alter.q,druidmini_test_insert.q]
{noformat}

Test results: https://builds.apache.org/job/PreCommit-HIVE-Build/13101/testReport
Console output: https://builds.apache.org/job/PreCommit-HIVE-Build/13101/console
Test logs: http://104.198.109.242/logs/PreCommit-HIVE-Build-13101/

Messages:
{noformat}
Executing org.apache.hive.ptest.execution.TestCheckPhase
Executing org.apache.hive.ptest.execution.PrepPhase
Executing org.apache.hive.ptest.execution.YetusPhase
Executing org.apache.hive.ptest.execution.ExecutionPhase
Executing org.apache.hive.ptest.execution.ReportingPhase
Tests exited with: TestsFailedException: 1 tests failed
{noformat}

This message is automatically generated.

ATTACHMENT ID: 12934815 - PreCommit-HIVE-Build

Failed test is flaky. Re-attaching same patch to re-run.

| (x) *{color:red}-1 overall{color}* |
\\
\\
|| Vote || Subsystem || Runtime || Comment ||
|| || || || {color:brown} Prechecks {color} ||
| {color:green}+1{color} | {color:green} @author {color} | {color:green}  0m  1s{color} | {color:green} The patch does not contain any @author tags. {color} |
|| || || || {color:brown} master Compile Tests {color} ||
| {color:blue}0{color} | {color:blue} mvndep {color} | {color:blue}  0m 46s{color} | {color:blue} Maven dependency ordering for branch {color} |
| {color:green}+1{color} | {color:green} mvninstall {color} | {color:green}  7m 44s{color} | {color:green} master passed {color} |
| {color:green}+1{color} | {color:green} compile {color} | {color:green}  2m  9s{color} | {color:green} master passed {color} |
| {color:green}+1{color} | {color:green} checkstyle {color} | {color:green}  1m  3s{color} | {color:green} master passed {color} |
| {color:blue}0{color} | {color:blue} findbugs {color} | {color:blue}  0m 41s{color} | {color:blue} itests/hive-unit in master has 2 extant Findbugs warnings. {color} |
| {color:blue}0{color} | {color:blue} findbugs {color} | {color:blue}  3m 58s{color} | {color:blue} ql in master has 2305 extant Findbugs warnings. {color} |
| {color:red}-1{color} | {color:red} findbugs {color} | {color:red}  0m 14s{color} | {color:red} metastore-server in master failed. {color} |
| {color:green}+1{color} | {color:green} javadoc {color} | {color:green}  1m 44s{color} | {color:green} master passed {color} |
|| || || || {color:brown} Patch Compile Tests {color} ||
| {color:blue}0{color} | {color:blue} mvndep {color} | {color:blue}  0m  9s{color} | {color:blue} Maven dependency ordering for patch {color} |
| {color:green}+1{color} | {color:green} mvninstall {color} | {color:green}  2m 37s{color} | {color:green} the patch passed {color} |
| {color:green}+1{color} | {color:green} compile {color} | {color:green}  2m  7s{color} | {color:green} the patch passed {color} |
| {color:green}+1{color} | {color:green} javac {color} | {color:green}  2m  7s{color} | {color:green} the patch passed {color} |
| {color:red}-1{color} | {color:red} checkstyle {color} | {color:red}  0m 17s{color} | {color:red} itests/hive-unit: The patch generated 21 new + 50 unchanged - 0 fixed = 71 total (was 50) {color} |
| {color:green}+1{color} | {color:green} whitespace {color} | {color:green}  0m  0s{color} | {color:green} The patch has no whitespace issues. {color} |
| {color:red}-1{color} | {color:red} findbugs {color} | {color:red}  0m 14s{color} | {color:red} metastore-server in the patch failed. {color} |
| {color:green}+1{color} | {color:green} javadoc {color} | {color:green}  1m 48s{color} | {color:green} the patch passed {color} |
|| || || || {color:brown} Other Tests {color} ||
| {color:green}+1{color} | {color:green} asflicense {color} | {color:green}  0m 13s{color} | {color:green} The patch does not generate ASF License warnings. {color} |
| {color:black}{color} | {color:black} {color} | {color:black} 32m  9s{color} | {color:black} {color} |
\\
\\
|| Subsystem || Report/Notes ||
| Optional Tests |  asflicense  javac  javadoc  findbugs  checkstyle  compile  |
| uname | Linux hiveptest-server-upstream 3.16.0-4-amd64 #1 SMP Debian 3.16.36-1+deb8u1 (2016-09-03) x86_64 GNU/Linux |
| Build tool | maven |
| Personality | /data/hiveptest/working/yetus_PreCommit-HIVE-Build-13106/dev-support/hive-personality.sh |
| git revision | master / 7dce7b7 |
| Default Java | 1.8.0_111 |
| findbugs | v3.0.0 |
| findbugs | http://104.198.109.242/logs//PreCommit-HIVE-Build-13106/yetus/branch-findbugs-standalone-metastore_metastore-server.txt |
| checkstyle | http://104.198.109.242/logs//PreCommit-HIVE-Build-13106/yetus/diff-checkstyle-itests_hive-unit.txt |
| findbugs | http://104.198.109.242/logs//PreCommit-HIVE-Build-13106/yetus/patch-findbugs-standalone-metastore_metastore-server.txt |
| modules | C: itests/hive-unit ql standalone-metastore/metastore-server U: . |
| Console output | http://104.198.109.242/logs//PreCommit-HIVE-Build-13106/yetus.txt |
| Powered by | Apache Yetus    http://yetus.apache.org |


This message was automatically generated.





Here are the results of testing the latest attachment:
https://issues.apache.org/jira/secure/attachment/12934844/HIVE-20264.02.patch

{color:green}SUCCESS:{color} +1 due to 2 test(s) being added or modified.

{color:red}ERROR:{color} -1 due to 1 failed/errored test(s), 14871 tests executed
*Failed tests:*
{noformat}
org.apache.hadoop.hive.llap.security.TestLlapSignerImpl.testSigning (batchId=324)
{noformat}

Test results: https://builds.apache.org/job/PreCommit-HIVE-Build/13106/testReport
Console output: https://builds.apache.org/job/PreCommit-HIVE-Build/13106/console
Test logs: http://104.198.109.242/logs/PreCommit-HIVE-Build-13106/

Messages:
{noformat}
Executing org.apache.hive.ptest.execution.TestCheckPhase
Executing org.apache.hive.ptest.execution.PrepPhase
Executing org.apache.hive.ptest.execution.YetusPhase
Executing org.apache.hive.ptest.execution.ExecutionPhase
Executing org.apache.hive.ptest.execution.ReportingPhase
Tests exited with: TestsFailedException: 1 tests failed
{noformat}

This message is automatically generated.

ATTACHMENT ID: 12934844 - PreCommit-HIVE-Build

Flaky test failure. Re-attaching same patch.

| (x) *{color:red}-1 overall{color}* |
\\
\\
|| Vote || Subsystem || Runtime || Comment ||
|| || || || {color:brown} Prechecks {color} ||
| {color:green}+1{color} | {color:green} @author {color} | {color:green}  0m  0s{color} | {color:green} The patch does not contain any @author tags. {color} |
|| || || || {color:brown} master Compile Tests {color} ||
| {color:blue}0{color} | {color:blue} mvndep {color} | {color:blue}  0m 35s{color} | {color:blue} Maven dependency ordering for branch {color} |
| {color:green}+1{color} | {color:green} mvninstall {color} | {color:green}  8m 20s{color} | {color:green} master passed {color} |
| {color:green}+1{color} | {color:green} compile {color} | {color:green}  2m 15s{color} | {color:green} master passed {color} |
| {color:green}+1{color} | {color:green} checkstyle {color} | {color:green}  1m  7s{color} | {color:green} master passed {color} |
| {color:blue}0{color} | {color:blue} findbugs {color} | {color:blue}  0m 42s{color} | {color:blue} itests/hive-unit in master has 2 extant Findbugs warnings. {color} |
| {color:blue}0{color} | {color:blue} findbugs {color} | {color:blue}  4m 11s{color} | {color:blue} ql in master has 2305 extant Findbugs warnings. {color} |
| {color:red}-1{color} | {color:red} findbugs {color} | {color:red}  0m 15s{color} | {color:red} metastore-server in master failed. {color} |
| {color:green}+1{color} | {color:green} javadoc {color} | {color:green}  1m 49s{color} | {color:green} master passed {color} |
|| || || || {color:brown} Patch Compile Tests {color} ||
| {color:blue}0{color} | {color:blue} mvndep {color} | {color:blue}  0m  9s{color} | {color:blue} Maven dependency ordering for patch {color} |
| {color:green}+1{color} | {color:green} mvninstall {color} | {color:green}  2m 45s{color} | {color:green} the patch passed {color} |
| {color:green}+1{color} | {color:green} compile {color} | {color:green}  2m 20s{color} | {color:green} the patch passed {color} |
| {color:green}+1{color} | {color:green} javac {color} | {color:green}  2m 20s{color} | {color:green} the patch passed {color} |
| {color:red}-1{color} | {color:red} checkstyle {color} | {color:red}  0m 18s{color} | {color:red} itests/hive-unit: The patch generated 21 new + 50 unchanged - 0 fixed = 71 total (was 50) {color} |
| {color:green}+1{color} | {color:green} whitespace {color} | {color:green}  0m  0s{color} | {color:green} The patch has no whitespace issues. {color} |
| {color:red}-1{color} | {color:red} findbugs {color} | {color:red}  0m 14s{color} | {color:red} metastore-server in the patch failed. {color} |
| {color:green}+1{color} | {color:green} javadoc {color} | {color:green}  1m 47s{color} | {color:green} the patch passed {color} |
|| || || || {color:brown} Other Tests {color} ||
| {color:green}+1{color} | {color:green} asflicense {color} | {color:green}  0m 14s{color} | {color:green} The patch does not generate ASF License warnings. {color} |
| {color:black}{color} | {color:black} {color} | {color:black} 33m 47s{color} | {color:black} {color} |
\\
\\
|| Subsystem || Report/Notes ||
| Optional Tests |  asflicense  javac  javadoc  findbugs  checkstyle  compile  |
| uname | Linux hiveptest-server-upstream 3.16.0-4-amd64 #1 SMP Debian 3.16.36-1+deb8u1 (2016-09-03) x86_64 GNU/Linux |
| Build tool | maven |
| Personality | /data/hiveptest/working/yetus_PreCommit-HIVE-Build-13119/dev-support/hive-personality.sh |
| git revision | master / 873d31f |
| Default Java | 1.8.0_111 |
| findbugs | v3.0.0 |
| findbugs | http://104.198.109.242/logs//PreCommit-HIVE-Build-13119/yetus/branch-findbugs-standalone-metastore_metastore-server.txt |
| checkstyle | http://104.198.109.242/logs//PreCommit-HIVE-Build-13119/yetus/diff-checkstyle-itests_hive-unit.txt |
| findbugs | http://104.198.109.242/logs//PreCommit-HIVE-Build-13119/yetus/patch-findbugs-standalone-metastore_metastore-server.txt |
| modules | C: itests/hive-unit ql standalone-metastore/metastore-server U: . |
| Console output | http://104.198.109.242/logs//PreCommit-HIVE-Build-13119/yetus.txt |
| Powered by | Apache Yetus    http://yetus.apache.org |


This message was automatically generated.



HIVE-20264.02.patch looks fine to me



Here are the results of testing the latest attachment:
https://issues.apache.org/jira/secure/attachment/12934913/HIVE-20264.02.patch

{color:green}SUCCESS:{color} +1 due to 2 test(s) being added or modified.

{color:red}ERROR:{color} -1 due to 1 failed/errored test(s), 14873 tests executed
*Failed tests:*
{noformat}
org.apache.hive.jdbc.TestJdbcDriver2.testSelectExecAsync2 (batchId=251)
{noformat}

Test results: https://builds.apache.org/job/PreCommit-HIVE-Build/13119/testReport
Console output: https://builds.apache.org/job/PreCommit-HIVE-Build/13119/console
Test logs: http://104.198.109.242/logs/PreCommit-HIVE-Build-13119/

Messages:
{noformat}
Executing org.apache.hive.ptest.execution.TestCheckPhase
Executing org.apache.hive.ptest.execution.PrepPhase
Executing org.apache.hive.ptest.execution.YetusPhase
Executing org.apache.hive.ptest.execution.ExecutionPhase
Executing org.apache.hive.ptest.execution.ReportingPhase
Tests exited with: TestsFailedException: 1 tests failed
{noformat}

This message is automatically generated.

ATTACHMENT ID: 12934913 - PreCommit-HIVE-Build

Flaky test failure. Re-attaching same patch.

+1 if tests pass in next run.

| (x) *{color:red}-1 overall{color}* |
\\
\\
|| Vote || Subsystem || Runtime || Comment ||
|| || || || {color:brown} Prechecks {color} ||
| {color:green}+1{color} | {color:green} @author {color} | {color:green}  0m  0s{color} | {color:green} The patch does not contain any @author tags. {color} |
|| || || || {color:brown} master Compile Tests {color} ||
| {color:blue}0{color} | {color:blue} mvndep {color} | {color:blue}  0m 42s{color} | {color:blue} Maven dependency ordering for branch {color} |
| {color:green}+1{color} | {color:green} mvninstall {color} | {color:green}  7m 52s{color} | {color:green} master passed {color} |
| {color:green}+1{color} | {color:green} compile {color} | {color:green}  2m 10s{color} | {color:green} master passed {color} |
| {color:green}+1{color} | {color:green} checkstyle {color} | {color:green}  1m  4s{color} | {color:green} master passed {color} |
| {color:blue}0{color} | {color:blue} findbugs {color} | {color:blue}  0m 40s{color} | {color:blue} itests/hive-unit in master has 2 extant Findbugs warnings. {color} |
| {color:blue}0{color} | {color:blue} findbugs {color} | {color:blue}  4m  2s{color} | {color:blue} ql in master has 2305 extant Findbugs warnings. {color} |
| {color:red}-1{color} | {color:red} findbugs {color} | {color:red}  0m 14s{color} | {color:red} metastore-server in master failed. {color} |
| {color:green}+1{color} | {color:green} javadoc {color} | {color:green}  1m 43s{color} | {color:green} master passed {color} |
|| || || || {color:brown} Patch Compile Tests {color} ||
| {color:blue}0{color} | {color:blue} mvndep {color} | {color:blue}  0m  9s{color} | {color:blue} Maven dependency ordering for patch {color} |
| {color:green}+1{color} | {color:green} mvninstall {color} | {color:green}  2m 46s{color} | {color:green} the patch passed {color} |
| {color:green}+1{color} | {color:green} compile {color} | {color:green}  2m 12s{color} | {color:green} the patch passed {color} |
| {color:green}+1{color} | {color:green} javac {color} | {color:green}  2m 12s{color} | {color:green} the patch passed {color} |
| {color:red}-1{color} | {color:red} checkstyle {color} | {color:red}  0m 17s{color} | {color:red} itests/hive-unit: The patch generated 21 new + 50 unchanged - 0 fixed = 71 total (was 50) {color} |
| {color:green}+1{color} | {color:green} whitespace {color} | {color:green}  0m  0s{color} | {color:green} The patch has no whitespace issues. {color} |
| {color:red}-1{color} | {color:red} findbugs {color} | {color:red}  0m 16s{color} | {color:red} metastore-server in the patch failed. {color} |
| {color:green}+1{color} | {color:green} javadoc {color} | {color:green}  1m 56s{color} | {color:green} the patch passed {color} |
|| || || || {color:brown} Other Tests {color} ||
| {color:green}+1{color} | {color:green} asflicense {color} | {color:green}  0m 13s{color} | {color:green} The patch does not generate ASF License warnings. {color} |
| {color:black}{color} | {color:black} {color} | {color:black} 32m 54s{color} | {color:black} {color} |
\\
\\
|| Subsystem || Report/Notes ||
| Optional Tests |  asflicense  javac  javadoc  findbugs  checkstyle  compile  |
| uname | Linux hiveptest-server-upstream 3.16.0-4-amd64 #1 SMP Debian 3.16.36-1+deb8u1 (2016-09-03) x86_64 GNU/Linux |
| Build tool | maven |
| Personality | /data/hiveptest/working/yetus_PreCommit-HIVE-Build-13144/dev-support/hive-personality.sh |
| git revision | master / 6286bbc |
| Default Java | 1.8.0_111 |
| findbugs | v3.0.0 |
| findbugs | http://104.198.109.242/logs//PreCommit-HIVE-Build-13144/yetus/branch-findbugs-standalone-metastore_metastore-server.txt |
| checkstyle | http://104.198.109.242/logs//PreCommit-HIVE-Build-13144/yetus/diff-checkstyle-itests_hive-unit.txt |
| findbugs | http://104.198.109.242/logs//PreCommit-HIVE-Build-13144/yetus/patch-findbugs-standalone-metastore_metastore-server.txt |
| modules | C: itests/hive-unit ql standalone-metastore/metastore-server U: . |
| Console output | http://104.198.109.242/logs//PreCommit-HIVE-Build-13144/yetus.txt |
| Powered by | Apache Yetus    http://yetus.apache.org |


This message was automatically generated.





Here are the results of testing the latest attachment:
https://issues.apache.org/jira/secure/attachment/12935072/HIVE-20264.02.patch

{color:green}SUCCESS:{color} +1 due to 2 test(s) being added or modified.

{color:red}ERROR:{color} -1 due to 1 failed/errored test(s), 14874 tests executed
*Failed tests:*
{noformat}
org.apache.hive.jdbc.TestJdbcDriver2.testSelectExecAsync2 (batchId=251)
{noformat}

Test results: https://builds.apache.org/job/PreCommit-HIVE-Build/13144/testReport
Console output: https://builds.apache.org/job/PreCommit-HIVE-Build/13144/console
Test logs: http://104.198.109.242/logs/PreCommit-HIVE-Build-13144/

Messages:
{noformat}
Executing org.apache.hive.ptest.execution.TestCheckPhase
Executing org.apache.hive.ptest.execution.PrepPhase
Executing org.apache.hive.ptest.execution.YetusPhase
Executing org.apache.hive.ptest.execution.ExecutionPhase
Executing org.apache.hive.ptest.execution.ReportingPhase
Tests exited with: TestsFailedException: 1 tests failed
{noformat}

This message is automatically generated.

ATTACHMENT ID: 12935072 - PreCommit-HIVE-Build

Re-attaching same patch.

| (x) *{color:red}-1 overall{color}* |
\\
\\
|| Vote || Subsystem || Runtime || Comment ||
|| || || || {color:brown} Prechecks {color} ||
| {color:green}+1{color} | {color:green} @author {color} | {color:green}  0m  0s{color} | {color:green} The patch does not contain any @author tags. {color} |
|| || || || {color:brown} master Compile Tests {color} ||
| {color:blue}0{color} | {color:blue} mvndep {color} | {color:blue}  0m 43s{color} | {color:blue} Maven dependency ordering for branch {color} |
| {color:green}+1{color} | {color:green} mvninstall {color} | {color:green}  7m 49s{color} | {color:green} master passed {color} |
| {color:green}+1{color} | {color:green} compile {color} | {color:green}  2m 16s{color} | {color:green} master passed {color} |
| {color:green}+1{color} | {color:green} checkstyle {color} | {color:green}  1m  4s{color} | {color:green} master passed {color} |
| {color:blue}0{color} | {color:blue} findbugs {color} | {color:blue}  0m 41s{color} | {color:blue} itests/hive-unit in master has 2 extant Findbugs warnings. {color} |
| {color:blue}0{color} | {color:blue} findbugs {color} | {color:blue}  3m 56s{color} | {color:blue} ql in master has 2305 extant Findbugs warnings. {color} |
| {color:red}-1{color} | {color:red} findbugs {color} | {color:red}  0m 14s{color} | {color:red} metastore-server in master failed. {color} |
| {color:green}+1{color} | {color:green} javadoc {color} | {color:green}  1m 45s{color} | {color:green} master passed {color} |
|| || || || {color:brown} Patch Compile Tests {color} ||
| {color:blue}0{color} | {color:blue} mvndep {color} | {color:blue}  0m  9s{color} | {color:blue} Maven dependency ordering for patch {color} |
| {color:green}+1{color} | {color:green} mvninstall {color} | {color:green}  2m 43s{color} | {color:green} the patch passed {color} |
| {color:green}+1{color} | {color:green} compile {color} | {color:green}  2m 14s{color} | {color:green} the patch passed {color} |
| {color:green}+1{color} | {color:green} javac {color} | {color:green}  2m 14s{color} | {color:green} the patch passed {color} |
| {color:red}-1{color} | {color:red} checkstyle {color} | {color:red}  0m 17s{color} | {color:red} itests/hive-unit: The patch generated 21 new + 50 unchanged - 0 fixed = 71 total (was 50) {color} |
| {color:green}+1{color} | {color:green} whitespace {color} | {color:green}  0m  0s{color} | {color:green} The patch has no whitespace issues. {color} |
| {color:red}-1{color} | {color:red} findbugs {color} | {color:red}  0m 14s{color} | {color:red} metastore-server in the patch failed. {color} |
| {color:green}+1{color} | {color:green} javadoc {color} | {color:green}  1m 52s{color} | {color:green} the patch passed {color} |
|| || || || {color:brown} Other Tests {color} ||
| {color:green}+1{color} | {color:green} asflicense {color} | {color:green}  0m 14s{color} | {color:green} The patch does not generate ASF License warnings. {color} |
| {color:black}{color} | {color:black} {color} | {color:black} 32m 51s{color} | {color:black} {color} |
\\
\\
|| Subsystem || Report/Notes ||
| Optional Tests |  asflicense  javac  javadoc  findbugs  checkstyle  compile  |
| uname | Linux hiveptest-server-upstream 3.16.0-4-amd64 #1 SMP Debian 3.16.36-1+deb8u1 (2016-09-03) x86_64 GNU/Linux |
| Build tool | maven |
| Personality | /data/hiveptest/working/yetus_PreCommit-HIVE-Build-13150/dev-support/hive-personality.sh |
| git revision | master / 6286bbc |
| Default Java | 1.8.0_111 |
| findbugs | v3.0.0 |
| findbugs | http://104.198.109.242/logs//PreCommit-HIVE-Build-13150/yetus/branch-findbugs-standalone-metastore_metastore-server.txt |
| checkstyle | http://104.198.109.242/logs//PreCommit-HIVE-Build-13150/yetus/diff-checkstyle-itests_hive-unit.txt |
| findbugs | http://104.198.109.242/logs//PreCommit-HIVE-Build-13150/yetus/patch-findbugs-standalone-metastore_metastore-server.txt |
| modules | C: itests/hive-unit ql standalone-metastore/metastore-server U: . |
| Console output | http://104.198.109.242/logs//PreCommit-HIVE-Build-13150/yetus.txt |
| Powered by | Apache Yetus    http://yetus.apache.org |


This message was automatically generated.





Here are the results of testing the latest attachment:
https://issues.apache.org/jira/secure/attachment/12935140/HIVE-20264.02.patch

{color:green}SUCCESS:{color} +1 due to 2 test(s) being added or modified.

{color:green}SUCCESS:{color} +1 due to 14874 tests passed

Test results: https://builds.apache.org/job/PreCommit-HIVE-Build/13150/testReport
Console output: https://builds.apache.org/job/PreCommit-HIVE-Build/13150/console
Test logs: http://104.198.109.242/logs/PreCommit-HIVE-Build-13150/

Messages:
{noformat}
Executing org.apache.hive.ptest.execution.TestCheckPhase
Executing org.apache.hive.ptest.execution.PrepPhase
Executing org.apache.hive.ptest.execution.YetusPhase
Executing org.apache.hive.ptest.execution.ExecutionPhase
Executing org.apache.hive.ptest.execution.ReportingPhase
{noformat}

This message is automatically generated.

ATTACHMENT ID: 12935140 - PreCommit-HIVE-Build

Thanks for the review [~maheshk114] and [~anishek]!

02.patch is committed to master.

| (x) *{color:red}-1 overall{color}* |
\\
\\
|| Vote || Subsystem || Runtime || Comment ||
| {color:red}-1{color} | {color:red} patch {color} | {color:red}  0m 22s{color} | {color:red} /data/hiveptest/logs/PreCommit-HIVE-Build-13153/patches/PreCommit-HIVE-Build-13153.patch does not apply to master. Rebase required? Wrong Branch? See http://cwiki.apache.org/confluence/display/Hive/HowToContribute for help. {color} |
\\
\\
|| Subsystem || Report/Notes ||
| Console output | http://104.198.109.242/logs//PreCommit-HIVE-Build-13153/yetus.txt |
| Powered by | Apache Yetus    http://yetus.apache.org |


This message was automatically generated.





Here are the results of testing the latest attachment:
https://issues.apache.org/jira/secure/attachment/12935159/HIVE-20264.01-branch-3.patch

{color:green}SUCCESS:{color} +1 due to 2 test(s) being added or modified.

{color:red}ERROR:{color} -1 due to 105 failed/errored test(s), 14424 tests executed
*Failed tests:*
{noformat}
TestAddPartitions - did not produce a TEST-*.xml file (likely timed out) (batchId=228)
TestAddPartitionsFromPartSpec - did not produce a TEST-*.xml file (likely timed out) (batchId=230)
TestAdminUser - did not produce a TEST-*.xml file (likely timed out) (batchId=236)
TestAggregateStatsCache - did not produce a TEST-*.xml file (likely timed out) (batchId=230)
TestAlterPartitions - did not produce a TEST-*.xml file (likely timed out) (batchId=230)
TestAppendPartitions - did not produce a TEST-*.xml file (likely timed out) (batchId=230)
TestAutoPurgeTables - did not produce a TEST-*.xml file (likely timed out) (batchId=252)
TestBeeLineDriver - did not produce a TEST-*.xml file (likely timed out) (batchId=273)
TestCachedStore - did not produce a TEST-*.xml file (likely timed out) (batchId=236)
TestCatalogCaching - did not produce a TEST-*.xml file (likely timed out) (batchId=236)
TestCatalogNonDefaultClient - did not produce a TEST-*.xml file (likely timed out) (batchId=228)
TestCatalogNonDefaultSvr - did not produce a TEST-*.xml file (likely timed out) (batchId=236)
TestCatalogOldClient - did not produce a TEST-*.xml file (likely timed out) (batchId=228)
TestCatalogs - did not produce a TEST-*.xml file (likely timed out) (batchId=230)
TestCheckConstraint - did not produce a TEST-*.xml file (likely timed out) (batchId=228)
TestDataSourceProviderFactory - did not produce a TEST-*.xml file (likely timed out) (batchId=238)
TestDatabases - did not produce a TEST-*.xml file (likely timed out) (batchId=230)
TestDeadline - did not produce a TEST-*.xml file (likely timed out) (batchId=236)
TestDefaultConstraint - did not produce a TEST-*.xml file (likely timed out) (batchId=230)
TestDropPartitions - did not produce a TEST-*.xml file (likely timed out) (batchId=228)
TestDummy - did not produce a TEST-*.xml file (likely timed out) (batchId=273)
TestEmbeddedHiveMetaStore - did not produce a TEST-*.xml file (likely timed out) (batchId=231)
TestExchangePartitions - did not produce a TEST-*.xml file (likely timed out) (batchId=230)
TestFMSketchSerialization - did not produce a TEST-*.xml file (likely timed out) (batchId=238)
TestFilterHooks - did not produce a TEST-*.xml file (likely timed out) (batchId=228)
TestForeignKey - did not produce a TEST-*.xml file (likely timed out) (batchId=230)
TestFunctions - did not produce a TEST-*.xml file (likely timed out) (batchId=228)
TestGetPartitions - did not produce a TEST-*.xml file (likely timed out) (batchId=228)
TestGetTableMeta - did not produce a TEST-*.xml file (likely timed out) (batchId=228)
TestHLLNoBias - did not produce a TEST-*.xml file (likely timed out) (batchId=238)
TestHLLSerialization - did not produce a TEST-*.xml file (likely timed out) (batchId=238)
TestHdfsUtils - did not produce a TEST-*.xml file (likely timed out) (batchId=236)
TestHiveAlterHandler - did not produce a TEST-*.xml file (likely timed out) (batchId=228)
TestHiveMetaStoreGetMetaConf - did not produce a TEST-*.xml file (likely timed out) (batchId=236)
TestHiveMetaStorePartitionSpecs - did not produce a TEST-*.xml file (likely timed out) (batchId=230)
TestHiveMetaStoreSchemaMethods - did not produce a TEST-*.xml file (likely timed out) (batchId=236)
TestHiveMetaStoreTimeout - did not produce a TEST-*.xml file (likely timed out) (batchId=238)
TestHiveMetaStoreTxns - did not produce a TEST-*.xml file (likely timed out) (batchId=238)
TestHiveMetaStoreWithEnvironmentContext - did not produce a TEST-*.xml file (likely timed out) (batchId=233)
TestHiveMetastoreCli - did not produce a TEST-*.xml file (likely timed out) (batchId=228)
TestHyperLogLog - did not produce a TEST-*.xml file (likely timed out) (batchId=238)
TestHyperLogLogDense - did not produce a TEST-*.xml file (likely timed out) (batchId=238)
TestHyperLogLogMerge - did not produce a TEST-*.xml file (likely timed out) (batchId=238)
TestHyperLogLogSparse - did not produce a TEST-*.xml file (likely timed out) (batchId=238)
TestJSONMessageDeserializer - did not produce a TEST-*.xml file (likely timed out) (batchId=236)
TestListPartitions - did not produce a TEST-*.xml file (likely timed out) (batchId=228)
TestLocationQueries - did not produce a TEST-*.xml file (likely timed out) (batchId=252)
TestLockRequestBuilder - did not produce a TEST-*.xml file (likely timed out) (batchId=228)
TestMarkPartition - did not produce a TEST-*.xml file (likely timed out) (batchId=236)
TestMarkPartitionRemote - did not produce a TEST-*.xml file (likely timed out) (batchId=238)
TestMetaStoreConnectionUrlHook - did not produce a TEST-*.xml file (likely timed out) (batchId=230)
TestMetaStoreEndFunctionListener - did not produce a TEST-*.xml file (likely timed out) (batchId=230)
TestMetaStoreEventListener - did not produce a TEST-*.xml file (likely timed out) (batchId=234)
TestMetaStoreEventListenerOnlyOnCommit - did not produce a TEST-*.xml file (likely timed out) (batchId=236)
TestMetaStoreEventListenerWithOldConf - did not produce a TEST-*.xml file (likely timed out) (batchId=238)
TestMetaStoreInitListener - did not produce a TEST-*.xml file (likely timed out) (batchId=236)
TestMetaStoreListenersError - did not produce a TEST-*.xml file (likely timed out) (batchId=236)
TestMetaStoreSchemaFactory - did not produce a TEST-*.xml file (likely timed out) (batchId=236)
TestMetaStoreSchemaInfo - did not produce a TEST-*.xml file (likely timed out) (batchId=236)
TestMetaStoreUtils - did not produce a TEST-*.xml file (likely timed out) (batchId=236)
TestMetastoreConf - did not produce a TEST-*.xml file (likely timed out) (batchId=230)
TestMetastoreSchemaTool - did not produce a TEST-*.xml file (likely timed out) (batchId=236)
TestMetrics - did not produce a TEST-*.xml file (likely timed out) (batchId=230)
TestMiniDruidCliDriver - did not produce a TEST-*.xml file (likely timed out) (batchId=273)
TestMiniDruidKafkaCliDriver - did not produce a TEST-*.xml file (likely timed out) (batchId=273)
TestNotNullConstraint - did not produce a TEST-*.xml file (likely timed out) (batchId=230)
TestObjectStore - did not produce a TEST-*.xml file (likely timed out) (batchId=238)
TestObjectStoreInitRetry - did not produce a TEST-*.xml file (likely timed out) (batchId=236)
TestObjectStoreSchemaMethods - did not produce a TEST-*.xml file (likely timed out) (batchId=238)
TestOldSchema - did not produce a TEST-*.xml file (likely timed out) (batchId=236)
TestPartitionNameWhitelistValidation - did not produce a TEST-*.xml file (likely timed out) (batchId=230)
TestPrimaryKey - did not produce a TEST-*.xml file (likely timed out) (batchId=230)
TestRawStoreProxy - did not produce a TEST-*.xml file (likely timed out) (batchId=228)
TestRemoteHiveMetaStore - did not produce a TEST-*.xml file (likely timed out) (batchId=232)
TestRemoteHiveMetaStoreIpAddress - did not produce a TEST-*.xml file (likely timed out) (batchId=226)
TestRemoteUGIHiveMetaStoreIpAddress - did not produce a TEST-*.xml file (likely timed out) (batchId=235)
TestRetriesInRetryingHMSHandler - did not produce a TEST-*.xml file (likely timed out) (batchId=238)
TestRetryingHMSHandler - did not produce a TEST-*.xml file (likely timed out) (batchId=236)
TestRuntimeStats - did not produce a TEST-*.xml file (likely timed out) (batchId=228)
TestSchemaToolForMetastore - did not produce a TEST-*.xml file (likely timed out) (batchId=230)
TestSetUGIOnBothClientServer - did not produce a TEST-*.xml file (likely timed out) (batchId=229)
TestSetUGIOnOnlyClient - did not produce a TEST-*.xml file (likely timed out) (batchId=227)
TestSetUGIOnOnlyServer - did not produce a TEST-*.xml file (likely timed out) (batchId=237)
TestSparkStatistics - did not produce a TEST-*.xml file (likely timed out) (batchId=252)
TestSparseEncodeHash - did not produce a TEST-*.xml file (likely timed out) (batchId=238)
TestStats - did not produce a TEST-*.xml file (likely timed out) (batchId=230)
TestStatsSetupConst - did not produce a TEST-*.xml file (likely timed out) (batchId=238)
TestTableIterable - did not produce a TEST-*.xml file (likely timed out) (batchId=238)
TestTablesCreateDropAlterTruncate - did not produce a TEST-*.xml file (likely timed out) (batchId=228)
TestTablesGetExists - did not produce a TEST-*.xml file (likely timed out) (batchId=230)
TestTablesList - did not produce a TEST-*.xml file (likely timed out) (batchId=228)
TestTezPerfCliDriver - did not produce a TEST-*.xml file (likely timed out) (batchId=273)
TestTxnHandlerNegative - did not produce a TEST-*.xml file (likely timed out) (batchId=228)
TestTxnUtils - did not produce a TEST-*.xml file (likely timed out) (batchId=228)
TestUniqueConstraint - did not produce a TEST-*.xml file (likely timed out) (batchId=228)
org.apache.hadoop.hive.cli.TestCliDriver.testCliDriver[masking_mv] (batchId=85)
org.apache.hadoop.hive.cli.TestCliDriver.testCliDriver[mm_all] (batchId=71)
org.apache.hadoop.hive.cli.TestMiniLlapCliDriver.testCliDriver[mm_all] (batchId=154)
org.apache.hadoop.hive.cli.TestMiniLlapLocalCliDriver.testCliDriver[materialized_view_partitioned_2] (batchId=173)
org.apache.hadoop.hive.cli.TestMiniLlapLocalCliDriver.testCliDriver[materialized_view_partitioned_3] (batchId=173)
org.apache.hadoop.hive.cli.TestMiniLlapLocalCliDriver.testCliDriver[results_cache_with_masking] (batchId=175)
org.apache.hadoop.hive.cli.TestMiniSparkOnYarnCliDriver.testCliDriver[constprog_semijoin] (batchId=189)
org.apache.hadoop.hive.ql.TestWarehouseExternalDir.testManagedPaths (batchId=250)
org.apache.hive.service.TestHS2ImpersonationWithRemoteMS.testImpersonation (batchId=258)
org.apache.hive.spark.client.rpc.TestRpc.testServerPort (batchId=325)
{noformat}

Test results: https://builds.apache.org/job/PreCommit-HIVE-Build/13153/testReport
Console output: https://builds.apache.org/job/PreCommit-HIVE-Build/13153/console
Test logs: http://104.198.109.242/logs/PreCommit-HIVE-Build-13153/

Messages:
{noformat}
Executing org.apache.hive.ptest.execution.TestCheckPhase
Executing org.apache.hive.ptest.execution.PrepPhase
Executing org.apache.hive.ptest.execution.YetusPhase
Executing org.apache.hive.ptest.execution.ExecutionPhase
Executing org.apache.hive.ptest.execution.ReportingPhase
Tests exited with: TestsFailedException: 105 tests failed
{noformat}

This message is automatically generated.

ATTACHMENT ID: 12935159 - PreCommit-HIVE-Build

Test failures are irrelevant. Patch 01 committed to branch-3.

Github user sankarh closed the pull request at:

    https://github.com/apache/hive/pull/410


