https://reviews.apache.org/r/10600/

This issue was unassigned, so I assigned this issue to me. Then [~caofangkun] uploaded a patch for it. I have no right to assign it to him, so I'll make it unassigned. Please assign it to him, other committers.

I'll review and test this patch.

Hi [~teddy.choi] ,Sorry for that I did not notice  you have assigned this issue when I upload the patch. I'm not a committer yet,so please feel free and assign this issue.
Thank you.



It's okay, [~caofangkun]. And thank you for your patch. :)

I tested the second patch on review board, but it makes some ANTLR errors. I'm running it again with a log option to see more details.

Please read the "Contributing your work" on https://cwiki.apache.org/Hive/howtocontribute.html#HowToContribute-Contributingyourwork , [~caofangkun]. It says that you should upload your new patch and click "Submit Patch" to request a review.

I tested the second patch on review board, and it completed successfully. The bug I found before was due to HIVE-4394, not to this patch.

Thanks [~teddy.choi] I have read the cwiki , it's helpful for me.

Rebased to trunk



{color:red}Overall{color}: -1 at least one tests failed

Here are the results of testing the latest attachment:
https://issues.apache.org/jira/secure/attachment/12624284/HIVE-4367.2.patch.txt

{color:red}ERROR:{color} -1 due to 3 failed/errored test(s), 4943 tests executed
*Failed tests:*
{noformat}
org.apache.hadoop.hive.cli.TestNegativeCliDriver.testNegativeCliDriver_truncate_table_failure1
org.apache.hadoop.hive.cli.TestNegativeCliDriver.testNegativeCliDriver_truncate_table_failure3
org.apache.hadoop.hive.cli.TestNegativeCliDriver.testNegativeCliDriver_truncate_table_failure4
{noformat}

Test results: http://bigtop01.cloudera.org:8080/job/PreCommit-HIVE-Build/989/testReport
Console output: http://bigtop01.cloudera.org:8080/job/PreCommit-HIVE-Build/989/console

Messages:
{noformat}
Executing org.apache.hive.ptest.execution.PrepPhase
Executing org.apache.hive.ptest.execution.ExecutionPhase
Executing org.apache.hive.ptest.execution.ReportingPhase
Tests exited with: TestsFailedException: 3 tests failed
{noformat}

This message is automatically generated.

ATTACHMENT ID: 12624284

When this is ready, documentation will be needed in the wiki:

* syntax goes in DDL's [Truncate Table section |https://cwiki.apache.org/confluence/display/Hive/LanguageManual+DDL#LanguageManualDDL-TruncateTable]
* hive.truncate.skiptrash goes in [Configuration Properties |https://cwiki.apache.org/confluence/display/Hive/Configuration+Properties]

Configuration Properties doesn't have a section for DDL.  One could be added, or "Query Execution" could be renamed "HiveQL Execution" to encompass DDL and queries.  (That would also be useful for hive.support.quoted.identifiers from HIVE-6013, which applies to both queries and DDL.) 

Looks like true & false got switched here:

+  <name>hive.truncate.skiptrash</name>
+  <value>false</value>
+  <description>
+     if true will remove data to trash, else false drop data immediately
+  </description>

Let's try to revive this one again, this can be useful in some cases.
If insert/load overwrite is allowed, then Hive is already able to remove the existing data for external tables.

| (x) *{color:red}-1 overall{color}* |
\\
\\
|| Vote || Subsystem || Runtime || Comment ||
|| || || || {color:brown} Prechecks {color} ||
| {color:green}+1{color} | {color:green} @author {color} | {color:green}  0m  0s{color} | {color:green} The patch does not contain any @author tags. {color} |
|| || || || {color:brown} master Compile Tests {color} ||
| {color:blue}0{color} | {color:blue} mvndep {color} | {color:blue}  0m 38s{color} | {color:blue} Maven dependency ordering for branch {color} |
| {color:green}+1{color} | {color:green} mvninstall {color} | {color:green}  7m  3s{color} | {color:green} master passed {color} |
| {color:green}+1{color} | {color:green} compile {color} | {color:green}  1m  0s{color} | {color:green} master passed {color} |
| {color:green}+1{color} | {color:green} checkstyle {color} | {color:green}  0m 38s{color} | {color:green} master passed {color} |
| {color:blue}0{color} | {color:blue} findbugs {color} | {color:blue}  3m 45s{color} | {color:blue} ql in master has 2320 extant Findbugs warnings. {color} |
| {color:green}+1{color} | {color:green} javadoc {color} | {color:green}  0m 53s{color} | {color:green} master passed {color} |
|| || || || {color:brown} Patch Compile Tests {color} ||
| {color:blue}0{color} | {color:blue} mvndep {color} | {color:blue}  0m  8s{color} | {color:blue} Maven dependency ordering for patch {color} |
| {color:green}+1{color} | {color:green} mvninstall {color} | {color:green}  1m 21s{color} | {color:green} the patch passed {color} |
| {color:green}+1{color} | {color:green} compile {color} | {color:green}  1m  0s{color} | {color:green} the patch passed {color} |
| {color:green}+1{color} | {color:green} javac {color} | {color:green}  1m  0s{color} | {color:green} the patch passed {color} |
| {color:green}+1{color} | {color:green} checkstyle {color} | {color:green}  0m 40s{color} | {color:green} the patch passed {color} |
| {color:green}+1{color} | {color:green} whitespace {color} | {color:green}  0m  0s{color} | {color:green} The patch has no whitespace issues. {color} |
| {color:red}-1{color} | {color:red} findbugs {color} | {color:red}  4m  3s{color} | {color:red} ql generated 2 new + 2318 unchanged - 2 fixed = 2320 total (was 2320) {color} |
| {color:green}+1{color} | {color:green} javadoc {color} | {color:green}  0m 53s{color} | {color:green} the patch passed {color} |
|| || || || {color:brown} Other Tests {color} ||
| {color:green}+1{color} | {color:green} asflicense {color} | {color:green}  0m 13s{color} | {color:green} The patch does not generate ASF License warnings. {color} |
| {color:black}{color} | {color:black} {color} | {color:black} 22m 47s{color} | {color:black} {color} |
\\
\\
|| Reason || Tests ||
| FindBugs | module:ql |
|  |  Should org.apache.hadoop.hive.ql.parse.HiveParser$DFA227 be a _static_ inner class?  At HiveParser.java:inner class?  At HiveParser.java:[lines 46558-46571] |
|  |  Should org.apache.hadoop.hive.ql.parse.HiveParser$DFA271 be a _static_ inner class?  At HiveParser.java:inner class?  At HiveParser.java:[lines 46894-46907] |
\\
\\
|| Subsystem || Report/Notes ||
| Optional Tests |  asflicense  javac  javadoc  findbugs  checkstyle  compile  |
| uname | Linux hiveptest-server-upstream 3.16.0-4-amd64 #1 SMP Debian 3.16.36-1+deb8u1 (2016-09-03) x86_64 GNU/Linux |
| Build tool | maven |
| Personality | /data/hiveptest/working/yetus_PreCommit-HIVE-Build-10959/dev-support/hive-personality.sh |
| git revision | master / 116bf0b |
| Default Java | 1.8.0_111 |
| findbugs | v3.0.0 |
| findbugs | http://104.198.109.242/logs//PreCommit-HIVE-Build-10959/yetus/new-findbugs-ql.html |
| modules | C: itests ql U: . |
| Console output | http://104.198.109.242/logs//PreCommit-HIVE-Build-10959/yetus.txt |
| Powered by | Apache Yetus    http://yetus.apache.org |


This message was automatically generated.





Here are the results of testing the latest attachment:
https://issues.apache.org/jira/secure/attachment/12923374/HIVE-4367.3.patch

{color:green}SUCCESS:{color} +1 due to 1 test(s) being added or modified.

{color:red}ERROR:{color} -1 due to 2 failed/errored test(s), 14396 tests executed
*Failed tests:*
{noformat}
TestMinimrCliDriver - did not produce a TEST-*.xml file (likely timed out) (batchId=94)
	[infer_bucket_sort_num_buckets.q,infer_bucket_sort_reducers_power_two.q,parallel_orderby.q,bucket_num_reducers_acid.q,scriptfile1.q,infer_bucket_sort_map_operators.q,infer_bucket_sort_merge.q,root_dir_external_table.q,infer_bucket_sort_dyn_part.q,udf_using.q]
TestNonCatCallsWithCatalog - did not produce a TEST-*.xml file (likely timed out) (batchId=217)
{noformat}

Test results: https://builds.apache.org/job/PreCommit-HIVE-Build/10959/testReport
Console output: https://builds.apache.org/job/PreCommit-HIVE-Build/10959/console
Test logs: http://104.198.109.242/logs/PreCommit-HIVE-Build-10959/

Messages:
{noformat}
Executing org.apache.hive.ptest.execution.TestCheckPhase
Executing org.apache.hive.ptest.execution.PrepPhase
Executing org.apache.hive.ptest.execution.YetusPhase
Executing org.apache.hive.ptest.execution.ExecutionPhase
Executing org.apache.hive.ptest.execution.ReportingPhase
Tests exited with: TestsFailedException: 2 tests failed
{noformat}

This message is automatically generated.

ATTACHMENT ID: 12923374 - PreCommit-HIVE-Build

New RB at https://reviews.apache.org/r/67138/
[~teddy.choi], can you review?



Here are the results of testing the latest attachment:
https://issues.apache.org/jira/secure/attachment/12923374/HIVE-4367.3.patch

{color:red}ERROR:{color} -1 due to build exiting with an error

Test results: https://builds.apache.org/job/PreCommit-HIVE-Build/10974/testReport
Console output: https://builds.apache.org/job/PreCommit-HIVE-Build/10974/console
Test logs: http://104.198.109.242/logs/PreCommit-HIVE-Build-10974/

Messages:
{noformat}
Executing org.apache.hive.ptest.execution.TestCheckPhase
Tests exited with: Exception: Patch URL https://issues.apache.org/jira/secure/attachment/12923374/HIVE-4367.3.patch was found in seen patch url's cache and a test was probably run already on it. Aborting...
{noformat}

This message is automatically generated.

ATTACHMENT ID: 12923374 - PreCommit-HIVE-Build

+1 LGTM. Pending tests.

| (x) *{color:red}-1 overall{color}* |
\\
\\
|| Vote || Subsystem || Runtime || Comment ||
|| || || || {color:brown} Prechecks {color} ||
| {color:green}+1{color} | {color:green} @author {color} | {color:green}  0m  0s{color} | {color:green} The patch does not contain any @author tags. {color} |
|| || || || {color:brown} master Compile Tests {color} ||
| {color:blue}0{color} | {color:blue} mvndep {color} | {color:blue}  0m 37s{color} | {color:blue} Maven dependency ordering for branch {color} |
| {color:green}+1{color} | {color:green} mvninstall {color} | {color:green}  7m 13s{color} | {color:green} master passed {color} |
| {color:green}+1{color} | {color:green} compile {color} | {color:green}  1m  5s{color} | {color:green} master passed {color} |
| {color:green}+1{color} | {color:green} checkstyle {color} | {color:green}  0m 44s{color} | {color:green} master passed {color} |
| {color:blue}0{color} | {color:blue} findbugs {color} | {color:blue}  3m 57s{color} | {color:blue} ql in master has 2282 extant Findbugs warnings. {color} |
| {color:green}+1{color} | {color:green} javadoc {color} | {color:green}  0m 56s{color} | {color:green} master passed {color} |
|| || || || {color:brown} Patch Compile Tests {color} ||
| {color:blue}0{color} | {color:blue} mvndep {color} | {color:blue}  0m  9s{color} | {color:blue} Maven dependency ordering for patch {color} |
| {color:green}+1{color} | {color:green} mvninstall {color} | {color:green}  1m 23s{color} | {color:green} the patch passed {color} |
| {color:green}+1{color} | {color:green} compile {color} | {color:green}  1m  2s{color} | {color:green} the patch passed {color} |
| {color:green}+1{color} | {color:green} javac {color} | {color:green}  1m  2s{color} | {color:green} the patch passed {color} |
| {color:green}+1{color} | {color:green} checkstyle {color} | {color:green}  0m 41s{color} | {color:green} the patch passed {color} |
| {color:green}+1{color} | {color:green} whitespace {color} | {color:green}  0m  0s{color} | {color:green} The patch has no whitespace issues. {color} |
| {color:red}-1{color} | {color:red} findbugs {color} | {color:red}  4m 15s{color} | {color:red} ql generated 3 new + 2278 unchanged - 4 fixed = 2281 total (was 2282) {color} |
| {color:green}+1{color} | {color:green} javadoc {color} | {color:green}  0m 55s{color} | {color:green} the patch passed {color} |
|| || || || {color:brown} Other Tests {color} ||
| {color:green}+1{color} | {color:green} asflicense {color} | {color:green}  0m 13s{color} | {color:green} The patch does not generate ASF License warnings. {color} |
| {color:black}{color} | {color:black} {color} | {color:black} 23m 45s{color} | {color:black} {color} |
\\
\\
|| Reason || Tests ||
| FindBugs | module:ql |
|  |  Should org.apache.hadoop.hive.ql.parse.HiveParser$DFA227 be a _static_ inner class?  At HiveParser.java:inner class?  At HiveParser.java:[lines 46224-46237] |
|  |  Should org.apache.hadoop.hive.ql.parse.HiveParser$DFA271 be a _static_ inner class?  At HiveParser.java:inner class?  At HiveParser.java:[lines 46561-46574] |
|  |  Should org.apache.hadoop.hive.ql.parse.HiveParser$DFA286 be a _static_ inner class?  At HiveParser.java:inner class?  At HiveParser.java:[lines 46697-46710] |
\\
\\
|| Subsystem || Report/Notes ||
| Optional Tests |  asflicense  javac  javadoc  findbugs  checkstyle  compile  |
| uname | Linux hiveptest-server-upstream 3.16.0-4-amd64 #1 SMP Debian 3.16.36-1+deb8u1 (2016-09-03) x86_64 GNU/Linux |
| Build tool | maven |
| Personality | /data/hiveptest/working/yetus_PreCommit-HIVE-Build-12004/dev-support/hive-personality.sh |
| git revision | master / 23d2b80 |
| Default Java | 1.8.0_111 |
| findbugs | v3.0.0 |
| findbugs | http://104.198.109.242/logs//PreCommit-HIVE-Build-12004/yetus/new-findbugs-ql.html |
| modules | C: itests ql U: . |
| Console output | http://104.198.109.242/logs//PreCommit-HIVE-Build-12004/yetus.txt |
| Powered by | Apache Yetus    http://yetus.apache.org |


This message was automatically generated.





Here are the results of testing the latest attachment:
https://issues.apache.org/jira/secure/attachment/12928650/HIVE-4367.4.patch

{color:green}SUCCESS:{color} +1 due to 1 test(s) being added or modified.

{color:red}ERROR:{color} -1 due to 1 failed/errored test(s), 14591 tests executed
*Failed tests:*
{noformat}
org.apache.hadoop.hive.cli.TestMiniDruidKafkaCliDriver.testCliDriver[druidkafkamini_basic] (batchId=258)
{noformat}

Test results: https://builds.apache.org/job/PreCommit-HIVE-Build/12004/testReport
Console output: https://builds.apache.org/job/PreCommit-HIVE-Build/12004/console
Test logs: http://104.198.109.242/logs/PreCommit-HIVE-Build-12004/

Messages:
{noformat}
Executing org.apache.hive.ptest.execution.TestCheckPhase
Executing org.apache.hive.ptest.execution.PrepPhase
Executing org.apache.hive.ptest.execution.YetusPhase
Executing org.apache.hive.ptest.execution.ExecutionPhase
Executing org.apache.hive.ptest.execution.ReportingPhase
Tests exited with: TestsFailedException: 1 tests failed
{noformat}

This message is automatically generated.

ATTACHMENT ID: 12928650 - PreCommit-HIVE-Build



Here are the results of testing the latest attachment:
https://issues.apache.org/jira/secure/attachment/12928967/HIVE-4367.5.patch

{color:red}ERROR:{color} -1 due to build exiting with an error

Test results: https://builds.apache.org/job/PreCommit-HIVE-Build/12080/testReport
Console output: https://builds.apache.org/job/PreCommit-HIVE-Build/12080/console
Test logs: http://104.198.109.242/logs/PreCommit-HIVE-Build-12080/

Messages:
{noformat}
Executing org.apache.hive.ptest.execution.TestCheckPhase
Executing org.apache.hive.ptest.execution.PrepPhase
Tests exited with: NonZeroExitCodeException
Command 'bash /data/hiveptest/working/scratch/source-prep.sh' failed with exit status 1 and output '+ date '+%Y-%m-%d %T.%3N'
2018-06-25 08:44:39.481
+ [[ -n /usr/lib/jvm/java-8-openjdk-amd64 ]]
+ export JAVA_HOME=/usr/lib/jvm/java-8-openjdk-amd64
+ JAVA_HOME=/usr/lib/jvm/java-8-openjdk-amd64
+ export PATH=/usr/lib/jvm/java-8-openjdk-amd64/bin/:/usr/local/bin:/usr/bin:/bin:/usr/local/games:/usr/games
+ PATH=/usr/lib/jvm/java-8-openjdk-amd64/bin/:/usr/local/bin:/usr/bin:/bin:/usr/local/games:/usr/games
+ export 'ANT_OPTS=-Xmx1g -XX:MaxPermSize=256m '
+ ANT_OPTS='-Xmx1g -XX:MaxPermSize=256m '
+ export 'MAVEN_OPTS=-Xmx1g '
+ MAVEN_OPTS='-Xmx1g '
+ cd /data/hiveptest/working/
+ tee /data/hiveptest/logs/PreCommit-HIVE-Build-12080/source-prep.txt
+ [[ false == \t\r\u\e ]]
+ mkdir -p maven ivy
+ [[ git = \s\v\n ]]
+ [[ git = \g\i\t ]]
+ [[ -z master ]]
+ [[ -d apache-github-source-source ]]
+ [[ ! -d apache-github-source-source/.git ]]
+ [[ ! -d apache-github-source-source ]]
+ date '+%Y-%m-%d %T.%3N'
2018-06-25 08:44:39.485
+ cd apache-github-source-source
+ git fetch origin
+ git reset --hard HEAD
HEAD is now at 2277661 HIVE-19922: TestMiniDruidKafkaCliDriver[druidkafkamini_basic] is flaky (Peter Vary, reviewed by Jason Dere)
+ git clean -f -d
+ git checkout master
Already on 'master'
Your branch is up-to-date with 'origin/master'.
+ git reset --hard origin/master
HEAD is now at 2277661 HIVE-19922: TestMiniDruidKafkaCliDriver[druidkafkamini_basic] is flaky (Peter Vary, reviewed by Jason Dere)
+ git merge --ff-only origin/master
Already up-to-date.
+ date '+%Y-%m-%d %T.%3N'
2018-06-25 08:44:40.067
+ rm -rf ../yetus_PreCommit-HIVE-Build-12080
+ mkdir ../yetus_PreCommit-HIVE-Build-12080
+ git gc
+ cp -R . ../yetus_PreCommit-HIVE-Build-12080
+ mkdir /data/hiveptest/logs/PreCommit-HIVE-Build-12080/yetus
+ patchCommandPath=/data/hiveptest/working/scratch/smart-apply-patch.sh
+ patchFilePath=/data/hiveptest/working/scratch/build.patch
+ [[ -f /data/hiveptest/working/scratch/build.patch ]]
+ chmod +x /data/hiveptest/working/scratch/smart-apply-patch.sh
+ /data/hiveptest/working/scratch/smart-apply-patch.sh /data/hiveptest/working/scratch/build.patch
error: a/itests/src/test/resources/testconfiguration.properties: does not exist in index
error: a/ql/src/java/org/apache/hadoop/hive/ql/parse/DDLSemanticAnalyzer.java: does not exist in index
error: a/ql/src/java/org/apache/hadoop/hive/ql/parse/HiveLexer.g: does not exist in index
error: a/ql/src/java/org/apache/hadoop/hive/ql/parse/HiveParser.g: does not exist in index
Going to apply patch with: git apply -p1
/data/hiveptest/working/scratch/build.patch:113: new blank line at EOF.
+
warning: 1 line adds whitespace errors.
+ [[ maven == \m\a\v\e\n ]]
+ rm -rf /data/hiveptest/working/maven/org/apache/hive
+ mvn -B clean install -DskipTests -T 4 -q -Dmaven.repo.local=/data/hiveptest/working/maven
protoc-jar: executing: [/tmp/protoc7919521676939762202.exe, --version]
libprotoc 2.5.0
protoc-jar: executing: [/tmp/protoc7919521676939762202.exe, -I/data/hiveptest/working/apache-github-source-source/standalone-metastore/src/main/protobuf/org/apache/hadoop/hive/metastore, --java_out=/data/hiveptest/working/apache-github-source-source/standalone-metastore/target/generated-sources, /data/hiveptest/working/apache-github-source-source/standalone-metastore/src/main/protobuf/org/apache/hadoop/hive/metastore/metastore.proto]
ANTLR Parser Generator  Version 3.5.2
Output file /data/hiveptest/working/apache-github-source-source/standalone-metastore/target/generated-sources/org/apache/hadoop/hive/metastore/parser/FilterParser.java does not exist: must build /data/hiveptest/working/apache-github-source-source/standalone-metastore/src/main/java/org/apache/hadoop/hive/metastore/parser/Filter.g
org/apache/hadoop/hive/metastore/parser/Filter.g
[ERROR] COMPILATION ERROR : 
[ERROR] /data/hiveptest/working/apache-github-source-source/serde/src/test/org/apache/hadoop/hive/serde2/io/TestTimestampWritable.java:[46,8] class TestTimestampWritableV2 is public, should be declared in a file named TestTimestampWritableV2.java
[ERROR] /data/hiveptest/working/apache-github-source-source/serde/src/test/org/apache/hadoop/hive/serde2/io/TestDateWritable.java:[48,8] class TestDateWritableV2 is public, should be declared in a file named TestDateWritableV2.java
[ERROR] Failed to execute goal org.apache.maven.plugins:maven-compiler-plugin:3.6.1:testCompile (default-testCompile) on project hive-serde: Compilation failure: Compilation failure:
[ERROR] /data/hiveptest/working/apache-github-source-source/serde/src/test/org/apache/hadoop/hive/serde2/io/TestTimestampWritable.java:[46,8] class TestTimestampWritableV2 is public, should be declared in a file named TestTimestampWritableV2.java
[ERROR] /data/hiveptest/working/apache-github-source-source/serde/src/test/org/apache/hadoop/hive/serde2/io/TestDateWritable.java:[48,8] class TestDateWritableV2 is public, should be declared in a file named TestDateWritableV2.java
[ERROR] -> [Help 1]
[ERROR] 
[ERROR] To see the full stack trace of the errors, re-run Maven with the -e switch.
[ERROR] Re-run Maven using the -X switch to enable full debug logging.
[ERROR] 
[ERROR] For more information about the errors and possible solutions, please read the following articles:
[ERROR] [Help 1] http://cwiki.apache.org/confluence/display/MAVEN/MojoFailureException
[ERROR] 
[ERROR] After correcting the problems, you can resume the build with the command
[ERROR]   mvn <goals> -rf :hive-serde
+ result=1
+ '[' 1 -ne 0 ']'
+ rm -rf yetus_PreCommit-HIVE-Build-12080
+ exit 1
'
{noformat}

This message is automatically generated.

ATTACHMENT ID: 12928967 - PreCommit-HIVE-Build

Attaching same patch again

| (x) *{color:red}-1 overall{color}* |
\\
\\
|| Vote || Subsystem || Runtime || Comment ||
|| || || || {color:brown} Prechecks {color} ||
| {color:green}+1{color} | {color:green} @author {color} | {color:green}  0m  0s{color} | {color:green} The patch does not contain any @author tags. {color} |
|| || || || {color:brown} master Compile Tests {color} ||
| {color:blue}0{color} | {color:blue} mvndep {color} | {color:blue}  1m  0s{color} | {color:blue} Maven dependency ordering for branch {color} |
| {color:green}+1{color} | {color:green} mvninstall {color} | {color:green}  5m 58s{color} | {color:green} master passed {color} |
| {color:green}+1{color} | {color:green} compile {color} | {color:green}  1m  3s{color} | {color:green} master passed {color} |
| {color:green}+1{color} | {color:green} checkstyle {color} | {color:green}  0m 39s{color} | {color:green} master passed {color} |
| {color:blue}0{color} | {color:blue} findbugs {color} | {color:blue}  3m 48s{color} | {color:blue} ql in master has 2287 extant Findbugs warnings. {color} |
| {color:green}+1{color} | {color:green} javadoc {color} | {color:green}  0m 54s{color} | {color:green} master passed {color} |
|| || || || {color:brown} Patch Compile Tests {color} ||
| {color:blue}0{color} | {color:blue} mvndep {color} | {color:blue}  0m 24s{color} | {color:blue} Maven dependency ordering for patch {color} |
| {color:green}+1{color} | {color:green} mvninstall {color} | {color:green}  1m 21s{color} | {color:green} the patch passed {color} |
| {color:green}+1{color} | {color:green} compile {color} | {color:green}  1m  1s{color} | {color:green} the patch passed {color} |
| {color:green}+1{color} | {color:green} javac {color} | {color:green}  1m  1s{color} | {color:green} the patch passed {color} |
| {color:green}+1{color} | {color:green} checkstyle {color} | {color:green}  0m 38s{color} | {color:green} the patch passed {color} |
| {color:green}+1{color} | {color:green} whitespace {color} | {color:green}  0m  0s{color} | {color:green} The patch has no whitespace issues. {color} |
| {color:red}-1{color} | {color:red} findbugs {color} | {color:red}  3m 51s{color} | {color:red} ql generated 3 new + 2283 unchanged - 4 fixed = 2286 total (was 2287) {color} |
| {color:green}+1{color} | {color:green} javadoc {color} | {color:green}  0m 54s{color} | {color:green} the patch passed {color} |
|| || || || {color:brown} Other Tests {color} ||
| {color:green}+1{color} | {color:green} asflicense {color} | {color:green}  0m 12s{color} | {color:green} The patch does not generate ASF License warnings. {color} |
| {color:black}{color} | {color:black} {color} | {color:black} 22m  7s{color} | {color:black} {color} |
\\
\\
|| Reason || Tests ||
| FindBugs | module:ql |
|  |  Should org.apache.hadoop.hive.ql.parse.HiveParser$DFA227 be a _static_ inner class?  At HiveParser.java:inner class?  At HiveParser.java:[lines 46224-46237] |
|  |  Should org.apache.hadoop.hive.ql.parse.HiveParser$DFA271 be a _static_ inner class?  At HiveParser.java:inner class?  At HiveParser.java:[lines 46561-46574] |
|  |  Should org.apache.hadoop.hive.ql.parse.HiveParser$DFA286 be a _static_ inner class?  At HiveParser.java:inner class?  At HiveParser.java:[lines 46697-46710] |
\\
\\
|| Subsystem || Report/Notes ||
| Optional Tests |  asflicense  javac  javadoc  findbugs  checkstyle  compile  |
| uname | Linux hiveptest-server-upstream 3.16.0-4-amd64 #1 SMP Debian 3.16.36-1+deb8u1 (2016-09-03) x86_64 GNU/Linux |
| Build tool | maven |
| Personality | /data/hiveptest/working/yetus_PreCommit-HIVE-Build-12283/dev-support/hive-personality.sh |
| git revision | master / 6acd74c |
| Default Java | 1.8.0_111 |
| findbugs | v3.0.0 |
| findbugs | http://104.198.109.242/logs//PreCommit-HIVE-Build-12283/yetus/new-findbugs-ql.html |
| modules | C: ql itests U: . |
| Console output | http://104.198.109.242/logs//PreCommit-HIVE-Build-12283/yetus.txt |
| Powered by | Apache Yetus    http://yetus.apache.org |


This message was automatically generated.





Here are the results of testing the latest attachment:
https://issues.apache.org/jira/secure/attachment/12929614/HIVE-4367.6.patch

{color:green}SUCCESS:{color} +1 due to 1 test(s) being added or modified.

{color:red}ERROR:{color} -1 due to 9 failed/errored test(s), 14636 tests executed
*Failed tests:*
{noformat}
org.apache.hive.jdbc.TestTriggersWorkloadManager.testMultipleTriggers2 (batchId=247)
org.apache.hive.jdbc.TestTriggersWorkloadManager.testTriggerCustomCreatedDynamicPartitions (batchId=247)
org.apache.hive.jdbc.TestTriggersWorkloadManager.testTriggerCustomCreatedDynamicPartitionsMultiInsert (batchId=247)
org.apache.hive.jdbc.TestTriggersWorkloadManager.testTriggerCustomCreatedDynamicPartitionsUnionAll (batchId=247)
org.apache.hive.jdbc.TestTriggersWorkloadManager.testTriggerCustomCreatedFiles (batchId=247)
org.apache.hive.jdbc.TestTriggersWorkloadManager.testTriggerCustomNonExistent (batchId=247)
org.apache.hive.jdbc.TestTriggersWorkloadManager.testTriggerHighBytesRead (batchId=247)
org.apache.hive.jdbc.TestTriggersWorkloadManager.testTriggerHighShuffleBytes (batchId=247)
org.apache.hive.jdbc.TestTriggersWorkloadManager.testTriggerVertexRawInputSplitsNoKill (batchId=247)
{noformat}

Test results: https://builds.apache.org/job/PreCommit-HIVE-Build/12283/testReport
Console output: https://builds.apache.org/job/PreCommit-HIVE-Build/12283/console
Test logs: http://104.198.109.242/logs/PreCommit-HIVE-Build-12283/

Messages:
{noformat}
Executing org.apache.hive.ptest.execution.TestCheckPhase
Executing org.apache.hive.ptest.execution.PrepPhase
Executing org.apache.hive.ptest.execution.YetusPhase
Executing org.apache.hive.ptest.execution.ExecutionPhase
Executing org.apache.hive.ptest.execution.ReportingPhase
Tests exited with: TestsFailedException: 9 tests failed
{noformat}

This message is automatically generated.

ATTACHMENT ID: 12929614 - PreCommit-HIVE-Build

| (x) *{color:red}-1 overall{color}* |
\\
\\
|| Vote || Subsystem || Runtime || Comment ||
|| || || || {color:brown} Prechecks {color} ||
| {color:green}+1{color} | {color:green} @author {color} | {color:green}  0m  0s{color} | {color:green} The patch does not contain any @author tags. {color} |
|| || || || {color:brown} master Compile Tests {color} ||
| {color:blue}0{color} | {color:blue} mvndep {color} | {color:blue}  0m 42s{color} | {color:blue} Maven dependency ordering for branch {color} |
| {color:green}+1{color} | {color:green} mvninstall {color} | {color:green}  7m 53s{color} | {color:green} master passed {color} |
| {color:green}+1{color} | {color:green} compile {color} | {color:green}  1m  8s{color} | {color:green} master passed {color} |
| {color:green}+1{color} | {color:green} checkstyle {color} | {color:green}  0m 42s{color} | {color:green} master passed {color} |
| {color:blue}0{color} | {color:blue} findbugs {color} | {color:blue}  4m  8s{color} | {color:blue} ql in master has 2281 extant Findbugs warnings. {color} |
| {color:green}+1{color} | {color:green} javadoc {color} | {color:green}  0m 58s{color} | {color:green} master passed {color} |
|| || || || {color:brown} Patch Compile Tests {color} ||
| {color:blue}0{color} | {color:blue} mvndep {color} | {color:blue}  0m  9s{color} | {color:blue} Maven dependency ordering for patch {color} |
| {color:green}+1{color} | {color:green} mvninstall {color} | {color:green}  1m 27s{color} | {color:green} the patch passed {color} |
| {color:green}+1{color} | {color:green} compile {color} | {color:green}  1m  7s{color} | {color:green} the patch passed {color} |
| {color:green}+1{color} | {color:green} javac {color} | {color:green}  1m  7s{color} | {color:green} the patch passed {color} |
| {color:green}+1{color} | {color:green} checkstyle {color} | {color:green}  0m 42s{color} | {color:green} the patch passed {color} |
| {color:green}+1{color} | {color:green} whitespace {color} | {color:green}  0m  0s{color} | {color:green} The patch has no whitespace issues. {color} |
| {color:red}-1{color} | {color:red} findbugs {color} | {color:red}  4m 18s{color} | {color:red} ql generated 3 new + 2277 unchanged - 4 fixed = 2280 total (was 2281) {color} |
| {color:green}+1{color} | {color:green} javadoc {color} | {color:green}  1m  1s{color} | {color:green} the patch passed {color} |
|| || || || {color:brown} Other Tests {color} ||
| {color:green}+1{color} | {color:green} asflicense {color} | {color:green}  0m 14s{color} | {color:green} The patch does not generate ASF License warnings. {color} |
| {color:black}{color} | {color:black} {color} | {color:black} 25m  0s{color} | {color:black} {color} |
\\
\\
|| Reason || Tests ||
| FindBugs | module:ql |
|  |  Should org.apache.hadoop.hive.ql.parse.HiveParser$DFA227 be a _static_ inner class?  At HiveParser.java:inner class?  At HiveParser.java:[lines 46266-46279] |
|  |  Should org.apache.hadoop.hive.ql.parse.HiveParser$DFA271 be a _static_ inner class?  At HiveParser.java:inner class?  At HiveParser.java:[lines 46616-46629] |
|  |  Should org.apache.hadoop.hive.ql.parse.HiveParser$DFA286 be a _static_ inner class?  At HiveParser.java:inner class?  At HiveParser.java:[lines 46752-46765] |
\\
\\
|| Subsystem || Report/Notes ||
| Optional Tests |  asflicense  javac  javadoc  findbugs  checkstyle  compile  |
| uname | Linux hiveptest-server-upstream 3.16.0-4-amd64 #1 SMP Debian 3.16.36-1+deb8u1 (2016-09-03) x86_64 GNU/Linux |
| Build tool | maven |
| Personality | /data/hiveptest/working/yetus_PreCommit-HIVE-Build-12732/dev-support/hive-personality.sh |
| git revision | master / 851c8ab |
| Default Java | 1.8.0_111 |
| findbugs | v3.0.0 |
| findbugs | http://104.198.109.242/logs//PreCommit-HIVE-Build-12732/yetus/new-findbugs-ql.html |
| modules | C: itests ql U: . |
| Console output | http://104.198.109.242/logs//PreCommit-HIVE-Build-12732/yetus.txt |
| Powered by | Apache Yetus    http://yetus.apache.org |


This message was automatically generated.





Here are the results of testing the latest attachment:
https://issues.apache.org/jira/secure/attachment/12932314/HIVE-4367.7.patch

{color:green}SUCCESS:{color} +1 due to 1 test(s) being added or modified.

{color:green}SUCCESS:{color} +1 due to 14680 tests passed

Test results: https://builds.apache.org/job/PreCommit-HIVE-Build/12732/testReport
Console output: https://builds.apache.org/job/PreCommit-HIVE-Build/12732/console
Test logs: http://104.198.109.242/logs/PreCommit-HIVE-Build-12732/

Messages:
{noformat}
Executing org.apache.hive.ptest.execution.TestCheckPhase
Executing org.apache.hive.ptest.execution.PrepPhase
Executing org.apache.hive.ptest.execution.YetusPhase
Executing org.apache.hive.ptest.execution.ExecutionPhase
Executing org.apache.hive.ptest.execution.ReportingPhase
{noformat}

This message is automatically generated.

ATTACHMENT ID: 12932314 - PreCommit-HIVE-Build

Committed to master

