Posted on rb: https://reviews.apache.org/r/52079/



Here are the results of testing the latest attachment:
https://issues.apache.org/jira/secure/attachment/12831326/HIVE-14753.patch

{color:green}SUCCESS:{color} +1 due to 3 test(s) being added or modified.

{color:red}ERROR:{color} -1 due to 6 failed/errored test(s), 10663 tests executed
*Failed tests:*
{noformat}
org.apache.hadoop.hive.cli.TestCliDriver.testCliDriver[acid_mapjoin]
org.apache.hadoop.hive.cli.TestCliDriver.testCliDriver[ctas]
org.apache.hadoop.hive.cli.TestCliDriver.testCliDriver[vector_join_part_col_char]
org.apache.hadoop.hive.cli.TestMiniTezCliDriver.testCliDriver[explainuser_3]
org.apache.hadoop.hive.metastore.TestMetaStoreMetrics.testMetaDataCounts
org.apache.hive.jdbc.TestJdbcWithMiniHS2.testAddJarConstructorUnCaching
{noformat}

Test results: https://builds.apache.org/job/PreCommit-HIVE-Build/1373/testReport
Console output: https://builds.apache.org/job/PreCommit-HIVE-Build/1373/console
Test logs: http://ec2-204-236-174-241.us-west-1.compute.amazonaws.com/logs/PreCommit-HIVE-Build-1373/

Messages:
{noformat}
Executing org.apache.hive.ptest.execution.TestCheckPhase
Executing org.apache.hive.ptest.execution.PrepPhase
Executing org.apache.hive.ptest.execution.ExecutionPhase
Executing org.apache.hive.ptest.execution.ReportingPhase
Tests exited with: TestsFailedException: 6 tests failed
{noformat}

This message is automatically generated.

ATTACHMENT ID: 12831326 - PreCommit-HIVE-Build

Hi [~szehon],
if you have the time do you think you could review my patch? I think you are very familiar with the metrics API, so the changes should be straightforward to follow.
Thanks!

Thanks for the review [~szehon], I hope I understood your requests correctly.

Waiting for a patch from [~kuczoram] before I submit my patch as I will probably have to do a rebase.(We are modifying the same test class).

Rebased the patch as TestSessionManagerMetrics has changed.
Made changes to the test to prevent race conditions from introduce flaky test failures.

Reuploading as the tests were not triggered for some reason.



Here are the results of testing the latest attachment:
https://issues.apache.org/jira/secure/attachment/12834118/HIVE-14753.2.patch

{color:green}SUCCESS:{color} +1 due to 3 test(s) being added or modified.

{color:red}ERROR:{color} -1 due to 6 failed/errored test(s), 10576 tests executed
*Failed tests:*
{noformat}
TestBeelineWithHS2ConnectionFile - did not produce a TEST-*.xml file (likely timed out) (batchId=199)
org.apache.hadoop.hive.cli.TestCliDriver.testCliDriver[acid_globallimit] (batchId=27)
org.apache.hive.beeline.TestBeelineArgParsing.testAddLocalJarWithoutAddDriverClazz[0] (batchId=157)
org.apache.hive.beeline.TestBeelineArgParsing.testAddLocalJar[0] (batchId=157)
org.apache.hive.beeline.TestBeelineArgParsing.testAddLocalJar[1] (batchId=157)
org.apache.hive.service.cli.session.TestSessionManagerMetrics.testActiveSessionTimeMetrics (batchId=176)
{noformat}

Test results: https://builds.apache.org/job/PreCommit-HIVE-Build/1658/testReport
Console output: https://builds.apache.org/job/PreCommit-HIVE-Build/1658/console
Test logs: http://104.198.109.242/logs/PreCommit-HIVE-Build-1658/

Messages:
{noformat}
Executing org.apache.hive.ptest.execution.TestCheckPhase
Executing org.apache.hive.ptest.execution.PrepPhase
Executing org.apache.hive.ptest.execution.ExecutionPhase
Executing org.apache.hive.ptest.execution.ReportingPhase
Tests exited with: TestsFailedException: 6 tests failed
{noformat}

This message is automatically generated.

ATTACHMENT ID: 12834118 - PreCommit-HIVE-Build

Investigating why TestSessionManagerMetrics.testActiveSessionTimeMetrics failed, it shouldn't be flaky or failing.

Fixed flaky unit tests (did not update review board).



Here are the results of testing the latest attachment:
https://issues.apache.org/jira/secure/attachment/12834184/HIVE-14753.3.patch

{color:green}SUCCESS:{color} +1 due to 3 test(s) being added or modified.

{color:red}ERROR:{color} -1 due to 11 failed/errored test(s), 10581 tests executed
*Failed tests:*
{noformat}
TestBeelineWithHS2ConnectionFile - did not produce a TEST-*.xml file (likely timed out) (batchId=199)
org.apache.hadoop.hive.cli.TestAccumuloCliDriver.testCliDriver[accumulo_custom_key2] (batchId=208)
org.apache.hadoop.hive.cli.TestAccumuloCliDriver.testCliDriver[accumulo_custom_key] (batchId=208)
org.apache.hadoop.hive.cli.TestAccumuloCliDriver.testCliDriver[accumulo_joins] (batchId=208)
org.apache.hadoop.hive.cli.TestAccumuloCliDriver.testCliDriver[accumulo_predicate_pushdown] (batchId=208)
org.apache.hadoop.hive.cli.TestAccumuloCliDriver.testCliDriver[accumulo_queries] (batchId=208)
org.apache.hadoop.hive.cli.TestAccumuloCliDriver.testCliDriver[accumulo_single_sourced_multi_insert] (batchId=208)
org.apache.hadoop.hive.cli.TestCliDriver.testCliDriver[index_auto_partitioned] (batchId=10)
org.apache.hive.beeline.TestBeelineArgParsing.testAddLocalJarWithoutAddDriverClazz[0] (batchId=157)
org.apache.hive.beeline.TestBeelineArgParsing.testAddLocalJar[0] (batchId=157)
org.apache.hive.beeline.TestBeelineArgParsing.testAddLocalJar[1] (batchId=157)
{noformat}

Test results: https://builds.apache.org/job/PreCommit-HIVE-Build/1667/testReport
Console output: https://builds.apache.org/job/PreCommit-HIVE-Build/1667/console
Test logs: http://104.198.109.242/logs/PreCommit-HIVE-Build-1667/

Messages:
{noformat}
Executing org.apache.hive.ptest.execution.TestCheckPhase
Executing org.apache.hive.ptest.execution.PrepPhase
Executing org.apache.hive.ptest.execution.ExecutionPhase
Executing org.apache.hive.ptest.execution.ReportingPhase
Tests exited with: TestsFailedException: 11 tests failed
{noformat}

This message is automatically generated.

ATTACHMENT ID: 12834184 - PreCommit-HIVE-Build



Here are the results of testing the latest attachment:
https://issues.apache.org/jira/secure/attachment/12834355/HIVE-14753.3.patch

{color:green}SUCCESS:{color} +1 due to 3 test(s) being added or modified.

{color:red}ERROR:{color} -1 due to 3 failed/errored test(s), 10575 tests executed
*Failed tests:*
{noformat}
org.apache.hive.beeline.TestBeelineArgParsing.testAddLocalJarWithoutAddDriverClazz[0] (batchId=164)
org.apache.hive.beeline.TestBeelineArgParsing.testAddLocalJar[0] (batchId=164)
org.apache.hive.beeline.TestBeelineArgParsing.testAddLocalJar[1] (batchId=164)
{noformat}

Test results: https://builds.apache.org/job/PreCommit-HIVE-Build/1692/testReport
Console output: https://builds.apache.org/job/PreCommit-HIVE-Build/1692/console
Test logs: http://104.198.109.242/logs/PreCommit-HIVE-Build-1692/

Messages:
{noformat}
Executing org.apache.hive.ptest.execution.TestCheckPhase
Executing org.apache.hive.ptest.execution.PrepPhase
Executing org.apache.hive.ptest.execution.ExecutionPhase
Executing org.apache.hive.ptest.execution.ReportingPhase
Tests exited with: TestsFailedException: 3 tests failed
{noformat}

This message is automatically generated.

ATTACHMENT ID: 12834355 - PreCommit-HIVE-Build

Failures are not related and are being handled in a different Jira:
https://issues.apache.org/jira/browse/HIVE-14964

Sorry for delay, +1 to me

Committed to master, thanks Barna for the contribution!

Should the wiki be updated for this?

* [Hive Metrics | https://cwiki.apache.org/confluence/display/Hive/Hive+Metrics]

Yes, it should, I updated the wiki.
Thank you for reminding me [~leftylev].

Looks good, thanks for the doc.

