The test is flaky.
See: http://ci.hive.apache.org/job/hive-flaky-check/569/

{code}
09:29:59  [INFO] Running org.apache.hadoop.hive.ql.exec.tez.TestWorkloadManager
09:30:17  [ERROR] Tests run: 19, Failures: 1, Errors: 0, Skipped: 0, Time elapsed: 15.357 s <<< FAILURE! - in org.apache.hadoop.hive.ql.exec.tez.TestWorkloadManager
09:30:17  [ERROR] org.apache.hadoop.hive.ql.exec.tez.TestWorkloadManager.testAsyncSessionInitFailures  Time elapsed: 0.463 s  <<< FAILURE!
09:30:17  java.lang.AssertionError: expected:<0> but was:<1>
09:30:17  	at org.junit.Assert.fail(Assert.java:89)
09:30:17  	at org.junit.Assert.failNotEquals(Assert.java:835)
09:30:17  	at org.junit.Assert.assertEquals(Assert.java:647)
09:30:17  	at org.junit.Assert.assertEquals(Assert.java:633)
09:30:17  	at org.apache.hadoop.hive.ql.exec.tez.TestWorkloadManager.testAsyncSessionInitFailures(TestWorkloadManager.java:1289)
09:30:17  	at sun.reflect.NativeMethodAccessorImpl.invoke0(Native Method)
09:30:17  	at sun.reflect.NativeMethodAccessorImpl.invoke(NativeMethodAccessorImpl.java:62)
09:30:17  	at sun.reflect.DelegatingMethodAccessorImpl.invoke(DelegatingMethodAccessorImpl.java:43)
09:30:17  	at java.lang.reflect.Method.invoke(Method.java:498)
09:30:17  	at org.junit.runners.model.FrameworkMethod$1.runReflectiveCall(FrameworkMethod.java:59)
09:30:17  	at org.junit.internal.runners.model.ReflectiveCallable.run(ReflectiveCallable.java:12)
09:30:17  	at org.junit.runners.model.FrameworkMethod.invokeExplosively(FrameworkMethod.java:56)
09:30:17  	at org.junit.internal.runners.statements.InvokeMethod.evaluate(InvokeMethod.java:17)
09:30:17  	at org.junit.internal.runners.statements.FailOnTimeout$CallableStatement.call(FailOnTimeout.java:288)
09:30:17  	at org.junit.internal.runners.statements.FailOnTimeout$CallableStatement.call(FailOnTimeout.java:282)
09:30:17  	at java.util.concurrent.FutureTask.run(FutureTask.java:266)
09:30:17  	at java.lang.Thread.run(Thread.java:748)
{code}