cc [~sseth]

same patch after rebase



Here are the results of testing the latest attachment:
https://issues.apache.org/jira/secure/attachment/12832840/HIVE-14921.1.patch

{color:red}ERROR:{color} -1 due to no test(s) being added or modified.

{color:red}ERROR:{color} -1 due to 7 failed/errored test(s), 10601 tests executed
*Failed tests:*
{noformat}
org.apache.hadoop.hive.cli.TestCliDriver.testCliDriver[reloadJar]
org.apache.hadoop.hive.cli.TestMiniLlapLocalCliDriver.testCliDriver[alter_table_invalidate_column_stats]
org.apache.hadoop.hive.cli.TestMiniLlapLocalCliDriver.testCliDriver[columnstats_part_coltype]
org.apache.hadoop.hive.cli.TestMiniLlapLocalCliDriver.testCliDriver[newline]
org.apache.hadoop.hive.cli.TestMiniLlapLocalCliDriver.testCliDriver[orc_merge10]
org.apache.hadoop.hive.cli.TestMiniLlapLocalCliDriver.testCliDriver[union_fast_stats]
org.apache.hadoop.hive.cli.TestSparkNegativeCliDriver.org.apache.hadoop.hive.cli.TestSparkNegativeCliDriver
{noformat}

Test results: https://builds.apache.org/job/PreCommit-HIVE-Build/1508/testReport
Console output: https://builds.apache.org/job/PreCommit-HIVE-Build/1508/console
Test logs: http://ec2-204-236-174-241.us-west-1.compute.amazonaws.com/logs/PreCommit-HIVE-Build-1508/

Messages:
{noformat}
Executing org.apache.hive.ptest.execution.TestCheckPhase
Executing org.apache.hive.ptest.execution.PrepPhase
Executing org.apache.hive.ptest.execution.ExecutionPhase
Executing org.apache.hive.ptest.execution.ReportingPhase
Tests exited with: TestsFailedException: 7 tests failed
{noformat}

This message is automatically generated.

ATTACHMENT ID: 12832840 - PreCommit-HIVE-Build



Here are the results of testing the latest attachment:
https://issues.apache.org/jira/secure/attachment/12832981/HIVE-14921.2.patch

{color:red}ERROR:{color} -1 due to build exiting with an error

Test results: https://builds.apache.org/job/PreCommit-HIVE-Build/1522/testReport
Console output: https://builds.apache.org/job/PreCommit-HIVE-Build/1522/console
Test logs: http://ec2-204-236-174-241.us-west-1.compute.amazonaws.com/logs/PreCommit-HIVE-Build-1522/

Messages:
{noformat}
Executing org.apache.hive.ptest.execution.TestCheckPhase
Executing org.apache.hive.ptest.execution.PrepPhase
Tests exited with: NonZeroExitCodeException
Command 'bash /data/hive-ptest/working/scratch/source-prep.sh' failed with exit status 1 and output '+ date '+%Y-%m-%d %T.%3N'
2016-10-13 07:36:44.443
+ [[ -n /usr/java/jdk1.8.0_25 ]]
+ export JAVA_HOME=/usr/java/jdk1.8.0_25
+ JAVA_HOME=/usr/java/jdk1.8.0_25
+ export PATH=/usr/java/jdk1.8.0_25/bin/:/usr/local/bin:/usr/bin:/bin:/usr/local/games:/usr/games
+ PATH=/usr/java/jdk1.8.0_25/bin/:/usr/local/bin:/usr/bin:/bin:/usr/local/games:/usr/games
+ export 'ANT_OPTS=-Xmx1g -XX:MaxPermSize=256m '
+ ANT_OPTS='-Xmx1g -XX:MaxPermSize=256m '
+ export 'M2_OPTS=-Xmx1g -XX:MaxPermSize=256m -Dhttp.proxyHost=localhost -Dhttp.proxyPort=3128'
+ M2_OPTS='-Xmx1g -XX:MaxPermSize=256m -Dhttp.proxyHost=localhost -Dhttp.proxyPort=3128'
+ cd /data/hive-ptest/working/
+ tee /data/hive-ptest/logs/PreCommit-HIVE-Build-1522/source-prep.txt
+ [[ false == \t\r\u\e ]]
+ mkdir -p maven ivy
+ [[ git = \s\v\n ]]
+ [[ git = \g\i\t ]]
+ [[ -z master ]]
+ [[ -d apache-github-source-source ]]
+ [[ ! -d apache-github-source-source/.git ]]
+ [[ ! -d apache-github-source-source ]]
+ date '+%Y-%m-%d %T.%3N'
2016-10-13 07:36:44.445
+ cd apache-github-source-source
+ git fetch origin
+ git reset --hard HEAD
HEAD is now at f9843ac HIVE-14928 Analyze table no scan mess up schema (Jimmy Xiang, reviewed by Prasanth Jayachandran)
+ git clean -f -d
Removing llap-server/src/main/resources/argparse.py
+ git checkout master
Already on 'master'
Your branch is up-to-date with 'origin/master'.
+ git reset --hard origin/master
HEAD is now at f9843ac HIVE-14928 Analyze table no scan mess up schema (Jimmy Xiang, reviewed by Prasanth Jayachandran)
+ git merge --ff-only origin/master
Already up-to-date.
+ date '+%Y-%m-%d %T.%3N'
2016-10-13 07:36:45.423
+ patchCommandPath=/data/hive-ptest/working/scratch/smart-apply-patch.sh
+ patchFilePath=/data/hive-ptest/working/scratch/build.patch
+ [[ -f /data/hive-ptest/working/scratch/build.patch ]]
+ chmod +x /data/hive-ptest/working/scratch/smart-apply-patch.sh
+ /data/hive-ptest/working/scratch/smart-apply-patch.sh /data/hive-ptest/working/scratch/build.patch
fatal: git diff header lacks filename information when removing 0 leading pathname components (line 4)
The patch does not appear to apply with p0, p1, or p2
+ exit 1
'
{noformat}

This message is automatically generated.

ATTACHMENT ID: 12832981 - PreCommit-HIVE-Build



Here are the results of testing the latest attachment:
https://issues.apache.org/jira/secure/attachment/12833062/HIVE-14921.2.patch

{color:red}ERROR:{color} -1 due to no test(s) being added or modified.

{color:red}ERROR:{color} -1 due to 3 failed/errored test(s), 10533 tests executed
*Failed tests:*
{noformat}
org.apache.hadoop.hive.cli.TestCliDriver.testCliDriver[reloadJar]
org.apache.hadoop.hive.cli.TestMiniLlapLocalCliDriver.testCliDriver[orc_merge10]
org.apache.hadoop.hive.cli.TestMiniLlapLocalCliDriver.testCliDriver[pcs]
{noformat}

Test results: https://builds.apache.org/job/PreCommit-HIVE-Build/1527/testReport
Console output: https://builds.apache.org/job/PreCommit-HIVE-Build/1527/console
Test logs: http://ec2-204-236-174-241.us-west-1.compute.amazonaws.com/logs/PreCommit-HIVE-Build-1527/

Messages:
{noformat}
Executing org.apache.hive.ptest.execution.TestCheckPhase
Executing org.apache.hive.ptest.execution.PrepPhase
Executing org.apache.hive.ptest.execution.ExecutionPhase
Executing org.apache.hive.ptest.execution.ReportingPhase
Tests exited with: TestsFailedException: 3 tests failed
{noformat}

This message is automatically generated.

ATTACHMENT ID: 12833062 - PreCommit-HIVE-Build

+1, looks good to me. Lets wait another run to see if the test failures are related. I think testCliDriver[reloadJar] failure was introduced recently.



Here are the results of testing the latest attachment:
https://issues.apache.org/jira/secure/attachment/12833204/HIVE-14921.3.patch

{color:red}ERROR:{color} -1 due to no test(s) being added or modified.

{color:red}ERROR:{color} -1 due to 8 failed/errored test(s), 10507 tests executed
*Failed tests:*
{noformat}
TestMiniLlapLocalCliDriver - did not produce a TEST-*.xml file
org.apache.hadoop.hive.cli.TestCliDriver.testCliDriver[acid_globallimit]
org.apache.hadoop.hive.cli.TestCliDriver.testCliDriver[reloadJar]
org.apache.hadoop.hive.cli.TestMiniLlapLocalCliDriver.testCliDriver[vector_adaptor_usage_mode]
org.apache.hive.beeline.TestBeelineArgParsing.testAddLocalJarWithoutAddDriverClazz[0]
org.apache.hive.beeline.TestBeelineArgParsing.testAddLocalJar[0]
org.apache.hive.beeline.TestBeelineArgParsing.testAddLocalJar[1]
org.apache.hive.jdbc.authorization.TestJdbcWithSQLAuthorization.testBlackListedUdfUsage
{noformat}

Test results: https://builds.apache.org/job/PreCommit-HIVE-Build/1557/testReport
Console output: https://builds.apache.org/job/PreCommit-HIVE-Build/1557/console
Test logs: http://104.198.109.242/logs/PreCommit-HIVE-Build-1557/

Messages:
{noformat}
Executing org.apache.hive.ptest.execution.TestCheckPhase
Executing org.apache.hive.ptest.execution.PrepPhase
Executing org.apache.hive.ptest.execution.ExecutionPhase
Executing org.apache.hive.ptest.execution.ReportingPhase
Tests exited with: TestsFailedException: 8 tests failed
{noformat}

This message is automatically generated.

ATTACHMENT ID: 12833204 - PreCommit-HIVE-Build



Here are the results of testing the latest attachment:
https://issues.apache.org/jira/secure/attachment/12833204/HIVE-14921.3.patch

{color:red}ERROR:{color} -1 due to no test(s) being added or modified.

{color:red}ERROR:{color} -1 due to 6 failed/errored test(s), 10510 tests executed
*Failed tests:*
{noformat}
org.apache.hadoop.hive.cli.TestCliDriver.org.apache.hadoop.hive.cli.TestCliDriver
org.apache.hadoop.hive.cli.TestCliDriver.testCliDriver[acid_globallimit]
org.apache.hive.beeline.TestBeelineArgParsing.testAddLocalJarWithoutAddDriverClazz[0]
org.apache.hive.beeline.TestBeelineArgParsing.testAddLocalJar[0]
org.apache.hive.beeline.TestBeelineArgParsing.testAddLocalJar[1]
org.apache.hive.jdbc.authorization.TestJdbcWithSQLAuthorization.testBlackListedUdfUsage
{noformat}

Test results: https://builds.apache.org/job/PreCommit-HIVE-Build/1568/testReport
Console output: https://builds.apache.org/job/PreCommit-HIVE-Build/1568/console
Test logs: http://104.198.109.242/logs/PreCommit-HIVE-Build-1568/

Messages:
{noformat}
Executing org.apache.hive.ptest.execution.TestCheckPhase
Executing org.apache.hive.ptest.execution.PrepPhase
Executing org.apache.hive.ptest.execution.ExecutionPhase
Executing org.apache.hive.ptest.execution.ReportingPhase
Tests exited with: TestsFailedException: 6 tests failed
{noformat}

This message is automatically generated.

ATTACHMENT ID: 12833204 - PreCommit-HIVE-Build



Here are the results of testing the latest attachment:
https://issues.apache.org/jira/secure/attachment/12833204/HIVE-14921.3.patch

{color:red}ERROR:{color} -1 due to no test(s) being added or modified.

{color:red}ERROR:{color} -1 due to 9 failed/errored test(s), 10567 tests executed
*Failed tests:*
{noformat}
TestBeelineWithHS2ConnectionFile - did not produce a TEST-*.xml file (likely timed out) (batchId=199)
org.apache.hadoop.hive.cli.TestCliDriver.testCliDriver[acid_globallimit] (batchId=27)
org.apache.hadoop.hive.cli.TestCliDriver.testCliDriver[index_auto_mult_tables_compact] (batchId=32)
org.apache.hadoop.hive.cli.TestMiniLlapLocalCliDriver.testCliDriver[pcs] (batchId=144)
org.apache.hive.beeline.TestBeelineArgParsing.testAddLocalJarWithoutAddDriverClazz[0] (batchId=157)
org.apache.hive.beeline.TestBeelineArgParsing.testAddLocalJar[0] (batchId=157)
org.apache.hive.beeline.TestBeelineArgParsing.testAddLocalJar[1] (batchId=157)
org.apache.hive.jdbc.authorization.TestJdbcWithSQLAuthorization.testBlackListedUdfUsage (batchId=206)
org.apache.hive.spark.client.TestSparkClient.testJobSubmission (batchId=265)
{noformat}

Test results: https://builds.apache.org/job/PreCommit-HIVE-Build/1604/testReport
Console output: https://builds.apache.org/job/PreCommit-HIVE-Build/1604/console
Test logs: http://104.198.109.242/logs/PreCommit-HIVE-Build-1604/

Messages:
{noformat}
Executing org.apache.hive.ptest.execution.TestCheckPhase
Executing org.apache.hive.ptest.execution.PrepPhase
Executing org.apache.hive.ptest.execution.ExecutionPhase
Executing org.apache.hive.ptest.execution.ReportingPhase
Tests exited with: TestsFailedException: 9 tests failed
{noformat}

This message is automatically generated.

ATTACHMENT ID: 12833204 - PreCommit-HIVE-Build



Here are the results of testing the latest attachment:
https://issues.apache.org/jira/secure/attachment/12833847/HIVE-14921.3.patch

{color:red}ERROR:{color} -1 due to no test(s) being added or modified.

{color:red}ERROR:{color} -1 due to 7 failed/errored test(s), 10553 tests executed
*Failed tests:*
{noformat}
TestBeelineWithHS2ConnectionFile - did not produce a TEST-*.xml file (likely timed out) (batchId=199)
org.apache.hadoop.hive.cli.TestCliDriver.testCliDriver[acid_globallimit] (batchId=27)
org.apache.hadoop.hive.cli.TestSparkCliDriver.org.apache.hadoop.hive.cli.TestSparkCliDriver (batchId=92)
org.apache.hive.beeline.TestBeelineArgParsing.testAddLocalJarWithoutAddDriverClazz[0] (batchId=157)
org.apache.hive.beeline.TestBeelineArgParsing.testAddLocalJar[0] (batchId=157)
org.apache.hive.beeline.TestBeelineArgParsing.testAddLocalJar[1] (batchId=157)
org.apache.hive.jdbc.authorization.TestJdbcWithSQLAuthorization.testBlackListedUdfUsage (batchId=206)
{noformat}

Test results: https://builds.apache.org/job/PreCommit-HIVE-Build/1607/testReport
Console output: https://builds.apache.org/job/PreCommit-HIVE-Build/1607/console
Test logs: http://104.198.109.242/logs/PreCommit-HIVE-Build-1607/

Messages:
{noformat}
Executing org.apache.hive.ptest.execution.TestCheckPhase
Executing org.apache.hive.ptest.execution.PrepPhase
Executing org.apache.hive.ptest.execution.ExecutionPhase
Executing org.apache.hive.ptest.execution.ReportingPhase
Tests exited with: TestsFailedException: 7 tests failed
{noformat}

This message is automatically generated.

ATTACHMENT ID: 12833847 - PreCommit-HIVE-Build



Here are the results of testing the latest attachment:
https://issues.apache.org/jira/secure/attachment/12833847/HIVE-14921.3.patch

{color:red}ERROR:{color} -1 due to no test(s) being added or modified.

{color:red}ERROR:{color} -1 due to 7 failed/errored test(s), 10565 tests executed
*Failed tests:*
{noformat}
TestBeelineWithHS2ConnectionFile - did not produce a TEST-*.xml file (likely timed out) (batchId=199)
org.apache.hadoop.hive.cli.TestCliDriver.testCliDriver[acid_globallimit] (batchId=27)
org.apache.hadoop.hive.cli.TestMiniLlapLocalCliDriver.testCliDriver[pcs] (batchId=144)
org.apache.hive.beeline.TestBeelineArgParsing.testAddLocalJarWithoutAddDriverClazz[0] (batchId=157)
org.apache.hive.beeline.TestBeelineArgParsing.testAddLocalJar[0] (batchId=157)
org.apache.hive.beeline.TestBeelineArgParsing.testAddLocalJar[1] (batchId=157)
org.apache.hive.jdbc.authorization.TestJdbcWithSQLAuthorization.testBlackListedUdfUsage (batchId=206)
{noformat}

Test results: https://builds.apache.org/job/PreCommit-HIVE-Build/1615/testReport
Console output: https://builds.apache.org/job/PreCommit-HIVE-Build/1615/console
Test logs: http://104.198.109.242/logs/PreCommit-HIVE-Build-1615/

Messages:
{noformat}
Executing org.apache.hive.ptest.execution.TestCheckPhase
Executing org.apache.hive.ptest.execution.PrepPhase
Executing org.apache.hive.ptest.execution.ExecutionPhase
Executing org.apache.hive.ptest.execution.ReportingPhase
Tests exited with: TestsFailedException: 7 tests failed
{noformat}

This message is automatically generated.

ATTACHMENT ID: 12833847 - PreCommit-HIVE-Build

pcs.q seems to be flaky in MiniLlapLocal. Trying it in MiniLlap. If it still fails I will drop it for now from migration. 



Here are the results of testing the latest attachment:
https://issues.apache.org/jira/secure/attachment/12833978/HIVE-14921.4.patch

{color:red}ERROR:{color} -1 due to no test(s) being added or modified.

{color:red}ERROR:{color} -1 due to 10 failed/errored test(s), 10565 tests executed
*Failed tests:*
{noformat}
TestBeelineWithHS2ConnectionFile - did not produce a TEST-*.xml file (likely timed out) (batchId=199)
org.apache.hadoop.hive.cli.TestCliDriver.testCliDriver[acid_globallimit] (batchId=27)
org.apache.hadoop.hive.cli.TestMiniLlapCliDriver.testCliDriver[pcs] (batchId=133)
org.apache.hadoop.hive.cli.TestMiniLlapLocalCliDriver.testCliDriver[limit_pushdown3] (batchId=141)
org.apache.hadoop.hive.cli.TestMiniLlapLocalCliDriver.testCliDriver[offset_limit_ppd_optimizer] (batchId=148)
org.apache.hadoop.hive.ql.security.TestMetastoreAuthorizationProvider.testSimplePrivileges (batchId=197)
org.apache.hive.beeline.TestBeelineArgParsing.testAddLocalJarWithoutAddDriverClazz[0] (batchId=157)
org.apache.hive.beeline.TestBeelineArgParsing.testAddLocalJar[0] (batchId=157)
org.apache.hive.beeline.TestBeelineArgParsing.testAddLocalJar[1] (batchId=157)
org.apache.hive.jdbc.authorization.TestJdbcWithSQLAuthorization.testBlackListedUdfUsage (batchId=206)
{noformat}

Test results: https://builds.apache.org/job/PreCommit-HIVE-Build/1633/testReport
Console output: https://builds.apache.org/job/PreCommit-HIVE-Build/1633/console
Test logs: http://104.198.109.242/logs/PreCommit-HIVE-Build-1633/

Messages:
{noformat}
Executing org.apache.hive.ptest.execution.TestCheckPhase
Executing org.apache.hive.ptest.execution.PrepPhase
Executing org.apache.hive.ptest.execution.ExecutionPhase
Executing org.apache.hive.ptest.execution.ReportingPhase
Tests exited with: TestsFailedException: 10 tests failed
{noformat}

This message is automatically generated.

ATTACHMENT ID: 12833978 - PreCommit-HIVE-Build

Removed pcs.q and updated golden files for other failures. 



Here are the results of testing the latest attachment:
https://issues.apache.org/jira/secure/attachment/12834047/HIVE-14921.5.patch

{color:red}ERROR:{color} -1 due to no test(s) being added or modified.

{color:red}ERROR:{color} -1 due to 6 failed/errored test(s), 10565 tests executed
*Failed tests:*
{noformat}
TestBeelineWithHS2ConnectionFile - did not produce a TEST-*.xml file (likely timed out) (batchId=199)
org.apache.hadoop.hive.cli.TestCliDriver.testCliDriver[acid_globallimit] (batchId=27)
org.apache.hadoop.hive.cli.TestHBaseCliDriver.testCliDriver[hbase_bulk] (batchId=89)
org.apache.hive.beeline.TestBeelineArgParsing.testAddLocalJarWithoutAddDriverClazz[0] (batchId=157)
org.apache.hive.beeline.TestBeelineArgParsing.testAddLocalJar[0] (batchId=157)
org.apache.hive.beeline.TestBeelineArgParsing.testAddLocalJar[1] (batchId=157)
{noformat}

Test results: https://builds.apache.org/job/PreCommit-HIVE-Build/1639/testReport
Console output: https://builds.apache.org/job/PreCommit-HIVE-Build/1639/console
Test logs: http://104.198.109.242/logs/PreCommit-HIVE-Build-1639/

Messages:
{noformat}
Executing org.apache.hive.ptest.execution.TestCheckPhase
Executing org.apache.hive.ptest.execution.PrepPhase
Executing org.apache.hive.ptest.execution.ExecutionPhase
Executing org.apache.hive.ptest.execution.ReportingPhase
Tests exited with: TestsFailedException: 6 tests failed
{noformat}

This message is automatically generated.

ATTACHMENT ID: 12834047 - PreCommit-HIVE-Build

HIVE-14937 - hbase_bulk.h is flaky. I think we should disable it, till it's fixed.
+1 for the patch.

Committed patch to master. Will monitor subsequent runs for flaky tests. 

