[~kgyrtkirk] can you take a look at the patch?

Thank you [~vgarg] for taking care of this! I've totally missed this :)
+1

np [~kgyrtkirk]. I have pushed this to master and branch-3

This still seem to fail in latest build.

Let me look into it.

The out of following query is different according to logs:
{code:sql}select sequence_name from sequence_table order by sequence_name limit 5{code}

This relies on data in metastore which in turns rely on data from previous tests. So other test failure could have caused the flaky-ness with this test. I am removing this select to make it more stable.

+1

| (x) *{color:red}-1 overall{color}* |
\\
\\
|| Vote || Subsystem || Runtime || Comment ||
|| || || || {color:brown} Prechecks {color} ||
| {color:green}+1{color} | {color:green} @author {color} | {color:green}  0m  0s{color} | {color:green} The patch does not contain any @author tags. {color} |
|| || || || {color:brown} master Compile Tests {color} ||
|| || || || {color:brown} Patch Compile Tests {color} ||
| {color:green}+1{color} | {color:green} whitespace {color} | {color:green}  0m  0s{color} | {color:green} The patch has no whitespace issues. {color} |
|| || || || {color:brown} Other Tests {color} ||
| {color:red}-1{color} | {color:red} asflicense {color} | {color:red}  0m 53s{color} | {color:red} The patch generated 1 ASF License warnings. {color} |
| {color:black}{color} | {color:black} {color} | {color:black}  1m 33s{color} | {color:black} {color} |
\\
\\
|| Subsystem || Report/Notes ||
| Optional Tests |  asflicense  |
| uname | Linux hiveptest-server-upstream 3.16.0-4-amd64 #1 SMP Debian 3.16.36-1+deb8u1 (2016-09-03) x86_64 GNU/Linux |
| Build tool | maven |
| Personality | /data/hiveptest/working/yetus_PreCommit-HIVE-Build-10211/dev-support/hive-personality.sh |
| git revision | master / b153a6b |
| asflicense | http://104.198.109.242/logs//PreCommit-HIVE-Build-10211/yetus/patch-asflicense-problems.txt |
| modules | C: ql U: ql |
| Console output | http://104.198.109.242/logs//PreCommit-HIVE-Build-10211/yetus.txt |
| Powered by | Apache Yetus    http://yetus.apache.org |


This message was automatically generated.





Here are the results of testing the latest attachment:
https://issues.apache.org/jira/secure/attachment/12918855/HIVE-19166.2.patch

{color:green}SUCCESS:{color} +1 due to 1 test(s) being added or modified.

{color:red}ERROR:{color} -1 due to 26 failed/errored test(s), 13402 tests executed
*Failed tests:*
{noformat}
TestDbNotificationListener - did not produce a TEST-*.xml file (likely timed out) (batchId=247)
TestHCatHiveCompatibility - did not produce a TEST-*.xml file (likely timed out) (batchId=247)
TestNegativeCliDriver - did not produce a TEST-*.xml file (likely timed out) (batchId=95)
	[nopart_insert.q,insert_into_with_schema.q,input41.q,having1.q,create_table_failure3.q,default_constraint_invalid_default_value.q,database_drop_not_empty_restrict.q,windowing_after_orderby.q,orderbysortby.q,subquery_select_distinct2.q,authorization_uri_alterpart_loc.q,udf_last_day_error_1.q,constraint_duplicate_name.q,create_table_failure4.q,alter_tableprops_external_with_notnull_constraint.q,semijoin5.q,udf_format_number_wrong4.q,deletejar.q,exim_11_nonpart_noncompat_sorting.q,show_tables_bad_db2.q,drop_func_nonexistent.q,nopart_load.q,alter_table_non_partitioned_table_cascade.q,check_constraint_subquery.q,load_wrong_fileformat.q,check_constraint_udtf.q,lockneg_try_db_lock_conflict.q,udf_field_wrong_args_len.q,create_table_failure2.q,create_with_fk_constraints_enforced.q,groupby2_map_skew_multi_distinct.q,authorization_update_noupdatepriv.q,show_columns2.q,authorization_insert_noselectpriv.q,orc_replace_columns3_acid.q,compare_double_bigint.q,authorization_set_nonexistent_conf.q,alter_rename_partition_failure3.q,split_sample_wrong_format2.q,create_with_fk_pk_same_tab.q,compare_double_bigint_2.q,authorization_show_roles_no_admin.q,materialized_view_authorization_rebuild_no_grant.q,unionLimit.q,authorization_revoke_table_fail2.q,duplicate_insert3.q,authorization_desc_table_nosel.q,stats_noscan_non_native.q,orc_change_serde_acid.q,create_or_replace_view7.q,exim_07_nonpart_noncompat_ifof.q,create_with_unique_constraints_enforced.q,udf_concat_ws_wrong2.q,fileformat_bad_class.q,merge_negative_2.q,exim_15_part_nonpart.q,authorization_not_owner_drop_view.q,external1.q,authorization_uri_insert.q,create_with_fk_wrong_ref.q,columnstats_tbllvl_incorrect_column.q,authorization_show_parts_nosel.q,authorization_not_owner_drop_tab.q,external2.q,authorization_deletejar.q,temp_table_create_like_partitions.q,udf_greatest_error_1.q,ptf_negative_AggrFuncsWithNoGBYNoPartDef.q,alter_view_as_select_not_exist.q,touch1.q,groupby3_map_skew_multi_distinct.q,insert_into_notnull_constraint.q,exchange_partition_neg_partition_missing.q,groupby_cube_multi_gby.q,columnstats_tbllvl.q,drop_invalid_constraint2.q,alter_table_add_partition.q,update_not_acid.q,archive5.q,alter_table_constraint_invalid_pk_col.q,ivyDownload.q,udf_instr_wrong_type.q,bad_sample_clause.q,authorization_not_owner_drop_tab2.q,authorization_alter_db_owner.q,show_columns1.q,orc_type_promotion3.q,create_view_failure8.q,strict_join.q,udf_add_months_error_1.q,groupby_cube2.q,groupby_cube1.q,groupby_rollup1.q,genericFileFormat.q,invalid_cast_from_binary_4.q,drop_invalid_constraint1.q,serde_regex.q,show_partitions1.q,check_constraint_nonboolean_expr.q,invalid_cast_from_binary_6.q,create_with_multi_pk_constraint.q,udf_field_wrong_type.q,groupby_grouping_sets4.q,groupby_grouping_sets3.q,insertsel_fail.q,udf_locate_wrong_type.q,orc_type_promotion1_acid.q,set_table_property.q,create_or_replace_view2.q,groupby_grouping_sets2.q,alter_view_failure.q,distinct_windowing_failure1.q,invalid_t_alter2.q,alter_table_constraint_invalid_fk_col1.q,invalid_varchar_length_2.q,authorization_show_grant_otheruser_alltabs.q,subquery_windowing_corr.q,compact_non_acid_table.q,authorization_view_4.q,authorization_disallow_transform.q,materialized_view_authorization_rebuild_other.q,authorization_fail_4.q,dbtxnmgr_nodblock.q,set_hiveconf_internal_variable1.q,input_part0_neg.q,udf_printf_wrong3.q,load_orc_negative2.q,druid_buckets.q,archive2.q,authorization_addjar.q,invalid_sum_syntax.q,insert_into_with_schema1.q,udf_add_months_error_2.q,dyn_part_max_per_node.q,authorization_revoke_table_fail1.q,udf_printf_wrong2.q,archive_multi3.q,udf_printf_wrong1.q,subquery_subquery_chain.q,authorization_view_disable_cbo_4.q,no_matching_udf.q,create_view_failure7.q,drop_native_udf.q,truncate_column_list_bucketing.q,authorization_uri_add_partition.q,authorization_view_disable_cbo_3.q,bad_exec_hooks.q,authorization_view_disable_cbo_2.q,fetchtask_ioexception.q,char_pad_convert_fail2.q,authorization_set_role_neg1.q,serde_regex3.q,authorization_delete_nodeletepriv.q,materialized_view_delete.q,create_or_replace_view6.q,bucket_mapjoin_wrong_table_metadata_2.q,udf_sort_array_by_wrong2.q,local_mapred_error_cache.q,alter_external_acid.q,mm_concatenate.q,authorization_fail_3.q,set_hiveconf_internal_variable0.q,udf_last_day_error_2.q,alter_table_constraint_invalid_ref.q,create_table_wrong_regex.q,describe_xpath4.q,join32.q,insert_sorted.q,describe_xpath2.q,authorization_role_grant_otheruser.q,masking_acid_merge.q,authorization_ctas.q,authorization_fail_5.q,alter_view_failure9.q,insert_into_acid_notnull.q,illegal_partition_type3.q,alter_table_constraint_invalid_pk_tbl.q,authorization_uri_import.q,database_drop_does_not_exist.q,date_literal3.q,archive_multi4.q,date_literal2.q,gby_star2.q,authorization_table_grant_nosuchrole.q,insert_into_with_schema2.q,join_cond_unqual_ambiguous_vc.q,archive_multi2.q,analyze1.q,invalid_distinct3.q,fs_default_name1.q,subquery_in_on.q,show_columns3.q,column_rename1.q,authorization_view_1.q,ptf_negative_JoinWithAmbigousAlias.q,groupby_rollup3.q,truncate_table_failure6.q,groupby_cube3.q,invalid_create_tbl1.q,illegal_partition_type.q,cachingprintstream.q,create_function_nonudf_class.q,exchange_partition_neg_table_missing2.q,dbtxnmgr_notablelock.q,create_view_failure1.q,create_view_failure2.q,alter_view_failure8.q,check_constraint_window_fun.q,update_notnull_constraint.q,authorization_drop_db_cascade.q,archive_partspec3.q,truncate_partition_column.q,alter_partition_partial_spec_dyndisabled.q,udf_format_number_wrong2.q,column_rename5.q,authorization_import.q,authorization_fail_2.q,script_error.q,archive_partspec5.q,script_broken_pipe2.q,update_no_such_table.q,exim_09_nonpart_noncompat_serdeparam.q,invalid_cast_from_binary_1.q,archive_partspec1.q,unionDistributeBy.q,drop_function_failure.q,authorization_priv_current_role_neg.q,archive_insert1.q,authorization_addpartition.q,archive_multi6.q,exim_05_nonpart_noncompat_coltype.q,druid_case.q,invalid_cast_to_binary_5.q,orderby_invalid_position.q,materialized_view_authorization_create_no_select_perm.q,exchange_partition_neg_with_fullacid_table.q,druid_address.q,delete_not_acid.q,temp_table_partitions.q,constraint_invalide_name.q,authorization_uri_load_data.q,udf_locate_wrong_args_len.q,duplicate_insert1.q,duplicate_insert2.q,udf_sort_array_by_wrong3.q,stats_publisher_error_2.q,show_tableproperties1.q,invalid_cast_to_binary_2.q,authorization_drop_admin_role.q,lockneg1.q,exim_16_part_noncompat_schema.q,database_switch_does_not_exist.q,ctas.q,exim_10_nonpart_noncompat_bucketing.q,unionOrderBy.q,addpart1.q,ptf_negative_NoWindowDefn.q,authorization_set_invalidconf.q,udtf_explode_not_supported3.q,ptf_negative_AmbiguousWindowDefn.q,create_external_with_check_constraint.q,udtf_invalid_place.q,join_cond_unqual_ambiguous.q,udf_format_number_wrong1.q,authorization_view_disable_cbo_6.q,exim_25_import_nonexist_authfail.q,authorization_role_cycles1.q,invalid_char_length_3.q,groupby_struct.q,join_alt_syntax_comma_on.q,exchange_partition_neg_incomplete_partition.q,udf_test_error_reduce.q,load_wrong_noof_part.q,authorization_export_ptn.q,drop_partition_failure.q,subquery_in_implicit_gby.q,udf_map_values_arg_num.q,udf_elt_wrong_args_len.q,alter_table_wrong_location.q,archive_insert4.q,authorization_grant_table_fail_nogrant.q,authorization_create_func1.q,dyn_part3.q,cte_with_in_subquery.q,drop_table_used_by_mv.q,column_change_skewedcol_type1.q,materialized_view_drop.q,selectDistinctStarNeg_2.q,exchange_partition_neg_with_mm_table.q,invalid_std_syntax.q,unset_view_property.q,authorization_view_3.q,subquery_exists_implicit_gby.q,authorization_set_role_neg2.q,authorization_grant_group.q,invalid_min_syntax.q,semijoin3.q,truncate_nonexistant_column.q,exchange_partition_neg_table_missing.q,gby_star.q,truncate_partition_column2.q,insertover_dynapart_ifnotexists.q,unionClusterBy.q,udf_qualified_name.q,udaf_invalid_place.q,spark_job_max_tasks.q,authorization_cannot_create_default_role.q,nonkey_groupby.q,spark_stage_max_tasks.q,ptf_negative_HavingLeadWithNoGBYNoWindowing.q,alter_view_as_select_with_partition.q,load_exist_part_authfail.q,archive_multi7.q,authorization_create_func2.q,authorization_grant_uri.q,line_terminator.q,load_view_failure.q,groupby_grouping_sets8.q,invalid_cast_from_binary_3.q,exim_21_part_managed_external.q,insert_into4.q,database_create_invalid_name.q,groupby_grouping_sets7.q,subq_insert.q,dyn_part2.q,alter_external_with_notnull_constraint.q,exchange_partition.q,lateral_view_join.q,allow_change_col_type_par_neg.q,create_function_nonexistent_db.q,create_function_nonexistent_class.q,authorization_not_owner_alter_tab_rename.q,strict_pruning.q,subquery_notexists_implicit_gby.q,orc_reorder_columns1.q,columnstats_partlvl_invalid_values.q,orc_reorder_columns2.q,authorization_dfs.q,udf_format_number_wrong7.q,exim_17_part_spec_underspec.q,druid_partitions.q,authorization_drop_role_no_admin.q,windowing_ll_no_over.q,subquery_corr_from.q,desc_failure2.q,load_non_native.q,windowing_ll_no_neg.q,authorization_role_grant2.q,lockneg4.q,lockneg3.q,drop_table_failure2.q,temp_table_authorize_create_tbl.q,dyn_part_max.q,orc_reorder_columns2_acid.q,change_hive_local_session_path.q,insert_into5.q,insert_into1.q,insert_into3.q,udf_in_2.q,udtf_explode_not_supported2.q,sample.q,udtf_explode_not_supported1.q,authorization_droppartition.q,orc_type_promotion2_acid.q,materialized_view_load.q,right_side_join.q,authorization_fail_1.q,authorization_cannot_create_all_role.q,invalid_max_syntax.q,udf_array_contains_wrong1.q,authorization_cannot_create_none_role.q,subquery_in_lhs.q,orc_replace_columns3.q,udf_size_wrong_args_len.q,create_skewed_table_dup_col_name.q,authorization_fail_7.q,authorization_invalid_priv_v1.q,invalidate_view1.q,union22.q,subquery_scalar_multi_columns.q,disallow_incompatible_type_change_on1.q,semijoin1.q,create_skewed_table_failure_invalid_col_name.q,udf_when_type_wrong.q,timestamp_literal.q,create_external_with_default_constraint.q,truncate_table_failure4.q,masking_acid_delete.q,check_constraint_violation.q,uniquejoin2.q,authorization_grant_table_dup.q,invalid_tbl_name.q,authorization_createview.q,alter_external_with_default_constraint.q,truncate_table_failure1.q,alter_partition_coltype_invalidtype.q,show_tablestatus_not_existing_part.q,authorization_msck.q,truncate_table_failure2.q,joinneg.q]
TestNegativeCliDriver - did not produce a TEST-*.xml file (likely timed out) (batchId=96)
	[udf_invalid.q,authorization_uri_export.q,default_constraint_complex_default_value.q,druid_datasource2.q,check_constraint_max_length.q,view_update.q,default_partition_name.q,authorization_public_create.q,load_wrong_fileformat_rc_seq.q,default_constraint_invalid_type.q,altern1.q,describe_xpath1.q,drop_view_failure2.q,temp_table_rename.q,invalid_select_column_with_subquery.q,udf_trunc_error1.q,insert_view_failure.q,dbtxnmgr_nodbunlock.q,authorization_show_columns.q,cte_recursion.q,merge_constraint_notnull.q,load_part_nospec.q,clusterbyorderby.q,orc_type_promotion2.q,ctas_noperm_loc.q,udf_min.q,udf_instr_wrong_args_len.q,invalid_create_tbl2.q,part_col_complex_type.q,authorization_drop_db_empty.q,smb_mapjoin_14.q,subquery_scalar_multi_rows.q,alter_partition_coltype_2columns.q,subquery_corr_in_agg.q,insert_overwrite_notnull_constraint.q,authorization_show_grant_otheruser_wtab.q,regex_col_groupby.q,ptf_negative_DuplicateWindowAlias.q,exim_22_export_authfail.q,authorization_insert_noinspriv.q,udf_likeany_wrong1.q,groupby_key.q,ambiguous_col.q,groupby3_multi_distinct.q,authorization_alter_drop_ptn.q,invalid_cast_from_binary_5.q,show_create_table_does_not_exist.q,invalid_select_column.q,exim_20_managed_location_over_existing.q,interval_3.q,authorization_compile.q,join35.q,udf_concat_ws_wrong3.q,create_or_replace_view8.q,create_external_with_notnull_constraint.q,split_sample_out_of_range.q,materialized_view_no_transactional_rewrite.q,authorization_show_grant_otherrole.q,create_with_constraints_duplicate_name.q,invalid_stddev_samp_syntax.q,authorization_view_disable_cbo_7.q,autolocal1.q,avro_non_nullable_union.q,load_orc_negative_part.q,drop_view_failure1.q,columnstats_partlvl_invalid_values_autogather.q,exim_13_nonnative_import.q,alter_table_wrong_regex.q,udf_next_day_error_2.q,authorization_select.q,udf_trunc_error2.q,authorization_view_7.q,udf_format_number_wrong5.q,touch2.q,orc_type_promotion1.q,lateral_view_alias.q,show_tables_bad_db1.q,unset_table_property.q,alter_non_native.q,nvl_mismatch_type.q,load_orc_negative3.q,authorization_create_role_no_admin.q,invalid_distinct1.q,authorization_grant_server.q,orc_type_promotion3_acid.q,hms_using_serde_alter_table_update_columns.q,show_tables_bad1.q,macro_unused_parameter.q,drop_invalid_constraint3.q,drop_partition_filter_failure.q,char_pad_convert_fail3.q,exim_23_import_exist_authfail.q,drop_invalid_constraint4.q,authorization_create_macro1.q,archive1.q,subquery_multiple_cols_in_select.q,change_hive_hdfs_session_path.q,udf_trunc_error3.q,invalid_variance_syntax.q,authorization_truncate_2.q,invalid_avg_syntax.q,invalid_select_column_with_tablename.q,mm_truncate_cols.q,groupby_grouping_sets1.q,druid_location.q,groupby2_multi_distinct.q,authorization_sba_drop_table.q,dynamic_partitions_with_whitelist.q,compare_string_bigint_2.q,udf_greatest_error_2.q,authorization_view_6.q,show_tablestatus.q,duplicate_alias_in_transform_schema.q,create_with_fk_uk_same_tab.q,udtf_not_supported3.q,alter_table_constraint_invalid_fk_col2.q,udtf_not_supported1.q,dbtxnmgr_notableunlock.q,ptf_negative_InvalidValueBoundary.q,alter_table_constraint_duplicate_pk.q,udf_printf_wrong4.q,create_view_failure9.q,udf_elt_wrong_type.q,selectDistinctStarNeg_1.q,invalid_mapjoin1.q,load_stored_as_dirs.q,input1.q,udf_sort_array_wrong1.q,invalid_distinct2.q,invalid_select_fn.q,authorization_role_grant_otherrole.q,archive4.q,load_nonpart_authfail.q,recursive_view.q,authorization_view_disable_cbo_1.q,desc_failure4.q,create_not_acid.q,udf_sort_array_wrong3.q,char_pad_convert_fail0.q,udf_map_values_arg_type.q,alter_view_failure6_2.q,alter_partition_change_col_nonexist.q,update_non_acid_table.q,authorization_view_disable_cbo_5.q,ct_noperm_loc.q,interval_1.q,authorization_show_grant_otheruser_all.q,authorization_view_2.q,show_tables_bad2.q,groupby_rollup2.q,truncate_column_seqfile.q,create_view_failure5.q,authorization_create_view.q,ptf_window_boundaries.q,ctasnullcol.q,input_part0_neg_2.q,create_or_replace_view1.q,udf_max.q,exim_01_nonpart_over_loaded.q,msck_repair_1.q,orc_change_fileformat_acid.q,udf_nonexistent_resource.q,msck_repair_3.q,exim_19_external_over_existing.q,serde_regex2.q,msck_repair_2.q,exim_06_nonpart_noncompat_storage.q,illegal_partition_type4.q,udf_sort_array_by_wrong1.q,windowing_leadlag_in_udaf.q,avro_decimal.q,materialized_view_update.q,illegal_partition_type2.q,invalid_varchar_length_1.q,authorization_view_5.q,nested_complex_neg.q,lockneg_try_drop_locked_db.q,constraint_partition_columns.q,authorization_insertpart_noinspriv.q,avro_add_column_extschema.q,udf_sort_array_wrong2.q,drop_database_cascade.q,archive3.q,alter_view_failure5.q,load_orc_negative1.q,create_external_acid.q,check_constraint_temporary_udf.q,file_with_header_footer_negative.q,alter_view_failure6.q,create_view_failure6.q,char_pad_convert_fail1.q,invalid_var_samp_syntax.q,update_partition_col.q,database_create_already_exists.q,union2.q,windowing_invalid_udaf.q,authorization_public_drop.q,truncate_table_failure5.q,alter_view_failure2.q,udf_reflect_neg.q,interval_2.q,column_rename2.q,set_hiveconf_validation0.q,materialized_view_drop2.q,repl_dump_requires_admin.q,alter_view_failure7.q,alter_view_failure4.q,alter_view_failure3.q,udf_map_keys_arg_type.q,alter_partition_with_whitelist.q,authorization_show_role_principals_no_admin.q,table_nonprintable_negative.q,clusterbydistributeby.q,authorization_rolehierarchy_privs.q,alter_notnull_constraint_violation.q,check_constraint_aggregate.q,script_broken_pipe3.q,column_rename3.q,authorization_fail_create_db.q,compute_stats_long.q,sortmerge_mapjoin_mismatch_1.q,insert_into6.q,select_charliteral.q,fs_default_name2.q,check_constraint_qual_name.q,archive_multi5.q,input4.q,create_udaf_failure.q,create_table_failure1.q,regex_col_1.q,materialized_view_authorization_no_select_perm.q,decimal_precision_1.q,columnstats_partlvl_multiple_part_clause.q,udf_if_not_bool.q,materialized_view_replace_with_view.q,invalid_cast_to_binary_6.q,lockneg5.q,database_drop_not_empty.q,smb_bucketmapjoin.q,alter_rename_partition_failure2.q,invalid_cast_to_binary_4.q,decimal_precision.q,create_view_failure10.q,invalid_cast_to_binary_3.q,groupby_invalid_position.q,load_wrong_fileformat_txt_seq.q,exchange_partition_neg_partition_exists.q,authorization_not_owner_alter_tab_serdeprop.q,alter_rename_partition_failure.q,merge_negative_5.q,authorization_invalid_priv_v2.q,bucket_mapjoin_wrong_table_metadata_1.q,lockneg2.q,join28.q,exchange_partition_neg_test.q,lockneg_try_lock_db_in_use.q,udf_assert_true.q,udf_coalesce.q,join29.q,archive_partspec4.q,exim_24_import_part_authfail.q,exim_08_nonpart_noncompat_serde.q,udtf_explode_not_supported4.q,create_view_failure4.q,default_constraint_invalid_default_value_type.q,invalid_char_length_1.q,udf_in.q,create_view_failure3.q,strict_pruning_2.q,insertexternal1.q,alter_partition_change_col_dup_col.q,authorization_ctas2.q,uniquejoin.q,authorization_role_grant_nosuchrole.q,column_rename4.q,create_with_fk_wrong_ref2.q,authorization_role_case.q,udf_if_wrong_args_len.q,create_skewed_table_col_name_value_no_mismatch.q,compare_string_bigint.q,archive_insert2.q,authorization_grant_table_fail1.q,exim_02_all_part_over_overlap.q,archive_multi1.q,subquery_in_groupby.q,authorization_role_grant.q,insert_into_with_schema3.q,create_with_fk_constraint.q,materialized_view_insert.q,orc_replace_columns1.q,updateBasicStats.q,udf_likeall_wrong1.q,udf_map_keys_arg_num.q,subquery_scalar_corr_multi_rows.q,exchange_partition_neg_partition_exists2.q,udf_test_error.q,distinct_windowing_failure2.q,authorization_caseinsensitivity.q,update_bucket_col.q,create_or_replace_view3.q,lockneg_query_tbl_in_locked_db.q,authorization_select_view.q,create_or_replace_view4.q,disallow_incompatible_type_change_on2.q,ptf_negative_DistributeByOrderBy.q,desc_failure3.q,create_insert_outputformat.q,alter_table_wrong_location2.q,groupby_grouping_sets5.q,authorization_uri_create_table_ext.q,invalid_t_create2.q,archive_corrupt.q,groupby_grouping_sets6.q,subquery_corr_grandparent.q,archive_insert3.q,authorization_alter_table_exchange_partition_fail2.q,invalid_cast_from_binary_2.q,authorize_grant_public.q,authorization_fail_drop_db.q,insert_into_with_schema4.q,parquet_alter_part_table_drop_columns.q,unionSortBy.q,invalid_char_length_2.q,insert_multi_into_notnull.q,groupby_grouping_id1.q,strict_orderby_2.q,udf_next_day_error_1.q,authorize_revoke_public.q,load_part_authfail.q,drop_default_partition_filter.q,orc_replace_columns2.q,alter_file_format.q,authorization_alter_db_owner_default.q,authorization_uri_createdb.q,authorization_import_ptn.q,selectDistinctWithoutAggr.q,split_sample_wrong_format.q,authorization_fail_8.q,regex_col_2.q,ptf_negative_PartitionBySortBy.q,stats_aggregator_error_2.q,drop_table_failure1.q,stats_aggregator_error_1.q,udf_concat_ws_wrong1.q,exim_12_nonnative_export.q,clustern4.q,strict_orderby.q,authorization_insertoverwrite_nodel.q,clustern3.q,exim_18_part_spec_missing.q,invalid_t_transform.q,columnstats_tbllvl_complex_type.q,authorization_grant_table_allpriv.q,msck_repair_4.q,set_hiveconf_validation1.q,authorization_alter_table_exchange_partition_fail.q,ctas_noemptyfolder.q,clustern2.q,set_hiveconf_validation2.q,bucket_mapjoin_mismatch1.q,mm_convert.q,truncate_bucketed_column.q,druid_datasource.q,udf_assert_true2.q,strict_join_2.q,udf_format_number_wrong3.q,default_constraint_invalid_default_value_length.q,masking_acid_update.q,materialized_view_no_transactional_rewrite_2.q,materialized_view_authorization_drop_other.q,dyn_part1.q,default_constraint_invalid_default_value2.q,select_star_suffix.q,subquery_select_distinct.q,authorization_uri_create_table1.q,special_character_in_tabnames_1.q,archive_partspec2.q,analyze_non_existent_tbl.q,create_with_pk_constraints_enforced.q,orderby_position_unsupported.q,subquery_subquery_chain_exists.q,orc_reorder_columns1_acid.q,subquery_notin_implicit_gby.q,notable_alias4.q,semijoin2.q,desc_failure1.q,ptf_negative_HavingLeadWithPTF.q,alter_tableprops_external_with_default_constraint.q,create_unknown_udf_udaf.q,materialized_view_authorization_create_no_grant.q,orc_change_serde.q,uniquejoin3.q,stats_publisher_error_1.q,authorization_part.q,alter_table_constraint_invalid_fk_tbl1.q,fileformat_void_input.q,truncate_table_failure3.q,alter_table_constraint_invalid_fk_tbl2.q,mismatch_columns_insertion.q,repl_load_requires_admin.q]
TestNonCatCallsWithCatalog - did not produce a TEST-*.xml file (likely timed out) (batchId=217)
TestSequenceFileReadWrite - did not produce a TEST-*.xml file (likely timed out) (batchId=247)
org.apache.hadoop.hive.cli.TestCliDriver.testCliDriver[parquet_vectorization_0] (batchId=17)
org.apache.hadoop.hive.cli.TestMiniLlapCliDriver.testCliDriver[llap_smb] (batchId=153)
org.apache.hadoop.hive.cli.TestMiniLlapLocalCliDriver.testCliDriver[bucket_map_join_tez1] (batchId=174)
org.apache.hadoop.hive.cli.TestMiniLlapLocalCliDriver.testCliDriver[bucket_map_join_tez_empty] (batchId=159)
org.apache.hadoop.hive.cli.TestMiniLlapLocalCliDriver.testCliDriver[sysdb] (batchId=163)
org.apache.hadoop.hive.cli.TestMiniLlapLocalCliDriver.testCliDriver[tez_smb_1] (batchId=171)
org.apache.hadoop.hive.cli.TestMiniLlapLocalCliDriver.testCliDriver[tez_smb_main] (batchId=160)
org.apache.hadoop.hive.cli.TestMiniSparkOnYarnCliDriver.testCliDriver[bucketizedhiveinputformat] (batchId=183)
org.apache.hadoop.hive.cli.TestMiniSparkOnYarnCliDriver.testCliDriver[bucketmapjoin6] (batchId=183)
org.apache.hadoop.hive.cli.TestMiniTezCliDriver.testCliDriver[explainanalyze_5] (batchId=105)
org.apache.hadoop.hive.cli.TestMinimrCliDriver.testCliDriver[infer_bucket_sort_dyn_part] (batchId=93)
org.apache.hadoop.hive.cli.TestMinimrCliDriver.testCliDriver[infer_bucket_sort_map_operators] (batchId=93)
org.apache.hadoop.hive.cli.TestMinimrCliDriver.testCliDriver[infer_bucket_sort_num_buckets] (batchId=93)
org.apache.hadoop.hive.druid.TestDruidStorageHandler.testCommitMultiInsertOverwriteTable (batchId=261)
org.apache.hadoop.hive.llap.daemon.impl.comparator.TestAMReporter.testMultipleAM (batchId=308)
org.apache.hadoop.hive.metastore.TestMetastoreVersion.testMetastoreVersion (batchId=227)
org.apache.hadoop.hive.metastore.TestMetastoreVersion.testVersionMatching (batchId=227)
org.apache.hadoop.hive.ql.TestAcidOnTez.testGetSplitsLocks (batchId=228)
org.apache.hadoop.hive.ql.TestMTQueries.testMTQueries1 (batchId=232)
org.apache.hive.jdbc.TestJdbcWithMiniLlap.testLlapInputFormatEndToEnd (batchId=238)
{noformat}

Test results: https://builds.apache.org/job/PreCommit-HIVE-Build/10211/testReport
Console output: https://builds.apache.org/job/PreCommit-HIVE-Build/10211/console
Test logs: http://104.198.109.242/logs/PreCommit-HIVE-Build-10211/

Messages:
{noformat}
Executing org.apache.hive.ptest.execution.TestCheckPhase
Executing org.apache.hive.ptest.execution.PrepPhase
Executing org.apache.hive.ptest.execution.YetusPhase
Executing org.apache.hive.ptest.execution.ExecutionPhase
Executing org.apache.hive.ptest.execution.ReportingPhase
Tests exited with: TestsFailedException: 26 tests failed
{noformat}

This message is automatically generated.

ATTACHMENT ID: 12918855 - PreCommit-HIVE-Build

| (x) *{color:red}-1 overall{color}* |
\\
\\
|| Vote || Subsystem || Runtime || Comment ||
|| || || || {color:brown} Prechecks {color} ||
| {color:green}+1{color} | {color:green} @author {color} | {color:green}  0m  1s{color} | {color:green} The patch does not contain any @author tags. {color} |
|| || || || {color:brown} master Compile Tests {color} ||
|| || || || {color:brown} Patch Compile Tests {color} ||
| {color:green}+1{color} | {color:green} whitespace {color} | {color:green}  0m  1s{color} | {color:green} The patch has no whitespace issues. {color} |
|| || || || {color:brown} Other Tests {color} ||
| {color:red}-1{color} | {color:red} asflicense {color} | {color:red}  1m  6s{color} | {color:red} The patch generated 1 ASF License warnings. {color} |
| {color:black}{color} | {color:black} {color} | {color:black}  1m 58s{color} | {color:black} {color} |
\\
\\
|| Subsystem || Report/Notes ||
| Optional Tests |  asflicense  |
| uname | Linux hiveptest-server-upstream 3.16.0-4-amd64 #1 SMP Debian 3.16.36-1+deb8u1 (2016-09-03) x86_64 GNU/Linux |
| Build tool | maven |
| Personality | /data/hiveptest/working/yetus_PreCommit-HIVE-Build-10287/dev-support/hive-personality.sh |
| git revision | master / 878d6ee |
| asflicense | http://104.198.109.242/logs//PreCommit-HIVE-Build-10287/yetus/patch-asflicense-problems.txt |
| modules | C: ql U: ql |
| Console output | http://104.198.109.242/logs//PreCommit-HIVE-Build-10287/yetus.txt |
| Powered by | Apache Yetus    http://yetus.apache.org |


This message was automatically generated.





Here are the results of testing the latest attachment:
https://issues.apache.org/jira/secure/attachment/12918855/HIVE-19166.2.patch

{color:green}SUCCESS:{color} +1 due to 1 test(s) being added or modified.

{color:red}ERROR:{color} -1 due to 64 failed/errored test(s), 14286 tests executed
*Failed tests:*
{noformat}
TestNonCatCallsWithCatalog - did not produce a TEST-*.xml file (likely timed out) (batchId=217)
org.apache.hadoop.hive.cli.TestCliDriver.testCliDriver[cteViews] (batchId=79)
org.apache.hadoop.hive.cli.TestCliDriver.testCliDriver[llap_smb] (batchId=92)
org.apache.hadoop.hive.cli.TestCliDriver.testCliDriver[parquet_vectorization_0] (batchId=17)
org.apache.hadoop.hive.cli.TestCliDriver.testCliDriver[results_cache_invalidation2] (batchId=39)
org.apache.hadoop.hive.cli.TestCliDriver.testCliDriver[tez_join_hash] (batchId=54)
org.apache.hadoop.hive.cli.TestMiniLlapLocalCliDriver.testCliDriver[default_constraint] (batchId=163)
org.apache.hadoop.hive.cli.TestMiniLlapLocalCliDriver.testCliDriver[results_cache_invalidation2] (batchId=163)
org.apache.hadoop.hive.cli.TestMiniLlapLocalCliDriver.testCliDriver[sysdb] (batchId=163)
org.apache.hadoop.hive.cli.TestMiniLlapLocalCliDriver.testCliDriver[tez_smb_1] (batchId=171)
org.apache.hadoop.hive.cli.TestMiniSparkOnYarnCliDriver.testCliDriver[bucketizedhiveinputformat] (batchId=183)
org.apache.hadoop.hive.cli.TestMiniTezCliDriver.testCliDriver[explainanalyze_5] (batchId=105)
org.apache.hadoop.hive.cli.TestNegativeCliDriver.testCliDriver[alter_notnull_constraint_violation] (batchId=96)
org.apache.hadoop.hive.cli.TestNegativeCliDriver.testCliDriver[avro_non_nullable_union] (batchId=96)
org.apache.hadoop.hive.cli.TestNegativeCliDriver.testCliDriver[cachingprintstream] (batchId=95)
org.apache.hadoop.hive.cli.TestNegativeCliDriver.testCliDriver[check_constraint_violation] (batchId=95)
org.apache.hadoop.hive.cli.TestNegativeCliDriver.testCliDriver[compute_stats_long] (batchId=96)
org.apache.hadoop.hive.cli.TestNegativeCliDriver.testCliDriver[default_constraint_invalid_default_value_type] (batchId=96)
org.apache.hadoop.hive.cli.TestNegativeCliDriver.testCliDriver[dyn_part3] (batchId=95)
org.apache.hadoop.hive.cli.TestNegativeCliDriver.testCliDriver[dyn_part_max_per_node] (batchId=95)
org.apache.hadoop.hive.cli.TestNegativeCliDriver.testCliDriver[dynamic_partitions_with_whitelist] (batchId=96)
org.apache.hadoop.hive.cli.TestNegativeCliDriver.testCliDriver[insert_into_acid_notnull] (batchId=95)
org.apache.hadoop.hive.cli.TestNegativeCliDriver.testCliDriver[insert_into_notnull_constraint] (batchId=95)
org.apache.hadoop.hive.cli.TestNegativeCliDriver.testCliDriver[insert_multi_into_notnull] (batchId=96)
org.apache.hadoop.hive.cli.TestNegativeCliDriver.testCliDriver[insert_overwrite_notnull_constraint] (batchId=96)
org.apache.hadoop.hive.cli.TestNegativeCliDriver.testCliDriver[insertsel_fail] (batchId=95)
org.apache.hadoop.hive.cli.TestNegativeCliDriver.testCliDriver[merge_constraint_notnull] (batchId=96)
org.apache.hadoop.hive.cli.TestNegativeCliDriver.testCliDriver[script_broken_pipe2] (batchId=95)
org.apache.hadoop.hive.cli.TestNegativeCliDriver.testCliDriver[script_broken_pipe3] (batchId=96)
org.apache.hadoop.hive.cli.TestNegativeCliDriver.testCliDriver[script_error] (batchId=95)
org.apache.hadoop.hive.cli.TestNegativeCliDriver.testCliDriver[serde_regex2] (batchId=96)
org.apache.hadoop.hive.cli.TestNegativeCliDriver.testCliDriver[stats_aggregator_error_2] (batchId=96)
org.apache.hadoop.hive.cli.TestNegativeCliDriver.testCliDriver[stats_publisher_error_1] (batchId=96)
org.apache.hadoop.hive.cli.TestNegativeCliDriver.testCliDriver[stats_publisher_error_2] (batchId=95)
org.apache.hadoop.hive.cli.TestNegativeCliDriver.testCliDriver[subquery_corr_in_agg] (batchId=96)
org.apache.hadoop.hive.cli.TestNegativeCliDriver.testCliDriver[subquery_in_implicit_gby] (batchId=95)
org.apache.hadoop.hive.cli.TestNegativeCliDriver.testCliDriver[subquery_notin_implicit_gby] (batchId=96)
org.apache.hadoop.hive.cli.TestNegativeCliDriver.testCliDriver[subquery_scalar_corr_multi_rows] (batchId=96)
org.apache.hadoop.hive.cli.TestNegativeCliDriver.testCliDriver[subquery_scalar_multi_rows] (batchId=96)
org.apache.hadoop.hive.cli.TestNegativeCliDriver.testCliDriver[udf_assert_true2] (batchId=96)
org.apache.hadoop.hive.cli.TestNegativeCliDriver.testCliDriver[udf_assert_true] (batchId=96)
org.apache.hadoop.hive.cli.TestNegativeCliDriver.testCliDriver[udf_reflect_neg] (batchId=96)
org.apache.hadoop.hive.cli.TestNegativeCliDriver.testCliDriver[udf_test_error] (batchId=96)
org.apache.hadoop.hive.cli.TestNegativeCliDriver.testCliDriver[udf_test_error_reduce] (batchId=95)
org.apache.hadoop.hive.cli.TestNegativeCliDriver.testCliDriver[update_notnull_constraint] (batchId=95)
org.apache.hadoop.hive.cli.TestNegativeMinimrCliDriver.testCliDriver[cluster_tasklog_retrieval] (batchId=98)
org.apache.hadoop.hive.cli.TestNegativeMinimrCliDriver.testCliDriver[local_mapred_error_cache] (batchId=98)
org.apache.hadoop.hive.cli.TestNegativeMinimrCliDriver.testCliDriver[mapreduce_stack_trace] (batchId=98)
org.apache.hadoop.hive.cli.TestNegativeMinimrCliDriver.testCliDriver[mapreduce_stack_trace_turnoff] (batchId=98)
org.apache.hadoop.hive.cli.TestNegativeMinimrCliDriver.testCliDriver[minimr_broken_pipe] (batchId=98)
org.apache.hadoop.hive.cli.control.TestDanglingQOuts.checkDanglingQOut (batchId=225)
org.apache.hadoop.hive.metastore.client.TestUniqueConstraint.addNoSuchTable[Embedded] (batchId=209)
org.apache.hadoop.hive.metastore.client.TestUniqueConstraint.createGetDrop[Embedded] (batchId=209)
org.apache.hadoop.hive.metastore.client.TestUniqueConstraint.createTableWithConstraintsPkInOtherCatalog[Embedded] (batchId=209)
org.apache.hadoop.hive.metastore.client.TestUniqueConstraint.createTableWithConstraintsPk[Embedded] (batchId=209)
org.apache.hadoop.hive.metastore.client.TestUniqueConstraint.doubleAddUniqueConstraint[Embedded] (batchId=209)
org.apache.hadoop.hive.metastore.client.TestUniqueConstraint.getNoSuchCatalog[Embedded] (batchId=209)
org.apache.hadoop.hive.metastore.client.TestUniqueConstraint.getNoSuchDb[Embedded] (batchId=209)
org.apache.hadoop.hive.metastore.client.TestUniqueConstraint.getNoSuchTable[Embedded] (batchId=209)
org.apache.hadoop.hive.metastore.client.TestUniqueConstraint.inOtherCatalog[Embedded] (batchId=209)
org.apache.hadoop.hive.ql.TestAcidOnTez.testAcidInsertWithRemoveUnion (batchId=228)
org.apache.hadoop.hive.ql.TestAcidOnTez.testCtasTezUnion (batchId=228)
org.apache.hadoop.hive.ql.TestAcidOnTez.testNonStandardConversion01 (batchId=228)
org.apache.hadoop.hive.ql.TestMTQueries.testMTQueries1 (batchId=232)
{noformat}

Test results: https://builds.apache.org/job/PreCommit-HIVE-Build/10287/testReport
Console output: https://builds.apache.org/job/PreCommit-HIVE-Build/10287/console
Test logs: http://104.198.109.242/logs/PreCommit-HIVE-Build-10287/

Messages:
{noformat}
Executing org.apache.hive.ptest.execution.TestCheckPhase
Executing org.apache.hive.ptest.execution.PrepPhase
Executing org.apache.hive.ptest.execution.YetusPhase
Executing org.apache.hive.ptest.execution.ExecutionPhase
Executing org.apache.hive.ptest.execution.ReportingPhase
Tests exited with: TestsFailedException: 64 tests failed
{noformat}

This message is automatically generated.

ATTACHMENT ID: 12918855 - PreCommit-HIVE-Build

| (/) *{color:green}+1 overall{color}* |
\\
\\
|| Vote || Subsystem || Runtime || Comment ||
|| || || || {color:brown} Prechecks {color} ||
| {color:green}+1{color} | {color:green} @author {color} | {color:green}  0m  0s{color} | {color:green} The patch does not contain any @author tags. {color} |
|| || || || {color:brown} master Compile Tests {color} ||
|| || || || {color:brown} Patch Compile Tests {color} ||
| {color:green}+1{color} | {color:green} whitespace {color} | {color:green}  0m  0s{color} | {color:green} The patch has no whitespace issues. {color} |
|| || || || {color:brown} Other Tests {color} ||
| {color:green}+1{color} | {color:green} asflicense {color} | {color:green}  1m  5s{color} | {color:green} The patch does not generate ASF License warnings. {color} |
| {color:black}{color} | {color:black} {color} | {color:black}  1m 56s{color} | {color:black} {color} |
\\
\\
|| Subsystem || Report/Notes ||
| Optional Tests |  asflicense  |
| uname | Linux hiveptest-server-upstream 3.16.0-4-amd64 #1 SMP Debian 3.16.36-1+deb8u1 (2016-09-03) x86_64 GNU/Linux |
| Build tool | maven |
| Personality | /data/hiveptest/working/yetus_PreCommit-HIVE-Build-10422/dev-support/hive-personality.sh |
| git revision | master / a1524f7 |
| modules | C: ql U: ql |
| Console output | http://104.198.109.242/logs//PreCommit-HIVE-Build-10422/yetus.txt |
| Powered by | Apache Yetus    http://yetus.apache.org |


This message was automatically generated.





Here are the results of testing the latest attachment:
https://issues.apache.org/jira/secure/attachment/12920213/HIVE-19166.3.patch

{color:green}SUCCESS:{color} +1 due to 1 test(s) being added or modified.

{color:red}ERROR:{color} -1 due to 25 failed/errored test(s), 14284 tests executed
*Failed tests:*
{noformat}
TestMinimrCliDriver - did not produce a TEST-*.xml file (likely timed out) (batchId=93)
	[infer_bucket_sort_num_buckets.q,infer_bucket_sort_reducers_power_two.q,parallel_orderby.q,bucket_num_reducers_acid.q,infer_bucket_sort_map_operators.q,infer_bucket_sort_merge.q,root_dir_external_table.q,infer_bucket_sort_dyn_part.q,udf_using.q,bucket_num_reducers_acid2.q]
TestNonCatCallsWithCatalog - did not produce a TEST-*.xml file (likely timed out) (batchId=217)
org.apache.hadoop.hive.cli.TestCliDriver.testCliDriver[groupby12] (batchId=74)
org.apache.hadoop.hive.cli.TestCliDriver.testCliDriver[parquet_vectorization_0] (batchId=17)
org.apache.hadoop.hive.cli.TestCliDriver.testCliDriver[results_cache_invalidation2] (batchId=39)
org.apache.hadoop.hive.cli.TestMiniLlapLocalCliDriver.testCliDriver[bucket_map_join_tez1] (batchId=175)
org.apache.hadoop.hive.cli.TestMiniLlapLocalCliDriver.testCliDriver[check_constraint] (batchId=158)
org.apache.hadoop.hive.cli.TestMiniLlapLocalCliDriver.testCliDriver[default_constraint] (batchId=163)
org.apache.hadoop.hive.cli.TestMiniLlapLocalCliDriver.testCliDriver[results_cache_invalidation2] (batchId=163)
org.apache.hadoop.hive.cli.TestMiniLlapLocalCliDriver.testCliDriver[sysdb] (batchId=163)
org.apache.hadoop.hive.cli.TestMiniLlapLocalCliDriver.testCliDriver[tez_smb_1] (batchId=171)
org.apache.hadoop.hive.cli.TestMiniSparkOnYarnCliDriver.testCliDriver[bucketizedhiveinputformat] (batchId=183)
org.apache.hadoop.hive.cli.TestMiniTezCliDriver.testCliDriver[explainanalyze_5] (batchId=105)
org.apache.hadoop.hive.cli.TestNegativeMinimrCliDriver.testCliDriver[cluster_tasklog_retrieval] (batchId=98)
org.apache.hadoop.hive.cli.TestNegativeMinimrCliDriver.testCliDriver[mapreduce_stack_trace] (batchId=98)
org.apache.hadoop.hive.cli.TestNegativeMinimrCliDriver.testCliDriver[mapreduce_stack_trace_turnoff] (batchId=98)
org.apache.hadoop.hive.cli.TestNegativeMinimrCliDriver.testCliDriver[minimr_broken_pipe] (batchId=98)
org.apache.hadoop.hive.ql.TestAcidOnTez.testAcidInsertWithRemoveUnion (batchId=228)
org.apache.hadoop.hive.ql.TestAcidOnTez.testCtasTezUnion (batchId=228)
org.apache.hadoop.hive.ql.TestAcidOnTez.testNonStandardConversion01 (batchId=228)
org.apache.hadoop.hive.ql.TestMTQueries.testMTQueries1 (batchId=232)
org.apache.hive.beeline.TestBeeLineWithArgs.testQueryProgressParallel (batchId=235)
org.apache.hive.jdbc.TestTriggersMoveWorkloadManager.testTriggerMoveAndKill (batchId=242)
org.apache.hive.jdbc.TestTriggersMoveWorkloadManager.testTriggerMoveConflictKill (batchId=242)
org.apache.hive.minikdc.TestJdbcWithMiniKdcCookie.testCookieNegative (batchId=254)
{noformat}

Test results: https://builds.apache.org/job/PreCommit-HIVE-Build/10422/testReport
Console output: https://builds.apache.org/job/PreCommit-HIVE-Build/10422/console
Test logs: http://104.198.109.242/logs/PreCommit-HIVE-Build-10422/

Messages:
{noformat}
Executing org.apache.hive.ptest.execution.TestCheckPhase
Executing org.apache.hive.ptest.execution.PrepPhase
Executing org.apache.hive.ptest.execution.YetusPhase
Executing org.apache.hive.ptest.execution.ExecutionPhase
Executing org.apache.hive.ptest.execution.ReportingPhase
Tests exited with: TestsFailedException: 25 tests failed
{noformat}

This message is automatically generated.

ATTACHMENT ID: 12920213 - PreCommit-HIVE-Build

unfortunately this test lists tables actually in the database which might be different...because of HIVE-18051
 [~vgarg]: I hope you don't mind; I'll upload a new patch
I've just listed all datasets...to load all - I hope this will make the ptests happy

[~kgyrtkirk] Sure no problem i am happy to get it off my back :). This is super flaky test primarily due to different tables being loaded via prior tests. If we could make it deterministic that will be great.



Here are the results of testing the latest attachment:
https://issues.apache.org/jira/secure/attachment/12920315/HIVE-19166.04.patch

{color:red}ERROR:{color} -1 due to build exiting with an error

Test results: https://builds.apache.org/job/PreCommit-HIVE-Build/10438/testReport
Console output: https://builds.apache.org/job/PreCommit-HIVE-Build/10438/console
Test logs: http://104.198.109.242/logs/PreCommit-HIVE-Build-10438/

Messages:
{noformat}
Executing org.apache.hive.ptest.execution.TestCheckPhase
Executing org.apache.hive.ptest.execution.PrepPhase
Tests exited with: NonZeroExitCodeException
Command 'bash /data/hiveptest/working/scratch/source-prep.sh' failed with exit status 1 and output '+ date '+%Y-%m-%d %T.%3N'
2018-04-23 21:21:15.648
+ [[ -n /usr/lib/jvm/java-8-openjdk-amd64 ]]
+ export JAVA_HOME=/usr/lib/jvm/java-8-openjdk-amd64
+ JAVA_HOME=/usr/lib/jvm/java-8-openjdk-amd64
+ export PATH=/usr/lib/jvm/java-8-openjdk-amd64/bin/:/usr/local/bin:/usr/bin:/bin:/usr/local/games:/usr/games
+ PATH=/usr/lib/jvm/java-8-openjdk-amd64/bin/:/usr/local/bin:/usr/bin:/bin:/usr/local/games:/usr/games
+ export 'ANT_OPTS=-Xmx1g -XX:MaxPermSize=256m '
+ ANT_OPTS='-Xmx1g -XX:MaxPermSize=256m '
+ export 'MAVEN_OPTS=-Xmx1g '
+ MAVEN_OPTS='-Xmx1g '
+ cd /data/hiveptest/working/
+ tee /data/hiveptest/logs/PreCommit-HIVE-Build-10438/source-prep.txt
+ [[ false == \t\r\u\e ]]
+ mkdir -p maven ivy
+ [[ git = \s\v\n ]]
+ [[ git = \g\i\t ]]
+ [[ -z master ]]
+ [[ -d apache-github-source-source ]]
+ [[ ! -d apache-github-source-source/.git ]]
+ [[ ! -d apache-github-source-source ]]
+ date '+%Y-%m-%d %T.%3N'
2018-04-23 21:21:15.651
+ cd apache-github-source-source
+ git fetch origin
+ git reset --hard HEAD
HEAD is now at b3e2d8a HIVE-19171 : Persist runtime statistics in metastore (Zoltan Haindrich via Ashutosh Chauhan)
+ git clean -f -d
+ git checkout master
Already on 'master'
Your branch is up-to-date with 'origin/master'.
+ git reset --hard origin/master
HEAD is now at b3e2d8a HIVE-19171 : Persist runtime statistics in metastore (Zoltan Haindrich via Ashutosh Chauhan)
+ git merge --ff-only origin/master
Already up-to-date.
+ date '+%Y-%m-%d %T.%3N'
2018-04-23 21:21:17.248
+ rm -rf ../yetus_PreCommit-HIVE-Build-10438
+ mkdir ../yetus_PreCommit-HIVE-Build-10438
+ git gc
+ cp -R . ../yetus_PreCommit-HIVE-Build-10438
+ mkdir /data/hiveptest/logs/PreCommit-HIVE-Build-10438/yetus
+ patchCommandPath=/data/hiveptest/working/scratch/smart-apply-patch.sh
+ patchFilePath=/data/hiveptest/working/scratch/build.patch
+ [[ -f /data/hiveptest/working/scratch/build.patch ]]
+ chmod +x /data/hiveptest/working/scratch/smart-apply-patch.sh
+ /data/hiveptest/working/scratch/smart-apply-patch.sh /data/hiveptest/working/scratch/build.patch
Going to apply patch with: git apply -p0
+ [[ maven == \m\a\v\e\n ]]
+ rm -rf /data/hiveptest/working/maven/org/apache/hive
+ mvn -B clean install -DskipTests -T 4 -q -Dmaven.repo.local=/data/hiveptest/working/maven
protoc-jar: executing: [/tmp/protoc2403251914198825029.exe, --version]
libprotoc 2.5.0
protoc-jar: executing: [/tmp/protoc2403251914198825029.exe, -I/data/hiveptest/working/apache-github-source-source/standalone-metastore/src/main/protobuf/org/apache/hadoop/hive/metastore, --java_out=/data/hiveptest/working/apache-github-source-source/standalone-metastore/target/generated-sources, /data/hiveptest/working/apache-github-source-source/standalone-metastore/src/main/protobuf/org/apache/hadoop/hive/metastore/metastore.proto]
ANTLR Parser Generator  Version 3.5.2
Output file /data/hiveptest/working/apache-github-source-source/standalone-metastore/target/generated-sources/org/apache/hadoop/hive/metastore/parser/FilterParser.java does not exist: must build /data/hiveptest/working/apache-github-source-source/standalone-metastore/src/main/java/org/apache/hadoop/hive/metastore/parser/Filter.g
org/apache/hadoop/hive/metastore/parser/Filter.g
log4j:WARN No appenders could be found for logger (DataNucleus.Persistence).
log4j:WARN Please initialize the log4j system properly.
DataNucleus Enhancer (version 4.1.17) for API "JDO"
DataNucleus Enhancer completed with success for 40 classes.
ANTLR Parser Generator  Version 3.5.2
Output file /data/hiveptest/working/apache-github-source-source/ql/target/generated-sources/antlr3/org/apache/hadoop/hive/ql/parse/HiveLexer.java does not exist: must build /data/hiveptest/working/apache-github-source-source/ql/src/java/org/apache/hadoop/hive/ql/parse/HiveLexer.g
org/apache/hadoop/hive/ql/parse/HiveLexer.g
Output file /data/hiveptest/working/apache-github-source-source/ql/target/generated-sources/antlr3/org/apache/hadoop/hive/ql/parse/HiveParser.java does not exist: must build /data/hiveptest/working/apache-github-source-source/ql/src/java/org/apache/hadoop/hive/ql/parse/HiveParser.g
org/apache/hadoop/hive/ql/parse/HiveParser.g
warning(200): org/apache/hadoop/hive/ql/parse/HiveParser.g:2376:5: 
Decision can match input such as "KW_CHECK {KW_EXISTS, KW_TINYINT}" using multiple alternatives: 1, 2

As a result, alternative(s) 2 were disabled for that input
warning(200): org/apache/hadoop/hive/ql/parse/HiveParser.g:2376:5: 
Decision can match input such as "KW_CHECK KW_STRUCT LESSTHAN" using multiple alternatives: 1, 2

As a result, alternative(s) 2 were disabled for that input
warning(200): org/apache/hadoop/hive/ql/parse/HiveParser.g:2376:5: 
Decision can match input such as "KW_CHECK KW_DATETIME" using multiple alternatives: 1, 2

As a result, alternative(s) 2 were disabled for that input
warning(200): org/apache/hadoop/hive/ql/parse/HiveParser.g:2376:5: 
Decision can match input such as "KW_CHECK KW_DATE {LPAREN, StringLiteral}" using multiple alternatives: 1, 2

As a result, alternative(s) 2 were disabled for that input
warning(200): org/apache/hadoop/hive/ql/parse/HiveParser.g:2376:5: 
Decision can match input such as "KW_CHECK KW_UNIONTYPE LESSTHAN" using multiple alternatives: 1, 2

As a result, alternative(s) 2 were disabled for that input
Output file /data/hiveptest/working/apache-github-source-source/ql/target/generated-sources/antlr3/org/apache/hadoop/hive/ql/parse/HintParser.java does not exist: must build /data/hiveptest/working/apache-github-source-source/ql/src/java/org/apache/hadoop/hive/ql/parse/HintParser.g
org/apache/hadoop/hive/ql/parse/HintParser.g
Generating vector expression code
Generating vector expression test code
[ERROR] COMPILATION ERROR : 
[ERROR] /data/hiveptest/working/apache-github-source-source/ql/src/java/org/apache/hadoop/hive/ql/plan/mapper/SimpleRuntimeStatsSource.java:[29,8] class MapBackedStatsSource is public, should be declared in a file named MapBackedStatsSource.java
[ERROR] Failed to execute goal org.apache.maven.plugins:maven-compiler-plugin:3.6.1:compile (default-compile) on project hive-exec: Compilation failure
[ERROR] /data/hiveptest/working/apache-github-source-source/ql/src/java/org/apache/hadoop/hive/ql/plan/mapper/SimpleRuntimeStatsSource.java:[29,8] class MapBackedStatsSource is public, should be declared in a file named MapBackedStatsSource.java
[ERROR] -> [Help 1]
[ERROR] 
[ERROR] To see the full stack trace of the errors, re-run Maven with the -e switch.
[ERROR] Re-run Maven using the -X switch to enable full debug logging.
[ERROR] 
[ERROR] For more information about the errors and possible solutions, please read the following articles:
[ERROR] [Help 1] http://cwiki.apache.org/confluence/display/MAVEN/MojoFailureException
[ERROR] 
[ERROR] After correcting the problems, you can resume the build with the command
[ERROR]   mvn <goals> -rf :hive-exec
+ exit 1
'
{noformat}

This message is automatically generated.

ATTACHMENT ID: 12920315 - PreCommit-HIVE-Build

ok :) then I'll try to push it thru the finish line....
requeued for test execution



Here are the results of testing the latest attachment:
https://issues.apache.org/jira/secure/attachment/12920315/HIVE-19166.04.patch

{color:red}ERROR:{color} -1 due to build exiting with an error

Test results: https://builds.apache.org/job/PreCommit-HIVE-Build/10638/testReport
Console output: https://builds.apache.org/job/PreCommit-HIVE-Build/10638/console
Test logs: http://104.198.109.242/logs/PreCommit-HIVE-Build-10638/

Messages:
{noformat}
Executing org.apache.hive.ptest.execution.TestCheckPhase
Executing org.apache.hive.ptest.execution.PrepPhase
Tests exited with: NonZeroExitCodeException
Command 'bash /data/hiveptest/working/scratch/source-prep.sh' failed with exit status 1 and output '+ date '+%Y-%m-%d %T.%3N'
2018-05-02 20:30:34.095
+ [[ -n /usr/lib/jvm/java-8-openjdk-amd64 ]]
+ export JAVA_HOME=/usr/lib/jvm/java-8-openjdk-amd64
+ JAVA_HOME=/usr/lib/jvm/java-8-openjdk-amd64
+ export PATH=/usr/lib/jvm/java-8-openjdk-amd64/bin/:/usr/local/bin:/usr/bin:/bin:/usr/local/games:/usr/games
+ PATH=/usr/lib/jvm/java-8-openjdk-amd64/bin/:/usr/local/bin:/usr/bin:/bin:/usr/local/games:/usr/games
+ export 'ANT_OPTS=-Xmx1g -XX:MaxPermSize=256m '
+ ANT_OPTS='-Xmx1g -XX:MaxPermSize=256m '
+ export 'MAVEN_OPTS=-Xmx1g '
+ MAVEN_OPTS='-Xmx1g '
+ cd /data/hiveptest/working/
+ tee /data/hiveptest/logs/PreCommit-HIVE-Build-10638/source-prep.txt
+ [[ false == \t\r\u\e ]]
+ mkdir -p maven ivy
+ [[ git = \s\v\n ]]
+ [[ git = \g\i\t ]]
+ [[ -z master ]]
+ [[ -d apache-github-source-source ]]
+ [[ ! -d apache-github-source-source/.git ]]
+ [[ ! -d apache-github-source-source ]]
+ date '+%Y-%m-%d %T.%3N'
2018-05-02 20:30:34.130
+ cd apache-github-source-source
+ git fetch origin
From https://github.com/apache/hive
   ad6dd9e..253688e  master     -> origin/master
   126b328..72ac2cb  branch-3   -> origin/branch-3
+ git reset --hard HEAD
HEAD is now at ad6dd9e HIVE-19231: Beeline generates garbled output when using UnsupportedTerminal (Naveen Gangam, reviewed by Aihua Xu)
+ git clean -f -d
+ git checkout master
Already on 'master'
Your branch is behind 'origin/master' by 1 commit, and can be fast-forwarded.
  (use "git pull" to update your local branch)
+ git reset --hard origin/master
HEAD is now at 253688e HIVE-19386 : Move TABLE_BUCKETING_VERSION to hive_metastore.thrift (Deepak Jaiswal, reviewed by Bharathkrishna Guruvayoor Murali)
+ git merge --ff-only origin/master
Already up-to-date.
+ date '+%Y-%m-%d %T.%3N'
2018-05-02 20:30:43.308
+ rm -rf ../yetus_PreCommit-HIVE-Build-10638
+ mkdir ../yetus_PreCommit-HIVE-Build-10638
+ git gc
+ cp -R . ../yetus_PreCommit-HIVE-Build-10638
+ mkdir /data/hiveptest/logs/PreCommit-HIVE-Build-10638/yetus
+ patchCommandPath=/data/hiveptest/working/scratch/smart-apply-patch.sh
+ patchFilePath=/data/hiveptest/working/scratch/build.patch
+ [[ -f /data/hiveptest/working/scratch/build.patch ]]
+ chmod +x /data/hiveptest/working/scratch/smart-apply-patch.sh
+ /data/hiveptest/working/scratch/smart-apply-patch.sh /data/hiveptest/working/scratch/build.patch
error: patch failed: ql/src/test/results/clientpositive/llap/sysdb.q.out:3350
Falling back to three-way merge...
Applied patch to 'ql/src/test/results/clientpositive/llap/sysdb.q.out' with conflicts.
Going to apply patch with: git apply -p0
error: patch failed: ql/src/test/results/clientpositive/llap/sysdb.q.out:3350
Falling back to three-way merge...
Applied patch to 'ql/src/test/results/clientpositive/llap/sysdb.q.out' with conflicts.
U ql/src/test/results/clientpositive/llap/sysdb.q.out
+ exit 1
'
{noformat}

This message is automatically generated.

ATTACHMENT ID: 12920315 - PreCommit-HIVE-Build

[~kgyrtkirk]Can you reupload the patch after rebasing?



Here are the results of testing the latest attachment:
https://issues.apache.org/jira/secure/attachment/12922663/HIVE-19166.05.patch

{color:red}ERROR:{color} -1 due to build exiting with an error

Test results: https://builds.apache.org/job/PreCommit-HIVE-Build/10809/testReport
Console output: https://builds.apache.org/job/PreCommit-HIVE-Build/10809/console
Test logs: http://104.198.109.242/logs/PreCommit-HIVE-Build-10809/

Messages:
{noformat}
Executing org.apache.hive.ptest.execution.TestCheckPhase
Executing org.apache.hive.ptest.execution.PrepPhase
Tests exited with: NonZeroExitCodeException
Command 'bash /data/hiveptest/working/scratch/source-prep.sh' failed with exit status 1 and output '+ date '+%Y-%m-%d %T.%3N'
2018-05-10 22:26:12.092
+ [[ -n /usr/lib/jvm/java-8-openjdk-amd64 ]]
+ export JAVA_HOME=/usr/lib/jvm/java-8-openjdk-amd64
+ JAVA_HOME=/usr/lib/jvm/java-8-openjdk-amd64
+ export PATH=/usr/lib/jvm/java-8-openjdk-amd64/bin/:/usr/local/bin:/usr/bin:/bin:/usr/local/games:/usr/games
+ PATH=/usr/lib/jvm/java-8-openjdk-amd64/bin/:/usr/local/bin:/usr/bin:/bin:/usr/local/games:/usr/games
+ export 'ANT_OPTS=-Xmx1g -XX:MaxPermSize=256m '
+ ANT_OPTS='-Xmx1g -XX:MaxPermSize=256m '
+ export 'MAVEN_OPTS=-Xmx1g '
+ MAVEN_OPTS='-Xmx1g '
+ cd /data/hiveptest/working/
+ tee /data/hiveptest/logs/PreCommit-HIVE-Build-10809/source-prep.txt
+ [[ false == \t\r\u\e ]]
+ mkdir -p maven ivy
+ [[ git = \s\v\n ]]
+ [[ git = \g\i\t ]]
+ [[ -z master ]]
+ [[ -d apache-github-source-source ]]
+ [[ ! -d apache-github-source-source/.git ]]
+ [[ ! -d apache-github-source-source ]]
+ date '+%Y-%m-%d %T.%3N'
2018-05-10 22:26:12.095
+ cd apache-github-source-source
+ git fetch origin
From https://github.com/apache/hive
   2d8e48c..6c364c6  master     -> origin/master
+ git reset --hard HEAD
HEAD is now at 2d8e48c HIVE-19472: HiveStreamingConnection swallows exception on partition creation (Prasanth Jayachandran reviewed by Sergey Shelukhin)
+ git clean -f -d
+ git checkout master
Already on 'master'
Your branch is behind 'origin/master' by 2 commits, and can be fast-forwarded.
  (use "git pull" to update your local branch)
+ git reset --hard origin/master
HEAD is now at 6c364c6 HIVE-19306: Arrow batch serializer (Teddy Choi, reviewed by Matt McCline and Eric Wohlstadter (non-binding))
+ git merge --ff-only origin/master
Already up-to-date.
+ date '+%Y-%m-%d %T.%3N'
2018-05-10 22:26:17.298
+ rm -rf ../yetus_PreCommit-HIVE-Build-10809
+ mkdir ../yetus_PreCommit-HIVE-Build-10809
+ git gc
+ cp -R . ../yetus_PreCommit-HIVE-Build-10809
+ mkdir /data/hiveptest/logs/PreCommit-HIVE-Build-10809/yetus
+ patchCommandPath=/data/hiveptest/working/scratch/smart-apply-patch.sh
+ patchFilePath=/data/hiveptest/working/scratch/build.patch
+ [[ -f /data/hiveptest/working/scratch/build.patch ]]
+ chmod +x /data/hiveptest/working/scratch/smart-apply-patch.sh
+ /data/hiveptest/working/scratch/smart-apply-patch.sh /data/hiveptest/working/scratch/build.patch
error: patch failed: ql/src/test/results/clientpositive/llap/sysdb.q.out:273
Falling back to three-way merge...
Applied patch to 'ql/src/test/results/clientpositive/llap/sysdb.q.out' with conflicts.
Going to apply patch with: git apply -p0
error: patch failed: ql/src/test/results/clientpositive/llap/sysdb.q.out:273
Falling back to three-way merge...
Applied patch to 'ql/src/test/results/clientpositive/llap/sysdb.q.out' with conflicts.
U ql/src/test/results/clientpositive/llap/sysdb.q.out
+ exit 1
'
{noformat}

This message is automatically generated.

ATTACHMENT ID: 12922663 - PreCommit-HIVE-Build

it's funny that someone always rewrites sysdb.q with some different crap...first HIVE-18910 now HIVE-19448...
I'll wonder if there will be 1 more change before a successfull ptest run for this ticket...
the queue is just 32 today! maybe I get the an answer by monday!? :)


| (/) *{color:green}+1 overall{color}* |
\\
\\
|| Vote || Subsystem || Runtime || Comment ||
|| || || || {color:brown} Prechecks {color} ||
| {color:green}+1{color} | {color:green} @author {color} | {color:green}  0m  0s{color} | {color:green} The patch does not contain any @author tags. {color} |
|| || || || {color:brown} master Compile Tests {color} ||
| {color:blue}0{color} | {color:blue} mvndep {color} | {color:blue}  0m 34s{color} | {color:blue} Maven dependency ordering for branch {color} |
|| || || || {color:brown} Patch Compile Tests {color} ||
| {color:blue}0{color} | {color:blue} mvndep {color} | {color:blue}  0m 10s{color} | {color:blue} Maven dependency ordering for patch {color} |
| {color:green}+1{color} | {color:green} whitespace {color} | {color:green}  0m  0s{color} | {color:green} The patch has no whitespace issues. {color} |
|| || || || {color:brown} Other Tests {color} ||
| {color:green}+1{color} | {color:green} asflicense {color} | {color:green}  0m 16s{color} | {color:green} The patch does not generate ASF License warnings. {color} |
| {color:black}{color} | {color:black} {color} | {color:black}  2m 11s{color} | {color:black} {color} |
\\
\\
|| Subsystem || Report/Notes ||
| Optional Tests |  asflicense  |
| uname | Linux hiveptest-server-upstream 3.16.0-4-amd64 #1 SMP Debian 3.16.36-1+deb8u1 (2016-09-03) x86_64 GNU/Linux |
| Build tool | maven |
| Personality | /data/hiveptest/working/yetus_PreCommit-HIVE-Build-10855/dev-support/hive-personality.sh |
| git revision | master / 615e71e |
| modules | C: . ql U: . |
| Console output | http://104.198.109.242/logs//PreCommit-HIVE-Build-10855/yetus.txt |
| Powered by | Apache Yetus    http://yetus.apache.org |


This message was automatically generated.





Here are the results of testing the latest attachment:
https://issues.apache.org/jira/secure/attachment/12923007/HIVE-19166.06.patch

{color:green}SUCCESS:{color} +1 due to 1 test(s) being added or modified.

{color:red}ERROR:{color} -1 due to 34 failed/errored test(s), 13568 tests executed
*Failed tests:*
{noformat}
TestDbNotificationListener - did not produce a TEST-*.xml file (likely timed out) (batchId=247)
TestHCatHiveCompatibility - did not produce a TEST-*.xml file (likely timed out) (batchId=247)
TestMinimrCliDriver - did not produce a TEST-*.xml file (likely timed out) (batchId=94)
	[infer_bucket_sort_num_buckets.q,infer_bucket_sort_reducers_power_two.q,parallel_orderby.q,bucket_num_reducers_acid.q,scriptfile1.q,infer_bucket_sort_map_operators.q,infer_bucket_sort_merge.q,root_dir_external_table.q,infer_bucket_sort_dyn_part.q,udf_using.q]
TestNegativeCliDriver - did not produce a TEST-*.xml file (likely timed out) (batchId=95)
	[nopart_insert.q,insert_into_with_schema.q,input41.q,having1.q,create_table_failure3.q,default_constraint_invalid_default_value.q,database_drop_not_empty_restrict.q,windowing_after_orderby.q,orderbysortby.q,subquery_select_distinct2.q,authorization_uri_alterpart_loc.q,udf_last_day_error_1.q,constraint_duplicate_name.q,create_table_failure4.q,alter_tableprops_external_with_notnull_constraint.q,semijoin5.q,udf_format_number_wrong4.q,deletejar.q,exim_11_nonpart_noncompat_sorting.q,show_tables_bad_db2.q,drop_func_nonexistent.q,alter_table_non_partitioned_table_cascade.q,check_constraint_subquery.q,load_wrong_fileformat.q,check_constraint_udtf.q,lockneg_try_db_lock_conflict.q,udf_field_wrong_args_len.q,create_table_failure2.q,create_with_fk_constraints_enforced.q,groupby2_map_skew_multi_distinct.q,mm_update.q,authorization_update_noupdatepriv.q,show_columns2.q,authorization_insert_noselectpriv.q,orc_replace_columns3_acid.q,compare_double_bigint.q,authorization_set_nonexistent_conf.q,alter_rename_partition_failure3.q,split_sample_wrong_format2.q,create_with_fk_pk_same_tab.q,compare_double_bigint_2.q,authorization_show_roles_no_admin.q,materialized_view_authorization_rebuild_no_grant.q,unionLimit.q,authorization_revoke_table_fail2.q,duplicate_insert3.q,authorization_desc_table_nosel.q,stats_noscan_non_native.q,orc_change_serde_acid.q,create_or_replace_view7.q,exim_07_nonpart_noncompat_ifof.q,create_with_unique_constraints_enforced.q,udf_concat_ws_wrong2.q,fileformat_bad_class.q,merge_negative_2.q,exim_15_part_nonpart.q,authorization_not_owner_drop_view.q,external1.q,authorization_uri_insert.q,create_with_fk_wrong_ref.q,columnstats_tbllvl_incorrect_column.q,authorization_show_parts_nosel.q,authorization_not_owner_drop_tab.q,external2.q,authorization_deletejar.q,temp_table_create_like_partitions.q,udf_greatest_error_1.q,ptf_negative_AggrFuncsWithNoGBYNoPartDef.q,alter_view_as_select_not_exist.q,touch1.q,groupby3_map_skew_multi_distinct.q,insert_into_notnull_constraint.q,exchange_partition_neg_partition_missing.q,groupby_cube_multi_gby.q,columnstats_tbllvl.q,drop_invalid_constraint2.q,alter_table_add_partition.q,update_not_acid.q,archive5.q,alter_table_constraint_invalid_pk_col.q,ivyDownload.q,udf_instr_wrong_type.q,bad_sample_clause.q,authorization_not_owner_drop_tab2.q,authorization_alter_db_owner.q,show_columns1.q,orc_type_promotion3.q,create_view_failure8.q,strict_join.q,udf_add_months_error_1.q,groupby_cube2.q,groupby_cube1.q,groupby_rollup1.q,genericFileFormat.q,invalid_cast_from_binary_4.q,drop_invalid_constraint1.q,serde_regex.q,show_partitions1.q,check_constraint_nonboolean_expr.q,invalid_cast_from_binary_6.q,create_with_multi_pk_constraint.q,udf_field_wrong_type.q,groupby_grouping_sets4.q,groupby_grouping_sets3.q,insertsel_fail.q,udf_locate_wrong_type.q,orc_type_promotion1_acid.q,set_table_property.q,create_or_replace_view2.q,groupby_grouping_sets2.q,alter_view_failure.q,distinct_windowing_failure1.q,invalid_t_alter2.q,alter_table_constraint_invalid_fk_col1.q,invalid_varchar_length_2.q,authorization_show_grant_otheruser_alltabs.q,subquery_windowing_corr.q,compact_non_acid_table.q,authorization_view_4.q,authorization_disallow_transform.q,materialized_view_authorization_rebuild_other.q,authorization_fail_4.q,dbtxnmgr_nodblock.q,set_hiveconf_internal_variable1.q,input_part0_neg.q,udf_printf_wrong3.q,load_orc_negative2.q,druid_buckets.q,archive2.q,authorization_addjar.q,invalid_sum_syntax.q,insert_into_with_schema1.q,udf_add_months_error_2.q,dyn_part_max_per_node.q,authorization_revoke_table_fail1.q,udf_printf_wrong2.q,archive_multi3.q,udf_printf_wrong1.q,subquery_subquery_chain.q,authorization_view_disable_cbo_4.q,no_matching_udf.q,create_view_failure7.q,drop_native_udf.q,truncate_column_list_bucketing.q,authorization_uri_add_partition.q,authorization_view_disable_cbo_3.q,bad_exec_hooks.q,authorization_view_disable_cbo_2.q,fetchtask_ioexception.q,char_pad_convert_fail2.q,authorization_set_role_neg1.q,serde_regex3.q,authorization_delete_nodeletepriv.q,materialized_view_delete.q,create_or_replace_view6.q,bucket_mapjoin_wrong_table_metadata_2.q,udf_sort_array_by_wrong2.q,local_mapred_error_cache.q,alter_external_acid.q,mm_concatenate.q,authorization_fail_3.q,set_hiveconf_internal_variable0.q,udf_last_day_error_2.q,alter_table_constraint_invalid_ref.q,create_table_wrong_regex.q,describe_xpath4.q,join32.q,insert_sorted.q,describe_xpath2.q,authorization_role_grant_otheruser.q,masking_acid_merge.q,authorization_ctas.q,authorization_fail_5.q,alter_view_failure9.q,insert_into_acid_notnull.q,illegal_partition_type3.q,alter_table_constraint_invalid_pk_tbl.q,authorization_uri_import.q,database_drop_does_not_exist.q,date_literal3.q,archive_multi4.q,date_literal2.q,gby_star2.q,authorization_table_grant_nosuchrole.q,insert_into_with_schema2.q,join_cond_unqual_ambiguous_vc.q,archive_multi2.q,analyze1.q,invalid_distinct3.q,fs_default_name1.q,subquery_in_on.q,show_columns3.q,column_rename1.q,authorization_view_1.q,ptf_negative_JoinWithAmbigousAlias.q,groupby_rollup3.q,truncate_table_failure6.q,groupby_cube3.q,invalid_create_tbl1.q,illegal_partition_type.q,cachingprintstream.q,create_function_nonudf_class.q,exchange_partition_neg_table_missing2.q,dbtxnmgr_notablelock.q,create_view_failure1.q,create_view_failure2.q,alter_view_failure8.q,check_constraint_window_fun.q,update_notnull_constraint.q,authorization_drop_db_cascade.q,archive_partspec3.q,truncate_partition_column.q,alter_partition_partial_spec_dyndisabled.q,udf_format_number_wrong2.q,column_rename5.q,authorization_import.q,authorization_fail_2.q,script_error.q,archive_partspec5.q,script_broken_pipe2.q,update_no_such_table.q,exim_09_nonpart_noncompat_serdeparam.q,invalid_cast_from_binary_1.q,archive_partspec1.q,unionDistributeBy.q,drop_function_failure.q,authorization_priv_current_role_neg.q,archive_insert1.q,authorization_addpartition.q,archive_multi6.q,exim_05_nonpart_noncompat_coltype.q,druid_case.q,invalid_cast_to_binary_5.q,orderby_invalid_position.q,materialized_view_authorization_create_no_select_perm.q,exchange_partition_neg_with_fullacid_table.q,druid_address.q,delete_not_acid.q,temp_table_partitions.q,constraint_invalide_name.q,authorization_uri_load_data.q,udf_locate_wrong_args_len.q,duplicate_insert1.q,duplicate_insert2.q,udf_sort_array_by_wrong3.q,stats_publisher_error_2.q,show_tableproperties1.q,invalid_cast_to_binary_2.q,authorization_drop_admin_role.q,lockneg1.q,exim_16_part_noncompat_schema.q,database_switch_does_not_exist.q,ctas.q,exim_10_nonpart_noncompat_bucketing.q,unionOrderBy.q,addpart1.q,ptf_negative_NoWindowDefn.q,authorization_set_invalidconf.q,udtf_explode_not_supported3.q,ptf_negative_AmbiguousWindowDefn.q,create_external_with_check_constraint.q,udtf_invalid_place.q,join_cond_unqual_ambiguous.q,udf_format_number_wrong1.q,authorization_view_disable_cbo_6.q,exim_25_import_nonexist_authfail.q,authorization_role_cycles1.q,invalid_char_length_3.q,groupby_struct.q,join_alt_syntax_comma_on.q,exchange_partition_neg_incomplete_partition.q,udf_test_error_reduce.q,load_wrong_noof_part.q,authorization_export_ptn.q,drop_partition_failure.q,subquery_in_implicit_gby.q,udf_map_values_arg_num.q,udf_elt_wrong_args_len.q,alter_table_wrong_location.q,archive_insert4.q,authorization_grant_table_fail_nogrant.q,authorization_create_func1.q,dyn_part3.q,cte_with_in_subquery.q,drop_table_used_by_mv.q,column_change_skewedcol_type1.q,materialized_view_drop.q,selectDistinctStarNeg_2.q,exchange_partition_neg_with_mm_table.q,invalid_std_syntax.q,unset_view_property.q,authorization_view_3.q,subquery_exists_implicit_gby.q,authorization_set_role_neg2.q,authorization_grant_group.q,invalid_min_syntax.q,semijoin3.q,truncate_nonexistant_column.q,exchange_partition_neg_table_missing.q,gby_star.q,truncate_partition_column2.q,insertover_dynapart_ifnotexists.q,unionClusterBy.q,udf_qualified_name.q,udaf_invalid_place.q,spark_job_max_tasks.q,authorization_cannot_create_default_role.q,nonkey_groupby.q,spark_stage_max_tasks.q,ptf_negative_HavingLeadWithNoGBYNoWindowing.q,alter_view_as_select_with_partition.q,load_exist_part_authfail.q,archive_multi7.q,authorization_create_func2.q,authorization_grant_uri.q,line_terminator.q,load_view_failure.q,groupby_grouping_sets8.q,invalid_cast_from_binary_3.q,exim_21_part_managed_external.q,insert_into4.q,database_create_invalid_name.q,groupby_grouping_sets7.q,subq_insert.q,dyn_part2.q,alter_external_with_notnull_constraint.q,exchange_partition.q,lateral_view_join.q,allow_change_col_type_par_neg.q,create_function_nonexistent_db.q,create_function_nonexistent_class.q,authorization_not_owner_alter_tab_rename.q,strict_pruning.q,subquery_notexists_implicit_gby.q,orc_reorder_columns1.q,columnstats_partlvl_invalid_values.q,orc_reorder_columns2.q,authorization_dfs.q,udf_format_number_wrong7.q,exim_17_part_spec_underspec.q,druid_partitions.q,authorization_drop_role_no_admin.q,windowing_ll_no_over.q,subquery_corr_from.q,desc_failure2.q,load_non_native.q,windowing_ll_no_neg.q,authorization_role_grant2.q,lockneg4.q,lockneg3.q,drop_table_failure2.q,temp_table_authorize_create_tbl.q,dyn_part_max.q,orc_reorder_columns2_acid.q,change_hive_local_session_path.q,insert_into5.q,insert_into1.q,insert_into3.q,udf_in_2.q,udtf_explode_not_supported2.q,sample.q,udtf_explode_not_supported1.q,authorization_droppartition.q,orc_type_promotion2_acid.q,materialized_view_load.q,right_side_join.q,authorization_fail_1.q,authorization_cannot_create_all_role.q,invalid_max_syntax.q,udf_array_contains_wrong1.q,authorization_cannot_create_none_role.q,subquery_in_lhs.q,orc_replace_columns3.q,udf_size_wrong_args_len.q,create_skewed_table_dup_col_name.q,authorization_fail_7.q,authorization_invalid_priv_v1.q,invalidate_view1.q,union22.q,subquery_scalar_multi_columns.q,disallow_incompatible_type_change_on1.q,semijoin1.q,create_skewed_table_failure_invalid_col_name.q,udf_when_type_wrong.q,timestamp_literal.q,create_external_with_default_constraint.q,truncate_table_failure4.q,masking_acid_delete.q,check_constraint_violation.q,uniquejoin2.q,authorization_grant_table_dup.q,invalid_tbl_name.q,authorization_createview.q,alter_external_with_default_constraint.q,truncate_table_failure1.q,alter_partition_coltype_invalidtype.q,show_tablestatus_not_existing_part.q,authorization_msck.q,truncate_table_failure2.q,joinneg.q]
TestNegativeCliDriver - did not produce a TEST-*.xml file (likely timed out) (batchId=96)
	[udf_invalid.q,authorization_uri_export.q,default_constraint_complex_default_value.q,druid_datasource2.q,check_constraint_max_length.q,view_update.q,default_partition_name.q,authorization_public_create.q,load_wrong_fileformat_rc_seq.q,default_constraint_invalid_type.q,altern1.q,describe_xpath1.q,drop_view_failure2.q,temp_table_rename.q,invalid_select_column_with_subquery.q,udf_trunc_error1.q,insert_view_failure.q,dbtxnmgr_nodbunlock.q,authorization_show_columns.q,cte_recursion.q,merge_constraint_notnull.q,clusterbyorderby.q,orc_type_promotion2.q,ctas_noperm_loc.q,udf_min.q,udf_instr_wrong_args_len.q,invalid_create_tbl2.q,part_col_complex_type.q,authorization_drop_db_empty.q,smb_mapjoin_14.q,subquery_scalar_multi_rows.q,alter_partition_coltype_2columns.q,subquery_corr_in_agg.q,insert_overwrite_notnull_constraint.q,authorization_show_grant_otheruser_wtab.q,regex_col_groupby.q,ptf_negative_DuplicateWindowAlias.q,exim_22_export_authfail.q,authorization_insert_noinspriv.q,udf_likeany_wrong1.q,groupby_key.q,ambiguous_col.q,groupby3_multi_distinct.q,authorization_alter_drop_ptn.q,invalid_cast_from_binary_5.q,show_create_table_does_not_exist.q,invalid_select_column.q,exim_20_managed_location_over_existing.q,interval_3.q,authorization_compile.q,join35.q,udf_concat_ws_wrong3.q,create_or_replace_view8.q,create_external_with_notnull_constraint.q,split_sample_out_of_range.q,materialized_view_no_transactional_rewrite.q,authorization_show_grant_otherrole.q,create_with_constraints_duplicate_name.q,invalid_stddev_samp_syntax.q,authorization_view_disable_cbo_7.q,autolocal1.q,avro_non_nullable_union.q,load_orc_negative_part.q,drop_view_failure1.q,columnstats_partlvl_invalid_values_autogather.q,exim_13_nonnative_import.q,alter_table_wrong_regex.q,udf_next_day_error_2.q,authorization_select.q,udf_trunc_error2.q,authorization_view_7.q,udf_format_number_wrong5.q,touch2.q,orc_type_promotion1.q,lateral_view_alias.q,show_tables_bad_db1.q,unset_table_property.q,alter_non_native.q,nvl_mismatch_type.q,load_orc_negative3.q,authorization_create_role_no_admin.q,invalid_distinct1.q,authorization_grant_server.q,orc_type_promotion3_acid.q,hms_using_serde_alter_table_update_columns.q,show_tables_bad1.q,macro_unused_parameter.q,drop_invalid_constraint3.q,drop_partition_filter_failure.q,char_pad_convert_fail3.q,exim_23_import_exist_authfail.q,drop_invalid_constraint4.q,authorization_create_macro1.q,archive1.q,subquery_multiple_cols_in_select.q,change_hive_hdfs_session_path.q,udf_trunc_error3.q,invalid_variance_syntax.q,authorization_truncate_2.q,invalid_avg_syntax.q,invalid_select_column_with_tablename.q,mm_truncate_cols.q,groupby_grouping_sets1.q,druid_location.q,groupby2_multi_distinct.q,authorization_sba_drop_table.q,dynamic_partitions_with_whitelist.q,compare_string_bigint_2.q,udf_greatest_error_2.q,authorization_view_6.q,show_tablestatus.q,duplicate_alias_in_transform_schema.q,create_with_fk_uk_same_tab.q,udtf_not_supported3.q,alter_table_constraint_invalid_fk_col2.q,udtf_not_supported1.q,dbtxnmgr_notableunlock.q,ptf_negative_InvalidValueBoundary.q,alter_table_constraint_duplicate_pk.q,udf_printf_wrong4.q,create_view_failure9.q,udf_elt_wrong_type.q,selectDistinctStarNeg_1.q,invalid_mapjoin1.q,load_stored_as_dirs.q,input1.q,udf_sort_array_wrong1.q,invalid_distinct2.q,invalid_select_fn.q,authorization_role_grant_otherrole.q,archive4.q,load_nonpart_authfail.q,recursive_view.q,authorization_view_disable_cbo_1.q,desc_failure4.q,create_not_acid.q,udf_sort_array_wrong3.q,char_pad_convert_fail0.q,udf_map_values_arg_type.q,alter_view_failure6_2.q,alter_partition_change_col_nonexist.q,update_non_acid_table.q,authorization_view_disable_cbo_5.q,ct_noperm_loc.q,interval_1.q,authorization_show_grant_otheruser_all.q,authorization_view_2.q,show_tables_bad2.q,groupby_rollup2.q,truncate_column_seqfile.q,create_view_failure5.q,authorization_create_view.q,ptf_window_boundaries.q,ctasnullcol.q,input_part0_neg_2.q,create_or_replace_view1.q,udf_max.q,exim_01_nonpart_over_loaded.q,msck_repair_1.q,orc_change_fileformat_acid.q,udf_nonexistent_resource.q,msck_repair_3.q,exim_19_external_over_existing.q,serde_regex2.q,msck_repair_2.q,exim_06_nonpart_noncompat_storage.q,illegal_partition_type4.q,udf_sort_array_by_wrong1.q,windowing_leadlag_in_udaf.q,avro_decimal.q,materialized_view_update.q,illegal_partition_type2.q,invalid_varchar_length_1.q,authorization_view_5.q,nested_complex_neg.q,lockneg_try_drop_locked_db.q,constraint_partition_columns.q,authorization_insertpart_noinspriv.q,avro_add_column_extschema.q,udf_sort_array_wrong2.q,drop_database_cascade.q,archive3.q,alter_view_failure5.q,load_orc_negative1.q,create_external_acid.q,check_constraint_temporary_udf.q,file_with_header_footer_negative.q,alter_view_failure6.q,create_view_failure6.q,char_pad_convert_fail1.q,invalid_var_samp_syntax.q,update_partition_col.q,database_create_already_exists.q,union2.q,windowing_invalid_udaf.q,authorization_public_drop.q,truncate_table_failure5.q,alter_view_failure2.q,udf_reflect_neg.q,interval_2.q,column_rename2.q,set_hiveconf_validation0.q,materialized_view_drop2.q,repl_dump_requires_admin.q,alter_view_failure7.q,alter_view_failure4.q,alter_view_failure3.q,udf_map_keys_arg_type.q,alter_partition_with_whitelist.q,authorization_show_role_principals_no_admin.q,table_nonprintable_negative.q,clusterbydistributeby.q,authorization_rolehierarchy_privs.q,alter_notnull_constraint_violation.q,check_constraint_aggregate.q,script_broken_pipe3.q,column_rename3.q,authorization_fail_create_db.q,compute_stats_long.q,sortmerge_mapjoin_mismatch_1.q,insert_into6.q,select_charliteral.q,fs_default_name2.q,check_constraint_qual_name.q,archive_multi5.q,input4.q,create_udaf_failure.q,create_table_failure1.q,regex_col_1.q,materialized_view_authorization_no_select_perm.q,decimal_precision_1.q,columnstats_partlvl_multiple_part_clause.q,udf_if_not_bool.q,materialized_view_replace_with_view.q,invalid_cast_to_binary_6.q,lockneg5.q,mm_delete.q,database_drop_not_empty.q,smb_bucketmapjoin.q,alter_rename_partition_failure2.q,invalid_cast_to_binary_4.q,decimal_precision.q,create_view_failure10.q,invalid_cast_to_binary_3.q,groupby_invalid_position.q,load_wrong_fileformat_txt_seq.q,exchange_partition_neg_partition_exists.q,authorization_not_owner_alter_tab_serdeprop.q,alter_rename_partition_failure.q,merge_negative_5.q,authorization_invalid_priv_v2.q,bucket_mapjoin_wrong_table_metadata_1.q,lockneg2.q,join28.q,exchange_partition_neg_test.q,lockneg_try_lock_db_in_use.q,udf_assert_true.q,udf_coalesce.q,join29.q,archive_partspec4.q,exim_24_import_part_authfail.q,exim_08_nonpart_noncompat_serde.q,udtf_explode_not_supported4.q,create_view_failure4.q,default_constraint_invalid_default_value_type.q,invalid_char_length_1.q,udf_in.q,create_view_failure3.q,strict_pruning_2.q,insertexternal1.q,alter_partition_change_col_dup_col.q,authorization_ctas2.q,uniquejoin.q,authorization_role_grant_nosuchrole.q,column_rename4.q,create_with_fk_wrong_ref2.q,authorization_role_case.q,udf_if_wrong_args_len.q,create_skewed_table_col_name_value_no_mismatch.q,compare_string_bigint.q,archive_insert2.q,authorization_grant_table_fail1.q,exim_02_all_part_over_overlap.q,archive_multi1.q,subquery_in_groupby.q,authorization_role_grant.q,insert_into_with_schema3.q,create_with_fk_constraint.q,materialized_view_insert.q,orc_replace_columns1.q,updateBasicStats.q,udf_likeall_wrong1.q,udf_map_keys_arg_num.q,subquery_scalar_corr_multi_rows.q,exchange_partition_neg_partition_exists2.q,udf_test_error.q,distinct_windowing_failure2.q,authorization_caseinsensitivity.q,update_bucket_col.q,create_or_replace_view3.q,lockneg_query_tbl_in_locked_db.q,authorization_select_view.q,check_constraint_tbl_level.q,create_or_replace_view4.q,disallow_incompatible_type_change_on2.q,ptf_negative_DistributeByOrderBy.q,desc_failure3.q,create_insert_outputformat.q,alter_table_wrong_location2.q,groupby_grouping_sets5.q,authorization_uri_create_table_ext.q,invalid_t_create2.q,load_data_parquet_empty.q,groupby_grouping_sets6.q,subquery_corr_grandparent.q,archive_insert3.q,authorization_alter_table_exchange_partition_fail2.q,invalid_cast_from_binary_2.q,authorize_grant_public.q,authorization_fail_drop_db.q,insert_into_with_schema4.q,parquet_alter_part_table_drop_columns.q,unionSortBy.q,invalid_char_length_2.q,insert_multi_into_notnull.q,groupby_grouping_id1.q,strict_orderby_2.q,udf_next_day_error_1.q,authorize_revoke_public.q,load_part_authfail.q,drop_default_partition_filter.q,orc_replace_columns2.q,alter_file_format.q,authorization_alter_db_owner_default.q,authorization_uri_createdb.q,authorization_import_ptn.q,selectDistinctWithoutAggr.q,split_sample_wrong_format.q,authorization_fail_8.q,regex_col_2.q,ptf_negative_PartitionBySortBy.q,stats_aggregator_error_2.q,drop_table_failure1.q,stats_aggregator_error_1.q,udf_concat_ws_wrong1.q,exim_12_nonnative_export.q,clustern4.q,strict_orderby.q,authorization_insertoverwrite_nodel.q,exim_18_part_spec_missing.q,invalid_t_transform.q,columnstats_tbllvl_complex_type.q,authorization_grant_table_allpriv.q,msck_repair_4.q,set_hiveconf_validation1.q,authorization_alter_table_exchange_partition_fail.q,ctas_noemptyfolder.q,clustern2.q,set_hiveconf_validation2.q,bucket_mapjoin_mismatch1.q,mm_convert.q,truncate_bucketed_column.q,druid_datasource.q,udf_assert_true2.q,strict_join_2.q,udf_format_number_wrong3.q,default_constraint_invalid_default_value_length.q,masking_acid_update.q,materialized_view_no_transactional_rewrite_2.q,materialized_view_authorization_drop_other.q,dyn_part1.q,default_constraint_invalid_default_value2.q,select_star_suffix.q,subquery_select_distinct.q,authorization_uri_create_table1.q,special_character_in_tabnames_1.q,archive_partspec2.q,analyze_non_existent_tbl.q,create_with_pk_constraints_enforced.q,orderby_position_unsupported.q,subquery_subquery_chain_exists.q,orc_reorder_columns1_acid.q,subquery_notin_implicit_gby.q,notable_alias4.q,semijoin2.q,desc_failure1.q,ptf_negative_HavingLeadWithPTF.q,alter_tableprops_external_with_default_constraint.q,create_unknown_udf_udaf.q,materialized_view_authorization_create_no_grant.q,orc_change_serde.q,uniquejoin3.q,stats_publisher_error_1.q,authorization_part.q,alter_table_constraint_invalid_fk_tbl1.q,fileformat_void_input.q,truncate_table_failure3.q,alter_table_constraint_invalid_fk_tbl2.q,mismatch_columns_insertion.q,repl_load_requires_admin.q]
TestNonCatCallsWithCatalog - did not produce a TEST-*.xml file (likely timed out) (batchId=217)
TestSequenceFileReadWrite - did not produce a TEST-*.xml file (likely timed out) (batchId=247)
TestTxnExIm - did not produce a TEST-*.xml file (likely timed out) (batchId=286)
org.apache.hadoop.hive.cli.TestCliDriver.testCliDriver[fouter_join_ppr] (batchId=33)
org.apache.hadoop.hive.cli.TestMiniDruidKafkaCliDriver.testCliDriver[druidkafkamini_basic] (batchId=253)
org.apache.hadoop.hive.cli.TestMiniLlapLocalCliDriver.testCliDriver[bucket_map_join_tez1] (batchId=175)
org.apache.hadoop.hive.cli.TestMiniLlapLocalCliDriver.testCliDriver[mm_bhif] (batchId=157)
org.apache.hadoop.hive.cli.TestMiniLlapLocalCliDriver.testCliDriver[schema_evol_orc_acidvec_part] (batchId=170)
org.apache.hadoop.hive.cli.TestMiniLlapLocalCliDriver.testCliDriver[schema_evol_orc_vec_part_llap_io] (batchId=170)
org.apache.hadoop.hive.cli.TestMiniLlapLocalCliDriver.testCliDriver[special_character_in_tabnames_1] (batchId=165)
org.apache.hadoop.hive.cli.TestMiniLlapLocalCliDriver.testCliDriver[sysdb] (batchId=163)
org.apache.hadoop.hive.cli.TestMiniLlapLocalCliDriver.testCliDriver[tez_smb_1] (batchId=172)
org.apache.hadoop.hive.cli.TestMiniLlapLocalCliDriver.testCliDriver[tez_vector_dynpart_hashjoin_1] (batchId=172)
org.apache.hadoop.hive.cli.TestMiniLlapLocalCliDriver.testCliDriver[union_fast_stats] (batchId=167)
org.apache.hadoop.hive.cli.TestMiniLlapLocalCliDriver.testCliDriver[union_stats] (batchId=159)
org.apache.hadoop.hive.cli.control.TestDanglingQOuts.checkDanglingQOut (batchId=225)
org.apache.hadoop.hive.metastore.TestOldSchema.testPartitionOps (batchId=217)
org.apache.hadoop.hive.metastore.TestStats.partitionedTableDeprecatedCalls (batchId=211)
org.apache.hadoop.hive.ql.TestAcidOnTez.testCtasTezUnion (batchId=228)
org.apache.hadoop.hive.ql.TestAcidOnTez.testNonStandardConversion01 (batchId=228)
org.apache.hadoop.hive.ql.TestMTQueries.testMTQueries1 (batchId=232)
org.apache.hadoop.hive.ql.parse.TestCopyUtils.testPrivilegedDistCpWithSameUserAsCurrentDoesNotTryToImpersonate (batchId=231)
org.apache.hadoop.hive.ql.parse.TestReplicationOnHDFSEncryptedZones.targetAndSourceHaveDifferentEncryptionZoneKeys (batchId=231)
org.apache.hadoop.hive.ql.parse.TestReplicationScenariosAcidTables.testAcidTablesBootstrap (batchId=231)
org.apache.hadoop.hive.ql.parse.TestReplicationScenariosAcidTables.testAcidTablesBootstrapWithOpenTxnsTimeout (batchId=231)
org.apache.hive.beeline.TestBeeLineWithArgs.testQueryProgress (batchId=236)
org.apache.hive.beeline.TestBeeLineWithArgs.testQueryProgressParallel (batchId=236)
org.apache.hive.jdbc.TestSSL.testSSLFetchHttp (batchId=239)
org.apache.hive.spark.client.rpc.TestRpc.testServerPort (batchId=304)
{noformat}

Test results: https://builds.apache.org/job/PreCommit-HIVE-Build/10855/testReport
Console output: https://builds.apache.org/job/PreCommit-HIVE-Build/10855/console
Test logs: http://104.198.109.242/logs/PreCommit-HIVE-Build-10855/

Messages:
{noformat}
Executing org.apache.hive.ptest.execution.TestCheckPhase
Executing org.apache.hive.ptest.execution.PrepPhase
Executing org.apache.hive.ptest.execution.YetusPhase
Executing org.apache.hive.ptest.execution.ExecutionPhase
Executing org.apache.hive.ptest.execution.ReportingPhase
Tests exited with: TestsFailedException: 34 tests failed
{noformat}

This message is automatically generated.

ATTACHMENT ID: 12923007 - PreCommit-HIVE-Build

| (/) *{color:green}+1 overall{color}* |
\\
\\
|| Vote || Subsystem || Runtime || Comment ||
|| || || || {color:brown} Prechecks {color} ||
| {color:green}+1{color} | {color:green} @author {color} | {color:green}  0m  0s{color} | {color:green} The patch does not contain any @author tags. {color} |
|| || || || {color:brown} master Compile Tests {color} ||
| {color:blue}0{color} | {color:blue} mvndep {color} | {color:blue}  0m 39s{color} | {color:blue} Maven dependency ordering for branch {color} |
| {color:green}+1{color} | {color:green} mvninstall {color} | {color:green}  6m 39s{color} | {color:green} master passed {color} |
| {color:green}+1{color} | {color:green} compile {color} | {color:green}  1m 29s{color} | {color:green} master passed {color} |
| {color:green}+1{color} | {color:green} checkstyle {color} | {color:green}  0m 50s{color} | {color:green} master passed {color} |
| {color:blue}0{color} | {color:blue} findbugs {color} | {color:blue}  0m 41s{color} | {color:blue} itests/util in master has 55 extant Findbugs warnings. {color} |
| {color:blue}0{color} | {color:blue} findbugs {color} | {color:blue}  3m 46s{color} | {color:blue} ql in master has 2320 extant Findbugs warnings. {color} |
| {color:green}+1{color} | {color:green} javadoc {color} | {color:green}  1m 14s{color} | {color:green} master passed {color} |
|| || || || {color:brown} Patch Compile Tests {color} ||
| {color:blue}0{color} | {color:blue} mvndep {color} | {color:blue}  0m  8s{color} | {color:blue} Maven dependency ordering for patch {color} |
| {color:green}+1{color} | {color:green} mvninstall {color} | {color:green}  1m 45s{color} | {color:green} the patch passed {color} |
| {color:green}+1{color} | {color:green} compile {color} | {color:green}  1m 21s{color} | {color:green} the patch passed {color} |
| {color:green}+1{color} | {color:green} javac {color} | {color:green}  1m 21s{color} | {color:green} the patch passed {color} |
| {color:green}+1{color} | {color:green} checkstyle {color} | {color:green}  0m 50s{color} | {color:green} the patch passed {color} |
| {color:green}+1{color} | {color:green} whitespace {color} | {color:green}  0m  0s{color} | {color:green} The patch has no whitespace issues. {color} |
| {color:green}+1{color} | {color:green} findbugs {color} | {color:green}  4m 46s{color} | {color:green} the patch passed {color} |
| {color:green}+1{color} | {color:green} javadoc {color} | {color:green}  1m  9s{color} | {color:green} the patch passed {color} |
|| || || || {color:brown} Other Tests {color} ||
| {color:green}+1{color} | {color:green} asflicense {color} | {color:green}  0m 12s{color} | {color:green} The patch does not generate ASF License warnings. {color} |
| {color:black}{color} | {color:black} {color} | {color:black} 26m  7s{color} | {color:black} {color} |
\\
\\
|| Subsystem || Report/Notes ||
| Optional Tests |  asflicense  javac  javadoc  findbugs  checkstyle  compile  |
| uname | Linux hiveptest-server-upstream 3.16.0-4-amd64 #1 SMP Debian 3.16.36-1+deb8u1 (2016-09-03) x86_64 GNU/Linux |
| Build tool | maven |
| Personality | /data/hiveptest/working/yetus_PreCommit-HIVE-Build-10987/dev-support/hive-personality.sh |
| git revision | master / 38c757c |
| Default Java | 1.8.0_111 |
| findbugs | v3.0.0 |
| modules | C: itests/util ql U: . |
| Console output | http://104.198.109.242/logs//PreCommit-HIVE-Build-10987/yetus.txt |
| Powered by | Apache Yetus    http://yetus.apache.org |


This message was automatically generated.





Here are the results of testing the latest attachment:
https://issues.apache.org/jira/secure/attachment/12923506/HIVE-19166.09.patch

{color:green}SUCCESS:{color} +1 due to 1 test(s) being added or modified.

{color:red}ERROR:{color} -1 due to 2 failed/errored test(s), 14406 tests executed
*Failed tests:*
{noformat}
org.apache.hadoop.hive.cli.TestMiniLlapLocalCliDriver.testCliDriver[sysdb] (batchId=163)
org.apache.hive.hcatalog.mapreduce.TestHCatMultiOutputFormat.org.apache.hive.hcatalog.mapreduce.TestHCatMultiOutputFormat (batchId=203)
{noformat}

Test results: https://builds.apache.org/job/PreCommit-HIVE-Build/10987/testReport
Console output: https://builds.apache.org/job/PreCommit-HIVE-Build/10987/console
Test logs: http://104.198.109.242/logs/PreCommit-HIVE-Build-10987/

Messages:
{noformat}
Executing org.apache.hive.ptest.execution.TestCheckPhase
Executing org.apache.hive.ptest.execution.PrepPhase
Executing org.apache.hive.ptest.execution.YetusPhase
Executing org.apache.hive.ptest.execution.ExecutionPhase
Executing org.apache.hive.ptest.execution.ReportingPhase
Tests exited with: TestsFailedException: 2 tests failed
{noformat}

This message is automatically generated.

ATTACHMENT ID: 12923506 - PreCommit-HIVE-Build

| (/) *{color:green}+1 overall{color}* |
\\
\\
|| Vote || Subsystem || Runtime || Comment ||
|| || || || {color:brown} Prechecks {color} ||
| {color:green}+1{color} | {color:green} @author {color} | {color:green}  0m  0s{color} | {color:green} The patch does not contain any @author tags. {color} |
|| || || || {color:brown} master Compile Tests {color} ||
| {color:blue}0{color} | {color:blue} mvndep {color} | {color:blue}  0m 44s{color} | {color:blue} Maven dependency ordering for branch {color} |
| {color:green}+1{color} | {color:green} mvninstall {color} | {color:green}  6m 49s{color} | {color:green} master passed {color} |
| {color:green}+1{color} | {color:green} compile {color} | {color:green}  1m 30s{color} | {color:green} master passed {color} |
| {color:green}+1{color} | {color:green} checkstyle {color} | {color:green}  0m 50s{color} | {color:green} master passed {color} |
| {color:blue}0{color} | {color:blue} findbugs {color} | {color:blue}  0m 41s{color} | {color:blue} itests/util in master has 55 extant Findbugs warnings. {color} |
| {color:blue}0{color} | {color:blue} findbugs {color} | {color:blue}  3m 49s{color} | {color:blue} ql in master has 2322 extant Findbugs warnings. {color} |
| {color:green}+1{color} | {color:green} javadoc {color} | {color:green}  1m 11s{color} | {color:green} master passed {color} |
|| || || || {color:brown} Patch Compile Tests {color} ||
| {color:blue}0{color} | {color:blue} mvndep {color} | {color:blue}  0m  8s{color} | {color:blue} Maven dependency ordering for patch {color} |
| {color:green}+1{color} | {color:green} mvninstall {color} | {color:green}  1m 48s{color} | {color:green} the patch passed {color} |
| {color:green}+1{color} | {color:green} compile {color} | {color:green}  1m 28s{color} | {color:green} the patch passed {color} |
| {color:green}+1{color} | {color:green} javac {color} | {color:green}  1m 28s{color} | {color:green} the patch passed {color} |
| {color:green}+1{color} | {color:green} checkstyle {color} | {color:green}  0m 47s{color} | {color:green} the patch passed {color} |
| {color:green}+1{color} | {color:green} whitespace {color} | {color:green}  0m  0s{color} | {color:green} The patch has no whitespace issues. {color} |
| {color:green}+1{color} | {color:green} findbugs {color} | {color:green}  4m 52s{color} | {color:green} the patch passed {color} |
| {color:green}+1{color} | {color:green} javadoc {color} | {color:green}  1m 14s{color} | {color:green} the patch passed {color} |
|| || || || {color:brown} Other Tests {color} ||
| {color:green}+1{color} | {color:green} asflicense {color} | {color:green}  0m 13s{color} | {color:green} The patch does not generate ASF License warnings. {color} |
| {color:black}{color} | {color:black} {color} | {color:black} 26m 46s{color} | {color:black} {color} |
\\
\\
|| Subsystem || Report/Notes ||
| Optional Tests |  asflicense  javac  javadoc  findbugs  checkstyle  compile  |
| uname | Linux hiveptest-server-upstream 3.16.0-4-amd64 #1 SMP Debian 3.16.36-1+deb8u1 (2016-09-03) x86_64 GNU/Linux |
| Build tool | maven |
| Personality | /data/hiveptest/working/yetus_PreCommit-HIVE-Build-11152/dev-support/hive-personality.sh |
| git revision | master / ed95ee9 |
| Default Java | 1.8.0_111 |
| findbugs | v3.0.0 |
| modules | C: itests/util ql U: . |
| Console output | http://104.198.109.242/logs//PreCommit-HIVE-Build-11152/yetus.txt |
| Powered by | Apache Yetus    http://yetus.apache.org |


This message was automatically generated.





Here are the results of testing the latest attachment:
https://issues.apache.org/jira/secure/attachment/12924501/HIVE-19166.10.patch

{color:green}SUCCESS:{color} +1 due to 1 test(s) being added or modified.

{color:red}ERROR:{color} -1 due to 2 failed/errored test(s), 14396 tests executed
*Failed tests:*
{noformat}
org.apache.hadoop.hive.cli.TestMiniLlapLocalCliDriver.testCliDriver[sysdb] (batchId=164)
org.apache.hive.jdbc.TestActivePassiveHA.testActivePassiveHA (batchId=241)
{noformat}

Test results: https://builds.apache.org/job/PreCommit-HIVE-Build/11152/testReport
Console output: https://builds.apache.org/job/PreCommit-HIVE-Build/11152/console
Test logs: http://104.198.109.242/logs/PreCommit-HIVE-Build-11152/

Messages:
{noformat}
Executing org.apache.hive.ptest.execution.TestCheckPhase
Executing org.apache.hive.ptest.execution.PrepPhase
Executing org.apache.hive.ptest.execution.YetusPhase
Executing org.apache.hive.ptest.execution.ExecutionPhase
Executing org.apache.hive.ptest.execution.ReportingPhase
Tests exited with: TestsFailedException: 2 tests failed
{noformat}

This message is automatically generated.

ATTACHMENT ID: 12924501 - PreCommit-HIVE-Build

Also this test has {{set hive.cbo.enable=false}} Can we remove that too? It should work with cbo true as well.

I know that after a lot of time; but I've came back to re-enable this test....and it seems that there is some regression: right now the result sets are missing for the following queries:
{code}
select * from TABLES order by TABLE_SCHEMA, TABLE_NAME
select * from TABLE_PRIVILEGES order by GRANTOR, GRANTEE, TABLE_SCHEMA, TABLE_NAME, PRIVILEGE_TYPE limit 10
{code}
I'm not sure what happened...but I think tables should have a result set....
fyi: [~mgergely], [~daijy]

There is real issue in information schema when there's no restriction (security off). Patch also include changes in Vineet's last patch (removing "select sequence_name from sequence_table order by sequence_name limit 5
").

| (x) *{color:red}-1 overall{color}* |
\\
\\
|| Vote || Subsystem || Runtime || Comment ||
|| || || || {color:brown} Prechecks {color} ||
| {color:green}+1{color} | {color:green} @author {color} | {color:green}  0m  0s{color} | {color:green} The patch does not contain any @author tags. {color} |
|| || || || {color:brown} master Compile Tests {color} ||
| {color:blue}0{color} | {color:blue} mvndep {color} | {color:blue}  1m 26s{color} | {color:blue} Maven dependency ordering for branch {color} |
| {color:green}+1{color} | {color:green} mvninstall {color} | {color:green}  6m 23s{color} | {color:green} master passed {color} |
| {color:green}+1{color} | {color:green} compile {color} | {color:green}  2m 15s{color} | {color:green} master passed {color} |
| {color:green}+1{color} | {color:green} checkstyle {color} | {color:green}  1m  8s{color} | {color:green} master passed {color} |
| {color:blue}0{color} | {color:blue} findbugs {color} | {color:blue}  3m 45s{color} | {color:blue} ql in master has 2291 extant Findbugs warnings. {color} |
| {color:blue}0{color} | {color:blue} findbugs {color} | {color:blue}  0m 37s{color} | {color:blue} itests/hive-unit in master has 2 extant Findbugs warnings. {color} |
| {color:blue}0{color} | {color:blue} findbugs {color} | {color:blue}  0m 44s{color} | {color:blue} itests/util in master has 52 extant Findbugs warnings. {color} |
| {color:green}+1{color} | {color:green} javadoc {color} | {color:green}  1m 46s{color} | {color:green} master passed {color} |
|| || || || {color:brown} Patch Compile Tests {color} ||
| {color:blue}0{color} | {color:blue} mvndep {color} | {color:blue}  0m 24s{color} | {color:blue} Maven dependency ordering for patch {color} |
| {color:green}+1{color} | {color:green} mvninstall {color} | {color:green}  2m 41s{color} | {color:green} the patch passed {color} |
| {color:green}+1{color} | {color:green} compile {color} | {color:green}  2m 15s{color} | {color:green} the patch passed {color} |
| {color:green}+1{color} | {color:green} javac {color} | {color:green}  2m 15s{color} | {color:green} the patch passed {color} |
| {color:red}-1{color} | {color:red} checkstyle {color} | {color:red}  0m 14s{color} | {color:red} itests/hive-unit: The patch generated 1 new + 3 unchanged - 0 fixed = 4 total (was 3) {color} |
| {color:green}+1{color} | {color:green} whitespace {color} | {color:green}  0m  0s{color} | {color:green} The patch has no whitespace issues. {color} |
| {color:green}+1{color} | {color:green} findbugs {color} | {color:green}  6m  0s{color} | {color:green} the patch passed {color} |
| {color:green}+1{color} | {color:green} javadoc {color} | {color:green}  1m 41s{color} | {color:green} the patch passed {color} |
|| || || || {color:brown} Other Tests {color} ||
| {color:green}+1{color} | {color:green} asflicense {color} | {color:green}  0m 12s{color} | {color:green} The patch does not generate ASF License warnings. {color} |
| {color:black}{color} | {color:black} {color} | {color:black} 33m 54s{color} | {color:black} {color} |
\\
\\
|| Subsystem || Report/Notes ||
| Optional Tests |  asflicense  javac  javadoc  findbugs  checkstyle  compile  |
| uname | Linux hiveptest-server-upstream 3.16.0-4-amd64 #1 SMP Debian 3.16.36-1+deb8u1 (2016-09-03) x86_64 GNU/Linux |
| Build tool | maven |
| Personality | /data/hiveptest/working/yetus_PreCommit-HIVE-Build-12614/dev-support/hive-personality.sh |
| git revision | master / 1b5903b |
| Default Java | 1.8.0_111 |
| findbugs | v3.0.0 |
| checkstyle | http://104.198.109.242/logs//PreCommit-HIVE-Build-12614/yetus/diff-checkstyle-itests_hive-unit.txt |
| modules | C: metastore ql itests/hive-unit itests/util U: . |
| Console output | http://104.198.109.242/logs//PreCommit-HIVE-Build-12614/yetus.txt |
| Powered by | Apache Yetus    http://yetus.apache.org |


This message was automatically generated.





Here are the results of testing the latest attachment:
https://issues.apache.org/jira/secure/attachment/12931643/HIVE-19166.12.patch

{color:green}SUCCESS:{color} +1 due to 2 test(s) being added or modified.

{color:red}ERROR:{color} -1 due to 3 failed/errored test(s), 14650 tests executed
*Failed tests:*
{noformat}
org.apache.hadoop.hive.cli.TestMiniLlapLocalCliDriver.testCliDriver[resourceplan] (batchId=169)
org.apache.hadoop.hive.cli.TestMiniLlapLocalCliDriver.testCliDriver[strict_managed_tables_sysdb] (batchId=170)
org.apache.hadoop.hive.cli.TestMiniLlapLocalCliDriver.testCliDriver[sysdb] (batchId=165)
{noformat}

Test results: https://builds.apache.org/job/PreCommit-HIVE-Build/12614/testReport
Console output: https://builds.apache.org/job/PreCommit-HIVE-Build/12614/console
Test logs: http://104.198.109.242/logs/PreCommit-HIVE-Build-12614/

Messages:
{noformat}
Executing org.apache.hive.ptest.execution.TestCheckPhase
Executing org.apache.hive.ptest.execution.PrepPhase
Executing org.apache.hive.ptest.execution.YetusPhase
Executing org.apache.hive.ptest.execution.ExecutionPhase
Executing org.apache.hive.ptest.execution.ReportingPhase
Tests exited with: TestsFailedException: 3 tests failed
{noformat}

This message is automatically generated.

ATTACHMENT ID: 12931643 - PreCommit-HIVE-Build

| (/) *{color:green}+1 overall{color}* |
\\
\\
|| Vote || Subsystem || Runtime || Comment ||
|| || || || {color:brown} Prechecks {color} ||
| {color:green}+1{color} | {color:green} @author {color} | {color:green}  0m  0s{color} | {color:green} The patch does not contain any @author tags. {color} |
|| || || || {color:brown} master Compile Tests {color} ||
| {color:blue}0{color} | {color:blue} mvndep {color} | {color:blue}  1m  9s{color} | {color:blue} Maven dependency ordering for branch {color} |
| {color:green}+1{color} | {color:green} mvninstall {color} | {color:green}  7m 46s{color} | {color:green} master passed {color} |
| {color:green}+1{color} | {color:green} compile {color} | {color:green}  2m 36s{color} | {color:green} master passed {color} |
| {color:green}+1{color} | {color:green} checkstyle {color} | {color:green}  1m 20s{color} | {color:green} master passed {color} |
| {color:blue}0{color} | {color:blue} findbugs {color} | {color:blue}  4m 10s{color} | {color:blue} ql in master has 2291 extant Findbugs warnings. {color} |
| {color:blue}0{color} | {color:blue} findbugs {color} | {color:blue}  0m 39s{color} | {color:blue} itests/hive-unit in master has 2 extant Findbugs warnings. {color} |
| {color:blue}0{color} | {color:blue} findbugs {color} | {color:blue}  0m 49s{color} | {color:blue} itests/util in master has 52 extant Findbugs warnings. {color} |
| {color:green}+1{color} | {color:green} javadoc {color} | {color:green}  2m  3s{color} | {color:green} master passed {color} |
|| || || || {color:brown} Patch Compile Tests {color} ||
| {color:blue}0{color} | {color:blue} mvndep {color} | {color:blue}  0m 24s{color} | {color:blue} Maven dependency ordering for patch {color} |
| {color:green}+1{color} | {color:green} mvninstall {color} | {color:green}  2m 59s{color} | {color:green} the patch passed {color} |
| {color:green}+1{color} | {color:green} compile {color} | {color:green}  2m 33s{color} | {color:green} the patch passed {color} |
| {color:green}+1{color} | {color:green} javac {color} | {color:green}  2m 33s{color} | {color:green} the patch passed {color} |
| {color:green}+1{color} | {color:green} checkstyle {color} | {color:green}  1m 20s{color} | {color:green} the patch passed {color} |
| {color:green}+1{color} | {color:green} whitespace {color} | {color:green}  0m  0s{color} | {color:green} The patch has no whitespace issues. {color} |
| {color:green}+1{color} | {color:green} findbugs {color} | {color:green}  6m 54s{color} | {color:green} the patch passed {color} |
| {color:green}+1{color} | {color:green} javadoc {color} | {color:green}  1m 58s{color} | {color:green} the patch passed {color} |
|| || || || {color:brown} Other Tests {color} ||
| {color:green}+1{color} | {color:green} asflicense {color} | {color:green}  0m 13s{color} | {color:green} The patch does not generate ASF License warnings. {color} |
| {color:black}{color} | {color:black} {color} | {color:black} 38m 20s{color} | {color:black} {color} |
\\
\\
|| Subsystem || Report/Notes ||
| Optional Tests |  asflicense  javac  javadoc  findbugs  checkstyle  compile  |
| uname | Linux hiveptest-server-upstream 3.16.0-4-amd64 #1 SMP Debian 3.16.36-1+deb8u1 (2016-09-03) x86_64 GNU/Linux |
| Build tool | maven |
| Personality | /data/hiveptest/working/yetus_PreCommit-HIVE-Build-12627/dev-support/hive-personality.sh |
| git revision | master / 64ceb7b |
| Default Java | 1.8.0_111 |
| findbugs | v3.0.0 |
| modules | C: metastore ql itests/hive-unit itests/util U: . |
| Console output | http://104.198.109.242/logs//PreCommit-HIVE-Build-12627/yetus.txt |
| Powered by | Apache Yetus    http://yetus.apache.org |


This message was automatically generated.





Here are the results of testing the latest attachment:
https://issues.apache.org/jira/secure/attachment/12931736/HIVE-19166.13.patch

{color:green}SUCCESS:{color} +1 due to 2 test(s) being added or modified.

{color:red}ERROR:{color} -1 due to 1 failed/errored test(s), 14650 tests executed
*Failed tests:*
{noformat}
org.apache.hadoop.hive.cli.TestMiniLlapLocalCliDriver.testCliDriver[sysdb] (batchId=165)
{noformat}

Test results: https://builds.apache.org/job/PreCommit-HIVE-Build/12627/testReport
Console output: https://builds.apache.org/job/PreCommit-HIVE-Build/12627/console
Test logs: http://104.198.109.242/logs/PreCommit-HIVE-Build-12627/

Messages:
{noformat}
Executing org.apache.hive.ptest.execution.TestCheckPhase
Executing org.apache.hive.ptest.execution.PrepPhase
Executing org.apache.hive.ptest.execution.YetusPhase
Executing org.apache.hive.ptest.execution.ExecutionPhase
Executing org.apache.hive.ptest.execution.ReportingPhase
Tests exited with: TestsFailedException: 1 tests failed
{noformat}

This message is automatically generated.

ATTACHMENT ID: 12931736 - PreCommit-HIVE-Build

| (/) *{color:green}+1 overall{color}* |
\\
\\
|| Vote || Subsystem || Runtime || Comment ||
|| || || || {color:brown} Prechecks {color} ||
| {color:green}+1{color} | {color:green} @author {color} | {color:green}  0m  0s{color} | {color:green} The patch does not contain any @author tags. {color} |
|| || || || {color:brown} master Compile Tests {color} ||
| {color:blue}0{color} | {color:blue} mvndep {color} | {color:blue}  1m 43s{color} | {color:blue} Maven dependency ordering for branch {color} |
| {color:green}+1{color} | {color:green} mvninstall {color} | {color:green}  7m 10s{color} | {color:green} master passed {color} |
| {color:green}+1{color} | {color:green} compile {color} | {color:green}  2m 35s{color} | {color:green} master passed {color} |
| {color:green}+1{color} | {color:green} checkstyle {color} | {color:green}  1m 22s{color} | {color:green} master passed {color} |
| {color:blue}0{color} | {color:blue} findbugs {color} | {color:blue}  4m 15s{color} | {color:blue} ql in master has 2273 extant Findbugs warnings. {color} |
| {color:blue}0{color} | {color:blue} findbugs {color} | {color:blue}  0m 39s{color} | {color:blue} itests/hive-unit in master has 2 extant Findbugs warnings. {color} |
| {color:blue}0{color} | {color:blue} findbugs {color} | {color:blue}  0m 50s{color} | {color:blue} itests/util in master has 52 extant Findbugs warnings. {color} |
| {color:green}+1{color} | {color:green} javadoc {color} | {color:green}  1m 57s{color} | {color:green} master passed {color} |
|| || || || {color:brown} Patch Compile Tests {color} ||
| {color:blue}0{color} | {color:blue} mvndep {color} | {color:blue}  0m 26s{color} | {color:blue} Maven dependency ordering for patch {color} |
| {color:green}+1{color} | {color:green} mvninstall {color} | {color:green}  3m  4s{color} | {color:green} the patch passed {color} |
| {color:green}+1{color} | {color:green} compile {color} | {color:green}  2m 43s{color} | {color:green} the patch passed {color} |
| {color:green}+1{color} | {color:green} javac {color} | {color:green}  2m 43s{color} | {color:green} the patch passed {color} |
| {color:green}+1{color} | {color:green} checkstyle {color} | {color:green}  1m 21s{color} | {color:green} the patch passed {color} |
| {color:green}+1{color} | {color:green} whitespace {color} | {color:green}  0m  0s{color} | {color:green} The patch has no whitespace issues. {color} |
| {color:green}+1{color} | {color:green} findbugs {color} | {color:green}  6m 54s{color} | {color:green} the patch passed {color} |
| {color:green}+1{color} | {color:green} javadoc {color} | {color:green}  2m  0s{color} | {color:green} the patch passed {color} |
|| || || || {color:brown} Other Tests {color} ||
| {color:green}+1{color} | {color:green} asflicense {color} | {color:green}  0m 13s{color} | {color:green} The patch does not generate ASF License warnings. {color} |
| {color:black}{color} | {color:black} {color} | {color:black} 38m 48s{color} | {color:black} {color} |
\\
\\
|| Subsystem || Report/Notes ||
| Optional Tests |  asflicense  javac  javadoc  findbugs  checkstyle  compile  |
| uname | Linux hiveptest-server-upstream 3.16.0-4-amd64 #1 SMP Debian 3.16.36-1+deb8u1 (2016-09-03) x86_64 GNU/Linux |
| Build tool | maven |
| Personality | /data/hiveptest/working/yetus_PreCommit-HIVE-Build-12648/dev-support/hive-personality.sh |
| git revision | master / 85a3dd7 |
| Default Java | 1.8.0_111 |
| findbugs | v3.0.0 |
| modules | C: metastore ql itests/hive-unit itests/util U: . |
| Console output | http://104.198.109.242/logs//PreCommit-HIVE-Build-12648/yetus.txt |
| Powered by | Apache Yetus    http://yetus.apache.org |


This message was automatically generated.





Here are the results of testing the latest attachment:
https://issues.apache.org/jira/secure/attachment/12931834/HIVE-19166.14.patch

{color:green}SUCCESS:{color} +1 due to 2 test(s) being added or modified.

{color:red}ERROR:{color} -1 due to 1 failed/errored test(s), 14662 tests executed
*Failed tests:*
{noformat}
org.apache.hadoop.hive.cli.TestMiniLlapLocalCliDriver.testCliDriver[sysdb] (batchId=165)
{noformat}

Test results: https://builds.apache.org/job/PreCommit-HIVE-Build/12648/testReport
Console output: https://builds.apache.org/job/PreCommit-HIVE-Build/12648/console
Test logs: http://104.198.109.242/logs/PreCommit-HIVE-Build-12648/

Messages:
{noformat}
Executing org.apache.hive.ptest.execution.TestCheckPhase
Executing org.apache.hive.ptest.execution.PrepPhase
Executing org.apache.hive.ptest.execution.YetusPhase
Executing org.apache.hive.ptest.execution.ExecutionPhase
Executing org.apache.hive.ptest.execution.ReportingPhase
Tests exited with: TestsFailedException: 1 tests failed
{noformat}

This message is automatically generated.

ATTACHMENT ID: 12931834 - PreCommit-HIVE-Build

[~daijy]: Last time I was working on this patch I had a hard time because it shows tables used by other tests - invoking to load all of them helps with this.. (and it should probably work with cbo enabled)

{code}
--- ql/src/test/queries/clientpositive/sysdb.q
+++ ql/src/test/queries/clientpositive/sysdb.q
@@ -1,4 +1,5 @@
---! qt:dataset:alltypesorc
+--! qt:dataset:alltypesorc,alltypesparquet,part,src,src1,srcbucket,srcbucket2,src_cbo,src_json,src_sequencefile,src_thrift,srcpart,cbo_t1,cbo_t2,cbo_t3,lineitem
+
 set hive.strict.checks.cartesian.product=false;
 
 set hive.compute.query.using.stats=false;
@@ -6,8 +7,6 @@ set hive.compute.query.using.stats=false;
 set hive.support.concurrency=true;
 set hive.txn.manager=org.apache.hadoop.hive.ql.lockmgr.DbTxnManager;
 
-set hive.cbo.enable=false;
{code}


| (/) *{color:green}+1 overall{color}* |
\\
\\
|| Vote || Subsystem || Runtime || Comment ||
|| || || || {color:brown} Prechecks {color} ||
| {color:green}+1{color} | {color:green} @author {color} | {color:green}  0m  0s{color} | {color:green} The patch does not contain any @author tags. {color} |
|| || || || {color:brown} master Compile Tests {color} ||
| {color:blue}0{color} | {color:blue} mvndep {color} | {color:blue}  1m 29s{color} | {color:blue} Maven dependency ordering for branch {color} |
| {color:green}+1{color} | {color:green} mvninstall {color} | {color:green}  7m  5s{color} | {color:green} master passed {color} |
| {color:green}+1{color} | {color:green} compile {color} | {color:green}  2m 29s{color} | {color:green} master passed {color} |
| {color:green}+1{color} | {color:green} checkstyle {color} | {color:green}  1m 18s{color} | {color:green} master passed {color} |
| {color:blue}0{color} | {color:blue} findbugs {color} | {color:blue}  4m  7s{color} | {color:blue} ql in master has 2274 extant Findbugs warnings. {color} |
| {color:blue}0{color} | {color:blue} findbugs {color} | {color:blue}  0m 41s{color} | {color:blue} itests/hive-unit in master has 2 extant Findbugs warnings. {color} |
| {color:blue}0{color} | {color:blue} findbugs {color} | {color:blue}  0m 48s{color} | {color:blue} itests/util in master has 52 extant Findbugs warnings. {color} |
| {color:green}+1{color} | {color:green} javadoc {color} | {color:green}  1m 51s{color} | {color:green} master passed {color} |
|| || || || {color:brown} Patch Compile Tests {color} ||
| {color:blue}0{color} | {color:blue} mvndep {color} | {color:blue}  0m 23s{color} | {color:blue} Maven dependency ordering for patch {color} |
| {color:green}+1{color} | {color:green} mvninstall {color} | {color:green}  2m 52s{color} | {color:green} the patch passed {color} |
| {color:green}+1{color} | {color:green} compile {color} | {color:green}  2m 25s{color} | {color:green} the patch passed {color} |
| {color:green}+1{color} | {color:green} javac {color} | {color:green}  2m 25s{color} | {color:green} the patch passed {color} |
| {color:green}+1{color} | {color:green} checkstyle {color} | {color:green}  1m 17s{color} | {color:green} the patch passed {color} |
| {color:green}+1{color} | {color:green} whitespace {color} | {color:green}  0m  0s{color} | {color:green} The patch has no whitespace issues. {color} |
| {color:green}+1{color} | {color:green} findbugs {color} | {color:green}  6m 15s{color} | {color:green} the patch passed {color} |
| {color:green}+1{color} | {color:green} javadoc {color} | {color:green}  1m 49s{color} | {color:green} the patch passed {color} |
|| || || || {color:brown} Other Tests {color} ||
| {color:green}+1{color} | {color:green} asflicense {color} | {color:green}  0m 13s{color} | {color:green} The patch does not generate ASF License warnings. {color} |
| {color:black}{color} | {color:black} {color} | {color:black} 36m 29s{color} | {color:black} {color} |
\\
\\
|| Subsystem || Report/Notes ||
| Optional Tests |  asflicense  javac  javadoc  findbugs  checkstyle  compile  |
| uname | Linux hiveptest-server-upstream 3.16.0-4-amd64 #1 SMP Debian 3.16.36-1+deb8u1 (2016-09-03) x86_64 GNU/Linux |
| Build tool | maven |
| Personality | /data/hiveptest/working/yetus_PreCommit-HIVE-Build-12663/dev-support/hive-personality.sh |
| git revision | master / 4fcf3d7 |
| Default Java | 1.8.0_111 |
| findbugs | v3.0.0 |
| modules | C: metastore ql itests/hive-unit itests/util U: . |
| Console output | http://104.198.109.242/logs//PreCommit-HIVE-Build-12663/yetus.txt |
| Powered by | Apache Yetus    http://yetus.apache.org |


This message was automatically generated.





Here are the results of testing the latest attachment:
https://issues.apache.org/jira/secure/attachment/12931961/HIVE-19166.15.patch

{color:green}SUCCESS:{color} +1 due to 2 test(s) being added or modified.

{color:red}ERROR:{color} -1 due to 1 failed/errored test(s), 14663 tests executed
*Failed tests:*
{noformat}
org.apache.hadoop.hive.cli.TestMiniLlapLocalCliDriver.testCliDriver[sysdb] (batchId=165)
{noformat}

Test results: https://builds.apache.org/job/PreCommit-HIVE-Build/12663/testReport
Console output: https://builds.apache.org/job/PreCommit-HIVE-Build/12663/console
Test logs: http://104.198.109.242/logs/PreCommit-HIVE-Build-12663/

Messages:
{noformat}
Executing org.apache.hive.ptest.execution.TestCheckPhase
Executing org.apache.hive.ptest.execution.PrepPhase
Executing org.apache.hive.ptest.execution.YetusPhase
Executing org.apache.hive.ptest.execution.ExecutionPhase
Executing org.apache.hive.ptest.execution.ReportingPhase
Tests exited with: TestsFailedException: 1 tests failed
{noformat}

This message is automatically generated.

ATTACHMENT ID: 12931961 - PreCommit-HIVE-Build

Thanks [~kgyrtkirk], let me give another try.

| (/) *{color:green}+1 overall{color}* |
\\
\\
|| Vote || Subsystem || Runtime || Comment ||
|| || || || {color:brown} Prechecks {color} ||
| {color:green}+1{color} | {color:green} @author {color} | {color:green}  0m  0s{color} | {color:green} The patch does not contain any @author tags. {color} |
|| || || || {color:brown} master Compile Tests {color} ||
| {color:blue}0{color} | {color:blue} mvndep {color} | {color:blue}  1m 47s{color} | {color:blue} Maven dependency ordering for branch {color} |
| {color:green}+1{color} | {color:green} mvninstall {color} | {color:green}  7m  4s{color} | {color:green} master passed {color} |
| {color:green}+1{color} | {color:green} compile {color} | {color:green}  2m 38s{color} | {color:green} master passed {color} |
| {color:green}+1{color} | {color:green} checkstyle {color} | {color:green}  1m 23s{color} | {color:green} master passed {color} |
| {color:blue}0{color} | {color:blue} findbugs {color} | {color:blue}  4m  9s{color} | {color:blue} ql in master has 2274 extant Findbugs warnings. {color} |
| {color:blue}0{color} | {color:blue} findbugs {color} | {color:blue}  0m 41s{color} | {color:blue} itests/hive-unit in master has 2 extant Findbugs warnings. {color} |
| {color:blue}0{color} | {color:blue} findbugs {color} | {color:blue}  0m 48s{color} | {color:blue} itests/util in master has 52 extant Findbugs warnings. {color} |
| {color:green}+1{color} | {color:green} javadoc {color} | {color:green}  1m 58s{color} | {color:green} master passed {color} |
|| || || || {color:brown} Patch Compile Tests {color} ||
| {color:blue}0{color} | {color:blue} mvndep {color} | {color:blue}  0m 27s{color} | {color:blue} Maven dependency ordering for patch {color} |
| {color:green}+1{color} | {color:green} mvninstall {color} | {color:green}  3m  5s{color} | {color:green} the patch passed {color} |
| {color:green}+1{color} | {color:green} compile {color} | {color:green}  2m 40s{color} | {color:green} the patch passed {color} |
| {color:green}+1{color} | {color:green} javac {color} | {color:green}  2m 40s{color} | {color:green} the patch passed {color} |
| {color:green}+1{color} | {color:green} checkstyle {color} | {color:green}  1m 21s{color} | {color:green} the patch passed {color} |
| {color:green}+1{color} | {color:green} whitespace {color} | {color:green}  0m  0s{color} | {color:green} The patch has no whitespace issues. {color} |
| {color:green}+1{color} | {color:green} findbugs {color} | {color:green}  6m 46s{color} | {color:green} the patch passed {color} |
| {color:green}+1{color} | {color:green} javadoc {color} | {color:green}  1m 59s{color} | {color:green} the patch passed {color} |
|| || || || {color:brown} Other Tests {color} ||
| {color:green}+1{color} | {color:green} asflicense {color} | {color:green}  0m 14s{color} | {color:green} The patch does not generate ASF License warnings. {color} |
| {color:black}{color} | {color:black} {color} | {color:black} 38m 31s{color} | {color:black} {color} |
\\
\\
|| Subsystem || Report/Notes ||
| Optional Tests |  asflicense  javac  javadoc  findbugs  checkstyle  compile  |
| uname | Linux hiveptest-server-upstream 3.16.0-4-amd64 #1 SMP Debian 3.16.36-1+deb8u1 (2016-09-03) x86_64 GNU/Linux |
| Build tool | maven |
| Personality | /data/hiveptest/working/yetus_PreCommit-HIVE-Build-12684/dev-support/hive-personality.sh |
| git revision | master / d5c589b |
| Default Java | 1.8.0_111 |
| findbugs | v3.0.0 |
| modules | C: metastore ql itests/hive-unit itests/util U: . |
| Console output | http://104.198.109.242/logs//PreCommit-HIVE-Build-12684/yetus.txt |
| Powered by | Apache Yetus    http://yetus.apache.org |


This message was automatically generated.





Here are the results of testing the latest attachment:
https://issues.apache.org/jira/secure/attachment/12932125/HIVE-19166.16.patch

{color:green}SUCCESS:{color} +1 due to 2 test(s) being added or modified.

{color:red}ERROR:{color} -1 due to 1 failed/errored test(s), 14663 tests executed
*Failed tests:*
{noformat}
org.apache.hadoop.hive.cli.TestMiniLlapLocalCliDriver.testCliDriver[sysdb] (batchId=165)
{noformat}

Test results: https://builds.apache.org/job/PreCommit-HIVE-Build/12684/testReport
Console output: https://builds.apache.org/job/PreCommit-HIVE-Build/12684/console
Test logs: http://104.198.109.242/logs/PreCommit-HIVE-Build-12684/

Messages:
{noformat}
Executing org.apache.hive.ptest.execution.TestCheckPhase
Executing org.apache.hive.ptest.execution.PrepPhase
Executing org.apache.hive.ptest.execution.YetusPhase
Executing org.apache.hive.ptest.execution.ExecutionPhase
Executing org.apache.hive.ptest.execution.ReportingPhase
Tests exited with: TestsFailedException: 1 tests failed
{noformat}

This message is automatically generated.

ATTACHMENT ID: 12932125 - PreCommit-HIVE-Build

| (/) *{color:green}+1 overall{color}* |
\\
\\
|| Vote || Subsystem || Runtime || Comment ||
|| || || || {color:brown} Prechecks {color} ||
| {color:green}+1{color} | {color:green} @author {color} | {color:green}  0m  0s{color} | {color:green} The patch does not contain any @author tags. {color} |
|| || || || {color:brown} master Compile Tests {color} ||
| {color:blue}0{color} | {color:blue} mvndep {color} | {color:blue}  0m 46s{color} | {color:blue} Maven dependency ordering for branch {color} |
| {color:green}+1{color} | {color:green} mvninstall {color} | {color:green}  7m 44s{color} | {color:green} master passed {color} |
| {color:green}+1{color} | {color:green} compile {color} | {color:green}  2m 32s{color} | {color:green} master passed {color} |
| {color:green}+1{color} | {color:green} checkstyle {color} | {color:green}  1m 21s{color} | {color:green} master passed {color} |
| {color:blue}0{color} | {color:blue} findbugs {color} | {color:blue}  0m 40s{color} | {color:blue} itests/hive-unit in master has 2 extant Findbugs warnings. {color} |
| {color:blue}0{color} | {color:blue} findbugs {color} | {color:blue}  0m 47s{color} | {color:blue} itests/util in master has 52 extant Findbugs warnings. {color} |
| {color:blue}0{color} | {color:blue} findbugs {color} | {color:blue}  4m 16s{color} | {color:blue} ql in master has 2273 extant Findbugs warnings. {color} |
| {color:green}+1{color} | {color:green} javadoc {color} | {color:green}  1m 57s{color} | {color:green} master passed {color} |
|| || || || {color:brown} Patch Compile Tests {color} ||
| {color:blue}0{color} | {color:blue} mvndep {color} | {color:blue}  0m  9s{color} | {color:blue} Maven dependency ordering for patch {color} |
| {color:green}+1{color} | {color:green} mvninstall {color} | {color:green}  2m 59s{color} | {color:green} the patch passed {color} |
| {color:green}+1{color} | {color:green} compile {color} | {color:green}  2m 35s{color} | {color:green} the patch passed {color} |
| {color:green}+1{color} | {color:green} javac {color} | {color:green}  2m 35s{color} | {color:green} the patch passed {color} |
| {color:green}+1{color} | {color:green} checkstyle {color} | {color:green}  1m 22s{color} | {color:green} the patch passed {color} |
| {color:green}+1{color} | {color:green} whitespace {color} | {color:green}  0m  0s{color} | {color:green} The patch has no whitespace issues. {color} |
| {color:green}+1{color} | {color:green} findbugs {color} | {color:green}  6m 38s{color} | {color:green} the patch passed {color} |
| {color:green}+1{color} | {color:green} javadoc {color} | {color:green}  1m 57s{color} | {color:green} the patch passed {color} |
|| || || || {color:brown} Other Tests {color} ||
| {color:green}+1{color} | {color:green} asflicense {color} | {color:green}  0m 13s{color} | {color:green} The patch does not generate ASF License warnings. {color} |
| {color:black}{color} | {color:black} {color} | {color:black} 37m 30s{color} | {color:black} {color} |
\\
\\
|| Subsystem || Report/Notes ||
| Optional Tests |  asflicense  javac  javadoc  findbugs  checkstyle  compile  |
| uname | Linux hiveptest-server-upstream 3.16.0-4-amd64 #1 SMP Debian 3.16.36-1+deb8u1 (2016-09-03) x86_64 GNU/Linux |
| Build tool | maven |
| Personality | /data/hiveptest/working/yetus_PreCommit-HIVE-Build-12707/dev-support/hive-personality.sh |
| git revision | master / e867d1c |
| Default Java | 1.8.0_111 |
| findbugs | v3.0.0 |
| modules | C: itests/hive-unit itests/util metastore ql U: . |
| Console output | http://104.198.109.242/logs//PreCommit-HIVE-Build-12707/yetus.txt |
| Powered by | Apache Yetus    http://yetus.apache.org |


This message was automatically generated.





Here are the results of testing the latest attachment:
https://issues.apache.org/jira/secure/attachment/12932204/HIVE-19166.17.patch

{color:green}SUCCESS:{color} +1 due to 2 test(s) being added or modified.

{color:red}ERROR:{color} -1 due to 1 failed/errored test(s), 14674 tests executed
*Failed tests:*
{noformat}
org.apache.hadoop.hive.cli.TestMiniLlapLocalCliDriver.testCliDriver[sysdb] (batchId=165)
{noformat}

Test results: https://builds.apache.org/job/PreCommit-HIVE-Build/12707/testReport
Console output: https://builds.apache.org/job/PreCommit-HIVE-Build/12707/console
Test logs: http://104.198.109.242/logs/PreCommit-HIVE-Build-12707/

Messages:
{noformat}
Executing org.apache.hive.ptest.execution.TestCheckPhase
Executing org.apache.hive.ptest.execution.PrepPhase
Executing org.apache.hive.ptest.execution.YetusPhase
Executing org.apache.hive.ptest.execution.ExecutionPhase
Executing org.apache.hive.ptest.execution.ReportingPhase
Tests exited with: TestsFailedException: 1 tests failed
{noformat}

This message is automatically generated.

ATTACHMENT ID: 12932204 - PreCommit-HIVE-Build

| (/) *{color:green}+1 overall{color}* |
\\
\\
|| Vote || Subsystem || Runtime || Comment ||
|| || || || {color:brown} Prechecks {color} ||
| {color:green}+1{color} | {color:green} @author {color} | {color:green}  0m  0s{color} | {color:green} The patch does not contain any @author tags. {color} |
|| || || || {color:brown} master Compile Tests {color} ||
| {color:blue}0{color} | {color:blue} mvndep {color} | {color:blue}  0m 46s{color} | {color:blue} Maven dependency ordering for branch {color} |
| {color:green}+1{color} | {color:green} mvninstall {color} | {color:green}  7m 55s{color} | {color:green} master passed {color} |
| {color:green}+1{color} | {color:green} compile {color} | {color:green}  2m 35s{color} | {color:green} master passed {color} |
| {color:green}+1{color} | {color:green} checkstyle {color} | {color:green}  1m 22s{color} | {color:green} master passed {color} |
| {color:blue}0{color} | {color:blue} findbugs {color} | {color:blue}  0m 42s{color} | {color:blue} itests/hive-unit in master has 2 extant Findbugs warnings. {color} |
| {color:blue}0{color} | {color:blue} findbugs {color} | {color:blue}  0m 49s{color} | {color:blue} itests/util in master has 52 extant Findbugs warnings. {color} |
| {color:blue}0{color} | {color:blue} findbugs {color} | {color:blue}  4m 14s{color} | {color:blue} ql in master has 2306 extant Findbugs warnings. {color} |
| {color:green}+1{color} | {color:green} javadoc {color} | {color:green}  2m  1s{color} | {color:green} master passed {color} |
|| || || || {color:brown} Patch Compile Tests {color} ||
| {color:blue}0{color} | {color:blue} mvndep {color} | {color:blue}  0m  9s{color} | {color:blue} Maven dependency ordering for patch {color} |
| {color:green}+1{color} | {color:green} mvninstall {color} | {color:green}  2m 57s{color} | {color:green} the patch passed {color} |
| {color:green}+1{color} | {color:green} compile {color} | {color:green}  2m 37s{color} | {color:green} the patch passed {color} |
| {color:green}+1{color} | {color:green} javac {color} | {color:green}  2m 37s{color} | {color:green} the patch passed {color} |
| {color:green}+1{color} | {color:green} checkstyle {color} | {color:green}  1m 17s{color} | {color:green} the patch passed {color} |
| {color:green}+1{color} | {color:green} whitespace {color} | {color:green}  0m  1s{color} | {color:green} The patch has no whitespace issues. {color} |
| {color:green}+1{color} | {color:green} findbugs {color} | {color:green}  6m 38s{color} | {color:green} the patch passed {color} |
| {color:green}+1{color} | {color:green} javadoc {color} | {color:green}  2m  1s{color} | {color:green} the patch passed {color} |
|| || || || {color:brown} Other Tests {color} ||
| {color:green}+1{color} | {color:green} asflicense {color} | {color:green}  0m 13s{color} | {color:green} The patch does not generate ASF License warnings. {color} |
| {color:black}{color} | {color:black} {color} | {color:black} 37m 48s{color} | {color:black} {color} |
\\
\\
|| Subsystem || Report/Notes ||
| Optional Tests |  asflicense  javac  javadoc  findbugs  checkstyle  compile  |
| uname | Linux hiveptest-server-upstream 3.16.0-4-amd64 #1 SMP Debian 3.16.36-1+deb8u1 (2016-09-03) x86_64 GNU/Linux |
| Build tool | maven |
| Personality | /data/hiveptest/working/yetus_PreCommit-HIVE-Build-12957/dev-support/hive-personality.sh |
| git revision | master / edc53cc |
| Default Java | 1.8.0_111 |
| findbugs | v3.0.0 |
| modules | C: itests/hive-unit itests/util metastore ql U: . |
| Console output | http://104.198.109.242/logs//PreCommit-HIVE-Build-12957/yetus.txt |
| Powered by | Apache Yetus    http://yetus.apache.org |


This message was automatically generated.





Here are the results of testing the latest attachment:
https://issues.apache.org/jira/secure/attachment/12933686/HIVE-19166.18.patch

{color:green}SUCCESS:{color} +1 due to 2 test(s) being added or modified.

{color:green}SUCCESS:{color} +1 due to 14835 tests passed

Test results: https://builds.apache.org/job/PreCommit-HIVE-Build/12957/testReport
Console output: https://builds.apache.org/job/PreCommit-HIVE-Build/12957/console
Test logs: http://104.198.109.242/logs/PreCommit-HIVE-Build-12957/

Messages:
{noformat}
Executing org.apache.hive.ptest.execution.TestCheckPhase
Executing org.apache.hive.ptest.execution.PrepPhase
Executing org.apache.hive.ptest.execution.YetusPhase
Executing org.apache.hive.ptest.execution.ExecutionPhase
Executing org.apache.hive.ptest.execution.ReportingPhase
{noformat}

This message is automatically generated.

ATTACHMENT ID: 12933686 - PreCommit-HIVE-Build

+1

Since it's been a long time, rerun ptest to make sure the test still pass.

| (/) *{color:green}+1 overall{color}* |
\\
\\
|| Vote || Subsystem || Runtime || Comment ||
|| || || || {color:brown} Prechecks {color} ||
| {color:green}+1{color} | {color:green} @author {color} | {color:green}  0m  0s{color} | {color:green} The patch does not contain any @author tags. {color} |
|| || || || {color:brown} master Compile Tests {color} ||
| {color:blue}0{color} | {color:blue} mvndep {color} | {color:blue}  0m 42s{color} | {color:blue} Maven dependency ordering for branch {color} |
| {color:green}+1{color} | {color:green} mvninstall {color} | {color:green}  8m  4s{color} | {color:green} master passed {color} |
| {color:green}+1{color} | {color:green} compile {color} | {color:green}  2m 36s{color} | {color:green} master passed {color} |
| {color:green}+1{color} | {color:green} checkstyle {color} | {color:green}  1m 27s{color} | {color:green} master passed {color} |
| {color:blue}0{color} | {color:blue} findbugs {color} | {color:blue}  0m 41s{color} | {color:blue} itests/hive-unit in master has 2 extant Findbugs warnings. {color} |
| {color:blue}0{color} | {color:blue} findbugs {color} | {color:blue}  0m 46s{color} | {color:blue} itests/util in master has 52 extant Findbugs warnings. {color} |
| {color:blue}0{color} | {color:blue} findbugs {color} | {color:blue}  4m  5s{color} | {color:blue} ql in master has 2326 extant Findbugs warnings. {color} |
| {color:green}+1{color} | {color:green} javadoc {color} | {color:green}  1m 57s{color} | {color:green} master passed {color} |
|| || || || {color:brown} Patch Compile Tests {color} ||
| {color:blue}0{color} | {color:blue} mvndep {color} | {color:blue}  0m 11s{color} | {color:blue} Maven dependency ordering for patch {color} |
| {color:green}+1{color} | {color:green} mvninstall {color} | {color:green}  2m 56s{color} | {color:green} the patch passed {color} |
| {color:green}+1{color} | {color:green} compile {color} | {color:green}  2m 28s{color} | {color:green} the patch passed {color} |
| {color:green}+1{color} | {color:green} javac {color} | {color:green}  2m 28s{color} | {color:green} the patch passed {color} |
| {color:green}+1{color} | {color:green} checkstyle {color} | {color:green}  1m 22s{color} | {color:green} the patch passed {color} |
| {color:green}+1{color} | {color:green} whitespace {color} | {color:green}  0m  0s{color} | {color:green} The patch has no whitespace issues. {color} |
| {color:green}+1{color} | {color:green} findbugs {color} | {color:green}  6m 30s{color} | {color:green} the patch passed {color} |
| {color:green}+1{color} | {color:green} javadoc {color} | {color:green}  1m 55s{color} | {color:green} the patch passed {color} |
|| || || || {color:brown} Other Tests {color} ||
| {color:green}+1{color} | {color:green} asflicense {color} | {color:green}  0m 13s{color} | {color:green} The patch does not generate ASF License warnings. {color} |
| {color:black}{color} | {color:black} {color} | {color:black} 37m 26s{color} | {color:black} {color} |
\\
\\
|| Subsystem || Report/Notes ||
| Optional Tests |  asflicense  javac  javadoc  findbugs  checkstyle  compile  |
| uname | Linux hiveptest-server-upstream 3.16.0-4-amd64 #1 SMP Debian 3.16.36-1+deb8u1 (2016-09-03) x86_64 GNU/Linux |
| Build tool | maven |
| Personality | /data/hiveptest/working/yetus_PreCommit-HIVE-Build-13881/dev-support/hive-personality.sh |
| git revision | master / 366eace |
| Default Java | 1.8.0_111 |
| findbugs | v3.0.0 |
| modules | C: metastore itests/hive-unit itests/util ql U: . |
| Console output | http://104.198.109.242/logs//PreCommit-HIVE-Build-13881/yetus.txt |
| Powered by | Apache Yetus    http://yetus.apache.org |


This message was automatically generated.





Here are the results of testing the latest attachment:
https://issues.apache.org/jira/secure/attachment/12940082/HIVE-19166.19.patch

{color:green}SUCCESS:{color} +1 due to 2 test(s) being added or modified.

{color:red}ERROR:{color} -1 due to 1 failed/errored test(s), 14977 tests executed
*Failed tests:*
{noformat}
org.apache.hadoop.hive.cli.TestMiniLlapLocalCliDriver.testCliDriver[sysdb] (batchId=167)
{noformat}

Test results: https://builds.apache.org/job/PreCommit-HIVE-Build/13881/testReport
Console output: https://builds.apache.org/job/PreCommit-HIVE-Build/13881/console
Test logs: http://104.198.109.242/logs/PreCommit-HIVE-Build-13881/

Messages:
{noformat}
Executing org.apache.hive.ptest.execution.TestCheckPhase
Executing org.apache.hive.ptest.execution.PrepPhase
Executing org.apache.hive.ptest.execution.YetusPhase
Executing org.apache.hive.ptest.execution.ExecutionPhase
Executing org.apache.hive.ptest.execution.ReportingPhase
Tests exited with: TestsFailedException: 1 tests failed
{noformat}

This message is automatically generated.

ATTACHMENT ID: 12940082 - PreCommit-HIVE-Build

| (/) *{color:green}+1 overall{color}* |
\\
\\
|| Vote || Subsystem || Runtime || Comment ||
|| || || || {color:brown} Prechecks {color} ||
| {color:green}+1{color} | {color:green} @author {color} | {color:green}  0m  0s{color} | {color:green} The patch does not contain any @author tags. {color} |
|| || || || {color:brown} master Compile Tests {color} ||
| {color:blue}0{color} | {color:blue} mvndep {color} | {color:blue}  0m 38s{color} | {color:blue} Maven dependency ordering for branch {color} |
| {color:green}+1{color} | {color:green} mvninstall {color} | {color:green}  8m 15s{color} | {color:green} master passed {color} |
| {color:green}+1{color} | {color:green} compile {color} | {color:green}  2m 36s{color} | {color:green} master passed {color} |
| {color:green}+1{color} | {color:green} checkstyle {color} | {color:green}  1m 21s{color} | {color:green} master passed {color} |
| {color:blue}0{color} | {color:blue} findbugs {color} | {color:blue}  0m 40s{color} | {color:blue} itests/hive-unit in master has 2 extant Findbugs warnings. {color} |
| {color:blue}0{color} | {color:blue} findbugs {color} | {color:blue}  0m 47s{color} | {color:blue} itests/util in master has 52 extant Findbugs warnings. {color} |
| {color:blue}0{color} | {color:blue} findbugs {color} | {color:blue}  4m  9s{color} | {color:blue} ql in master has 2326 extant Findbugs warnings. {color} |
| {color:green}+1{color} | {color:green} javadoc {color} | {color:green}  2m  2s{color} | {color:green} master passed {color} |
|| || || || {color:brown} Patch Compile Tests {color} ||
| {color:blue}0{color} | {color:blue} mvndep {color} | {color:blue}  0m 12s{color} | {color:blue} Maven dependency ordering for patch {color} |
| {color:green}+1{color} | {color:green} mvninstall {color} | {color:green}  2m 54s{color} | {color:green} the patch passed {color} |
| {color:green}+1{color} | {color:green} compile {color} | {color:green}  2m 37s{color} | {color:green} the patch passed {color} |
| {color:green}+1{color} | {color:green} javac {color} | {color:green}  2m 37s{color} | {color:green} the patch passed {color} |
| {color:green}+1{color} | {color:green} checkstyle {color} | {color:green}  1m 20s{color} | {color:green} the patch passed {color} |
| {color:green}+1{color} | {color:green} whitespace {color} | {color:green}  0m  0s{color} | {color:green} The patch has no whitespace issues. {color} |
| {color:green}+1{color} | {color:green} findbugs {color} | {color:green}  6m 31s{color} | {color:green} the patch passed {color} |
| {color:green}+1{color} | {color:green} javadoc {color} | {color:green}  2m  2s{color} | {color:green} the patch passed {color} |
|| || || || {color:brown} Other Tests {color} ||
| {color:green}+1{color} | {color:green} asflicense {color} | {color:green}  0m 14s{color} | {color:green} The patch does not generate ASF License warnings. {color} |
| {color:black}{color} | {color:black} {color} | {color:black} 37m 54s{color} | {color:black} {color} |
\\
\\
|| Subsystem || Report/Notes ||
| Optional Tests |  asflicense  javac  javadoc  findbugs  checkstyle  compile  |
| uname | Linux hiveptest-server-upstream 3.16.0-4-amd64 #1 SMP Debian 3.16.36-1+deb8u1 (2016-09-03) x86_64 GNU/Linux |
| Build tool | maven |
| Personality | /data/hiveptest/working/yetus_PreCommit-HIVE-Build-13899/dev-support/hive-personality.sh |
| git revision | master / 9c90776 |
| Default Java | 1.8.0_111 |
| findbugs | v3.0.0 |
| modules | C: metastore itests/hive-unit itests/util ql U: . |
| Console output | http://104.198.109.242/logs//PreCommit-HIVE-Build-13899/yetus.txt |
| Powered by | Apache Yetus    http://yetus.apache.org |


This message was automatically generated.





Here are the results of testing the latest attachment:
https://issues.apache.org/jira/secure/attachment/12940275/HIVE-19166.20.patch

{color:green}SUCCESS:{color} +1 due to 2 test(s) being added or modified.

{color:green}SUCCESS:{color} +1 due to 14980 tests passed

Test results: https://builds.apache.org/job/PreCommit-HIVE-Build/13899/testReport
Console output: https://builds.apache.org/job/PreCommit-HIVE-Build/13899/console
Test logs: http://104.198.109.242/logs/PreCommit-HIVE-Build-13899/

Messages:
{noformat}
Executing org.apache.hive.ptest.execution.TestCheckPhase
Executing org.apache.hive.ptest.execution.PrepPhase
Executing org.apache.hive.ptest.execution.YetusPhase
Executing org.apache.hive.ptest.execution.ExecutionPhase
Executing org.apache.hive.ptest.execution.ReportingPhase
{noformat}

This message is automatically generated.

ATTACHMENT ID: 12940275 - PreCommit-HIVE-Build

Committed to master. Further testing for branch-3.

| (x) *{color:red}-1 overall{color}* |
\\
\\
|| Vote || Subsystem || Runtime || Comment ||
| {color:red}-1{color} | {color:red} patch {color} | {color:red}  0m 11s{color} | {color:red} /data/hiveptest/logs/PreCommit-HIVE-Build-13929/patches/PreCommit-HIVE-Build-13929.patch does not apply to master. Rebase required? Wrong Branch? See http://cwiki.apache.org/confluence/display/Hive/HowToContribute for help. {color} |
\\
\\
|| Subsystem || Report/Notes ||
| Console output | http://104.198.109.242/logs//PreCommit-HIVE-Build-13929/yetus.txt |
| Powered by | Apache Yetus    http://yetus.apache.org |


This message was automatically generated.





Here are the results of testing the latest attachment:
https://issues.apache.org/jira/secure/attachment/12940468/HIVE-19166.20.branch-3.patch

{color:green}SUCCESS:{color} +1 due to 2 test(s) being added or modified.

{color:red}ERROR:{color} -1 due to 114 failed/errored test(s), 14432 tests executed
*Failed tests:*
{noformat}
TestAddPartitions - did not produce a TEST-*.xml file (likely timed out) (batchId=228)
TestAddPartitionsFromPartSpec - did not produce a TEST-*.xml file (likely timed out) (batchId=230)
TestAdminUser - did not produce a TEST-*.xml file (likely timed out) (batchId=236)
TestAggregateStatsCache - did not produce a TEST-*.xml file (likely timed out) (batchId=230)
TestAlterPartitions - did not produce a TEST-*.xml file (likely timed out) (batchId=230)
TestAlterTableMetadata - did not produce a TEST-*.xml file (likely timed out) (batchId=252)
TestAppendPartitions - did not produce a TEST-*.xml file (likely timed out) (batchId=230)
TestAutoPurgeTables - did not produce a TEST-*.xml file (likely timed out) (batchId=252)
TestBeeLineDriver - did not produce a TEST-*.xml file (likely timed out) (batchId=273)
TestCachedStore - did not produce a TEST-*.xml file (likely timed out) (batchId=236)
TestCatalogCaching - did not produce a TEST-*.xml file (likely timed out) (batchId=236)
TestCatalogNonDefaultClient - did not produce a TEST-*.xml file (likely timed out) (batchId=228)
TestCatalogNonDefaultSvr - did not produce a TEST-*.xml file (likely timed out) (batchId=236)
TestCatalogOldClient - did not produce a TEST-*.xml file (likely timed out) (batchId=228)
TestCatalogs - did not produce a TEST-*.xml file (likely timed out) (batchId=230)
TestCheckConstraint - did not produce a TEST-*.xml file (likely timed out) (batchId=228)
TestDataSourceProviderFactory - did not produce a TEST-*.xml file (likely timed out) (batchId=238)
TestDatabases - did not produce a TEST-*.xml file (likely timed out) (batchId=230)
TestDeadline - did not produce a TEST-*.xml file (likely timed out) (batchId=236)
TestDefaultConstraint - did not produce a TEST-*.xml file (likely timed out) (batchId=230)
TestDropPartitions - did not produce a TEST-*.xml file (likely timed out) (batchId=228)
TestDummy - did not produce a TEST-*.xml file (likely timed out) (batchId=273)
TestEmbeddedHiveMetaStore - did not produce a TEST-*.xml file (likely timed out) (batchId=231)
TestExchangePartitions - did not produce a TEST-*.xml file (likely timed out) (batchId=230)
TestFMSketchSerialization - did not produce a TEST-*.xml file (likely timed out) (batchId=238)
TestFilterHooks - did not produce a TEST-*.xml file (likely timed out) (batchId=228)
TestForeignKey - did not produce a TEST-*.xml file (likely timed out) (batchId=230)
TestFunctions - did not produce a TEST-*.xml file (likely timed out) (batchId=228)
TestGetPartitions - did not produce a TEST-*.xml file (likely timed out) (batchId=228)
TestGetTableMeta - did not produce a TEST-*.xml file (likely timed out) (batchId=228)
TestHLLNoBias - did not produce a TEST-*.xml file (likely timed out) (batchId=238)
TestHLLSerialization - did not produce a TEST-*.xml file (likely timed out) (batchId=238)
TestHdfsUtils - did not produce a TEST-*.xml file (likely timed out) (batchId=236)
TestHiveAlterHandler - did not produce a TEST-*.xml file (likely timed out) (batchId=228)
TestHiveMetaStoreGetMetaConf - did not produce a TEST-*.xml file (likely timed out) (batchId=236)
TestHiveMetaStorePartitionSpecs - did not produce a TEST-*.xml file (likely timed out) (batchId=230)
TestHiveMetaStoreSchemaMethods - did not produce a TEST-*.xml file (likely timed out) (batchId=236)
TestHiveMetaStoreTimeout - did not produce a TEST-*.xml file (likely timed out) (batchId=238)
TestHiveMetaStoreTxns - did not produce a TEST-*.xml file (likely timed out) (batchId=238)
TestHiveMetaStoreWithEnvironmentContext - did not produce a TEST-*.xml file (likely timed out) (batchId=233)
TestHiveMetastoreCli - did not produce a TEST-*.xml file (likely timed out) (batchId=228)
TestHyperLogLog - did not produce a TEST-*.xml file (likely timed out) (batchId=238)
TestHyperLogLogDense - did not produce a TEST-*.xml file (likely timed out) (batchId=238)
TestHyperLogLogMerge - did not produce a TEST-*.xml file (likely timed out) (batchId=238)
TestHyperLogLogSparse - did not produce a TEST-*.xml file (likely timed out) (batchId=238)
TestJSONMessageDeserializer - did not produce a TEST-*.xml file (likely timed out) (batchId=236)
TestListPartitions - did not produce a TEST-*.xml file (likely timed out) (batchId=228)
TestLocationQueries - did not produce a TEST-*.xml file (likely timed out) (batchId=252)
TestLockRequestBuilder - did not produce a TEST-*.xml file (likely timed out) (batchId=228)
TestMarkPartition - did not produce a TEST-*.xml file (likely timed out) (batchId=236)
TestMarkPartitionRemote - did not produce a TEST-*.xml file (likely timed out) (batchId=238)
TestMetaStoreConnectionUrlHook - did not produce a TEST-*.xml file (likely timed out) (batchId=230)
TestMetaStoreEndFunctionListener - did not produce a TEST-*.xml file (likely timed out) (batchId=230)
TestMetaStoreEventListener - did not produce a TEST-*.xml file (likely timed out) (batchId=234)
TestMetaStoreEventListenerOnlyOnCommit - did not produce a TEST-*.xml file (likely timed out) (batchId=236)
TestMetaStoreEventListenerWithOldConf - did not produce a TEST-*.xml file (likely timed out) (batchId=238)
TestMetaStoreInitListener - did not produce a TEST-*.xml file (likely timed out) (batchId=236)
TestMetaStoreListenersError - did not produce a TEST-*.xml file (likely timed out) (batchId=236)
TestMetaStoreSchemaFactory - did not produce a TEST-*.xml file (likely timed out) (batchId=236)
TestMetaStoreSchemaInfo - did not produce a TEST-*.xml file (likely timed out) (batchId=236)
TestMetaStoreServerUtils - did not produce a TEST-*.xml file (likely timed out) (batchId=236)
TestMetastoreConf - did not produce a TEST-*.xml file (likely timed out) (batchId=230)
TestMetastoreSchemaTool - did not produce a TEST-*.xml file (likely timed out) (batchId=236)
TestMetrics - did not produce a TEST-*.xml file (likely timed out) (batchId=230)
TestMiniDruidCliDriver - did not produce a TEST-*.xml file (likely timed out) (batchId=273)
TestMiniDruidKafkaCliDriver - did not produce a TEST-*.xml file (likely timed out) (batchId=273)
TestNotNullConstraint - did not produce a TEST-*.xml file (likely timed out) (batchId=230)
TestObjectStore - did not produce a TEST-*.xml file (likely timed out) (batchId=238)
TestObjectStoreInitRetry - did not produce a TEST-*.xml file (likely timed out) (batchId=236)
TestObjectStoreSchemaMethods - did not produce a TEST-*.xml file (likely timed out) (batchId=238)
TestOldSchema - did not produce a TEST-*.xml file (likely timed out) (batchId=236)
TestPartitionNameWhitelistValidation - did not produce a TEST-*.xml file (likely timed out) (batchId=230)
TestPreUpgradeTool - did not produce a TEST-*.xml file (likely timed out) (batchId=331)
TestPrimaryKey - did not produce a TEST-*.xml file (likely timed out) (batchId=230)
TestRawStoreProxy - did not produce a TEST-*.xml file (likely timed out) (batchId=228)
TestRemoteHiveMetaStore - did not produce a TEST-*.xml file (likely timed out) (batchId=232)
TestRemoteHiveMetaStoreIpAddress - did not produce a TEST-*.xml file (likely timed out) (batchId=226)
TestRemoteUGIHiveMetaStoreIpAddress - did not produce a TEST-*.xml file (likely timed out) (batchId=235)
TestReplicationScenariosAcidTables - did not produce a TEST-*.xml file (likely timed out) (batchId=252)
TestRetriesInRetryingHMSHandler - did not produce a TEST-*.xml file (likely timed out) (batchId=238)
TestRetryingHMSHandler - did not produce a TEST-*.xml file (likely timed out) (batchId=236)
TestRuntimeStats - did not produce a TEST-*.xml file (likely timed out) (batchId=228)
TestSchemaToolForMetastore - did not produce a TEST-*.xml file (likely timed out) (batchId=230)
TestSemanticAnalyzerHookLoading - did not produce a TEST-*.xml file (likely timed out) (batchId=252)
TestSetUGIOnBothClientServer - did not produce a TEST-*.xml file (likely timed out) (batchId=229)
TestSetUGIOnOnlyClient - did not produce a TEST-*.xml file (likely timed out) (batchId=227)
TestSetUGIOnOnlyServer - did not produce a TEST-*.xml file (likely timed out) (batchId=237)
TestSparkStatistics - did not produce a TEST-*.xml file (likely timed out) (batchId=252)
TestSparseEncodeHash - did not produce a TEST-*.xml file (likely timed out) (batchId=238)
TestStats - did not produce a TEST-*.xml file (likely timed out) (batchId=230)
TestStatsSetupConst - did not produce a TEST-*.xml file (likely timed out) (batchId=238)
TestTableIterable - did not produce a TEST-*.xml file (likely timed out) (batchId=238)
TestTablesCreateDropAlterTruncate - did not produce a TEST-*.xml file (likely timed out) (batchId=228)
TestTablesGetExists - did not produce a TEST-*.xml file (likely timed out) (batchId=230)
TestTablesList - did not produce a TEST-*.xml file (likely timed out) (batchId=228)
TestTezPerfCliDriver - did not produce a TEST-*.xml file (likely timed out) (batchId=273)
TestTxnHandlerNegative - did not produce a TEST-*.xml file (likely timed out) (batchId=228)
TestTxnUtils - did not produce a TEST-*.xml file (likely timed out) (batchId=228)
TestUniqueConstraint - did not produce a TEST-*.xml file (likely timed out) (batchId=228)
org.apache.hadoop.hive.cli.TestCliDriver.testCliDriver[masking_mv] (batchId=85)
org.apache.hadoop.hive.cli.TestCliDriver.testCliDriver[mm_all] (batchId=71)
org.apache.hadoop.hive.cli.TestMiniLlapCliDriver.testCliDriver[mm_all] (batchId=154)
org.apache.hadoop.hive.cli.TestMiniLlapLocalCliDriver.testCliDriver[bucket_map_join_tez2] (batchId=159)
org.apache.hadoop.hive.cli.TestMiniLlapLocalCliDriver.testCliDriver[materialized_view_partitioned_2] (batchId=173)
org.apache.hadoop.hive.cli.TestMiniLlapLocalCliDriver.testCliDriver[materialized_view_partitioned_3] (batchId=173)
org.apache.hadoop.hive.cli.TestMiniLlapLocalCliDriver.testCliDriver[materialized_view_rewrite_part_2] (batchId=157)
org.apache.hadoop.hive.cli.TestMiniLlapLocalCliDriver.testCliDriver[results_cache_with_masking] (batchId=175)
org.apache.hadoop.hive.cli.TestMiniLlapLocalCliDriver.testCliDriver[subquery_in] (batchId=173)
org.apache.hadoop.hive.cli.TestMiniLlapLocalCliDriver.testCliDriver[union_assertion_type] (batchId=163)
org.apache.hadoop.hive.cli.TestMiniSparkOnYarnCliDriver.testCliDriver[constprog_semijoin] (batchId=189)
org.apache.hadoop.hive.cli.TestSparkCliDriver.testCliDriver[bucket_map_join_tez2] (batchId=114)
org.apache.hadoop.hive.ql.TestWarehouseExternalDir.testManagedPaths (batchId=250)
org.apache.hive.service.TestHS2ImpersonationWithRemoteMS.testImpersonation (batchId=258)
org.apache.hive.spark.client.rpc.TestRpc.testServerPort (batchId=325)
{noformat}

Test results: https://builds.apache.org/job/PreCommit-HIVE-Build/13929/testReport
Console output: https://builds.apache.org/job/PreCommit-HIVE-Build/13929/console
Test logs: http://104.198.109.242/logs/PreCommit-HIVE-Build-13929/

Messages:
{noformat}
Executing org.apache.hive.ptest.execution.TestCheckPhase
Executing org.apache.hive.ptest.execution.PrepPhase
Executing org.apache.hive.ptest.execution.YetusPhase
Executing org.apache.hive.ptest.execution.ExecutionPhase
Executing org.apache.hive.ptest.execution.ReportingPhase
Tests exited with: TestsFailedException: 114 tests failed
{noformat}

This message is automatically generated.

ATTACHMENT ID: 12940468 - PreCommit-HIVE-Build

Pushed to branch-3 as well. Thanks Vaibhav, Vineet, Zoltan!

