| (x) *{color:red}-1 overall{color}* |
\\
\\
|| Vote || Subsystem || Runtime || Comment ||
|| || || || {color:brown} Prechecks {color} ||
| {color:green}+1{color} | {color:green} @author {color} | {color:green}  0m  1s{color} | {color:green} The patch does not contain any @author tags. {color} |
|| || || || {color:brown} master Compile Tests {color} ||
| {color:green}+1{color} | {color:green} mvninstall {color} | {color:green}  8m 31s{color} | {color:green} master passed {color} |
| {color:green}+1{color} | {color:green} compile {color} | {color:green}  1m  7s{color} | {color:green} master passed {color} |
| {color:green}+1{color} | {color:green} checkstyle {color} | {color:green}  0m 42s{color} | {color:green} master passed {color} |
| {color:blue}0{color} | {color:blue} findbugs {color} | {color:blue}  4m  7s{color} | {color:blue} ql in master has 2250 extant Findbugs warnings. {color} |
| {color:green}+1{color} | {color:green} javadoc {color} | {color:green}  1m  1s{color} | {color:green} master passed {color} |
|| || || || {color:brown} Patch Compile Tests {color} ||
| {color:green}+1{color} | {color:green} mvninstall {color} | {color:green}  1m 29s{color} | {color:green} the patch passed {color} |
| {color:green}+1{color} | {color:green} compile {color} | {color:green}  1m  8s{color} | {color:green} the patch passed {color} |
| {color:green}+1{color} | {color:green} javac {color} | {color:green}  1m  8s{color} | {color:green} the patch passed {color} |
| {color:red}-1{color} | {color:red} checkstyle {color} | {color:red}  0m 41s{color} | {color:red} ql: The patch generated 1 new + 9 unchanged - 1 fixed = 10 total (was 10) {color} |
| {color:green}+1{color} | {color:green} whitespace {color} | {color:green}  0m  0s{color} | {color:green} The patch has no whitespace issues. {color} |
| {color:green}+1{color} | {color:green} findbugs {color} | {color:green}  4m 21s{color} | {color:green} the patch passed {color} |
| {color:green}+1{color} | {color:green} javadoc {color} | {color:green}  1m  1s{color} | {color:green} the patch passed {color} |
|| || || || {color:brown} Other Tests {color} ||
| {color:green}+1{color} | {color:green} asflicense {color} | {color:green}  0m 15s{color} | {color:green} The patch does not generate ASF License warnings. {color} |
| {color:black}{color} | {color:black} {color} | {color:black} 24m 55s{color} | {color:black} {color} |
\\
\\
|| Subsystem || Report/Notes ||
| Optional Tests |  asflicense  javac  javadoc  findbugs  checkstyle  compile  |
| uname | Linux hiveptest-server-upstream 3.16.0-4-amd64 #1 SMP Debian 3.16.43-2+deb8u5 (2017-09-19) x86_64 GNU/Linux |
| Build tool | maven |
| Personality | /data/hiveptest/working/yetus_PreCommit-HIVE-Build-18206/dev-support/hive-personality.sh |
| git revision | master / b8afcc3 |
| Default Java | 1.8.0_111 |
| findbugs | v3.0.0 |
| checkstyle | http://104.198.109.242/logs//PreCommit-HIVE-Build-18206/yetus/diff-checkstyle-ql.txt |
| modules | C: ql U: ql |
| Console output | http://104.198.109.242/logs//PreCommit-HIVE-Build-18206/yetus.txt |
| Powered by | Apache Yetus    http://yetus.apache.org |


This message was automatically generated.





Here are the results of testing the latest attachment:
https://issues.apache.org/jira/secure/attachment/12976249/HIVE-22063.1.patch

{color:red}ERROR:{color} -1 due to no test(s) being added or modified.

{color:red}ERROR:{color} -1 due to 2 failed/errored test(s), 16715 tests executed
*Failed tests:*
{noformat}
org.apache.hadoop.hive.cli.TestMiniSparkOnYarnCliDriver.testCliDriver[orc_merge_diff_fs] (batchId=192)
org.apache.hadoop.hive.llap.cache.TestBuddyAllocator.testMTT[2] (batchId=360)
{noformat}

Test results: https://builds.apache.org/job/PreCommit-HIVE-Build/18206/testReport
Console output: https://builds.apache.org/job/PreCommit-HIVE-Build/18206/console
Test logs: http://104.198.109.242/logs/PreCommit-HIVE-Build-18206/

Messages:
{noformat}
Executing org.apache.hive.ptest.execution.TestCheckPhase
Executing org.apache.hive.ptest.execution.PrepPhase
Executing org.apache.hive.ptest.execution.YetusPhase
Executing org.apache.hive.ptest.execution.ExecutionPhase
Executing org.apache.hive.ptest.execution.ReportingPhase
Tests exited with: TestsFailedException: 2 tests failed
{noformat}

This message is automatically generated.

ATTACHMENT ID: 12976249 - PreCommit-HIVE-Build

| (/) *{color:green}+1 overall{color}* |
\\
\\
|| Vote || Subsystem || Runtime || Comment ||
|| || || || {color:brown} Prechecks {color} ||
| {color:green}+1{color} | {color:green} @author {color} | {color:green}  0m  0s{color} | {color:green} The patch does not contain any @author tags. {color} |
|| || || || {color:brown} master Compile Tests {color} ||
| {color:green}+1{color} | {color:green} mvninstall {color} | {color:green}  8m 37s{color} | {color:green} master passed {color} |
| {color:green}+1{color} | {color:green} compile {color} | {color:green}  1m  7s{color} | {color:green} master passed {color} |
| {color:green}+1{color} | {color:green} checkstyle {color} | {color:green}  0m 38s{color} | {color:green} master passed {color} |
| {color:blue}0{color} | {color:blue} findbugs {color} | {color:blue}  4m  4s{color} | {color:blue} ql in master has 2250 extant Findbugs warnings. {color} |
| {color:green}+1{color} | {color:green} javadoc {color} | {color:green}  1m  1s{color} | {color:green} master passed {color} |
|| || || || {color:brown} Patch Compile Tests {color} ||
| {color:green}+1{color} | {color:green} mvninstall {color} | {color:green}  1m 29s{color} | {color:green} the patch passed {color} |
| {color:green}+1{color} | {color:green} compile {color} | {color:green}  1m 10s{color} | {color:green} the patch passed {color} |
| {color:green}+1{color} | {color:green} javac {color} | {color:green}  1m 10s{color} | {color:green} the patch passed {color} |
| {color:green}+1{color} | {color:green} checkstyle {color} | {color:green}  0m 42s{color} | {color:green} ql: The patch generated 0 new + 9 unchanged - 1 fixed = 9 total (was 10) {color} |
| {color:green}+1{color} | {color:green} whitespace {color} | {color:green}  0m  0s{color} | {color:green} The patch has no whitespace issues. {color} |
| {color:green}+1{color} | {color:green} findbugs {color} | {color:green}  4m 18s{color} | {color:green} the patch passed {color} |
| {color:green}+1{color} | {color:green} javadoc {color} | {color:green}  1m  0s{color} | {color:green} the patch passed {color} |
|| || || || {color:brown} Other Tests {color} ||
| {color:green}+1{color} | {color:green} asflicense {color} | {color:green}  0m 15s{color} | {color:green} The patch does not generate ASF License warnings. {color} |
| {color:black}{color} | {color:black} {color} | {color:black} 24m 53s{color} | {color:black} {color} |
\\
\\
|| Subsystem || Report/Notes ||
| Optional Tests |  asflicense  javac  javadoc  findbugs  checkstyle  compile  |
| uname | Linux hiveptest-server-upstream 3.16.0-4-amd64 #1 SMP Debian 3.16.43-2+deb8u5 (2017-09-19) x86_64 GNU/Linux |
| Build tool | maven |
| Personality | /data/hiveptest/working/yetus_PreCommit-HIVE-Build-18220/dev-support/hive-personality.sh |
| git revision | master / dd190d9 |
| Default Java | 1.8.0_111 |
| findbugs | v3.0.0 |
| modules | C: ql U: ql |
| Console output | http://104.198.109.242/logs//PreCommit-HIVE-Build-18220/yetus.txt |
| Powered by | Apache Yetus    http://yetus.apache.org |


This message was automatically generated.





Here are the results of testing the latest attachment:
https://issues.apache.org/jira/secure/attachment/12976357/HIVE-22063.2.patch

{color:red}ERROR:{color} -1 due to no test(s) being added or modified.

{color:red}ERROR:{color} -1 due to 2 failed/errored test(s), 16717 tests executed
*Failed tests:*
{noformat}
org.apache.hadoop.hive.llap.cache.TestBuddyAllocator.testMTT[2] (batchId=360)
org.apache.hadoop.hive.metastore.TestPartitionManagement.testPartitionDiscoveryNonDefaultCatalog (batchId=222)
{noformat}

Test results: https://builds.apache.org/job/PreCommit-HIVE-Build/18220/testReport
Console output: https://builds.apache.org/job/PreCommit-HIVE-Build/18220/console
Test logs: http://104.198.109.242/logs/PreCommit-HIVE-Build-18220/

Messages:
{noformat}
Executing org.apache.hive.ptest.execution.TestCheckPhase
Executing org.apache.hive.ptest.execution.PrepPhase
Executing org.apache.hive.ptest.execution.YetusPhase
Executing org.apache.hive.ptest.execution.ExecutionPhase
Executing org.apache.hive.ptest.execution.ReportingPhase
Tests exited with: TestsFailedException: 2 tests failed
{noformat}

This message is automatically generated.

ATTACHMENT ID: 12976357 - PreCommit-HIVE-Build

22063.3.patch is a dummy that contains only latest master commit. Just test to see if PreCommit test is flaky.Â 

| (x) *{color:red}-1 overall{color}* |
\\
\\
|| Vote || Subsystem || Runtime || Comment ||
| {color:red}-1{color} | {color:red} patch {color} | {color:red}  0m 23s{color} | {color:red} /data/hiveptest/logs/PreCommit-HIVE-Build-18227/patches/PreCommit-HIVE-Build-18227.patch does not apply to master. Rebase required? Wrong Branch? See http://cwiki.apache.org/confluence/display/Hive/HowToContribute for help. {color} |
\\
\\
|| Subsystem || Report/Notes ||
| Console output | http://104.198.109.242/logs//PreCommit-HIVE-Build-18227/yetus.txt |
| Powered by | Apache Yetus    http://yetus.apache.org |


This message was automatically generated.





Here are the results of testing the latest attachment:
https://issues.apache.org/jira/secure/attachment/12976384/HIVE-22063.3.patch

{color:green}SUCCESS:{color} +1 due to 10 test(s) being added or modified.

{color:green}SUCCESS:{color} +1 due to 16718 tests passed

Test results: https://builds.apache.org/job/PreCommit-HIVE-Build/18227/testReport
Console output: https://builds.apache.org/job/PreCommit-HIVE-Build/18227/console
Test logs: http://104.198.109.242/logs/PreCommit-HIVE-Build-18227/

Messages:
{noformat}
Executing org.apache.hive.ptest.execution.TestCheckPhase
Executing org.apache.hive.ptest.execution.PrepPhase
Executing org.apache.hive.ptest.execution.YetusPhase
Executing org.apache.hive.ptest.execution.ExecutionPhase
Executing org.apache.hive.ptest.execution.ReportingPhase
{noformat}

This message is automatically generated.

ATTACHMENT ID: 12976384 - PreCommit-HIVE-Build

Local test of the 2 failures for .1 and .2 patches are clean. Resubmit to check again.Â 

| (/) *{color:green}+1 overall{color}* |
\\
\\
|| Vote || Subsystem || Runtime || Comment ||
|| || || || {color:brown} Prechecks {color} ||
| {color:green}+1{color} | {color:green} @author {color} | {color:green}  0m  0s{color} | {color:green} The patch does not contain any @author tags. {color} |
|| || || || {color:brown} master Compile Tests {color} ||
| {color:green}+1{color} | {color:green} mvninstall {color} | {color:green}  8m 22s{color} | {color:green} master passed {color} |
| {color:green}+1{color} | {color:green} compile {color} | {color:green}  1m  9s{color} | {color:green} master passed {color} |
| {color:green}+1{color} | {color:green} checkstyle {color} | {color:green}  0m 37s{color} | {color:green} master passed {color} |
| {color:blue}0{color} | {color:blue} findbugs {color} | {color:blue}  3m 57s{color} | {color:blue} ql in master has 2250 extant Findbugs warnings. {color} |
| {color:green}+1{color} | {color:green} javadoc {color} | {color:green}  0m 58s{color} | {color:green} master passed {color} |
|| || || || {color:brown} Patch Compile Tests {color} ||
| {color:green}+1{color} | {color:green} mvninstall {color} | {color:green}  1m 27s{color} | {color:green} the patch passed {color} |
| {color:green}+1{color} | {color:green} compile {color} | {color:green}  1m  6s{color} | {color:green} the patch passed {color} |
| {color:green}+1{color} | {color:green} javac {color} | {color:green}  1m  6s{color} | {color:green} the patch passed {color} |
| {color:green}+1{color} | {color:green} checkstyle {color} | {color:green}  0m 40s{color} | {color:green} ql: The patch generated 0 new + 9 unchanged - 1 fixed = 9 total (was 10) {color} |
| {color:green}+1{color} | {color:green} whitespace {color} | {color:green}  0m  0s{color} | {color:green} The patch has no whitespace issues. {color} |
| {color:green}+1{color} | {color:green} findbugs {color} | {color:green}  4m 16s{color} | {color:green} the patch passed {color} |
| {color:green}+1{color} | {color:green} javadoc {color} | {color:green}  0m 58s{color} | {color:green} the patch passed {color} |
|| || || || {color:brown} Other Tests {color} ||
| {color:green}+1{color} | {color:green} asflicense {color} | {color:green}  0m 14s{color} | {color:green} The patch does not generate ASF License warnings. {color} |
| {color:black}{color} | {color:black} {color} | {color:black} 24m 19s{color} | {color:black} {color} |
\\
\\
|| Subsystem || Report/Notes ||
| Optional Tests |  asflicense  javac  javadoc  findbugs  checkstyle  compile  |
| uname | Linux hiveptest-server-upstream 3.16.0-4-amd64 #1 SMP Debian 3.16.43-2+deb8u5 (2017-09-19) x86_64 GNU/Linux |
| Build tool | maven |
| Personality | /data/hiveptest/working/yetus_PreCommit-HIVE-Build-18234/dev-support/hive-personality.sh |
| git revision | master / b1a446b |
| Default Java | 1.8.0_111 |
| findbugs | v3.0.0 |
| modules | C: ql U: ql |
| Console output | http://104.198.109.242/logs//PreCommit-HIVE-Build-18234/yetus.txt |
| Powered by | Apache Yetus    http://yetus.apache.org |


This message was automatically generated.





Here are the results of testing the latest attachment:
https://issues.apache.org/jira/secure/attachment/12976458/HIVE-22063.4.patch

{color:red}ERROR:{color} -1 due to no test(s) being added or modified.

{color:red}ERROR:{color} -1 due to 1 failed/errored test(s), 16712 tests executed
*Failed tests:*
{noformat}
org.apache.hive.hcatalog.api.repl.commands.TestCommands.org.apache.hive.hcatalog.api.repl.commands.TestCommands (batchId=206)
{noformat}

Test results: https://builds.apache.org/job/PreCommit-HIVE-Build/18234/testReport
Console output: https://builds.apache.org/job/PreCommit-HIVE-Build/18234/console
Test logs: http://104.198.109.242/logs/PreCommit-HIVE-Build-18234/

Messages:
{noformat}
Executing org.apache.hive.ptest.execution.TestCheckPhase
Executing org.apache.hive.ptest.execution.PrepPhase
Executing org.apache.hive.ptest.execution.YetusPhase
Executing org.apache.hive.ptest.execution.ExecutionPhase
Executing org.apache.hive.ptest.execution.ReportingPhase
Tests exited with: TestsFailedException: 1 tests failed
{noformat}

This message is automatically generated.

ATTACHMENT ID: 12976458 - PreCommit-HIVE-Build

Patch looks good to me. +1 pending clean run with the latest patch.

| (/) *{color:green}+1 overall{color}* |
\\
\\
|| Vote || Subsystem || Runtime || Comment ||
|| || || || {color:brown} Prechecks {color} ||
| {color:green}+1{color} | {color:green} @author {color} | {color:green}  0m  0s{color} | {color:green} The patch does not contain any @author tags. {color} |
|| || || || {color:brown} master Compile Tests {color} ||
| {color:green}+1{color} | {color:green} mvninstall {color} | {color:green}  8m 30s{color} | {color:green} master passed {color} |
| {color:green}+1{color} | {color:green} compile {color} | {color:green}  1m  7s{color} | {color:green} master passed {color} |
| {color:green}+1{color} | {color:green} checkstyle {color} | {color:green}  0m 39s{color} | {color:green} master passed {color} |
| {color:blue}0{color} | {color:blue} findbugs {color} | {color:blue}  3m 57s{color} | {color:blue} ql in master has 2250 extant Findbugs warnings. {color} |
| {color:green}+1{color} | {color:green} javadoc {color} | {color:green}  0m 58s{color} | {color:green} master passed {color} |
|| || || || {color:brown} Patch Compile Tests {color} ||
| {color:green}+1{color} | {color:green} mvninstall {color} | {color:green}  1m 31s{color} | {color:green} the patch passed {color} |
| {color:green}+1{color} | {color:green} compile {color} | {color:green}  1m  4s{color} | {color:green} the patch passed {color} |
| {color:green}+1{color} | {color:green} javac {color} | {color:green}  1m  4s{color} | {color:green} the patch passed {color} |
| {color:green}+1{color} | {color:green} checkstyle {color} | {color:green}  0m 41s{color} | {color:green} ql: The patch generated 0 new + 9 unchanged - 1 fixed = 9 total (was 10) {color} |
| {color:green}+1{color} | {color:green} whitespace {color} | {color:green}  0m  0s{color} | {color:green} The patch has no whitespace issues. {color} |
| {color:green}+1{color} | {color:green} findbugs {color} | {color:green}  4m 21s{color} | {color:green} the patch passed {color} |
| {color:green}+1{color} | {color:green} javadoc {color} | {color:green}  1m  1s{color} | {color:green} the patch passed {color} |
|| || || || {color:brown} Other Tests {color} ||
| {color:green}+1{color} | {color:green} asflicense {color} | {color:green}  0m 14s{color} | {color:green} The patch does not generate ASF License warnings. {color} |
| {color:black}{color} | {color:black} {color} | {color:black} 24m 38s{color} | {color:black} {color} |
\\
\\
|| Subsystem || Report/Notes ||
| Optional Tests |  asflicense  javac  javadoc  findbugs  checkstyle  compile  |
| uname | Linux hiveptest-server-upstream 3.16.0-4-amd64 #1 SMP Debian 3.16.43-2+deb8u5 (2017-09-19) x86_64 GNU/Linux |
| Build tool | maven |
| Personality | /data/hiveptest/working/yetus_PreCommit-HIVE-Build-18315/dev-support/hive-personality.sh |
| git revision | master / e2acd34 |
| Default Java | 1.8.0_111 |
| findbugs | v3.0.0 |
| modules | C: ql U: ql |
| Console output | http://104.198.109.242/logs//PreCommit-HIVE-Build-18315/yetus.txt |
| Powered by | Apache Yetus    http://yetus.apache.org |


This message was automatically generated.





Here are the results of testing the latest attachment:
https://issues.apache.org/jira/secure/attachment/12977382/HIVE-22063.5.patch

{color:red}ERROR:{color} -1 due to no test(s) being added or modified.

{color:red}ERROR:{color} -1 due to 2 failed/errored test(s), 16702 tests executed
*Failed tests:*
{noformat}
TestDataSourceProviderFactory - did not produce a TEST-*.xml file (likely timed out) (batchId=232)
TestObjectStore - did not produce a TEST-*.xml file (likely timed out) (batchId=232)
{noformat}

Test results: https://builds.apache.org/job/PreCommit-HIVE-Build/18315/testReport
Console output: https://builds.apache.org/job/PreCommit-HIVE-Build/18315/console
Test logs: http://104.198.109.242/logs/PreCommit-HIVE-Build-18315/

Messages:
{noformat}
Executing org.apache.hive.ptest.execution.TestCheckPhase
Executing org.apache.hive.ptest.execution.PrepPhase
Executing org.apache.hive.ptest.execution.YetusPhase
Executing org.apache.hive.ptest.execution.ExecutionPhase
Executing org.apache.hive.ptest.execution.ReportingPhase
Tests exited with: TestsFailedException: 2 tests failed
{noformat}

This message is automatically generated.

ATTACHMENT ID: 12977382 - PreCommit-HIVE-Build



Here are the results of testing the latest attachment:
https://issues.apache.org/jira/secure/attachment/12977528/HIVE-22063.6.patch

{color:red}ERROR:{color} -1 due to build exiting with an error

Test results: https://builds.apache.org/job/PreCommit-HIVE-Build/18329/testReport
Console output: https://builds.apache.org/job/PreCommit-HIVE-Build/18329/console
Test logs: http://104.198.109.242/logs/PreCommit-HIVE-Build-18329/

Messages:
{noformat}
Executing org.apache.hive.ptest.execution.TestCheckPhase
Executing org.apache.hive.ptest.execution.PrepPhase
Tests exited with: NonZeroExitCodeException
Command 'bash /data/hiveptest/working/scratch/source-prep.sh' failed with exit status 1 and output '+ date '+%Y-%m-%d %T.%3N'
2019-08-13 21:34:04.095
+ [[ -n /usr/lib/jvm/java-8-openjdk-amd64 ]]
+ export JAVA_HOME=/usr/lib/jvm/java-8-openjdk-amd64
+ JAVA_HOME=/usr/lib/jvm/java-8-openjdk-amd64
+ export PATH=/usr/lib/jvm/java-8-openjdk-amd64/bin/:/usr/local/bin:/usr/bin:/bin:/usr/local/games:/usr/games
+ PATH=/usr/lib/jvm/java-8-openjdk-amd64/bin/:/usr/local/bin:/usr/bin:/bin:/usr/local/games:/usr/games
+ export 'ANT_OPTS=-Xmx1g -XX:MaxPermSize=256m '
+ ANT_OPTS='-Xmx1g -XX:MaxPermSize=256m '
+ export 'MAVEN_OPTS=-Xmx1g '
+ MAVEN_OPTS='-Xmx1g '
+ cd /data/hiveptest/working/
+ tee /data/hiveptest/logs/PreCommit-HIVE-Build-18329/source-prep.txt
+ [[ false == \t\r\u\e ]]
+ mkdir -p maven ivy
+ [[ git = \s\v\n ]]
+ [[ git = \g\i\t ]]
+ [[ -z master ]]
+ [[ -d apache-github-source-source ]]
+ [[ ! -d apache-github-source-source/.git ]]
+ [[ ! -d apache-github-source-source ]]
+ date '+%Y-%m-%d %T.%3N'
2019-08-13 21:34:04.098
+ cd apache-github-source-source
+ git fetch origin
From https://github.com/apache/hive
   f9a25ed..dc24ce6  master     -> origin/master
+ git reset --hard HEAD
HEAD is now at f9a25ed HIVE-22095: Hive.get() resets the capabilities from HiveConf instead of set capabilities(Naveen Gangam, reviewed by Thejas Nair)
+ git clean -f -d
Removing standalone-metastore/metastore-server/src/gen/
+ git checkout master
Already on 'master'
Your branch is behind 'origin/master' by 1 commit, and can be fast-forwarded.
  (use "git pull" to update your local branch)
+ git reset --hard origin/master
HEAD is now at dc24ce6 HIVE-22075: Fix the max-reducers=1 regression from HIVE-14200 (Gopal V, reviewed by Jesus Camacho Rodriguez)
+ git merge --ff-only origin/master
Already up-to-date.
+ date '+%Y-%m-%d %T.%3N'
2019-08-13 21:34:06.304
+ rm -rf ../yetus_PreCommit-HIVE-Build-18329
+ mkdir ../yetus_PreCommit-HIVE-Build-18329
+ git gc
+ cp -R . ../yetus_PreCommit-HIVE-Build-18329
+ mkdir /data/hiveptest/logs/PreCommit-HIVE-Build-18329/yetus
+ patchCommandPath=/data/hiveptest/working/scratch/smart-apply-patch.sh
+ patchFilePath=/data/hiveptest/working/scratch/build.patch
+ [[ -f /data/hiveptest/working/scratch/build.patch ]]
+ chmod +x /data/hiveptest/working/scratch/smart-apply-patch.sh
+ /data/hiveptest/working/scratch/smart-apply-patch.sh /data/hiveptest/working/scratch/build.patch
error: a/ql/src/java/org/apache/hadoop/hive/ql/security/authorization/plugin/metastore/HiveMetaStoreAuthorizableEvent.java: does not exist in index
error: a/ql/src/java/org/apache/hadoop/hive/ql/security/authorization/plugin/metastore/events/CreateTableEvent.java: does not exist in index
Going to apply patch with: git apply -p1
+ [[ maven == \m\a\v\e\n ]]
+ rm -rf /data/hiveptest/working/maven/org/apache/hive
+ mvn -B clean install -DskipTests -T 4 -q -Dmaven.repo.local=/data/hiveptest/working/maven
protoc-jar: executing: [/tmp/protoc4873369869729621534.exe, --version]
libprotoc 2.5.0
protoc-jar: executing: [/tmp/protoc4873369869729621534.exe, -I/data/hiveptest/working/apache-github-source-source/standalone-metastore/metastore-common/src/main/protobuf/org/apache/hadoop/hive/metastore, --java_out=/data/hiveptest/working/apache-github-source-source/standalone-metastore/metastore-common/target/generated-sources, /data/hiveptest/working/apache-github-source-source/standalone-metastore/metastore-common/src/main/protobuf/org/apache/hadoop/hive/metastore/metastore.proto]
ANTLR Parser Generator  Version 3.5.2
protoc-jar: executing: [/tmp/protoc6059859104719876100.exe, --version]
libprotoc 2.5.0
ANTLR Parser Generator  Version 3.5.2
Output file /data/hiveptest/working/apache-github-source-source/standalone-metastore/metastore-server/target/generated-sources/org/apache/hadoop/hive/metastore/parser/FilterParser.java does not exist: must build /data/hiveptest/working/apache-github-source-source/standalone-metastore/metastore-server/src/main/java/org/apache/hadoop/hive/metastore/parser/Filter.g
org/apache/hadoop/hive/metastore/parser/Filter.g
log4j:WARN No appenders could be found for logger (DataNucleus.Persistence).
log4j:WARN Please initialize the log4j system properly.
DataNucleus Enhancer (version 4.1.17) for API "JDO"
DataNucleus Enhancer completed with success for 41 classes.
[ERROR] Failed to execute goal org.apache.maven.plugins:maven-remote-resources-plugin:1.5:process (process-resource-bundles) on project hive-spark-client: Execution process-resource-bundles of goal org.apache.maven.plugins:maven-remote-resources-plugin:1.5:process failed. ConcurrentModificationException -> [Help 1]
[ERROR] 
[ERROR] To see the full stack trace of the errors, re-run Maven with the -e switch.
[ERROR] Re-run Maven using the -X switch to enable full debug logging.
[ERROR] 
[ERROR] For more information about the errors and possible solutions, please read the following articles:
[ERROR] [Help 1] http://cwiki.apache.org/confluence/display/MAVEN/PluginExecutionException
[ERROR] 
[ERROR] After correcting the problems, you can resume the build with the command
[ERROR]   mvn <goals> -rf :hive-spark-client
+ result=1
+ '[' 1 -ne 0 ']'
+ rm -rf yetus_PreCommit-HIVE-Build-18329
+ exit 1
'
{noformat}

This message is automatically generated.

ATTACHMENT ID: 12977528 - PreCommit-HIVE-Build

| (/) *{color:green}+1 overall{color}* |
\\
\\
|| Vote || Subsystem || Runtime || Comment ||
|| || || || {color:brown} Prechecks {color} ||
| {color:green}+1{color} | {color:green} @author {color} | {color:green}  0m  0s{color} | {color:green} The patch does not contain any @author tags. {color} |
|| || || || {color:brown} master Compile Tests {color} ||
| {color:green}+1{color} | {color:green} mvninstall {color} | {color:green}  8m 29s{color} | {color:green} master passed {color} |
| {color:green}+1{color} | {color:green} compile {color} | {color:green}  1m  9s{color} | {color:green} master passed {color} |
| {color:green}+1{color} | {color:green} checkstyle {color} | {color:green}  0m 39s{color} | {color:green} master passed {color} |
| {color:blue}0{color} | {color:blue} findbugs {color} | {color:blue}  4m 11s{color} | {color:blue} ql in master has 2250 extant Findbugs warnings. {color} |
| {color:green}+1{color} | {color:green} javadoc {color} | {color:green}  1m  1s{color} | {color:green} master passed {color} |
|| || || || {color:brown} Patch Compile Tests {color} ||
| {color:green}+1{color} | {color:green} mvninstall {color} | {color:green}  1m 27s{color} | {color:green} the patch passed {color} |
| {color:green}+1{color} | {color:green} compile {color} | {color:green}  1m  7s{color} | {color:green} the patch passed {color} |
| {color:green}+1{color} | {color:green} javac {color} | {color:green}  1m  7s{color} | {color:green} the patch passed {color} |
| {color:green}+1{color} | {color:green} checkstyle {color} | {color:green}  0m 37s{color} | {color:green} ql: The patch generated 0 new + 9 unchanged - 1 fixed = 9 total (was 10) {color} |
| {color:green}+1{color} | {color:green} whitespace {color} | {color:green}  0m  0s{color} | {color:green} The patch has no whitespace issues. {color} |
| {color:green}+1{color} | {color:green} findbugs {color} | {color:green}  4m 15s{color} | {color:green} the patch passed {color} |
| {color:green}+1{color} | {color:green} javadoc {color} | {color:green}  1m  1s{color} | {color:green} the patch passed {color} |
|| || || || {color:brown} Other Tests {color} ||
| {color:green}+1{color} | {color:green} asflicense {color} | {color:green}  0m 15s{color} | {color:green} The patch does not generate ASF License warnings. {color} |
| {color:black}{color} | {color:black} {color} | {color:black} 24m 46s{color} | {color:black} {color} |
\\
\\
|| Subsystem || Report/Notes ||
| Optional Tests |  asflicense  javac  javadoc  findbugs  checkstyle  compile  |
| uname | Linux hiveptest-server-upstream 3.16.0-4-amd64 #1 SMP Debian 3.16.43-2+deb8u5 (2017-09-19) x86_64 GNU/Linux |
| Build tool | maven |
| Personality | /data/hiveptest/working/yetus_PreCommit-HIVE-Build-18330/dev-support/hive-personality.sh |
| git revision | master / dc24ce6 |
| Default Java | 1.8.0_111 |
| findbugs | v3.0.0 |
| modules | C: ql U: ql |
| Console output | http://104.198.109.242/logs//PreCommit-HIVE-Build-18330/yetus.txt |
| Powered by | Apache Yetus    http://yetus.apache.org |


This message was automatically generated.





Here are the results of testing the latest attachment:
https://issues.apache.org/jira/secure/attachment/12977537/HIVE-22063.7.patch

{color:red}ERROR:{color} -1 due to no test(s) being added or modified.

{color:red}ERROR:{color} -1 due to 14 failed/errored test(s), 16734 tests executed
*Failed tests:*
{noformat}
org.apache.hadoop.hive.metastore.TestObjectStore.catalogs (batchId=232)
org.apache.hadoop.hive.metastore.TestObjectStore.testDatabaseOps (batchId=232)
org.apache.hadoop.hive.metastore.TestObjectStore.testDeprecatedConfigIsOverwritten (batchId=232)
org.apache.hadoop.hive.metastore.TestObjectStore.testDirectSQLDropParitionsCleanup (batchId=232)
org.apache.hadoop.hive.metastore.TestObjectStore.testDirectSQLDropPartitionsCacheCrossSession (batchId=232)
org.apache.hadoop.hive.metastore.TestObjectStore.testDirectSqlErrorMetrics (batchId=232)
org.apache.hadoop.hive.metastore.TestObjectStore.testEmptyTrustStoreProps (batchId=232)
org.apache.hadoop.hive.metastore.TestObjectStore.testMasterKeyOps (batchId=232)
org.apache.hadoop.hive.metastore.TestObjectStore.testMaxEventResponse (batchId=232)
org.apache.hadoop.hive.metastore.TestObjectStore.testPartitionOps (batchId=232)
org.apache.hadoop.hive.metastore.TestObjectStore.testQueryCloseOnError (batchId=232)
org.apache.hadoop.hive.metastore.TestObjectStore.testRoleOps (batchId=232)
org.apache.hadoop.hive.metastore.TestObjectStore.testTableOps (batchId=232)
org.apache.hadoop.hive.metastore.TestObjectStore.testUseSSLProperty (batchId=232)
{noformat}

Test results: https://builds.apache.org/job/PreCommit-HIVE-Build/18330/testReport
Console output: https://builds.apache.org/job/PreCommit-HIVE-Build/18330/console
Test logs: http://104.198.109.242/logs/PreCommit-HIVE-Build-18330/

Messages:
{noformat}
Executing org.apache.hive.ptest.execution.TestCheckPhase
Executing org.apache.hive.ptest.execution.PrepPhase
Executing org.apache.hive.ptest.execution.YetusPhase
Executing org.apache.hive.ptest.execution.ExecutionPhase
Executing org.apache.hive.ptest.execution.ReportingPhase
Tests exited with: TestsFailedException: 14 tests failed
{noformat}

This message is automatically generated.

ATTACHMENT ID: 12977537 - PreCommit-HIVE-Build

| (/) *{color:green}+1 overall{color}* |
\\
\\
|| Vote || Subsystem || Runtime || Comment ||
|| || || || {color:brown} Prechecks {color} ||
| {color:green}+1{color} | {color:green} @author {color} | {color:green}  0m  0s{color} | {color:green} The patch does not contain any @author tags. {color} |
|| || || || {color:brown} master Compile Tests {color} ||
| {color:green}+1{color} | {color:green} mvninstall {color} | {color:green}  8m 38s{color} | {color:green} master passed {color} |
| {color:green}+1{color} | {color:green} compile {color} | {color:green}  1m  8s{color} | {color:green} master passed {color} |
| {color:green}+1{color} | {color:green} checkstyle {color} | {color:green}  0m 42s{color} | {color:green} master passed {color} |
| {color:blue}0{color} | {color:blue} findbugs {color} | {color:blue}  4m  9s{color} | {color:blue} ql in master has 2251 extant Findbugs warnings. {color} |
| {color:green}+1{color} | {color:green} javadoc {color} | {color:green}  1m  0s{color} | {color:green} master passed {color} |
|| || || || {color:brown} Patch Compile Tests {color} ||
| {color:green}+1{color} | {color:green} mvninstall {color} | {color:green}  1m 31s{color} | {color:green} the patch passed {color} |
| {color:green}+1{color} | {color:green} compile {color} | {color:green}  1m  8s{color} | {color:green} the patch passed {color} |
| {color:green}+1{color} | {color:green} javac {color} | {color:green}  1m  8s{color} | {color:green} the patch passed {color} |
| {color:green}+1{color} | {color:green} checkstyle {color} | {color:green}  0m 36s{color} | {color:green} ql: The patch generated 0 new + 9 unchanged - 1 fixed = 9 total (was 10) {color} |
| {color:green}+1{color} | {color:green} whitespace {color} | {color:green}  0m  0s{color} | {color:green} The patch has no whitespace issues. {color} |
| {color:green}+1{color} | {color:green} findbugs {color} | {color:green}  4m 17s{color} | {color:green} the patch passed {color} |
| {color:green}+1{color} | {color:green} javadoc {color} | {color:green}  1m  5s{color} | {color:green} the patch passed {color} |
|| || || || {color:brown} Other Tests {color} ||
| {color:green}+1{color} | {color:green} asflicense {color} | {color:green}  0m 14s{color} | {color:green} The patch does not generate ASF License warnings. {color} |
| {color:black}{color} | {color:black} {color} | {color:black} 24m 59s{color} | {color:black} {color} |
\\
\\
|| Subsystem || Report/Notes ||
| Optional Tests |  asflicense  javac  javadoc  findbugs  checkstyle  compile  |
| uname | Linux hiveptest-server-upstream 3.16.0-4-amd64 #1 SMP Debian 3.16.43-2+deb8u5 (2017-09-19) x86_64 GNU/Linux |
| Build tool | maven |
| Personality | /data/hiveptest/working/yetus_PreCommit-HIVE-Build-18363/dev-support/hive-personality.sh |
| git revision | master / 3934de0 |
| Default Java | 1.8.0_111 |
| findbugs | v3.0.0 |
| modules | C: ql U: ql |
| Console output | http://104.198.109.242/logs//PreCommit-HIVE-Build-18363/yetus.txt |
| Powered by | Apache Yetus    http://yetus.apache.org |


This message was automatically generated.





Here are the results of testing the latest attachment:
https://issues.apache.org/jira/secure/attachment/12977844/HIVE-22063.8.patch

{color:red}ERROR:{color} -1 due to no test(s) being added or modified.

{color:green}SUCCESS:{color} +1 due to 16742 tests passed

Test results: https://builds.apache.org/job/PreCommit-HIVE-Build/18363/testReport
Console output: https://builds.apache.org/job/PreCommit-HIVE-Build/18363/console
Test logs: http://104.198.109.242/logs/PreCommit-HIVE-Build-18363/

Messages:
{noformat}
Executing org.apache.hive.ptest.execution.TestCheckPhase
Executing org.apache.hive.ptest.execution.PrepPhase
Executing org.apache.hive.ptest.execution.YetusPhase
Executing org.apache.hive.ptest.execution.ExecutionPhase
Executing org.apache.hive.ptest.execution.ReportingPhase
{noformat}

This message is automatically generated.

ATTACHMENT ID: 12977844 - PreCommit-HIVE-Build

Fix has been committed to master for 4.0.0 release. Thank you for your contribution [~samuelan]

