Attaching mostly working version of change for safekeeping.

Completed working version of bridge to allow custom UDFs that are subclasses
of UDF to work in vectorized mode. This supports UDFs with evaluate() methods
that take and return boxed types (e.g. Long), Writable types (e.g. LongWritable)
and standard types (e.g. long). Generic UDFs are not supported. That will be the 
subject of a future patch.

I did manual testing for a large set of UDFs taking and returning the types supported
by vectorization: tinyint, smallint, int, bigint, float, double, boolean, string, timestamp.

UDFs one argument and multiple arguments were tested. Both constant and variable arguments
were tested.

Including the tests with the patch, or doing another patch with end-to-end tests, is yet to be done.

Added unit tests, plus support for isRepeating performance optimization for the case when all input vectors passed into a function are marked as isRepeating = true. Fixed a bug related to setting string output.

Added support for generic UDFs as well. Includes a unit test.

Code review available on ReviewBoard: https://reviews.apache.org/r/14113/




{color:red}Overall{color}: -1 at least one tests failed

Here are the results of testing the latest attachment:
https://issues.apache.org/jira/secure/attachment/12602912/HIVE-4961.1-vectorization.patch

{color:red}ERROR:{color} -1 due to 49 failed/errored test(s), 3955 tests executed
*Failed tests:*
{noformat}
org.apache.hadoop.hive.ql.parse.TestParse.testParse_input2
org.apache.hadoop.hive.ql.parse.TestParse.testParse_udf1
org.apache.hadoop.hive.ql.parse.TestParse.testParse_groupby2
org.apache.hadoop.hive.ql.io.orc.TestFileDump.testDump
org.apache.hadoop.hive.ql.parse.TestParse.testParse_cast1
org.apache.hadoop.hive.ql.parse.TestParse.testParse_input8
org.apache.hadoop.hive.ql.parse.TestParse.testParse_input3
org.apache.hadoop.hive.ql.parse.TestParse.testParse_join4
org.apache.hadoop.hive.ql.parse.TestParse.testParse_groupby5
org.apache.hadoop.hive.ql.parse.TestParse.testParse_sample5
org.apache.hadoop.hive.ql.parse.TestParse.testParse_join8
org.apache.hive.hcatalog.mapreduce.TestSequenceFileReadWrite.testSequenceTableWriteRead
org.apache.hadoop.hive.ql.io.orc.TestFileDump.testDictionaryThreshold
org.apache.hadoop.hive.ql.parse.TestParse.testParse_input_testxpath
org.apache.hadoop.hive.ql.parse.TestParse.testParse_input_part1
org.apache.hadoop.hive.ql.parse.TestParse.testParse_join2
org.apache.hadoop.hive.ql.parse.TestParse.testParse_input4
org.apache.hadoop.hive.ql.parse.TestParse.testParse_sample1
org.apache.hive.hcatalog.mapreduce.TestSequenceFileReadWrite.testTextTableWriteRead
org.apache.hadoop.hive.ql.parse.TestParse.testParse_join7
org.apache.hadoop.hive.ql.parse.TestParse.testParse_subq
org.apache.hadoop.hive.ql.parse.TestParse.testParse_groupby6
org.apache.hadoop.hive.ql.parse.TestParse.testParse_input20
org.apache.hadoop.hive.ql.parse.TestParse.testParse_udf_when
org.apache.hadoop.hive.ql.parse.TestParse.testParse_input_testxpath2
org.apache.hcatalog.cli.TestPermsGrp.testCustomPerms
org.apache.hadoop.hive.ql.parse.TestParse.testParse_udf4
org.apache.hadoop.hive.ql.parse.TestParse.testParse_sample7
org.apache.hadoop.hive.ql.parse.TestParse.testParse_input6
org.apache.hive.hcatalog.mapreduce.TestSequenceFileReadWrite.testSequenceTableWriteReadMR
org.apache.hadoop.hive.ql.parse.TestParse.testParse_sample3
org.apache.hadoop.hive.ql.parse.TestParse.testParse_case_sensitivity
org.apache.hadoop.hive.ql.parse.TestParse.testParse_sample2
org.apache.hadoop.hive.ql.parse.TestParse.testParse_sample6
org.apache.hadoop.hive.ql.parse.TestParse.testParse_input9
org.apache.hive.hcatalog.mapreduce.TestSequenceFileReadWrite.testTextTableWriteReadMR
org.apache.hadoop.hive.ql.parse.TestParse.testParse_union
org.apache.hadoop.hive.ql.parse.TestParse.testParse_udf6
org.apache.hadoop.hive.ql.parse.TestParse.testParse_groupby4
org.apache.hadoop.hive.ql.parse.TestParse.testParse_groupby3
org.apache.hadoop.hive.ql.parse.TestParse.testParse_join5
org.apache.hadoop.hive.ql.parse.TestParse.testParse_join6
org.apache.hadoop.hive.cli.TestCliDriver.testCliDriver_input4
org.apache.hadoop.hive.cli.TestCliDriver.testCliDriver_plan_json
org.apache.hadoop.hive.ql.parse.TestParse.testParse_input1
org.apache.hadoop.hive.ql.parse.TestParse.testParse_groupby1
org.apache.hadoop.hive.ql.parse.TestParse.testParse_sample4
org.apache.hadoop.hive.ql.parse.TestParse.testParse_udf_case
org.apache.hadoop.hive.ql.exec.vector.expressions.TestUDF.initializationError
{noformat}

Test results: https://builds.apache.org/job/PreCommit-HIVE-Build/718/testReport
Console output: https://builds.apache.org/job/PreCommit-HIVE-Build/718/console

Messages:
{noformat}
Executing org.apache.hive.ptest.execution.PrepPhase
Executing org.apache.hive.ptest.execution.ExecutionPhase
Executing org.apache.hive.ptest.execution.ReportingPhase
Tests failed with: TestsFailedException: 49 tests failed
{noformat}

This message is automatically generated.

Removed line ends and made another minor change based on code review comments. Moved test UDFs to utility directory to avoid test failure. Removed field from ExprNodeGenericFuncDesc that was not needed, and made one field transient to avoid serialization. That should also prevent some test failures due to "diff" answers changing.



{color:red}Overall{color}: -1 at least one tests failed

Here are the results of testing the latest attachment:
https://issues.apache.org/jira/secure/attachment/12603172/HIVE-4961.2-vectorization.patch

{color:red}ERROR:{color} -1 due to 6 failed/errored test(s), 3955 tests executed
*Failed tests:*
{noformat}
org.apache.hadoop.hive.ql.io.orc.TestFileDump.testDump
org.apache.hadoop.hive.ql.io.orc.TestFileDump.testDictionaryThreshold
org.apache.hive.hcatalog.pig.TestOrcHCatStorer.testStoreTableMulti
org.apache.hadoop.hive.cli.TestCliDriver.testCliDriver_input4
org.apache.hadoop.hive.cli.TestCliDriver.testCliDriver_plan_json
org.apache.hadoop.hive.ql.exec.vector.util.TestUDF.initializationError
{noformat}

Test results: https://builds.apache.org/job/PreCommit-HIVE-Build/749/testReport
Console output: https://builds.apache.org/job/PreCommit-HIVE-Build/749/console

Messages:
{noformat}
Executing org.apache.hive.ptest.execution.PrepPhase
Executing org.apache.hive.ptest.execution.ExecutionPhase
Executing org.apache.hive.ptest.execution.ReportingPhase
Tests failed with: TestsFailedException: 6 tests failed
{noformat}

This message is automatically generated.

Fixed issue with test name (TestUDF) that caused test failure.



{color:red}Overall{color}: -1 at least one tests failed

Here are the results of testing the latest attachment:
https://issues.apache.org/jira/secure/attachment/12603380/HIVE-4961.3-vectorization.patch

{color:red}ERROR:{color} -1 due to 11 failed/errored test(s), 3954 tests executed
*Failed tests:*
{noformat}
org.apache.hadoop.hive.cli.TestCliDriver.testCliDriver_input4
org.apache.hadoop.hive.cli.TestCliDriver.testCliDriver_plan_json
org.apache.hadoop.hive.ql.io.orc.TestFileDump.testDictionaryThreshold
org.apache.hadoop.hive.ql.io.orc.TestFileDump.testDump
org.apache.hcatalog.listener.TestNotificationListener.testAMQListener
org.apache.hive.hcatalog.fileformats.TestOrcDynamicPartitioned.testHCatDynamicPartitionedTable
org.apache.hive.hcatalog.fileformats.TestOrcDynamicPartitioned.testHCatDynamicPartitionedTableMultipleTask
org.apache.hive.hcatalog.pig.TestHCatStorer.testPartColsInData
org.apache.hive.hcatalog.pig.TestHCatStorer.testStoreInPartiitonedTbl
org.apache.hive.hcatalog.pig.TestHCatStorer.testStoreMultiTables
org.apache.hive.hcatalog.pig.TestHCatStorer.testStoreWithNoSchema
{noformat}

Test results: https://builds.apache.org/job/PreCommit-HIVE-Build/763/testReport
Console output: https://builds.apache.org/job/PreCommit-HIVE-Build/763/console

Messages:
{noformat}
Executing org.apache.hive.ptest.execution.PrepPhase
Executing org.apache.hive.ptest.execution.ExecutionPhase
Executing org.apache.hive.ptest.execution.ReportingPhase
Tests failed with: TestsFailedException: 11 tests failed
{noformat}

This message is automatically generated.

As far as I can tell, the 11 test failures report in the last test run are not related to this patch.

I ran the failing tests on my machine on a clean version of the vectorization branch without my patch. These tests failed:

org.apache.hadoop.hive.cli.TestCliDriver.testCliDriver_input4
org.apache.hadoop.hive.cli.TestCliDriver.testCliDriver_plan_json
org.apache.hadoop.hive.ql.io.orc.TestFileDump.testDictionaryThreshold
org.apache.hadoop.hive.ql.io.orc.TestFileDump.testDump

These tests would not run in a way that produced output in ant testreport, and my changes should not affect them.

org.apache.hcatalog.listener.TestNotificationListener.testAMQListener
org.apache.hive.hcatalog.fileformats.TestOrcDynamicPartitioned.testHCatDynamicPartitionedTable
org.apache.hive.hcatalog.fileformats.TestOrcDynamicPartitioned.testHCatDynamicPartitionedTableMultipleTask
org.apache.hive.hcatalog.pig.TestHCatStorer.testPartColsInData
org.apache.hive.hcatalog.pig.TestHCatStorer.testStoreInPartiitonedTbl
org.apache.hive.hcatalog.pig.TestHCatStorer.testStoreMultiTables
org.apache.hive.hcatalog.pig.TestHCatStorer.testStoreWithNoSchema


hcatalog tests are flaky and we can ignore them. But, none of hive tests fail in trunk. Its not likely related to your patch though. I have seen {{input4.q}} and {{plan_json.q}} to fail consistently only on vectorization branch, so they need to be debugged on branch. orc tests I am not sure, but if they fail regardless of patch, I think this patch is good to go. 

I have few concerns regarding code organization.
* We should create new packages ql/exec/vector/udf, ql/exec/vector/udf/legacy and ql/exec/vector/udf/generic.
* We should put classes VectorUDFAdaptor and VectorUDFArgDesc in vector/udf.
* We should put LongUDF in vector/udf/legacy
* We should put GenericUDFIsNull in vector/udf/generic

You can chose to do this in follow-up patch or in this one. I am fine either way, let me know.

Refactor packages per request from Ashutosh.



{color:red}Overall{color}: -1 at least one tests failed

Here are the results of testing the latest attachment:
https://issues.apache.org/jira/secure/attachment/12603642/HIVE-4961.4-vectorization.patch

{color:red}ERROR:{color} -1 due to 8 failed/errored test(s), 3954 tests executed
*Failed tests:*
{noformat}
org.apache.hadoop.hive.cli.TestCliDriver.testCliDriver_input4
org.apache.hadoop.hive.cli.TestCliDriver.testCliDriver_plan_json
org.apache.hadoop.hive.ql.io.orc.TestFileDump.testDictionaryThreshold
org.apache.hadoop.hive.ql.io.orc.TestFileDump.testDump
org.apache.hcatalog.cli.TestPermsGrp.testCustomPerms
org.apache.hive.hcatalog.fileformats.TestOrcDynamicPartitioned.testHCatDynamicPartitionedTable
org.apache.hive.hcatalog.mapreduce.TestHCatExternalHCatNonPartitioned.testHCatNonPartitionedTable
org.apache.hive.hcatalog.mapreduce.TestHCatExternalPartitioned.testHCatPartitionedTable
{noformat}

Test results: https://builds.apache.org/job/PreCommit-HIVE-Build/786/testReport
Console output: https://builds.apache.org/job/PreCommit-HIVE-Build/786/console

Messages:
{noformat}
Executing org.apache.hive.ptest.execution.PrepPhase
Executing org.apache.hive.ptest.execution.ExecutionPhase
Executing org.apache.hive.ptest.execution.ReportingPhase
Tests failed with: TestsFailedException: 8 tests failed
{noformat}

This message is automatically generated.

Committed to branch. Thanks, Eric!

See the design specification attached to HIVE-4160 for a design description of this patch.

