Implemented solution for StrictRegexWriter, similar to StrictJsonWriter.

Hi [~ashutoshc], [~ekoifman]

can you please verify the patch. 

https://github.com/kalyanhadooptraining/hive/commit/d80d4e59a47b254bb36686af34ee868c399439bb

Dependency is there in flume to commit.
FLUME-3036 : Create a RegexSerializer for Hive Sink.




Here are the results of testing the latest attachment:
https://issues.apache.org/jira/secure/attachment/12848783/HIVE-15691.patch

{color:green}SUCCESS:{color} +1 due to 1 test(s) being added or modified.

{color:red}ERROR:{color} -1 due to 9 failed/errored test(s), 10979 tests executed
*Failed tests:*
{noformat}
TestDerbyConnector - did not produce a TEST-*.xml file (likely timed out) (batchId=235)
org.apache.hadoop.hive.cli.TestEncryptedHDFSCliDriver.testCliDriver[encryption_join_with_different_encryption_keys] (batchId=159)
org.apache.hadoop.hive.cli.TestMiniLlapCliDriver.testCliDriver[orc_ppd_schema_evol_3a] (batchId=136)
org.apache.hadoop.hive.cli.TestMiniLlapLocalCliDriver.testCliDriver[offset_limit_ppd_optimizer] (batchId=151)
org.apache.hadoop.hive.cli.TestMiniLlapLocalCliDriver.testCliDriver[schema_evol_text_vec_part] (batchId=149)
org.apache.hadoop.hive.cli.TestMiniLlapLocalCliDriver.testCliDriver[vector_if_expr] (batchId=140)
org.apache.hadoop.hive.cli.TestMiniLlapLocalCliDriver.testCliDriver[vector_varchar_simple] (batchId=152)
org.apache.hive.hcatalog.streaming.TestStreaming.testTransactionBatchCommit_Regex (batchId=182)
org.apache.hive.hcatalog.streaming.TestStreaming.testTransactionBatchCommit_RegexUGI (batchId=182)
{noformat}

Test results: https://builds.apache.org/job/PreCommit-HIVE-Build/3117/testReport
Console output: https://builds.apache.org/job/PreCommit-HIVE-Build/3117/console
Test logs: http://104.198.109.242/logs/PreCommit-HIVE-Build-3117/

Messages:
{noformat}
Executing org.apache.hive.ptest.execution.TestCheckPhase
Executing org.apache.hive.ptest.execution.PrepPhase
Executing org.apache.hive.ptest.execution.ExecutionPhase
Executing org.apache.hive.ptest.execution.ReportingPhase
Tests exited with: TestsFailedException: 9 tests failed
{noformat}

This message is automatically generated.

ATTACHMENT ID: 12848783 - PreCommit-HIVE-Build

Hi [~ekoifman],

sorry about the previous patch issue (class cast exception).

Updated patch is attached... 

Verified the test cases also, Working fine with master branch.

[~kalyanhadoop] could you name your patches HIVE-15691.1.patch, HIVE-15691.2.patch, etc
this way the build bot will pick them up automatically

Thanks [~ekoifman],

attached the patch with name 'Hive-15691.1.patch'



Here are the results of testing the latest attachment:
https://issues.apache.org/jira/secure/attachment/12849915/HIVE-15691.1.patch

{color:green}SUCCESS:{color} +1 due to 1 test(s) being added or modified.

{color:red}ERROR:{color} -1 due to 6 failed/errored test(s), 11011 tests executed
*Failed tests:*
{noformat}
TestDerbyConnector - did not produce a TEST-*.xml file (likely timed out) (batchId=235)
org.apache.hadoop.hive.cli.TestEncryptedHDFSCliDriver.testCliDriver[encryption_join_with_different_encryption_keys] (batchId=159)
org.apache.hadoop.hive.cli.TestMiniLlapLocalCliDriver.testCliDriver[vector_char_simple] (batchId=147)
org.apache.hadoop.hive.cli.TestMiniLlapLocalCliDriver.testCliDriver[vector_if_expr] (batchId=140)
org.apache.hadoop.hive.cli.TestMiniLlapLocalCliDriver.testCliDriver[vector_varchar_simple] (batchId=153)
org.apache.hadoop.hive.cli.TestPerfCliDriver.testCliDriver[query23] (batchId=223)
{noformat}

Test results: https://builds.apache.org/job/PreCommit-HIVE-Build/3253/testReport
Console output: https://builds.apache.org/job/PreCommit-HIVE-Build/3253/console
Test logs: http://104.198.109.242/logs/PreCommit-HIVE-Build-3253/

Messages:
{noformat}
Executing org.apache.hive.ptest.execution.TestCheckPhase
Executing org.apache.hive.ptest.execution.PrepPhase
Executing org.apache.hive.ptest.execution.ExecutionPhase
Executing org.apache.hive.ptest.execution.ReportingPhase
Tests exited with: TestsFailedException: 6 tests failed
{noformat}

This message is automatically generated.

ATTACHMENT ID: 12849915 - PreCommit-HIVE-Build

Hi [~ekoifman],

patch is working fine as per pre-build result, can you please check in this code .. Thanks

Hi [~ekoifman],

can please review the above patch

Thanks 

What is main use case this is designed for that DelimitedWriter can't handle?  Using different delimiters in the same row?  Maybe the unit tests should be more elaborate to illustrate that.


Why are there so many StrictRegexWriter() c'tors?
It seems like a StrictRegexWriter w/o a regex or EndPoint or Connection, etc is not useful - it will just NPE in various places. 

[~roshan_naik] do you have any comments on this patch?

StrictRegexWriter allows extracting fields from the incoming text based on user specified regexes.  DelimitedWriter is for extracting fields from things like comma/tab separated text.  My understanding is that, implementation wise, this is closely modeled around the  DelimitedWriter.  

[~kalyanhadoop] can better speak to the implementation details.

[~roshan_naik], I was asking for your comments on the actual patch since you are the original author this API

Should be able to get to it on Monday.

[~ekoifman] & [~kalyanhadoop]

1) I think the class needs only 2 constructors:
- StrictRegexWriter(String regex, HiveEndPoint endPoint)
- StrictRegexWriter(String regex, HiveEndPoint endPoint, HiveConf conf)

The 'connection' param should be eliminated.

2) I cannot say much about the correctness of createSerde() & encode() methods, as i have not worked with RegexSerDe. Would be good to know if this has been validated via a manual test  where the data streamed via this writer, was properly queryable from Hive.


Looks fine other than that.

Actually, StreamingConnection is required.  W/o that, in a Kerberos environment Connection and Writer end up with a different UserGroupInformation which cause issues.  See HIVE-14114 

I see.

Thanks for your support, [~roshan_naik], [~ekoifman]

To work with flume, regex support we are adding `StrictRegexWriter`.

If this patch only for latest version 2.x, i need only 2 constructors

StrictRegexWriter(String regex, HiveEndPoint endPoint)
StrictRegexWriter(String regex, HiveEndPoint endPoint, HiveConf conf)

may be any committing on old version need other 2 constructors.

As per your comments .. i will update the patch..



Actually, it's the version of c'tor that takes a StreamingConnection parameter is the new/better version.
Note that in other Writers the c'tors w/o connection parameter are all deprecated

ok,. Flume is not yet switched over to 2.x Hive.


[~ekoifman] looks like this has been idle for a bit.  is there anything you need from  [~kalyanhadoop]   to move forward on this ?

If there are differences in API between 1.x and 2.x then I think we need 2 patches with 2.x deprecating the c'tors and 1.x not having the "new" c'tor - I think the patch as is won't even compile against Hive1.  The build bot is only running gainst Hive2

Hi [~ekoifman], [~roshan_naik]

current patch is only works on hive-2.x.

if you feel looks ok, i will give the patch to work on hive-1.x

currently flume need hive-1.x solution

I don't think the 2.x version should have deprecated form of the c'tors.  Since it's a new class no one could be using them yet.
Otherwise I think this is OK for 2.x.  Please update the patch and I can commit it.



Hi [~ekoifman], [~roshan_naik]

updated new patch (HIVE-15691.2.patch) on release-1.2.1

previous patch (HIVE-15691.1.patch) on master

can you please take look once.

Thanks



Here are the results of testing the latest attachment:
https://issues.apache.org/jira/secure/attachment/12858577/HIVE-15691.2.patch

{color:red}ERROR:{color} -1 due to build exiting with an error

Test results: https://builds.apache.org/job/PreCommit-HIVE-Build/4115/testReport
Console output: https://builds.apache.org/job/PreCommit-HIVE-Build/4115/console
Test logs: http://104.198.109.242/logs/PreCommit-HIVE-Build-4115/

Messages:
{noformat}
**** This message was trimmed, see log for full details ****
[loading ZipFileIndexFileObject[/usr/lib/jvm/java-8-openjdk-amd64/jre/lib/rt.jar(java/lang/String.class)]]
[loading ZipFileIndexFileObject[/data/hiveptest/working/maven/org/eclipse/jetty/aggregate/jetty-all-server/7.6.0.v20120127/jetty-all-server-7.6.0.v20120127.jar(org/eclipse/jetty/http/HttpStatus.class)]]
[loading ZipFileIndexFileObject[/usr/lib/jvm/java-8-openjdk-amd64/jre/lib/rt.jar(java/util/HashMap.class)]]
[loading ZipFileIndexFileObject[/data/hiveptest/working/maven/com/sun/jersey/jersey-core/1.14/jersey-core-1.14.jar(javax/ws/rs/core/MediaType.class)]]
[loading ZipFileIndexFileObject[/data/hiveptest/working/maven/com/sun/jersey/jersey-core/1.14/jersey-core-1.14.jar(javax/ws/rs/core/Response.class)]]
[loading ZipFileIndexFileObject[/data/hiveptest/working/maven/org/codehaus/jackson/jackson-mapper-asl/1.9.13/jackson-mapper-asl-1.9.13.jar(org/codehaus/jackson/map/ObjectMapper.class)]]
[loading ZipFileIndexFileObject[/usr/lib/jvm/java-8-openjdk-amd64/jre/lib/rt.jar(java/lang/Exception.class)]]
[loading ZipFileIndexFileObject[/usr/lib/jvm/java-8-openjdk-amd64/jre/lib/rt.jar(java/lang/Throwable.class)]]
[loading ZipFileIndexFileObject[/usr/lib/jvm/java-8-openjdk-amd64/jre/lib/rt.jar(java/io/Serializable.class)]]
[loading ZipFileIndexFileObject[/usr/lib/jvm/java-8-openjdk-amd64/jre/lib/rt.jar(java/lang/Enum.class)]]
[loading ZipFileIndexFileObject[/usr/lib/jvm/java-8-openjdk-amd64/jre/lib/rt.jar(java/lang/Comparable.class)]]
[loading ZipFileIndexFileObject[/data/hiveptest/working/maven/com/sun/jersey/jersey-server/1.14/jersey-server-1.14.jar(com/sun/jersey/api/core/PackagesResourceConfig.class)]]
[loading ZipFileIndexFileObject[/data/hiveptest/working/maven/com/sun/jersey/jersey-servlet/1.14/jersey-servlet-1.14.jar(com/sun/jersey/spi/container/servlet/ServletContainer.class)]]
[loading ZipFileIndexFileObject[/usr/lib/jvm/java-8-openjdk-amd64/jre/lib/rt.jar(java/io/FileInputStream.class)]]
[loading ZipFileIndexFileObject[/data/hiveptest/working/apache-github-source-source/ql/target/hive-exec-2.2.0-SNAPSHOT.jar(org/apache/commons/lang3/StringUtils.class)]]
[loading ZipFileIndexFileObject[/data/hiveptest/working/apache-github-source-source/ql/target/hive-exec-2.2.0-SNAPSHOT.jar(org/apache/commons/lang3/ArrayUtils.class)]]
[loading ZipFileIndexFileObject[/data/hiveptest/working/apache-github-source-source/common/target/hive-common-2.2.0-SNAPSHOT.jar(org/apache/hadoop/hive/common/classification/InterfaceStability.class)]]
[loading ZipFileIndexFileObject[/data/hiveptest/working/maven/org/apache/hadoop/hadoop-hdfs/2.7.2/hadoop-hdfs-2.7.2.jar(org/apache/hadoop/hdfs/web/AuthFilter.class)]]
[loading ZipFileIndexFileObject[/data/hiveptest/working/apache-github-source-source/shims/common/target/hive-shims-common-2.2.0-SNAPSHOT.jar(org/apache/hadoop/hive/shims/Utils.class)]]
[loading ZipFileIndexFileObject[/data/hiveptest/working/maven/org/apache/hadoop/hadoop-common/2.7.2/hadoop-common-2.7.2.jar(org/apache/hadoop/security/UserGroupInformation.class)]]
[loading ZipFileIndexFileObject[/data/hiveptest/working/maven/org/apache/hadoop/hadoop-auth/2.7.2/hadoop-auth-2.7.2.jar(org/apache/hadoop/security/authentication/client/PseudoAuthenticator.class)]]
[loading ZipFileIndexFileObject[/data/hiveptest/working/maven/org/apache/hadoop/hadoop-auth/2.7.2/hadoop-auth-2.7.2.jar(org/apache/hadoop/security/authentication/server/PseudoAuthenticationHandler.class)]]
[loading ZipFileIndexFileObject[/data/hiveptest/working/maven/org/apache/hadoop/hadoop-common/2.7.2/hadoop-common-2.7.2.jar(org/apache/hadoop/util/GenericOptionsParser.class)]]
[loading ZipFileIndexFileObject[/data/hiveptest/working/maven/org/eclipse/jetty/aggregate/jetty-all-server/7.6.0.v20120127/jetty-all-server-7.6.0.v20120127.jar(org/eclipse/jetty/rewrite/handler/RedirectPatternRule.class)]]
[loading ZipFileIndexFileObject[/data/hiveptest/working/maven/org/eclipse/jetty/aggregate/jetty-all-server/7.6.0.v20120127/jetty-all-server-7.6.0.v20120127.jar(org/eclipse/jetty/rewrite/handler/RewriteHandler.class)]]
[loading ZipFileIndexFileObject[/data/hiveptest/working/maven/org/eclipse/jetty/aggregate/jetty-all-server/7.6.0.v20120127/jetty-all-server-7.6.0.v20120127.jar(org/eclipse/jetty/server/Handler.class)]]
[loading ZipFileIndexFileObject[/data/hiveptest/working/maven/org/eclipse/jetty/aggregate/jetty-all-server/7.6.0.v20120127/jetty-all-server-7.6.0.v20120127.jar(org/eclipse/jetty/server/Server.class)]]
[loading ZipFileIndexFileObject[/data/hiveptest/working/maven/org/eclipse/jetty/aggregate/jetty-all-server/7.6.0.v20120127/jetty-all-server-7.6.0.v20120127.jar(org/eclipse/jetty/server/handler/HandlerList.class)]]
[loading ZipFileIndexFileObject[/data/hiveptest/working/maven/org/eclipse/jetty/aggregate/jetty-all-server/7.6.0.v20120127/jetty-all-server-7.6.0.v20120127.jar(org/eclipse/jetty/servlet/FilterHolder.class)]]
[loading ZipFileIndexFileObject[/data/hiveptest/working/maven/org/eclipse/jetty/aggregate/jetty-all-server/7.6.0.v20120127/jetty-all-server-7.6.0.v20120127.jar(org/eclipse/jetty/servlet/FilterMapping.class)]]
[loading ZipFileIndexFileObject[/data/hiveptest/working/maven/org/eclipse/jetty/aggregate/jetty-all-server/7.6.0.v20120127/jetty-all-server-7.6.0.v20120127.jar(org/eclipse/jetty/servlet/ServletContextHandler.class)]]
[loading ZipFileIndexFileObject[/data/hiveptest/working/maven/org/eclipse/jetty/aggregate/jetty-all-server/7.6.0.v20120127/jetty-all-server-7.6.0.v20120127.jar(org/eclipse/jetty/servlet/ServletHolder.class)]]
[loading ZipFileIndexFileObject[/data/hiveptest/working/maven/org/eclipse/jetty/aggregate/jetty-all-server/7.6.0.v20120127/jetty-all-server-7.6.0.v20120127.jar(org/eclipse/jetty/xml/XmlConfiguration.class)]]
[loading ZipFileIndexFileObject[/data/hiveptest/working/maven/org/slf4j/jul-to-slf4j/1.7.10/jul-to-slf4j-1.7.10.jar(org/slf4j/bridge/SLF4JBridgeHandler.class)]]
[loading ZipFileIndexFileObject[/data/hiveptest/working/maven/javax/servlet/servlet-api/2.5/servlet-api-2.5.jar(javax/servlet/http/HttpServletRequest.class)]]
[loading ZipFileIndexFileObject[/data/hiveptest/working/apache-github-source-source/common/target/hive-common-2.2.0-SNAPSHOT.jar(org/apache/hadoop/hive/common/classification/InterfaceAudience$LimitedPrivate.class)]]
[loading ZipFileIndexFileObject[/data/hiveptest/working/apache-github-source-source/common/target/hive-common-2.2.0-SNAPSHOT.jar(org/apache/hadoop/hive/common/classification/InterfaceStability$Unstable.class)]]
[loading ZipFileIndexFileObject[/usr/lib/jvm/java-8-openjdk-amd64/jre/lib/rt.jar(java/io/ByteArrayOutputStream.class)]]
[loading ZipFileIndexFileObject[/usr/lib/jvm/java-8-openjdk-amd64/jre/lib/rt.jar(java/io/OutputStream.class)]]
[loading ZipFileIndexFileObject[/usr/lib/jvm/java-8-openjdk-amd64/jre/lib/rt.jar(java/io/Closeable.class)]]
[loading ZipFileIndexFileObject[/usr/lib/jvm/java-8-openjdk-amd64/jre/lib/rt.jar(java/lang/AutoCloseable.class)]]
[loading ZipFileIndexFileObject[/usr/lib/jvm/java-8-openjdk-amd64/jre/lib/rt.jar(java/io/Flushable.class)]]
[loading ZipFileIndexFileObject[/usr/lib/jvm/java-8-openjdk-amd64/jre/lib/rt.jar(javax/xml/bind/annotation/XmlRootElement.class)]]
[loading ZipFileIndexFileObject[/data/hiveptest/working/maven/org/apache/commons/commons-exec/1.1/commons-exec-1.1.jar(org/apache/commons/exec/ExecuteException.class)]]
[loading ZipFileIndexFileObject[/usr/lib/jvm/java-8-openjdk-amd64/jre/lib/rt.jar(java/security/PrivilegedExceptionAction.class)]]
[loading ZipFileIndexFileObject[/data/hiveptest/working/apache-github-source-source/shims/common/target/hive-shims-common-2.2.0-SNAPSHOT.jar(org/apache/hadoop/hive/shims/HadoopShimsSecure.class)]]
[loading ZipFileIndexFileObject[/data/hiveptest/working/apache-github-source-source/shims/common/target/hive-shims-common-2.2.0-SNAPSHOT.jar(org/apache/hadoop/hive/shims/ShimLoader.class)]]
[loading ZipFileIndexFileObject[/data/hiveptest/working/apache-github-source-source/shims/common/target/hive-shims-common-2.2.0-SNAPSHOT.jar(org/apache/hadoop/hive/shims/HadoopShims.class)]]
[loading ZipFileIndexFileObject[/data/hiveptest/working/apache-github-source-source/shims/common/target/hive-shims-common-2.2.0-SNAPSHOT.jar(org/apache/hadoop/hive/shims/HadoopShims$WebHCatJTShim.class)]]
[loading ZipFileIndexFileObject[/data/hiveptest/working/maven/org/apache/hadoop/hadoop-common/2.7.2/hadoop-common-2.7.2.jar(org/apache/hadoop/util/ToolRunner.class)]]
[loading ZipFileIndexFileObject[/usr/lib/jvm/java-8-openjdk-amd64/jre/lib/rt.jar(java/lang/InterruptedException.class)]]
[loading ZipFileIndexFileObject[/usr/lib/jvm/java-8-openjdk-amd64/jre/lib/rt.jar(java/lang/Boolean.class)]]
[loading ZipFileIndexFileObject[/data/hiveptest/working/apache-github-source-source/ql/target/hive-exec-2.2.0-SNAPSHOT.jar(org/apache/hadoop/hive/ql/ErrorMsg.class)]]
[loading ZipFileIndexFileObject[/usr/lib/jvm/java-8-openjdk-amd64/jre/lib/rt.jar(java/lang/Integer.class)]]
[loading ZipFileIndexFileObject[/data/hiveptest/working/maven/org/apache/hadoop/hadoop-mapreduce-client-core/2.7.2/hadoop-mapreduce-client-core-2.7.2.jar(org/apache/hadoop/mapred/JobStatus.class)]]
[loading ZipFileIndexFileObject[/usr/lib/jvm/java-8-openjdk-amd64/jre/lib/rt.jar(java/io/FileNotFoundException.class)]]
[loading ZipFileIndexFileObject[/usr/lib/jvm/java-8-openjdk-amd64/jre/lib/rt.jar(java/net/URISyntaxException.class)]]
[loading ZipFileIndexFileObject[/usr/lib/jvm/java-8-openjdk-amd64/jre/lib/rt.jar(java/net/URI.class)]]
[loading ZipFileIndexFileObject[/data/hiveptest/working/maven/org/apache/hadoop/hadoop-common/2.7.2/hadoop-common-2.7.2.jar(org/apache/hadoop/fs/FileSystem.class)]]
[loading ZipFileIndexFileObject[/data/hiveptest/working/apache-github-source-source/metastore/target/hive-metastore-2.2.0-SNAPSHOT.jar(org/apache/hadoop/hive/metastore/api/MetaException.class)]]
[loading ZipFileIndexFileObject[/data/hiveptest/working/maven/org/apache/hadoop/hadoop-common/2.7.2/hadoop-common-2.7.2.jar(org/apache/hadoop/io/Text.class)]]
[loading ZipFileIndexFileObject[/data/hiveptest/working/maven/org/apache/hadoop/hadoop-common/2.7.2/hadoop-common-2.7.2.jar(org/apache/hadoop/security/Credentials.class)]]
[loading ZipFileIndexFileObject[/data/hiveptest/working/maven/org/apache/hadoop/hadoop-common/2.7.2/hadoop-common-2.7.2.jar(org/apache/hadoop/security/token/Token.class)]]
[loading ZipFileIndexFileObject[/data/hiveptest/working/maven/org/apache/thrift/libthrift/0.9.3/libthrift-0.9.3.jar(org/apache/thrift/TException.class)]]
[loading ZipFileIndexFileObject[/usr/lib/jvm/java-8-openjdk-amd64/jre/lib/rt.jar(java/net/InetAddress.class)]]
[loading ZipFileIndexFileObject[/usr/lib/jvm/java-8-openjdk-amd64/jre/lib/rt.jar(java/net/UnknownHostException.class)]]
[loading ZipFileIndexFileObject[/usr/lib/jvm/java-8-openjdk-amd64/jre/lib/rt.jar(java/text/MessageFormat.class)]]
[loading ZipFileIndexFileObject[/usr/lib/jvm/java-8-openjdk-amd64/jre/lib/rt.jar(java/util/regex/Matcher.class)]]
[loading ZipFileIndexFileObject[/usr/lib/jvm/java-8-openjdk-amd64/jre/lib/rt.jar(java/util/regex/Pattern.class)]]
[loading ZipFileIndexFileObject[/data/hiveptest/working/maven/com/sun/jersey/jersey-core/1.14/jersey-core-1.14.jar(javax/ws/rs/DELETE.class)]]
[loading ZipFileIndexFileObject[/data/hiveptest/working/maven/com/sun/jersey/jersey-core/1.14/jersey-core-1.14.jar(javax/ws/rs/FormParam.class)]]
[loading ZipFileIndexFileObject[/data/hiveptest/working/maven/com/sun/jersey/jersey-core/1.14/jersey-core-1.14.jar(javax/ws/rs/GET.class)]]
[loading ZipFileIndexFileObject[/data/hiveptest/working/maven/com/sun/jersey/jersey-core/1.14/jersey-core-1.14.jar(javax/ws/rs/POST.class)]]
[loading ZipFileIndexFileObject[/data/hiveptest/working/maven/com/sun/jersey/jersey-core/1.14/jersey-core-1.14.jar(javax/ws/rs/PUT.class)]]
[loading ZipFileIndexFileObject[/data/hiveptest/working/maven/com/sun/jersey/jersey-core/1.14/jersey-core-1.14.jar(javax/ws/rs/Path.class)]]
[loading ZipFileIndexFileObject[/data/hiveptest/working/maven/com/sun/jersey/jersey-core/1.14/jersey-core-1.14.jar(javax/ws/rs/PathParam.class)]]
[loading ZipFileIndexFileObject[/data/hiveptest/working/maven/com/sun/jersey/jersey-core/1.14/jersey-core-1.14.jar(javax/ws/rs/Produces.class)]]
[loading ZipFileIndexFileObject[/data/hiveptest/working/maven/com/sun/jersey/jersey-core/1.14/jersey-core-1.14.jar(javax/ws/rs/QueryParam.class)]]
[loading ZipFileIndexFileObject[/data/hiveptest/working/maven/com/sun/jersey/jersey-core/1.14/jersey-core-1.14.jar(javax/ws/rs/core/Context.class)]]
[loading ZipFileIndexFileObject[/data/hiveptest/working/maven/com/sun/jersey/jersey-core/1.14/jersey-core-1.14.jar(javax/ws/rs/core/SecurityContext.class)]]
[loading ZipFileIndexFileObject[/data/hiveptest/working/maven/com/sun/jersey/jersey-core/1.14/jersey-core-1.14.jar(javax/ws/rs/core/UriInfo.class)]]
[loading ZipFileIndexFileObject[/data/hiveptest/working/maven/org/apache/hadoop/hadoop-mapreduce-client-core/2.7.2/hadoop-mapreduce-client-core-2.7.2.jar(org/apache/hadoop/mapred/JobProfile.class)]]
[loading ZipFileIndexFileObject[/usr/lib/jvm/java-8-openjdk-amd64/jre/lib/rt.jar(java/lang/Long.class)]]
[loading ZipFileIndexFileObject[/data/hiveptest/working/apache-github-source-source/common/target/hive-common-2.2.0-SNAPSHOT.jar(org/apache/hadoop/hive/common/JavaUtils.class)]]
[loading ZipFileIndexFileObject[/data/hiveptest/working/maven/commons-lang/commons-lang/2.6/commons-lang-2.6.jar(org/apache/commons/lang/StringUtils.class)]]
[loading ZipFileIndexFileObject[/data/hiveptest/working/maven/org/apache/hadoop/hadoop-common/2.7.2/hadoop-common-2.7.2.jar(org/apache/hadoop/fs/FileStatus.class)]]
[loading ZipFileIndexFileObject[/data/hiveptest/working/maven/com/sun/jersey/jersey-server/1.14/jersey-server-1.14.jar(com/sun/jersey/api/wadl/config/WadlGeneratorConfig.class)]]
[loading ZipFileIndexFileObject[/data/hiveptest/working/maven/com/sun/jersey/jersey-server/1.14/jersey-server-1.14.jar(com/sun/jersey/api/wadl/config/WadlGeneratorDescription.class)]]
[loading ZipFileIndexFileObject[/data/hiveptest/working/maven/com/sun/jersey/jersey-server/1.14/jersey-server-1.14.jar(com/sun/jersey/server/wadl/generators/resourcedoc/WadlGeneratorResourceDocSupport.class)]]
[loading ZipFileIndexFileObject[/usr/lib/jvm/java-8-openjdk-amd64/jre/lib/rt.jar(java/io/BufferedReader.class)]]
[loading ZipFileIndexFileObject[/usr/lib/jvm/java-8-openjdk-amd64/jre/lib/rt.jar(java/io/InputStream.class)]]
[loading ZipFileIndexFileObject[/usr/lib/jvm/java-8-openjdk-amd64/jre/lib/rt.jar(java/io/InputStreamReader.class)]]
[loading ZipFileIndexFileObject[/usr/lib/jvm/java-8-openjdk-amd64/jre/lib/rt.jar(java/io/PrintWriter.class)]]
[loading ZipFileIndexFileObject[/usr/lib/jvm/java-8-openjdk-amd64/jre/lib/rt.jar(java/util/Map$Entry.class)]]
[loading ZipFileIndexFileObject[/usr/lib/jvm/java-8-openjdk-amd64/jre/lib/rt.jar(java/util/concurrent/Semaphore.class)]]
[loading ZipFileIndexFileObject[/data/hiveptest/working/maven/org/apache/commons/commons-exec/1.1/commons-exec-1.1.jar(org/apache/commons/exec/CommandLine.class)]]
[loading ZipFileIndexFileObject[/data/hiveptest/working/maven/org/apache/commons/commons-exec/1.1/commons-exec-1.1.jar(org/apache/commons/exec/DefaultExecutor.class)]]
[loading ZipFileIndexFileObject[/data/hiveptest/working/maven/org/apache/commons/commons-exec/1.1/commons-exec-1.1.jar(org/apache/commons/exec/ExecuteWatchdog.class)]]
[loading ZipFileIndexFileObject[/data/hiveptest/working/maven/org/apache/commons/commons-exec/1.1/commons-exec-1.1.jar(org/apache/commons/exec/PumpStreamHandler.class)]]
[loading ZipFileIndexFileObject[/data/hiveptest/working/maven/org/apache/hadoop/hadoop-common/2.7.2/hadoop-common-2.7.2.jar(org/apache/hadoop/util/Shell.class)]]
[loading ZipFileIndexFileObject[/usr/lib/jvm/java-8-openjdk-amd64/jre/lib/rt.jar(java/lang/Thread.class)]]
[loading ZipFileIndexFileObject[/usr/lib/jvm/java-8-openjdk-amd64/jre/lib/rt.jar(java/lang/Runnable.class)]]
[loading ZipFileIndexFileObject[/data/hiveptest/working/maven/com/sun/jersey/jersey-core/1.14/jersey-core-1.14.jar(javax/ws/rs/ext/ExceptionMapper.class)]]
[loading ZipFileIndexFileObject[/data/hiveptest/working/maven/com/sun/jersey/jersey-core/1.14/jersey-core-1.14.jar(javax/ws/rs/ext/Provider.class)]]
[loading ZipFileIndexFileObject[/data/hiveptest/working/maven/com/sun/jersey/jersey-server/1.14/jersey-server-1.14.jar(com/sun/jersey/api/NotFoundException.class)]]
[loading ZipFileIndexFileObject[/data/hiveptest/working/maven/org/apache/hadoop/hadoop-mapreduce-client-core/2.7.2/hadoop-mapreduce-client-core-2.7.2.jar(org/apache/hadoop/mapred/JobID.class)]]
[loading ZipFileIndexFileObject[/data/hiveptest/working/maven/org/apache/hadoop/hadoop-common/2.7.2/hadoop-common-2.7.2.jar(org/apache/hadoop/security/Groups.class)]]
[loading ZipFileIndexFileObject[/usr/lib/jvm/java-8-openjdk-amd64/jre/lib/rt.jar(java/util/HashSet.class)]]
[loading ZipFileIndexFileObject[/usr/lib/jvm/java-8-openjdk-amd64/jre/lib/rt.jar(java/util/Set.class)]]
[loading ZipFileIndexFileObject[/usr/lib/jvm/java-8-openjdk-amd64/jre/lib/rt.jar(java/util/concurrent/ConcurrentHashMap.class)]]
[loading ZipFileIndexFileObject[/data/hiveptest/working/apache-github-source-source/common/target/hive-common-2.2.0-SNAPSHOT.jar(org/apache/hive/common/util/HiveVersionInfo.class)]]
[loading ZipFileIndexFileObject[/data/hiveptest/working/apache-github-source-source/common/target/hive-common-2.2.0-SNAPSHOT.jar(org/apache/hadoop/hive/common/classification/InterfaceStability$Evolving.class)]]
[loading ZipFileIndexFileObject[/usr/lib/jvm/java-8-openjdk-amd64/jre/lib/rt.jar(java/io/DataInput.class)]]
[loading ZipFileIndexFileObject[/usr/lib/jvm/java-8-openjdk-amd64/jre/lib/rt.jar(java/io/DataOutput.class)]]
[loading ZipFileIndexFileObject[/data/hiveptest/working/maven/org/apache/hadoop/hadoop-mapreduce-client-core/2.7.2/hadoop-mapreduce-client-core-2.7.2.jar(org/apache/hadoop/mapreduce/InputSplit.class)]]
[loading ZipFileIndexFileObject[/data/hiveptest/working/maven/org/apache/curator/curator-framework/2.7.1/curator-framework-2.7.1.jar(org/apache/curator/framework/CuratorFramework.class)]]
[loading ZipFileIndexFileObject[/data/hiveptest/working/maven/org/apache/zookeeper/zookeeper/3.4.6/zookeeper-3.4.6.jar(org/apache/zookeeper/CreateMode.class)]]
[loading ZipFileIndexFileObject[/data/hiveptest/working/maven/org/apache/zookeeper/zookeeper/3.4.6/zookeeper-3.4.6.jar(org/apache/zookeeper/KeeperException.class)]]
[loading ZipFileIndexFileObject[/data/hiveptest/working/maven/org/apache/zookeeper/zookeeper/3.4.6/zookeeper-3.4.6.jar(org/apache/zookeeper/ZooDefs.class)]]
[loading ZipFileIndexFileObject[/data/hiveptest/working/maven/org/apache/zookeeper/zookeeper/3.4.6/zookeeper-3.4.6.jar(org/apache/zookeeper/ZooDefs$Ids.class)]]
[loading ZipFileIndexFileObject[/usr/lib/jvm/java-8-openjdk-amd64/jre/lib/rt.jar(java/io/OutputStreamWriter.class)]]
[loading ZipFileIndexFileObject[/usr/lib/jvm/java-8-openjdk-amd64/jre/lib/rt.jar(java/net/URLConnection.class)]]
[loading ZipFileIndexFileObject[/data/hiveptest/working/maven/org/apache/hadoop/hadoop-mapreduce-client-core/2.7.2/hadoop-mapreduce-client-core-2.7.2.jar(org/apache/hadoop/mapred/JobClient.class)]]
[loading ZipFileIndexFileObject[/data/hiveptest/working/maven/org/apache/hadoop/hadoop-mapreduce-client-core/2.7.2/hadoop-mapreduce-client-core-2.7.2.jar(org/apache/hadoop/mapred/JobConf.class)]]
[loading ZipFileIndexFileObject[/data/hiveptest/working/maven/org/apache/hadoop/hadoop-mapreduce-client-core/2.7.2/hadoop-mapreduce-client-core-2.7.2.jar(org/apache/hadoop/mapred/RunningJob.class)]]
[loading ZipFileIndexFileObject[/usr/lib/jvm/java-8-openjdk-amd64/jre/lib/rt.jar(java/util/StringTokenizer.class)]]
[loading ZipFileIndexFileObject[/usr/lib/jvm/java-8-openjdk-amd64/jre/lib/rt.jar(java/lang/Process.class)]]
[loading ZipFileIndexFileObject[/usr/lib/jvm/java-8-openjdk-amd64/jre/lib/rt.jar(java/lang/StringBuilder.class)]]
[loading ZipFileIndexFileObject[/data/hiveptest/working/maven/org/apache/hadoop/hadoop-common/2.7.2/hadoop-common-2.7.2.jar(org/apache/hadoop/io/NullWritable.class)]]
[loading ZipFileIndexFileObject[/data/hiveptest/working/maven/org/apache/hadoop/hadoop-mapreduce-client-core/2.7.2/hadoop-mapreduce-client-core-2.7.2.jar(org/apache/hadoop/mapreduce/InputFormat.class)]]
[loading ZipFileIndexFileObject[/data/hiveptest/working/maven/org/apache/hadoop/hadoop-mapreduce-client-core/2.7.2/hadoop-mapreduce-client-core-2.7.2.jar(org/apache/hadoop/mapreduce/JobContext.class)]]
[loading ZipFileIndexFileObject[/data/hiveptest/working/maven/org/apache/hadoop/hadoop-mapreduce-client-core/2.7.2/hadoop-mapreduce-client-core-2.7.2.jar(org/apache/hadoop/mapreduce/RecordReader.class)]]
[loading ZipFileIndexFileObject[/data/hiveptest/working/maven/org/apache/hadoop/hadoop-mapreduce-client-core/2.7.2/hadoop-mapreduce-client-core-2.7.2.jar(org/apache/hadoop/mapreduce/TaskAttemptContext.class)]]
[loading ZipFileIndexFileObject[/data/hiveptest/working/maven/org/apache/hadoop/hadoop-common/2.7.2/hadoop-common-2.7.2.jar(org/apache/hadoop/conf/Configured.class)]]
[loading ZipFileIndexFileObject[/data/hiveptest/working/maven/org/apache/hadoop/hadoop-mapreduce-client-core/2.7.2/hadoop-mapreduce-client-core-2.7.2.jar(org/apache/hadoop/mapreduce/Job.class)]]
[loading ZipFileIndexFileObject[/data/hiveptest/working/maven/org/apache/hadoop/hadoop-mapreduce-client-core/2.7.2/hadoop-mapreduce-client-core-2.7.2.jar(org/apache/hadoop/mapreduce/JobID.class)]]
[loading ZipFileIndexFileObject[/data/hiveptest/working/maven/org/apache/hadoop/hadoop-mapreduce-client-core/2.7.2/hadoop-mapreduce-client-core-2.7.2.jar(org/apache/hadoop/mapreduce/lib/output/NullOutputFormat.class)]]
[loading ZipFileIndexFileObject[/data/hiveptest/working/maven/org/apache/hadoop/hadoop-mapreduce-client-core/2.7.2/hadoop-mapreduce-client-core-2.7.2.jar(org/apache/hadoop/mapreduce/security/token/delegation/DelegationTokenIdentifier.class)]]
[loading ZipFileIndexFileObject[/data/hiveptest/working/maven/org/apache/hadoop/hadoop-common/2.7.2/hadoop-common-2.7.2.jar(org/apache/hadoop/util/Tool.class)]]
[loading ZipFileIndexFileObject[/data/hiveptest/working/maven/org/apache/hadoop/hadoop-common/2.7.2/hadoop-common-2.7.2.jar(org/apache/hadoop/conf/Configurable.class)]]
[loading ZipFileIndexFileObject[/usr/lib/jvm/java-8-openjdk-amd64/jre/lib/rt.jar(java/lang/ClassNotFoundException.class)]]
[loading ZipFileIndexFileObject[/data/hiveptest/working/maven/org/apache/curator/curator-framework/2.7.1/curator-framework-2.7.1.jar(org/apache/curator/framework/CuratorFrameworkFactory.class)]]
[loading ZipFileIndexFileObject[/data/hiveptest/working/maven/org/apache/curator/curator-client/2.7.1/curator-client-2.7.1.jar(org/apache/curator/retry/ExponentialBackoffRetry.class)]]
[loading ZipFileIndexFileObject[/data/hiveptest/working/maven/org/apache/hadoop/hadoop-mapreduce-client-core/2.7.2/hadoop-mapreduce-client-core-2.7.2.jar(org/apache/hadoop/mapreduce/Mapper.class)]]
[loading ZipFileIndexFileObject[/usr/lib/jvm/java-8-openjdk-amd64/jre/lib/rt.jar(java/util/Iterator.class)]]
[loading ZipFileIndexFileObject[/usr/lib/jvm/java-8-openjdk-amd64/jre/lib/rt.jar(java/util/LinkedList.class)]]
[loading ZipFileIndexFileObject[/usr/lib/jvm/java-8-openjdk-amd64/jre/lib/rt.jar(java/util/concurrent/ExecutorService.class)]]
[loading ZipFileIndexFileObject[/usr/lib/jvm/java-8-openjdk-amd64/jre/lib/rt.jar(java/util/concurrent/Executors.class)]]
[loading ZipFileIndexFileObject[/usr/lib/jvm/java-8-openjdk-amd64/jre/lib/rt.jar(java/util/concurrent/TimeUnit.class)]]
[loading ZipFileIndexFileObject[/data/hiveptest/working/maven/org/apache/hadoop/hadoop-mapreduce-client-core/2.7.2/hadoop-mapreduce-client-core-2.7.2.jar(org/apache/hadoop/mapreduce/Mapper$Context.class)]]
[loading ZipFileIndexFileObject[/usr/lib/jvm/java-8-openjdk-amd64/jre/lib/rt.jar(java/net/URLDecoder.class)]]
[loading ZipFileIndexFileObject[/usr/lib/jvm/java-8-openjdk-amd64/jre/lib/rt.jar(java/util/Enumeration.class)]]
[loading ZipFileIndexFileObject[/usr/lib/jvm/java-8-openjdk-amd64/jre/lib/rt.jar(java/util/Properties.class)]]
[loading ZipFileIndexFileObject[/data/hiveptest/working/maven/com/sun/jersey/jersey-core/1.14/jersey-core-1.14.jar(javax/ws/rs/core/UriBuilder.class)]]
[loading ZipFileIndexFileObject[/data/hiveptest/working/apache-github-source-source/common/target/hive-common-2.2.0-SNAPSHOT.jar(org/apache/hadoop/hive/common/LogUtils.class)]]
[loading ZipFileIndexFileObject[/usr/lib/jvm/java-8-openjdk-amd64/jre/lib/rt.jar(java/lang/Class.class)]]
[loading ZipFileIndexFileObject[/usr/lib/jvm/java-8-openjdk-amd64/jre/lib/rt.jar(java/lang/annotation/Annotation.class)]]
[loading ZipFileIndexFileObject[/data/hiveptest/working/maven/org/apache/hadoop/hadoop-annotations/2.7.2/hadoop-annotations-2.7.2.jar(org/apache/hadoop/classification/InterfaceAudience.class)]]
[loading ZipFileIndexFileObject[/data/hiveptest/working/maven/org/apache/hadoop/hadoop-annotations/2.7.2/hadoop-annotations-2.7.2.jar(org/apache/hadoop/classification/InterfaceAudience$LimitedPrivate.class)]]
[loading ZipFileIndexFileObject[/usr/lib/jvm/java-8-openjdk-amd64/jre/lib/rt.jar(java/lang/annotation/Retention.class)]]
[loading ZipFileIndexFileObject[/usr/lib/jvm/java-8-openjdk-amd64/jre/lib/rt.jar(java/lang/annotation/RetentionPolicy.class)]]
[loading ZipFileIndexFileObject[/usr/lib/jvm/java-8-openjdk-amd64/jre/lib/rt.jar(java/lang/annotation/Target.class)]]
[loading ZipFileIndexFileObject[/usr/lib/jvm/java-8-openjdk-amd64/jre/lib/rt.jar(java/lang/annotation/ElementType.class)]]
[loading ZipFileIndexFileObject[/data/hiveptest/working/maven/com/sun/jersey/jersey-core/1.14/jersey-core-1.14.jar(javax/ws/rs/HttpMethod.class)]]
[loading ZipFileIndexFileObject[/usr/lib/jvm/java-8-openjdk-amd64/jre/lib/rt.jar(java/lang/SuppressWarnings.class)]]
[loading ZipFileIndexFileObject[/usr/lib/jvm/java-8-openjdk-amd64/jre/lib/rt.jar(java/lang/Override.class)]]
[loading ZipFileIndexFileObject[/usr/lib/jvm/java-8-openjdk-amd64/jre/lib/rt.jar(sun/misc/Contended.class)]]
[loading RegularFileObject[/data/hiveptest/working/apache-github-source-source/hcatalog/webhcat/svr/target/classes/org/apache/hive/hcatalog/templeton/HcatException$1.class]]
[loading RegularFileObject[/data/hiveptest/working/apache-github-source-source/hcatalog/webhcat/svr/target/classes/org/apache/hive/hcatalog/templeton/HcatDelegator$1.class]]
[loading RegularFileObject[/data/hiveptest/working/apache-github-source-source/hcatalog/webhcat/svr/target/classes/org/apache/hive/hcatalog/templeton/Server$1.class]]
[loading RegularFileObject[/data/hiveptest/working/apache-github-source-source/hcatalog/webhcat/svr/target/classes/org/apache/hive/hcatalog/templeton/SecureProxySupport$3.class]]
[loading RegularFileObject[/data/hiveptest/working/apache-github-source-source/hcatalog/webhcat/svr/target/classes/org/apache/hive/hcatalog/templeton/LauncherDelegator$1.class]]
[loading RegularFileObject[/data/hiveptest/working/apache-github-source-source/hcatalog/webhcat/svr/target/classes/org/apache/hive/hcatalog/templeton/SecureProxySupport$1.class]]
[loading RegularFileObject[/data/hiveptest/working/apache-github-source-source/hcatalog/webhcat/svr/target/classes/org/apache/hive/hcatalog/templeton/SecureProxySupport$2.class]]
[loading RegularFileObject[/data/hiveptest/working/apache-github-source-source/hcatalog/webhcat/svr/target/classes/org/apache/hive/hcatalog/templeton/tool/HDFSStorage$1.class]]
[loading RegularFileObject[/data/hiveptest/working/apache-github-source-source/hcatalog/webhcat/svr/target/classes/org/apache/hive/hcatalog/templeton/tool/TempletonUtils$1.class]]
[loading RegularFileObject[/data/hiveptest/working/apache-github-source-source/hcatalog/webhcat/svr/target/classes/org/apache/hive/hcatalog/templeton/tool/ZooKeeperStorage$1.class]]
[loading RegularFileObject[/data/hiveptest/working/apache-github-source-source/hcatalog/webhcat/svr/target/classes/org/apache/hive/hcatalog/templeton/tool/TempletonControllerJob$1.class]]
[loading RegularFileObject[/data/hiveptest/working/apache-github-source-source/hcatalog/webhcat/svr/target/classes/org/apache/hive/hcatalog/templeton/tool/TempletonControllerJob$1$1.class]]
[loading RegularFileObject[/data/hiveptest/working/apache-github-source-source/hcatalog/webhcat/svr/target/classes/org/apache/hive/hcatalog/templeton/tool/LogRetriever$1.class]]
[done in 3667 ms]
[ERROR] Failed to execute goal org.apache.maven.plugins:maven-compiler-plugin:3.1:compile (default-compile) on project hive-hcatalog-streaming: Compilation failure: Compilation failure:
[ERROR] /data/hiveptest/working/apache-github-source-source/hcatalog/streaming/src/java/org/apache/hive/hcatalog/streaming/StrictRegexWriter.java:[33,37] cannot find symbol
[ERROR] symbol:   class SerDe
[ERROR] location: package org.apache.hadoop.hive.serde2
[ERROR] /data/hiveptest/working/apache-github-source-source/hcatalog/streaming/src/java/org/apache/hive/hcatalog/streaming/StrictRegexWriter.java:[88,3] cannot find symbol
[ERROR] symbol:   class SerDe
[ERROR] location: class org.apache.hive.hcatalog.streaming.StrictRegexWriter
[ERROR] -> [Help 1]
[ERROR] 
[ERROR] To see the full stack trace of the errors, re-run Maven with the -e switch.
[ERROR] Re-run Maven using the -X switch to enable full debug logging.
[ERROR] 
[ERROR] For more information about the errors and possible solutions, please read the following articles:
[ERROR] [Help 1] http://cwiki.apache.org/confluence/display/MAVEN/MojoFailureException
[ERROR] 
[ERROR] After correcting the problems, you can resume the build with the command
[ERROR]   mvn <goals> -rf :hive-hcatalog-streaming
+ exit 1
'
{noformat}

This message is automatically generated.

ATTACHMENT ID: 12858577 - PreCommit-HIVE-Build

Hi [~ekoifman], [~roshan_naik]

can you please take a look on above patch.

Thanks


[~kalyanhadoop], 
1. can please follow https://cwiki.apache.org/confluence/display/Hive/HowToContribute#HowToContribute-CreatingaPatch to name your patches
2. I don't see the updates in .1.patch to remote the deprecated constructors

Hi [~ekoifman], [~roshan_naik]

as per [~ekoifman] comments, removed old construcutors  in hive-2.x

updated new patch (HIVE-15691-branch-1.2.patch) on branch-1.2
updated new patch (HIVE-15691.3.patch) on master

can you please take look once.
Thanks

[~vgumashta] I'd like to try to get this into 1.2.2.  Technically this is not a bug fix so I don't know what rules we have wrt this

[~kalyanhadoop], sorry if I wasn't clear.  Hive1 patch should have both versions of c'tors.  The ones w/o Streaming connection should be deprecated.  Basically it should mirror the other Streaming Writers.



Here are the results of testing the latest attachment:
https://issues.apache.org/jira/secure/attachment/12859678/HIVE-15691-branch-1.2.patch

{color:green}SUCCESS:{color} +1 due to 1 test(s) being added or modified.

{color:red}ERROR:{color} -1 due to 133 failed/errored test(s), 7900 tests executed
*Failed tests:*
{noformat}
TestAdminUser - did not produce a TEST-*.xml file (likely timed out) (batchId=340)
TestAuthorizationPreEventListener - did not produce a TEST-*.xml file (likely timed out) (batchId=371)
TestAuthzApiEmbedAuthorizerInEmbed - did not produce a TEST-*.xml file (likely timed out) (batchId=350)
TestAuthzApiEmbedAuthorizerInRemote - did not produce a TEST-*.xml file (likely timed out) (batchId=356)
TestBeeLineWithArgs - did not produce a TEST-*.xml file (likely timed out) (batchId=378)
TestCLIAuthzSessionContext - did not produce a TEST-*.xml file (likely timed out) (batchId=394)
TestClientSideAuthorizationProvider - did not produce a TEST-*.xml file (likely timed out) (batchId=370)
TestCompactor - did not produce a TEST-*.xml file (likely timed out) (batchId=360)
TestCreateUdfEntities - did not produce a TEST-*.xml file (likely timed out) (batchId=359)
TestCustomAuthentication - did not produce a TEST-*.xml file (likely timed out) (batchId=379)
TestDBTokenStore - did not produce a TEST-*.xml file (likely timed out) (batchId=325)
TestDDLWithRemoteMetastoreSecondNamenode - did not produce a TEST-*.xml file (likely timed out) (batchId=358)
TestDynamicSerDe - did not produce a TEST-*.xml file (likely timed out) (batchId=328)
TestEmbeddedHiveMetaStore - did not produce a TEST-*.xml file (likely timed out) (batchId=337)
TestEmbeddedThriftBinaryCLIService - did not produce a TEST-*.xml file (likely timed out) (batchId=382)
TestFilterHooks - did not produce a TEST-*.xml file (likely timed out) (batchId=332)
TestFolderPermissions - did not produce a TEST-*.xml file (likely timed out) (batchId=365)
TestHS2AuthzContext - did not produce a TEST-*.xml file (likely timed out) (batchId=397)
TestHS2AuthzSessionContext - did not produce a TEST-*.xml file (likely timed out) (batchId=398)
TestHS2ImpersonationWithRemoteMS - did not produce a TEST-*.xml file (likely timed out) (batchId=386)
TestHiveAuthorizerCheckInvocation - did not produce a TEST-*.xml file (likely timed out) (batchId=374)
TestHiveAuthorizerShowFilters - did not produce a TEST-*.xml file (likely timed out) (batchId=373)
TestHiveHistory - did not produce a TEST-*.xml file (likely timed out) (batchId=376)
TestHiveMetaStoreTxns - did not produce a TEST-*.xml file (likely timed out) (batchId=352)
TestHiveMetaStoreWithEnvironmentContext - did not produce a TEST-*.xml file (likely timed out) (batchId=342)
TestHiveMetaTool - did not produce a TEST-*.xml file (likely timed out) (batchId=355)
TestHiveServer2 - did not produce a TEST-*.xml file (likely timed out) (batchId=400)
TestHiveServer2SessionTimeout - did not produce a TEST-*.xml file (likely timed out) (batchId=401)
TestHiveSessionImpl - did not produce a TEST-*.xml file (likely timed out) (batchId=383)
TestHs2Hooks - did not produce a TEST-*.xml file (likely timed out) (batchId=357)
TestHs2HooksWithMiniKdc - did not produce a TEST-*.xml file (likely timed out) (batchId=429)
TestJdbcDriver2 - did not produce a TEST-*.xml file (likely timed out) (batchId=388)
TestJdbcMetadataApiAuth - did not produce a TEST-*.xml file (likely timed out) (batchId=399)
TestJdbcWithLocalClusterSpark - did not produce a TEST-*.xml file (likely timed out) (batchId=393)
TestJdbcWithMiniHS2 - did not produce a TEST-*.xml file (likely timed out) (batchId=390)
TestJdbcWithMiniKdc - did not produce a TEST-*.xml file (likely timed out) (batchId=426)
TestJdbcWithMiniKdcCookie - did not produce a TEST-*.xml file (likely timed out) (batchId=425)
TestJdbcWithMiniKdcSQLAuthBinary - did not produce a TEST-*.xml file (likely timed out) (batchId=423)
TestJdbcWithMiniKdcSQLAuthHttp - did not produce a TEST-*.xml file (likely timed out) (batchId=428)
TestJdbcWithMiniMr - did not produce a TEST-*.xml file (likely timed out) (batchId=389)
TestJdbcWithSQLAuthUDFBlacklist - did not produce a TEST-*.xml file (likely timed out) (batchId=395)
TestJdbcWithSQLAuthorization - did not produce a TEST-*.xml file (likely timed out) (batchId=396)
TestLocationQueries - did not produce a TEST-*.xml file (likely timed out) (batchId=363)
TestMTQueries - did not produce a TEST-*.xml file (likely timed out) (batchId=361)
TestMarkPartition - did not produce a TEST-*.xml file (likely timed out) (batchId=349)
TestMarkPartitionRemote - did not produce a TEST-*.xml file (likely timed out) (batchId=353)
TestMetaStoreAuthorization - did not produce a TEST-*.xml file (likely timed out) (batchId=338)
TestMetaStoreConnectionUrlHook - did not produce a TEST-*.xml file (likely timed out) (batchId=336)
TestMetaStoreEndFunctionListener - did not produce a TEST-*.xml file (likely timed out) (batchId=335)
TestMetaStoreEventListener - did not produce a TEST-*.xml file (likely timed out) (batchId=345)
TestMetaStoreEventListenerOnlyOnCommit - did not produce a TEST-*.xml file (likely timed out) (batchId=348)
TestMetaStoreInitListener - did not produce a TEST-*.xml file (likely timed out) (batchId=351)
TestMetaStoreListenersError - did not produce a TEST-*.xml file (likely timed out) (batchId=347)
TestMetaStoreUtils - did not produce a TEST-*.xml file (likely timed out) (batchId=329)
TestMetastoreAuthorizationProvider - did not produce a TEST-*.xml file (likely timed out) (batchId=367)
TestMetastoreVersion - did not produce a TEST-*.xml file (likely timed out) (batchId=344)
TestMiniHS2 - did not produce a TEST-*.xml file (likely timed out) (batchId=402)
TestMiniSparkOnYarnCliDriver - did not produce a TEST-*.xml file (likely timed out) (batchId=430)
TestMultiAuthorizationPreEventListener - did not produce a TEST-*.xml file (likely timed out) (batchId=368)
TestMultiSessionsHS2WithLocalClusterSpark - did not produce a TEST-*.xml file (likely timed out) (batchId=392)
TestNoSaslAuth - did not produce a TEST-*.xml file (likely timed out) (batchId=391)
TestOperationLoggingAPIWithMr - did not produce a TEST-*.xml file (likely timed out) (batchId=384)
TestOperationLoggingAPIWithTez - did not produce a TEST-*.xml file (likely timed out) (batchId=385)
TestPartitionNameWhitelistValidation - did not produce a TEST-*.xml file (likely timed out) (batchId=333)
TestPasswordWithConfig - did not produce a TEST-*.xml file (likely timed out) (batchId=369)
TestRemoteHiveMetaStore - did not produce a TEST-*.xml file (likely timed out) (batchId=341)
TestRemoteHiveMetaStoreIpAddress - did not produce a TEST-*.xml file (likely timed out) (batchId=330)
TestRemoteUGIHiveMetaStoreIpAddress - did not produce a TEST-*.xml file (likely timed out) (batchId=346)
TestRetryingHMSHandler - did not produce a TEST-*.xml file (likely timed out) (batchId=339)
TestSSL - did not produce a TEST-*.xml file (likely timed out) (batchId=387)
TestSchemaTool - did not produce a TEST-*.xml file (likely timed out) (batchId=377)
TestSemanticAnalyzerHookLoading - did not produce a TEST-*.xml file (likely timed out) (batchId=362)
TestSerdeWithFieldComments - did not produce a TEST-*.xml file (likely timed out) (batchId=327)
TestServerSpecificConfig - did not produce a TEST-*.xml file (likely timed out) (batchId=343)
TestSetUGIOnBothClientServer - did not produce a TEST-*.xml file (likely timed out) (batchId=334)
TestSetUGIOnOnlyClient - did not produce a TEST-*.xml file (likely timed out) (batchId=331)
TestSetUGIOnOnlyServer - did not produce a TEST-*.xml file (likely timed out) (batchId=354)
TestSparkCliDriver - did not produce a TEST-*.xml file (likely timed out) (batchId=178)
	[bucketmapjoin4.q,bucket_map_join_spark2.q,bucket_map_join_spark4.q,union21.q,timestamp_2.q,date_join1.q,mergejoins.q,smb_mapjoin_11.q,auto_sortmerge_join_3.q,mapjoin_test_outer.q,vectorization_9.q,merge2.q,auto_join_without_localtask.q,bucketmapjoin2.q,multi_join_union.q]
TestSparkCliDriver - did not produce a TEST-*.xml file (likely timed out) (batchId=179)
	[parallel_join1.q,join_cond_pushdown_unqual4.q,union_remove_7.q,join13.q,join_vc.q,groupby_cube1.q,join_reorder4.q,sample3.q,smb_mapjoin_19.q,stats16.q,union23.q,union.q,union31.q,cbo_udf_udaf.q,ptf_decimal.q]
TestSparkCliDriver - did not produce a TEST-*.xml file (likely timed out) (batchId=180)
	[union27.q,mapjoin_subquery2.q,union12.q,groupby7_map_multi_single_reducer.q,varchar_join1.q,join7.q,mapjoin1.q,skewjoinopt2.q,bucketsortoptimize_insert_2.q,smb_mapjoin_17.q,script_env_var1.q,groupby7_map.q,groupby3.q,bucketsortoptimize_insert_8.q,union20.q]
TestSparkCliDriver - did not produce a TEST-*.xml file (likely timed out) (batchId=181)
	[ptf_general_queries.q,auto_join_reordering_values.q,sample2.q,join1.q,decimal_join.q,join32_lessSize.q,order2.q,skewjoinopt18.q,union_remove_18.q,join25.q,union_remove_4.q,smb_mapjoin_25.q,groupby9.q,bucketsortoptimize_insert_6.q,ctas.q]
TestSparkCliDriver - did not produce a TEST-*.xml file (likely timed out) (batchId=182)
	[skewjoinopt15.q,list_bucket_dml_2.q,groupby_map_ppr.q,join_rc.q,union14.q,load_dyn_part3.q,smb_mapjoin_12.q,vector_cast_constant.q,auto_sortmerge_join_15.q,union10.q,auto_join11.q,load_dyn_part7.q,vectorization_12.q,groupby_sort_skew_1_23.q,skewjoinopt12.q]
TestSparkCliDriver - did not produce a TEST-*.xml file (likely timed out) (batchId=183)
	[auto_join18.q,input1_limit.q,auto_join26.q,union_remove_14.q,auto_sortmerge_join_14.q,stats_counter_partitioned.q,union22.q,bucket_map_join_tez2.q,smb_mapjoin_22.q,join_reorder.q,stats15.q,transform_ppr1.q,sample1.q,bucketmapjoin8.q,union34.q]
TestSparkCliDriver - did not produce a TEST-*.xml file (likely timed out) (batchId=184)
	[avro_joins.q,skewjoinopt16.q,bucket3.q,skewjoinopt13.q,auto_join14.q,vectorization_14.q,stats1.q,cbo_stats.q,auto_sortmerge_join_6.q,auto_join15.q,union_remove_24.q,union_view.q,join22.q,join33.q,ptf_matchpath.q]
TestSparkCliDriver - did not produce a TEST-*.xml file (likely timed out) (batchId=185)
	[vector_decimal_aggregate.q,skewjoin_noskew.q,leftsemijoin_mr.q,auto_join23.q,bucketmapjoin9.q,input18.q,cbo_simple_select.q,ptf.q,vectorized_nested_mapjoin.q,sample4.q,union18.q,multi_insert_gby.q,groupby1.q,join_reorder2.q,join_cond_pushdown_unqual2.q]
TestSparkCliDriver - did not produce a TEST-*.xml file (likely timed out) (batchId=186)
	[order.q,ppd_join3.q,join10.q,union_remove_11.q,vectorized_math_funcs.q,union_ppr.q,skewjoinopt6.q,union_remove_19.q,join14.q,join32.q,groupby_multi_single_reducer2.q,stats3.q,parquet_join.q,outer_join_ppr.q,join26.q]
TestSparkCliDriver - did not produce a TEST-*.xml file (likely timed out) (batchId=187)
	[skewjoinopt3.q,skewjoinopt19.q,timestamp_comparison.q,join_merge_multi_expressions.q,skewjoinopt10.q,union5.q,insert_into1.q,vectorization_4.q,stats_counter.q,vectorization_2.q,vector_left_outer_join.q,semijoin.q,skewjoinopt9.q,rcfile_bigdata.q,load_dyn_part10.q]
TestSparkCliDriver - did not produce a TEST-*.xml file (likely timed out) (batchId=188)
	[multi_insert_mixed.q,smb_mapjoin_4.q,join_cond_pushdown_3.q,insert1.q,union_remove_10.q,mapreduce2.q,bucketmapjoin_negative.q,udf_in_file.q,skewjoinopt5.q,auto_join12.q,skewjoin.q,vectorization_part_project.q,vector_count_distinct.q,smb_mapjoin_3.q,stats10.q]
TestSparkCliDriver - did not produce a TEST-*.xml file (likely timed out) (batchId=189)
	[bucketsortoptimize_insert_4.q,skewjoinopt8.q,vectorization_10.q,auto_join18_multi_distinct.q,custom_input_output_format.q,insert_into3.q,vectorization_6.q,skewjoinopt4.q,count.q,stats9.q,auto_join7.q,parallel.q,timestamp_1.q,union33.q,union_lateralview.q]
TestSparkCliDriver - did not produce a TEST-*.xml file (likely timed out) (batchId=190)
	[skewjoin_union_remove_2.q,avro_decimal_native.q,timestamp_null.q,bucketmapjoin_negative3.q,union32.q,groupby_ppr.q,smb_mapjoin_18.q,vector_varchar_4.q,stats6.q,stats_only_null.q,join18_multi_distinct.q,cross_join.q,sample8.q,join24.q,join_star.q]
TestSparkCliDriver - did not produce a TEST-*.xml file (likely timed out) (batchId=191)
	[auto_join30.q,union_remove_1.q,ppd_outer_join2.q,date_udf.q,join16.q,smb_mapjoin_13.q,bucketmapjoin7.q,join19.q,smb_mapjoin_6.q,metadata_only_queries.q,union6.q,cbo_subq_in.q,vectorization_part.q,groupby3_map_multi_distinct.q,vectorized_timestamp_funcs.q]
TestSparkCliDriver - did not produce a TEST-*.xml file (likely timed out) (batchId=192)
	[bucketmapjoin12.q,auto_join10.q,ptf_rcfile.q,join20.q,vector_elt.q,multi_insert.q,groupby_rollup1.q,ppd_join5.q,join_filters_overlap.q,vector_string_concat.q,join_empty.q,auto_sortmerge_join_12.q,load_dyn_part6.q,groupby_bigdata.q,innerjoin.q]
TestSparkCliDriver - did not produce a TEST-*.xml file (likely timed out) (batchId=193)
	[tez_joins_explain.q,input17.q,ppd_gby_join.q,vectorized_rcfile_columnar.q,ppd_join.q,join_cond_pushdown_1.q,union_remove_6_subq.q,timestamp_3.q,load_dyn_part9.q,multi_insert_gby2.q,vectorization_11.q,groupby_position.q,avro_compression_enabled_native.q,stats_noscan_2.q,transform1.q]
TestSparkCliDriver - did not produce a TEST-*.xml file (likely timed out) (batchId=194)
	[smb_mapjoin_21.q,load_dyn_part15.q,transform2.q,mapjoin_memcheck.q,subquery_exists.q,cbo_semijoin.q,bucketmapjoin13.q,join27.q,alter_merge_stats_orc.q,union_remove_2.q,join12.q,smb_mapjoin_8.q,join21.q,auto_join16.q,union9.q]
TestSparkCliDriver - did not produce a TEST-*.xml file (likely timed out) (batchId=195)
	[vectorization_16.q,enforce_order.q,join_casesensitive.q,join23.q,ppd_join2.q,ppd_outer_join5.q,create_merge_compressed.q,louter_join_ppr.q,sample9.q,smb_mapjoin_16.q,vectorization_not.q,having.q,ppd_outer_join1.q,vector_orderby_5.q,union_remove_12.q]
TestSparkCliDriver - did not produce a TEST-*.xml file (likely timed out) (batchId=196)
	[bucketmapjoin3.q,load_dyn_part5.q,transform_ppr2.q,groupby7_map_skew.q,cbo_gby.q,auto_join31.q,auto_sortmerge_join_1.q,join_cond_pushdown_unqual1.q,bucket_map_join_spark3.q,union28.q,statsfs.q,escape_sortby1.q,leftsemijoin.q,union_remove_6.q,join29.q]
TestSparkCliDriver - did not produce a TEST-*.xml file (likely timed out) (batchId=197)
	[escape_distributeby1.q,join9.q,groupby2.q,vectorization_pushdown.q,union_date.q,cbo_gby_empty.q,join_cond_pushdown_unqual3.q,join8.q,sample10.q,ppd_outer_join3.q,cross_product_check_1.q,auto_sortmerge_join_2.q,auto_join_stats.q,input_part2.q,groupby_multi_single_reducer3.q]
TestSparkCliDriver - did not produce a TEST-*.xml file (likely timed out) (batchId=198)
	[groupby_map_ppr_multi_distinct.q,vectorization_13.q,mapjoin_mapjoin.q,union2.q,join41.q,groupby8_map.q,cbo_subq_not_in.q,vectorization_short_regress.q,identity_project_remove_skip.q,stats5.q,groupby8_map_skew.q,mapjoin_subquery.q,bucket2.q,smb_mapjoin_1.q,union_remove_8.q]
TestSparkCliDriver - did not produce a TEST-*.xml file (likely timed out) (batchId=199)
	[join39.q,bucketsortoptimize_insert_7.q,vector_distinct_2.q,bucketmapjoin10.q,join11.q,auto_sortmerge_join_16.q,windowing.q,join40.q,union_remove_3.q,skewjoinopt7.q,stats7.q,annotate_stats_join.q,multi_insert_lateral_view.q,ptf_streaming.q,join_1to1.q]
TestSparkCliDriver - did not produce a TEST-*.xml file (likely timed out) (batchId=200)
	[timestamp_lazy.q,ppd_join4.q,union29.q,runtime_skewjoin_mapjoin_spark.q,auto_join22.q,union8.q,union13.q,stats0.q,auto_join29.q,merge1.q,mapjoin_distinct.q,vector_decimal_mapjoin.q,sample5.q,multi_insert_move_tasks_share_dependencies.q,join_array.q]
TestSparkCliDriver - did not produce a TEST-*.xml file (likely timed out) (batchId=201)
	[load_dyn_part2.q,smb_mapjoin_7.q,vectorization_5.q,smb_mapjoin_2.q,ppd_join_filter.q,column_access_stats.q,vector_between_in.q,vectorized_string_funcs.q,vectorization_1.q,bucket_map_join_2.q,auto_join_filters.q,temp_table_join1.q,join0.q,vectorized_case.q,stats_noscan_1.q]
TestSparkCliDriver - did not produce a TEST-*.xml file (likely timed out) (batchId=202)
	[groupby4.q,stats2.q,groupby3_map_skew.q,mapjoin_filter_on_outerjoin.q,join_cond_pushdown_2.q,union19.q,union24.q,union_remove_5.q,groupby7_noskew_multi_single_reducer.q,groupby_multi_single_reducer.q,index_auto_self_join.q,auto_smb_mapjoin_14.q,script_env_var2.q,pcr.q,join37.q]
TestSparkCliDriver - did not produce a TEST-*.xml file (likely timed out) (batchId=203)
	[stats12.q,union_top_level.q,groupby10.q,subquery_in.q,stats14.q,auto_sortmerge_join_4.q,limit_partition_metadataonly.q,load_dyn_part4.q,union3.q,smb_mapjoin_14.q,vectorized_ptf.q,auto_join2.q,groupby3_noskew_multi_distinct.q,stats18.q,union_remove_21.q]
TestSparkCliDriver - did not produce a TEST-*.xml file (likely timed out) (batchId=204)
	[auto_sortmerge_join_13.q,join4.q,join35.q,union26.q,join_reorder3.q,auto_join19.q,sample7.q,vectorization_15.q,union7.q,vectorization_nested_udf.q,ppd_outer_join4.q,load_dyn_part8.q,vector_groupby_3.q,alter_merge_orc.q,bucket_map_join_1.q]
TestSparkCliDriver - did not produce a TEST-*.xml file (likely timed out) (batchId=205)
	[groupby_complex_types.q,groupby3_map.q,union11.q,groupby7.q,mapreduce1.q,mapjoin_addjar.q,bucketmapjoin_negative2.q,bucket_map_join_spark1.q,udf_example_add.q,vectorization_div0.q,union_remove_17.q,auto_join_nulls.q,metadata_only_queries_with_filters.q,sample6.q,auto_sortmerge_join_9.q]
TestSparkCliDriver - did not produce a TEST-*.xml file (likely timed out) (batchId=206)
	[multigroupby_singlemr.q,bucketmapjoin11.q,auto_join4.q,mapjoin_decimal.q,join34.q,join5.q,sort.q,auto_join28.q,join17.q,union_script.q,add_part_multiple.q,limit_pushdown.q,uniquejoin.q,union25.q,load_dyn_part13.q]
TestSparkCliDriver - did not produce a TEST-*.xml file (likely timed out) (batchId=207)
	[table_access_keys_stats.q,union_remove_9.q,mergejoins_mixed.q,join_nullsafe.q,stats8.q,skewjoinopt14.q,vectorized_mapjoin.q,union17.q,auto_join5.q,vectorized_shufflejoin.q,groupby8_noskew.q,auto_sortmerge_join_10.q,groupby11.q,skewjoinopt11.q,load_dyn_part11.q]
TestSparkCliDriver - did not produce a TEST-*.xml file (likely timed out) (batchId=208)
	[script_pipe.q,auto_join24.q,ptf_seqfile.q,union_remove_23.q,filter_join_breaktask.q,parallel_join0.q,ppd_multi_insert.q,join_thrift.q,multi_insert_gby3.q,groupby8.q,union4.q,smb_mapjoin_20.q,groupby_multi_insert_common_distinct.q,join6.q,union_remove_16.q]
TestSparkCliDriver - did not produce a TEST-*.xml file (likely timed out) (batchId=209)
	[ppd_transform.q,smb_mapjoin_15.q,auto_join9.q,vector_data_types.q,input13.q,bucket4.q,skewjoinopt20.q,input12.q,vectorization_3.q,join_map_ppr.q,auto_sortmerge_join_8.q,cbo_union.q,escape_clusterby1.q,reduce_deduplicate_exclude_join.q,filter_join_breaktask2.q]
TestSparkCliDriver - did not produce a TEST-*.xml file (likely timed out) (batchId=210)
	[auto_join1.q,input14.q,union30.q,vector_mapjoin_reduce.q,stats20.q,union_remove_22.q,ptf_register_tblfn.q,union_date_trim.q,disable_merge_for_bucketing.q,join3.q,skewjoinopt1.q,join_alt_syntax.q,join30.q,groupby_sort_1_23.q,timestamp_udf.q]
TestSparkCliDriver - did not produce a TEST-*.xml file (likely timed out) (batchId=211)
	[stats13.q,router_join_ppr.q,join15.q,auto_join13.q,join_hive_626.q,tez_join_tests.q,auto_join21.q,join_view.q,join_merging.q,union_null.q,groupby3_noskew.q,optimize_nullscan.q,join38.q,auto_join3.q,vectorization_decimal_date.q]
TestSparkCliDriver - did not produce a TEST-*.xml file (likely timed out) (batchId=212)
	[load_dyn_part12.q,bucket_map_join_tez1.q,scriptfile1.q,groupby7_noskew.q,bucketmapjoin1.q,auto_join17.q,subquery_multiinsert.q,lateral_view_explode2.q,join28.q,join_cond_pushdown_4.q,vectorization_0.q,load_dyn_part1.q,skewjoinopt17.q,union_remove_20.q,bucketmapjoin5.q]
TestSparkCliDriver - did not produce a TEST-*.xml file (likely timed out) (batchId=213)
	[join36.q,join18.q,union_remove_15.q,smb_mapjoin_10.q,temp_table.q,union_remove_13.q,auto_join8.q,auto_join6.q,auto_sortmerge_join_5.q,auto_join0.q,auto_join_stats2.q,skewjoin_union_remove_1.q,union16.q,auto_join32.q,join_literals.q]
TestSparkCliDriver - did not produce a TEST-*.xml file (likely timed out) (batchId=214)
	[join2.q,avro_joins_native.q,auto_join20.q,smb_mapjoin_5.q,vector_char_4.q,cross_product_check_2.q,union_remove_25.q,insert_into2.q,join31.q,auto_join27.q,escape_orderby1.q,cbo_limit.q,stats_partscan_1_23.q,groupby_complex_types_multi_single_reducer.q,load_dyn_part14.q]
TestSparkCliDriver - did not produce a TEST-*.xml file (likely timed out) (batchId=215)
	[union15.q,auto_sortmerge_join_7.q]
TestStorageBasedClientSideAuthorizationProvider - did not produce a TEST-*.xml file (likely timed out) (batchId=375)
TestStorageBasedMetastoreAuthorizationDrops - did not produce a TEST-*.xml file (likely timed out) (batchId=366)
TestStorageBasedMetastoreAuthorizationProvider - did not produce a TEST-*.xml file (likely timed out) (batchId=364)
TestStorageBasedMetastoreAuthorizationReads - did not produce a TEST-*.xml file (likely timed out) (batchId=372)
TestThriftBinaryCLIService - did not produce a TEST-*.xml file (likely timed out) (batchId=380)
TestThriftHttpCLIService - did not produce a TEST-*.xml file (likely timed out) (batchId=381)
TestZooKeeperTokenStore - did not produce a TEST-*.xml file (likely timed out) (batchId=326)
org.apache.hadoop.hive.cli.TestCliDriver.testCliDriver_ivyDownload (batchId=36)
org.apache.hadoop.hive.cli.TestCliDriver.testCliDriver_udf_from_utc_timestamp (batchId=120)
org.apache.hadoop.hive.cli.TestCliDriver.testCliDriver_udf_to_utc_timestamp (batchId=33)
org.apache.hadoop.hive.cli.TestMiniTezCliDriver.testCliDriver_bucket_map_join_tez1 (batchId=176)
org.apache.hadoop.hive.cli.TestMiniTezCliDriver.testCliDriver_tez_smb_empty (batchId=165)
org.apache.hadoop.hive.cli.TestMiniTezCliDriver.testCliDriver_vector_auto_smb_mapjoin_14 (batchId=164)
org.apache.hadoop.hive.cli.TestMinimrCliDriver.testCliDriver_exchgpartition2lel (batchId=136)
org.apache.hadoop.hive.cli.TestNegativeCliDriver.testNegativeCliDriver_authorization_uri_import (batchId=144)
org.apache.hive.minikdc.TestHiveAuthFactory.testStartTokenManagerForDBTokenStore (batchId=427)
org.apache.hive.minikdc.TestHiveAuthFactory.testStartTokenManagerForMemoryTokenStore (batchId=427)
org.apache.hive.minikdc.TestMiniHiveKdc.testLogin (batchId=424)
{noformat}

Test results: https://builds.apache.org/job/PreCommit-HIVE-Build/4259/testReport
Console output: https://builds.apache.org/job/PreCommit-HIVE-Build/4259/console
Test logs: http://104.198.109.242/logs/PreCommit-HIVE-Build-4259/

Messages:
{noformat}
Executing org.apache.hive.ptest.execution.TestCheckPhase
Executing org.apache.hive.ptest.execution.PrepPhase
Executing org.apache.hive.ptest.execution.ExecutionPhase
Executing org.apache.hive.ptest.execution.ReportingPhase
Tests exited with: TestsFailedException: 133 tests failed
{noformat}

This message is automatically generated.

ATTACHMENT ID: 12859678 - PreCommit-HIVE-Build

[~ekoifman] I haven't created a release tag yet, so to get it into 1.2.2, it should be good to commit it to branch-1.2. I looked at the test failures (from the tests that ran and not timed out):
{code}
org.apache.hadoop.hive.cli.TestCliDriver.testCliDriver_ivyDownload (batchId=36)
org.apache.hadoop.hive.cli.TestCliDriver.testCliDriver_udf_from_utc_timestamp (batchId=120)
org.apache.hadoop.hive.cli.TestCliDriver.testCliDriver_udf_to_utc_timestamp (batchId=33)
org.apache.hadoop.hive.cli.TestMiniTezCliDriver.testCliDriver_bucket_map_join_tez1 (batchId=176)
org.apache.hadoop.hive.cli.TestMiniTezCliDriver.testCliDriver_tez_smb_empty (batchId=165)
org.apache.hadoop.hive.cli.TestMiniTezCliDriver.testCliDriver_vector_auto_smb_mapjoin_14 (batchId=164)
org.apache.hadoop.hive.cli.TestMinimrCliDriver.testCliDriver_exchgpartition2lel (batchId=136)
org.apache.hadoop.hive.cli.TestNegativeCliDriver.testNegativeCliDriver_authorization_uri_import (batchId=144)
org.apache.hive.minikdc.TestHiveAuthFactory.testStartTokenManagerForDBTokenStore (batchId=427)
org.apache.hive.minikdc.TestHiveAuthFactory.testStartTokenManagerForMemoryTokenStore (batchId=427)
org.apache.hive.minikdc.TestMiniHiveKdc.testLogin (batchId=424)
{code}
All of these are flaky tests / need updated diff files which I have analyzed in HIVE-15007, so the tests for this patch look good. However, if the patch is revised, it will be good to get another run.

Updating target version and making it a critical for 1.2.2

Hi [~ekoifman], 

hive-1.x we don't have StreamingConnection constructors.
hive-2.x we do have StreamingConnection constructors.

Code is handled as per versions .. similar to other Writers like `StrictJsonWriter` and `DelimitedInputWriter`

Thanks


https://github.com/apache/hive/blob/master/hcatalog/streaming/src/java/org/apache/hive/hcatalog/streaming/StrictJsonWriter.java#L48-L83

Hi [~ekoifman], as per your previous comments ... i removed those constructors in hive-2.x.

if we want those constructors means use HIVE-15691.1.patch instead of HIVE-15691.3.patch for hive-2.x

The link I provided is for Hive1 - it's to prove that we do have StreamingConnection parameters in Hive1 master.


In Hive1 current Writers like StrictJsonWriter and DelimitedInputWriter, there are still with out StreamingConnection parameters

In Hive2 current Writers like StrictJsonWriter and DelimitedInputWriter, there are with StreamingConnection parameters

i followed same implementation .. if required means better to change all the places also.

may be better person to answer this [~roshan_naik]

The link above shows the signatures with StreamingConnection param in master branch of Hive1.  This is where Hive 1.3 will be cut from so to be included in the future of 1.x line releases there must be signatures with StreamingConnection.  There is no need to provide the deprecated version of constructors w/o StreamingConnection parameters since StrictRegexWriter is new API.

1.2 version (Hive1) doesn't have StreamingConnection parameter - it was introduced in HIVE-14114.  If you'd like these changes to show up in upcoming 1.2.2 release then HIVE-15691-branch-1.2.patch is fine but we cannot check this into 1.2 w/o checking into 1.3 which requires a patch with appropriate signatures.

HIVE-15691.3.patch looks ok for Hive2 but I don't see the build bot run for it.  Perhaps there was some glitch in the system and it was missed.  In such cases we usually resubmit the same patch but with new name (.4) to trigger another run.

Hi [~ekoifman], now i got the problem.

given the patches as per comments.

updated new patch (HIVE-15691-branch-1.patch) on branch-1

updated new patch (HIVE-15691.4.patch) on master

Thanks

Hi [~ekoifman], now i got the problem.

given the patches as per comments.

updated new patch (HIVE-15691-branch-1.patch) on branch-1

updated new patch (HIVE-15691.4.patch) on master

Thanks



Here are the results of testing the latest attachment:
https://issues.apache.org/jira/secure/attachment/12859814/HIVE-15691-branch-1.patch

{color:green}SUCCESS:{color} +1 due to 1 test(s) being added or modified.

{color:red}ERROR:{color} -1 due to 161 failed/errored test(s), 8085 tests executed
*Failed tests:*
{noformat}
TestAcidOnTez - did not produce a TEST-*.xml file (likely timed out) (batchId=376)
TestAdminUser - did not produce a TEST-*.xml file (likely timed out) (batchId=358)
TestAuthorizationPreEventListener - did not produce a TEST-*.xml file (likely timed out) (batchId=391)
TestAuthzApiEmbedAuthorizerInEmbed - did not produce a TEST-*.xml file (likely timed out) (batchId=368)
TestAuthzApiEmbedAuthorizerInRemote - did not produce a TEST-*.xml file (likely timed out) (batchId=374)
TestBeeLineWithArgs - did not produce a TEST-*.xml file (likely timed out) (batchId=398)
TestCLIAuthzSessionContext - did not produce a TEST-*.xml file (likely timed out) (batchId=416)
TestClearDanglingScratchDir - did not produce a TEST-*.xml file (likely timed out) (batchId=383)
TestClientSideAuthorizationProvider - did not produce a TEST-*.xml file (likely timed out) (batchId=390)
TestCompactor - did not produce a TEST-*.xml file (likely timed out) (batchId=379)
TestCreateUdfEntities - did not produce a TEST-*.xml file (likely timed out) (batchId=378)
TestCustomAuthentication - did not produce a TEST-*.xml file (likely timed out) (batchId=399)
TestDBTokenStore - did not produce a TEST-*.xml file (likely timed out) (batchId=342)
TestDDLWithRemoteMetastoreSecondNamenode - did not produce a TEST-*.xml file (likely timed out) (batchId=377)
TestDynamicSerDe - did not produce a TEST-*.xml file (likely timed out) (batchId=345)
TestEmbeddedHiveMetaStore - did not produce a TEST-*.xml file (likely timed out) (batchId=355)
TestEmbeddedThriftBinaryCLIService - did not produce a TEST-*.xml file (likely timed out) (batchId=402)
TestFilterHooks - did not produce a TEST-*.xml file (likely timed out) (batchId=350)
TestFolderPermissions - did not produce a TEST-*.xml file (likely timed out) (batchId=385)
TestHS2AuthzContext - did not produce a TEST-*.xml file (likely timed out) (batchId=419)
TestHS2AuthzSessionContext - did not produce a TEST-*.xml file (likely timed out) (batchId=420)
TestHS2ClearDanglingScratchDir - did not produce a TEST-*.xml file (likely timed out) (batchId=406)
TestHS2ImpersonationWithRemoteMS - did not produce a TEST-*.xml file (likely timed out) (batchId=407)
TestHiveAuthorizerCheckInvocation - did not produce a TEST-*.xml file (likely timed out) (batchId=394)
TestHiveAuthorizerShowFilters - did not produce a TEST-*.xml file (likely timed out) (batchId=393)
TestHiveHistory - did not produce a TEST-*.xml file (likely timed out) (batchId=396)
TestHiveMetaStoreTxns - did not produce a TEST-*.xml file (likely timed out) (batchId=370)
TestHiveMetaStoreWithEnvironmentContext - did not produce a TEST-*.xml file (likely timed out) (batchId=360)
TestHiveMetaTool - did not produce a TEST-*.xml file (likely timed out) (batchId=373)
TestHiveServer2 - did not produce a TEST-*.xml file (likely timed out) (batchId=422)
TestHiveServer2SessionTimeout - did not produce a TEST-*.xml file (likely timed out) (batchId=423)
TestHiveSessionImpl - did not produce a TEST-*.xml file (likely timed out) (batchId=403)
TestHs2Hooks - did not produce a TEST-*.xml file (likely timed out) (batchId=375)
TestHs2HooksWithMiniKdc - did not produce a TEST-*.xml file (likely timed out) (batchId=451)
TestJdbcDriver2 - did not produce a TEST-*.xml file (likely timed out) (batchId=410)
TestJdbcMetadataApiAuth - did not produce a TEST-*.xml file (likely timed out) (batchId=421)
TestJdbcWithLocalClusterSpark - did not produce a TEST-*.xml file (likely timed out) (batchId=415)
TestJdbcWithMiniHS2 - did not produce a TEST-*.xml file (likely timed out) (batchId=412)
TestJdbcWithMiniKdc - did not produce a TEST-*.xml file (likely timed out) (batchId=448)
TestJdbcWithMiniKdcCookie - did not produce a TEST-*.xml file (likely timed out) (batchId=447)
TestJdbcWithMiniKdcSQLAuthBinary - did not produce a TEST-*.xml file (likely timed out) (batchId=445)
TestJdbcWithMiniKdcSQLAuthHttp - did not produce a TEST-*.xml file (likely timed out) (batchId=450)
TestJdbcWithMiniMr - did not produce a TEST-*.xml file (likely timed out) (batchId=411)
TestJdbcWithSQLAuthUDFBlacklist - did not produce a TEST-*.xml file (likely timed out) (batchId=417)
TestJdbcWithSQLAuthorization - did not produce a TEST-*.xml file (likely timed out) (batchId=418)
TestLocationQueries - did not produce a TEST-*.xml file (likely timed out) (batchId=382)
TestMTQueries - did not produce a TEST-*.xml file (likely timed out) (batchId=380)
TestMarkPartition - did not produce a TEST-*.xml file (likely timed out) (batchId=367)
TestMarkPartitionRemote - did not produce a TEST-*.xml file (likely timed out) (batchId=371)
TestMetaStoreAuthorization - did not produce a TEST-*.xml file (likely timed out) (batchId=356)
TestMetaStoreConnectionUrlHook - did not produce a TEST-*.xml file (likely timed out) (batchId=354)
TestMetaStoreEndFunctionListener - did not produce a TEST-*.xml file (likely timed out) (batchId=353)
TestMetaStoreEventListener - did not produce a TEST-*.xml file (likely timed out) (batchId=363)
TestMetaStoreEventListenerOnlyOnCommit - did not produce a TEST-*.xml file (likely timed out) (batchId=366)
TestMetaStoreInitListener - did not produce a TEST-*.xml file (likely timed out) (batchId=369)
TestMetaStoreListenersError - did not produce a TEST-*.xml file (likely timed out) (batchId=365)
TestMetaStoreMetrics - did not produce a TEST-*.xml file (likely timed out) (batchId=346)
TestMetaStoreUtils - did not produce a TEST-*.xml file (likely timed out) (batchId=347)
TestMetastoreAuthorizationProvider - did not produce a TEST-*.xml file (likely timed out) (batchId=387)
TestMetastoreVersion - did not produce a TEST-*.xml file (likely timed out) (batchId=362)
TestMiniHS2 - did not produce a TEST-*.xml file (likely timed out) (batchId=424)
TestMiniSparkOnYarnCliDriver - did not produce a TEST-*.xml file (likely timed out) (batchId=452)
TestMultiAuthorizationPreEventListener - did not produce a TEST-*.xml file (likely timed out) (batchId=388)
TestMultiSessionsHS2WithLocalClusterSpark - did not produce a TEST-*.xml file (likely timed out) (batchId=414)
TestNoSaslAuth - did not produce a TEST-*.xml file (likely timed out) (batchId=413)
TestOperationLoggingAPIWithMr - did not produce a TEST-*.xml file (likely timed out) (batchId=404)
TestOperationLoggingAPIWithTez - did not produce a TEST-*.xml file (likely timed out) (batchId=405)
TestPartitionNameWhitelistValidation - did not produce a TEST-*.xml file (likely timed out) (batchId=351)
TestPasswordWithConfig - did not produce a TEST-*.xml file (likely timed out) (batchId=389)
TestRemoteHiveMetaStore - did not produce a TEST-*.xml file (likely timed out) (batchId=359)
TestRemoteHiveMetaStoreIpAddress - did not produce a TEST-*.xml file (likely timed out) (batchId=348)
TestRemoteUGIHiveMetaStoreIpAddress - did not produce a TEST-*.xml file (likely timed out) (batchId=364)
TestRetryingHMSHandler - did not produce a TEST-*.xml file (likely timed out) (batchId=357)
TestSSL - did not produce a TEST-*.xml file (likely timed out) (batchId=408)
TestSchemaTool - did not produce a TEST-*.xml file (likely timed out) (batchId=397)
TestSemanticAnalyzerHookLoading - did not produce a TEST-*.xml file (likely timed out) (batchId=381)
TestSerdeWithFieldComments - did not produce a TEST-*.xml file (likely timed out) (batchId=344)
TestServerSpecificConfig - did not produce a TEST-*.xml file (likely timed out) (batchId=361)
TestServiceDiscovery - did not produce a TEST-*.xml file (likely timed out) (batchId=409)
TestSetUGIOnBothClientServer - did not produce a TEST-*.xml file (likely timed out) (batchId=352)
TestSetUGIOnOnlyClient - did not produce a TEST-*.xml file (likely timed out) (batchId=349)
TestSetUGIOnOnlyServer - did not produce a TEST-*.xml file (likely timed out) (batchId=372)
TestSparkCliDriver - did not produce a TEST-*.xml file (likely timed out) (batchId=191)
	[bucketmapjoin4.q,bucket_map_join_spark2.q,bucket_map_join_spark4.q,union21.q,timestamp_2.q,date_join1.q,mergejoins.q,smb_mapjoin_11.q,auto_sortmerge_join_3.q,mapjoin_test_outer.q,vectorization_9.q,merge2.q,auto_join_without_localtask.q,bucketmapjoin2.q,multi_join_union.q]
TestSparkCliDriver - did not produce a TEST-*.xml file (likely timed out) (batchId=192)
	[parallel_join1.q,join_cond_pushdown_unqual4.q,union_remove_7.q,join13.q,join_vc.q,groupby_cube1.q,join_reorder4.q,sample3.q,smb_mapjoin_19.q,stats16.q,union23.q,union.q,union31.q,cbo_udf_udaf.q,ptf_decimal.q]
TestSparkCliDriver - did not produce a TEST-*.xml file (likely timed out) (batchId=193)
	[union27.q,mapjoin_subquery2.q,union12.q,groupby7_map_multi_single_reducer.q,varchar_join1.q,join7.q,mapjoin1.q,skewjoinopt2.q,bucketsortoptimize_insert_2.q,smb_mapjoin_17.q,script_env_var1.q,groupby7_map.q,groupby3.q,bucketsortoptimize_insert_8.q,union20.q]
TestSparkCliDriver - did not produce a TEST-*.xml file (likely timed out) (batchId=194)
	[ptf_general_queries.q,auto_join_reordering_values.q,sample2.q,join1.q,decimal_join.q,join32_lessSize.q,order2.q,skewjoinopt18.q,union_remove_18.q,join25.q,union_remove_4.q,smb_mapjoin_25.q,groupby9.q,bucketsortoptimize_insert_6.q,ctas.q]
TestSparkCliDriver - did not produce a TEST-*.xml file (likely timed out) (batchId=195)
	[skewjoinopt15.q,list_bucket_dml_2.q,groupby_map_ppr.q,join_rc.q,union14.q,load_dyn_part3.q,smb_mapjoin_12.q,vector_cast_constant.q,auto_sortmerge_join_15.q,union10.q,auto_join11.q,load_dyn_part7.q,vectorization_12.q,groupby_sort_skew_1_23.q,skewjoinopt12.q]
TestSparkCliDriver - did not produce a TEST-*.xml file (likely timed out) (batchId=196)
	[auto_join18.q,input1_limit.q,auto_join26.q,union_remove_14.q,auto_sortmerge_join_14.q,stats_counter_partitioned.q,union22.q,bucket_map_join_tez2.q,smb_mapjoin_22.q,join_reorder.q,stats15.q,transform_ppr1.q,sample1.q,bucketmapjoin8.q,union34.q]
TestSparkCliDriver - did not produce a TEST-*.xml file (likely timed out) (batchId=197)
	[avro_joins.q,skewjoinopt16.q,bucket3.q,skewjoinopt13.q,auto_join14.q,vectorization_14.q,stats1.q,cbo_stats.q,auto_sortmerge_join_6.q,auto_join15.q,union_remove_24.q,union_view.q,join22.q,join33.q,ptf_matchpath.q]
TestSparkCliDriver - did not produce a TEST-*.xml file (likely timed out) (batchId=198)
	[vector_decimal_aggregate.q,skewjoin_noskew.q,leftsemijoin_mr.q,auto_join23.q,bucketmapjoin9.q,input18.q,cbo_simple_select.q,ptf.q,vectorized_nested_mapjoin.q,sample4.q,union18.q,multi_insert_gby.q,groupby1.q,join_reorder2.q,join_cond_pushdown_unqual2.q]
TestSparkCliDriver - did not produce a TEST-*.xml file (likely timed out) (batchId=199)
	[order.q,ppd_join3.q,join10.q,union_remove_11.q,vectorized_math_funcs.q,union_ppr.q,skewjoinopt6.q,union_remove_19.q,join14.q,join32.q,groupby_multi_single_reducer2.q,stats3.q,parquet_join.q,outer_join_ppr.q,join26.q]
TestSparkCliDriver - did not produce a TEST-*.xml file (likely timed out) (batchId=200)
	[skewjoinopt3.q,skewjoinopt19.q,join_merge_multi_expressions.q,skewjoinopt10.q,union5.q,insert_into1.q,vectorization_4.q,stats_counter.q,vectorization_2.q,vector_left_outer_join.q,decimal_1_1.q,semijoin.q,skewjoinopt9.q,rcfile_bigdata.q,load_dyn_part10.q]
TestSparkCliDriver - did not produce a TEST-*.xml file (likely timed out) (batchId=201)
	[multi_insert_mixed.q,smb_mapjoin_4.q,timestamp_comparison.q,join_cond_pushdown_3.q,insert1.q,union_remove_10.q,mapreduce2.q,bucketmapjoin_negative.q,udf_in_file.q,skewjoinopt5.q,auto_join12.q,skewjoin.q,vector_count_distinct.q,smb_mapjoin_3.q,stats10.q]
TestSparkCliDriver - did not produce a TEST-*.xml file (likely timed out) (batchId=202)
	[bucketsortoptimize_insert_4.q,skewjoinopt8.q,vectorization_10.q,auto_join18_multi_distinct.q,custom_input_output_format.q,insert_into3.q,vectorization_part_project.q,vectorization_6.q,skewjoinopt4.q,count.q,stats9.q,auto_join7.q,parallel.q,union33.q,union_lateralview.q]
TestSparkCliDriver - did not produce a TEST-*.xml file (likely timed out) (batchId=203)
	[skewjoin_union_remove_2.q,avro_decimal_native.q,timestamp_null.q,bucketmapjoin_negative3.q,union32.q,groupby_ppr.q,vector_varchar_4.q,stats6.q,stats_only_null.q,join18_multi_distinct.q,cross_join.q,sample8.q,timestamp_1.q,join24.q,join_star.q]
TestSparkCliDriver - did not produce a TEST-*.xml file (likely timed out) (batchId=204)
	[auto_join30.q,union_remove_1.q,ppd_outer_join2.q,date_udf.q,join16.q,smb_mapjoin_13.q,bucketmapjoin7.q,smb_mapjoin_18.q,join19.q,metadata_only_queries.q,union6.q,cbo_subq_in.q,vectorization_part.q,groupby3_map_multi_distinct.q,vectorized_timestamp_funcs.q]
TestSparkCliDriver - did not produce a TEST-*.xml file (likely timed out) (batchId=205)
	[bucketmapjoin12.q,auto_join10.q,ptf_rcfile.q,join20.q,vector_elt.q,multi_insert.q,groupby_rollup1.q,ppd_join5.q,join_filters_overlap.q,vector_string_concat.q,join_empty.q,smb_mapjoin_6.q,auto_sortmerge_join_12.q,groupby_bigdata.q,innerjoin.q]
TestSparkCliDriver - did not produce a TEST-*.xml file (likely timed out) (batchId=206)
	[tez_joins_explain.q,input17.q,ppd_gby_join.q,vectorized_rcfile_columnar.q,ppd_join.q,join_cond_pushdown_1.q,union_remove_6_subq.q,timestamp_3.q,load_dyn_part6.q,load_dyn_part9.q,multi_insert_gby2.q,vectorization_11.q,avro_compression_enabled_native.q,stats_noscan_2.q,transform1.q]
TestSparkCliDriver - did not produce a TEST-*.xml file (likely timed out) (batchId=207)
	[smb_mapjoin_21.q,load_dyn_part15.q,transform2.q,subquery_exists.q,cbo_semijoin.q,bucketmapjoin13.q,join27.q,alter_merge_stats_orc.q,union_remove_2.q,groupby_position.q,join12.q,smb_mapjoin_8.q,join21.q,auto_join16.q,union9.q]
TestSparkCliDriver - did not produce a TEST-*.xml file (likely timed out) (batchId=208)
	[vectorization_16.q,enforce_order.q,join_casesensitive.q,ppd_join2.q,ppd_outer_join5.q,mapjoin_memcheck.q,create_merge_compressed.q,louter_join_ppr.q,sample9.q,smb_mapjoin_16.q,vectorization_not.q,having.q,ppd_outer_join1.q,vector_orderby_5.q,union_remove_12.q]
TestSparkCliDriver - did not produce a TEST-*.xml file (likely timed out) (batchId=209)
	[bucketmapjoin3.q,load_dyn_part5.q,transform_ppr2.q,join23.q,groupby7_map_skew.q,cbo_gby.q,auto_join31.q,auto_sortmerge_join_1.q,join_cond_pushdown_unqual1.q,bucket_map_join_spark3.q,union28.q,escape_sortby1.q,leftsemijoin.q,union_remove_6.q,join29.q]
TestSparkCliDriver - did not produce a TEST-*.xml file (likely timed out) (batchId=210)
	[escape_distributeby1.q,join9.q,groupby2.q,vectorization_pushdown.q,union_date.q,join_cond_pushdown_unqual3.q,join8.q,sample10.q,ppd_outer_join3.q,cross_product_check_1.q,statsfs.q,auto_sortmerge_join_2.q,auto_join_stats.q,input_part2.q,groupby_multi_single_reducer3.q]
TestSparkCliDriver - did not produce a TEST-*.xml file (likely timed out) (batchId=211)
	[groupby_map_ppr_multi_distinct.q,vectorization_13.q,mapjoin_mapjoin.q,union2.q,join41.q,groupby8_map.q,cbo_gby_empty.q,vectorization_short_regress.q,identity_project_remove_skip.q,stats5.q,groupby8_map_skew.q,mapjoin_subquery.q,bucket2.q,smb_mapjoin_1.q,union_remove_8.q]
TestSparkCliDriver - did not produce a TEST-*.xml file (likely timed out) (batchId=212)
	[join39.q,bucketsortoptimize_insert_7.q,vector_distinct_2.q,bucketmapjoin10.q,join11.q,cbo_subq_not_in.q,auto_sortmerge_join_16.q,windowing.q,join40.q,skewjoinopt7.q,stats7.q,annotate_stats_join.q,multi_insert_lateral_view.q,ptf_streaming.q,join_1to1.q]
TestSparkCliDriver - did not produce a TEST-*.xml file (likely timed out) (batchId=213)
	[timestamp_lazy.q,union29.q,runtime_skewjoin_mapjoin_spark.q,auto_join22.q,union8.q,union13.q,dynamic_rdd_cache.q,auto_join29.q,merge1.q,mapjoin_distinct.q,union_remove_3.q,vector_decimal_mapjoin.q,sample5.q,multi_insert_move_tasks_share_dependencies.q,join_array.q]
TestSparkCliDriver - did not produce a TEST-*.xml file (likely timed out) (batchId=214)
	[ppd_join4.q,load_dyn_part2.q,smb_mapjoin_7.q,vectorization_5.q,smb_mapjoin_2.q,ppd_join_filter.q,column_access_stats.q,stats0.q,vector_between_in.q,vectorized_string_funcs.q,vectorization_1.q,bucket_map_join_2.q,temp_table_join1.q,vectorized_case.q,stats_noscan_1.q]
TestSparkCliDriver - did not produce a TEST-*.xml file (likely timed out) (batchId=215)
	[stats2.q,groupby3_map_skew.q,join_cond_pushdown_2.q,union19.q,union24.q,union_remove_5.q,groupby7_noskew_multi_single_reducer.q,groupby_multi_single_reducer.q,index_auto_self_join.q,auto_smb_mapjoin_14.q,script_env_var2.q,pcr.q,auto_join_filters.q,join0.q,join37.q]
TestSparkCliDriver - did not produce a TEST-*.xml file (likely timed out) (batchId=216)
	[stats12.q,groupby4.q,union_top_level.q,groupby10.q,subquery_in.q,mapjoin_filter_on_outerjoin.q,stats14.q,auto_sortmerge_join_4.q,limit_partition_metadataonly.q,load_dyn_part4.q,union3.q,smb_mapjoin_14.q,groupby3_noskew_multi_distinct.q,stats18.q,union_remove_21.q]
TestSparkCliDriver - did not produce a TEST-*.xml file (likely timed out) (batchId=217)
	[auto_sortmerge_join_13.q,join4.q,join35.q,join_reorder3.q,auto_join19.q,sample7.q,vectorization_15.q,union7.q,vectorization_nested_udf.q,load_dyn_part8.q,vector_groupby_3.q,vectorized_ptf.q,auto_join2.q,alter_merge_orc.q,bucket_map_join_1.q]
TestSparkCliDriver - did not produce a TEST-*.xml file (likely timed out) (batchId=218)
	[groupby_complex_types.q,groupby3_map.q,union11.q,union26.q,mapreduce1.q,mapjoin_addjar.q,bucketmapjoin_negative2.q,bucket_map_join_spark1.q,udf_example_add.q,vectorization_div0.q,union_remove_17.q,auto_join_nulls.q,ppd_outer_join4.q,sample6.q,auto_sortmerge_join_9.q]
TestSparkCliDriver - did not produce a TEST-*.xml file (likely timed out) (batchId=219)
	[multigroupby_singlemr.q,auto_join4.q,mapjoin_decimal.q,groupby7.q,join34.q,join5.q,sort.q,join17.q,union_script.q,add_part_multiple.q,limit_pushdown.q,uniquejoin.q,metadata_only_queries_with_filters.q,union25.q,load_dyn_part13.q]
TestSparkCliDriver - did not produce a TEST-*.xml file (likely timed out) (batchId=220)
	[table_access_keys_stats.q,bucketmapjoin11.q,union_remove_9.q,mergejoins_mixed.q,join_nullsafe.q,stats8.q,auto_join28.q,skewjoinopt14.q,union17.q,vectorized_shufflejoin.q,groupby8_noskew.q,auto_sortmerge_join_10.q,groupby11.q,skewjoinopt11.q,load_dyn_part11.q]
TestSparkCliDriver - did not produce a TEST-*.xml file (likely timed out) (batchId=221)
	[script_pipe.q,auto_join24.q,ptf_seqfile.q,union_remove_23.q,filter_join_breaktask.q,parallel_join0.q,join_thrift.q,vectorized_mapjoin.q,groupby8.q,union4.q,auto_join5.q,smb_mapjoin_20.q,groupby_multi_insert_common_distinct.q,join6.q,union_remove_16.q]
TestSparkCliDriver - did not produce a TEST-*.xml file (likely timed out) (batchId=222)
	[ppd_transform.q,smb_mapjoin_15.q,auto_join9.q,vector_data_types.q,input13.q,bucket4.q,ppd_multi_insert.q,skewjoinopt20.q,input12.q,multi_insert_gby3.q,join_map_ppr.q,auto_sortmerge_join_8.q,escape_clusterby1.q,reduce_deduplicate_exclude_join.q,filter_join_breaktask2.q]
TestSparkCliDriver - did not produce a TEST-*.xml file (likely timed out) (batchId=223)
	[auto_join1.q,input14.q,union30.q,stats20.q,union_remove_22.q,vectorization_3.q,cbo_union.q,union_date_trim.q,disable_merge_for_bucketing.q,join3.q,skewjoinopt1.q,join_alt_syntax.q,join30.q,groupby_sort_1_23.q,timestamp_udf.q]
TestSparkCliDriver - did not produce a TEST-*.xml file (likely timed out) (batchId=224)
	[stats13.q,router_join_ppr.q,join15.q,auto_join13.q,join_hive_626.q,vector_mapjoin_reduce.q,auto_join21.q,ptf_register_tblfn.q,join_view.q,join_merging.q,groupby3_noskew.q,optimize_nullscan.q,join38.q,auto_join3.q,vectorization_decimal_date.q]
TestSparkCliDriver - did not produce a TEST-*.xml file (likely timed out) (batchId=225)
	[load_dyn_part12.q,scriptfile1.q,groupby7_noskew.q,bucketmapjoin1.q,auto_join17.q,subquery_multiinsert.q,lateral_view_explode2.q,tez_join_tests.q,join28.q,join_cond_pushdown_4.q,vectorization_0.q,load_dyn_part1.q,skewjoinopt17.q,union_null.q,bucketmapjoin5.q]
TestSparkCliDriver - did not produce a TEST-*.xml file (likely timed out) (batchId=226)
	[join36.q,union_remove_15.q,smb_mapjoin_10.q,bucket_map_join_tez1.q,temp_table.q,union_remove_13.q,auto_join8.q,auto_join6.q,auto_join0.q,vectorization_17.q,auto_join_stats2.q,skewjoin_union_remove_1.q,union16.q,auto_join32.q,union_remove_20.q]
TestSparkCliDriver - did not produce a TEST-*.xml file (likely timed out) (batchId=227)
	[join2.q,avro_joins_native.q,join18.q,auto_join20.q,smb_mapjoin_5.q,vector_char_4.q,auto_sortmerge_join_5.q,cross_product_check_2.q,union_remove_25.q,insert_into2.q,escape_orderby1.q,cbo_limit.q,stats_partscan_1_23.q,groupby_complex_types_multi_single_reducer.q,join_literals.q]
TestSparkCliDriver - did not produce a TEST-*.xml file (likely timed out) (batchId=228)
	[union15.q,auto_sortmerge_join_7.q,join31.q,auto_join27.q,load_dyn_part14.q]
TestSparkNegativeCliDriver - did not produce a TEST-*.xml file (likely timed out) (batchId=453)
TestStorageBasedClientSideAuthorizationProvider - did not produce a TEST-*.xml file (likely timed out) (batchId=395)
TestStorageBasedMetastoreAuthorizationDrops - did not produce a TEST-*.xml file (likely timed out) (batchId=386)
TestStorageBasedMetastoreAuthorizationProvider - did not produce a TEST-*.xml file (likely timed out) (batchId=384)
TestStorageBasedMetastoreAuthorizationReads - did not produce a TEST-*.xml file (likely timed out) (batchId=392)
TestThriftBinaryCLIService - did not produce a TEST-*.xml file (likely timed out) (batchId=400)
TestThriftHttpCLIService - did not produce a TEST-*.xml file (likely timed out) (batchId=401)
TestZooKeeperTokenStore - did not produce a TEST-*.xml file (likely timed out) (batchId=343)
org.apache.hadoop.hive.cli.TestCliDriver.testCliDriver_acid_globallimit (batchId=45)
org.apache.hadoop.hive.cli.TestCliDriver.testCliDriver_acid_mapjoin (batchId=16)
org.apache.hadoop.hive.cli.TestCliDriver.testCliDriver_annotate_stats_table (batchId=32)
org.apache.hadoop.hive.cli.TestCliDriver.testCliDriver_drop_database_removes_partition_dirs (batchId=98)
org.apache.hadoop.hive.cli.TestCliDriver.testCliDriver_drop_table_removes_partition_dirs (batchId=132)
org.apache.hadoop.hive.cli.TestCliDriver.testCliDriver_dynpart_sort_optimization (batchId=81)
org.apache.hadoop.hive.cli.TestCliDriver.testCliDriver_dynpart_sort_optimization_acid (batchId=69)
org.apache.hadoop.hive.cli.TestCliDriver.testCliDriver_groupby10 (batchId=95)
org.apache.hadoop.hive.cli.TestCliDriver.testCliDriver_groupby11 (batchId=111)
org.apache.hadoop.hive.cli.TestCliDriver.testCliDriver_groupby8 (batchId=114)
org.apache.hadoop.hive.cli.TestCliDriver.testCliDriver_ivyDownload (batchId=38)
org.apache.hadoop.hive.cli.TestCliDriver.testCliDriver_semijoin5 (batchId=23)
org.apache.hadoop.hive.cli.TestCliDriver.testCliDriver_temp_table_gb1 (batchId=50)
org.apache.hadoop.hive.cli.TestCliDriver.testCliDriver_union_fast_stats (batchId=78)
org.apache.hadoop.hive.cli.TestCliDriver.testCliDriver_vector_string_decimal (batchId=4)
org.apache.hadoop.hive.cli.TestCliDriver.testCliDriver_windowing (batchId=82)
org.apache.hadoop.hive.cli.TestEncryptedHDFSCliDriver.testCliDriver_encryption_drop_partition (batchId=437)
org.apache.hadoop.hive.cli.TestMiniTezCliDriver.testCliDriver_dynamic_partition_pruning (batchId=175)
org.apache.hadoop.hive.cli.TestMiniTezCliDriver.testCliDriver_groupby2 (batchId=180)
org.apache.hadoop.hive.cli.TestMiniTezCliDriver.testCliDriver_stats_only_null (batchId=174)
org.apache.hadoop.hive.cli.TestMiniTezCliDriver.testCliDriver_tez_smb_empty (batchId=176)
org.apache.hadoop.hive.cli.TestMiniTezCliDriver.testCliDriver_union_fast_stats (batchId=181)
org.apache.hadoop.hive.cli.TestMiniTezCliDriver.testCliDriver_vectorized_dynamic_partition_pruning (batchId=175)
org.apache.hadoop.hive.cli.TestMinimrCliDriver.testCliDriver_groupby2 (batchId=143)
org.apache.hadoop.hive.cli.TestMinimrCliDriver.testCliDriver_index_bitmap_auto (batchId=138)
org.apache.hadoop.hive.cli.TestMinimrCliDriver.testCliDriver_ql_rewrite_gbtoidx_cbo_2 (batchId=147)
org.apache.hadoop.hive.cli.TestNegativeCliDriver.testNegativeCliDriver_authorization_uri_import (batchId=153)
org.apache.hadoop.hive.cli.TestNegativeCliDriver.testNegativeCliDriver_right_side_join (batchId=153)
org.apache.hadoop.hive.ql.io.orc.TestInputOutputFormat.testSplitGenFailure (batchId=589)
org.apache.hive.hcatalog.api.TestHCatClient.testTableSchemaPropagation (batchId=269)
org.apache.hive.minikdc.TestHiveAuthFactory.testStartTokenManagerForDBTokenStore (batchId=449)
org.apache.hive.minikdc.TestHiveAuthFactory.testStartTokenManagerForMemoryTokenStore (batchId=449)
org.apache.hive.minikdc.TestMiniHiveKdc.testLogin (batchId=446)
{noformat}

Test results: https://builds.apache.org/job/PreCommit-HIVE-Build/4278/testReport
Console output: https://builds.apache.org/job/PreCommit-HIVE-Build/4278/console
Test logs: http://104.198.109.242/logs/PreCommit-HIVE-Build-4278/

Messages:
{noformat}
Executing org.apache.hive.ptest.execution.TestCheckPhase
Executing org.apache.hive.ptest.execution.PrepPhase
Executing org.apache.hive.ptest.execution.ExecutionPhase
Executing org.apache.hive.ptest.execution.ReportingPhase
Tests exited with: TestsFailedException: 161 tests failed
{noformat}

This message is automatically generated.

ATTACHMENT ID: 12859814 - PreCommit-HIVE-Build

HIVE-15691.5.patch is same as 4 - trying to get hive2 build going 



Here are the results of testing the latest attachment:
https://issues.apache.org/jira/secure/attachment/12859848/HIVE-15691.5.patch

{color:green}SUCCESS:{color} +1 due to 1 test(s) being added or modified.

{color:red}ERROR:{color} -1 due to 1 failed/errored test(s), 10498 tests executed
*Failed tests:*
{noformat}
org.apache.hadoop.hive.cli.TestCliDriver.testCliDriver[comments] (batchId=35)
{noformat}

Test results: https://builds.apache.org/job/PreCommit-HIVE-Build/4286/testReport
Console output: https://builds.apache.org/job/PreCommit-HIVE-Build/4286/console
Test logs: http://104.198.109.242/logs/PreCommit-HIVE-Build-4286/

Messages:
{noformat}
Executing org.apache.hive.ptest.execution.TestCheckPhase
Executing org.apache.hive.ptest.execution.PrepPhase
Executing org.apache.hive.ptest.execution.ExecutionPhase
Executing org.apache.hive.ptest.execution.ReportingPhase
Tests exited with: TestsFailedException: 1 tests failed
{noformat}

This message is automatically generated.

ATTACHMENT ID: 12859848 - PreCommit-HIVE-Build

[~ekoifman] For the hive-1.2 branch, there are some extra test failures:
{code}
org.apache.hadoop.hive.cli.TestCliDriver.testCliDriver_acid_globallimit (batchId=45)
org.apache.hadoop.hive.cli.TestCliDriver.testCliDriver_acid_mapjoin (batchId=16)
org.apache.hadoop.hive.cli.TestCliDriver.testCliDriver_annotate_stats_table (batchId=32)
org.apache.hadoop.hive.cli.TestCliDriver.testCliDriver_drop_database_removes_partition_dirs (batchId=98)
org.apache.hadoop.hive.cli.TestCliDriver.testCliDriver_drop_table_removes_partition_dirs (batchId=132)
org.apache.hadoop.hive.cli.TestCliDriver.testCliDriver_dynpart_sort_optimization (batchId=81)
org.apache.hadoop.hive.cli.TestCliDriver.testCliDriver_dynpart_sort_optimization_acid (batchId=69)
org.apache.hadoop.hive.cli.TestCliDriver.testCliDriver_groupby10 (batchId=95)
org.apache.hadoop.hive.cli.TestCliDriver.testCliDriver_groupby11 (batchId=111)
org.apache.hadoop.hive.cli.TestCliDriver.testCliDriver_groupby8 (batchId=114)
org.apache.hadoop.hive.cli.TestCliDriver.testCliDriver_semijoin5 (batchId=23)
org.apache.hadoop.hive.cli.TestCliDriver.testCliDriver_temp_table_gb1 (batchId=50)
org.apache.hadoop.hive.cli.TestCliDriver.testCliDriver_union_fast_stats (batchId=78)
org.apache.hadoop.hive.cli.TestCliDriver.testCliDriver_vector_string_decimal (batchId=4)
org.apache.hadoop.hive.cli.TestCliDriver.testCliDriver_windowing (batchId=82)
org.apache.hadoop.hive.cli.TestEncryptedHDFSCliDriver.testCliDriver_encryption_drop_partition (batchId=437)
org.apache.hadoop.hive.cli.TestMiniTezCliDriver.testCliDriver_dynamic_partition_pruning (batchId=175)
org.apache.hadoop.hive.cli.TestMiniTezCliDriver.testCliDriver_groupby2 (batchId=180)
org.apache.hadoop.hive.cli.TestMiniTezCliDriver.testCliDriver_stats_only_null (batchId=174)
org.apache.hadoop.hive.cli.TestMiniTezCliDriver.testCliDriver_union_fast_stats (batchId=181)
org.apache.hadoop.hive.cli.TestMiniTezCliDriver.testCliDriver_vectorized_dynamic_partition_pruning (batchId=175)
org.apache.hadoop.hive.cli.TestMinimrCliDriver.testCliDriver_groupby2 (batchId=143)
org.apache.hadoop.hive.cli.TestMinimrCliDriver.testCliDriver_index_bitmap_auto (batchId=138)
org.apache.hadoop.hive.cli.TestMinimrCliDriver.testCliDriver_ql_rewrite_gbtoidx_cbo_2 (batchId=147)
org.apache.hadoop.hive.cli.TestNegativeCliDriver.testNegativeCliDriver_right_side_join (batchId=153)
org.apache.hadoop.hive.ql.io.orc.TestInputOutputFormat.testSplitGenFailure (batchId=589)
org.apache.hive.hcatalog.api.TestHCatClient.testTableSchemaPropagation (batchId=269)
{code}

[~ekoifman] Please ignore the above comment: looks like this was a branch-1 run. The latest patch will need another run on 1.2. Thanks.

+1 for HIVE-15691.5.patch for Hive2

[~kalyanhadoop] we still have an issue with Hive1 patches.  (my bad).
If you only want to check in to Hive1 master (future 1.3), then it's fine to have only the c'tors that have StreamingConnection param.

If you want to check in to commit to both Hive1 1.2.2 and master, then we need c'tor w/o StreamingConnection for 1.2.2 and both versions for master (on master the ones w/o StreamingConnection should be deprecated).  Otherwise someone may start using StrictRegexWriter on 1.2.2 with old style c'tors and when they upgrade to 1.3 it won't compile any more with the patch as is.

I'll commit to Hive2 later today.  Let me know what you want to do for Hive1.  Also, it seems like the build bot only picks up 1 patch at a time, so if you submit both branch-1 and branch-1.2 at the same time only one of them is being run through the test

HIVE-15691.5.patch committed to master https://github.com/apache/hive/commit/ea3be9549dca7eaed5e838bbcb69d2372817ce42

Should this be documented in the wiki?

Also, the status needs to be updated.

Hi [~ekoifman], as per my understanding below constructors signature expecting. 
If it is fine, i will work out, otherwise any changes please suggest.

Hive-1.2.2 constructors:
----------------------------------------------------------------------------------------------------
public StrictRegexWriter(HiveEndPoint endPoint)

public StrictRegexWriter(HiveEndPoint endPoint, HiveConf conf)

public StrictRegexWriter(String regex, HiveEndPoint endPoint, HiveConf conf)

public StrictRegexWriter(HiveEndPoint endPoint, StreamingConnection conn)

public StrictRegexWriter(HiveEndPoint endPoint, HiveConf conf, StreamingConnection conn)

public StrictRegexWriter(String regex, HiveEndPoint endPoint, HiveConf conf, StreamingConnection conn)


Hive-1.3.0 constructors:
----------------------------------------------------------------------------------------------------
/**
* @deprecated As of release 1.3/2.1.  Replaced by {@link #StrictRegexWriter(HiveEndPoint, StreamingConnection)}
*/
public StrictRegexWriter(HiveEndPoint endPoint)

/**
* @deprecated As of release 1.3/2.1.  Replaced by {@link #StrictRegexWriter(HiveEndPoint, HiveConf, StreamingConnection)}
*/
public StrictRegexWriter(HiveEndPoint endPoint, HiveConf conf)

/**
* @deprecated As of release 1.3/2.1.  Replaced by {@link #StrictRegexWriter(String, HiveEndPoint, HiveConf, StreamingConnection)}
*/
public StrictRegexWriter(String regex, HiveEndPoint endPoint, HiveConf conf)

public StrictRegexWriter(HiveEndPoint endPoint, StreamingConnection conn)

public StrictRegexWriter(HiveEndPoint endPoint, HiveConf conf, StreamingConnection conn)

public StrictRegexWriter(String regex, HiveEndPoint endPoint, HiveConf conf, StreamingConnection conn)



Thanks

the 1.3 version looks fine but 1.2.2 should only have c'tor without StreamingConection because the super class https://github.com/apache/hive/blob/branch-1.2/hcatalog/streaming/src/java/org/apache/hive/hcatalog/streaming/AbstractRecordWriter.java doesn't have matching ones.

I am deferring this to Hive 3.0 as we are going to cut the first RC and it is not marked as blocker. Please feel free to commit to the branch if this can be resolved before the release.

Hi [~ekoifman], as per my understanding below constructors signature expecting.

Only old constructors, no StreamingConnection api.

Hive-1.2.2 constructors:
----------------------------------------------------------------------------------------------------
public StrictRegexWriter(HiveEndPoint endPoint)

public StrictRegexWriter(HiveEndPoint endPoint, HiveConf conf)

public StrictRegexWriter(String regex, HiveEndPoint endPoint, HiveConf conf)


Thanks

Hi [~ekoifman], as per my understanding below constructors signature expecting.

deprecated old constructors and used StreamingConnection api.

Hive-1.3.0 constructors:
----------------------------------------------------------------------------------------------------
/**
* @deprecated As of release 1.3/2.1.  Replaced by {@link #StrictRegexWriter(HiveEndPoint, HiveConf, StreamingConnection)}
*/
public StrictRegexWriter(HiveEndPoint endPoint)

/**
* @deprecated As of release 1.3/2.1.  Replaced by {@link #StrictRegexWriter(HiveEndPoint, HiveConf, StreamingConnection)}
*/
public StrictRegexWriter(HiveEndPoint endPoint, HiveConf conf)

/**
* @deprecated As of release 1.3/2.1.  Replaced by {@link #StrictRegexWriter(String, HiveEndPoint, HiveConf, StreamingConnection)}
*/
public StrictRegexWriter(String regex, HiveEndPoint endPoint, HiveConf conf)


public StrictRegexWriter(HiveEndPoint endPoint, StreamingConnection conn)

public StrictRegexWriter(HiveEndPoint endPoint, HiveConf conf, StreamingConnection conn)

public StrictRegexWriter(String regex, HiveEndPoint endPoint, HiveConf conf, StreamingConnection conn)


Thanks

Hi [~leftylev], where i can find wiki source code.

can you please help on this.

Thanks



Here are the results of testing the latest attachment:
https://issues.apache.org/jira/secure/attachment/12860547/HIVE-15691.1-branch-1.patch

{color:green}SUCCESS:{color} +1 due to 1 test(s) being added or modified.

{color:red}ERROR:{color} -1 due to 161 failed/errored test(s), 8085 tests executed
*Failed tests:*
{noformat}
TestAcidOnTez - did not produce a TEST-*.xml file (likely timed out) (batchId=376)
TestAdminUser - did not produce a TEST-*.xml file (likely timed out) (batchId=358)
TestAuthorizationPreEventListener - did not produce a TEST-*.xml file (likely timed out) (batchId=391)
TestAuthzApiEmbedAuthorizerInEmbed - did not produce a TEST-*.xml file (likely timed out) (batchId=368)
TestAuthzApiEmbedAuthorizerInRemote - did not produce a TEST-*.xml file (likely timed out) (batchId=374)
TestBeeLineWithArgs - did not produce a TEST-*.xml file (likely timed out) (batchId=398)
TestCLIAuthzSessionContext - did not produce a TEST-*.xml file (likely timed out) (batchId=416)
TestClearDanglingScratchDir - did not produce a TEST-*.xml file (likely timed out) (batchId=383)
TestClientSideAuthorizationProvider - did not produce a TEST-*.xml file (likely timed out) (batchId=390)
TestCompactor - did not produce a TEST-*.xml file (likely timed out) (batchId=379)
TestCreateUdfEntities - did not produce a TEST-*.xml file (likely timed out) (batchId=378)
TestCustomAuthentication - did not produce a TEST-*.xml file (likely timed out) (batchId=399)
TestDBTokenStore - did not produce a TEST-*.xml file (likely timed out) (batchId=342)
TestDDLWithRemoteMetastoreSecondNamenode - did not produce a TEST-*.xml file (likely timed out) (batchId=377)
TestDynamicSerDe - did not produce a TEST-*.xml file (likely timed out) (batchId=345)
TestEmbeddedHiveMetaStore - did not produce a TEST-*.xml file (likely timed out) (batchId=355)
TestEmbeddedThriftBinaryCLIService - did not produce a TEST-*.xml file (likely timed out) (batchId=402)
TestFilterHooks - did not produce a TEST-*.xml file (likely timed out) (batchId=350)
TestFolderPermissions - did not produce a TEST-*.xml file (likely timed out) (batchId=385)
TestHS2AuthzContext - did not produce a TEST-*.xml file (likely timed out) (batchId=419)
TestHS2AuthzSessionContext - did not produce a TEST-*.xml file (likely timed out) (batchId=420)
TestHS2ClearDanglingScratchDir - did not produce a TEST-*.xml file (likely timed out) (batchId=406)
TestHS2ImpersonationWithRemoteMS - did not produce a TEST-*.xml file (likely timed out) (batchId=407)
TestHiveAuthorizerCheckInvocation - did not produce a TEST-*.xml file (likely timed out) (batchId=394)
TestHiveAuthorizerShowFilters - did not produce a TEST-*.xml file (likely timed out) (batchId=393)
TestHiveHistory - did not produce a TEST-*.xml file (likely timed out) (batchId=396)
TestHiveMetaStoreTxns - did not produce a TEST-*.xml file (likely timed out) (batchId=370)
TestHiveMetaStoreWithEnvironmentContext - did not produce a TEST-*.xml file (likely timed out) (batchId=360)
TestHiveMetaTool - did not produce a TEST-*.xml file (likely timed out) (batchId=373)
TestHiveServer2 - did not produce a TEST-*.xml file (likely timed out) (batchId=422)
TestHiveServer2SessionTimeout - did not produce a TEST-*.xml file (likely timed out) (batchId=423)
TestHiveSessionImpl - did not produce a TEST-*.xml file (likely timed out) (batchId=403)
TestHs2Hooks - did not produce a TEST-*.xml file (likely timed out) (batchId=375)
TestHs2HooksWithMiniKdc - did not produce a TEST-*.xml file (likely timed out) (batchId=451)
TestJdbcDriver2 - did not produce a TEST-*.xml file (likely timed out) (batchId=410)
TestJdbcMetadataApiAuth - did not produce a TEST-*.xml file (likely timed out) (batchId=421)
TestJdbcWithLocalClusterSpark - did not produce a TEST-*.xml file (likely timed out) (batchId=415)
TestJdbcWithMiniHS2 - did not produce a TEST-*.xml file (likely timed out) (batchId=412)
TestJdbcWithMiniKdc - did not produce a TEST-*.xml file (likely timed out) (batchId=448)
TestJdbcWithMiniKdcCookie - did not produce a TEST-*.xml file (likely timed out) (batchId=447)
TestJdbcWithMiniKdcSQLAuthBinary - did not produce a TEST-*.xml file (likely timed out) (batchId=445)
TestJdbcWithMiniKdcSQLAuthHttp - did not produce a TEST-*.xml file (likely timed out) (batchId=450)
TestJdbcWithMiniMr - did not produce a TEST-*.xml file (likely timed out) (batchId=411)
TestJdbcWithSQLAuthUDFBlacklist - did not produce a TEST-*.xml file (likely timed out) (batchId=417)
TestJdbcWithSQLAuthorization - did not produce a TEST-*.xml file (likely timed out) (batchId=418)
TestLocationQueries - did not produce a TEST-*.xml file (likely timed out) (batchId=382)
TestMTQueries - did not produce a TEST-*.xml file (likely timed out) (batchId=380)
TestMarkPartition - did not produce a TEST-*.xml file (likely timed out) (batchId=367)
TestMarkPartitionRemote - did not produce a TEST-*.xml file (likely timed out) (batchId=371)
TestMetaStoreAuthorization - did not produce a TEST-*.xml file (likely timed out) (batchId=356)
TestMetaStoreConnectionUrlHook - did not produce a TEST-*.xml file (likely timed out) (batchId=354)
TestMetaStoreEndFunctionListener - did not produce a TEST-*.xml file (likely timed out) (batchId=353)
TestMetaStoreEventListener - did not produce a TEST-*.xml file (likely timed out) (batchId=363)
TestMetaStoreEventListenerOnlyOnCommit - did not produce a TEST-*.xml file (likely timed out) (batchId=366)
TestMetaStoreInitListener - did not produce a TEST-*.xml file (likely timed out) (batchId=369)
TestMetaStoreListenersError - did not produce a TEST-*.xml file (likely timed out) (batchId=365)
TestMetaStoreMetrics - did not produce a TEST-*.xml file (likely timed out) (batchId=346)
TestMetaStoreUtils - did not produce a TEST-*.xml file (likely timed out) (batchId=347)
TestMetastoreAuthorizationProvider - did not produce a TEST-*.xml file (likely timed out) (batchId=387)
TestMetastoreVersion - did not produce a TEST-*.xml file (likely timed out) (batchId=362)
TestMiniHS2 - did not produce a TEST-*.xml file (likely timed out) (batchId=424)
TestMiniSparkOnYarnCliDriver - did not produce a TEST-*.xml file (likely timed out) (batchId=452)
TestMultiAuthorizationPreEventListener - did not produce a TEST-*.xml file (likely timed out) (batchId=388)
TestMultiSessionsHS2WithLocalClusterSpark - did not produce a TEST-*.xml file (likely timed out) (batchId=414)
TestNoSaslAuth - did not produce a TEST-*.xml file (likely timed out) (batchId=413)
TestOperationLoggingAPIWithMr - did not produce a TEST-*.xml file (likely timed out) (batchId=404)
TestOperationLoggingAPIWithTez - did not produce a TEST-*.xml file (likely timed out) (batchId=405)
TestPartitionNameWhitelistValidation - did not produce a TEST-*.xml file (likely timed out) (batchId=351)
TestPasswordWithConfig - did not produce a TEST-*.xml file (likely timed out) (batchId=389)
TestRemoteHiveMetaStore - did not produce a TEST-*.xml file (likely timed out) (batchId=359)
TestRemoteHiveMetaStoreIpAddress - did not produce a TEST-*.xml file (likely timed out) (batchId=348)
TestRemoteUGIHiveMetaStoreIpAddress - did not produce a TEST-*.xml file (likely timed out) (batchId=364)
TestRetryingHMSHandler - did not produce a TEST-*.xml file (likely timed out) (batchId=357)
TestSSL - did not produce a TEST-*.xml file (likely timed out) (batchId=408)
TestSchemaTool - did not produce a TEST-*.xml file (likely timed out) (batchId=397)
TestSemanticAnalyzerHookLoading - did not produce a TEST-*.xml file (likely timed out) (batchId=381)
TestSerdeWithFieldComments - did not produce a TEST-*.xml file (likely timed out) (batchId=344)
TestServerSpecificConfig - did not produce a TEST-*.xml file (likely timed out) (batchId=361)
TestServiceDiscovery - did not produce a TEST-*.xml file (likely timed out) (batchId=409)
TestSetUGIOnBothClientServer - did not produce a TEST-*.xml file (likely timed out) (batchId=352)
TestSetUGIOnOnlyClient - did not produce a TEST-*.xml file (likely timed out) (batchId=349)
TestSetUGIOnOnlyServer - did not produce a TEST-*.xml file (likely timed out) (batchId=372)
TestSparkCliDriver - did not produce a TEST-*.xml file (likely timed out) (batchId=191)
	[bucketmapjoin4.q,bucket_map_join_spark2.q,bucket_map_join_spark4.q,union21.q,timestamp_2.q,date_join1.q,mergejoins.q,smb_mapjoin_11.q,auto_sortmerge_join_3.q,mapjoin_test_outer.q,vectorization_9.q,merge2.q,auto_join_without_localtask.q,bucketmapjoin2.q,multi_join_union.q]
TestSparkCliDriver - did not produce a TEST-*.xml file (likely timed out) (batchId=192)
	[parallel_join1.q,join_cond_pushdown_unqual4.q,union_remove_7.q,join13.q,join_vc.q,groupby_cube1.q,join_reorder4.q,sample3.q,smb_mapjoin_19.q,stats16.q,union23.q,union.q,union31.q,cbo_udf_udaf.q,ptf_decimal.q]
TestSparkCliDriver - did not produce a TEST-*.xml file (likely timed out) (batchId=193)
	[union27.q,mapjoin_subquery2.q,union12.q,groupby7_map_multi_single_reducer.q,varchar_join1.q,join7.q,mapjoin1.q,skewjoinopt2.q,bucketsortoptimize_insert_2.q,smb_mapjoin_17.q,script_env_var1.q,groupby7_map.q,groupby3.q,bucketsortoptimize_insert_8.q,union20.q]
TestSparkCliDriver - did not produce a TEST-*.xml file (likely timed out) (batchId=194)
	[ptf_general_queries.q,auto_join_reordering_values.q,sample2.q,join1.q,decimal_join.q,join32_lessSize.q,order2.q,skewjoinopt18.q,union_remove_18.q,join25.q,union_remove_4.q,smb_mapjoin_25.q,groupby9.q,bucketsortoptimize_insert_6.q,ctas.q]
TestSparkCliDriver - did not produce a TEST-*.xml file (likely timed out) (batchId=195)
	[skewjoinopt15.q,list_bucket_dml_2.q,groupby_map_ppr.q,join_rc.q,union14.q,load_dyn_part3.q,smb_mapjoin_12.q,vector_cast_constant.q,auto_sortmerge_join_15.q,union10.q,auto_join11.q,load_dyn_part7.q,vectorization_12.q,groupby_sort_skew_1_23.q,skewjoinopt12.q]
TestSparkCliDriver - did not produce a TEST-*.xml file (likely timed out) (batchId=196)
	[auto_join18.q,input1_limit.q,auto_join26.q,union_remove_14.q,auto_sortmerge_join_14.q,stats_counter_partitioned.q,union22.q,bucket_map_join_tez2.q,smb_mapjoin_22.q,join_reorder.q,stats15.q,transform_ppr1.q,sample1.q,bucketmapjoin8.q,union34.q]
TestSparkCliDriver - did not produce a TEST-*.xml file (likely timed out) (batchId=197)
	[avro_joins.q,skewjoinopt16.q,bucket3.q,skewjoinopt13.q,auto_join14.q,vectorization_14.q,stats1.q,cbo_stats.q,auto_sortmerge_join_6.q,auto_join15.q,union_remove_24.q,union_view.q,join22.q,join33.q,ptf_matchpath.q]
TestSparkCliDriver - did not produce a TEST-*.xml file (likely timed out) (batchId=198)
	[vector_decimal_aggregate.q,skewjoin_noskew.q,leftsemijoin_mr.q,auto_join23.q,bucketmapjoin9.q,input18.q,cbo_simple_select.q,ptf.q,vectorized_nested_mapjoin.q,sample4.q,union18.q,multi_insert_gby.q,groupby1.q,join_reorder2.q,join_cond_pushdown_unqual2.q]
TestSparkCliDriver - did not produce a TEST-*.xml file (likely timed out) (batchId=199)
	[order.q,ppd_join3.q,join10.q,union_remove_11.q,vectorized_math_funcs.q,union_ppr.q,skewjoinopt6.q,union_remove_19.q,join14.q,join32.q,groupby_multi_single_reducer2.q,stats3.q,parquet_join.q,outer_join_ppr.q,join26.q]
TestSparkCliDriver - did not produce a TEST-*.xml file (likely timed out) (batchId=200)
	[skewjoinopt3.q,skewjoinopt19.q,join_merge_multi_expressions.q,skewjoinopt10.q,union5.q,insert_into1.q,vectorization_4.q,stats_counter.q,vectorization_2.q,vector_left_outer_join.q,decimal_1_1.q,semijoin.q,skewjoinopt9.q,rcfile_bigdata.q,load_dyn_part10.q]
TestSparkCliDriver - did not produce a TEST-*.xml file (likely timed out) (batchId=201)
	[multi_insert_mixed.q,smb_mapjoin_4.q,timestamp_comparison.q,join_cond_pushdown_3.q,insert1.q,union_remove_10.q,mapreduce2.q,bucketmapjoin_negative.q,udf_in_file.q,skewjoinopt5.q,auto_join12.q,skewjoin.q,vector_count_distinct.q,smb_mapjoin_3.q,stats10.q]
TestSparkCliDriver - did not produce a TEST-*.xml file (likely timed out) (batchId=202)
	[bucketsortoptimize_insert_4.q,skewjoinopt8.q,vectorization_10.q,auto_join18_multi_distinct.q,custom_input_output_format.q,insert_into3.q,vectorization_part_project.q,vectorization_6.q,skewjoinopt4.q,count.q,stats9.q,auto_join7.q,parallel.q,union33.q,union_lateralview.q]
TestSparkCliDriver - did not produce a TEST-*.xml file (likely timed out) (batchId=203)
	[skewjoin_union_remove_2.q,avro_decimal_native.q,timestamp_null.q,bucketmapjoin_negative3.q,union32.q,groupby_ppr.q,vector_varchar_4.q,stats6.q,stats_only_null.q,join18_multi_distinct.q,cross_join.q,sample8.q,timestamp_1.q,join24.q,join_star.q]
TestSparkCliDriver - did not produce a TEST-*.xml file (likely timed out) (batchId=204)
	[auto_join30.q,union_remove_1.q,ppd_outer_join2.q,date_udf.q,join16.q,smb_mapjoin_13.q,bucketmapjoin7.q,smb_mapjoin_18.q,join19.q,metadata_only_queries.q,union6.q,cbo_subq_in.q,vectorization_part.q,groupby3_map_multi_distinct.q,vectorized_timestamp_funcs.q]
TestSparkCliDriver - did not produce a TEST-*.xml file (likely timed out) (batchId=205)
	[bucketmapjoin12.q,auto_join10.q,ptf_rcfile.q,join20.q,vector_elt.q,multi_insert.q,groupby_rollup1.q,ppd_join5.q,join_filters_overlap.q,vector_string_concat.q,join_empty.q,smb_mapjoin_6.q,auto_sortmerge_join_12.q,groupby_bigdata.q,innerjoin.q]
TestSparkCliDriver - did not produce a TEST-*.xml file (likely timed out) (batchId=206)
	[tez_joins_explain.q,input17.q,ppd_gby_join.q,vectorized_rcfile_columnar.q,ppd_join.q,join_cond_pushdown_1.q,union_remove_6_subq.q,timestamp_3.q,load_dyn_part6.q,load_dyn_part9.q,multi_insert_gby2.q,vectorization_11.q,avro_compression_enabled_native.q,stats_noscan_2.q,transform1.q]
TestSparkCliDriver - did not produce a TEST-*.xml file (likely timed out) (batchId=207)
	[smb_mapjoin_21.q,load_dyn_part15.q,transform2.q,subquery_exists.q,cbo_semijoin.q,bucketmapjoin13.q,join27.q,alter_merge_stats_orc.q,union_remove_2.q,groupby_position.q,join12.q,smb_mapjoin_8.q,join21.q,auto_join16.q,union9.q]
TestSparkCliDriver - did not produce a TEST-*.xml file (likely timed out) (batchId=208)
	[vectorization_16.q,enforce_order.q,join_casesensitive.q,ppd_join2.q,ppd_outer_join5.q,mapjoin_memcheck.q,create_merge_compressed.q,louter_join_ppr.q,sample9.q,smb_mapjoin_16.q,vectorization_not.q,having.q,ppd_outer_join1.q,vector_orderby_5.q,union_remove_12.q]
TestSparkCliDriver - did not produce a TEST-*.xml file (likely timed out) (batchId=209)
	[bucketmapjoin3.q,load_dyn_part5.q,transform_ppr2.q,join23.q,groupby7_map_skew.q,cbo_gby.q,auto_join31.q,auto_sortmerge_join_1.q,join_cond_pushdown_unqual1.q,bucket_map_join_spark3.q,union28.q,escape_sortby1.q,leftsemijoin.q,union_remove_6.q,join29.q]
TestSparkCliDriver - did not produce a TEST-*.xml file (likely timed out) (batchId=210)
	[escape_distributeby1.q,join9.q,groupby2.q,vectorization_pushdown.q,union_date.q,join_cond_pushdown_unqual3.q,join8.q,sample10.q,ppd_outer_join3.q,cross_product_check_1.q,statsfs.q,auto_sortmerge_join_2.q,auto_join_stats.q,input_part2.q,groupby_multi_single_reducer3.q]
TestSparkCliDriver - did not produce a TEST-*.xml file (likely timed out) (batchId=211)
	[groupby_map_ppr_multi_distinct.q,vectorization_13.q,mapjoin_mapjoin.q,union2.q,join41.q,groupby8_map.q,cbo_gby_empty.q,vectorization_short_regress.q,identity_project_remove_skip.q,stats5.q,groupby8_map_skew.q,mapjoin_subquery.q,bucket2.q,smb_mapjoin_1.q,union_remove_8.q]
TestSparkCliDriver - did not produce a TEST-*.xml file (likely timed out) (batchId=212)
	[join39.q,bucketsortoptimize_insert_7.q,vector_distinct_2.q,bucketmapjoin10.q,join11.q,cbo_subq_not_in.q,auto_sortmerge_join_16.q,windowing.q,join40.q,skewjoinopt7.q,stats7.q,annotate_stats_join.q,multi_insert_lateral_view.q,ptf_streaming.q,join_1to1.q]
TestSparkCliDriver - did not produce a TEST-*.xml file (likely timed out) (batchId=213)
	[timestamp_lazy.q,union29.q,runtime_skewjoin_mapjoin_spark.q,auto_join22.q,union8.q,union13.q,dynamic_rdd_cache.q,auto_join29.q,merge1.q,mapjoin_distinct.q,union_remove_3.q,vector_decimal_mapjoin.q,sample5.q,multi_insert_move_tasks_share_dependencies.q,join_array.q]
TestSparkCliDriver - did not produce a TEST-*.xml file (likely timed out) (batchId=214)
	[ppd_join4.q,load_dyn_part2.q,smb_mapjoin_7.q,vectorization_5.q,smb_mapjoin_2.q,ppd_join_filter.q,column_access_stats.q,stats0.q,vector_between_in.q,vectorized_string_funcs.q,vectorization_1.q,bucket_map_join_2.q,temp_table_join1.q,vectorized_case.q,stats_noscan_1.q]
TestSparkCliDriver - did not produce a TEST-*.xml file (likely timed out) (batchId=215)
	[stats2.q,groupby3_map_skew.q,join_cond_pushdown_2.q,union19.q,union24.q,union_remove_5.q,groupby7_noskew_multi_single_reducer.q,groupby_multi_single_reducer.q,index_auto_self_join.q,auto_smb_mapjoin_14.q,script_env_var2.q,pcr.q,auto_join_filters.q,join0.q,join37.q]
TestSparkCliDriver - did not produce a TEST-*.xml file (likely timed out) (batchId=216)
	[stats12.q,groupby4.q,union_top_level.q,groupby10.q,subquery_in.q,mapjoin_filter_on_outerjoin.q,stats14.q,auto_sortmerge_join_4.q,limit_partition_metadataonly.q,load_dyn_part4.q,union3.q,smb_mapjoin_14.q,groupby3_noskew_multi_distinct.q,stats18.q,union_remove_21.q]
TestSparkCliDriver - did not produce a TEST-*.xml file (likely timed out) (batchId=217)
	[auto_sortmerge_join_13.q,join4.q,join35.q,join_reorder3.q,auto_join19.q,sample7.q,vectorization_15.q,union7.q,vectorization_nested_udf.q,load_dyn_part8.q,vector_groupby_3.q,vectorized_ptf.q,auto_join2.q,alter_merge_orc.q,bucket_map_join_1.q]
TestSparkCliDriver - did not produce a TEST-*.xml file (likely timed out) (batchId=218)
	[groupby_complex_types.q,groupby3_map.q,union11.q,union26.q,mapreduce1.q,mapjoin_addjar.q,bucketmapjoin_negative2.q,bucket_map_join_spark1.q,udf_example_add.q,vectorization_div0.q,union_remove_17.q,auto_join_nulls.q,ppd_outer_join4.q,sample6.q,auto_sortmerge_join_9.q]
TestSparkCliDriver - did not produce a TEST-*.xml file (likely timed out) (batchId=219)
	[multigroupby_singlemr.q,auto_join4.q,mapjoin_decimal.q,groupby7.q,join34.q,join5.q,sort.q,join17.q,union_script.q,add_part_multiple.q,limit_pushdown.q,uniquejoin.q,metadata_only_queries_with_filters.q,union25.q,load_dyn_part13.q]
TestSparkCliDriver - did not produce a TEST-*.xml file (likely timed out) (batchId=220)
	[table_access_keys_stats.q,bucketmapjoin11.q,union_remove_9.q,mergejoins_mixed.q,join_nullsafe.q,stats8.q,auto_join28.q,skewjoinopt14.q,union17.q,vectorized_shufflejoin.q,groupby8_noskew.q,auto_sortmerge_join_10.q,groupby11.q,skewjoinopt11.q,load_dyn_part11.q]
TestSparkCliDriver - did not produce a TEST-*.xml file (likely timed out) (batchId=221)
	[script_pipe.q,auto_join24.q,ptf_seqfile.q,union_remove_23.q,filter_join_breaktask.q,parallel_join0.q,join_thrift.q,vectorized_mapjoin.q,groupby8.q,union4.q,auto_join5.q,smb_mapjoin_20.q,groupby_multi_insert_common_distinct.q,join6.q,union_remove_16.q]
TestSparkCliDriver - did not produce a TEST-*.xml file (likely timed out) (batchId=222)
	[ppd_transform.q,smb_mapjoin_15.q,auto_join9.q,vector_data_types.q,input13.q,bucket4.q,ppd_multi_insert.q,skewjoinopt20.q,input12.q,multi_insert_gby3.q,join_map_ppr.q,auto_sortmerge_join_8.q,escape_clusterby1.q,reduce_deduplicate_exclude_join.q,filter_join_breaktask2.q]
TestSparkCliDriver - did not produce a TEST-*.xml file (likely timed out) (batchId=223)
	[auto_join1.q,input14.q,union30.q,stats20.q,union_remove_22.q,vectorization_3.q,cbo_union.q,union_date_trim.q,disable_merge_for_bucketing.q,join3.q,skewjoinopt1.q,join_alt_syntax.q,join30.q,groupby_sort_1_23.q,timestamp_udf.q]
TestSparkCliDriver - did not produce a TEST-*.xml file (likely timed out) (batchId=224)
	[stats13.q,router_join_ppr.q,join15.q,auto_join13.q,join_hive_626.q,vector_mapjoin_reduce.q,auto_join21.q,ptf_register_tblfn.q,join_view.q,join_merging.q,groupby3_noskew.q,optimize_nullscan.q,join38.q,auto_join3.q,vectorization_decimal_date.q]
TestSparkCliDriver - did not produce a TEST-*.xml file (likely timed out) (batchId=225)
	[load_dyn_part12.q,scriptfile1.q,groupby7_noskew.q,bucketmapjoin1.q,auto_join17.q,subquery_multiinsert.q,lateral_view_explode2.q,tez_join_tests.q,join28.q,join_cond_pushdown_4.q,vectorization_0.q,load_dyn_part1.q,skewjoinopt17.q,union_null.q,bucketmapjoin5.q]
TestSparkCliDriver - did not produce a TEST-*.xml file (likely timed out) (batchId=226)
	[join36.q,union_remove_15.q,smb_mapjoin_10.q,bucket_map_join_tez1.q,temp_table.q,union_remove_13.q,auto_join8.q,auto_join6.q,auto_join0.q,vectorization_17.q,auto_join_stats2.q,skewjoin_union_remove_1.q,union16.q,auto_join32.q,union_remove_20.q]
TestSparkCliDriver - did not produce a TEST-*.xml file (likely timed out) (batchId=227)
	[join2.q,avro_joins_native.q,join18.q,auto_join20.q,smb_mapjoin_5.q,vector_char_4.q,auto_sortmerge_join_5.q,cross_product_check_2.q,union_remove_25.q,insert_into2.q,escape_orderby1.q,cbo_limit.q,stats_partscan_1_23.q,groupby_complex_types_multi_single_reducer.q,join_literals.q]
TestSparkCliDriver - did not produce a TEST-*.xml file (likely timed out) (batchId=228)
	[union15.q,auto_sortmerge_join_7.q,join31.q,auto_join27.q,load_dyn_part14.q]
TestSparkNegativeCliDriver - did not produce a TEST-*.xml file (likely timed out) (batchId=453)
TestStorageBasedClientSideAuthorizationProvider - did not produce a TEST-*.xml file (likely timed out) (batchId=395)
TestStorageBasedMetastoreAuthorizationDrops - did not produce a TEST-*.xml file (likely timed out) (batchId=386)
TestStorageBasedMetastoreAuthorizationProvider - did not produce a TEST-*.xml file (likely timed out) (batchId=384)
TestStorageBasedMetastoreAuthorizationReads - did not produce a TEST-*.xml file (likely timed out) (batchId=392)
TestThriftBinaryCLIService - did not produce a TEST-*.xml file (likely timed out) (batchId=400)
TestThriftHttpCLIService - did not produce a TEST-*.xml file (likely timed out) (batchId=401)
TestZooKeeperTokenStore - did not produce a TEST-*.xml file (likely timed out) (batchId=343)
org.apache.hadoop.hive.cli.TestCliDriver.testCliDriver_acid_globallimit (batchId=45)
org.apache.hadoop.hive.cli.TestCliDriver.testCliDriver_acid_mapjoin (batchId=16)
org.apache.hadoop.hive.cli.TestCliDriver.testCliDriver_annotate_stats_table (batchId=32)
org.apache.hadoop.hive.cli.TestCliDriver.testCliDriver_drop_database_removes_partition_dirs (batchId=98)
org.apache.hadoop.hive.cli.TestCliDriver.testCliDriver_drop_table_removes_partition_dirs (batchId=132)
org.apache.hadoop.hive.cli.TestCliDriver.testCliDriver_dynpart_sort_optimization (batchId=81)
org.apache.hadoop.hive.cli.TestCliDriver.testCliDriver_dynpart_sort_optimization_acid (batchId=69)
org.apache.hadoop.hive.cli.TestCliDriver.testCliDriver_groupby10 (batchId=95)
org.apache.hadoop.hive.cli.TestCliDriver.testCliDriver_groupby11 (batchId=111)
org.apache.hadoop.hive.cli.TestCliDriver.testCliDriver_groupby8 (batchId=114)
org.apache.hadoop.hive.cli.TestCliDriver.testCliDriver_ivyDownload (batchId=38)
org.apache.hadoop.hive.cli.TestCliDriver.testCliDriver_semijoin5 (batchId=23)
org.apache.hadoop.hive.cli.TestCliDriver.testCliDriver_temp_table_gb1 (batchId=50)
org.apache.hadoop.hive.cli.TestCliDriver.testCliDriver_union_fast_stats (batchId=78)
org.apache.hadoop.hive.cli.TestCliDriver.testCliDriver_vector_string_decimal (batchId=4)
org.apache.hadoop.hive.cli.TestCliDriver.testCliDriver_windowing (batchId=82)
org.apache.hadoop.hive.cli.TestEncryptedHDFSCliDriver.testCliDriver_encryption_drop_partition (batchId=437)
org.apache.hadoop.hive.cli.TestMiniTezCliDriver.testCliDriver_dynamic_partition_pruning (batchId=175)
org.apache.hadoop.hive.cli.TestMiniTezCliDriver.testCliDriver_groupby2 (batchId=180)
org.apache.hadoop.hive.cli.TestMiniTezCliDriver.testCliDriver_stats_only_null (batchId=174)
org.apache.hadoop.hive.cli.TestMiniTezCliDriver.testCliDriver_tez_smb_empty (batchId=176)
org.apache.hadoop.hive.cli.TestMiniTezCliDriver.testCliDriver_union_fast_stats (batchId=181)
org.apache.hadoop.hive.cli.TestMiniTezCliDriver.testCliDriver_vectorized_dynamic_partition_pruning (batchId=175)
org.apache.hadoop.hive.cli.TestMinimrCliDriver.testCliDriver_groupby2 (batchId=143)
org.apache.hadoop.hive.cli.TestMinimrCliDriver.testCliDriver_index_bitmap_auto (batchId=138)
org.apache.hadoop.hive.cli.TestMinimrCliDriver.testCliDriver_ql_rewrite_gbtoidx_cbo_2 (batchId=147)
org.apache.hadoop.hive.cli.TestNegativeCliDriver.testNegativeCliDriver_authorization_uri_import (batchId=153)
org.apache.hadoop.hive.cli.TestNegativeCliDriver.testNegativeCliDriver_right_side_join (batchId=153)
org.apache.hadoop.hive.ql.io.orc.TestInputOutputFormat.testSplitGenFailure (batchId=589)
org.apache.hive.hcatalog.api.TestHCatClient.testTableSchemaPropagation (batchId=269)
org.apache.hive.minikdc.TestHiveAuthFactory.testStartTokenManagerForDBTokenStore (batchId=449)
org.apache.hive.minikdc.TestHiveAuthFactory.testStartTokenManagerForMemoryTokenStore (batchId=449)
org.apache.hive.minikdc.TestMiniHiveKdc.testLogin (batchId=446)
{noformat}

Test results: https://builds.apache.org/job/PreCommit-HIVE-Build/4385/testReport
Console output: https://builds.apache.org/job/PreCommit-HIVE-Build/4385/console
Test logs: http://104.198.109.242/logs/PreCommit-HIVE-Build-4385/

Messages:
{noformat}
Executing org.apache.hive.ptest.execution.TestCheckPhase
Executing org.apache.hive.ptest.execution.PrepPhase
Executing org.apache.hive.ptest.execution.ExecutionPhase
Executing org.apache.hive.ptest.execution.ReportingPhase
Tests exited with: TestsFailedException: 161 tests failed
{noformat}

This message is automatically generated.

ATTACHMENT ID: 12860547 - PreCommit-HIVE-Build



Here are the results of testing the latest attachment:
https://issues.apache.org/jira/secure/attachment/12860547/HIVE-15691.1-branch-1.patch

{color:green}SUCCESS:{color} +1 due to 1 test(s) being added or modified.

{color:red}ERROR:{color} -1 due to 161 failed/errored test(s), 8085 tests executed
*Failed tests:*
{noformat}
TestAcidOnTez - did not produce a TEST-*.xml file (likely timed out) (batchId=376)
TestAdminUser - did not produce a TEST-*.xml file (likely timed out) (batchId=358)
TestAuthorizationPreEventListener - did not produce a TEST-*.xml file (likely timed out) (batchId=391)
TestAuthzApiEmbedAuthorizerInEmbed - did not produce a TEST-*.xml file (likely timed out) (batchId=368)
TestAuthzApiEmbedAuthorizerInRemote - did not produce a TEST-*.xml file (likely timed out) (batchId=374)
TestBeeLineWithArgs - did not produce a TEST-*.xml file (likely timed out) (batchId=398)
TestCLIAuthzSessionContext - did not produce a TEST-*.xml file (likely timed out) (batchId=416)
TestClearDanglingScratchDir - did not produce a TEST-*.xml file (likely timed out) (batchId=383)
TestClientSideAuthorizationProvider - did not produce a TEST-*.xml file (likely timed out) (batchId=390)
TestCompactor - did not produce a TEST-*.xml file (likely timed out) (batchId=379)
TestCreateUdfEntities - did not produce a TEST-*.xml file (likely timed out) (batchId=378)
TestCustomAuthentication - did not produce a TEST-*.xml file (likely timed out) (batchId=399)
TestDBTokenStore - did not produce a TEST-*.xml file (likely timed out) (batchId=342)
TestDDLWithRemoteMetastoreSecondNamenode - did not produce a TEST-*.xml file (likely timed out) (batchId=377)
TestDynamicSerDe - did not produce a TEST-*.xml file (likely timed out) (batchId=345)
TestEmbeddedHiveMetaStore - did not produce a TEST-*.xml file (likely timed out) (batchId=355)
TestEmbeddedThriftBinaryCLIService - did not produce a TEST-*.xml file (likely timed out) (batchId=402)
TestFilterHooks - did not produce a TEST-*.xml file (likely timed out) (batchId=350)
TestFolderPermissions - did not produce a TEST-*.xml file (likely timed out) (batchId=385)
TestHS2AuthzContext - did not produce a TEST-*.xml file (likely timed out) (batchId=419)
TestHS2AuthzSessionContext - did not produce a TEST-*.xml file (likely timed out) (batchId=420)
TestHS2ClearDanglingScratchDir - did not produce a TEST-*.xml file (likely timed out) (batchId=406)
TestHS2ImpersonationWithRemoteMS - did not produce a TEST-*.xml file (likely timed out) (batchId=407)
TestHiveAuthorizerCheckInvocation - did not produce a TEST-*.xml file (likely timed out) (batchId=394)
TestHiveAuthorizerShowFilters - did not produce a TEST-*.xml file (likely timed out) (batchId=393)
TestHiveHistory - did not produce a TEST-*.xml file (likely timed out) (batchId=396)
TestHiveMetaStoreTxns - did not produce a TEST-*.xml file (likely timed out) (batchId=370)
TestHiveMetaStoreWithEnvironmentContext - did not produce a TEST-*.xml file (likely timed out) (batchId=360)
TestHiveMetaTool - did not produce a TEST-*.xml file (likely timed out) (batchId=373)
TestHiveServer2 - did not produce a TEST-*.xml file (likely timed out) (batchId=422)
TestHiveServer2SessionTimeout - did not produce a TEST-*.xml file (likely timed out) (batchId=423)
TestHiveSessionImpl - did not produce a TEST-*.xml file (likely timed out) (batchId=403)
TestHs2Hooks - did not produce a TEST-*.xml file (likely timed out) (batchId=375)
TestHs2HooksWithMiniKdc - did not produce a TEST-*.xml file (likely timed out) (batchId=451)
TestJdbcDriver2 - did not produce a TEST-*.xml file (likely timed out) (batchId=410)
TestJdbcMetadataApiAuth - did not produce a TEST-*.xml file (likely timed out) (batchId=421)
TestJdbcWithLocalClusterSpark - did not produce a TEST-*.xml file (likely timed out) (batchId=415)
TestJdbcWithMiniHS2 - did not produce a TEST-*.xml file (likely timed out) (batchId=412)
TestJdbcWithMiniKdc - did not produce a TEST-*.xml file (likely timed out) (batchId=448)
TestJdbcWithMiniKdcCookie - did not produce a TEST-*.xml file (likely timed out) (batchId=447)
TestJdbcWithMiniKdcSQLAuthBinary - did not produce a TEST-*.xml file (likely timed out) (batchId=445)
TestJdbcWithMiniKdcSQLAuthHttp - did not produce a TEST-*.xml file (likely timed out) (batchId=450)
TestJdbcWithMiniMr - did not produce a TEST-*.xml file (likely timed out) (batchId=411)
TestJdbcWithSQLAuthUDFBlacklist - did not produce a TEST-*.xml file (likely timed out) (batchId=417)
TestJdbcWithSQLAuthorization - did not produce a TEST-*.xml file (likely timed out) (batchId=418)
TestLocationQueries - did not produce a TEST-*.xml file (likely timed out) (batchId=382)
TestMTQueries - did not produce a TEST-*.xml file (likely timed out) (batchId=380)
TestMarkPartition - did not produce a TEST-*.xml file (likely timed out) (batchId=367)
TestMarkPartitionRemote - did not produce a TEST-*.xml file (likely timed out) (batchId=371)
TestMetaStoreAuthorization - did not produce a TEST-*.xml file (likely timed out) (batchId=356)
TestMetaStoreConnectionUrlHook - did not produce a TEST-*.xml file (likely timed out) (batchId=354)
TestMetaStoreEndFunctionListener - did not produce a TEST-*.xml file (likely timed out) (batchId=353)
TestMetaStoreEventListener - did not produce a TEST-*.xml file (likely timed out) (batchId=363)
TestMetaStoreEventListenerOnlyOnCommit - did not produce a TEST-*.xml file (likely timed out) (batchId=366)
TestMetaStoreInitListener - did not produce a TEST-*.xml file (likely timed out) (batchId=369)
TestMetaStoreListenersError - did not produce a TEST-*.xml file (likely timed out) (batchId=365)
TestMetaStoreMetrics - did not produce a TEST-*.xml file (likely timed out) (batchId=346)
TestMetaStoreUtils - did not produce a TEST-*.xml file (likely timed out) (batchId=347)
TestMetastoreAuthorizationProvider - did not produce a TEST-*.xml file (likely timed out) (batchId=387)
TestMetastoreVersion - did not produce a TEST-*.xml file (likely timed out) (batchId=362)
TestMiniHS2 - did not produce a TEST-*.xml file (likely timed out) (batchId=424)
TestMiniSparkOnYarnCliDriver - did not produce a TEST-*.xml file (likely timed out) (batchId=452)
TestMultiAuthorizationPreEventListener - did not produce a TEST-*.xml file (likely timed out) (batchId=388)
TestMultiSessionsHS2WithLocalClusterSpark - did not produce a TEST-*.xml file (likely timed out) (batchId=414)
TestNoSaslAuth - did not produce a TEST-*.xml file (likely timed out) (batchId=413)
TestOperationLoggingAPIWithMr - did not produce a TEST-*.xml file (likely timed out) (batchId=404)
TestOperationLoggingAPIWithTez - did not produce a TEST-*.xml file (likely timed out) (batchId=405)
TestPartitionNameWhitelistValidation - did not produce a TEST-*.xml file (likely timed out) (batchId=351)
TestPasswordWithConfig - did not produce a TEST-*.xml file (likely timed out) (batchId=389)
TestRemoteHiveMetaStore - did not produce a TEST-*.xml file (likely timed out) (batchId=359)
TestRemoteHiveMetaStoreIpAddress - did not produce a TEST-*.xml file (likely timed out) (batchId=348)
TestRemoteUGIHiveMetaStoreIpAddress - did not produce a TEST-*.xml file (likely timed out) (batchId=364)
TestRetryingHMSHandler - did not produce a TEST-*.xml file (likely timed out) (batchId=357)
TestSSL - did not produce a TEST-*.xml file (likely timed out) (batchId=408)
TestSchemaTool - did not produce a TEST-*.xml file (likely timed out) (batchId=397)
TestSemanticAnalyzerHookLoading - did not produce a TEST-*.xml file (likely timed out) (batchId=381)
TestSerdeWithFieldComments - did not produce a TEST-*.xml file (likely timed out) (batchId=344)
TestServerSpecificConfig - did not produce a TEST-*.xml file (likely timed out) (batchId=361)
TestServiceDiscovery - did not produce a TEST-*.xml file (likely timed out) (batchId=409)
TestSetUGIOnBothClientServer - did not produce a TEST-*.xml file (likely timed out) (batchId=352)
TestSetUGIOnOnlyClient - did not produce a TEST-*.xml file (likely timed out) (batchId=349)
TestSetUGIOnOnlyServer - did not produce a TEST-*.xml file (likely timed out) (batchId=372)
TestSparkCliDriver - did not produce a TEST-*.xml file (likely timed out) (batchId=191)
	[bucketmapjoin4.q,bucket_map_join_spark2.q,bucket_map_join_spark4.q,union21.q,timestamp_2.q,date_join1.q,mergejoins.q,smb_mapjoin_11.q,auto_sortmerge_join_3.q,mapjoin_test_outer.q,vectorization_9.q,merge2.q,auto_join_without_localtask.q,bucketmapjoin2.q,multi_join_union.q]
TestSparkCliDriver - did not produce a TEST-*.xml file (likely timed out) (batchId=192)
	[parallel_join1.q,join_cond_pushdown_unqual4.q,union_remove_7.q,join13.q,join_vc.q,groupby_cube1.q,join_reorder4.q,sample3.q,smb_mapjoin_19.q,stats16.q,union23.q,union.q,union31.q,cbo_udf_udaf.q,ptf_decimal.q]
TestSparkCliDriver - did not produce a TEST-*.xml file (likely timed out) (batchId=193)
	[union27.q,mapjoin_subquery2.q,union12.q,groupby7_map_multi_single_reducer.q,varchar_join1.q,join7.q,mapjoin1.q,skewjoinopt2.q,bucketsortoptimize_insert_2.q,smb_mapjoin_17.q,script_env_var1.q,groupby7_map.q,groupby3.q,bucketsortoptimize_insert_8.q,union20.q]
TestSparkCliDriver - did not produce a TEST-*.xml file (likely timed out) (batchId=194)
	[ptf_general_queries.q,auto_join_reordering_values.q,sample2.q,join1.q,decimal_join.q,join32_lessSize.q,order2.q,skewjoinopt18.q,union_remove_18.q,join25.q,union_remove_4.q,smb_mapjoin_25.q,groupby9.q,bucketsortoptimize_insert_6.q,ctas.q]
TestSparkCliDriver - did not produce a TEST-*.xml file (likely timed out) (batchId=195)
	[skewjoinopt15.q,list_bucket_dml_2.q,groupby_map_ppr.q,join_rc.q,union14.q,load_dyn_part3.q,smb_mapjoin_12.q,vector_cast_constant.q,auto_sortmerge_join_15.q,union10.q,auto_join11.q,load_dyn_part7.q,vectorization_12.q,groupby_sort_skew_1_23.q,skewjoinopt12.q]
TestSparkCliDriver - did not produce a TEST-*.xml file (likely timed out) (batchId=196)
	[auto_join18.q,input1_limit.q,auto_join26.q,union_remove_14.q,auto_sortmerge_join_14.q,stats_counter_partitioned.q,union22.q,bucket_map_join_tez2.q,smb_mapjoin_22.q,join_reorder.q,stats15.q,transform_ppr1.q,sample1.q,bucketmapjoin8.q,union34.q]
TestSparkCliDriver - did not produce a TEST-*.xml file (likely timed out) (batchId=197)
	[avro_joins.q,skewjoinopt16.q,bucket3.q,skewjoinopt13.q,auto_join14.q,vectorization_14.q,stats1.q,cbo_stats.q,auto_sortmerge_join_6.q,auto_join15.q,union_remove_24.q,union_view.q,join22.q,join33.q,ptf_matchpath.q]
TestSparkCliDriver - did not produce a TEST-*.xml file (likely timed out) (batchId=198)
	[vector_decimal_aggregate.q,skewjoin_noskew.q,leftsemijoin_mr.q,auto_join23.q,bucketmapjoin9.q,input18.q,cbo_simple_select.q,ptf.q,vectorized_nested_mapjoin.q,sample4.q,union18.q,multi_insert_gby.q,groupby1.q,join_reorder2.q,join_cond_pushdown_unqual2.q]
TestSparkCliDriver - did not produce a TEST-*.xml file (likely timed out) (batchId=199)
	[order.q,ppd_join3.q,join10.q,union_remove_11.q,vectorized_math_funcs.q,union_ppr.q,skewjoinopt6.q,union_remove_19.q,join14.q,join32.q,groupby_multi_single_reducer2.q,stats3.q,parquet_join.q,outer_join_ppr.q,join26.q]
TestSparkCliDriver - did not produce a TEST-*.xml file (likely timed out) (batchId=200)
	[skewjoinopt3.q,skewjoinopt19.q,join_merge_multi_expressions.q,skewjoinopt10.q,union5.q,insert_into1.q,vectorization_4.q,stats_counter.q,vectorization_2.q,vector_left_outer_join.q,decimal_1_1.q,semijoin.q,skewjoinopt9.q,rcfile_bigdata.q,load_dyn_part10.q]
TestSparkCliDriver - did not produce a TEST-*.xml file (likely timed out) (batchId=201)
	[multi_insert_mixed.q,smb_mapjoin_4.q,timestamp_comparison.q,join_cond_pushdown_3.q,insert1.q,union_remove_10.q,mapreduce2.q,bucketmapjoin_negative.q,udf_in_file.q,skewjoinopt5.q,auto_join12.q,skewjoin.q,vector_count_distinct.q,smb_mapjoin_3.q,stats10.q]
TestSparkCliDriver - did not produce a TEST-*.xml file (likely timed out) (batchId=202)
	[bucketsortoptimize_insert_4.q,skewjoinopt8.q,vectorization_10.q,auto_join18_multi_distinct.q,custom_input_output_format.q,insert_into3.q,vectorization_part_project.q,vectorization_6.q,skewjoinopt4.q,count.q,stats9.q,auto_join7.q,parallel.q,union33.q,union_lateralview.q]
TestSparkCliDriver - did not produce a TEST-*.xml file (likely timed out) (batchId=203)
	[skewjoin_union_remove_2.q,avro_decimal_native.q,timestamp_null.q,bucketmapjoin_negative3.q,union32.q,groupby_ppr.q,vector_varchar_4.q,stats6.q,stats_only_null.q,join18_multi_distinct.q,cross_join.q,sample8.q,timestamp_1.q,join24.q,join_star.q]
TestSparkCliDriver - did not produce a TEST-*.xml file (likely timed out) (batchId=204)
	[auto_join30.q,union_remove_1.q,ppd_outer_join2.q,date_udf.q,join16.q,smb_mapjoin_13.q,bucketmapjoin7.q,smb_mapjoin_18.q,join19.q,metadata_only_queries.q,union6.q,cbo_subq_in.q,vectorization_part.q,groupby3_map_multi_distinct.q,vectorized_timestamp_funcs.q]
TestSparkCliDriver - did not produce a TEST-*.xml file (likely timed out) (batchId=205)
	[bucketmapjoin12.q,auto_join10.q,ptf_rcfile.q,join20.q,vector_elt.q,multi_insert.q,groupby_rollup1.q,ppd_join5.q,join_filters_overlap.q,vector_string_concat.q,join_empty.q,smb_mapjoin_6.q,auto_sortmerge_join_12.q,groupby_bigdata.q,innerjoin.q]
TestSparkCliDriver - did not produce a TEST-*.xml file (likely timed out) (batchId=206)
	[tez_joins_explain.q,input17.q,ppd_gby_join.q,vectorized_rcfile_columnar.q,ppd_join.q,join_cond_pushdown_1.q,union_remove_6_subq.q,timestamp_3.q,load_dyn_part6.q,load_dyn_part9.q,multi_insert_gby2.q,vectorization_11.q,avro_compression_enabled_native.q,stats_noscan_2.q,transform1.q]
TestSparkCliDriver - did not produce a TEST-*.xml file (likely timed out) (batchId=207)
	[smb_mapjoin_21.q,load_dyn_part15.q,transform2.q,subquery_exists.q,cbo_semijoin.q,bucketmapjoin13.q,join27.q,alter_merge_stats_orc.q,union_remove_2.q,groupby_position.q,join12.q,smb_mapjoin_8.q,join21.q,auto_join16.q,union9.q]
TestSparkCliDriver - did not produce a TEST-*.xml file (likely timed out) (batchId=208)
	[vectorization_16.q,enforce_order.q,join_casesensitive.q,ppd_join2.q,ppd_outer_join5.q,mapjoin_memcheck.q,create_merge_compressed.q,louter_join_ppr.q,sample9.q,smb_mapjoin_16.q,vectorization_not.q,having.q,ppd_outer_join1.q,vector_orderby_5.q,union_remove_12.q]
TestSparkCliDriver - did not produce a TEST-*.xml file (likely timed out) (batchId=209)
	[bucketmapjoin3.q,load_dyn_part5.q,transform_ppr2.q,join23.q,groupby7_map_skew.q,cbo_gby.q,auto_join31.q,auto_sortmerge_join_1.q,join_cond_pushdown_unqual1.q,bucket_map_join_spark3.q,union28.q,escape_sortby1.q,leftsemijoin.q,union_remove_6.q,join29.q]
TestSparkCliDriver - did not produce a TEST-*.xml file (likely timed out) (batchId=210)
	[escape_distributeby1.q,join9.q,groupby2.q,vectorization_pushdown.q,union_date.q,join_cond_pushdown_unqual3.q,join8.q,sample10.q,ppd_outer_join3.q,cross_product_check_1.q,statsfs.q,auto_sortmerge_join_2.q,auto_join_stats.q,input_part2.q,groupby_multi_single_reducer3.q]
TestSparkCliDriver - did not produce a TEST-*.xml file (likely timed out) (batchId=211)
	[groupby_map_ppr_multi_distinct.q,vectorization_13.q,mapjoin_mapjoin.q,union2.q,join41.q,groupby8_map.q,cbo_gby_empty.q,vectorization_short_regress.q,identity_project_remove_skip.q,stats5.q,groupby8_map_skew.q,mapjoin_subquery.q,bucket2.q,smb_mapjoin_1.q,union_remove_8.q]
TestSparkCliDriver - did not produce a TEST-*.xml file (likely timed out) (batchId=212)
	[join39.q,bucketsortoptimize_insert_7.q,vector_distinct_2.q,bucketmapjoin10.q,join11.q,cbo_subq_not_in.q,auto_sortmerge_join_16.q,windowing.q,join40.q,skewjoinopt7.q,stats7.q,annotate_stats_join.q,multi_insert_lateral_view.q,ptf_streaming.q,join_1to1.q]
TestSparkCliDriver - did not produce a TEST-*.xml file (likely timed out) (batchId=213)
	[timestamp_lazy.q,union29.q,runtime_skewjoin_mapjoin_spark.q,auto_join22.q,union8.q,union13.q,dynamic_rdd_cache.q,auto_join29.q,merge1.q,mapjoin_distinct.q,union_remove_3.q,vector_decimal_mapjoin.q,sample5.q,multi_insert_move_tasks_share_dependencies.q,join_array.q]
TestSparkCliDriver - did not produce a TEST-*.xml file (likely timed out) (batchId=214)
	[ppd_join4.q,load_dyn_part2.q,smb_mapjoin_7.q,vectorization_5.q,smb_mapjoin_2.q,ppd_join_filter.q,column_access_stats.q,stats0.q,vector_between_in.q,vectorized_string_funcs.q,vectorization_1.q,bucket_map_join_2.q,temp_table_join1.q,vectorized_case.q,stats_noscan_1.q]
TestSparkCliDriver - did not produce a TEST-*.xml file (likely timed out) (batchId=215)
	[stats2.q,groupby3_map_skew.q,join_cond_pushdown_2.q,union19.q,union24.q,union_remove_5.q,groupby7_noskew_multi_single_reducer.q,groupby_multi_single_reducer.q,index_auto_self_join.q,auto_smb_mapjoin_14.q,script_env_var2.q,pcr.q,auto_join_filters.q,join0.q,join37.q]
TestSparkCliDriver - did not produce a TEST-*.xml file (likely timed out) (batchId=216)
	[stats12.q,groupby4.q,union_top_level.q,groupby10.q,subquery_in.q,mapjoin_filter_on_outerjoin.q,stats14.q,auto_sortmerge_join_4.q,limit_partition_metadataonly.q,load_dyn_part4.q,union3.q,smb_mapjoin_14.q,groupby3_noskew_multi_distinct.q,stats18.q,union_remove_21.q]
TestSparkCliDriver - did not produce a TEST-*.xml file (likely timed out) (batchId=217)
	[auto_sortmerge_join_13.q,join4.q,join35.q,join_reorder3.q,auto_join19.q,sample7.q,vectorization_15.q,union7.q,vectorization_nested_udf.q,load_dyn_part8.q,vector_groupby_3.q,vectorized_ptf.q,auto_join2.q,alter_merge_orc.q,bucket_map_join_1.q]
TestSparkCliDriver - did not produce a TEST-*.xml file (likely timed out) (batchId=218)
	[groupby_complex_types.q,groupby3_map.q,union11.q,union26.q,mapreduce1.q,mapjoin_addjar.q,bucketmapjoin_negative2.q,bucket_map_join_spark1.q,udf_example_add.q,vectorization_div0.q,union_remove_17.q,auto_join_nulls.q,ppd_outer_join4.q,sample6.q,auto_sortmerge_join_9.q]
TestSparkCliDriver - did not produce a TEST-*.xml file (likely timed out) (batchId=219)
	[multigroupby_singlemr.q,auto_join4.q,mapjoin_decimal.q,groupby7.q,join34.q,join5.q,sort.q,join17.q,union_script.q,add_part_multiple.q,limit_pushdown.q,uniquejoin.q,metadata_only_queries_with_filters.q,union25.q,load_dyn_part13.q]
TestSparkCliDriver - did not produce a TEST-*.xml file (likely timed out) (batchId=220)
	[table_access_keys_stats.q,bucketmapjoin11.q,union_remove_9.q,mergejoins_mixed.q,join_nullsafe.q,stats8.q,auto_join28.q,skewjoinopt14.q,union17.q,vectorized_shufflejoin.q,groupby8_noskew.q,auto_sortmerge_join_10.q,groupby11.q,skewjoinopt11.q,load_dyn_part11.q]
TestSparkCliDriver - did not produce a TEST-*.xml file (likely timed out) (batchId=221)
	[script_pipe.q,auto_join24.q,ptf_seqfile.q,union_remove_23.q,filter_join_breaktask.q,parallel_join0.q,join_thrift.q,vectorized_mapjoin.q,groupby8.q,union4.q,auto_join5.q,smb_mapjoin_20.q,groupby_multi_insert_common_distinct.q,join6.q,union_remove_16.q]
TestSparkCliDriver - did not produce a TEST-*.xml file (likely timed out) (batchId=222)
	[ppd_transform.q,smb_mapjoin_15.q,auto_join9.q,vector_data_types.q,input13.q,bucket4.q,ppd_multi_insert.q,skewjoinopt20.q,input12.q,multi_insert_gby3.q,join_map_ppr.q,auto_sortmerge_join_8.q,escape_clusterby1.q,reduce_deduplicate_exclude_join.q,filter_join_breaktask2.q]
TestSparkCliDriver - did not produce a TEST-*.xml file (likely timed out) (batchId=223)
	[auto_join1.q,input14.q,union30.q,stats20.q,union_remove_22.q,vectorization_3.q,cbo_union.q,union_date_trim.q,disable_merge_for_bucketing.q,join3.q,skewjoinopt1.q,join_alt_syntax.q,join30.q,groupby_sort_1_23.q,timestamp_udf.q]
TestSparkCliDriver - did not produce a TEST-*.xml file (likely timed out) (batchId=224)
	[stats13.q,router_join_ppr.q,join15.q,auto_join13.q,join_hive_626.q,vector_mapjoin_reduce.q,auto_join21.q,ptf_register_tblfn.q,join_view.q,join_merging.q,groupby3_noskew.q,optimize_nullscan.q,join38.q,auto_join3.q,vectorization_decimal_date.q]
TestSparkCliDriver - did not produce a TEST-*.xml file (likely timed out) (batchId=225)
	[load_dyn_part12.q,scriptfile1.q,groupby7_noskew.q,bucketmapjoin1.q,auto_join17.q,subquery_multiinsert.q,lateral_view_explode2.q,tez_join_tests.q,join28.q,join_cond_pushdown_4.q,vectorization_0.q,load_dyn_part1.q,skewjoinopt17.q,union_null.q,bucketmapjoin5.q]
TestSparkCliDriver - did not produce a TEST-*.xml file (likely timed out) (batchId=226)
	[join36.q,union_remove_15.q,smb_mapjoin_10.q,bucket_map_join_tez1.q,temp_table.q,union_remove_13.q,auto_join8.q,auto_join6.q,auto_join0.q,vectorization_17.q,auto_join_stats2.q,skewjoin_union_remove_1.q,union16.q,auto_join32.q,union_remove_20.q]
TestSparkCliDriver - did not produce a TEST-*.xml file (likely timed out) (batchId=227)
	[join2.q,avro_joins_native.q,join18.q,auto_join20.q,smb_mapjoin_5.q,vector_char_4.q,auto_sortmerge_join_5.q,cross_product_check_2.q,union_remove_25.q,insert_into2.q,escape_orderby1.q,cbo_limit.q,stats_partscan_1_23.q,groupby_complex_types_multi_single_reducer.q,join_literals.q]
TestSparkCliDriver - did not produce a TEST-*.xml file (likely timed out) (batchId=228)
	[union15.q,auto_sortmerge_join_7.q,join31.q,auto_join27.q,load_dyn_part14.q]
TestSparkNegativeCliDriver - did not produce a TEST-*.xml file (likely timed out) (batchId=453)
TestStorageBasedClientSideAuthorizationProvider - did not produce a TEST-*.xml file (likely timed out) (batchId=395)
TestStorageBasedMetastoreAuthorizationDrops - did not produce a TEST-*.xml file (likely timed out) (batchId=386)
TestStorageBasedMetastoreAuthorizationProvider - did not produce a TEST-*.xml file (likely timed out) (batchId=384)
TestStorageBasedMetastoreAuthorizationReads - did not produce a TEST-*.xml file (likely timed out) (batchId=392)
TestThriftBinaryCLIService - did not produce a TEST-*.xml file (likely timed out) (batchId=400)
TestThriftHttpCLIService - did not produce a TEST-*.xml file (likely timed out) (batchId=401)
TestZooKeeperTokenStore - did not produce a TEST-*.xml file (likely timed out) (batchId=343)
org.apache.hadoop.hive.cli.TestCliDriver.testCliDriver_acid_globallimit (batchId=45)
org.apache.hadoop.hive.cli.TestCliDriver.testCliDriver_acid_mapjoin (batchId=16)
org.apache.hadoop.hive.cli.TestCliDriver.testCliDriver_annotate_stats_table (batchId=32)
org.apache.hadoop.hive.cli.TestCliDriver.testCliDriver_drop_database_removes_partition_dirs (batchId=98)
org.apache.hadoop.hive.cli.TestCliDriver.testCliDriver_drop_table_removes_partition_dirs (batchId=132)
org.apache.hadoop.hive.cli.TestCliDriver.testCliDriver_dynpart_sort_optimization (batchId=81)
org.apache.hadoop.hive.cli.TestCliDriver.testCliDriver_dynpart_sort_optimization_acid (batchId=69)
org.apache.hadoop.hive.cli.TestCliDriver.testCliDriver_groupby10 (batchId=95)
org.apache.hadoop.hive.cli.TestCliDriver.testCliDriver_groupby11 (batchId=111)
org.apache.hadoop.hive.cli.TestCliDriver.testCliDriver_groupby8 (batchId=114)
org.apache.hadoop.hive.cli.TestCliDriver.testCliDriver_ivyDownload (batchId=38)
org.apache.hadoop.hive.cli.TestCliDriver.testCliDriver_semijoin5 (batchId=23)
org.apache.hadoop.hive.cli.TestCliDriver.testCliDriver_temp_table_gb1 (batchId=50)
org.apache.hadoop.hive.cli.TestCliDriver.testCliDriver_union_fast_stats (batchId=78)
org.apache.hadoop.hive.cli.TestCliDriver.testCliDriver_vector_string_decimal (batchId=4)
org.apache.hadoop.hive.cli.TestCliDriver.testCliDriver_windowing (batchId=82)
org.apache.hadoop.hive.cli.TestEncryptedHDFSCliDriver.testCliDriver_encryption_drop_partition (batchId=437)
org.apache.hadoop.hive.cli.TestMiniTezCliDriver.testCliDriver_dynamic_partition_pruning (batchId=175)
org.apache.hadoop.hive.cli.TestMiniTezCliDriver.testCliDriver_groupby2 (batchId=180)
org.apache.hadoop.hive.cli.TestMiniTezCliDriver.testCliDriver_stats_only_null (batchId=174)
org.apache.hadoop.hive.cli.TestMiniTezCliDriver.testCliDriver_tez_smb_empty (batchId=176)
org.apache.hadoop.hive.cli.TestMiniTezCliDriver.testCliDriver_union_fast_stats (batchId=181)
org.apache.hadoop.hive.cli.TestMiniTezCliDriver.testCliDriver_vectorized_dynamic_partition_pruning (batchId=175)
org.apache.hadoop.hive.cli.TestMinimrCliDriver.testCliDriver_groupby2 (batchId=143)
org.apache.hadoop.hive.cli.TestMinimrCliDriver.testCliDriver_index_bitmap_auto (batchId=138)
org.apache.hadoop.hive.cli.TestMinimrCliDriver.testCliDriver_ql_rewrite_gbtoidx_cbo_2 (batchId=147)
org.apache.hadoop.hive.cli.TestNegativeCliDriver.testNegativeCliDriver_authorization_uri_import (batchId=153)
org.apache.hadoop.hive.cli.TestNegativeCliDriver.testNegativeCliDriver_right_side_join (batchId=153)
org.apache.hadoop.hive.ql.io.orc.TestInputOutputFormat.testSplitGenFailure (batchId=589)
org.apache.hive.hcatalog.api.TestHCatClient.testTableSchemaPropagation (batchId=269)
org.apache.hive.minikdc.TestHiveAuthFactory.testStartTokenManagerForDBTokenStore (batchId=449)
org.apache.hive.minikdc.TestHiveAuthFactory.testStartTokenManagerForMemoryTokenStore (batchId=449)
org.apache.hive.minikdc.TestMiniHiveKdc.testLogin (batchId=446)
{noformat}

Test results: https://builds.apache.org/job/PreCommit-HIVE-Build/4386/testReport
Console output: https://builds.apache.org/job/PreCommit-HIVE-Build/4386/console
Test logs: http://104.198.109.242/logs/PreCommit-HIVE-Build-4386/

Messages:
{noformat}
Executing org.apache.hive.ptest.execution.TestCheckPhase
Executing org.apache.hive.ptest.execution.PrepPhase
Executing org.apache.hive.ptest.execution.ExecutionPhase
Executing org.apache.hive.ptest.execution.ReportingPhase
Tests exited with: TestsFailedException: 161 tests failed
{noformat}

This message is automatically generated.

ATTACHMENT ID: 12860547 - PreCommit-HIVE-Build

[~kalyanhadoop], the wiki has a GUI for editing and writing new docs.  For write access, you need a Confluence username as described here:

* [About This Wiki -- How to get permission to edit | https://cwiki.apache.org/confluence/display/Hive/AboutThisWiki#AboutThisWiki-Howtogetpermissiontoedit]

Once you have write access, you'll find an Edit link on each wiki page (top right) and a Create button in the top menu bar.

[~ekoifman], please update this issue's status and fix version.

You committed it to master before branch-2 was created, so it'll be in 2.3.0 and 3.0.0 (commit ea3be9549dca7eaed5e838bbcb69d2372817ce42).

+1 HIVE-15691.1-branch-1.patch HIVE-15691.1-branch-1.2.patch


https://github.com/apache/hive/commit/a3f718f7f7b1d850e67a3019cbf99d9699e09d7d - branch-1.2
https://github.com/apache/hive/commit/ea3be9549dca7eaed5e838bbcb69d2372817ce42 - 2.3.0 and 3.0

https://github.com/apache/hive/commit/1a9ed419e0997b1673662cb904159e3ae7de4468 branch-1 master

thanks [~kalyanhadoop] for the contribution

could you please update https://cwiki.apache.org/confluence/display/Hive/Streaming+Data+Ingest#StreamingDataIngest-I/OWritingData with a couple of lines describing your changes?

Hi [~ekoifman],

if possible please update the document with below text.

StrictRegexWriter

Class StrictRegexWriter implements the RecordWriter interface. It accepts input records, regex that in text format and writes them to Hive. It converts the text record using proper regex directly into an Object using RegexSerDe, which is then passed on to the underlying AcidOutputFormat's record updater for the appropriate bucket.  See Javadoc.


I am not getting write permission to update the docs.

done
https://cwiki.apache.org/confluence/display/Hive/Streaming+Data+Ingest#StreamingDataIngest-StrictRegexWriter

Thanks [~ekoifman]

Hive 3.0.0 has been released so closing this jira.

