[~bslim] any ideas here?

[~szita] where to find the log of the failing tests.
My guess is that might be timeouts or race conditions issue due to the multi-threading setup.


I looked into this failure this morning, my investigation seems to indicate the root cause for this is:
The fix for HIVE-21686 moved a call to BuddyAllocator#allocateWithExpand out of the while (true) loop in BuddyAllocator#allocateMultiple.
The consequence of this change is that sometimes a thread will only see a subset of arenas due to arenaCount being set early in the method (so arenaCount could be 1 and other threads could have allocated additional arenas by the time the method reaches the while (true) loop). BuddyAllocator#allocateWithExpand would have ended up checking newly allocated arenas (at least once).

The fix I'm proposing is simply updating arenaCount before retrying, so all available arenas are checked.

Since this isn't my area and seems like sensitive code, a good review is needed. (I ran the test 50 times locally and it passed 100% with this change vs 20%-30% failure rate before).

| (/) *{color:green}+1 overall{color}* |
\\
\\
|| Vote || Subsystem || Runtime || Comment ||
|| || || || {color:brown} Prechecks {color} ||
| {color:green}+1{color} | {color:green} @author {color} | {color:green}  0m  0s{color} | {color:green} The patch does not contain any @author tags. {color} |
|| || || || {color:brown} master Compile Tests {color} ||
| {color:green}+1{color} | {color:green} mvninstall {color} | {color:green}  8m 45s{color} | {color:green} master passed {color} |
| {color:green}+1{color} | {color:green} compile {color} | {color:green}  0m 22s{color} | {color:green} master passed {color} |
| {color:green}+1{color} | {color:green} checkstyle {color} | {color:green}  0m 14s{color} | {color:green} master passed {color} |
| {color:blue}0{color} | {color:blue} findbugs {color} | {color:blue}  0m 45s{color} | {color:blue} llap-server in master has 90 extant Findbugs warnings. {color} |
| {color:green}+1{color} | {color:green} javadoc {color} | {color:green}  0m 14s{color} | {color:green} master passed {color} |
|| || || || {color:brown} Patch Compile Tests {color} ||
| {color:green}+1{color} | {color:green} mvninstall {color} | {color:green}  0m 22s{color} | {color:green} the patch passed {color} |
| {color:green}+1{color} | {color:green} compile {color} | {color:green}  0m 22s{color} | {color:green} the patch passed {color} |
| {color:green}+1{color} | {color:green} javac {color} | {color:green}  0m 22s{color} | {color:green} the patch passed {color} |
| {color:green}+1{color} | {color:green} checkstyle {color} | {color:green}  0m 13s{color} | {color:green} the patch passed {color} |
| {color:green}+1{color} | {color:green} whitespace {color} | {color:green}  0m  0s{color} | {color:green} The patch has no whitespace issues. {color} |
| {color:green}+1{color} | {color:green} findbugs {color} | {color:green}  0m 50s{color} | {color:green} the patch passed {color} |
| {color:green}+1{color} | {color:green} javadoc {color} | {color:green}  0m 15s{color} | {color:green} the patch passed {color} |
|| || || || {color:brown} Other Tests {color} ||
| {color:green}+1{color} | {color:green} asflicense {color} | {color:green}  0m 14s{color} | {color:green} The patch does not generate ASF License warnings. {color} |
| {color:black}{color} | {color:black} {color} | {color:black} 13m 12s{color} | {color:black} {color} |
\\
\\
|| Subsystem || Report/Notes ||
| Optional Tests |  asflicense  javac  javadoc  findbugs  checkstyle  compile  |
| uname | Linux hiveptest-server-upstream 3.16.0-4-amd64 #1 SMP Debian 3.16.43-2+deb8u5 (2017-09-19) x86_64 GNU/Linux |
| Build tool | maven |
| Personality | /data/hiveptest/working/yetus_PreCommit-HIVE-Build-18804/dev-support/hive-personality.sh |
| git revision | master / ffdfd34 |
| Default Java | 1.8.0_111 |
| findbugs | v3.0.1 |
| modules | C: llap-server U: llap-server |
| Console output | http://104.198.109.242/logs//PreCommit-HIVE-Build-18804/yetus.txt |
| Powered by | Apache Yetus    http://yetus.apache.org |


This message was automatically generated.





Here are the results of testing the latest attachment:
https://issues.apache.org/jira/secure/attachment/12981830/HIVE-22175.1.patch

{color:red}ERROR:{color} -1 due to no test(s) being added or modified.

{color:green}SUCCESS:{color} +1 due to 17016 tests passed

Test results: https://builds.apache.org/job/PreCommit-HIVE-Build/18804/testReport
Console output: https://builds.apache.org/job/PreCommit-HIVE-Build/18804/console
Test logs: http://104.198.109.242/logs/PreCommit-HIVE-Build-18804/

Messages:
{noformat}
Executing org.apache.hive.ptest.execution.TestCheckPhase
Executing org.apache.hive.ptest.execution.PrepPhase
Executing org.apache.hive.ptest.execution.YetusPhase
Executing org.apache.hive.ptest.execution.ExecutionPhase
Executing org.apache.hive.ptest.execution.ReportingPhase
{noformat}

This message is automatically generated.

ATTACHMENT ID: 12981830 - PreCommit-HIVE-Build

good catch looks like we need to update the count before [this block|https://github.com/apache/hive/blob/c507156811a11c075544a0338b9c0c825367f482/llap-server/src/java/org/apache/hadoop/hive/llap/cache/BuddyAllocator.java#L355] as well.
Can you please add that to the patch ?
 

[~bslim] - Done. I also re-enabled the test in the patch.

| (x) *{color:red}-1 overall{color}* |
\\
\\
|| Vote || Subsystem || Runtime || Comment ||
|| || || || {color:brown} Prechecks {color} ||
| {color:green}+1{color} | {color:green} @author {color} | {color:green}  0m  0s{color} | {color:green} The patch does not contain any @author tags. {color} |
|| || || || {color:brown} master Compile Tests {color} ||
| {color:green}+1{color} | {color:green} mvninstall {color} | {color:green}  9m 23s{color} | {color:green} master passed {color} |
| {color:green}+1{color} | {color:green} compile {color} | {color:green}  0m 23s{color} | {color:green} master passed {color} |
| {color:green}+1{color} | {color:green} checkstyle {color} | {color:green}  0m 15s{color} | {color:green} master passed {color} |
| {color:blue}0{color} | {color:blue} findbugs {color} | {color:blue}  0m 46s{color} | {color:blue} llap-server in master has 90 extant Findbugs warnings. {color} |
| {color:green}+1{color} | {color:green} javadoc {color} | {color:green}  0m 15s{color} | {color:green} master passed {color} |
|| || || || {color:brown} Patch Compile Tests {color} ||
| {color:green}+1{color} | {color:green} mvninstall {color} | {color:green}  0m 25s{color} | {color:green} the patch passed {color} |
| {color:green}+1{color} | {color:green} compile {color} | {color:green}  0m 23s{color} | {color:green} the patch passed {color} |
| {color:green}+1{color} | {color:green} javac {color} | {color:green}  0m 23s{color} | {color:green} the patch passed {color} |
| {color:green}+1{color} | {color:green} checkstyle {color} | {color:green}  0m 15s{color} | {color:green} the patch passed {color} |
| {color:green}+1{color} | {color:green} whitespace {color} | {color:green}  0m  0s{color} | {color:green} The patch has no whitespace issues. {color} |
| {color:green}+1{color} | {color:green} findbugs {color} | {color:green}  0m 50s{color} | {color:green} the patch passed {color} |
| {color:green}+1{color} | {color:green} javadoc {color} | {color:green}  0m 15s{color} | {color:green} the patch passed {color} |
|| || || || {color:brown} Other Tests {color} ||
| {color:red}-1{color} | {color:red} asflicense {color} | {color:red}  0m 15s{color} | {color:red} The patch generated 3 ASF License warnings. {color} |
| {color:black}{color} | {color:black} {color} | {color:black} 13m 55s{color} | {color:black} {color} |
\\
\\
|| Subsystem || Report/Notes ||
| Optional Tests |  asflicense  javac  javadoc  findbugs  checkstyle  compile  |
| uname | Linux hiveptest-server-upstream 3.16.0-4-amd64 #1 SMP Debian 3.16.43-2+deb8u5 (2017-09-19) x86_64 GNU/Linux |
| Build tool | maven |
| Personality | /data/hiveptest/working/yetus_PreCommit-HIVE-Build-18991/dev-support/hive-personality.sh |
| git revision | master / ce855d8 |
| Default Java | 1.8.0_111 |
| findbugs | v3.0.1 |
| asflicense | http://104.198.109.242/logs//PreCommit-HIVE-Build-18991/yetus/patch-asflicense-problems.txt |
| modules | C: llap-server U: llap-server |
| Console output | http://104.198.109.242/logs//PreCommit-HIVE-Build-18991/yetus.txt |
| Powered by | Apache Yetus    http://yetus.apache.org |


This message was automatically generated.





Here are the results of testing the latest attachment:
https://issues.apache.org/jira/secure/attachment/12982998/HIVE-22175.2.patch

{color:green}SUCCESS:{color} +1 due to 1 test(s) being added or modified.

{color:red}ERROR:{color} -1 due to 14 failed/errored test(s), 17540 tests executed
*Failed tests:*
{noformat}
org.apache.hadoop.hive.metastore.TestObjectStore.catalogs (batchId=234)
org.apache.hadoop.hive.metastore.TestObjectStore.testDatabaseOps (batchId=234)
org.apache.hadoop.hive.metastore.TestObjectStore.testDeprecatedConfigIsOverwritten (batchId=234)
org.apache.hadoop.hive.metastore.TestObjectStore.testDirectSQLDropParitionsCleanup (batchId=234)
org.apache.hadoop.hive.metastore.TestObjectStore.testDirectSQLDropPartitionsCacheCrossSession (batchId=234)
org.apache.hadoop.hive.metastore.TestObjectStore.testDirectSqlErrorMetrics (batchId=234)
org.apache.hadoop.hive.metastore.TestObjectStore.testEmptyTrustStoreProps (batchId=234)
org.apache.hadoop.hive.metastore.TestObjectStore.testMasterKeyOps (batchId=234)
org.apache.hadoop.hive.metastore.TestObjectStore.testMaxEventResponse (batchId=234)
org.apache.hadoop.hive.metastore.TestObjectStore.testPartitionOps (batchId=234)
org.apache.hadoop.hive.metastore.TestObjectStore.testQueryCloseOnError (batchId=234)
org.apache.hadoop.hive.metastore.TestObjectStore.testRoleOps (batchId=234)
org.apache.hadoop.hive.metastore.TestObjectStore.testTableOps (batchId=234)
org.apache.hadoop.hive.metastore.TestObjectStore.testUseSSLProperty (batchId=234)
{noformat}

Test results: https://builds.apache.org/job/PreCommit-HIVE-Build/18991/testReport
Console output: https://builds.apache.org/job/PreCommit-HIVE-Build/18991/console
Test logs: http://104.198.109.242/logs/PreCommit-HIVE-Build-18991/

Messages:
{noformat}
Executing org.apache.hive.ptest.execution.TestCheckPhase
Executing org.apache.hive.ptest.execution.PrepPhase
Executing org.apache.hive.ptest.execution.YetusPhase
Executing org.apache.hive.ptest.execution.ExecutionPhase
Executing org.apache.hive.ptest.execution.ReportingPhase
Tests exited with: TestsFailedException: 14 tests failed
{noformat}

This message is automatically generated.

ATTACHMENT ID: 12982998 - PreCommit-HIVE-Build

+1

[~jfs] please re-upload the patch to run test again.

| (x) *{color:red}-1 overall{color}* |
\\
\\
|| Vote || Subsystem || Runtime || Comment ||
|| || || || {color:brown} Prechecks {color} ||
| {color:green}+1{color} | {color:green} @author {color} | {color:green}  0m  0s{color} | {color:green} The patch does not contain any @author tags. {color} |
|| || || || {color:brown} master Compile Tests {color} ||
| {color:green}+1{color} | {color:green} mvninstall {color} | {color:green}  9m  4s{color} | {color:green} master passed {color} |
| {color:green}+1{color} | {color:green} compile {color} | {color:green}  0m 23s{color} | {color:green} master passed {color} |
| {color:green}+1{color} | {color:green} checkstyle {color} | {color:green}  0m 15s{color} | {color:green} master passed {color} |
| {color:blue}0{color} | {color:blue} findbugs {color} | {color:blue}  0m 44s{color} | {color:blue} llap-server in master has 90 extant Findbugs warnings. {color} |
| {color:green}+1{color} | {color:green} javadoc {color} | {color:green}  0m 16s{color} | {color:green} master passed {color} |
|| || || || {color:brown} Patch Compile Tests {color} ||
| {color:green}+1{color} | {color:green} mvninstall {color} | {color:green}  0m 25s{color} | {color:green} the patch passed {color} |
| {color:green}+1{color} | {color:green} compile {color} | {color:green}  0m 23s{color} | {color:green} the patch passed {color} |
| {color:green}+1{color} | {color:green} javac {color} | {color:green}  0m 23s{color} | {color:green} the patch passed {color} |
| {color:green}+1{color} | {color:green} checkstyle {color} | {color:green}  0m 14s{color} | {color:green} the patch passed {color} |
| {color:green}+1{color} | {color:green} whitespace {color} | {color:green}  0m  0s{color} | {color:green} The patch has no whitespace issues. {color} |
| {color:green}+1{color} | {color:green} findbugs {color} | {color:green}  0m 53s{color} | {color:green} the patch passed {color} |
| {color:green}+1{color} | {color:green} javadoc {color} | {color:green}  0m 15s{color} | {color:green} the patch passed {color} |
|| || || || {color:brown} Other Tests {color} ||
| {color:red}-1{color} | {color:red} asflicense {color} | {color:red}  0m 14s{color} | {color:red} The patch generated 3 ASF License warnings. {color} |
| {color:black}{color} | {color:black} {color} | {color:black} 13m 34s{color} | {color:black} {color} |
\\
\\
|| Subsystem || Report/Notes ||
| Optional Tests |  asflicense  javac  javadoc  findbugs  checkstyle  compile  |
| uname | Linux hiveptest-server-upstream 3.16.0-4-amd64 #1 SMP Debian 3.16.43-2+deb8u5 (2017-09-19) x86_64 GNU/Linux |
| Build tool | maven |
| Personality | /data/hiveptest/working/yetus_PreCommit-HIVE-Build-19012/dev-support/hive-personality.sh |
| git revision | master / fbabad1 |
| Default Java | 1.8.0_111 |
| findbugs | v3.0.1 |
| asflicense | http://104.198.109.242/logs//PreCommit-HIVE-Build-19012/yetus/patch-asflicense-problems.txt |
| modules | C: llap-server U: llap-server |
| Console output | http://104.198.109.242/logs//PreCommit-HIVE-Build-19012/yetus.txt |
| Powered by | Apache Yetus    http://yetus.apache.org |


This message was automatically generated.





Here are the results of testing the latest attachment:
https://issues.apache.org/jira/secure/attachment/12983106/HIVE-22175.3.patch

{color:green}SUCCESS:{color} +1 due to 1 test(s) being added or modified.

{color:red}ERROR:{color} -1 due to 4 failed/errored test(s), 17544 tests executed
*Failed tests:*
{noformat}
org.apache.hadoop.hive.cli.TestMiniLlapCliDriver.testCliDriver[mm_dp] (batchId=159)
org.apache.hadoop.hive.cli.TestMiniLlapCliDriver.testCliDriver[orc_struct_type_vectorization] (batchId=159)
org.apache.hadoop.hive.cli.TestMiniLlapCliDriver.testCliDriver[parquet_complex_types_vectorization] (batchId=159)
org.apache.hadoop.hive.cli.TestMiniLlapCliDriver.testCliDriver[parquet_map_type_vectorization] (batchId=159)
{noformat}

Test results: https://builds.apache.org/job/PreCommit-HIVE-Build/19012/testReport
Console output: https://builds.apache.org/job/PreCommit-HIVE-Build/19012/console
Test logs: http://104.198.109.242/logs/PreCommit-HIVE-Build-19012/

Messages:
{noformat}
Executing org.apache.hive.ptest.execution.TestCheckPhase
Executing org.apache.hive.ptest.execution.PrepPhase
Executing org.apache.hive.ptest.execution.YetusPhase
Executing org.apache.hive.ptest.execution.ExecutionPhase
Executing org.apache.hive.ptest.execution.ReportingPhase
Tests exited with: TestsFailedException: 4 tests failed
{noformat}

This message is automatically generated.

ATTACHMENT ID: 12983106 - PreCommit-HIVE-Build

| (x) *{color:red}-1 overall{color}* |
\\
\\
|| Vote || Subsystem || Runtime || Comment ||
|| || || || {color:brown} Prechecks {color} ||
| {color:green}+1{color} | {color:green} @author {color} | {color:green}  0m  0s{color} | {color:green} The patch does not contain any @author tags. {color} |
|| || || || {color:brown} master Compile Tests {color} ||
| {color:green}+1{color} | {color:green} mvninstall {color} | {color:green} 10m 30s{color} | {color:green} master passed {color} |
| {color:green}+1{color} | {color:green} compile {color} | {color:green}  0m 23s{color} | {color:green} master passed {color} |
| {color:green}+1{color} | {color:green} checkstyle {color} | {color:green}  0m 17s{color} | {color:green} master passed {color} |
| {color:blue}0{color} | {color:blue} findbugs {color} | {color:blue}  0m 50s{color} | {color:blue} llap-server in master has 90 extant Findbugs warnings. {color} |
| {color:green}+1{color} | {color:green} javadoc {color} | {color:green}  0m 16s{color} | {color:green} master passed {color} |
|| || || || {color:brown} Patch Compile Tests {color} ||
| {color:green}+1{color} | {color:green} mvninstall {color} | {color:green}  0m 23s{color} | {color:green} the patch passed {color} |
| {color:green}+1{color} | {color:green} compile {color} | {color:green}  0m 23s{color} | {color:green} the patch passed {color} |
| {color:green}+1{color} | {color:green} javac {color} | {color:green}  0m 23s{color} | {color:green} the patch passed {color} |
| {color:green}+1{color} | {color:green} checkstyle {color} | {color:green}  0m 16s{color} | {color:green} the patch passed {color} |
| {color:green}+1{color} | {color:green} whitespace {color} | {color:green}  0m  0s{color} | {color:green} The patch has no whitespace issues. {color} |
| {color:green}+1{color} | {color:green} findbugs {color} | {color:green}  0m 55s{color} | {color:green} the patch passed {color} |
| {color:green}+1{color} | {color:green} javadoc {color} | {color:green}  0m 17s{color} | {color:green} the patch passed {color} |
|| || || || {color:brown} Other Tests {color} ||
| {color:red}-1{color} | {color:red} asflicense {color} | {color:red}  0m 16s{color} | {color:red} The patch generated 3 ASF License warnings. {color} |
| {color:black}{color} | {color:black} {color} | {color:black} 15m 14s{color} | {color:black} {color} |
\\
\\
|| Subsystem || Report/Notes ||
| Optional Tests |  asflicense  javac  javadoc  findbugs  checkstyle  compile  |
| uname | Linux hiveptest-server-upstream 3.16.0-4-amd64 #1 SMP Debian 3.16.43-2+deb8u5 (2017-09-19) x86_64 GNU/Linux |
| Build tool | maven |
| Personality | /data/hiveptest/working/yetus_PreCommit-HIVE-Build-19044/dev-support/hive-personality.sh |
| git revision | master / c6626ed |
| Default Java | 1.8.0_111 |
| findbugs | v3.0.1 |
| asflicense | http://104.198.109.242/logs//PreCommit-HIVE-Build-19044/yetus/patch-asflicense-problems.txt |
| modules | C: llap-server U: llap-server |
| Console output | http://104.198.109.242/logs//PreCommit-HIVE-Build-19044/yetus.txt |
| Powered by | Apache Yetus    http://yetus.apache.org |


This message was automatically generated.





Here are the results of testing the latest attachment:
https://issues.apache.org/jira/secure/attachment/12983292/HIVE-22175.4.patch

{color:green}SUCCESS:{color} +1 due to 1 test(s) being added or modified.

{color:red}ERROR:{color} -1 due to 6 failed/errored test(s), 17544 tests executed
*Failed tests:*
{noformat}
org.apache.hadoop.hive.cli.TestMiniLlapCliDriver.testCliDriver[mm_dp] (batchId=159)
org.apache.hadoop.hive.cli.TestMiniLlapCliDriver.testCliDriver[orc_struct_type_vectorization] (batchId=159)
org.apache.hadoop.hive.cli.TestMiniLlapCliDriver.testCliDriver[parquet_complex_types_vectorization] (batchId=159)
org.apache.hadoop.hive.cli.TestMiniLlapCliDriver.testCliDriver[parquet_map_type_vectorization] (batchId=159)
org.apache.hadoop.hive.metastore.TestPartitionManagement.testPartitionDiscoveryTransactionalTable (batchId=223)
org.apache.hadoop.hive.ql.lockmgr.TestDbTxnManager2.testFairness2 (batchId=353)
{noformat}

Test results: https://builds.apache.org/job/PreCommit-HIVE-Build/19044/testReport
Console output: https://builds.apache.org/job/PreCommit-HIVE-Build/19044/console
Test logs: http://104.198.109.242/logs/PreCommit-HIVE-Build-19044/

Messages:
{noformat}
Executing org.apache.hive.ptest.execution.TestCheckPhase
Executing org.apache.hive.ptest.execution.PrepPhase
Executing org.apache.hive.ptest.execution.YetusPhase
Executing org.apache.hive.ptest.execution.ExecutionPhase
Executing org.apache.hive.ptest.execution.ReportingPhase
Tests exited with: TestsFailedException: 6 tests failed
{noformat}

This message is automatically generated.

ATTACHMENT ID: 12983292 - PreCommit-HIVE-Build

| (x) *{color:red}-1 overall{color}* |
\\
\\
|| Vote || Subsystem || Runtime || Comment ||
|| || || || {color:brown} Prechecks {color} ||
| {color:green}+1{color} | {color:green} @author {color} | {color:green}  0m  0s{color} | {color:green} The patch does not contain any @author tags. {color} |
|| || || || {color:brown} master Compile Tests {color} ||
| {color:green}+1{color} | {color:green} mvninstall {color} | {color:green} 10m  4s{color} | {color:green} master passed {color} |
| {color:green}+1{color} | {color:green} compile {color} | {color:green}  0m 24s{color} | {color:green} master passed {color} |
| {color:green}+1{color} | {color:green} checkstyle {color} | {color:green}  0m 14s{color} | {color:green} master passed {color} |
| {color:blue}0{color} | {color:blue} findbugs {color} | {color:blue}  0m 45s{color} | {color:blue} llap-server in master has 90 extant Findbugs warnings. {color} |
| {color:green}+1{color} | {color:green} javadoc {color} | {color:green}  0m 17s{color} | {color:green} master passed {color} |
|| || || || {color:brown} Patch Compile Tests {color} ||
| {color:green}+1{color} | {color:green} mvninstall {color} | {color:green}  0m 24s{color} | {color:green} the patch passed {color} |
| {color:green}+1{color} | {color:green} compile {color} | {color:green}  0m 25s{color} | {color:green} the patch passed {color} |
| {color:green}+1{color} | {color:green} javac {color} | {color:green}  0m 25s{color} | {color:green} the patch passed {color} |
| {color:green}+1{color} | {color:green} checkstyle {color} | {color:green}  0m 14s{color} | {color:green} the patch passed {color} |
| {color:green}+1{color} | {color:green} whitespace {color} | {color:green}  0m  0s{color} | {color:green} The patch has no whitespace issues. {color} |
| {color:green}+1{color} | {color:green} findbugs {color} | {color:green}  0m 51s{color} | {color:green} the patch passed {color} |
| {color:green}+1{color} | {color:green} javadoc {color} | {color:green}  0m 16s{color} | {color:green} the patch passed {color} |
|| || || || {color:brown} Other Tests {color} ||
| {color:red}-1{color} | {color:red} asflicense {color} | {color:red}  0m 15s{color} | {color:red} The patch generated 3 ASF License warnings. {color} |
| {color:black}{color} | {color:black} {color} | {color:black} 14m 56s{color} | {color:black} {color} |
\\
\\
|| Subsystem || Report/Notes ||
| Optional Tests |  asflicense  javac  javadoc  findbugs  checkstyle  compile  |
| uname | Linux hiveptest-server-upstream 3.16.0-4-amd64 #1 SMP Debian 3.16.43-2+deb8u5 (2017-09-19) x86_64 GNU/Linux |
| Build tool | maven |
| Personality | /data/hiveptest/working/yetus_PreCommit-HIVE-Build-19060/dev-support/hive-personality.sh |
| git revision | master / 8707cdc |
| Default Java | 1.8.0_111 |
| findbugs | v3.0.1 |
| asflicense | http://104.198.109.242/logs//PreCommit-HIVE-Build-19060/yetus/patch-asflicense-problems.txt |
| modules | C: llap-server U: llap-server |
| Console output | http://104.198.109.242/logs//PreCommit-HIVE-Build-19060/yetus.txt |
| Powered by | Apache Yetus    http://yetus.apache.org |


This message was automatically generated.





Here are the results of testing the latest attachment:
https://issues.apache.org/jira/secure/attachment/12983460/HIVE-22175.5.patch

{color:green}SUCCESS:{color} +1 due to 1 test(s) being added or modified.

{color:green}SUCCESS:{color} +1 due to 17545 tests passed

Test results: https://builds.apache.org/job/PreCommit-HIVE-Build/19060/testReport
Console output: https://builds.apache.org/job/PreCommit-HIVE-Build/19060/console
Test logs: http://104.198.109.242/logs/PreCommit-HIVE-Build-19060/

Messages:
{noformat}
Executing org.apache.hive.ptest.execution.TestCheckPhase
Executing org.apache.hive.ptest.execution.PrepPhase
Executing org.apache.hive.ptest.execution.YetusPhase
Executing org.apache.hive.ptest.execution.ExecutionPhase
Executing org.apache.hive.ptest.execution.ReportingPhase
{noformat}

This message is automatically generated.

ATTACHMENT ID: 12983460 - PreCommit-HIVE-Build

https://git-wip-us.apache.org/repos/asf?p=hive.git;a=commit;h=88314ee794afa34ab8acf779630326b2ba52e815

pushed to master Thanks

[~jfs], [~bslim]: I saw this test failing in a recent run :(
https://issues.apache.org/jira/browse/HIVE-22406?focusedCommentId=16960317&page=com.atlassian.jira.plugin.system.issuetabpanels%3Acomment-tabpanel#comment-16960317


[~abstractdog]: Thanks for informing us. I can get the history of the last 35 runs of the test, at least this patch brought it down from ~25% failure rate to 1 in 35 (at least).

[~jfs]: yeah, it indeed helped, I'm absolutely happy with the current error rate, just wanted to let you know :)

[~abstractdog]: Yeah, it should be tracked down nonetheless. I hate flaky tests with a passion.

[~abstractdog] am not dropping the ball on this, will augment the test with more logging and will keep looking.
Thanks for letting me know.


