The detailed design in the attached design doc.



Here are the results of testing the latest attachment:
https://issues.apache.org/jira/secure/attachment/12975375/Replication%20and%20House%20keeping%20tasks.pdf

{color:red}ERROR:{color} -1 due to build exiting with an error

Test results: https://builds.apache.org/job/PreCommit-HIVE-Build/18128/testReport
Console output: https://builds.apache.org/job/PreCommit-HIVE-Build/18128/console
Test logs: http://104.198.109.242/logs/PreCommit-HIVE-Build-18128/

Messages:
{noformat}
Executing org.apache.hive.ptest.execution.TestCheckPhase
Executing org.apache.hive.ptest.execution.PrepPhase
Tests exited with: NonZeroExitCodeException
Command 'bash /data/hiveptest/working/scratch/source-prep.sh' failed with exit status 1 and output '+ date '+%Y-%m-%d %T.%3N'
2019-07-22 10:59:29.555
+ [[ -n /usr/lib/jvm/java-8-openjdk-amd64 ]]
+ export JAVA_HOME=/usr/lib/jvm/java-8-openjdk-amd64
+ JAVA_HOME=/usr/lib/jvm/java-8-openjdk-amd64
+ export PATH=/usr/lib/jvm/java-8-openjdk-amd64/bin/:/usr/local/bin:/usr/bin:/bin:/usr/local/games:/usr/games
+ PATH=/usr/lib/jvm/java-8-openjdk-amd64/bin/:/usr/local/bin:/usr/bin:/bin:/usr/local/games:/usr/games
+ export 'ANT_OPTS=-Xmx1g -XX:MaxPermSize=256m '
+ ANT_OPTS='-Xmx1g -XX:MaxPermSize=256m '
+ export 'MAVEN_OPTS=-Xmx1g '
+ MAVEN_OPTS='-Xmx1g '
+ cd /data/hiveptest/working/
+ tee /data/hiveptest/logs/PreCommit-HIVE-Build-18128/source-prep.txt
+ [[ false == \t\r\u\e ]]
+ mkdir -p maven ivy
+ [[ git = \s\v\n ]]
+ [[ git = \g\i\t ]]
+ [[ -z master ]]
+ [[ -d apache-github-source-source ]]
+ [[ ! -d apache-github-source-source/.git ]]
+ [[ ! -d apache-github-source-source ]]
+ date '+%Y-%m-%d %T.%3N'
2019-07-22 10:59:29.558
+ cd apache-github-source-source
+ git fetch origin
+ git reset --hard HEAD
HEAD is now at ac78f79 HIVE-21711: Regression caused by HIVE-21279 for blobstorage fs (Vineet Garg, reviewed by Prasanth Jayachandran)
+ git clean -f -d
Removing standalone-metastore/metastore-server/src/gen/
+ git checkout master
Already on 'master'
Your branch is up-to-date with 'origin/master'.
+ git reset --hard origin/master
HEAD is now at ac78f79 HIVE-21711: Regression caused by HIVE-21279 for blobstorage fs (Vineet Garg, reviewed by Prasanth Jayachandran)
+ git merge --ff-only origin/master
Already up-to-date.
+ date '+%Y-%m-%d %T.%3N'
2019-07-22 10:59:30.759
+ rm -rf ../yetus_PreCommit-HIVE-Build-18128
+ mkdir ../yetus_PreCommit-HIVE-Build-18128
+ git gc
+ cp -R . ../yetus_PreCommit-HIVE-Build-18128
+ mkdir /data/hiveptest/logs/PreCommit-HIVE-Build-18128/yetus
+ patchCommandPath=/data/hiveptest/working/scratch/smart-apply-patch.sh
+ patchFilePath=/data/hiveptest/working/scratch/build.patch
+ [[ -f /data/hiveptest/working/scratch/build.patch ]]
+ chmod +x /data/hiveptest/working/scratch/smart-apply-patch.sh
+ /data/hiveptest/working/scratch/smart-apply-patch.sh /data/hiveptest/working/scratch/build.patch
fatal: unrecognized input
fatal: unrecognized input
fatal: unrecognized input
The patch does not appear to apply with p0, p1, or p2
+ result=1
+ '[' 1 -ne 0 ']'
+ rm -rf yetus_PreCommit-HIVE-Build-18128
+ exit 1
'
{noformat}

This message is automatically generated.

ATTACHMENT ID: 12975375 - PreCommit-HIVE-Build

| (x) *{color:red}-1 overall{color}* |
\\
\\
|| Vote || Subsystem || Runtime || Comment ||
|| || || || {color:brown} Prechecks {color} ||
| {color:green}+1{color} | {color:green} @author {color} | {color:green}  0m  0s{color} | {color:green} The patch does not contain any @author tags. {color} |
|| || || || {color:brown} master Compile Tests {color} ||
| {color:blue}0{color} | {color:blue} mvndep {color} | {color:blue}  1m 34s{color} | {color:blue} Maven dependency ordering for branch {color} |
| {color:green}+1{color} | {color:green} mvninstall {color} | {color:green}  7m  9s{color} | {color:green} master passed {color} |
| {color:green}+1{color} | {color:green} compile {color} | {color:green}  2m 51s{color} | {color:green} master passed {color} |
| {color:green}+1{color} | {color:green} checkstyle {color} | {color:green}  1m 29s{color} | {color:green} master passed {color} |
| {color:blue}0{color} | {color:blue} findbugs {color} | {color:blue}  2m 29s{color} | {color:blue} standalone-metastore/metastore-common in master has 31 extant Findbugs warnings. {color} |
| {color:blue}0{color} | {color:blue} findbugs {color} | {color:blue}  1m 15s{color} | {color:blue} standalone-metastore/metastore-server in master has 179 extant Findbugs warnings. {color} |
| {color:blue}0{color} | {color:blue} findbugs {color} | {color:blue}  4m  2s{color} | {color:blue} ql in master has 2250 extant Findbugs warnings. {color} |
| {color:blue}0{color} | {color:blue} findbugs {color} | {color:blue}  0m 40s{color} | {color:blue} itests/hive-unit in master has 2 extant Findbugs warnings. {color} |
| {color:green}+1{color} | {color:green} javadoc {color} | {color:green}  3m  2s{color} | {color:green} master passed {color} |
|| || || || {color:brown} Patch Compile Tests {color} ||
| {color:blue}0{color} | {color:blue} mvndep {color} | {color:blue}  0m 26s{color} | {color:blue} Maven dependency ordering for patch {color} |
| {color:green}+1{color} | {color:green} mvninstall {color} | {color:green}  3m 20s{color} | {color:green} the patch passed {color} |
| {color:green}+1{color} | {color:green} compile {color} | {color:green}  2m 48s{color} | {color:green} the patch passed {color} |
| {color:green}+1{color} | {color:green} javac {color} | {color:green}  2m 48s{color} | {color:green} the patch passed {color} |
| {color:green}+1{color} | {color:green} checkstyle {color} | {color:green}  0m 11s{color} | {color:green} The patch metastore-common passed checkstyle {color} |
| {color:green}+1{color} | {color:green} checkstyle {color} | {color:green}  0m 18s{color} | {color:green} standalone-metastore/metastore-server: The patch generated 0 new + 50 unchanged - 1 fixed = 50 total (was 51) {color} |
| {color:red}-1{color} | {color:red} checkstyle {color} | {color:red}  0m 37s{color} | {color:red} ql: The patch generated 6 new + 68 unchanged - 1 fixed = 74 total (was 69) {color} |
| {color:red}-1{color} | {color:red} checkstyle {color} | {color:red}  0m 19s{color} | {color:red} itests/hive-unit: The patch generated 39 new + 237 unchanged - 12 fixed = 276 total (was 249) {color} |
| {color:green}+1{color} | {color:green} whitespace {color} | {color:green}  0m  0s{color} | {color:green} The patch has no whitespace issues. {color} |
| {color:green}+1{color} | {color:green} findbugs {color} | {color:green}  9m  1s{color} | {color:green} the patch passed {color} |
| {color:green}+1{color} | {color:green} javadoc {color} | {color:green}  3m  0s{color} | {color:green} the patch passed {color} |
|| || || || {color:brown} Other Tests {color} ||
| {color:green}+1{color} | {color:green} asflicense {color} | {color:green}  0m 13s{color} | {color:green} The patch does not generate ASF License warnings. {color} |
| {color:black}{color} | {color:black} {color} | {color:black} 45m 59s{color} | {color:black} {color} |
\\
\\
|| Subsystem || Report/Notes ||
| Optional Tests |  asflicense  javac  javadoc  findbugs  checkstyle  compile  |
| uname | Linux hiveptest-server-upstream 3.16.0-4-amd64 #1 SMP Debian 3.16.43-2+deb8u5 (2017-09-19) x86_64 GNU/Linux |
| Build tool | maven |
| Personality | /data/hiveptest/working/yetus_PreCommit-HIVE-Build-18134/dev-support/hive-personality.sh |
| git revision | master / ac78f79 |
| Default Java | 1.8.0_111 |
| findbugs | v3.0.0 |
| checkstyle | http://104.198.109.242/logs//PreCommit-HIVE-Build-18134/yetus/diff-checkstyle-ql.txt |
| checkstyle | http://104.198.109.242/logs//PreCommit-HIVE-Build-18134/yetus/diff-checkstyle-itests_hive-unit.txt |
| modules | C: standalone-metastore/metastore-common standalone-metastore/metastore-server ql itests/hive-unit U: . |
| Console output | http://104.198.109.242/logs//PreCommit-HIVE-Build-18134/yetus.txt |
| Powered by | Apache Yetus    http://yetus.apache.org |


This message was automatically generated.





Here are the results of testing the latest attachment:
https://issues.apache.org/jira/secure/attachment/12975399/HIVE-21960.02.patch

{color:green}SUCCESS:{color} +1 due to 7 test(s) being added or modified.

{color:red}ERROR:{color} -1 due to 23 failed/errored test(s), 16686 tests executed
*Failed tests:*
{noformat}
TestReplicationWithStatsUpdaterTask - did not produce a TEST-*.xml file (likely timed out) (batchId=273)
org.apache.hadoop.hive.cli.TestCliDriver.testCliDriver[repl_1_drop] (batchId=13)
org.apache.hadoop.hive.cli.TestCliDriver.testCliDriver[repl_2_exim_basic] (batchId=86)
org.apache.hadoop.hive.cli.TestCliDriver.testCliDriver[repl_3_exim_metadata] (batchId=63)
org.apache.hadoop.hive.ql.parse.TestReplAcrossInstancesWithJsonMessageFormat.testBootStrapDumpOfWarehouse (batchId=259)
org.apache.hadoop.hive.ql.parse.TestReplTableMigrationWithJsonFormat.testIncrementalLoadMigrationManagedToAcidAllOp (batchId=265)
org.apache.hadoop.hive.ql.parse.TestReplicationScenariosAcrossInstances.testBootStrapDumpOfWarehouse (batchId=263)
org.apache.hadoop.hive.ql.parse.TestReplicationWithTableMigration.testIncrementalLoadMigrationManagedToAcidAllOp (batchId=254)
org.apache.hadoop.hive.ql.parse.TestStatsReplicationScenariosMigration.testForParallelBootstrapLoad (batchId=256)
org.apache.hadoop.hive.ql.parse.TestStatsReplicationScenariosMigration.testNonParallelBootstrapLoad (batchId=256)
org.apache.hadoop.hive.ql.parse.TestStatsReplicationScenariosMigration.testRetryFailure (batchId=256)
org.apache.hadoop.hive.ql.parse.TestStatsReplicationScenariosMigrationNoAutogather.testForParallelBootstrapLoad (batchId=266)
org.apache.hadoop.hive.ql.parse.TestStatsReplicationScenariosMigrationNoAutogather.testNonParallelBootstrapLoad (batchId=266)
org.apache.hadoop.hive.ql.parse.TestStatsReplicationScenariosMigrationNoAutogather.testRetryFailure (batchId=266)
org.apache.hive.hcatalog.api.repl.commands.TestCommands.testBasicReplEximCommands (batchId=206)
org.apache.hive.hcatalog.api.repl.commands.TestCommands.testMetadataReplEximCommands (batchId=206)
org.apache.hive.jdbc.TestTriggersTezSessionPoolManager.testTriggerCustomCreatedDynamicPartitions (batchId=283)
org.apache.hive.jdbc.TestTriggersTezSessionPoolManager.testTriggerCustomCreatedDynamicPartitionsUnionAll (batchId=283)
org.apache.hive.jdbc.TestTriggersTezSessionPoolManager.testTriggerCustomNonExistent (batchId=283)
org.apache.hive.jdbc.TestTriggersTezSessionPoolManager.testTriggerHighBytesRead (batchId=283)
org.apache.hive.jdbc.TestTriggersTezSessionPoolManager.testTriggerHighShuffleBytes (batchId=283)
org.apache.hive.jdbc.TestTriggersTezSessionPoolManager.testTriggerSlowQueryElapsedTime (batchId=283)
org.apache.hive.jdbc.TestTriggersTezSessionPoolManager.testTriggerSlowQueryExecutionTime (batchId=283)
{noformat}

Test results: https://builds.apache.org/job/PreCommit-HIVE-Build/18134/testReport
Console output: https://builds.apache.org/job/PreCommit-HIVE-Build/18134/console
Test logs: http://104.198.109.242/logs/PreCommit-HIVE-Build-18134/

Messages:
{noformat}
Executing org.apache.hive.ptest.execution.TestCheckPhase
Executing org.apache.hive.ptest.execution.PrepPhase
Executing org.apache.hive.ptest.execution.YetusPhase
Executing org.apache.hive.ptest.execution.ExecutionPhase
Executing org.apache.hive.ptest.execution.ReportingPhase
Tests exited with: TestsFailedException: 23 tests failed
{noformat}

This message is automatically generated.

ATTACHMENT ID: 12975399 - PreCommit-HIVE-Build

Fixed test failures from the previous ptest run. Also fixed some checkstyle issues.

| (x) *{color:red}-1 overall{color}* |
\\
\\
|| Vote || Subsystem || Runtime || Comment ||
|| || || || {color:brown} Prechecks {color} ||
| {color:green}+1{color} | {color:green} @author {color} | {color:green}  0m  0s{color} | {color:green} The patch does not contain any @author tags. {color} |
|| || || || {color:brown} master Compile Tests {color} ||
| {color:blue}0{color} | {color:blue} mvndep {color} | {color:blue}  0m 46s{color} | {color:blue} Maven dependency ordering for branch {color} |
| {color:green}+1{color} | {color:green} mvninstall {color} | {color:green}  8m  8s{color} | {color:green} master passed {color} |
| {color:green}+1{color} | {color:green} compile {color} | {color:green}  2m 51s{color} | {color:green} master passed {color} |
| {color:green}+1{color} | {color:green} checkstyle {color} | {color:green}  1m 31s{color} | {color:green} master passed {color} |
| {color:blue}0{color} | {color:blue} findbugs {color} | {color:blue}  2m 30s{color} | {color:blue} standalone-metastore/metastore-common in master has 31 extant Findbugs warnings. {color} |
| {color:blue}0{color} | {color:blue} findbugs {color} | {color:blue}  1m 16s{color} | {color:blue} standalone-metastore/metastore-server in master has 179 extant Findbugs warnings. {color} |
| {color:blue}0{color} | {color:blue} findbugs {color} | {color:blue}  4m  4s{color} | {color:blue} ql in master has 2250 extant Findbugs warnings. {color} |
| {color:blue}0{color} | {color:blue} findbugs {color} | {color:blue}  0m 40s{color} | {color:blue} itests/hive-unit in master has 2 extant Findbugs warnings. {color} |
| {color:green}+1{color} | {color:green} javadoc {color} | {color:green}  3m  5s{color} | {color:green} master passed {color} |
|| || || || {color:brown} Patch Compile Tests {color} ||
| {color:blue}0{color} | {color:blue} mvndep {color} | {color:blue}  0m 26s{color} | {color:blue} Maven dependency ordering for patch {color} |
| {color:green}+1{color} | {color:green} mvninstall {color} | {color:green}  3m 21s{color} | {color:green} the patch passed {color} |
| {color:green}+1{color} | {color:green} compile {color} | {color:green}  2m 47s{color} | {color:green} the patch passed {color} |
| {color:green}+1{color} | {color:green} javac {color} | {color:green}  2m 47s{color} | {color:green} the patch passed {color} |
| {color:green}+1{color} | {color:green} checkstyle {color} | {color:green}  0m 12s{color} | {color:green} The patch metastore-common passed checkstyle {color} |
| {color:green}+1{color} | {color:green} checkstyle {color} | {color:green}  0m 20s{color} | {color:green} standalone-metastore/metastore-server: The patch generated 0 new + 50 unchanged - 1 fixed = 50 total (was 51) {color} |
| {color:green}+1{color} | {color:green} checkstyle {color} | {color:green}  0m 40s{color} | {color:green} ql: The patch generated 0 new + 68 unchanged - 1 fixed = 68 total (was 69) {color} |
| {color:red}-1{color} | {color:red} checkstyle {color} | {color:red}  0m 19s{color} | {color:red} itests/hive-unit: The patch generated 12 new + 237 unchanged - 12 fixed = 249 total (was 249) {color} |
| {color:green}+1{color} | {color:green} whitespace {color} | {color:green}  0m  0s{color} | {color:green} The patch has no whitespace issues. {color} |
| {color:green}+1{color} | {color:green} findbugs {color} | {color:green}  9m 11s{color} | {color:green} the patch passed {color} |
| {color:green}+1{color} | {color:green} javadoc {color} | {color:green}  3m  8s{color} | {color:green} the patch passed {color} |
|| || || || {color:brown} Other Tests {color} ||
| {color:green}+1{color} | {color:green} asflicense {color} | {color:green}  0m 14s{color} | {color:green} The patch does not generate ASF License warnings. {color} |
| {color:black}{color} | {color:black} {color} | {color:black} 46m 32s{color} | {color:black} {color} |
\\
\\
|| Subsystem || Report/Notes ||
| Optional Tests |  asflicense  javac  javadoc  findbugs  checkstyle  compile  |
| uname | Linux hiveptest-server-upstream 3.16.0-4-amd64 #1 SMP Debian 3.16.43-2+deb8u5 (2017-09-19) x86_64 GNU/Linux |
| Build tool | maven |
| Personality | /data/hiveptest/working/yetus_PreCommit-HIVE-Build-18142/dev-support/hive-personality.sh |
| git revision | master / 11c79af |
| Default Java | 1.8.0_111 |
| findbugs | v3.0.0 |
| checkstyle | http://104.198.109.242/logs//PreCommit-HIVE-Build-18142/yetus/diff-checkstyle-itests_hive-unit.txt |
| modules | C: standalone-metastore/metastore-common standalone-metastore/metastore-server ql itests/hive-unit U: . |
| Console output | http://104.198.109.242/logs//PreCommit-HIVE-Build-18142/yetus.txt |
| Powered by | Apache Yetus    http://yetus.apache.org |


This message was automatically generated.





Here are the results of testing the latest attachment:
https://issues.apache.org/jira/secure/attachment/12975487/HIVE-21960.03.patch

{color:green}SUCCESS:{color} +1 due to 6 test(s) being added or modified.

{color:green}SUCCESS:{color} +1 due to 16688 tests passed

Test results: https://builds.apache.org/job/PreCommit-HIVE-Build/18142/testReport
Console output: https://builds.apache.org/job/PreCommit-HIVE-Build/18142/console
Test logs: http://104.198.109.242/logs/PreCommit-HIVE-Build-18142/

Messages:
{noformat}
Executing org.apache.hive.ptest.execution.TestCheckPhase
Executing org.apache.hive.ptest.execution.PrepPhase
Executing org.apache.hive.ptest.execution.YetusPhase
Executing org.apache.hive.ptest.execution.ExecutionPhase
Executing org.apache.hive.ptest.execution.ReportingPhase
{noformat}

This message is automatically generated.

ATTACHMENT ID: 12975487 - PreCommit-HIVE-Build

[~maheshk114] request to review.

Addressed [~maheshk114]'s comments and rebased the patches.

| (x) *{color:red}-1 overall{color}* |
\\
\\
|| Vote || Subsystem || Runtime || Comment ||
|| || || || {color:brown} Prechecks {color} ||
| {color:green}+1{color} | {color:green} @author {color} | {color:green}  0m  0s{color} | {color:green} The patch does not contain any @author tags. {color} |
|| || || || {color:brown} master Compile Tests {color} ||
| {color:blue}0{color} | {color:blue} mvndep {color} | {color:blue}  1m 45s{color} | {color:blue} Maven dependency ordering for branch {color} |
| {color:green}+1{color} | {color:green} mvninstall {color} | {color:green}  7m 10s{color} | {color:green} master passed {color} |
| {color:green}+1{color} | {color:green} compile {color} | {color:green}  2m 49s{color} | {color:green} master passed {color} |
| {color:green}+1{color} | {color:green} checkstyle {color} | {color:green}  1m 26s{color} | {color:green} master passed {color} |
| {color:blue}0{color} | {color:blue} findbugs {color} | {color:blue}  2m 34s{color} | {color:blue} standalone-metastore/metastore-common in master has 31 extant Findbugs warnings. {color} |
| {color:blue}0{color} | {color:blue} findbugs {color} | {color:blue}  1m 10s{color} | {color:blue} standalone-metastore/metastore-server in master has 179 extant Findbugs warnings. {color} |
| {color:blue}0{color} | {color:blue} findbugs {color} | {color:blue}  4m  6s{color} | {color:blue} ql in master has 2250 extant Findbugs warnings. {color} |
| {color:blue}0{color} | {color:blue} findbugs {color} | {color:blue}  0m 39s{color} | {color:blue} itests/hive-unit in master has 2 extant Findbugs warnings. {color} |
| {color:green}+1{color} | {color:green} javadoc {color} | {color:green}  3m  0s{color} | {color:green} master passed {color} |
|| || || || {color:brown} Patch Compile Tests {color} ||
| {color:blue}0{color} | {color:blue} mvndep {color} | {color:blue}  0m 27s{color} | {color:blue} Maven dependency ordering for patch {color} |
| {color:green}+1{color} | {color:green} mvninstall {color} | {color:green}  3m 11s{color} | {color:green} the patch passed {color} |
| {color:green}+1{color} | {color:green} compile {color} | {color:green}  2m 53s{color} | {color:green} the patch passed {color} |
| {color:green}+1{color} | {color:green} javac {color} | {color:green}  2m 53s{color} | {color:green} the patch passed {color} |
| {color:green}+1{color} | {color:green} checkstyle {color} | {color:green}  0m 10s{color} | {color:green} The patch metastore-common passed checkstyle {color} |
| {color:green}+1{color} | {color:green} checkstyle {color} | {color:green}  0m 18s{color} | {color:green} standalone-metastore/metastore-server: The patch generated 0 new + 50 unchanged - 1 fixed = 50 total (was 51) {color} |
| {color:green}+1{color} | {color:green} checkstyle {color} | {color:green}  0m 41s{color} | {color:green} ql: The patch generated 0 new + 78 unchanged - 1 fixed = 78 total (was 79) {color} |
| {color:red}-1{color} | {color:red} checkstyle {color} | {color:red}  0m 20s{color} | {color:red} itests/hive-unit: The patch generated 12 new + 237 unchanged - 12 fixed = 249 total (was 249) {color} |
| {color:green}+1{color} | {color:green} whitespace {color} | {color:green}  0m  0s{color} | {color:green} The patch has no whitespace issues. {color} |
| {color:green}+1{color} | {color:green} findbugs {color} | {color:green}  9m 14s{color} | {color:green} the patch passed {color} |
| {color:green}+1{color} | {color:green} javadoc {color} | {color:green}  2m 52s{color} | {color:green} the patch passed {color} |
|| || || || {color:brown} Other Tests {color} ||
| {color:green}+1{color} | {color:green} asflicense {color} | {color:green}  0m 14s{color} | {color:green} The patch does not generate ASF License warnings. {color} |
| {color:black}{color} | {color:black} {color} | {color:black} 46m 13s{color} | {color:black} {color} |
\\
\\
|| Subsystem || Report/Notes ||
| Optional Tests |  asflicense  javac  javadoc  findbugs  checkstyle  compile  |
| uname | Linux hiveptest-server-upstream 3.16.0-4-amd64 #1 SMP Debian 3.16.43-2+deb8u5 (2017-09-19) x86_64 GNU/Linux |
| Build tool | maven |
| Personality | /data/hiveptest/working/yetus_PreCommit-HIVE-Build-18203/dev-support/hive-personality.sh |
| git revision | master / b8afcc3 |
| Default Java | 1.8.0_111 |
| findbugs | v3.0.0 |
| checkstyle | http://104.198.109.242/logs//PreCommit-HIVE-Build-18203/yetus/diff-checkstyle-itests_hive-unit.txt |
| modules | C: standalone-metastore/metastore-common standalone-metastore/metastore-server ql itests/hive-unit U: . |
| Console output | http://104.198.109.242/logs//PreCommit-HIVE-Build-18203/yetus.txt |
| Powered by | Apache Yetus    http://yetus.apache.org |


This message was automatically generated.





Here are the results of testing the latest attachment:
https://issues.apache.org/jira/secure/attachment/12976238/HIVE-21960.04.patch

{color:green}SUCCESS:{color} +1 due to 6 test(s) being added or modified.

{color:red}ERROR:{color} -1 due to 3 failed/errored test(s), 16689 tests executed
*Failed tests:*
{noformat}
TestMiniLlapLocalCliDriver - did not produce a TEST-*.xml file (likely timed out) (batchId=160)
	[external_jdbc_table_typeconversion.q,vector_udf_octet_length.q,schema_evol_orc_acidvec_table_update.q,materialized_view_rewrite_part_2.q,vector_decimal_5.q,vector_case_when_conversion.q,escape1.q,schema_evol_orc_acid_table_update_llap_io.q,cte_mat_5.q,acid_meta_columns_decode.q,vector_string_decimal.q,results_cache_lifetime.q,cross_prod_3.q,join46.q,dynpart_sort_optimization2.q,tez_bmj_schema_evolution.q,insert_into_default_keyword.q,bucketmapjoin4.q,vector_orc_null_check.q,semijoin7.q,uber_reduce.q,schema_evol_orc_nonvec_part_all_complex.q,is_distinct_from.q,schema_evol_text_vec_part_all_complex_llap_io.q,auto_sortmerge_join_3.q,vectorization_9.q,materialized_view_create_rewrite.q,merge2.q,join_nulls.q,bucketmapjoin2.q]
org.apache.hadoop.hive.ql.parse.TestReplAcidTablesBootstrapWithJsonMessage.testRetryAcidTablesBootstrapFromDifferentDump (batchId=250)
org.apache.hadoop.hive.ql.parse.TestReplicationScenariosAcidTablesBootstrap.testRetryAcidTablesBootstrapFromDifferentDump (batchId=248)
{noformat}

Test results: https://builds.apache.org/job/PreCommit-HIVE-Build/18203/testReport
Console output: https://builds.apache.org/job/PreCommit-HIVE-Build/18203/console
Test logs: http://104.198.109.242/logs/PreCommit-HIVE-Build-18203/

Messages:
{noformat}
Executing org.apache.hive.ptest.execution.TestCheckPhase
Executing org.apache.hive.ptest.execution.PrepPhase
Executing org.apache.hive.ptest.execution.YetusPhase
Executing org.apache.hive.ptest.execution.ExecutionPhase
Executing org.apache.hive.ptest.execution.ReportingPhase
Tests exited with: TestsFailedException: 3 tests failed
{noformat}

This message is automatically generated.

ATTACHMENT ID: 12976238 - PreCommit-HIVE-Build

Fixed failures in the previous ptest run.

| (x) *{color:red}-1 overall{color}* |
\\
\\
|| Vote || Subsystem || Runtime || Comment ||
|| || || || {color:brown} Prechecks {color} ||
| {color:green}+1{color} | {color:green} @author {color} | {color:green}  0m  0s{color} | {color:green} The patch does not contain any @author tags. {color} |
|| || || || {color:brown} master Compile Tests {color} ||
| {color:blue}0{color} | {color:blue} mvndep {color} | {color:blue}  1m 47s{color} | {color:blue} Maven dependency ordering for branch {color} |
| {color:green}+1{color} | {color:green} mvninstall {color} | {color:green}  7m  5s{color} | {color:green} master passed {color} |
| {color:green}+1{color} | {color:green} compile {color} | {color:green}  2m 46s{color} | {color:green} master passed {color} |
| {color:green}+1{color} | {color:green} checkstyle {color} | {color:green}  1m 26s{color} | {color:green} master passed {color} |
| {color:blue}0{color} | {color:blue} findbugs {color} | {color:blue}  2m 27s{color} | {color:blue} standalone-metastore/metastore-common in master has 31 extant Findbugs warnings. {color} |
| {color:blue}0{color} | {color:blue} findbugs {color} | {color:blue}  1m 14s{color} | {color:blue} standalone-metastore/metastore-server in master has 179 extant Findbugs warnings. {color} |
| {color:blue}0{color} | {color:blue} findbugs {color} | {color:blue}  4m  5s{color} | {color:blue} ql in master has 2250 extant Findbugs warnings. {color} |
| {color:blue}0{color} | {color:blue} findbugs {color} | {color:blue}  0m 39s{color} | {color:blue} itests/hive-unit in master has 2 extant Findbugs warnings. {color} |
| {color:green}+1{color} | {color:green} javadoc {color} | {color:green}  2m 59s{color} | {color:green} master passed {color} |
|| || || || {color:brown} Patch Compile Tests {color} ||
| {color:blue}0{color} | {color:blue} mvndep {color} | {color:blue}  0m 26s{color} | {color:blue} Maven dependency ordering for patch {color} |
| {color:green}+1{color} | {color:green} mvninstall {color} | {color:green}  3m 12s{color} | {color:green} the patch passed {color} |
| {color:green}+1{color} | {color:green} compile {color} | {color:green}  2m 48s{color} | {color:green} the patch passed {color} |
| {color:green}+1{color} | {color:green} javac {color} | {color:green}  2m 48s{color} | {color:green} the patch passed {color} |
| {color:green}+1{color} | {color:green} checkstyle {color} | {color:green}  0m 11s{color} | {color:green} The patch metastore-common passed checkstyle {color} |
| {color:green}+1{color} | {color:green} checkstyle {color} | {color:green}  0m 17s{color} | {color:green} standalone-metastore/metastore-server: The patch generated 0 new + 50 unchanged - 1 fixed = 50 total (was 51) {color} |
| {color:red}-1{color} | {color:red} checkstyle {color} | {color:red}  0m 39s{color} | {color:red} ql: The patch generated 1 new + 80 unchanged - 1 fixed = 81 total (was 81) {color} |
| {color:red}-1{color} | {color:red} checkstyle {color} | {color:red}  0m 20s{color} | {color:red} itests/hive-unit: The patch generated 12 new + 237 unchanged - 12 fixed = 249 total (was 249) {color} |
| {color:green}+1{color} | {color:green} whitespace {color} | {color:green}  0m  0s{color} | {color:green} The patch has no whitespace issues. {color} |
| {color:green}+1{color} | {color:green} findbugs {color} | {color:green}  9m  0s{color} | {color:green} the patch passed {color} |
| {color:green}+1{color} | {color:green} javadoc {color} | {color:green}  3m  1s{color} | {color:green} the patch passed {color} |
|| || || || {color:brown} Other Tests {color} ||
| {color:green}+1{color} | {color:green} asflicense {color} | {color:green}  0m 13s{color} | {color:green} The patch does not generate ASF License warnings. {color} |
| {color:black}{color} | {color:black} {color} | {color:black} 45m 44s{color} | {color:black} {color} |
\\
\\
|| Subsystem || Report/Notes ||
| Optional Tests |  asflicense  javac  javadoc  findbugs  checkstyle  compile  |
| uname | Linux hiveptest-server-upstream 3.16.0-4-amd64 #1 SMP Debian 3.16.43-2+deb8u5 (2017-09-19) x86_64 GNU/Linux |
| Build tool | maven |
| Personality | /data/hiveptest/working/yetus_PreCommit-HIVE-Build-18211/dev-support/hive-personality.sh |
| git revision | master / dd190d9 |
| Default Java | 1.8.0_111 |
| findbugs | v3.0.0 |
| checkstyle | http://104.198.109.242/logs//PreCommit-HIVE-Build-18211/yetus/diff-checkstyle-ql.txt |
| checkstyle | http://104.198.109.242/logs//PreCommit-HIVE-Build-18211/yetus/diff-checkstyle-itests_hive-unit.txt |
| modules | C: standalone-metastore/metastore-common standalone-metastore/metastore-server ql itests/hive-unit U: . |
| Console output | http://104.198.109.242/logs//PreCommit-HIVE-Build-18211/yetus.txt |
| Powered by | Apache Yetus    http://yetus.apache.org |


This message was automatically generated.





Here are the results of testing the latest attachment:
https://issues.apache.org/jira/secure/attachment/12976325/HIVE-21960.05.patch

{color:green}SUCCESS:{color} +1 due to 6 test(s) being added or modified.

{color:red}ERROR:{color} -1 due to 1 failed/errored test(s), 16721 tests executed
*Failed tests:*
{noformat}
org.apache.hadoop.hive.metastore.TestPartitionManagement.testPartitionDiscoveryTransactionalTable (batchId=222)
{noformat}

Test results: https://builds.apache.org/job/PreCommit-HIVE-Build/18211/testReport
Console output: https://builds.apache.org/job/PreCommit-HIVE-Build/18211/console
Test logs: http://104.198.109.242/logs/PreCommit-HIVE-Build-18211/

Messages:
{noformat}
Executing org.apache.hive.ptest.execution.TestCheckPhase
Executing org.apache.hive.ptest.execution.PrepPhase
Executing org.apache.hive.ptest.execution.YetusPhase
Executing org.apache.hive.ptest.execution.ExecutionPhase
Executing org.apache.hive.ptest.execution.ReportingPhase
Tests exited with: TestsFailedException: 1 tests failed
{noformat}

This message is automatically generated.

ATTACHMENT ID: 12976325 - PreCommit-HIVE-Build

Attaching 05 as 06 patch again to trigger ptest. 

| (x) *{color:red}-1 overall{color}* |
\\
\\
|| Vote || Subsystem || Runtime || Comment ||
|| || || || {color:brown} Prechecks {color} ||
| {color:green}+1{color} | {color:green} @author {color} | {color:green}  0m  0s{color} | {color:green} The patch does not contain any @author tags. {color} |
|| || || || {color:brown} master Compile Tests {color} ||
| {color:blue}0{color} | {color:blue} mvndep {color} | {color:blue}  1m 51s{color} | {color:blue} Maven dependency ordering for branch {color} |
| {color:green}+1{color} | {color:green} mvninstall {color} | {color:green}  7m  9s{color} | {color:green} master passed {color} |
| {color:green}+1{color} | {color:green} compile {color} | {color:green}  2m 50s{color} | {color:green} master passed {color} |
| {color:green}+1{color} | {color:green} checkstyle {color} | {color:green}  1m 29s{color} | {color:green} master passed {color} |
| {color:blue}0{color} | {color:blue} findbugs {color} | {color:blue}  2m 23s{color} | {color:blue} standalone-metastore/metastore-common in master has 31 extant Findbugs warnings. {color} |
| {color:blue}0{color} | {color:blue} findbugs {color} | {color:blue}  1m 14s{color} | {color:blue} standalone-metastore/metastore-server in master has 179 extant Findbugs warnings. {color} |
| {color:blue}0{color} | {color:blue} findbugs {color} | {color:blue}  4m  3s{color} | {color:blue} ql in master has 2250 extant Findbugs warnings. {color} |
| {color:blue}0{color} | {color:blue} findbugs {color} | {color:blue}  0m 41s{color} | {color:blue} itests/hive-unit in master has 2 extant Findbugs warnings. {color} |
| {color:green}+1{color} | {color:green} javadoc {color} | {color:green}  2m 58s{color} | {color:green} master passed {color} |
|| || || || {color:brown} Patch Compile Tests {color} ||
| {color:blue}0{color} | {color:blue} mvndep {color} | {color:blue}  0m 26s{color} | {color:blue} Maven dependency ordering for patch {color} |
| {color:green}+1{color} | {color:green} mvninstall {color} | {color:green}  3m 11s{color} | {color:green} the patch passed {color} |
| {color:green}+1{color} | {color:green} compile {color} | {color:green}  2m 49s{color} | {color:green} the patch passed {color} |
| {color:green}+1{color} | {color:green} javac {color} | {color:green}  2m 49s{color} | {color:green} the patch passed {color} |
| {color:green}+1{color} | {color:green} checkstyle {color} | {color:green}  0m 11s{color} | {color:green} The patch metastore-common passed checkstyle {color} |
| {color:green}+1{color} | {color:green} checkstyle {color} | {color:green}  0m 19s{color} | {color:green} standalone-metastore/metastore-server: The patch generated 0 new + 50 unchanged - 1 fixed = 50 total (was 51) {color} |
| {color:red}-1{color} | {color:red} checkstyle {color} | {color:red}  0m 42s{color} | {color:red} ql: The patch generated 1 new + 80 unchanged - 1 fixed = 81 total (was 81) {color} |
| {color:red}-1{color} | {color:red} checkstyle {color} | {color:red}  0m 19s{color} | {color:red} itests/hive-unit: The patch generated 12 new + 237 unchanged - 12 fixed = 249 total (was 249) {color} |
| {color:green}+1{color} | {color:green} whitespace {color} | {color:green}  0m  0s{color} | {color:green} The patch has no whitespace issues. {color} |
| {color:green}+1{color} | {color:green} findbugs {color} | {color:green}  8m 48s{color} | {color:green} the patch passed {color} |
| {color:green}+1{color} | {color:green} javadoc {color} | {color:green}  3m 10s{color} | {color:green} the patch passed {color} |
|| || || || {color:brown} Other Tests {color} ||
| {color:green}+1{color} | {color:green} asflicense {color} | {color:green}  0m 13s{color} | {color:green} The patch does not generate ASF License warnings. {color} |
| {color:black}{color} | {color:black} {color} | {color:black} 45m 53s{color} | {color:black} {color} |
\\
\\
|| Subsystem || Report/Notes ||
| Optional Tests |  asflicense  javac  javadoc  findbugs  checkstyle  compile  |
| uname | Linux hiveptest-server-upstream 3.16.0-4-amd64 #1 SMP Debian 3.16.43-2+deb8u5 (2017-09-19) x86_64 GNU/Linux |
| Build tool | maven |
| Personality | /data/hiveptest/working/yetus_PreCommit-HIVE-Build-18214/dev-support/hive-personality.sh |
| git revision | master / dd190d9 |
| Default Java | 1.8.0_111 |
| findbugs | v3.0.0 |
| checkstyle | http://104.198.109.242/logs//PreCommit-HIVE-Build-18214/yetus/diff-checkstyle-ql.txt |
| checkstyle | http://104.198.109.242/logs//PreCommit-HIVE-Build-18214/yetus/diff-checkstyle-itests_hive-unit.txt |
| modules | C: standalone-metastore/metastore-common standalone-metastore/metastore-server ql itests/hive-unit U: . |
| Console output | http://104.198.109.242/logs//PreCommit-HIVE-Build-18214/yetus.txt |
| Powered by | Apache Yetus    http://yetus.apache.org |


This message was automatically generated.





Here are the results of testing the latest attachment:
https://issues.apache.org/jira/secure/attachment/12976345/HIVE-21960.06.patch

{color:green}SUCCESS:{color} +1 due to 6 test(s) being added or modified.

{color:red}ERROR:{color} -1 due to 1 failed/errored test(s), 16721 tests executed
*Failed tests:*
{noformat}
org.apache.hadoop.hive.cli.TestCliDriver.testCliDriver[stats_part] (batchId=52)
{noformat}

Test results: https://builds.apache.org/job/PreCommit-HIVE-Build/18214/testReport
Console output: https://builds.apache.org/job/PreCommit-HIVE-Build/18214/console
Test logs: http://104.198.109.242/logs/PreCommit-HIVE-Build-18214/

Messages:
{noformat}
Executing org.apache.hive.ptest.execution.TestCheckPhase
Executing org.apache.hive.ptest.execution.PrepPhase
Executing org.apache.hive.ptest.execution.YetusPhase
Executing org.apache.hive.ptest.execution.ExecutionPhase
Executing org.apache.hive.ptest.execution.ReportingPhase
Tests exited with: TestsFailedException: 1 tests failed
{noformat}

This message is automatically generated.

ATTACHMENT ID: 12976345 - PreCommit-HIVE-Build

Addressed last round of [~maheshk114]'s comments.

| (x) *{color:red}-1 overall{color}* |
\\
\\
|| Vote || Subsystem || Runtime || Comment ||
|| || || || {color:brown} Prechecks {color} ||
| {color:green}+1{color} | {color:green} @author {color} | {color:green}  0m  0s{color} | {color:green} The patch does not contain any @author tags. {color} |
|| || || || {color:brown} master Compile Tests {color} ||
| {color:blue}0{color} | {color:blue} mvndep {color} | {color:blue}  1m 29s{color} | {color:blue} Maven dependency ordering for branch {color} |
| {color:green}+1{color} | {color:green} mvninstall {color} | {color:green}  7m 31s{color} | {color:green} master passed {color} |
| {color:green}+1{color} | {color:green} compile {color} | {color:green}  2m 53s{color} | {color:green} master passed {color} |
| {color:green}+1{color} | {color:green} checkstyle {color} | {color:green}  1m 29s{color} | {color:green} master passed {color} |
| {color:blue}0{color} | {color:blue} findbugs {color} | {color:blue}  2m 28s{color} | {color:blue} standalone-metastore/metastore-common in master has 31 extant Findbugs warnings. {color} |
| {color:blue}0{color} | {color:blue} findbugs {color} | {color:blue}  1m 14s{color} | {color:blue} standalone-metastore/metastore-server in master has 180 extant Findbugs warnings. {color} |
| {color:blue}0{color} | {color:blue} findbugs {color} | {color:blue}  4m  7s{color} | {color:blue} ql in master has 2250 extant Findbugs warnings. {color} |
| {color:blue}0{color} | {color:blue} findbugs {color} | {color:blue}  0m 38s{color} | {color:blue} itests/hive-unit in master has 2 extant Findbugs warnings. {color} |
| {color:green}+1{color} | {color:green} javadoc {color} | {color:green}  3m  4s{color} | {color:green} master passed {color} |
|| || || || {color:brown} Patch Compile Tests {color} ||
| {color:blue}0{color} | {color:blue} mvndep {color} | {color:blue}  0m 28s{color} | {color:blue} Maven dependency ordering for patch {color} |
| {color:green}+1{color} | {color:green} mvninstall {color} | {color:green}  3m 17s{color} | {color:green} the patch passed {color} |
| {color:green}+1{color} | {color:green} compile {color} | {color:green}  2m 50s{color} | {color:green} the patch passed {color} |
| {color:green}+1{color} | {color:green} javac {color} | {color:green}  2m 50s{color} | {color:green} the patch passed {color} |
| {color:green}+1{color} | {color:green} checkstyle {color} | {color:green}  0m 12s{color} | {color:green} The patch metastore-common passed checkstyle {color} |
| {color:green}+1{color} | {color:green} checkstyle {color} | {color:green}  0m 19s{color} | {color:green} standalone-metastore/metastore-server: The patch generated 0 new + 50 unchanged - 1 fixed = 50 total (was 51) {color} |
| {color:green}+1{color} | {color:green} checkstyle {color} | {color:green}  0m 40s{color} | {color:green} ql: The patch generated 0 new + 70 unchanged - 1 fixed = 70 total (was 71) {color} |
| {color:red}-1{color} | {color:red} checkstyle {color} | {color:red}  0m 18s{color} | {color:red} itests/hive-unit: The patch generated 12 new + 237 unchanged - 12 fixed = 249 total (was 249) {color} |
| {color:green}+1{color} | {color:green} whitespace {color} | {color:green}  0m  0s{color} | {color:green} The patch has no whitespace issues. {color} |
| {color:green}+1{color} | {color:green} findbugs {color} | {color:green}  9m  8s{color} | {color:green} the patch passed {color} |
| {color:green}+1{color} | {color:green} javadoc {color} | {color:green}  2m 49s{color} | {color:green} the patch passed {color} |
|| || || || {color:brown} Other Tests {color} ||
| {color:green}+1{color} | {color:green} asflicense {color} | {color:green}  0m 15s{color} | {color:green} The patch does not generate ASF License warnings. {color} |
| {color:black}{color} | {color:black} {color} | {color:black} 46m 14s{color} | {color:black} {color} |
\\
\\
|| Subsystem || Report/Notes ||
| Optional Tests |  asflicense  javac  javadoc  findbugs  checkstyle  compile  |
| uname | Linux hiveptest-server-upstream 3.16.0-4-amd64 #1 SMP Debian 3.16.43-2+deb8u5 (2017-09-19) x86_64 GNU/Linux |
| Build tool | maven |
| Personality | /data/hiveptest/working/yetus_PreCommit-HIVE-Build-18228/dev-support/hive-personality.sh |
| git revision | master / 1fb0107 |
| Default Java | 1.8.0_111 |
| findbugs | v3.0.0 |
| checkstyle | http://104.198.109.242/logs//PreCommit-HIVE-Build-18228/yetus/diff-checkstyle-itests_hive-unit.txt |
| modules | C: standalone-metastore/metastore-common standalone-metastore/metastore-server ql itests/hive-unit U: . |
| Console output | http://104.198.109.242/logs//PreCommit-HIVE-Build-18228/yetus.txt |
| Powered by | Apache Yetus    http://yetus.apache.org |


This message was automatically generated.





Here are the results of testing the latest attachment:
https://issues.apache.org/jira/secure/attachment/12976395/HIVE-21960.07.patch

{color:green}SUCCESS:{color} +1 due to 6 test(s) being added or modified.

{color:red}ERROR:{color} -1 due to 15 failed/errored test(s), 16722 tests executed
*Failed tests:*
{noformat}
org.apache.hadoop.hive.cli.TestCliDriver.testCliDriver[mapjoin_memcheck] (batchId=46)
org.apache.hadoop.hive.metastore.TestObjectStore.catalogs (batchId=232)
org.apache.hadoop.hive.metastore.TestObjectStore.testDatabaseOps (batchId=232)
org.apache.hadoop.hive.metastore.TestObjectStore.testDeprecatedConfigIsOverwritten (batchId=232)
org.apache.hadoop.hive.metastore.TestObjectStore.testDirectSQLDropParitionsCleanup (batchId=232)
org.apache.hadoop.hive.metastore.TestObjectStore.testDirectSQLDropPartitionsCacheCrossSession (batchId=232)
org.apache.hadoop.hive.metastore.TestObjectStore.testDirectSqlErrorMetrics (batchId=232)
org.apache.hadoop.hive.metastore.TestObjectStore.testEmptyTrustStoreProps (batchId=232)
org.apache.hadoop.hive.metastore.TestObjectStore.testMasterKeyOps (batchId=232)
org.apache.hadoop.hive.metastore.TestObjectStore.testMaxEventResponse (batchId=232)
org.apache.hadoop.hive.metastore.TestObjectStore.testPartitionOps (batchId=232)
org.apache.hadoop.hive.metastore.TestObjectStore.testQueryCloseOnError (batchId=232)
org.apache.hadoop.hive.metastore.TestObjectStore.testRoleOps (batchId=232)
org.apache.hadoop.hive.metastore.TestObjectStore.testTableOps (batchId=232)
org.apache.hadoop.hive.metastore.TestObjectStore.testUseSSLProperty (batchId=232)
{noformat}

Test results: https://builds.apache.org/job/PreCommit-HIVE-Build/18228/testReport
Console output: https://builds.apache.org/job/PreCommit-HIVE-Build/18228/console
Test logs: http://104.198.109.242/logs/PreCommit-HIVE-Build-18228/

Messages:
{noformat}
Executing org.apache.hive.ptest.execution.TestCheckPhase
Executing org.apache.hive.ptest.execution.PrepPhase
Executing org.apache.hive.ptest.execution.YetusPhase
Executing org.apache.hive.ptest.execution.ExecutionPhase
Executing org.apache.hive.ptest.execution.ReportingPhase
Tests exited with: TestsFailedException: 15 tests failed
{noformat}

This message is automatically generated.

ATTACHMENT ID: 12976395 - PreCommit-HIVE-Build

The failure in the last regression looks flaky. The test is passing for me locally. Attaching 07 as 08 again.

| (x) *{color:red}-1 overall{color}* |
\\
\\
|| Vote || Subsystem || Runtime || Comment ||
|| || || || {color:brown} Prechecks {color} ||
| {color:green}+1{color} | {color:green} @author {color} | {color:green}  0m  0s{color} | {color:green} The patch does not contain any @author tags. {color} |
|| || || || {color:brown} master Compile Tests {color} ||
| {color:blue}0{color} | {color:blue} mvndep {color} | {color:blue}  1m 44s{color} | {color:blue} Maven dependency ordering for branch {color} |
| {color:green}+1{color} | {color:green} mvninstall {color} | {color:green}  7m  4s{color} | {color:green} master passed {color} |
| {color:green}+1{color} | {color:green} compile {color} | {color:green}  2m 48s{color} | {color:green} master passed {color} |
| {color:green}+1{color} | {color:green} checkstyle {color} | {color:green}  1m 27s{color} | {color:green} master passed {color} |
| {color:blue}0{color} | {color:blue} findbugs {color} | {color:blue}  2m 31s{color} | {color:blue} standalone-metastore/metastore-common in master has 31 extant Findbugs warnings. {color} |
| {color:blue}0{color} | {color:blue} findbugs {color} | {color:blue}  1m 12s{color} | {color:blue} standalone-metastore/metastore-server in master has 180 extant Findbugs warnings. {color} |
| {color:blue}0{color} | {color:blue} findbugs {color} | {color:blue}  4m  6s{color} | {color:blue} ql in master has 2250 extant Findbugs warnings. {color} |
| {color:blue}0{color} | {color:blue} findbugs {color} | {color:blue}  0m 38s{color} | {color:blue} itests/hive-unit in master has 2 extant Findbugs warnings. {color} |
| {color:green}+1{color} | {color:green} javadoc {color} | {color:green}  3m  1s{color} | {color:green} master passed {color} |
|| || || || {color:brown} Patch Compile Tests {color} ||
| {color:blue}0{color} | {color:blue} mvndep {color} | {color:blue}  0m 27s{color} | {color:blue} Maven dependency ordering for patch {color} |
| {color:green}+1{color} | {color:green} mvninstall {color} | {color:green}  3m  7s{color} | {color:green} the patch passed {color} |
| {color:green}+1{color} | {color:green} compile {color} | {color:green}  2m 46s{color} | {color:green} the patch passed {color} |
| {color:green}+1{color} | {color:green} javac {color} | {color:green}  2m 46s{color} | {color:green} the patch passed {color} |
| {color:green}+1{color} | {color:green} checkstyle {color} | {color:green}  0m 11s{color} | {color:green} The patch metastore-common passed checkstyle {color} |
| {color:green}+1{color} | {color:green} checkstyle {color} | {color:green}  0m 18s{color} | {color:green} standalone-metastore/metastore-server: The patch generated 0 new + 50 unchanged - 1 fixed = 50 total (was 51) {color} |
| {color:green}+1{color} | {color:green} checkstyle {color} | {color:green}  0m 41s{color} | {color:green} ql: The patch generated 0 new + 70 unchanged - 1 fixed = 70 total (was 71) {color} |
| {color:red}-1{color} | {color:red} checkstyle {color} | {color:red}  0m 20s{color} | {color:red} itests/hive-unit: The patch generated 12 new + 237 unchanged - 12 fixed = 249 total (was 249) {color} |
| {color:green}+1{color} | {color:green} whitespace {color} | {color:green}  0m  0s{color} | {color:green} The patch has no whitespace issues. {color} |
| {color:green}+1{color} | {color:green} findbugs {color} | {color:green}  9m  1s{color} | {color:green} the patch passed {color} |
| {color:green}+1{color} | {color:green} javadoc {color} | {color:green}  3m  3s{color} | {color:green} the patch passed {color} |
|| || || || {color:brown} Other Tests {color} ||
| {color:green}+1{color} | {color:green} asflicense {color} | {color:green}  0m 13s{color} | {color:green} The patch does not generate ASF License warnings. {color} |
| {color:black}{color} | {color:black} {color} | {color:black} 45m 51s{color} | {color:black} {color} |
\\
\\
|| Subsystem || Report/Notes ||
| Optional Tests |  asflicense  javac  javadoc  findbugs  checkstyle  compile  |
| uname | Linux hiveptest-server-upstream 3.16.0-4-amd64 #1 SMP Debian 3.16.43-2+deb8u5 (2017-09-19) x86_64 GNU/Linux |
| Build tool | maven |
| Personality | /data/hiveptest/working/yetus_PreCommit-HIVE-Build-18231/dev-support/hive-personality.sh |
| git revision | master / 1fb0107 |
| Default Java | 1.8.0_111 |
| findbugs | v3.0.0 |
| checkstyle | http://104.198.109.242/logs//PreCommit-HIVE-Build-18231/yetus/diff-checkstyle-itests_hive-unit.txt |
| modules | C: standalone-metastore/metastore-common standalone-metastore/metastore-server ql itests/hive-unit U: . |
| Console output | http://104.198.109.242/logs//PreCommit-HIVE-Build-18231/yetus.txt |
| Powered by | Apache Yetus    http://yetus.apache.org |


This message was automatically generated.





Here are the results of testing the latest attachment:
https://issues.apache.org/jira/secure/attachment/12976413/HIVE-21960.08.patch

{color:green}SUCCESS:{color} +1 due to 6 test(s) being added or modified.

{color:green}SUCCESS:{color} +1 due to 16722 tests passed

Test results: https://builds.apache.org/job/PreCommit-HIVE-Build/18231/testReport
Console output: https://builds.apache.org/job/PreCommit-HIVE-Build/18231/console
Test logs: http://104.198.109.242/logs/PreCommit-HIVE-Build-18231/

Messages:
{noformat}
Executing org.apache.hive.ptest.execution.TestCheckPhase
Executing org.apache.hive.ptest.execution.PrepPhase
Executing org.apache.hive.ptest.execution.YetusPhase
Executing org.apache.hive.ptest.execution.ExecutionPhase
Executing org.apache.hive.ptest.execution.ReportingPhase
{noformat}

This message is automatically generated.

ATTACHMENT ID: 12976413 - PreCommit-HIVE-Build

HIVE-21960.08.patch committed to master. Thanks [~ashutosh.bapat] for fixing.

