Attached a patch that enabled windowing.q for spark. The test output is about the same as that of MapReduce, except some counter related exceptions:
{noformat}
[Error 30017]: Skipping stats aggregation by error org.apache.hadoop.h    <
[Error 30017]: Skipping stats aggregation by error org.apache.hadoop.h    <
[Error 30017]: Skipping stats aggregation by error org.apache.hadoop.h    <
{noformat}

Awesome [~jxiang]!! Hive has some strange patch name requirements. They are documented here:

https://cwiki.apache.org/confluence/display/Hive/Hive+PreCommit+Patch+Testing

but the short answer is that we should change your patch name to {{HIVE-8352.1-spark.patch}}.



{color:red}Overall{color}: -1 no tests executed

Here are the results of testing the latest attachment:
https://issues.apache.org/jira/secure/attachment/12673011/hive-8385.patch

Test results: http://ec2-174-129-184-35.compute-1.amazonaws.com/jenkins/job/PreCommit-HIVE-TRUNK-Build/1126/testReport
Console output: http://ec2-174-129-184-35.compute-1.amazonaws.com/jenkins/job/PreCommit-HIVE-TRUNK-Build/1126/console
Test logs: http://ec2-174-129-184-35.compute-1.amazonaws.com/logs/PreCommit-HIVE-TRUNK-Build-1126/

Messages:
{noformat}
Executing org.apache.hive.ptest.execution.PrepPhase
Tests exited with: NonZeroExitCodeException
Command 'bash /data/hive-ptest/working/scratch/source-prep.sh' failed with exit status 1 and output '+ [[ -n /usr/java/jdk1.7.0_45-cloudera ]]
+ export JAVA_HOME=/usr/java/jdk1.7.0_45-cloudera
+ JAVA_HOME=/usr/java/jdk1.7.0_45-cloudera
+ export PATH=/usr/java/jdk1.7.0_45-cloudera/bin/:/usr/java/jdk1.6.0_34/bin:/usr/local/apache-maven-3.0.5/bin:/usr/local/apache-maven-3.0.5/bin:/usr/java/jdk1.6.0_34/bin:/usr/local/apache-ant-1.9.1/bin:/usr/local/bin:/bin:/usr/bin:/usr/local/sbin:/usr/sbin:/sbin:/home/hiveptest/bin
+ PATH=/usr/java/jdk1.7.0_45-cloudera/bin/:/usr/java/jdk1.6.0_34/bin:/usr/local/apache-maven-3.0.5/bin:/usr/local/apache-maven-3.0.5/bin:/usr/java/jdk1.6.0_34/bin:/usr/local/apache-ant-1.9.1/bin:/usr/local/bin:/bin:/usr/bin:/usr/local/sbin:/usr/sbin:/sbin:/home/hiveptest/bin
+ export 'ANT_OPTS=-Xmx1g -XX:MaxPermSize=256m '
+ ANT_OPTS='-Xmx1g -XX:MaxPermSize=256m '
+ export 'M2_OPTS=-Xmx1g -XX:MaxPermSize=256m -Dhttp.proxyHost=localhost -Dhttp.proxyPort=3128'
+ M2_OPTS='-Xmx1g -XX:MaxPermSize=256m -Dhttp.proxyHost=localhost -Dhttp.proxyPort=3128'
+ cd /data/hive-ptest/working/
+ tee /data/hive-ptest/logs/PreCommit-HIVE-TRUNK-Build-1126/source-prep.txt
+ [[ false == \t\r\u\e ]]
+ mkdir -p maven ivy
+ [[ svn = \s\v\n ]]
+ [[ -n '' ]]
+ [[ -d apache-svn-trunk-source ]]
+ [[ ! -d apache-svn-trunk-source/.svn ]]
+ [[ ! -d apache-svn-trunk-source ]]
+ cd apache-svn-trunk-source
+ svn revert -R .
Reverted 'ql/src/test/results/compiler/plan/udf1.q.xml'
Reverted 'ql/src/test/results/compiler/plan/udf4.q.xml'
Reverted 'ql/src/test/results/compiler/plan/udf6.q.xml'
Reverted 'ql/src/test/results/compiler/plan/udf_case.q.xml'
Reverted 'ql/src/test/results/compiler/plan/udf_when.q.xml'
Reverted 'ql/src/test/results/compiler/plan/cast1.q.xml'
Reverted 'ql/src/java/org/apache/hadoop/hive/ql/optimizer/ConstantPropagateProcFactory.java'
Reverted 'ql/src/java/org/apache/hadoop/hive/ql/optimizer/GroupByOptimizer.java'
Reverted 'ql/src/java/org/apache/hadoop/hive/ql/optimizer/Optimizer.java'
++ egrep -v '^X|^Performing status on external'
++ awk '{print $2}'
++ svn status --no-ignore
+ rm -rf target datanucleus.log ant/target shims/target shims/0.20/target shims/0.20S/target shims/0.23/target shims/aggregator/target shims/common/target shims/common-secure/target packaging/target hbase-handler/target testutils/target jdbc/target metastore/target itests/target itests/hcatalog-unit/target itests/test-serde/target itests/qtest/target itests/hive-unit-hadoop2/target itests/hive-minikdc/target itests/hive-unit/target itests/custom-serde/target itests/util/target hcatalog/target hcatalog/core/target hcatalog/streaming/target hcatalog/server-extensions/target hcatalog/hcatalog-pig-adapter/target hcatalog/webhcat/svr/target hcatalog/webhcat/java-client/target accumulo-handler/target hwi/target common/target common/src/gen contrib/target service/target serde/target beeline/target odbc/target cli/target ql/dependency-reduced-pom.xml ql/target
+ svn update

Fetching external item into 'hcatalog/src/test/e2e/harness'
External at revision 1629526.

At revision 1629526.
+ patchCommandPath=/data/hive-ptest/working/scratch/smart-apply-patch.sh
+ patchFilePath=/data/hive-ptest/working/scratch/build.patch
+ [[ -f /data/hive-ptest/working/scratch/build.patch ]]
+ chmod +x /data/hive-ptest/working/scratch/smart-apply-patch.sh
+ /data/hive-ptest/working/scratch/smart-apply-patch.sh /data/hive-ptest/working/scratch/build.patch
The patch does not appear to apply with p0, p1, or p2
+ exit 1
'
{noformat}

This message is automatically generated.

ATTACHMENT ID: 12673011

Got it. Renamed the patch.



{color:red}Overall{color}: -1 at least one tests failed

Here are the results of testing the latest attachment:
https://issues.apache.org/jira/secure/attachment/12673050/HIVE-8352.1-spark.patch

{color:red}ERROR:{color} -1 due to 3 failed/errored test(s), 6586 tests executed
*Failed tests:*
{noformat}
org.apache.hadoop.hive.cli.TestCliDriver.testCliDriver_sample_islocalmode_hook
org.apache.hadoop.hive.cli.TestMiniTezCliDriver.testCliDriver_tez_smb_1
org.apache.hadoop.hive.cli.TestNegativeCliDriver.testNegativeCliDriver_fs_default_name2
{noformat}

Test results: http://ec2-174-129-184-35.compute-1.amazonaws.com/jenkins/job/PreCommit-HIVE-SPARK-Build/195/testReport
Console output: http://ec2-174-129-184-35.compute-1.amazonaws.com/jenkins/job/PreCommit-HIVE-SPARK-Build/195/console
Test logs: http://ec2-174-129-184-35.compute-1.amazonaws.com/logs/PreCommit-HIVE-SPARK-Build-195/

Messages:
{noformat}
Executing org.apache.hive.ptest.execution.PrepPhase
Executing org.apache.hive.ptest.execution.ExecutionPhase
Executing org.apache.hive.ptest.execution.ReportingPhase
Tests exited with: TestsFailedException: 3 tests failed
{noformat}

This message is automatically generated.

ATTACHMENT ID: 12673050

Thank you Jimmy! I am uploading the patch again since I just did a big merge from trunk.



{color:red}Overall{color}: -1 at least one tests failed

Here are the results of testing the latest attachment:
https://issues.apache.org/jira/secure/attachment/12673055/HIVE-8352.1-spark.patch

{color:red}ERROR:{color} -1 due to 2 failed/errored test(s), 6739 tests executed
*Failed tests:*
{noformat}
org.apache.hadoop.hive.cli.TestCliDriver.testCliDriver_sample_islocalmode_hook
org.apache.hadoop.hive.cli.TestSparkCliDriver.testCliDriver_parallel
{noformat}

Test results: http://ec2-174-129-184-35.compute-1.amazonaws.com/jenkins/job/PreCommit-HIVE-SPARK-Build/196/testReport
Console output: http://ec2-174-129-184-35.compute-1.amazonaws.com/jenkins/job/PreCommit-HIVE-SPARK-Build/196/console
Test logs: http://ec2-174-129-184-35.compute-1.amazonaws.com/logs/PreCommit-HIVE-SPARK-Build-196/

Messages:
{noformat}
Executing org.apache.hive.ptest.execution.PrepPhase
Executing org.apache.hive.ptest.execution.ExecutionPhase
Executing org.apache.hive.ptest.execution.ReportingPhase
Tests exited with: TestsFailedException: 2 tests failed
{noformat}

This message is automatically generated.

ATTACHMENT ID: 12673055

[~jxiang] does parallel.q pass for you locally, without test.overwrite.output=true? If it does pass, can you open a subtask of HIVE-7292 to investigate the flakiness? 

+1 pending resolution of parallel.q

Parallel.q is ok for me locally sometimes. Filed HIVE-8362 to look into the failure.

