Test runtime after moving to MiniLlap

||QFiles||TestCliDriver elapsed time||TestMiniLlapCliDriver elapsed time||Comments||
|special_character_in_tabnames_1.q|419.229|62.453| |
|unionDistinct_1.q|278.583|54.171| |
|vector_leftsemi_mapjoin.q|232.313|57.86| |
|join_filters.q|172.436|31.507| |
|escape2.q|167.503|126.536| |
|archive_excludeHadoop20.q|163.522|349.996| (not moved - unsupported) |
|escape1.q|130.217|7.993| |
|lineage3.q|110.935|33.655| |
|insert_into_with_schema.q|107.345|10.33| |
|auto_join_filters.q|104.331|18.879| |
|windowing.q|99.622|17.476| |
|index_compact_binary_search.q|97.637|0.281| (not moved - unsupported) |
|cbo_rp_windowing_2.q|95.108|18.953| |
|vectorized_ptf.q|93.397|17.83| |
|dynpart_sort_optimization_acid.q|91.831|23.627| |
|partition_multilevels.q|90.392|15.522| |
|ptf.q|89.115|13.973| |
|sample_islocalmode_hook.q|88.293|1.527| (not moved - failing) |
|udaf_collect_set_2.q|84.725|8.893| |
|skewjoin.q|84.588|6.687| (not moved - unsupported) |
|lineage2.q|84.187|17.773| |
|correlationoptimizer1.q|80.367|9.688| |
|dynpart_sort_optimization.q|77.07|16.933| |
|orc_ppd_decimal.q|75.523|9.644| |
|orc_ppd_schema_evol_3a.q|75.352|11.042| |
|groupby_sort_skew_1_23.q|75.342|12.619| (not moved - unsupported) |
|cbo_rp_lineage2.q|75.283|13.133| |
|parquet_ppd_decimal.q|74.063|5.132| (not moved - results different) |
|sample_islocalmode_hook_use_metadata.q|73.988|1.572| (not moved - failing) |
|orc_analyze.q|73.803|7.258| |
|join_nulls.q|72.417|11.511| |
|semijoin.q|70.403|10.058| |
|correlationoptimizer6.q|69.151|13.689| |
|table_access_keys_stats.q|68.699|6.431| |
|autoColumnStats_2.q|68.632|15.836| |
|cbo_join.q|68.325|13.588| |
|cbo_rp_join.q|68.317|13.322| |
|sample10.q|64.513|2.43| |
|mergejoin.q|63.647|12.95| (not moved - explain looks different) |
|multi_insert_move_tasks_share_dependencies.q|62.079|11.974| (not moved - explain looks different) |
|union_view.q|61.772|0.173| |
|autoColumnStats_1.q|61.246|14.669| |
|groupby_sort_1_23.q|61.129|13.585| (not moved - #files different) |
|pcr.q|59.546|23.866| (not moved - diff in results) |
|vectorization_short_regress.q|58.775|30.378| |
|auto_sortmerge_join_9.q|58.3|18.07| |
|correlationoptimizer2.q|56.591|9.867| |
|alter_merge_stats_orc.q|55.202|12.148| |
|vector_join30.q|54.85|6.666| |
|selectDistinctStar.q|53.981|8.516| |
|vector_decimal_udf.q|53.879|10.767| |
|auto_join30.q|53.762|5.655| |
|subquery_notin.q|52.879|6.896| |
|cbo_rp_subq_not_in.q|52.609|5.157| |
|cbo_rp_gby.q|51.866|6.982| |
|cbo_subq_not_in.q|51.672|3.711| |
|cbo_gby.q|50.361|7.05| |
|infer_bucket_sort.q|49.158|18.89| (not moved - unsupported) |
|ptf_streaming.q|48.484|8.996| |
|join_1to1.q|48.268|8.846| (not moved - results different) |
|load_dyn_part5.q|47.796|18.926| |
|limit_join_transpose.q|47.517|9.057| |
|ppd_windowing2.q|47.318|6.27| (not moved - results different) |
|dynpart_sort_opt_vectorization.q|47.208|16.859| |
|vector_number_compare_projection.q|47.024|9.922| |
|correlationoptimizer4.q|45.472|9.19| |
|orc_ppd_date.q|45.19|7.914| |
|global_limit.q|44.438|12.555| |
|union_top_level.q|44.229|5.054| |
|llap_partitioned.q|44.139|26.325| |
|orc_ppd_timestamp.q|43.617|7.195| |
|parquet_ppd_date.q|43.539|5.213| (not moved - results different) |
|multiMapJoin2.q|43.036|8.711| |
|parquet_ppd_timestamp.q|42.665|3.527| (not moved - results different) |
|vector_partitioned_date_time.q|42.511|12.54| |
|auto_sortmerge_join_8.q|42.377|4.668| |
|create_view.q|42.23|11.445| (not moved - failing) |
|windowing_windowspec2.q|42.202|9.947| |
|multiMapJoin1.q|41.176|10.094| |
|vector_decimal_2.q|41.026|7.814| |
|bucket_groupby.q|40.565|7.341| |
|rcfile_merge2.q|39.782|11.38| |
|index_compact_2.q|39.765|1.508| (not moved - unsupported) |
|join_nullsafe.q|39.698|7.956| |
|vector_join_filters.q|39.343|9.178| |
|cbo_rp_auto_join1.q|39.308|1.563| (not moved - failing) |
|vector_auto_smb_mapjoin_14.q|39.17|6.585| |
|vector_udf1.q|38.988|7.532| |
|rcfile_createas1.q|38.932|9.957| |
|cbo_rp_semijoin.q|38.675|5.857| |
|auto_join_nulls.q|38.519|7.52| |
|cbo_rp_unionDistinct_2.q|37.815|4.328| |
|union_remove_26.q|37.672|5.359| |
|rcfile_merge3.q|37.373|11.3| |
|rcfile_merge4.q|37.194|4.317| |
|bucketsortoptimize_insert_2.q|37.187|7.928| |
|cbo_limit.q|37.038|5.17| |
|auto_sortmerge_join_6.q|36.663|8.501| |
|join43.q|36.656|6.192| |

For the tests that are migrated following is the aggregated runtime
CliDriver - 5695.58 seconds
MiniLlap - 1150.86 seconds

We are seeing ~5x speed up with this migration. 

For all the other test cases, I have verified the diff and for qtests with suspicious diff or unsupported feature I did not migrate the test to MiniLlap.

[~sseth] can you please take a look?

The current patch doesn't apply. We should eventually move as many as possible to MiniLlapLocal. Don't know if you want to do that here, or a subsequent jira?

I will do that in this jira itself. Let me rebase the patch. 

Rebased and move tests to minillaplocal



Here are the results of testing the latest attachment:
https://issues.apache.org/jira/secure/attachment/12831644/HIVE-14877.2.patch

{color:green}SUCCESS:{color} +1 due to 1 test(s) being added or modified.

{color:red}ERROR:{color} -1 due to 16 failed/errored test(s), 10628 tests executed
*Failed tests:*
{noformat}
org.apache.hadoop.hive.cli.TestCliDriver.testCliDriver[acid_mapjoin]
org.apache.hadoop.hive.cli.TestCliDriver.testCliDriver[ctas]
org.apache.hadoop.hive.cli.TestCliDriver.testCliDriver[vector_join_part_col_char]
org.apache.hadoop.hive.cli.TestMiniLlapLocalCliDriver.testCliDriver[autoColumnStats_1]
org.apache.hadoop.hive.cli.TestMiniLlapLocalCliDriver.testCliDriver[autoColumnStats_2]
org.apache.hadoop.hive.cli.TestMiniLlapLocalCliDriver.testCliDriver[cbo_rp_lineage2]
org.apache.hadoop.hive.cli.TestMiniLlapLocalCliDriver.testCliDriver[dynpart_sort_optimization_acid]
org.apache.hadoop.hive.cli.TestMiniLlapLocalCliDriver.testCliDriver[global_limit]
org.apache.hadoop.hive.cli.TestMiniLlapLocalCliDriver.testCliDriver[orc_ppd_schema_evol_3a]
org.apache.hadoop.hive.cli.TestMiniLlapLocalCliDriver.testCliDriver[rcfile_createas1]
org.apache.hadoop.hive.cli.TestMiniLlapLocalCliDriver.testCliDriver[rcfile_merge2]
org.apache.hadoop.hive.cli.TestMiniLlapLocalCliDriver.testCliDriver[rcfile_merge3]
org.apache.hadoop.hive.cli.TestMiniLlapLocalCliDriver.testCliDriver[rcfile_merge4]
org.apache.hadoop.hive.cli.TestMiniLlapLocalCliDriver.testCliDriver[unionDistinct_1]
org.apache.hadoop.hive.cli.TestMiniLlapLocalCliDriver.testCliDriver[union_view]
org.apache.hive.jdbc.TestJdbcWithMiniHS2.testAddJarConstructorUnCaching
{noformat}

Test results: https://builds.apache.org/job/PreCommit-HIVE-Build/1399/testReport
Console output: https://builds.apache.org/job/PreCommit-HIVE-Build/1399/console
Test logs: http://ec2-204-236-174-241.us-west-1.compute.amazonaws.com/logs/PreCommit-HIVE-Build-1399/

Messages:
{noformat}
Executing org.apache.hive.ptest.execution.TestCheckPhase
Executing org.apache.hive.ptest.execution.PrepPhase
Executing org.apache.hive.ptest.execution.ExecutionPhase
Executing org.apache.hive.ptest.execution.ReportingPhase
Tests exited with: TestsFailedException: 16 tests failed
{noformat}

This message is automatically generated.

ATTACHMENT ID: 12831644 - PreCommit-HIVE-Build

Moved the failing tests over to MiniLlap.



Here are the results of testing the latest attachment:
https://issues.apache.org/jira/secure/attachment/12831847/HIVE-14877.3.patch

{color:green}SUCCESS:{color} +1 due to 1 test(s) being added or modified.

{color:red}ERROR:{color} -1 due to 10 failed/errored test(s), 10627 tests executed
*Failed tests:*
{noformat}
org.apache.hadoop.hive.cli.TestCliDriver.testCliDriver[acid_mapjoin]
org.apache.hadoop.hive.cli.TestCliDriver.testCliDriver[ctas]
org.apache.hadoop.hive.cli.TestCliDriver.testCliDriver[index_auto_mult_tables]
org.apache.hadoop.hive.cli.TestCliDriver.testCliDriver[vector_join_part_col_char]
org.apache.hadoop.hive.cli.TestMiniLlapCliDriver.testCliDriver[autoColumnStats_1]
org.apache.hadoop.hive.cli.TestMiniLlapCliDriver.testCliDriver[autoColumnStats_2]
org.apache.hadoop.hive.cli.TestMiniLlapCliDriver.testCliDriver[cbo_rp_lineage2]
org.apache.hadoop.hive.cli.TestMiniLlapCliDriver.testCliDriver[dynpart_sort_optimization_acid]
org.apache.hive.jdbc.TestJdbcWithMiniHS2.testAddJarConstructorUnCaching
org.apache.hive.spark.client.TestSparkClient.testJobSubmission
{noformat}

Test results: https://builds.apache.org/job/PreCommit-HIVE-Build/1410/testReport
Console output: https://builds.apache.org/job/PreCommit-HIVE-Build/1410/console
Test logs: http://ec2-204-236-174-241.us-west-1.compute.amazonaws.com/logs/PreCommit-HIVE-Build-1410/

Messages:
{noformat}
Executing org.apache.hive.ptest.execution.TestCheckPhase
Executing org.apache.hive.ptest.execution.PrepPhase
Executing org.apache.hive.ptest.execution.ExecutionPhase
Executing org.apache.hive.ptest.execution.ReportingPhase
Tests exited with: TestsFailedException: 10 tests failed
{noformat}

This message is automatically generated.

ATTACHMENT ID: 12831847 - PreCommit-HIVE-Build



Here are the results of testing the latest attachment:
https://issues.apache.org/jira/secure/attachment/12832073/HIVE-14877.4.patch

{color:green}SUCCESS:{color} +1 due to 1 test(s) being added or modified.

{color:red}ERROR:{color} -1 due to 2 failed/errored test(s), 10626 tests executed
*Failed tests:*
{noformat}
org.apache.hadoop.hive.cli.TestMiniLlapLocalCliDriver.testCliDriver[dynpart_sort_optimization_acid]
org.apache.hive.jdbc.TestJdbcWithMiniHS2.testAddJarConstructorUnCaching
{noformat}

Test results: https://builds.apache.org/job/PreCommit-HIVE-Build/1424/testReport
Console output: https://builds.apache.org/job/PreCommit-HIVE-Build/1424/console
Test logs: http://ec2-204-236-174-241.us-west-1.compute.amazonaws.com/logs/PreCommit-HIVE-Build-1424/

Messages:
{noformat}
Executing org.apache.hive.ptest.execution.TestCheckPhase
Executing org.apache.hive.ptest.execution.PrepPhase
Executing org.apache.hive.ptest.execution.ExecutionPhase
Executing org.apache.hive.ptest.execution.ReportingPhase
Tests exited with: TestsFailedException: 2 tests failed
{noformat}

This message is automatically generated.

ATTACHMENT ID: 12832073 - PreCommit-HIVE-Build

dynpart_sort_optimization_acid.q failure looks flaky. It doesn't fail on my local run. Will see if I can repro it running along with other tests.

[~prasanth_j] - I was seeing the same with some other test; would pass individually, but fail when run as a group. Had to eventually add it as an isolated test.

Explicitly setting the stats to avoid flakiness in the test. 



Here are the results of testing the latest attachment:
https://issues.apache.org/jira/secure/attachment/12832187/HIVE-14877.5.patch

{color:green}SUCCESS:{color} +1 due to 2 test(s) being added or modified.

{color:red}ERROR:{color} -1 due to 4 failed/errored test(s), 10633 tests executed
*Failed tests:*
{noformat}
org.apache.hadoop.hive.cli.TestCliDriver.testCliDriver[index_auto_partitioned]
org.apache.hadoop.hive.cli.TestMiniLlapLocalCliDriver.testCliDriver[cbo_rp_lineage2]
org.apache.hadoop.hive.cli.TestMiniTezCliDriver.testCliDriver[explainanalyze_2]
org.apache.hive.jdbc.TestJdbcWithMiniHS2.testAddJarConstructorUnCaching
{noformat}

Test results: https://builds.apache.org/job/PreCommit-HIVE-Build/1428/testReport
Console output: https://builds.apache.org/job/PreCommit-HIVE-Build/1428/console
Test logs: http://ec2-204-236-174-241.us-west-1.compute.amazonaws.com/logs/PreCommit-HIVE-Build-1428/

Messages:
{noformat}
Executing org.apache.hive.ptest.execution.TestCheckPhase
Executing org.apache.hive.ptest.execution.PrepPhase
Executing org.apache.hive.ptest.execution.ExecutionPhase
Executing org.apache.hive.ptest.execution.ReportingPhase
Tests exited with: TestsFailedException: 4 tests failed
{noformat}

This message is automatically generated.

ATTACHMENT ID: 12832187 - PreCommit-HIVE-Build

Reuploading again to see if the test failures are flaky. 



Here are the results of testing the latest attachment:
https://issues.apache.org/jira/secure/attachment/12832501/HIVE-14877.5.patch

{color:green}SUCCESS:{color} +1 due to 2 test(s) being added or modified.

{color:red}ERROR:{color} -1 due to 2 failed/errored test(s), 10634 tests executed
*Failed tests:*
{noformat}
org.apache.hadoop.hive.cli.TestMiniLlapLocalCliDriver.testCliDriver[cbo_rp_lineage2]
org.apache.hive.jdbc.TestJdbcWithMiniHS2.testAddJarConstructorUnCaching
{noformat}

Test results: https://builds.apache.org/job/PreCommit-HIVE-Build/1458/testReport
Console output: https://builds.apache.org/job/PreCommit-HIVE-Build/1458/console
Test logs: http://ec2-204-236-174-241.us-west-1.compute.amazonaws.com/logs/PreCommit-HIVE-Build-1458/

Messages:
{noformat}
Executing org.apache.hive.ptest.execution.TestCheckPhase
Executing org.apache.hive.ptest.execution.PrepPhase
Executing org.apache.hive.ptest.execution.ExecutionPhase
Executing org.apache.hive.ptest.execution.ReportingPhase
Tests exited with: TestsFailedException: 2 tests failed
{noformat}

This message is automatically generated.

ATTACHMENT ID: 12832501 - PreCommit-HIVE-Build

Updated golden file for failing test



Here are the results of testing the latest attachment:
https://issues.apache.org/jira/secure/attachment/12832528/HIVE-14877.6.patch

{color:green}SUCCESS:{color} +1 due to 2 test(s) being added or modified.

{color:red}ERROR:{color} -1 due to 13 failed/errored test(s), 10634 tests executed
*Failed tests:*
{noformat}
org.apache.hadoop.hive.cli.TestCliDriver.testCliDriver[index_auto_mult_tables_compact]
org.apache.hadoop.hive.cli.TestCliDriver.testCliDriver[index_auto_partitioned]
org.apache.hadoop.hive.cli.TestCliDriver.testCliDriver[limit_partition_metadataonly]
org.apache.hadoop.hive.cli.TestCliDriver.testCliDriver[load_dyn_part8]
org.apache.hadoop.hive.cli.TestCliDriver.testCliDriver[masking_3]
org.apache.hadoop.hive.cli.TestCliDriver.testCliDriver[regex_col]
org.apache.hadoop.hive.cli.TestCliDriver.testCliDriver[tez_join_hash]
org.apache.hadoop.hive.cli.TestCliDriver.testCliDriver[union25]
org.apache.hadoop.hive.cli.TestMiniLlapLocalCliDriver.testCliDriver[load_dyn_part3]
org.apache.hadoop.hive.cli.TestMiniLlapLocalCliDriver.testCliDriver[mapjoin_mapjoin]
org.apache.hadoop.hive.cli.TestSparkCliDriver.testCliDriver[load_dyn_part2]
org.apache.hadoop.hive.cli.TestSparkCliDriver.testCliDriver[stats_noscan_1]
org.apache.hive.jdbc.TestJdbcWithMiniHS2.testAddJarConstructorUnCaching
{noformat}

Test results: https://builds.apache.org/job/PreCommit-HIVE-Build/1461/testReport
Console output: https://builds.apache.org/job/PreCommit-HIVE-Build/1461/console
Test logs: http://ec2-204-236-174-241.us-west-1.compute.amazonaws.com/logs/PreCommit-HIVE-Build-1461/

Messages:
{noformat}
Executing org.apache.hive.ptest.execution.TestCheckPhase
Executing org.apache.hive.ptest.execution.PrepPhase
Executing org.apache.hive.ptest.execution.ExecutionPhase
Executing org.apache.hive.ptest.execution.ReportingPhase
Tests exited with: TestsFailedException: 13 tests failed
{noformat}

This message is automatically generated.

ATTACHMENT ID: 12832528 - PreCommit-HIVE-Build

All ptests are failing now because of disk space issue and I am no longer able to see the logs for this test run. I ran the test locally and it ran fine. Will wait for another ptest run. 



Here are the results of testing the latest attachment:
https://issues.apache.org/jira/secure/attachment/12832528/HIVE-14877.6.patch

{color:green}SUCCESS:{color} +1 due to 2 test(s) being added or modified.

{color:red}ERROR:{color} -1 due to 1 failed/errored test(s), 10634 tests executed
*Failed tests:*
{noformat}
org.apache.hive.jdbc.TestJdbcWithMiniHS2.testAddJarConstructorUnCaching
{noformat}

Test results: https://builds.apache.org/job/PreCommit-HIVE-Build/1487/testReport
Console output: https://builds.apache.org/job/PreCommit-HIVE-Build/1487/console
Test logs: http://ec2-204-236-174-241.us-west-1.compute.amazonaws.com/logs/PreCommit-HIVE-Build-1487/

Messages:
{noformat}
Executing org.apache.hive.ptest.execution.TestCheckPhase
Executing org.apache.hive.ptest.execution.PrepPhase
Executing org.apache.hive.ptest.execution.ExecutionPhase
Executing org.apache.hive.ptest.execution.ReportingPhase
Tests exited with: TestsFailedException: 1 tests failed
{noformat}

This message is automatically generated.

ATTACHMENT ID: 12832528 - PreCommit-HIVE-Build

+1. The one test failure is a known flaky test, and is fixed via HIVE-14721.

Committed to master

