

Here are the results of testing the latest attachment:
https://issues.apache.org/jira/secure/attachment/12849558/HIVE-15736.1.patch

{color:green}SUCCESS:{color} +1 due to 2 test(s) being added or modified.

{color:red}ERROR:{color} -1 due to 6 failed/errored test(s), 11006 tests executed
*Failed tests:*
{noformat}
TestDerbyConnector - did not produce a TEST-*.xml file (likely timed out) (batchId=235)
org.apache.hadoop.hive.cli.TestEncryptedHDFSCliDriver.testCliDriver[encryption_join_with_different_encryption_keys] (batchId=159)
org.apache.hadoop.hive.cli.TestMiniLlapLocalCliDriver.testCliDriver[schema_evol_text_vec_part] (batchId=149)
org.apache.hadoop.hive.cli.TestMiniLlapLocalCliDriver.testCliDriver[vector_if_expr] (batchId=140)
org.apache.hadoop.hive.cli.TestMiniLlapLocalCliDriver.testCliDriver[vector_varchar_simple] (batchId=153)
org.apache.hadoop.hive.cli.TestMiniTezCliDriver.testCliDriver[explainuser_3] (batchId=93)
{noformat}

Test results: https://builds.apache.org/job/PreCommit-HIVE-Build/3200/testReport
Console output: https://builds.apache.org/job/PreCommit-HIVE-Build/3200/console
Test logs: http://104.198.109.242/logs/PreCommit-HIVE-Build-3200/

Messages:
{noformat}
Executing org.apache.hive.ptest.execution.TestCheckPhase
Executing org.apache.hive.ptest.execution.PrepPhase
Executing org.apache.hive.ptest.execution.ExecutionPhase
Executing org.apache.hive.ptest.execution.ReportingPhase
Tests exited with: TestsFailedException: 6 tests failed
{noformat}

This message is automatically generated.

ATTACHMENT ID: 12849558 - PreCommit-HIVE-Build

[~navis] [~ashutoshc] You worked and reviewed HIVE-3990, and seems it has a couple of bugs on the getInputSummary() regarding the InputEstimator. Could you help me review that part to see if the fix is correct? and if the lines commented on getInputSummary() on the patch were useful in the past? because seems they aren't, but it might be another bug.



Here are the results of testing the latest attachment:
https://issues.apache.org/jira/secure/attachment/12849733/HIVE-15736.2.patch

{color:green}SUCCESS:{color} +1 due to 2 test(s) being added or modified.

{color:red}ERROR:{color} -1 due to 7 failed/errored test(s), 11001 tests executed
*Failed tests:*
{noformat}
TestDerbyConnector - did not produce a TEST-*.xml file (likely timed out) (batchId=235)
org.apache.hadoop.hive.cli.TestCliDriver.testCliDriver[transform_acid] (batchId=18)
org.apache.hadoop.hive.cli.TestEncryptedHDFSCliDriver.testCliDriver[encryption_join_with_different_encryption_keys] (batchId=159)
org.apache.hadoop.hive.cli.TestMiniTezCliDriver.testCliDriver[explainuser_3] (batchId=93)
org.apache.hadoop.hive.cli.TestPerfCliDriver.testCliDriver[query14] (batchId=223)
org.apache.hadoop.hive.cli.TestPerfCliDriver.testCliDriver[query23] (batchId=223)
org.apache.hive.hcatalog.api.repl.commands.TestCommands.org.apache.hive.hcatalog.api.repl.commands.TestCommands (batchId=170)
{noformat}

Test results: https://builds.apache.org/job/PreCommit-HIVE-Build/3233/testReport
Console output: https://builds.apache.org/job/PreCommit-HIVE-Build/3233/console
Test logs: http://104.198.109.242/logs/PreCommit-HIVE-Build-3233/

Messages:
{noformat}
Executing org.apache.hive.ptest.execution.TestCheckPhase
Executing org.apache.hive.ptest.execution.PrepPhase
Executing org.apache.hive.ptest.execution.ExecutionPhase
Executing org.apache.hive.ptest.execution.ReportingPhase
Tests exited with: TestsFailedException: 7 tests failed
{noformat}

This message is automatically generated.

ATTACHMENT ID: 12849733 - PreCommit-HIVE-Build



Here are the results of testing the latest attachment:
https://issues.apache.org/jira/secure/attachment/12850044/HIVE-15736.3.patch

{color:green}SUCCESS:{color} +1 due to 2 test(s) being added or modified.

{color:red}ERROR:{color} -1 due to 7 failed/errored test(s), 10995 tests executed
*Failed tests:*
{noformat}
TestDerbyConnector - did not produce a TEST-*.xml file (likely timed out) (batchId=235)
TestMiniSparkOnYarnCliDriver - did not produce a TEST-*.xml file (likely timed out) (batchId=162)
	[scriptfile1.q,vector_outer_join5.q,file_with_header_footer.q,bucket4.q,input16_cc.q,bucket5.q,infer_bucket_sort_merge.q,constprog_partitioner.q,orc_merge2.q,reduce_deduplicate.q,schemeAuthority2.q,load_fs2.q,orc_merge8.q,orc_merge_incompat2.q,infer_bucket_sort_bucketed_table.q,vector_outer_join4.q,disable_merge_for_bucketing.q,vector_inner_join.q,orc_merge7.q]
org.apache.hadoop.hive.cli.TestEncryptedHDFSCliDriver.testCliDriver[encryption_join_with_different_encryption_keys] (batchId=159)
org.apache.hadoop.hive.cli.TestMiniLlapLocalCliDriver.testCliDriver[vector_if_expr] (batchId=140)
org.apache.hadoop.hive.cli.TestMiniLlapLocalCliDriver.testCliDriver[vector_varchar_simple] (batchId=153)
org.apache.hadoop.hive.cli.TestPerfCliDriver.testCliDriver[query14] (batchId=223)
org.apache.hadoop.hive.cli.TestPerfCliDriver.testCliDriver[query23] (batchId=223)
{noformat}

Test results: https://builds.apache.org/job/PreCommit-HIVE-Build/3265/testReport
Console output: https://builds.apache.org/job/PreCommit-HIVE-Build/3265/console
Test logs: http://104.198.109.242/logs/PreCommit-HIVE-Build-3265/

Messages:
{noformat}
Executing org.apache.hive.ptest.execution.TestCheckPhase
Executing org.apache.hive.ptest.execution.PrepPhase
Executing org.apache.hive.ptest.execution.ExecutionPhase
Executing org.apache.hive.ptest.execution.ReportingPhase
Tests exited with: TestsFailedException: 7 tests failed
{noformat}

This message is automatically generated.

ATTACHMENT ID: 12850044 - PreCommit-HIVE-Build

Test failures are not related. Those are already reported on HIVE-15058 umbrella jira for flaky tests.

LGTM, +1

