

Here are the results of testing the latest attachment:
https://issues.apache.org/jira/secure/attachment/12806318/HIVE-13860-java8.patch

{color:red}ERROR:{color} -1 due to build exiting with an error

Test results: http://ec2-54-177-240-2.us-west-1.compute.amazonaws.com/job/PreCommit-HIVE-MASTER-Build-JAVA8/10/testReport
Console output: http://ec2-54-177-240-2.us-west-1.compute.amazonaws.com/job/PreCommit-HIVE-MASTER-Build-JAVA8/10/console
Test logs: http://ec2-50-18-27-0.us-west-1.compute.amazonaws.com/logs/PreCommit-HIVE-MASTER-Build-JAVA8-10/

Messages:
{noformat}
Executing org.apache.hive.ptest.execution.TestCheckPhase
Executing org.apache.hive.ptest.execution.PrepPhase
Tests exited with: NonZeroExitCodeException
Command 'bash /data/hive-ptest/working/scratch/source-prep.sh' failed with exit status 1 and output '+ [[ -n /usr/java/jdk1.8.0_25 ]]
+ export JAVA_HOME=/usr/java/jdk1.8.0_25
+ JAVA_HOME=/usr/java/jdk1.8.0_25
+ export PATH=/usr/java/jdk1.8.0_25/bin/:/usr/java/jdk1.7.0_45-cloudera/bin:/usr/local/apache-maven-3.0.5/bin:/usr/lib64/qt-3.3/bin:/usr/local/apache-maven-3.0.5/bin:/usr/java/jdk1.7.0_45-cloudera/bin:/usr/local/apache-ant-1.9.1/bin:/usr/local/bin:/bin:/usr/bin:/usr/local/sbin:/usr/sbin:/sbin:/home/hiveptest/bin
+ PATH=/usr/java/jdk1.8.0_25/bin/:/usr/java/jdk1.7.0_45-cloudera/bin:/usr/local/apache-maven-3.0.5/bin:/usr/lib64/qt-3.3/bin:/usr/local/apache-maven-3.0.5/bin:/usr/java/jdk1.7.0_45-cloudera/bin:/usr/local/apache-ant-1.9.1/bin:/usr/local/bin:/bin:/usr/bin:/usr/local/sbin:/usr/sbin:/sbin:/home/hiveptest/bin
+ export 'ANT_OPTS=-Xmx1g -XX:MaxPermSize=256m '
+ ANT_OPTS='-Xmx1g -XX:MaxPermSize=256m '
+ export 'M2_OPTS=-Xmx1g -XX:MaxPermSize=256m -Dhttp.proxyHost=localhost -Dhttp.proxyPort=3128'
+ M2_OPTS='-Xmx1g -XX:MaxPermSize=256m -Dhttp.proxyHost=localhost -Dhttp.proxyPort=3128'
+ cd /data/hive-ptest/working/
+ tee /data/hive-ptest/logs/PreCommit-HIVE-MASTER-Build-JAVA8-10/source-prep.txt
+ [[ false == \t\r\u\e ]]
+ mkdir -p maven ivy
+ [[ git = \s\v\n ]]
+ [[ git = \g\i\t ]]
+ [[ -z java8 ]]
+ [[ -d apache-github-source-source ]]
+ [[ ! -d apache-github-source-source/.git ]]
+ [[ ! -d apache-github-source-source ]]
+ cd apache-github-source-source
+ git fetch origin
+ git reset --hard HEAD
HEAD is now at 76130a9 HIVE-13269: Simplify comparison expressions using column stats (Jesus Camacho Rodriguez, reviewed by Ashutosh Chauhan)
+ git clean -f -d
+ git checkout java8
Switched to branch 'java8'
Your branch is behind 'origin/java8' by 1 commit, and can be fast-forwarded.
+ git reset --hard origin/java8
HEAD is now at 4cbc10e HIVE-13409: Fix JDK8 test failures related to COLUMN_STATS_ACCURATE (Mohit Sabharwal, reviewed by Sergio Pena)
+ git merge --ff-only origin/java8
Already up-to-date.
+ git gc
+ patchCommandPath=/data/hive-ptest/working/scratch/smart-apply-patch.sh
+ patchFilePath=/data/hive-ptest/working/scratch/build.patch
+ [[ -f /data/hive-ptest/working/scratch/build.patch ]]
+ chmod +x /data/hive-ptest/working/scratch/smart-apply-patch.sh
+ /data/hive-ptest/working/scratch/smart-apply-patch.sh /data/hive-ptest/working/scratch/build.patch
The patch does not appear to apply with p0, p1, or p2
'
{noformat}

This message is automatically generated.

ATTACHMENT ID: 12806318 - PreCommit-HIVE-MASTER-Build-JAVA8



Here are the results of testing the latest attachment:
https://issues.apache.org/jira/secure/attachment/12806415/HIVE-13860-java8.patch

{color:red}ERROR:{color} -1 due to no test(s) being added or modified.

{color:red}ERROR:{color} -1 due to 106 failed/errored test(s), 9933 tests executed
*Failed tests:*
{noformat}
TestHWISessionManager - did not produce a TEST-*.xml file
TestJdbcWithMiniHA - did not produce a TEST-*.xml file
TestJdbcWithMiniMr - did not produce a TEST-*.xml file
TestMiniTezCliDriver-constprog_dpp.q-dynamic_partition_pruning.q-vectorization_10.q-and-12-more - did not produce a TEST-*.xml file
TestMiniTezCliDriver-cte_4.q-vector_non_string_partition.q-delete_where_non_partitioned.q-and-12-more - did not produce a TEST-*.xml file
TestMiniTezCliDriver-dynpart_sort_optimization2.q-tez_dynpart_hashjoin_3.q-orc_vectorization_ppd.q-and-12-more - did not produce a TEST-*.xml file
TestMiniTezCliDriver-explainuser_4.q-update_after_multiple_inserts.q-mapreduce2.q-and-12-more - did not produce a TEST-*.xml file
TestMiniTezCliDriver-join1.q-mapjoin_decimal.q-union5.q-and-12-more - did not produce a TEST-*.xml file
TestMiniTezCliDriver-load_dyn_part2.q-selectDistinctStar.q-vector_decimal_5.q-and-12-more - did not produce a TEST-*.xml file
TestMiniTezCliDriver-mapjoin_mapjoin.q-insert_into1.q-vector_decimal_2.q-and-12-more - did not produce a TEST-*.xml file
TestMiniTezCliDriver-order_null.q-vector_acid3.q-orc_merge10.q-and-12-more - did not produce a TEST-*.xml file
TestMiniTezCliDriver-vector_interval_2.q-schema_evol_text_nonvec_mapwork_part_all_primitive.q-tez_fsstat.q-and-12-more - did not produce a TEST-*.xml file
TestMinimrCliDriver-bucket6.q-scriptfile1_win.q-quotedid_smb.q-and-1-more - did not produce a TEST-*.xml file
TestOperationLoggingAPIWithTez - did not produce a TEST-*.xml file
TestSparkCliDriver-bucketsortoptimize_insert_7.q-smb_mapjoin_15.q-mapreduce1.q-and-12-more - did not produce a TEST-*.xml file
TestSparkCliDriver-groupby3_map.q-skewjoinopt8.q-union_remove_1.q-and-12-more - did not produce a TEST-*.xml file
TestSparkCliDriver-join_cond_pushdown_3.q-groupby7.q-auto_join17.q-and-12-more - did not produce a TEST-*.xml file
TestSparkCliDriver-order.q-auto_join18_multi_distinct.q-union2.q-and-12-more - did not produce a TEST-*.xml file
TestSparkCliDriver-skewjoinopt15.q-join39.q-avro_joins_native.q-and-12-more - did not produce a TEST-*.xml file
org.apache.hadoop.hive.cli.TestCliDriver.testCliDriver_autoColumnStats_1
org.apache.hadoop.hive.cli.TestCliDriver.testCliDriver_autoColumnStats_2
org.apache.hadoop.hive.cli.TestCliDriver.testCliDriver_autoColumnStats_3
org.apache.hadoop.hive.cli.TestCliDriver.testCliDriver_autoColumnStats_4
org.apache.hadoop.hive.cli.TestCliDriver.testCliDriver_autoColumnStats_5
org.apache.hadoop.hive.cli.TestCliDriver.testCliDriver_autoColumnStats_9
org.apache.hadoop.hive.cli.TestCliDriver.testCliDriver_ivyDownload
org.apache.hadoop.hive.cli.TestCliDriver.testCliDriver_list_bucket_dml_12
org.apache.hadoop.hive.cli.TestCliDriver.testCliDriver_list_bucket_dml_13
org.apache.hadoop.hive.cli.TestCliDriver.testCliDriver_orc_create
org.apache.hadoop.hive.cli.TestCliDriver.testCliDriver_orc_int_type_promotion
org.apache.hadoop.hive.cli.TestCliDriver.testCliDriver_stats_list_bucket
org.apache.hadoop.hive.cli.TestCliDriver.testCliDriver_vector_complex_all
org.apache.hadoop.hive.cli.TestMiniLlapCliDriver.testCliDriver_bucket_map_join_tez2
org.apache.hadoop.hive.cli.TestMiniLlapCliDriver.testCliDriver_cte_3
org.apache.hadoop.hive.cli.TestMiniLlapCliDriver.testCliDriver_cte_5
org.apache.hadoop.hive.cli.TestMiniLlapCliDriver.testCliDriver_cte_mat_1
org.apache.hadoop.hive.cli.TestMiniLlapCliDriver.testCliDriver_cte_mat_2
org.apache.hadoop.hive.cli.TestMiniLlapCliDriver.testCliDriver_cte_mat_3
org.apache.hadoop.hive.cli.TestMiniLlapCliDriver.testCliDriver_cte_mat_4
org.apache.hadoop.hive.cli.TestMiniLlapCliDriver.testCliDriver_cte_mat_5
org.apache.hadoop.hive.cli.TestMiniLlapCliDriver.testCliDriver_dynamic_partition_pruning
org.apache.hadoop.hive.cli.TestMiniLlapCliDriver.testCliDriver_dynamic_partition_pruning_2
org.apache.hadoop.hive.cli.TestMiniLlapCliDriver.testCliDriver_hybridgrace_hashjoin_1
org.apache.hadoop.hive.cli.TestMiniLlapCliDriver.testCliDriver_hybridgrace_hashjoin_2
org.apache.hadoop.hive.cli.TestMiniLlapCliDriver.testCliDriver_llap_nullscan
org.apache.hadoop.hive.cli.TestMiniLlapCliDriver.testCliDriver_llapdecider
org.apache.hadoop.hive.cli.TestMiniLlapCliDriver.testCliDriver_mrr
org.apache.hadoop.hive.cli.TestMiniLlapCliDriver.testCliDriver_tez_dml
org.apache.hadoop.hive.cli.TestMiniLlapCliDriver.testCliDriver_tez_dynpart_hashjoin_1
org.apache.hadoop.hive.cli.TestMiniLlapCliDriver.testCliDriver_tez_dynpart_hashjoin_2
org.apache.hadoop.hive.cli.TestMiniLlapCliDriver.testCliDriver_tez_join_hash
org.apache.hadoop.hive.cli.TestMiniLlapCliDriver.testCliDriver_tez_join_tests
org.apache.hadoop.hive.cli.TestMiniLlapCliDriver.testCliDriver_tez_joins_explain
org.apache.hadoop.hive.cli.TestMiniLlapCliDriver.testCliDriver_tez_smb_main
org.apache.hadoop.hive.cli.TestMiniLlapCliDriver.testCliDriver_tez_union
org.apache.hadoop.hive.cli.TestMiniLlapCliDriver.testCliDriver_tez_union2
org.apache.hadoop.hive.cli.TestMiniLlapCliDriver.testCliDriver_tez_union_multiinsert
org.apache.hadoop.hive.cli.TestMiniLlapCliDriver.testCliDriver_tez_vector_dynpart_hashjoin_1
org.apache.hadoop.hive.cli.TestMiniLlapCliDriver.testCliDriver_tez_vector_dynpart_hashjoin_2
org.apache.hadoop.hive.cli.TestMiniLlapCliDriver.testCliDriver_vectorized_dynamic_partition_pruning
org.apache.hadoop.hive.cli.TestMiniSparkOnYarnCliDriver.testCliDriver_constprog_partitioner
org.apache.hadoop.hive.cli.TestMiniSparkOnYarnCliDriver.testCliDriver_index_bitmap3
org.apache.hadoop.hive.cli.TestMiniTezCliDriver.org.apache.hadoop.hive.cli.TestMiniTezCliDriver
org.apache.hadoop.hive.cli.TestMiniTezCliDriver.testCliDriver_auto_sortmerge_join_16
org.apache.hadoop.hive.cli.TestMiniTezCliDriver.testCliDriver_bucket_map_join_tez2
org.apache.hadoop.hive.cli.TestMiniTezCliDriver.testCliDriver_cbo_views
org.apache.hadoop.hive.cli.TestMiniTezCliDriver.testCliDriver_cte_mat_2
org.apache.hadoop.hive.cli.TestMiniTezCliDriver.testCliDriver_join_nullsafe
org.apache.hadoop.hive.cli.TestMiniTezCliDriver.testCliDriver_orc_merge12
org.apache.hadoop.hive.cli.TestMiniTezCliDriver.testCliDriver_ptf
org.apache.hadoop.hive.cli.TestMiniTezCliDriver.testCliDriver_skewjoin
org.apache.hadoop.hive.cli.TestMiniTezCliDriver.testCliDriver_stats_noscan_1
org.apache.hadoop.hive.cli.TestMiniTezCliDriver.testCliDriver_tez_union2
org.apache.hadoop.hive.cli.TestMiniTezCliDriver.testCliDriver_vector_complex_all
org.apache.hadoop.hive.cli.TestMiniTezCliDriver.testCliDriver_vector_decimal_cast
org.apache.hadoop.hive.cli.TestMiniTezCliDriver.testCliDriver_vector_reduce2
org.apache.hadoop.hive.cli.TestMiniTezCliDriver.testCliDriver_vectorization_1
org.apache.hadoop.hive.cli.TestMiniTezCliDriver.testCliDriver_vectorization_8
org.apache.hadoop.hive.cli.TestMiniTezCliDriver.testCliDriver_vectorization_div0
org.apache.hadoop.hive.cli.TestNegativeMinimrCliDriver.testNegativeCliDriver_minimr_broken_pipe
org.apache.hadoop.hive.cli.TestSparkCliDriver.testCliDriver_join0
org.apache.hadoop.hive.cli.TestSparkCliDriver.testCliDriver_outer_join_ppr
org.apache.hadoop.hive.llap.tez.TestConverters.testFragmentSpecToTaskSpec
org.apache.hadoop.hive.llap.tez.TestConverters.testTaskSpecToFragmentSpec
org.apache.hadoop.hive.llap.tezplugins.TestLlapTaskCommunicator.testFinishableStateUpdateFailure
org.apache.hadoop.hive.llap.tezplugins.TestLlapTaskSchedulerService.testDelayedLocalityNodeCommErrorImmediateAllocation
org.apache.hadoop.hive.metastore.TestAuthzApiEmbedAuthorizerInRemote.org.apache.hadoop.hive.metastore.TestAuthzApiEmbedAuthorizerInRemote
org.apache.hadoop.hive.metastore.TestHiveMetaStoreStatsMerge.testStatsMerge
org.apache.hadoop.hive.metastore.TestMetaStoreEndFunctionListener.testEndFunctionListener
org.apache.hadoop.hive.metastore.TestMetaStoreEventListenerOnlyOnCommit.testEventStatus
org.apache.hadoop.hive.ql.exec.tez.TestHostAffinitySplitLocationProvider.testOrcSplitsLocationAffinity
org.apache.hadoop.hive.ql.lockmgr.TestDbTxnManager.testHeartbeater
org.apache.hadoop.hive.ql.lockmgr.TestDbTxnManager.testLockTimeout
org.apache.hadoop.hive.ql.lockmgr.TestDbTxnManager2.testLocksInSubquery
org.apache.hadoop.hive.ql.security.TestClientSideAuthorizationProvider.testSimplePrivileges
org.apache.hadoop.hive.ql.security.TestFolderPermissions.org.apache.hadoop.hive.ql.security.TestFolderPermissions
org.apache.hadoop.hive.ql.security.TestMetastoreAuthorizationProvider.testSimplePrivileges
org.apache.hadoop.hive.ql.security.TestMultiAuthorizationPreEventListener.org.apache.hadoop.hive.ql.security.TestMultiAuthorizationPreEventListener
org.apache.hadoop.hive.ql.security.TestStorageBasedClientSideAuthorizationProvider.testSimplePrivileges
org.apache.hadoop.hive.ql.security.TestStorageBasedMetastoreAuthorizationReads.testReadTableFailure
org.apache.hive.hcatalog.listener.TestDbNotificationListener.dropDatabase
org.apache.hive.minikdc.TestJdbcWithDBTokenStore.testConnection
org.apache.hive.minikdc.TestJdbcWithDBTokenStore.testNegativeTokenAuth
org.apache.hive.minikdc.TestJdbcWithDBTokenStore.testProxyAuth
org.apache.hive.minikdc.TestJdbcWithDBTokenStore.testTokenAuth
org.apache.hive.service.TestHS2ImpersonationWithRemoteMS.org.apache.hive.service.TestHS2ImpersonationWithRemoteMS
{noformat}

Test results: http://ec2-54-177-240-2.us-west-1.compute.amazonaws.com/job/PreCommit-HIVE-MASTER-Build-JAVA8/11/testReport
Console output: http://ec2-54-177-240-2.us-west-1.compute.amazonaws.com/job/PreCommit-HIVE-MASTER-Build-JAVA8/11/console
Test logs: http://ec2-50-18-27-0.us-west-1.compute.amazonaws.com/logs/PreCommit-HIVE-MASTER-Build-JAVA8-11/

Messages:
{noformat}
Executing org.apache.hive.ptest.execution.TestCheckPhase
Executing org.apache.hive.ptest.execution.PrepPhase
Executing org.apache.hive.ptest.execution.ExecutionPhase
Executing org.apache.hive.ptest.execution.ReportingPhase
Tests exited with: TestsFailedException: 106 tests failed
{noformat}

This message is automatically generated.

ATTACHMENT ID: 12806415 - PreCommit-HIVE-MASTER-Build-JAVA8

Updated TestSparkCliDriver.testCliDriver_join0 and TestSparkCliDriver.testCliDriver_outer_join_ppr as well.
i.e. regenerated to bring java8 version up to date with the java7 version.



Here are the results of testing the latest attachment:
https://issues.apache.org/jira/secure/attachment/12806538/HIVE-13860-java8.patch

{color:red}ERROR:{color} -1 due to no test(s) being added or modified.

{color:red}ERROR:{color} -1 due to 56 failed/errored test(s), 9003 tests executed
*Failed tests:*
{noformat}
TestHWISessionManager - did not produce a TEST-*.xml file
TestJdbcWithMiniHA - did not produce a TEST-*.xml file
TestJdbcWithMiniMr - did not produce a TEST-*.xml file
TestMiniTezCliDriver-auto_sortmerge_join_7.q-orc_merge9.q-tez_union_dynamic_partition.q-and-12-more - did not produce a TEST-*.xml file
TestMiniTezCliDriver-cte_4.q-vector_non_string_partition.q-delete_where_non_partitioned.q-and-12-more - did not produce a TEST-*.xml file
TestMiniTezCliDriver-dynpart_sort_optimization2.q-tez_dynpart_hashjoin_3.q-orc_vectorization_ppd.q-and-12-more - did not produce a TEST-*.xml file
TestMiniTezCliDriver-explainuser_4.q-update_after_multiple_inserts.q-mapreduce2.q-and-12-more - did not produce a TEST-*.xml file
TestMiniTezCliDriver-groupby2.q-tez_dynpart_hashjoin_1.q-custom_input_output_format.q-and-12-more - did not produce a TEST-*.xml file
TestMiniTezCliDriver-join1.q-mapjoin_decimal.q-union5.q-and-12-more - did not produce a TEST-*.xml file
TestMiniTezCliDriver-load_dyn_part2.q-selectDistinctStar.q-vector_decimal_5.q-and-12-more - did not produce a TEST-*.xml file
TestMiniTezCliDriver-mapjoin_mapjoin.q-insert_into1.q-vector_decimal_2.q-and-12-more - did not produce a TEST-*.xml file
TestMiniTezCliDriver-order_null.q-vector_acid3.q-orc_merge10.q-and-12-more - did not produce a TEST-*.xml file
TestMiniTezCliDriver-schema_evol_text_nonvec_mapwork_table.q-vector_decimal_trailing.q-subquery_in.q-and-12-more - did not produce a TEST-*.xml file
TestMiniTezCliDriver-script_pipe.q-vector_decimal_aggregate.q-vector_data_types.q-and-12-more - did not produce a TEST-*.xml file
TestMiniTezCliDriver-smb_cache.q-transform_ppr2.q-vector_outer_join0.q-and-5-more - did not produce a TEST-*.xml file
TestMiniTezCliDriver-tez_union_group_by.q-vector_auto_smb_mapjoin_14.q-union_fast_stats.q-and-12-more - did not produce a TEST-*.xml file
TestMiniTezCliDriver-vector_coalesce.q-cbo_windowing.q-tez_join.q-and-12-more - did not produce a TEST-*.xml file
TestMiniTezCliDriver-vector_distinct_2.q-tez_joins_explain.q-cte_mat_1.q-and-12-more - did not produce a TEST-*.xml file
TestMiniTezCliDriver-vector_interval_2.q-schema_evol_text_nonvec_mapwork_part_all_primitive.q-tez_fsstat.q-and-12-more - did not produce a TEST-*.xml file
TestMiniTezCliDriver-vectorization_13.q-auto_sortmerge_join_13.q-tez_bmj_schema_evolution.q-and-12-more - did not produce a TEST-*.xml file
TestMinimrCliDriver-bucket_num_reducers.q-table_nonprintable.q-scriptfile1.q-and-1-more - did not produce a TEST-*.xml file
TestNegativeCliDriver-udf_invalid.q-nopart_insert.q-insert_into_with_schema.q-and-734-more - did not produce a TEST-*.xml file
TestOperationLoggingAPIWithTez - did not produce a TEST-*.xml file
TestSparkCliDriver-auto_join30.q-join2.q-input17.q-and-12-more - did not produce a TEST-*.xml file
TestSparkCliDriver-bucketmapjoin10.q-join_rc.q-skewjoinopt13.q-and-12-more - did not produce a TEST-*.xml file
TestSparkCliDriver-groupby10.q-groupby4_noskew.q-union5.q-and-12-more - did not produce a TEST-*.xml file
TestSparkCliDriver-groupby2_noskew_multi_distinct.q-vectorization_10.q-list_bucket_dml_2.q-and-12-more - did not produce a TEST-*.xml file
TestSparkCliDriver-join_cond_pushdown_unqual4.q-bucketmapjoin12.q-avro_decimal_native.q-and-12-more - did not produce a TEST-*.xml file
TestSparkCliDriver-multi_insert.q-join5.q-groupby6.q-and-12-more - did not produce a TEST-*.xml file
TestSparkCliDriver-ptf_rcfile.q-bucketmapjoin_negative.q-bucket_map_join_spark2.q-and-12-more - did not produce a TEST-*.xml file
TestSparkCliDriver-skewjoin_noskew.q-sample2.q-skewjoinopt10.q-and-12-more - did not produce a TEST-*.xml file
TestSparkCliDriver-skewjoin_union_remove_2.q-timestamp_null.q-union32.q-and-12-more - did not produce a TEST-*.xml file
TestSparkCliDriver-skewjoinopt3.q-union27.q-multigroupby_singlemr.q-and-12-more - did not produce a TEST-*.xml file
TestSparkCliDriver-stats13.q-stats2.q-ppd_gby_join.q-and-12-more - did not produce a TEST-*.xml file
TestSparkCliDriver-vector_distinct_2.q-join15.q-load_dyn_part3.q-and-12-more - did not produce a TEST-*.xml file
org.apache.hadoop.hive.cli.TestCliDriver.testCliDriver_autoColumnStats_4
org.apache.hadoop.hive.cli.TestCliDriver.testCliDriver_ivyDownload
org.apache.hadoop.hive.cli.TestCliDriver.testCliDriver_list_bucket_dml_12
org.apache.hadoop.hive.cli.TestCliDriver.testCliDriver_list_bucket_dml_13
org.apache.hadoop.hive.cli.TestCliDriver.testCliDriver_stats_list_bucket
org.apache.hadoop.hive.cli.TestMiniSparkOnYarnCliDriver.testCliDriver_constprog_partitioner
org.apache.hadoop.hive.cli.TestMiniSparkOnYarnCliDriver.testCliDriver_index_bitmap3
org.apache.hadoop.hive.cli.TestSparkCliDriver.testCliDriver_auto_join17
org.apache.hadoop.hive.cli.TestSparkCliDriver.testCliDriver_cbo_subq_in
org.apache.hadoop.hive.cli.TestSparkCliDriver.testCliDriver_disable_merge_for_bucketing
org.apache.hadoop.hive.cli.TestSparkCliDriver.testCliDriver_groupby1
org.apache.hadoop.hive.cli.TestSparkCliDriver.testCliDriver_groupby2_noskew
org.apache.hadoop.hive.cli.TestSparkCliDriver.testCliDriver_groupby3
org.apache.hadoop.hive.cli.TestSparkCliDriver.testCliDriver_join_cond_pushdown_3
org.apache.hadoop.hive.cli.TestSparkCliDriver.testCliDriver_nullgroup
org.apache.hadoop.hive.cli.TestSparkCliDriver.testCliDriver_stats14
org.apache.hadoop.hive.llap.daemon.impl.TestTaskExecutorService.testPreemptionQueueComparator
org.apache.hadoop.hive.llap.tez.TestConverters.testFragmentSpecToTaskSpec
org.apache.hadoop.hive.llap.tezplugins.TestLlapTaskCommunicator.testFinishableStateUpdateFailure
org.apache.hadoop.hive.llap.tezplugins.TestLlapTaskSchedulerService.testDelayedLocalityNodeCommErrorImmediateAllocation
org.apache.hadoop.hive.ql.lockmgr.TestDbTxnManager2.testLocksInSubquery
{noformat}

Test results: http://ec2-54-177-240-2.us-west-1.compute.amazonaws.com/job/PreCommit-HIVE-MASTER-Build-JAVA8/12/testReport
Console output: http://ec2-54-177-240-2.us-west-1.compute.amazonaws.com/job/PreCommit-HIVE-MASTER-Build-JAVA8/12/console
Test logs: http://ec2-50-18-27-0.us-west-1.compute.amazonaws.com/logs/PreCommit-HIVE-MASTER-Build-JAVA8-12/

Messages:
{noformat}
Executing org.apache.hive.ptest.execution.TestCheckPhase
Executing org.apache.hive.ptest.execution.PrepPhase
Executing org.apache.hive.ptest.execution.ExecutionPhase
Executing org.apache.hive.ptest.execution.ReportingPhase
Tests exited with: TestsFailedException: 56 tests failed
{noformat}

This message is automatically generated.

ATTACHMENT ID: 12806538 - PreCommit-HIVE-MASTER-Build-JAVA8



Here are the results of testing the latest attachment:
https://issues.apache.org/jira/secure/attachment/12806580/HIVE-13860-java8.patch

{color:red}ERROR:{color} -1 due to no test(s) being added or modified.

{color:red}ERROR:{color} -1 due to 97 failed/errored test(s), 9214 tests executed
*Failed tests:*
{noformat}
TestAccumuloSerDe - did not produce a TEST-*.xml file
TestHWISessionManager - did not produce a TEST-*.xml file
TestJdbcWithMiniHA - did not produce a TEST-*.xml file
TestJdbcWithMiniMr - did not produce a TEST-*.xml file
TestMiniTezCliDriver-auto_join1.q-schema_evol_text_vec_mapwork_part_all_complex.q-vector_complex_join.q-and-12-more - did not produce a TEST-*.xml file
TestMiniTezCliDriver-auto_join30.q-vector_decimal_10_0.q-acid_globallimit.q-and-12-more - did not produce a TEST-*.xml file
TestMiniTezCliDriver-auto_sortmerge_join_16.q-skewjoin.q-vectorization_div0.q-and-12-more - did not produce a TEST-*.xml file
TestMiniTezCliDriver-auto_sortmerge_join_7.q-orc_merge9.q-tez_union_dynamic_partition.q-and-12-more - did not produce a TEST-*.xml file
TestMiniTezCliDriver-constprog_dpp.q-dynamic_partition_pruning.q-vectorization_10.q-and-12-more - did not produce a TEST-*.xml file
TestMiniTezCliDriver-cte_4.q-vector_non_string_partition.q-delete_where_non_partitioned.q-and-12-more - did not produce a TEST-*.xml file
TestMiniTezCliDriver-explainuser_4.q-update_after_multiple_inserts.q-mapreduce2.q-and-12-more - did not produce a TEST-*.xml file
TestMiniTezCliDriver-load_dyn_part2.q-selectDistinctStar.q-vector_decimal_5.q-and-12-more - did not produce a TEST-*.xml file
TestMiniTezCliDriver-smb_cache.q-transform_ppr2.q-vector_outer_join0.q-and-5-more - did not produce a TEST-*.xml file
TestMiniTezCliDriver-vectorized_parquet.q-insert_values_non_partitioned.q-schema_evol_orc_nonvec_mapwork_part.q-and-12-more - did not produce a TEST-*.xml file
TestNegativeCliDriver-udf_invalid.q-nopart_insert.q-insert_into_with_schema.q-and-734-more - did not produce a TEST-*.xml file
TestOperationLoggingAPIWithTez - did not produce a TEST-*.xml file
TestSparkCliDriver-ppd_transform.q-union_remove_7.q-date_udf.q-and-12-more - did not produce a TEST-*.xml file
org.apache.hadoop.hive.cli.TestCliDriver.testCliDriver_index_auto_mult_tables_compact
org.apache.hadoop.hive.cli.TestCliDriver.testCliDriver_ivyDownload
org.apache.hadoop.hive.cli.TestCliDriver.testCliDriver_list_bucket_dml_13
org.apache.hadoop.hive.cli.TestMiniSparkOnYarnCliDriver.testCliDriver_bucket4
org.apache.hadoop.hive.cli.TestMiniSparkOnYarnCliDriver.testCliDriver_bucket5
org.apache.hadoop.hive.cli.TestMiniSparkOnYarnCliDriver.testCliDriver_bucket6
org.apache.hadoop.hive.cli.TestMiniSparkOnYarnCliDriver.testCliDriver_constprog_partitioner
org.apache.hadoop.hive.cli.TestMiniSparkOnYarnCliDriver.testCliDriver_disable_merge_for_bucketing
org.apache.hadoop.hive.cli.TestMiniSparkOnYarnCliDriver.testCliDriver_index_bitmap3
org.apache.hadoop.hive.cli.TestMiniSparkOnYarnCliDriver.testCliDriver_infer_bucket_sort_map_operators
org.apache.hadoop.hive.cli.TestMiniSparkOnYarnCliDriver.testCliDriver_infer_bucket_sort_num_buckets
org.apache.hadoop.hive.cli.TestMiniSparkOnYarnCliDriver.testCliDriver_infer_bucket_sort_reducers_power_two
org.apache.hadoop.hive.cli.TestMiniSparkOnYarnCliDriver.testCliDriver_list_bucket_dml_10
org.apache.hadoop.hive.cli.TestMiniSparkOnYarnCliDriver.testCliDriver_orc_merge1
org.apache.hadoop.hive.cli.TestMiniSparkOnYarnCliDriver.testCliDriver_orc_merge2
org.apache.hadoop.hive.cli.TestMiniSparkOnYarnCliDriver.testCliDriver_orc_merge9
org.apache.hadoop.hive.cli.TestMiniSparkOnYarnCliDriver.testCliDriver_orc_merge_diff_fs
org.apache.hadoop.hive.cli.TestMiniSparkOnYarnCliDriver.testCliDriver_reduce_deduplicate
org.apache.hadoop.hive.cli.TestMiniSparkOnYarnCliDriver.testCliDriver_vector_outer_join1
org.apache.hadoop.hive.cli.TestMiniSparkOnYarnCliDriver.testCliDriver_vector_outer_join2
org.apache.hadoop.hive.cli.TestMiniSparkOnYarnCliDriver.testCliDriver_vector_outer_join3
org.apache.hadoop.hive.cli.TestMiniSparkOnYarnCliDriver.testCliDriver_vector_outer_join4
org.apache.hadoop.hive.cli.TestMiniSparkOnYarnCliDriver.testCliDriver_vector_outer_join5
org.apache.hadoop.hive.cli.TestMiniTezCliDriver.org.apache.hadoop.hive.cli.TestMiniTezCliDriver
org.apache.hadoop.hive.cli.TestMiniTezCliDriver.testCliDriver_delete_where_no_match
org.apache.hadoop.hive.cli.TestMiniTezCliDriver.testCliDriver_explainuser_1
org.apache.hadoop.hive.cli.TestMiniTezCliDriver.testCliDriver_explainuser_3
org.apache.hadoop.hive.cli.TestMiniTezCliDriver.testCliDriver_insert_into1
org.apache.hadoop.hive.cli.TestMiniTezCliDriver.testCliDriver_insert_values_dynamic_partitioned
org.apache.hadoop.hive.cli.TestMiniTezCliDriver.testCliDriver_limit_pushdown
org.apache.hadoop.hive.cli.TestMiniTezCliDriver.testCliDriver_mapjoin_mapjoin
org.apache.hadoop.hive.cli.TestMiniTezCliDriver.testCliDriver_orc_merge_incompat2
org.apache.hadoop.hive.cli.TestMiniTezCliDriver.testCliDriver_tez_union_multiinsert
org.apache.hadoop.hive.cli.TestMiniTezCliDriver.testCliDriver_vector_decimal_2
org.apache.hadoop.hive.cli.TestMiniTezCliDriver.testCliDriver_vector_outer_join6
org.apache.hadoop.hive.cli.TestMiniTezCliDriver.testCliDriver_vectorization_part
org.apache.hadoop.hive.cli.TestMiniTezCliDriver.testCliDriver_vectorization_short_regress
org.apache.hadoop.hive.cli.TestMiniTezCliDriver.testCliDriver_vectorized_date_funcs
org.apache.hadoop.hive.cli.TestMiniTezCliDriver.testCliDriver_vectorized_timestamp_funcs
org.apache.hadoop.hive.cli.TestNegativeMinimrCliDriver.testNegativeCliDriver_minimr_broken_pipe
org.apache.hadoop.hive.llap.daemon.impl.comparator.TestShortestJobFirstComparator.testWaitQueueComparator
org.apache.hadoop.hive.llap.daemon.impl.comparator.TestShortestJobFirstComparator.testWaitQueueComparatorParallelism
org.apache.hadoop.hive.llap.daemon.impl.comparator.TestShortestJobFirstComparator.testWaitQueueComparatorWithinDagPriority
org.apache.hadoop.hive.llap.tez.TestConverters.testFragmentSpecToTaskSpec
org.apache.hadoop.hive.llap.tezplugins.TestLlapTaskCommunicator.testFinishableStateUpdateFailure
org.apache.hadoop.hive.metastore.TestAuthzApiEmbedAuthorizerInRemote.org.apache.hadoop.hive.metastore.TestAuthzApiEmbedAuthorizerInRemote
org.apache.hadoop.hive.metastore.TestFilterHooks.org.apache.hadoop.hive.metastore.TestFilterHooks
org.apache.hadoop.hive.metastore.TestHiveMetaStoreGetMetaConf.org.apache.hadoop.hive.metastore.TestHiveMetaStoreGetMetaConf
org.apache.hadoop.hive.metastore.TestHiveMetaStorePartitionSpecs.org.apache.hadoop.hive.metastore.TestHiveMetaStorePartitionSpecs
org.apache.hadoop.hive.metastore.TestHiveMetaStoreStatsMerge.testStatsMerge
org.apache.hadoop.hive.metastore.TestMetaStoreInitListener.testMetaStoreInitListener
org.apache.hadoop.hive.metastore.TestPartitionNameWhitelistValidation.testAddPartitionWithValidPartVal
org.apache.hadoop.hive.metastore.TestPartitionNameWhitelistValidation.testAppendPartitionWithCommas
org.apache.hadoop.hive.metastore.TestPartitionNameWhitelistValidation.testAppendPartitionWithUnicode
org.apache.hadoop.hive.metastore.TestPartitionNameWhitelistValidation.testAppendPartitionWithValidCharacters
org.apache.hadoop.hive.metastore.TestRemoteHiveMetaStore.testSimpleTable
org.apache.hadoop.hive.metastore.TestRetryingHMSHandler.testRetryingHMSHandler
org.apache.hadoop.hive.ql.lockmgr.TestDbTxnManager2.testLocksInSubquery
org.apache.hadoop.hive.ql.security.TestExtendedAcls.org.apache.hadoop.hive.ql.security.TestExtendedAcls
org.apache.hadoop.hive.ql.security.TestFolderPermissions.org.apache.hadoop.hive.ql.security.TestFolderPermissions
org.apache.hadoop.hive.ql.security.TestStorageBasedClientSideAuthorizationProvider.testSimplePrivileges
org.apache.hadoop.hive.ql.security.TestStorageBasedMetastoreAuthorizationDrops.testDropDatabase
org.apache.hadoop.hive.ql.security.TestStorageBasedMetastoreAuthorizationDrops.testDropPartition
org.apache.hadoop.hive.ql.security.TestStorageBasedMetastoreAuthorizationDrops.testDropTable
org.apache.hadoop.hive.ql.security.TestStorageBasedMetastoreAuthorizationProvider.testSimplePrivileges
org.apache.hadoop.hive.ql.security.TestStorageBasedMetastoreAuthorizationProviderWithACL.testSimplePrivileges
org.apache.hadoop.hive.ql.security.TestStorageBasedMetastoreAuthorizationReads.testReadDbFailure
org.apache.hadoop.hive.ql.security.TestStorageBasedMetastoreAuthorizationReads.testReadDbSuccess
org.apache.hadoop.hive.ql.security.TestStorageBasedMetastoreAuthorizationReads.testReadTableFailure
org.apache.hadoop.hive.ql.security.TestStorageBasedMetastoreAuthorizationReads.testReadTableSuccess
org.apache.hadoop.hive.ql.security.TestStorageBasedMetastoreAuthorizationReads.testReadTableSuccessWithReadOnly
org.apache.hadoop.hive.thrift.TestHadoopAuthBridge23.testDelegationTokenSharedStore
org.apache.hadoop.hive.thrift.TestHadoopAuthBridge23.testMetastoreProxyUser
org.apache.hadoop.hive.thrift.TestHadoopAuthBridge23.testSaslWithHiveMetaStore
org.apache.hive.hcatalog.listener.TestDbNotificationListener.cleanupNotifs
org.apache.hive.hcatalog.listener.TestDbNotificationListener.dropTable
org.apache.hive.jdbc.TestSSL.testSSLFetchHttp
org.apache.hive.minikdc.TestJdbcWithDBTokenStore.org.apache.hive.minikdc.TestJdbcWithDBTokenStore
org.apache.hive.service.TestHS2ImpersonationWithRemoteMS.org.apache.hive.service.TestHS2ImpersonationWithRemoteMS
org.apache.hive.spark.client.TestSparkClient.testSyncRpc
{noformat}

Test results: http://ec2-54-177-240-2.us-west-1.compute.amazonaws.com/job/PreCommit-HIVE-MASTER-Build-JAVA8/13/testReport
Console output: http://ec2-54-177-240-2.us-west-1.compute.amazonaws.com/job/PreCommit-HIVE-MASTER-Build-JAVA8/13/console
Test logs: http://ec2-50-18-27-0.us-west-1.compute.amazonaws.com/logs/PreCommit-HIVE-MASTER-Build-JAVA8-13/

Messages:
{noformat}
Executing org.apache.hive.ptest.execution.TestCheckPhase
Executing org.apache.hive.ptest.execution.PrepPhase
Executing org.apache.hive.ptest.execution.ExecutionPhase
Executing org.apache.hive.ptest.execution.ReportingPhase
Tests exited with: TestsFailedException: 97 tests failed
{noformat}

This message is automatically generated.

ATTACHMENT ID: 12806580 - PreCommit-HIVE-MASTER-Build-JAVA8

Test failures look good to me.

(Bunch of flaky test failures showed up in run #13 compared to #12)

LGTM. +1.

Thanks [~mohitsabharwal]. I committed it to java8.

