Added work around as follows to [https://cwiki.apache.org/confluence/display/Hive/HiveReplicationv2Development#HiveReplicationv2Development-REPLDUMP] section.

{quote}When bootstrap dump is in progress, it blocks rename table/partition operations on any tables of the dumped database and throws HiveException. Once bootstrap dump is completed, rename operations are enabled and will work as normal. If HiveServer2 crashes when bootstrap dump in progress, then rename operations will continue to throw HiveException even after HiveServer2 is restored with no REPL DUMP in progress. This abnormal state should be manually fixed using following work around. 
Look up the HiveServer logs for below pair of log messages.
bq. REPL DUMP:: Set property for Database: <db_name>, Property: <bootstrap.dump.state.xxxx>, Value: ACTIVE
bq. REPL DUMP:: Reset property for Database: <db_name>, Property: <bootstrap.dump.state.xxxx>
If Reset property log is not found for the corresponding Set property log, then user need to manually reset the database property <bootstrap.dump.state.xxxx> with value as "IDLE" using ALTER DATABASE command.{quote}

Added 01.patch adding logs with database property being set/reset while bootstrap dump in progress.

Request [~anishek] to please review the same!
cc [~thejas]

GitHub user sankarh opened a pull request:

    https://github.com/apache/hive/pull/256

    HIVE-17681: Need to log bootstrap dump progress state property to HS2 logs.

    

You can merge this pull request into a Git repository by running:

    $ git pull https://github.com/sankarh/hive HIVE-17681

Alternatively you can review and apply these changes as the patch at:

    https://github.com/apache/hive/pull/256.patch

To close this pull request, make a commit to your master/trunk branch
with (at least) the following in the commit message:

    This closes #256
    
----
commit 8ef048b25cc34681790f79850446e79974f5adac
Author: Sankar Hariappan <mailtosankarh@gmail.com>
Date:   2017-10-04T09:30:06Z

    HIVE-17681: Need to log bootstrap dump progress state property to HS2 logs.

----




Here are the results of testing the latest attachment:
https://issues.apache.org/jira/secure/attachment/12890326/HIVE-17681.01.patch

{color:red}ERROR:{color} -1 due to no test(s) being added or modified.

{color:red}ERROR:{color} -1 due to 16 failed/errored test(s), 11084 tests executed
*Failed tests:*
{noformat}
TestCleaner2 - did not produce a TEST-*.xml file (likely timed out) (batchId=260)
TestConvertAstToSearchArg - did not produce a TEST-*.xml file (likely timed out) (batchId=260)
TestIOContextMap - did not produce a TEST-*.xml file (likely timed out) (batchId=260)
TestInitiator - did not produce a TEST-*.xml file (likely timed out) (batchId=260)
TestRecordIdentifier - did not produce a TEST-*.xml file (likely timed out) (batchId=260)
TestSearchArgumentImpl - did not produce a TEST-*.xml file (likely timed out) (batchId=260)
TestWorker - did not produce a TEST-*.xml file (likely timed out) (batchId=260)
TestWorker2 - did not produce a TEST-*.xml file (likely timed out) (batchId=260)
org.apache.hadoop.hive.cli.TestAccumuloCliDriver.testCliDriver[accumulo_predicate_pushdown] (batchId=232)
org.apache.hadoop.hive.cli.TestAccumuloCliDriver.testCliDriver[accumulo_single_sourced_multi_insert] (batchId=232)
org.apache.hadoop.hive.cli.TestMiniLlapLocalCliDriver.testCliDriver[optimize_nullscan] (batchId=162)
org.apache.hadoop.hive.cli.TestMiniLlapLocalCliDriver.testCliDriver[union_fast_stats] (batchId=157)
org.apache.hadoop.hive.cli.TestMiniSparkOnYarnCliDriver.testCliDriver[spark_explainuser_1] (batchId=171)
org.apache.hadoop.hive.cli.TestTezPerfCliDriver.testCliDriver[query14] (batchId=240)
org.apache.hadoop.hive.cli.TestTezPerfCliDriver.testCliDriver[query23] (batchId=240)
org.apache.hadoop.hive.llap.security.TestLlapSignerImpl.testSigning (batchId=292)
{noformat}

Test results: https://builds.apache.org/job/PreCommit-HIVE-Build/7122/testReport
Console output: https://builds.apache.org/job/PreCommit-HIVE-Build/7122/console
Test logs: http://104.198.109.242/logs/PreCommit-HIVE-Build-7122/

Messages:
{noformat}
Executing org.apache.hive.ptest.execution.TestCheckPhase
Executing org.apache.hive.ptest.execution.PrepPhase
Executing org.apache.hive.ptest.execution.ExecutionPhase
Executing org.apache.hive.ptest.execution.ReportingPhase
Tests exited with: TestsFailedException: 16 tests failed
{noformat}

This message is automatically generated.

ATTACHMENT ID: 12890326 - PreCommit-HIVE-Build

Re-attaching the same patch to re-run pre-commit build as test failures seems flaky.

The log needs to be created inside the Utils class, other than that +1



Here are the results of testing the latest attachment:
https://issues.apache.org/jira/secure/attachment/12890476/HIVE-17681.01.patch

{color:red}ERROR:{color} -1 due to no test(s) being added or modified.

{color:red}ERROR:{color} -1 due to 8 failed/errored test(s), 11200 tests executed
*Failed tests:*
{noformat}
org.apache.hadoop.hive.cli.TestAccumuloCliDriver.testCliDriver[accumulo_predicate_pushdown] (batchId=232)
org.apache.hadoop.hive.cli.TestAccumuloCliDriver.testCliDriver[accumulo_single_sourced_multi_insert] (batchId=232)
org.apache.hadoop.hive.cli.TestMiniLlapLocalCliDriver.testCliDriver[optimize_nullscan] (batchId=162)
org.apache.hadoop.hive.cli.TestMiniLlapLocalCliDriver.testCliDriver[union_fast_stats] (batchId=157)
org.apache.hadoop.hive.cli.TestMiniSparkOnYarnCliDriver.testCliDriver[spark_explainuser_1] (batchId=171)
org.apache.hadoop.hive.cli.TestTezPerfCliDriver.testCliDriver[query14] (batchId=240)
org.apache.hadoop.hive.cli.TestTezPerfCliDriver.testCliDriver[query23] (batchId=240)
org.apache.hadoop.hive.common.metrics.metrics2.TestCodahaleMetrics.testFileReporting (batchId=250)
{noformat}

Test results: https://builds.apache.org/job/PreCommit-HIVE-Build/7132/testReport
Console output: https://builds.apache.org/job/PreCommit-HIVE-Build/7132/console
Test logs: http://104.198.109.242/logs/PreCommit-HIVE-Build-7132/

Messages:
{noformat}
Executing org.apache.hive.ptest.execution.TestCheckPhase
Executing org.apache.hive.ptest.execution.PrepPhase
Executing org.apache.hive.ptest.execution.ExecutionPhase
Executing org.apache.hive.ptest.execution.ReportingPhase
Tests exited with: TestsFailedException: 8 tests failed
{noformat}

This message is automatically generated.

ATTACHMENT ID: 12890476 - PreCommit-HIVE-Build

Fixed [~anishek]'s comment in 02.patch.

+1



Here are the results of testing the latest attachment:
https://issues.apache.org/jira/secure/attachment/12890491/HIVE-17681.02.patch

{color:red}ERROR:{color} -1 due to no test(s) being added or modified.

{color:red}ERROR:{color} -1 due to 9 failed/errored test(s), 11173 tests executed
*Failed tests:*
{noformat}
TestJdbcWithMiniHS2 - did not produce a TEST-*.xml file (likely timed out) (batchId=229)
org.apache.hadoop.hive.cli.TestAccumuloCliDriver.testCliDriver[accumulo_predicate_pushdown] (batchId=232)
org.apache.hadoop.hive.cli.TestAccumuloCliDriver.testCliDriver[accumulo_single_sourced_multi_insert] (batchId=232)
org.apache.hadoop.hive.cli.TestMiniLlapCliDriver.testCliDriver[unionDistinct_1] (batchId=144)
org.apache.hadoop.hive.cli.TestMiniLlapLocalCliDriver.testCliDriver[optimize_nullscan] (batchId=162)
org.apache.hadoop.hive.cli.TestMiniLlapLocalCliDriver.testCliDriver[union_fast_stats] (batchId=157)
org.apache.hadoop.hive.cli.TestMiniSparkOnYarnCliDriver.testCliDriver[spark_explainuser_1] (batchId=171)
org.apache.hadoop.hive.cli.TestTezPerfCliDriver.testCliDriver[query14] (batchId=240)
org.apache.hadoop.hive.cli.TestTezPerfCliDriver.testCliDriver[query23] (batchId=240)
{noformat}

Test results: https://builds.apache.org/job/PreCommit-HIVE-Build/7138/testReport
Console output: https://builds.apache.org/job/PreCommit-HIVE-Build/7138/console
Test logs: http://104.198.109.242/logs/PreCommit-HIVE-Build-7138/

Messages:
{noformat}
Executing org.apache.hive.ptest.execution.TestCheckPhase
Executing org.apache.hive.ptest.execution.PrepPhase
Executing org.apache.hive.ptest.execution.ExecutionPhase
Executing org.apache.hive.ptest.execution.ReportingPhase
Tests exited with: TestsFailedException: 9 tests failed
{noformat}

This message is automatically generated.

ATTACHMENT ID: 12890491 - PreCommit-HIVE-Build

Thanks for the review [~anishek]!
Committed the patch to master.

Github user sankarh closed the pull request at:

    https://github.com/apache/hive/pull/256


This jira is resolved and released with Hive 3.0 If you find an issue with it, please create a new jira.

