Initial patch. Expecting test result diff.



{color:red}Overall{color}: -1 no tests executed

Here are the results of testing the latest attachment:
https://issues.apache.org/jira/secure/attachment/12629653/HIVE-6459.patch

Test results: http://bigtop01.cloudera.org:8080/job/PreCommit-HIVE-Build/1415/testReport
Console output: http://bigtop01.cloudera.org:8080/job/PreCommit-HIVE-Build/1415/console

Messages:
{noformat}
Executing org.apache.hive.ptest.execution.PrepPhase
Tests exited with: NonZeroExitCodeException
Command 'bash /data/hive-ptest/working/scratch/source-prep.sh' failed with exit status 1 and output '+ [[ -n '' ]]
+ export 'ANT_OPTS=-Xmx1g -XX:MaxPermSize=256m '
+ ANT_OPTS='-Xmx1g -XX:MaxPermSize=256m '
+ export 'M2_OPTS=-Xmx1g -XX:MaxPermSize=256m -Dhttp.proxyHost=localhost -Dhttp.proxyPort=3128'
+ M2_OPTS='-Xmx1g -XX:MaxPermSize=256m -Dhttp.proxyHost=localhost -Dhttp.proxyPort=3128'
+ cd /data/hive-ptest/working/
+ tee /data/hive-ptest/logs/PreCommit-HIVE-Build-1415/source-prep.txt
+ [[ false == \t\r\u\e ]]
+ mkdir -p maven ivy
+ [[ svn = \s\v\n ]]
+ [[ -n '' ]]
+ [[ -d apache-svn-trunk-source ]]
+ [[ ! -d apache-svn-trunk-source/.svn ]]
+ [[ ! -d apache-svn-trunk-source ]]
+ cd apache-svn-trunk-source
+ svn revert -R .
Reverted 'shims/aggregator/pom.xml'
Reverted 'packaging/src/main/assembly/bin.xml'
Reverted 'conf/hive-default.xml.template'
Reverted 'bin/hive'
Reverted 'common/src/java/org/apache/hadoop/hive/conf/HiveConf.java'
Reverted 'ql/src/java/org/apache/hadoop/hive/ql/exec/mr/ExecDriver.java'
Reverted 'ql/src/java/org/apache/hadoop/hive/ql/exec/mr/MapRedTask.java'
Reverted 'ql/pom.xml'
++ awk '{print $2}'
++ egrep -v '^X|^Performing status on external'
++ svn status --no-ignore
+ rm -rf target datanucleus.log ant/target shims/target shims/0.20/target shims/0.20S/target shims/0.23/target shims/aggregator/target shims/common/target shims/common-secure/target packaging/target hbase-handler/target testutils/target jdbc/target metastore/target itests/target itests/hcatalog-unit/target itests/test-serde/target itests/qtest/target itests/hive-unit/target itests/custom-serde/target itests/util/target hcatalog/target hcatalog/storage-handlers/hbase/target hcatalog/server-extensions/target hcatalog/core/target hcatalog/webhcat/svr/target hcatalog/webhcat/java-client/target hcatalog/hcatalog-pig-adapter/target hwi/target common/target common/src/gen service/target contrib/target serde/target beeline/target odbc/target cli/target ql/dependency-reduced-pom.xml ql/target ql/src/java/org/apache/hadoop/hive/ql/exec/HiveAuxClasspathBuilder.java ql/src/java/org/apache/hadoop/hive/ql/exec/mr/JarCache.java
+ svn update
U    common/src/java/org/apache/hadoop/hive/common/type/UnsignedInt128.java
U    common/src/java/org/apache/hadoop/hive/common/type/Decimal128.java
A    common/src/java/org/apache/hive/common/util/Decimal128FastBuffer.java
A    serde/src/test/org/apache/hadoop/hive/serde2/io/TestHiveDecimalWritable.java
U    serde/src/java/org/apache/hadoop/hive/serde2/io/HiveDecimalWritable.java
U    ql/src/gen/vectorization/UDAFTemplates/VectorUDAFSum.txt
A    ql/src/gen/vectorization/UDAFTemplates/VectorUDAFVarDecimal.txt
A    ql/src/gen/vectorization/UDAFTemplates/VectorUDAFMinMaxDecimal.txt
U    ql/src/gen/vectorization/UDAFTemplates/VectorUDAFVar.txt
U    ql/src/gen/vectorization/UDAFTemplates/VectorUDAFMinMax.txt
U    ql/src/gen/vectorization/UDAFTemplates/VectorUDAFAvg.txt
U    ql/src/gen/vectorization/UDAFTemplates/VectorUDAFMinMaxString.txt
A    ql/src/test/queries/clientpositive/vector_decimal_mapjoin.q
A    ql/src/test/queries/clientpositive/vector_decimal_aggregate.q
A    ql/src/test/results/clientpositive/vector_decimal_mapjoin.q.out
A    ql/src/test/results/clientpositive/vector_decimal_aggregate.q.out
U    ql/src/test/org/apache/hadoop/hive/ql/exec/vector/TestVectorGroupByOperator.java
U    ql/src/test/org/apache/hadoop/hive/ql/exec/vector/util/FakeVectorRowBatchFromObjectIterables.java
U    ql/src/java/org/apache/hadoop/hive/ql/udf/generic/GenericUDAFAverage.java
U    ql/src/java/org/apache/hadoop/hive/ql/exec/vector/VectorColumnAssignFactory.java
U    ql/src/java/org/apache/hadoop/hive/ql/exec/vector/VectorExpressionDescriptor.java
U    ql/src/java/org/apache/hadoop/hive/ql/exec/vector/VectorHashKeyWrapperBatch.java
U    ql/src/java/org/apache/hadoop/hive/ql/exec/vector/VectorizedRowBatchCtx.java
U    ql/src/java/org/apache/hadoop/hive/ql/exec/vector/VectorMapJoinOperator.java
U    ql/src/java/org/apache/hadoop/hive/ql/exec/vector/VectorizationContext.java
U    ql/src/java/org/apache/hadoop/hive/ql/exec/vector/VectorHashKeyWrapper.java
A    ql/src/java/org/apache/hadoop/hive/ql/exec/vector/expressions/aggregates/VectorUDAFSumDecimal.java
A    ql/src/java/org/apache/hadoop/hive/ql/exec/vector/expressions/aggregates/VectorUDAFAvgDecimal.java
U    ant/src/org/apache/hadoop/hive/ant/GenVectorCode.java

Fetching external item into 'hcatalog/src/test/e2e/harness'
Updated external to revision 1569868.

Updated to revision 1569868.
+ patchCommandPath=/data/hive-ptest/working/scratch/smart-apply-patch.sh
+ patchFilePath=/data/hive-ptest/working/scratch/build.patch
+ [[ -f /data/hive-ptest/working/scratch/build.patch ]]
+ chmod +x /data/hive-ptest/working/scratch/smart-apply-patch.sh
+ /data/hive-ptest/working/scratch/smart-apply-patch.sh /data/hive-ptest/working/scratch/build.patch
The patch does not appear to apply with p0, p1, or p2
+ exit 1
'
{noformat}

This message is automatically generated.

ATTACHMENT ID: 12629653

HIVE-6345 just got in, which adds the decimal support for vectorized aggregates, including AVG. Is probably going to conflict with your patch, as vectorized AVG must match the intermediate sum (p,s). If necessary, I will look at your patch  tomorrow (I'm on UTC+2) and see how it needs to consider the vectorized aggregate code (it should be a minor change).

thanks for fixing this btw.

Patch #1 is rebased with latest trunk.



{color:red}Overall{color}: -1 at least one tests failed

Here are the results of testing the latest attachment:
https://issues.apache.org/jira/secure/attachment/12629858/HIVE-6459.1.patch

{color:red}ERROR:{color} -1 due to 27 failed/errored test(s), 5168 tests executed
*Failed tests:*
{noformat}
org.apache.hadoop.hive.cli.TestCliDriver.testCliDriver_create_genericudaf
org.apache.hadoop.hive.cli.TestCliDriver.testCliDriver_decimal_precision
org.apache.hadoop.hive.cli.TestCliDriver.testCliDriver_groupby10
org.apache.hadoop.hive.cli.TestCliDriver.testCliDriver_groupby3
org.apache.hadoop.hive.cli.TestCliDriver.testCliDriver_groupby3_map
org.apache.hadoop.hive.cli.TestCliDriver.testCliDriver_groupby3_map_multi_distinct
org.apache.hadoop.hive.cli.TestCliDriver.testCliDriver_groupby3_map_skew
org.apache.hadoop.hive.cli.TestCliDriver.testCliDriver_groupby_grouping_sets3
org.apache.hadoop.hive.cli.TestCliDriver.testCliDriver_limit_pushdown
org.apache.hadoop.hive.cli.TestCliDriver.testCliDriver_subquery_in
org.apache.hadoop.hive.cli.TestCliDriver.testCliDriver_subquery_in_having
org.apache.hadoop.hive.cli.TestCliDriver.testCliDriver_subquery_notin
org.apache.hadoop.hive.cli.TestCliDriver.testCliDriver_subquery_notin_having
org.apache.hadoop.hive.cli.TestCliDriver.testCliDriver_udaf_number_format
org.apache.hadoop.hive.cli.TestCliDriver.testCliDriver_udf3
org.apache.hadoop.hive.cli.TestCliDriver.testCliDriver_udf8
org.apache.hadoop.hive.cli.TestCliDriver.testCliDriver_vector_decimal_aggregate
org.apache.hadoop.hive.cli.TestCliDriver.testCliDriver_vectorization_limit
org.apache.hadoop.hive.cli.TestCliDriver.testCliDriver_vectorization_pushdown
org.apache.hadoop.hive.cli.TestCliDriver.testCliDriver_vectorization_short_regress
org.apache.hadoop.hive.cli.TestCliDriver.testCliDriver_vectorized_mapjoin
org.apache.hadoop.hive.cli.TestCliDriver.testCliDriver_vectorized_shufflejoin
org.apache.hadoop.hive.cli.TestMinimrCliDriver.testCliDriver_auto_sortmerge_join_16
org.apache.hadoop.hive.cli.TestMinimrCliDriver.testCliDriver_parallel_orderby
org.apache.hadoop.hive.ql.exec.vector.TestVectorGroupByOperator.testAvgDecimal
org.apache.hadoop.hive.ql.exec.vector.TestVectorGroupByOperator.testAvgDecimalNegative
org.apache.hadoop.hive.ql.parse.TestParse.testParse_groupby3
{noformat}

Test results: http://bigtop01.cloudera.org:8080/job/PreCommit-HIVE-Build/1422/testReport
Console output: http://bigtop01.cloudera.org:8080/job/PreCommit-HIVE-Build/1422/console

Messages:
{noformat}
Executing org.apache.hive.ptest.execution.PrepPhase
Executing org.apache.hive.ptest.execution.ExecutionPhase
Executing org.apache.hive.ptest.execution.ReportingPhase
Tests exited with: TestsFailedException: 27 tests failed
{noformat}

This message is automatically generated.

ATTACHMENT ID: 12629858

Patch #2 addressed the test diffs.



{color:red}Overall{color}: -1 at least one tests failed

Here are the results of testing the latest attachment:
https://issues.apache.org/jira/secure/attachment/12630096/HIVE-6459.2.patch

{color:red}ERROR:{color} -1 due to 2 failed/errored test(s), 5175 tests executed
*Failed tests:*
{noformat}
org.apache.hadoop.hive.cli.TestCliDriver.testCliDriver_decimal_udf
org.apache.hadoop.hive.cli.TestMinimrCliDriver.testCliDriver_bucket_num_reducers
{noformat}

Test results: http://bigtop01.cloudera.org:8080/job/PreCommit-HIVE-Build/1444/testReport
Console output: http://bigtop01.cloudera.org:8080/job/PreCommit-HIVE-Build/1444/console

Messages:
{noformat}
Executing org.apache.hive.ptest.execution.PrepPhase
Executing org.apache.hive.ptest.execution.ExecutionPhase
Executing org.apache.hive.ptest.execution.ReportingPhase
Tests exited with: TestsFailedException: 2 tests failed
{noformat}

This message is automatically generated.

ATTACHMENT ID: 12630096

Patch #3 again fixed one of test failures. The other one test has been flaky and unrelated.



{color:red}Overall{color}: -1 at least one tests failed

Here are the results of testing the latest attachment:
https://issues.apache.org/jira/secure/attachment/12630539/HIVE-6459.3.patch

{color:red}ERROR:{color} -1 due to 2 failed/errored test(s), 5176 tests executed
*Failed tests:*
{noformat}
org.apache.hadoop.hive.cli.TestMinimrCliDriver.testCliDriver_auto_sortmerge_join_16
org.apache.hadoop.hive.cli.TestNegativeMinimrCliDriver.testNegativeCliDriver_mapreduce_stack_trace_hadoop20
{noformat}

Test results: http://bigtop01.cloudera.org:8080/job/PreCommit-HIVE-Build/1479/testReport
Console output: http://bigtop01.cloudera.org:8080/job/PreCommit-HIVE-Build/1479/console

Messages:
{noformat}
Executing org.apache.hive.ptest.execution.PrepPhase
Executing org.apache.hive.ptest.execution.ExecutionPhase
Executing org.apache.hive.ptest.execution.ReportingPhase
Tests exited with: TestsFailedException: 2 tests failed
{noformat}

This message is automatically generated.

ATTACHMENT ID: 12630539

RB: https://reviews.apache.org/r/18478/

There are two failures, do you think those are related to the patch ?

BTW, I approved the RB request.

[~prasadm] I don't think the failures are related. However, I will upload a new patch to address your comments on RB.

Patch #4 rebased with trunk and addressed review comments.

+1




{color:red}Overall{color}: -1 at least one tests failed

Here are the results of testing the latest attachment:
https://issues.apache.org/jira/secure/attachment/12631824/HIVE-6459.4.patch

{color:red}ERROR:{color} -1 due to 2 failed/errored test(s), 5186 tests executed
*Failed tests:*
{noformat}
org.apache.hadoop.hive.cli.TestMinimrCliDriver.testCliDriver_auto_sortmerge_join_16
org.apache.hadoop.hive.cli.TestNegativeMinimrCliDriver.testNegativeCliDriver_mapreduce_stack_trace_hadoop20
{noformat}

Test results: http://bigtop01.cloudera.org:8080/job/PreCommit-HIVE-Build/1570/testReport
Console output: http://bigtop01.cloudera.org:8080/job/PreCommit-HIVE-Build/1570/console

Messages:
{noformat}
Executing org.apache.hive.ptest.execution.PrepPhase
Executing org.apache.hive.ptest.execution.ExecutionPhase
Executing org.apache.hive.ptest.execution.ReportingPhase
Tests exited with: TestsFailedException: 2 tests failed
{noformat}

This message is automatically generated.

ATTACHMENT ID: 12631824

The above test failures don't seem related to the patch, as they also appear in other test runs. Manually running those passed.

Patch committed to trunk. Thanks Prasad for the review.

