This patch removes the showConnectedUrl from the help text



Here are the results of testing the latest attachment:
https://issues.apache.org/jira/secure/attachment/12833939/HIVE-15001.patch

{color:red}ERROR:{color} -1 due to no test(s) being added or modified.

{color:red}ERROR:{color} -1 due to 8 failed/errored test(s), 10592 tests executed
*Failed tests:*
{noformat}
TestBeelineWithHS2ConnectionFile - did not produce a TEST-*.xml file (likely timed out) (batchId=197)
org.apache.hadoop.hive.cli.TestCliDriver.testCliDriver[acid_globallimit] (batchId=27)
org.apache.hadoop.hive.cli.TestCliDriver.testCliDriver[order_null] (batchId=18)
org.apache.hadoop.hive.cli.TestCliDriver.testCliDriver[union_fast_stats] (batchId=46)
org.apache.hive.beeline.TestBeelineArgParsing.testAddLocalJarWithoutAddDriverClazz[0] (batchId=155)
org.apache.hive.beeline.TestBeelineArgParsing.testAddLocalJar[0] (batchId=155)
org.apache.hive.beeline.TestBeelineArgParsing.testAddLocalJar[1] (batchId=155)
org.apache.hive.jdbc.authorization.TestJdbcWithSQLAuthorization.testBlackListedUdfUsage (batchId=204)
{noformat}

Test results: https://builds.apache.org/job/PreCommit-HIVE-Build/1623/testReport
Console output: https://builds.apache.org/job/PreCommit-HIVE-Build/1623/console
Test logs: http://104.198.109.242/logs/PreCommit-HIVE-Build-1623/

Messages:
{noformat}
Executing org.apache.hive.ptest.execution.TestCheckPhase
Executing org.apache.hive.ptest.execution.PrepPhase
Executing org.apache.hive.ptest.execution.ExecutionPhase
Executing org.apache.hive.ptest.execution.ReportingPhase
Tests exited with: TestsFailedException: 8 tests failed
{noformat}

This message is automatically generated.

ATTACHMENT ID: 12833939 - PreCommit-HIVE-Build

Flaky tests:
* HIVE-14977 org.apache.hadoop.hive.cli.TestCliDriver.testCliDriver[order_null]
* HIVE-14976 org.apache.hadoop.hive.cli.TestCliDriver.testCliDriver[union_fast_stats]

The other failures are not even flaky (50+ failed runs)
So test failures are not related

Removed not only the help text, but the BeeLineOpts property as well



Here are the results of testing the latest attachment:
https://issues.apache.org/jira/secure/attachment/12834117/HIVE-15001.2.patch

{color:red}ERROR:{color} -1 due to build exiting with an error

Test results: https://builds.apache.org/job/PreCommit-HIVE-Build/1659/testReport
Console output: https://builds.apache.org/job/PreCommit-HIVE-Build/1659/console
Test logs: http://104.198.109.242/logs/PreCommit-HIVE-Build-1659/

Messages:
{noformat}
Executing org.apache.hive.ptest.execution.TestCheckPhase
Executing org.apache.hive.ptest.execution.PrepPhase
Tests exited with: NonZeroExitCodeException
Command 'bash /data/hiveptest/working/scratch/source-prep.sh' failed with exit status 1 and output '+ date '+%Y-%m-%d %T.%3N'
2016-10-19 12:44:12.037
+ [[ -n /usr/lib/jvm/java-8-openjdk-amd64 ]]
+ export JAVA_HOME=/usr/lib/jvm/java-8-openjdk-amd64
+ JAVA_HOME=/usr/lib/jvm/java-8-openjdk-amd64
+ export PATH=/usr/lib/jvm/java-8-openjdk-amd64/bin/:/usr/local/bin:/usr/bin:/bin:/usr/local/games:/usr/games
+ PATH=/usr/lib/jvm/java-8-openjdk-amd64/bin/:/usr/local/bin:/usr/bin:/bin:/usr/local/games:/usr/games
+ export 'ANT_OPTS=-Xmx1g -XX:MaxPermSize=256m '
+ ANT_OPTS='-Xmx1g -XX:MaxPermSize=256m '
+ export 'M2_OPTS=-Xmx1g -XX:MaxPermSize=256m -Dhttp.proxyHost=localhost -Dhttp.proxyPort=3128'
+ M2_OPTS='-Xmx1g -XX:MaxPermSize=256m -Dhttp.proxyHost=localhost -Dhttp.proxyPort=3128'
+ cd /data/hiveptest/working/
+ tee /data/hiveptest/logs/PreCommit-HIVE-Build-1659/source-prep.txt
+ [[ false == \t\r\u\e ]]
+ mkdir -p maven ivy
+ [[ git = \s\v\n ]]
+ [[ git = \g\i\t ]]
+ [[ -z master ]]
+ [[ -d apache-github-source-source ]]
+ [[ ! -d apache-github-source-source/.git ]]
+ [[ ! -d apache-github-source-source ]]
+ date '+%Y-%m-%d %T.%3N'
2016-10-19 12:44:12.039
+ cd apache-github-source-source
+ git fetch origin
+ git reset --hard HEAD
HEAD is now at 044f1fa HIVE-14974: TestBeeLineHistory throws NPE in ShutdownHook (Prasanth Jayachandran reviewed by Siddharth Seth)
+ git clean -f -d
Removing common/src/java/org/apache/hadoop/hive/common/metrics/metrics2/MetricVariableRatioGauge.java
Removing common/src/test/org/apache/hadoop/hive/common/metrics/metrics2/TestMetricVariableRatioGauge.java
+ git checkout master
Already on 'master'
Your branch is up-to-date with 'origin/master'.
+ git reset --hard origin/master
HEAD is now at 044f1fa HIVE-14974: TestBeeLineHistory throws NPE in ShutdownHook (Prasanth Jayachandran reviewed by Siddharth Seth)
+ git merge --ff-only origin/master
Already up-to-date.
+ date '+%Y-%m-%d %T.%3N'
2016-10-19 12:44:13.001
+ patchCommandPath=/data/hiveptest/working/scratch/smart-apply-patch.sh
+ patchFilePath=/data/hiveptest/working/scratch/build.patch
+ [[ -f /data/hiveptest/working/scratch/build.patch ]]
+ chmod +x /data/hiveptest/working/scratch/smart-apply-patch.sh
+ /data/hiveptest/working/scratch/smart-apply-patch.sh /data/hiveptest/working/scratch/build.patch
error: patch failed: beeline/src/main/resources/BeeLine.properties:203
error: beeline/src/main/resources/BeeLine.properties: patch does not apply
The patch does not appear to apply with p0, p1, or p2
+ exit 1
'
{noformat}

This message is automatically generated.

ATTACHMENT ID: 12834117 - PreCommit-HIVE-Build

Rebased the patch



Here are the results of testing the latest attachment:
https://issues.apache.org/jira/secure/attachment/12834160/HIVE-15001.3.patch

{color:red}ERROR:{color} -1 due to no test(s) being added or modified.

{color:red}ERROR:{color} -1 due to 11 failed/errored test(s), 10571 tests executed
*Failed tests:*
{noformat}
TestBeelineWithHS2ConnectionFile - did not produce a TEST-*.xml file (likely timed out) (batchId=199)
org.apache.hadoop.hive.cli.TestAccumuloCliDriver.testCliDriver[accumulo_custom_key2] (batchId=208)
org.apache.hadoop.hive.cli.TestAccumuloCliDriver.testCliDriver[accumulo_custom_key] (batchId=208)
org.apache.hadoop.hive.cli.TestAccumuloCliDriver.testCliDriver[accumulo_joins] (batchId=208)
org.apache.hadoop.hive.cli.TestAccumuloCliDriver.testCliDriver[accumulo_predicate_pushdown] (batchId=208)
org.apache.hadoop.hive.cli.TestAccumuloCliDriver.testCliDriver[accumulo_queries] (batchId=208)
org.apache.hadoop.hive.cli.TestAccumuloCliDriver.testCliDriver[accumulo_single_sourced_multi_insert] (batchId=208)
org.apache.hadoop.hive.cli.TestCliDriver.testCliDriver[acid_globallimit] (batchId=27)
org.apache.hive.beeline.TestBeelineArgParsing.testAddLocalJarWithoutAddDriverClazz[0] (batchId=157)
org.apache.hive.beeline.TestBeelineArgParsing.testAddLocalJar[0] (batchId=157)
org.apache.hive.beeline.TestBeelineArgParsing.testAddLocalJar[1] (batchId=157)
{noformat}

Test results: https://builds.apache.org/job/PreCommit-HIVE-Build/1664/testReport
Console output: https://builds.apache.org/job/PreCommit-HIVE-Build/1664/console
Test logs: http://104.198.109.242/logs/PreCommit-HIVE-Build-1664/

Messages:
{noformat}
Executing org.apache.hive.ptest.execution.TestCheckPhase
Executing org.apache.hive.ptest.execution.PrepPhase
Executing org.apache.hive.ptest.execution.ExecutionPhase
Executing org.apache.hive.ptest.execution.ReportingPhase
Tests exited with: TestsFailedException: 11 tests failed
{noformat}

This message is automatically generated.

ATTACHMENT ID: 12834160 - PreCommit-HIVE-Build

The results are not related.

[~nemon]: could you review this patch please?

Thanks,
Peter

makes sense to remove the dead code. So +1 for me.



Here are the results of testing the latest attachment:
https://issues.apache.org/jira/secure/attachment/12834160/HIVE-15001.3.patch

{color:red}ERROR:{color} -1 due to no test(s) being added or modified.

{color:red}ERROR:{color} -1 due to 3 failed/errored test(s), 10332 tests executed
*Failed tests:*
{noformat}
org.apache.hadoop.hive.cli.TestMiniLlapLocalCliDriver.testCliDriver[schema_evol_text_vec_table] (batchId=147)
org.apache.hadoop.hive.cli.TestMiniLlapLocalCliDriver.testCliDriver[vector_if_expr] (batchId=140)
org.apache.hadoop.hive.cli.TestSparkCliDriver.testCliDriver[vector_between_in] (batchId=119)
{noformat}

Test results: https://builds.apache.org/job/PreCommit-HIVE-Build/4011/testReport
Console output: https://builds.apache.org/job/PreCommit-HIVE-Build/4011/console
Test logs: http://104.198.109.242/logs/PreCommit-HIVE-Build-4011/

Messages:
{noformat}
Executing org.apache.hive.ptest.execution.TestCheckPhase
Executing org.apache.hive.ptest.execution.PrepPhase
Executing org.apache.hive.ptest.execution.ExecutionPhase
Executing org.apache.hive.ptest.execution.ReportingPhase
Tests exited with: TestsFailedException: 3 tests failed
{noformat}

This message is automatically generated.

ATTACHMENT ID: 12834160 - PreCommit-HIVE-Build

Fix has been committed to the master for Hive 2.2.0. Thank you for your contribution [~pvary]

