Adding review board link

[~tlipcon] [~pvary] [~akolb] Can you please review?

Here is a brief description of the approach which may help with the review
 # A new thrift API called {{get_partitions_with_specs}} is introduced which takes in a request and returns response object
 # Request object provides a {{GetPartitionsProjectSpec}} which provides {{fieldList}} which is a list of strings representing the fields which are requested and parameter key, a {{paramKeyPattern}} which is a SQL regex pattern to include/exclude certain parameter keys. The include/exclude criteria is determined by the value of boolean {{excludeParamKeyPattern}}
 # The main directSQL implementation is provided in the class {{PartitionProjectionEvaluator}} which receives the input fieldList is internally converted into a prefix tree of nodes. The partition field values are fetched in two stages. In the first stage all the single-valued fields are set and then the second stage sets multi-valued fields. In case of single-valued fields, we can create the SQL based on the projection fields and avoid unnecessary joins if the fields requested do not need a join. The second pass sets the values for multi-valued fields since each multi-valued fields needs a SQL of its own.
 # Once the partitions are fetch it groups them based on storage descriptors in {{get_partitionspecs_grouped_by_storage_descriptor}} which was an existing method and I modified it to handle the cases when SD or SD.localtion is not set.

I would like to move the existing {{getPartitionsFromPartitionIds}} to use {{PartitionProjectionEvaluator}} since right now we have two methods doing almost the same thing. Any thoughts about that?

 



Here are the results of testing the latest attachment:
https://issues.apache.org/jira/secure/attachment/12935945/HIVE-20306.patch

{color:red}ERROR:{color} -1 due to build exiting with an error

Test results: https://builds.apache.org/job/PreCommit-HIVE-Build/13292/testReport
Console output: https://builds.apache.org/job/PreCommit-HIVE-Build/13292/console
Test logs: http://104.198.109.242/logs/PreCommit-HIVE-Build-13292/

Messages:
{noformat}
Executing org.apache.hive.ptest.execution.TestCheckPhase
Executing org.apache.hive.ptest.execution.PrepPhase
Tests exited with: NonZeroExitCodeException
Command 'bash /data/hiveptest/working/scratch/source-prep.sh' failed with exit status 1 and output '+ date '+%Y-%m-%d %T.%3N'
2018-08-17 05:32:49.765
+ [[ -n /usr/lib/jvm/java-8-openjdk-amd64 ]]
+ export JAVA_HOME=/usr/lib/jvm/java-8-openjdk-amd64
+ JAVA_HOME=/usr/lib/jvm/java-8-openjdk-amd64
+ export PATH=/usr/lib/jvm/java-8-openjdk-amd64/bin/:/usr/local/bin:/usr/bin:/bin:/usr/local/games:/usr/games
+ PATH=/usr/lib/jvm/java-8-openjdk-amd64/bin/:/usr/local/bin:/usr/bin:/bin:/usr/local/games:/usr/games
+ export 'ANT_OPTS=-Xmx1g -XX:MaxPermSize=256m '
+ ANT_OPTS='-Xmx1g -XX:MaxPermSize=256m '
+ export 'MAVEN_OPTS=-Xmx1g '
+ MAVEN_OPTS='-Xmx1g '
+ cd /data/hiveptest/working/
+ tee /data/hiveptest/logs/PreCommit-HIVE-Build-13292/source-prep.txt
+ [[ false == \t\r\u\e ]]
+ mkdir -p maven ivy
+ [[ git = \s\v\n ]]
+ [[ git = \g\i\t ]]
+ [[ -z master ]]
+ [[ -d apache-github-source-source ]]
+ [[ ! -d apache-github-source-source/.git ]]
+ [[ ! -d apache-github-source-source ]]
+ date '+%Y-%m-%d %T.%3N'
2018-08-17 05:32:49.769
+ cd apache-github-source-source
+ git fetch origin
+ git reset --hard HEAD
HEAD is now at 8c6b5c6 HIVE-19254 : NumberFormatException in MetaStoreUtils.isFastStatsSame (Bharathkrishna Guruvayoor Murali, reviewed by Vihang Karajgaonkar)
+ git clean -f -d
Removing standalone-metastore/metastore-server/src/gen/
+ git checkout master
Already on 'master'
Your branch is up-to-date with 'origin/master'.
+ git reset --hard origin/master
HEAD is now at 8c6b5c6 HIVE-19254 : NumberFormatException in MetaStoreUtils.isFastStatsSame (Bharathkrishna Guruvayoor Murali, reviewed by Vihang Karajgaonkar)
+ git merge --ff-only origin/master
Already up-to-date.
+ date '+%Y-%m-%d %T.%3N'
2018-08-17 05:32:51.055
+ rm -rf ../yetus_PreCommit-HIVE-Build-13292
+ mkdir ../yetus_PreCommit-HIVE-Build-13292
+ git gc
+ cp -R . ../yetus_PreCommit-HIVE-Build-13292
+ mkdir /data/hiveptest/logs/PreCommit-HIVE-Build-13292/yetus
+ patchCommandPath=/data/hiveptest/working/scratch/smart-apply-patch.sh
+ patchFilePath=/data/hiveptest/working/scratch/build.patch
+ [[ -f /data/hiveptest/working/scratch/build.patch ]]
+ chmod +x /data/hiveptest/working/scratch/smart-apply-patch.sh
+ /data/hiveptest/working/scratch/smart-apply-patch.sh /data/hiveptest/working/scratch/build.patch
error: a/itests/hcatalog-unit/src/test/java/org/apache/hive/hcatalog/listener/DummyRawStoreFailEvent.java: does not exist in index
error: a/standalone-metastore/metastore-common/src/gen/thrift/gen-javabean/org/apache/hadoop/hive/metastore/api/AbortTxnsRequest.java: does not exist in index
error: a/standalone-metastore/metastore-common/src/gen/thrift/gen-javabean/org/apache/hadoop/hive/metastore/api/AddCheckConstraintRequest.java: does not exist in index
error: a/standalone-metastore/metastore-common/src/gen/thrift/gen-javabean/org/apache/hadoop/hive/metastore/api/AddDefaultConstraintRequest.java: does not exist in index
error: a/standalone-metastore/metastore-common/src/gen/thrift/gen-javabean/org/apache/hadoop/hive/metastore/api/AddDynamicPartitions.java: does not exist in index
error: a/standalone-metastore/metastore-common/src/gen/thrift/gen-javabean/org/apache/hadoop/hive/metastore/api/AddForeignKeyRequest.java: does not exist in index
error: a/standalone-metastore/metastore-common/src/gen/thrift/gen-javabean/org/apache/hadoop/hive/metastore/api/AddNotNullConstraintRequest.java: does not exist in index
error: a/standalone-metastore/metastore-common/src/gen/thrift/gen-javabean/org/apache/hadoop/hive/metastore/api/AddPartitionsRequest.java: does not exist in index
error: a/standalone-metastore/metastore-common/src/gen/thrift/gen-javabean/org/apache/hadoop/hive/metastore/api/AddPartitionsResult.java: does not exist in index
error: a/standalone-metastore/metastore-common/src/gen/thrift/gen-javabean/org/apache/hadoop/hive/metastore/api/AddPrimaryKeyRequest.java: does not exist in index
error: a/standalone-metastore/metastore-common/src/gen/thrift/gen-javabean/org/apache/hadoop/hive/metastore/api/AddUniqueConstraintRequest.java: does not exist in index
error: a/standalone-metastore/metastore-common/src/gen/thrift/gen-javabean/org/apache/hadoop/hive/metastore/api/AggrStats.java: does not exist in index
error: a/standalone-metastore/metastore-common/src/gen/thrift/gen-javabean/org/apache/hadoop/hive/metastore/api/AllocateTableWriteIdsRequest.java: does not exist in index
error: a/standalone-metastore/metastore-common/src/gen/thrift/gen-javabean/org/apache/hadoop/hive/metastore/api/AllocateTableWriteIdsResponse.java: does not exist in index
error: a/standalone-metastore/metastore-common/src/gen/thrift/gen-javabean/org/apache/hadoop/hive/metastore/api/AlterPartitionsRequest.java: does not exist in index
error: a/standalone-metastore/metastore-common/src/gen/thrift/gen-javabean/org/apache/hadoop/hive/metastore/api/CheckConstraintsResponse.java: does not exist in index
error: a/standalone-metastore/metastore-common/src/gen/thrift/gen-javabean/org/apache/hadoop/hive/metastore/api/ClearFileMetadataRequest.java: does not exist in index
error: a/standalone-metastore/metastore-common/src/gen/thrift/gen-javabean/org/apache/hadoop/hive/metastore/api/ClientCapabilities.java: does not exist in index
error: a/standalone-metastore/metastore-common/src/gen/thrift/gen-javabean/org/apache/hadoop/hive/metastore/api/ColumnStatistics.java: does not exist in index
error: a/standalone-metastore/metastore-common/src/gen/thrift/gen-javabean/org/apache/hadoop/hive/metastore/api/CommitTxnRequest.java: does not exist in index
error: a/standalone-metastore/metastore-common/src/gen/thrift/gen-javabean/org/apache/hadoop/hive/metastore/api/CompactionRequest.java: does not exist in index
error: a/standalone-metastore/metastore-common/src/gen/thrift/gen-javabean/org/apache/hadoop/hive/metastore/api/CreationMetadata.java: does not exist in index
error: a/standalone-metastore/metastore-common/src/gen/thrift/gen-javabean/org/apache/hadoop/hive/metastore/api/DefaultConstraintsResponse.java: does not exist in index
error: a/standalone-metastore/metastore-common/src/gen/thrift/gen-javabean/org/apache/hadoop/hive/metastore/api/DropPartitionsResult.java: does not exist in index
error: a/standalone-metastore/metastore-common/src/gen/thrift/gen-javabean/org/apache/hadoop/hive/metastore/api/EnvironmentContext.java: does not exist in index
error: a/standalone-metastore/metastore-common/src/gen/thrift/gen-javabean/org/apache/hadoop/hive/metastore/api/FindSchemasByColsResp.java: does not exist in index
error: a/standalone-metastore/metastore-common/src/gen/thrift/gen-javabean/org/apache/hadoop/hive/metastore/api/FireEventRequest.java: does not exist in index
error: a/standalone-metastore/metastore-common/src/gen/thrift/gen-javabean/org/apache/hadoop/hive/metastore/api/ForeignKeysResponse.java: does not exist in index
error: a/standalone-metastore/metastore-common/src/gen/thrift/gen-javabean/org/apache/hadoop/hive/metastore/api/Function.java: does not exist in index
error: a/standalone-metastore/metastore-common/src/gen/thrift/gen-javabean/org/apache/hadoop/hive/metastore/api/GetAllFunctionsResponse.java: does not exist in index
error: a/standalone-metastore/metastore-common/src/gen/thrift/gen-javabean/org/apache/hadoop/hive/metastore/api/GetFileMetadataByExprRequest.java: does not exist in index
error: a/standalone-metastore/metastore-common/src/gen/thrift/gen-javabean/org/apache/hadoop/hive/metastore/api/GetFileMetadataByExprResult.java: does not exist in index
error: a/standalone-metastore/metastore-common/src/gen/thrift/gen-javabean/org/apache/hadoop/hive/metastore/api/GetFileMetadataRequest.java: does not exist in index
error: a/standalone-metastore/metastore-common/src/gen/thrift/gen-javabean/org/apache/hadoop/hive/metastore/api/GetFileMetadataResult.java: does not exist in index
error: a/standalone-metastore/metastore-common/src/gen/thrift/gen-javabean/org/apache/hadoop/hive/metastore/api/GetOpenTxnsInfoResponse.java: does not exist in index
error: a/standalone-metastore/metastore-common/src/gen/thrift/gen-javabean/org/apache/hadoop/hive/metastore/api/GetOpenTxnsResponse.java: does not exist in index
error: a/standalone-metastore/metastore-common/src/gen/thrift/gen-javabean/org/apache/hadoop/hive/metastore/api/GetTablesRequest.java: does not exist in index
error: a/standalone-metastore/metastore-common/src/gen/thrift/gen-javabean/org/apache/hadoop/hive/metastore/api/GetTablesResult.java: does not exist in index
error: a/standalone-metastore/metastore-common/src/gen/thrift/gen-javabean/org/apache/hadoop/hive/metastore/api/GetValidWriteIdsRequest.java: does not exist in index
error: a/standalone-metastore/metastore-common/src/gen/thrift/gen-javabean/org/apache/hadoop/hive/metastore/api/GetValidWriteIdsResponse.java: does not exist in index
error: a/standalone-metastore/metastore-common/src/gen/thrift/gen-javabean/org/apache/hadoop/hive/metastore/api/HeartbeatTxnRangeResponse.java: does not exist in index
error: a/standalone-metastore/metastore-common/src/gen/thrift/gen-javabean/org/apache/hadoop/hive/metastore/api/InsertEventRequestData.java: does not exist in index
error: a/standalone-metastore/metastore-common/src/gen/thrift/gen-javabean/org/apache/hadoop/hive/metastore/api/LockRequest.java: does not exist in index
error: a/standalone-metastore/metastore-common/src/gen/thrift/gen-javabean/org/apache/hadoop/hive/metastore/api/NotNullConstraintsResponse.java: does not exist in index
error: a/standalone-metastore/metastore-common/src/gen/thrift/gen-javabean/org/apache/hadoop/hive/metastore/api/NotificationEventResponse.java: does not exist in index
error: a/standalone-metastore/metastore-common/src/gen/thrift/gen-javabean/org/apache/hadoop/hive/metastore/api/OpenTxnRequest.java: does not exist in index
error: a/standalone-metastore/metastore-common/src/gen/thrift/gen-javabean/org/apache/hadoop/hive/metastore/api/OpenTxnsResponse.java: does not exist in index
error: a/standalone-metastore/metastore-common/src/gen/thrift/gen-javabean/org/apache/hadoop/hive/metastore/api/PartitionListComposingSpec.java: does not exist in index
error: a/standalone-metastore/metastore-common/src/gen/thrift/gen-javabean/org/apache/hadoop/hive/metastore/api/PartitionSpecWithSharedSD.java: does not exist in index
error: a/standalone-metastore/metastore-common/src/gen/thrift/gen-javabean/org/apache/hadoop/hive/metastore/api/PartitionValuesRequest.java: does not exist in index
error: a/standalone-metastore/metastore-common/src/gen/thrift/gen-javabean/org/apache/hadoop/hive/metastore/api/PartitionValuesResponse.java: does not exist in index
error: a/standalone-metastore/metastore-common/src/gen/thrift/gen-javabean/org/apache/hadoop/hive/metastore/api/PartitionValuesRow.java: does not exist in index
error: a/standalone-metastore/metastore-common/src/gen/thrift/gen-javabean/org/apache/hadoop/hive/metastore/api/PartitionWithoutSD.java: does not exist in index
error: a/standalone-metastore/metastore-common/src/gen/thrift/gen-javabean/org/apache/hadoop/hive/metastore/api/PartitionsByExprResult.java: does not exist in index
error: a/standalone-metastore/metastore-common/src/gen/thrift/gen-javabean/org/apache/hadoop/hive/metastore/api/PartitionsStatsRequest.java: does not exist in index
error: a/standalone-metastore/metastore-common/src/gen/thrift/gen-javabean/org/apache/hadoop/hive/metastore/api/PartitionsStatsResult.java: does not exist in index
error: a/standalone-metastore/metastore-common/src/gen/thrift/gen-javabean/org/apache/hadoop/hive/metastore/api/PrimaryKeysResponse.java: does not exist in index
error: a/standalone-metastore/metastore-common/src/gen/thrift/gen-javabean/org/apache/hadoop/hive/metastore/api/PutFileMetadataRequest.java: does not exist in index
error: a/standalone-metastore/metastore-common/src/gen/thrift/gen-javabean/org/apache/hadoop/hive/metastore/api/RenamePartitionRequest.java: does not exist in index
error: a/standalone-metastore/metastore-common/src/gen/thrift/gen-javabean/org/apache/hadoop/hive/metastore/api/ReplTblWriteIdStateRequest.java: does not exist in index
error: a/standalone-metastore/metastore-common/src/gen/thrift/gen-javabean/org/apache/hadoop/hive/metastore/api/RequestPartsSpec.java: does not exist in index
error: a/standalone-metastore/metastore-common/src/gen/thrift/gen-javabean/org/apache/hadoop/hive/metastore/api/Schema.java: does not exist in index
error: a/standalone-metastore/metastore-common/src/gen/thrift/gen-javabean/org/apache/hadoop/hive/metastore/api/SchemaVersion.java: does not exist in index
error: a/standalone-metastore/metastore-common/src/gen/thrift/gen-javabean/org/apache/hadoop/hive/metastore/api/SetPartitionsStatsRequest.java: does not exist in index
error: a/standalone-metastore/metastore-common/src/gen/thrift/gen-javabean/org/apache/hadoop/hive/metastore/api/ShowCompactResponse.java: does not exist in index
error: a/standalone-metastore/metastore-common/src/gen/thrift/gen-javabean/org/apache/hadoop/hive/metastore/api/ShowLocksResponse.java: does not exist in index
error: a/standalone-metastore/metastore-common/src/gen/thrift/gen-javabean/org/apache/hadoop/hive/metastore/api/TableStatsRequest.java: does not exist in index
error: a/standalone-metastore/metastore-common/src/gen/thrift/gen-javabean/org/apache/hadoop/hive/metastore/api/TableStatsResult.java: does not exist in index
error: a/standalone-metastore/metastore-common/src/gen/thrift/gen-javabean/org/apache/hadoop/hive/metastore/api/TableValidWriteIds.java: does not exist in index
error: a/standalone-metastore/metastore-common/src/gen/thrift/gen-javabean/org/apache/hadoop/hive/metastore/api/ThriftHiveMetastore.java: does not exist in index
error: a/standalone-metastore/metastore-common/src/gen/thrift/gen-javabean/org/apache/hadoop/hive/metastore/api/UniqueConstraintsResponse.java: does not exist in index
error: a/standalone-metastore/metastore-common/src/gen/thrift/gen-javabean/org/apache/hadoop/hive/metastore/api/WMFullResourcePlan.java: does not exist in index
error: a/standalone-metastore/metastore-common/src/gen/thrift/gen-javabean/org/apache/hadoop/hive/metastore/api/WMGetAllResourcePlanResponse.java: does not exist in index
error: a/standalone-metastore/metastore-common/src/gen/thrift/gen-javabean/org/apache/hadoop/hive/metastore/api/WMGetTriggersForResourePlanResponse.java: does not exist in index
error: a/standalone-metastore/metastore-common/src/gen/thrift/gen-javabean/org/apache/hadoop/hive/metastore/api/WMValidateResourcePlanResponse.java: does not exist in index
error: a/standalone-metastore/metastore-common/src/gen/thrift/gen-javabean/org/apache/hadoop/hive/metastore/api/WriteNotificationLogRequest.java: does not exist in index
error: a/standalone-metastore/metastore-common/src/gen/thrift/gen-php/metastore/ThriftHiveMetastore.php: does not exist in index
error: a/standalone-metastore/metastore-common/src/gen/thrift/gen-php/metastore/Types.php: does not exist in index
error: a/standalone-metastore/metastore-common/src/gen/thrift/gen-py/hive_metastore/ThriftHiveMetastore-remote: does not exist in index
error: a/standalone-metastore/metastore-common/src/gen/thrift/gen-py/hive_metastore/ThriftHiveMetastore.py: does not exist in index
error: a/standalone-metastore/metastore-common/src/gen/thrift/gen-py/hive_metastore/ttypes.py: does not exist in index
error: a/standalone-metastore/metastore-common/src/gen/thrift/gen-rb/hive_metastore_types.rb: does not exist in index
error: a/standalone-metastore/metastore-common/src/gen/thrift/gen-rb/thrift_hive_metastore.rb: does not exist in index
error: a/standalone-metastore/metastore-common/src/main/thrift/hive_metastore.thrift: does not exist in index
error: a/standalone-metastore/metastore-server/src/main/java/org/apache/hadoop/hive/metastore/HiveMetaStore.java: does not exist in index
error: a/standalone-metastore/metastore-server/src/main/java/org/apache/hadoop/hive/metastore/HiveMetaStoreClient.java: does not exist in index
error: a/standalone-metastore/metastore-server/src/main/java/org/apache/hadoop/hive/metastore/IMetaStoreClient.java: does not exist in index
error: a/standalone-metastore/metastore-server/src/main/java/org/apache/hadoop/hive/metastore/MetaStoreDirectSql.java: does not exist in index
error: a/standalone-metastore/metastore-server/src/main/java/org/apache/hadoop/hive/metastore/ObjectStore.java: does not exist in index
error: a/standalone-metastore/metastore-server/src/main/java/org/apache/hadoop/hive/metastore/RawStore.java: does not exist in index
error: a/standalone-metastore/metastore-server/src/main/java/org/apache/hadoop/hive/metastore/StatObjectConverter.java: does not exist in index
error: a/standalone-metastore/metastore-server/src/main/java/org/apache/hadoop/hive/metastore/cache/CachedStore.java: does not exist in index
error: a/standalone-metastore/metastore-server/src/main/java/org/apache/hadoop/hive/metastore/model/MSerDeInfo.java: does not exist in index
error: a/standalone-metastore/metastore-server/src/main/java/org/apache/hadoop/hive/metastore/utils/MetaStoreUtils.java: does not exist in index
error: a/standalone-metastore/metastore-server/src/test/java/org/apache/hadoop/hive/metastore/DummyRawStoreControlledCommit.java: does not exist in index
error: a/standalone-metastore/metastore-server/src/test/java/org/apache/hadoop/hive/metastore/DummyRawStoreForJdoConnection.java: does not exist in index
error: a/standalone-metastore/metastore-server/src/test/java/org/apache/hadoop/hive/metastore/HiveMetaStoreClientPreCatalog.java: does not exist in index
error: a/standalone-metastore/metastore-server/src/test/java/org/apache/hadoop/hive/metastore/TestHiveMetaStore.java: does not exist in index
Going to apply patch with: git apply -p1
/data/hiveptest/working/scratch/build.patch:2685: trailing whitespace.
     * 
/data/hiveptest/working/scratch/build.patch:2764: trailing whitespace.
    tmpMap.put(_Fields.DB_NAME, new org.apache.thrift.meta_data.FieldMetaData("dbName", org.apache.thrift.TFieldRequirementType.DEFAULT, 
/data/hiveptest/working/scratch/build.patch:2766: trailing whitespace.
    tmpMap.put(_Fields.TBL_NAME, new org.apache.thrift.meta_data.FieldMetaData("tblName", org.apache.thrift.TFieldRequirementType.DEFAULT, 
/data/hiveptest/working/scratch/build.patch:2768: trailing whitespace.
    tmpMap.put(_Fields.WITH_AUTH, new org.apache.thrift.meta_data.FieldMetaData("withAuth", org.apache.thrift.TFieldRequirementType.OPTIONAL, 
/data/hiveptest/working/scratch/build.patch:2770: trailing whitespace.
    tmpMap.put(_Fields.USER, new org.apache.thrift.meta_data.FieldMetaData("user", org.apache.thrift.TFieldRequirementType.OPTIONAL, 
warning: squelched 52 whitespace errors
warning: 57 lines add whitespace errors.
+ [[ maven == \m\a\v\e\n ]]
+ rm -rf /data/hiveptest/working/maven/org/apache/hive
+ mvn -B clean install -DskipTests -T 4 -q -Dmaven.repo.local=/data/hiveptest/working/maven
protoc-jar: executing: [/tmp/protoc5997792862745695420.exe, --version]
libprotoc 2.5.0
protoc-jar: executing: [/tmp/protoc5997792862745695420.exe, -I/data/hiveptest/working/apache-github-source-source/standalone-metastore/metastore-common/src/main/protobuf/org/apache/hadoop/hive/metastore, --java_out=/data/hiveptest/working/apache-github-source-source/standalone-metastore/metastore-common/target/generated-sources, /data/hiveptest/working/apache-github-source-source/standalone-metastore/metastore-common/src/main/protobuf/org/apache/hadoop/hive/metastore/metastore.proto]
ANTLR Parser Generator  Version 3.5.2
protoc-jar: executing: [/tmp/protoc3984254104009217730.exe, --version]
libprotoc 2.5.0
ANTLR Parser Generator  Version 3.5.2
Output file /data/hiveptest/working/apache-github-source-source/standalone-metastore/metastore-server/target/generated-sources/org/apache/hadoop/hive/metastore/parser/FilterParser.java does not exist: must build /data/hiveptest/working/apache-github-source-source/standalone-metastore/metastore-server/src/main/java/org/apache/hadoop/hive/metastore/parser/Filter.g
org/apache/hadoop/hive/metastore/parser/Filter.g
[ERROR] COMPILATION ERROR : 
[ERROR] /data/hiveptest/working/apache-github-source-source/standalone-metastore/metastore-server/src/main/java/org/apache/hadoop/hive/metastore/utils/MetaStoreUtils.java:[28,29] package javafx.beans.property does not exist
[ERROR] Failed to execute goal org.apache.maven.plugins:maven-compiler-plugin:3.5.1:compile (default-compile) on project hive-standalone-metastore-server: Compilation failure
[ERROR] /data/hiveptest/working/apache-github-source-source/standalone-metastore/metastore-server/src/main/java/org/apache/hadoop/hive/metastore/utils/MetaStoreUtils.java:[28,29] package javafx.beans.property does not exist
[ERROR] -> [Help 1]
[ERROR] 
[ERROR] To see the full stack trace of the errors, re-run Maven with the -e switch.
[ERROR] Re-run Maven using the -X switch to enable full debug logging.
[ERROR] 
[ERROR] For more information about the errors and possible solutions, please read the following articles:
[ERROR] [Help 1] http://cwiki.apache.org/confluence/display/MAVEN/MojoFailureException
[ERROR] 
[ERROR] After correcting the problems, you can resume the build with the command
[ERROR]   mvn <goals> -rf :hive-standalone-metastore-server
+ result=1
+ '[' 1 -ne 0 ']'
+ rm -rf yetus_PreCommit-HIVE-Build-13292
+ exit 1
'
{noformat}

This message is automatically generated.

ATTACHMENT ID: 12935945 - PreCommit-HIVE-Build

Weird that patch was compiling on my machine locally. The compilation error is caused due to unused import. Removed it and re-uploaded the patch.

| (x) *{color:red}-1 overall{color}* |
\\
\\
|| Vote || Subsystem || Runtime || Comment ||
|| || || || {color:brown} Prechecks {color} ||
| {color:green}+1{color} | {color:green} @author {color} | {color:green}  0m  0s{color} | {color:green} The patch does not contain any @author tags. {color} |
|| || || || {color:brown} master Compile Tests {color} ||
| {color:blue}0{color} | {color:blue} mvndep {color} | {color:blue}  0m 35s{color} | {color:blue} Maven dependency ordering for branch {color} |
| {color:green}+1{color} | {color:green} mvninstall {color} | {color:green}  7m 53s{color} | {color:green} master passed {color} |
| {color:green}+1{color} | {color:green} compile {color} | {color:green}  1m 23s{color} | {color:green} master passed {color} |
| {color:green}+1{color} | {color:green} checkstyle {color} | {color:green}  0m 27s{color} | {color:green} master passed {color} |
| {color:blue}0{color} | {color:blue} findbugs {color} | {color:blue}  2m 31s{color} | {color:blue} standalone-metastore/metastore-common in master has 9 extant Findbugs warnings. {color} |
| {color:red}-1{color} | {color:red} findbugs {color} | {color:red}  0m 14s{color} | {color:red} metastore-server in master failed. {color} |
| {color:green}+1{color} | {color:green} javadoc {color} | {color:green}  1m 26s{color} | {color:green} master passed {color} |
|| || || || {color:brown} Patch Compile Tests {color} ||
| {color:blue}0{color} | {color:blue} mvndep {color} | {color:blue}  0m 10s{color} | {color:blue} Maven dependency ordering for patch {color} |
| {color:red}-1{color} | {color:red} mvninstall {color} | {color:red}  0m 22s{color} | {color:red} hcatalog-unit in the patch failed. {color} |
| {color:green}+1{color} | {color:green} compile {color} | {color:green}  1m 20s{color} | {color:green} the patch passed {color} |
| {color:green}+1{color} | {color:green} javac {color} | {color:green}  1m 20s{color} | {color:green} the patch passed {color} |
| {color:red}-1{color} | {color:red} checkstyle {color} | {color:red}  0m 12s{color} | {color:red} itests/hcatalog-unit: The patch generated 1 new + 29 unchanged - 0 fixed = 30 total (was 29) {color} |
| {color:red}-1{color} | {color:red} whitespace {color} | {color:red}  0m  0s{color} | {color:red} The patch has 52 line(s) that end in whitespace. Use git apply --whitespace=fix <<patch_file>>. Refer https://git-scm.com/docs/git-apply {color} |
| {color:green}+1{color} | {color:green} xml {color} | {color:green}  0m  1s{color} | {color:green} The patch has no ill-formed XML file. {color} |
| {color:red}-1{color} | {color:red} findbugs {color} | {color:red}  0m 15s{color} | {color:red} metastore-server in the patch failed. {color} |
| {color:green}+1{color} | {color:green} javadoc {color} | {color:green}  1m 24s{color} | {color:green} the patch passed {color} |
|| || || || {color:brown} Other Tests {color} ||
| {color:green}+1{color} | {color:green} asflicense {color} | {color:green}  0m 14s{color} | {color:green} The patch does not generate ASF License warnings. {color} |
| {color:black}{color} | {color:black} {color} | {color:black} 24m 16s{color} | {color:black} {color} |
\\
\\
|| Subsystem || Report/Notes ||
| Optional Tests |  asflicense  javac  javadoc  findbugs  checkstyle  compile  xml  |
| uname | Linux hiveptest-server-upstream 3.16.0-4-amd64 #1 SMP Debian 3.16.36-1+deb8u1 (2016-09-03) x86_64 GNU/Linux |
| Build tool | maven |
| Personality | /data/hiveptest/working/yetus_PreCommit-HIVE-Build-13302/dev-support/hive-personality.sh |
| git revision | master / 513ee73 |
| Default Java | 1.8.0_111 |
| findbugs | v3.0.0 |
| findbugs | http://104.198.109.242/logs//PreCommit-HIVE-Build-13302/yetus/branch-findbugs-standalone-metastore_metastore-server.txt |
| mvninstall | http://104.198.109.242/logs//PreCommit-HIVE-Build-13302/yetus/patch-mvninstall-itests_hcatalog-unit.txt |
| checkstyle | http://104.198.109.242/logs//PreCommit-HIVE-Build-13302/yetus/diff-checkstyle-itests_hcatalog-unit.txt |
| whitespace | http://104.198.109.242/logs//PreCommit-HIVE-Build-13302/yetus/whitespace-eol.txt |
| findbugs | http://104.198.109.242/logs//PreCommit-HIVE-Build-13302/yetus/patch-findbugs-standalone-metastore_metastore-server.txt |
| modules | C: standalone-metastore/metastore-common itests/hcatalog-unit standalone-metastore/metastore-server U: . |
| Console output | http://104.198.109.242/logs//PreCommit-HIVE-Build-13302/yetus.txt |
| Powered by | Apache Yetus    http://yetus.apache.org |


This message was automatically generated.





Here are the results of testing the latest attachment:
https://issues.apache.org/jira/secure/attachment/12935972/HIVE-20306.02.patch

{color:green}SUCCESS:{color} +1 due to 3 test(s) being added or modified.

{color:red}ERROR:{color} -1 due to 10 failed/errored test(s), 14905 tests executed
*Failed tests:*
{noformat}
org.apache.hadoop.hive.metastore.TestAcidTableSetup.testTransactionalValidation (batchId=237)
org.apache.hadoop.hive.metastore.TestPartitionExpressionProxyDefault.checkPartitionExpressionProxy (batchId=238)
org.apache.hadoop.hive.metastore.TestPartitionProjectionEvaluator.testFind (batchId=229)
org.apache.hadoop.hive.metastore.TestPartitionProjectionEvaluator.testPartitionFieldTree (batchId=229)
org.apache.hadoop.hive.metastore.TestTransactionalValidationListener.testCreateAsAcid[Embedded] (batchId=238)
org.apache.hadoop.hive.ql.security.TestAuthorizationPreEventListener.testListener (batchId=244)
org.apache.hive.hcatalog.api.TestHCatClient.testDropPartitionsWithPartialSpec (batchId=203)
org.apache.hive.hcatalog.api.TestHCatClient.testPartitionsHCatClientImpl (batchId=203)
org.apache.hive.hcatalog.api.TestHCatClient.testReplicationTaskIter (batchId=203)
org.apache.hive.hcatalog.api.repl.commands.TestCommands.testDropPartitionCommand (batchId=203)
{noformat}

Test results: https://builds.apache.org/job/PreCommit-HIVE-Build/13302/testReport
Console output: https://builds.apache.org/job/PreCommit-HIVE-Build/13302/console
Test logs: http://104.198.109.242/logs/PreCommit-HIVE-Build-13302/

Messages:
{noformat}
Executing org.apache.hive.ptest.execution.TestCheckPhase
Executing org.apache.hive.ptest.execution.PrepPhase
Executing org.apache.hive.ptest.execution.YetusPhase
Executing org.apache.hive.ptest.execution.ExecutionPhase
Executing org.apache.hive.ptest.execution.ReportingPhase
Tests exited with: TestsFailedException: 10 tests failed
{noformat}

This message is automatically generated.

ATTACHMENT ID: 12935972 - PreCommit-HIVE-Build

Is it possible to create RB without generated code? Example simple script
{noformat}
rm -f  ~/patches/$2.nogen.patch
for f in `git diff $1 --name-only | grep -v "gen-" | grep -v "\/gen\/"`
do
  git diff --full-index $1 -- $f >> ~/patches/$2.nogen.patch
{noformat}

It's also a bit suspicious that so much unrelated generated code has changed.


Adding another RB link without any auto-generated files as suggested by [~sershe] above.

Is it possible that auto-gen files are more than usual because I added new structs in the middle of the files instead of towards the end? I can try regenerating them if that it is the case.

Attaching patch which fixes the tests.

Rebased the patch. Also moved some of the thrift changes towards the end of thrift file so that unrelated auto-generated files are not changed.

Updated the review board as well. I don't think we need the other review board link since the latest patch is comparatively much smaller and limits the thrift changes to only related files. removing the other link.

| (x) *{color:red}-1 overall{color}* |
\\
\\
|| Vote || Subsystem || Runtime || Comment ||
|| || || || {color:brown} Prechecks {color} ||
| {color:green}+1{color} | {color:green} @author {color} | {color:green}  0m  0s{color} | {color:green} The patch does not contain any @author tags. {color} |
|| || || || {color:brown} master Compile Tests {color} ||
| {color:blue}0{color} | {color:blue} mvndep {color} | {color:blue}  0m 38s{color} | {color:blue} Maven dependency ordering for branch {color} |
| {color:green}+1{color} | {color:green} mvninstall {color} | {color:green}  8m  3s{color} | {color:green} master passed {color} |
| {color:green}+1{color} | {color:green} compile {color} | {color:green}  1m 17s{color} | {color:green} master passed {color} |
| {color:green}+1{color} | {color:green} checkstyle {color} | {color:green}  0m 25s{color} | {color:green} master passed {color} |
| {color:blue}0{color} | {color:blue} findbugs {color} | {color:blue}  2m 31s{color} | {color:blue} standalone-metastore/metastore-common in master has 9 extant Findbugs warnings. {color} |
| {color:red}-1{color} | {color:red} findbugs {color} | {color:red}  0m 14s{color} | {color:red} metastore-server in master failed. {color} |
| {color:green}+1{color} | {color:green} javadoc {color} | {color:green}  1m 28s{color} | {color:green} master passed {color} |
|| || || || {color:brown} Patch Compile Tests {color} ||
| {color:blue}0{color} | {color:blue} mvndep {color} | {color:blue}  0m  9s{color} | {color:blue} Maven dependency ordering for patch {color} |
| {color:red}-1{color} | {color:red} mvninstall {color} | {color:red}  0m 22s{color} | {color:red} hcatalog-unit in the patch failed. {color} |
| {color:green}+1{color} | {color:green} compile {color} | {color:green}  1m 26s{color} | {color:green} the patch passed {color} |
| {color:green}+1{color} | {color:green} javac {color} | {color:green}  1m 26s{color} | {color:green} the patch passed {color} |
| {color:red}-1{color} | {color:red} checkstyle {color} | {color:red}  0m 11s{color} | {color:red} itests/hcatalog-unit: The patch generated 1 new + 29 unchanged - 0 fixed = 30 total (was 29) {color} |
| {color:red}-1{color} | {color:red} whitespace {color} | {color:red}  0m  0s{color} | {color:red} The patch has 51 line(s) that end in whitespace. Use git apply --whitespace=fix <<patch_file>>. Refer https://git-scm.com/docs/git-apply {color} |
| {color:red}-1{color} | {color:red} findbugs {color} | {color:red}  0m 15s{color} | {color:red} metastore-server in the patch failed. {color} |
| {color:green}+1{color} | {color:green} javadoc {color} | {color:green}  1m 27s{color} | {color:green} the patch passed {color} |
|| || || || {color:brown} Other Tests {color} ||
| {color:green}+1{color} | {color:green} asflicense {color} | {color:green}  0m 14s{color} | {color:green} The patch does not generate ASF License warnings. {color} |
| {color:black}{color} | {color:black} {color} | {color:black} 23m 53s{color} | {color:black} {color} |
\\
\\
|| Subsystem || Report/Notes ||
| Optional Tests |  asflicense  javac  javadoc  findbugs  checkstyle  compile  |
| uname | Linux hiveptest-server-upstream 3.16.0-4-amd64 #1 SMP Debian 3.16.36-1+deb8u1 (2016-09-03) x86_64 GNU/Linux |
| Build tool | maven |
| Personality | /data/hiveptest/working/yetus_PreCommit-HIVE-Build-13383/dev-support/hive-personality.sh |
| git revision | master / 25e747f |
| Default Java | 1.8.0_111 |
| findbugs | v3.0.0 |
| findbugs | http://104.198.109.242/logs//PreCommit-HIVE-Build-13383/yetus/branch-findbugs-standalone-metastore_metastore-server.txt |
| mvninstall | http://104.198.109.242/logs//PreCommit-HIVE-Build-13383/yetus/patch-mvninstall-itests_hcatalog-unit.txt |
| checkstyle | http://104.198.109.242/logs//PreCommit-HIVE-Build-13383/yetus/diff-checkstyle-itests_hcatalog-unit.txt |
| whitespace | http://104.198.109.242/logs//PreCommit-HIVE-Build-13383/yetus/whitespace-eol.txt |
| findbugs | http://104.198.109.242/logs//PreCommit-HIVE-Build-13383/yetus/patch-findbugs-standalone-metastore_metastore-server.txt |
| modules | C: standalone-metastore/metastore-common itests/hcatalog-unit standalone-metastore/metastore-server U: . |
| Console output | http://104.198.109.242/logs//PreCommit-HIVE-Build-13383/yetus.txt |
| Powered by | Apache Yetus    http://yetus.apache.org |


This message was automatically generated.





Here are the results of testing the latest attachment:
https://issues.apache.org/jira/secure/attachment/12936499/HIVE-20306.03.patch

{color:green}SUCCESS:{color} +1 due to 3 test(s) being added or modified.

{color:green}SUCCESS:{color} +1 due to 14907 tests passed

Test results: https://builds.apache.org/job/PreCommit-HIVE-Build/13383/testReport
Console output: https://builds.apache.org/job/PreCommit-HIVE-Build/13383/console
Test logs: http://104.198.109.242/logs/PreCommit-HIVE-Build-13383/

Messages:
{noformat}
Executing org.apache.hive.ptest.execution.TestCheckPhase
Executing org.apache.hive.ptest.execution.PrepPhase
Executing org.apache.hive.ptest.execution.YetusPhase
Executing org.apache.hive.ptest.execution.ExecutionPhase
Executing org.apache.hive.ptest.execution.ReportingPhase
{noformat}

This message is automatically generated.

ATTACHMENT ID: 12936499 - PreCommit-HIVE-Build



Here are the results of testing the latest attachment:
https://issues.apache.org/jira/secure/attachment/12936499/HIVE-20306.03.patch

{color:red}ERROR:{color} -1 due to build exiting with an error

Test results: https://builds.apache.org/job/PreCommit-HIVE-Build/13385/testReport
Console output: https://builds.apache.org/job/PreCommit-HIVE-Build/13385/console
Test logs: http://104.198.109.242/logs/PreCommit-HIVE-Build-13385/

Messages:
{noformat}
Executing org.apache.hive.ptest.execution.TestCheckPhase
Tests exited with: Exception: Patch URL https://issues.apache.org/jira/secure/attachment/12936499/HIVE-20306.03.patch was found in seen patch url's cache and a test was probably run already on it. Aborting...
{noformat}

This message is automatically generated.

ATTACHMENT ID: 12936499 - PreCommit-HIVE-Build

[~akolb] [~pvary] Can you please review?



Here are the results of testing the latest attachment:
https://issues.apache.org/jira/secure/attachment/12936932/HIVE-20306.04.patch

{color:red}ERROR:{color} -1 due to build exiting with an error

Test results: https://builds.apache.org/job/PreCommit-HIVE-Build/13441/testReport
Console output: https://builds.apache.org/job/PreCommit-HIVE-Build/13441/console
Test logs: http://104.198.109.242/logs/PreCommit-HIVE-Build-13441/

Messages:
{noformat}
**** This message was trimmed, see log for full details ****
[loading ZipFileIndexFileObject[/data/hiveptest/working/maven/javax/servlet/javax.servlet-api/3.1.0/javax.servlet-api-3.1.0.jar(javax/servlet/ServletException.class)]]
[loading ZipFileIndexFileObject[/data/hiveptest/working/maven/javax/servlet/javax.servlet-api/3.1.0/javax.servlet-api-3.1.0.jar(javax/servlet/ServletRequest.class)]]
[loading ZipFileIndexFileObject[/data/hiveptest/working/maven/javax/servlet/javax.servlet-api/3.1.0/javax.servlet-api-3.1.0.jar(javax/servlet/ServletResponse.class)]]
[loading ZipFileIndexFileObject[/data/hiveptest/working/maven/javax/servlet/javax.servlet-api/3.1.0/javax.servlet-api-3.1.0.jar(javax/servlet/annotation/WebFilter.class)]]
[loading ZipFileIndexFileObject[/data/hiveptest/working/maven/javax/servlet/javax.servlet-api/3.1.0/javax.servlet-api-3.1.0.jar(javax/servlet/http/HttpServletRequest.class)]]
[loading ZipFileIndexFileObject[/data/hiveptest/working/maven/javax/servlet/javax.servlet-api/3.1.0/javax.servlet-api-3.1.0.jar(javax/servlet/http/HttpServletResponse.class)]]
[loading ZipFileIndexFileObject[/data/hiveptest/working/apache-github-source-source/classification/target/hive-classification-4.0.0-SNAPSHOT.jar(org/apache/hadoop/hive/common/classification/InterfaceAudience$LimitedPrivate.class)]]
[loading ZipFileIndexFileObject[/data/hiveptest/working/apache-github-source-source/classification/target/hive-classification-4.0.0-SNAPSHOT.jar(org/apache/hadoop/hive/common/classification/InterfaceStability$Unstable.class)]]
[loading ZipFileIndexFileObject[/usr/lib/jvm/java-8-openjdk-amd64/jre/lib/rt.jar(java/io/ByteArrayOutputStream.class)]]
[loading ZipFileIndexFileObject[/usr/lib/jvm/java-8-openjdk-amd64/jre/lib/rt.jar(java/io/OutputStream.class)]]
[loading ZipFileIndexFileObject[/usr/lib/jvm/java-8-openjdk-amd64/jre/lib/rt.jar(java/io/Closeable.class)]]
[loading ZipFileIndexFileObject[/usr/lib/jvm/java-8-openjdk-amd64/jre/lib/rt.jar(java/lang/AutoCloseable.class)]]
[loading ZipFileIndexFileObject[/usr/lib/jvm/java-8-openjdk-amd64/jre/lib/rt.jar(java/io/Flushable.class)]]
[loading ZipFileIndexFileObject[/usr/lib/jvm/java-8-openjdk-amd64/jre/lib/rt.jar(javax/xml/bind/annotation/XmlRootElement.class)]]
[loading ZipFileIndexFileObject[/data/hiveptest/working/maven/org/apache/commons/commons-exec/1.1/commons-exec-1.1.jar(org/apache/commons/exec/ExecuteException.class)]]
[loading ZipFileIndexFileObject[/usr/lib/jvm/java-8-openjdk-amd64/jre/lib/rt.jar(java/security/PrivilegedExceptionAction.class)]]
[loading ZipFileIndexFileObject[/usr/lib/jvm/java-8-openjdk-amd64/jre/lib/rt.jar(java/util/concurrent/ExecutionException.class)]]
[loading ZipFileIndexFileObject[/usr/lib/jvm/java-8-openjdk-amd64/jre/lib/rt.jar(java/util/concurrent/TimeoutException.class)]]
[loading ZipFileIndexFileObject[/data/hiveptest/working/maven/org/apache/hadoop/hadoop-common/3.1.0/hadoop-common-3.1.0.jar(org/apache/hadoop/fs/FileSystem.class)]]
[loading ZipFileIndexFileObject[/data/hiveptest/working/apache-github-source-source/shims/common/target/hive-shims-common-4.0.0-SNAPSHOT.jar(org/apache/hadoop/hive/shims/HadoopShimsSecure.class)]]
[loading ZipFileIndexFileObject[/data/hiveptest/working/apache-github-source-source/shims/common/target/hive-shims-common-4.0.0-SNAPSHOT.jar(org/apache/hadoop/hive/shims/ShimLoader.class)]]
[loading ZipFileIndexFileObject[/data/hiveptest/working/apache-github-source-source/shims/common/target/hive-shims-common-4.0.0-SNAPSHOT.jar(org/apache/hadoop/hive/shims/HadoopShims.class)]]
[loading ZipFileIndexFileObject[/data/hiveptest/working/apache-github-source-source/shims/common/target/hive-shims-common-4.0.0-SNAPSHOT.jar(org/apache/hadoop/hive/shims/HadoopShims$WebHCatJTShim.class)]]
[loading ZipFileIndexFileObject[/data/hiveptest/working/maven/org/apache/hadoop/hadoop-common/3.1.0/hadoop-common-3.1.0.jar(org/apache/hadoop/util/ToolRunner.class)]]
[loading ZipFileIndexFileObject[/usr/lib/jvm/java-8-openjdk-amd64/jre/lib/rt.jar(java/util/concurrent/CancellationException.class)]]
[loading ZipFileIndexFileObject[/usr/lib/jvm/java-8-openjdk-amd64/jre/lib/rt.jar(java/util/concurrent/RejectedExecutionException.class)]]
[loading ZipFileIndexFileObject[/usr/lib/jvm/java-8-openjdk-amd64/jre/lib/rt.jar(java/util/concurrent/SynchronousQueue.class)]]
[loading ZipFileIndexFileObject[/usr/lib/jvm/java-8-openjdk-amd64/jre/lib/rt.jar(java/util/concurrent/ThreadPoolExecutor.class)]]
[loading ZipFileIndexFileObject[/usr/lib/jvm/java-8-openjdk-amd64/jre/lib/rt.jar(java/util/concurrent/TimeUnit.class)]]
[loading ZipFileIndexFileObject[/usr/lib/jvm/java-8-openjdk-amd64/jre/lib/rt.jar(java/util/concurrent/Future.class)]]
[loading ZipFileIndexFileObject[/data/hiveptest/working/maven/org/apache/hadoop/hadoop-common/3.1.0/hadoop-common-3.1.0.jar(org/apache/hadoop/conf/Configured.class)]]
[loading ZipFileIndexFileObject[/data/hiveptest/working/maven/org/apache/hadoop/hadoop-common/3.1.0/hadoop-common-3.1.0.jar(org/apache/hadoop/io/NullWritable.class)]]
[loading ZipFileIndexFileObject[/data/hiveptest/working/maven/org/apache/hadoop/hadoop-common/3.1.0/hadoop-common-3.1.0.jar(org/apache/hadoop/io/Text.class)]]
[loading ZipFileIndexFileObject[/data/hiveptest/working/maven/org/apache/hadoop/hadoop-mapreduce-client-core/3.1.0/hadoop-mapreduce-client-core-3.1.0.jar(org/apache/hadoop/mapred/JobClient.class)]]
[loading ZipFileIndexFileObject[/data/hiveptest/working/maven/org/apache/hadoop/hadoop-mapreduce-client-core/3.1.0/hadoop-mapreduce-client-core-3.1.0.jar(org/apache/hadoop/mapred/JobConf.class)]]
[loading ZipFileIndexFileObject[/data/hiveptest/working/maven/org/apache/hadoop/hadoop-mapreduce-client-core/3.1.0/hadoop-mapreduce-client-core-3.1.0.jar(org/apache/hadoop/mapreduce/Job.class)]]
[loading ZipFileIndexFileObject[/data/hiveptest/working/maven/org/apache/hadoop/hadoop-mapreduce-client-core/3.1.0/hadoop-mapreduce-client-core-3.1.0.jar(org/apache/hadoop/mapreduce/JobID.class)]]
[loading ZipFileIndexFileObject[/data/hiveptest/working/maven/org/apache/hadoop/hadoop-mapreduce-client-core/3.1.0/hadoop-mapreduce-client-core-3.1.0.jar(org/apache/hadoop/mapreduce/lib/output/NullOutputFormat.class)]]
[loading ZipFileIndexFileObject[/data/hiveptest/working/maven/org/apache/hadoop/hadoop-mapreduce-client-core/3.1.0/hadoop-mapreduce-client-core-3.1.0.jar(org/apache/hadoop/mapreduce/security/token/delegation/DelegationTokenIdentifier.class)]]
[loading ZipFileIndexFileObject[/data/hiveptest/working/maven/org/apache/hadoop/hadoop-common/3.1.0/hadoop-common-3.1.0.jar(org/apache/hadoop/security/token/Token.class)]]
[loading ZipFileIndexFileObject[/data/hiveptest/working/maven/org/apache/hadoop/hadoop-common/3.1.0/hadoop-common-3.1.0.jar(org/apache/hadoop/util/Tool.class)]]
[loading ZipFileIndexFileObject[/data/hiveptest/working/maven/org/apache/thrift/libthrift/0.9.3/libthrift-0.9.3.jar(org/apache/thrift/TException.class)]]
[loading ZipFileIndexFileObject[/data/hiveptest/working/maven/org/apache/hadoop/hadoop-common/3.1.0/hadoop-common-3.1.0.jar(org/apache/hadoop/conf/Configurable.class)]]
[loading ZipFileIndexFileObject[/usr/lib/jvm/java-8-openjdk-amd64/jre/lib/rt.jar(java/util/concurrent/Callable.class)]]
[loading ZipFileIndexFileObject[/usr/lib/jvm/java-8-openjdk-amd64/jre/lib/rt.jar(java/lang/InterruptedException.class)]]
[loading ZipFileIndexFileObject[/usr/lib/jvm/java-8-openjdk-amd64/jre/lib/rt.jar(java/lang/Boolean.class)]]
[loading ZipFileIndexFileObject[/usr/lib/jvm/java-8-openjdk-amd64/jre/lib/rt.jar(java/lang/ClassNotFoundException.class)]]
[loading ZipFileIndexFileObject[/data/hiveptest/working/apache-github-source-source/ql/target/hive-exec-4.0.0-SNAPSHOT.jar(org/apache/hadoop/hive/ql/ErrorMsg.class)]]
[loading ZipFileIndexFileObject[/usr/lib/jvm/java-8-openjdk-amd64/jre/lib/rt.jar(java/lang/Integer.class)]]
[loading ZipFileIndexFileObject[/data/hiveptest/working/maven/org/apache/hadoop/hadoop-mapreduce-client-core/3.1.0/hadoop-mapreduce-client-core-3.1.0.jar(org/apache/hadoop/mapred/JobStatus.class)]]
[loading ZipFileIndexFileObject[/data/hiveptest/working/maven/org/apache/hadoop/hadoop-mapreduce-client-core/3.1.0/hadoop-mapreduce-client-core-3.1.0.jar(org/apache/hadoop/mapred/JobProfile.class)]]
[loading ZipFileIndexFileObject[/usr/lib/jvm/java-8-openjdk-amd64/jre/lib/rt.jar(java/lang/Long.class)]]
[loading ZipFileIndexFileObject[/data/hiveptest/working/apache-github-source-source/common/target/hive-common-4.0.0-SNAPSHOT.jar(org/apache/hadoop/hive/common/JavaUtils.class)]]
[loading ZipFileIndexFileObject[/usr/lib/jvm/java-8-openjdk-amd64/jre/lib/rt.jar(java/io/FileNotFoundException.class)]]
[loading ZipFileIndexFileObject[/usr/lib/jvm/java-8-openjdk-amd64/jre/lib/rt.jar(java/net/URISyntaxException.class)]]
[loading ZipFileIndexFileObject[/usr/lib/jvm/java-8-openjdk-amd64/jre/lib/rt.jar(java/net/URI.class)]]
[loading ZipFileIndexFileObject[/data/hiveptest/working/apache-github-source-source/standalone-metastore/metastore-common/target/hive-standalone-metastore-common-4.0.0-SNAPSHOT.jar(org/apache/hadoop/hive/metastore/api/MetaException.class)]]
[loading ZipFileIndexFileObject[/data/hiveptest/working/maven/org/apache/hadoop/hadoop-common/3.1.0/hadoop-common-3.1.0.jar(org/apache/hadoop/security/Credentials.class)]]
[loading ZipFileIndexFileObject[/usr/lib/jvm/java-8-openjdk-amd64/jre/lib/rt.jar(java/net/InetAddress.class)]]
[loading ZipFileIndexFileObject[/usr/lib/jvm/java-8-openjdk-amd64/jre/lib/rt.jar(java/net/UnknownHostException.class)]]
[loading ZipFileIndexFileObject[/usr/lib/jvm/java-8-openjdk-amd64/jre/lib/rt.jar(java/text/MessageFormat.class)]]
[loading ZipFileIndexFileObject[/usr/lib/jvm/java-8-openjdk-amd64/jre/lib/rt.jar(java/util/regex/Matcher.class)]]
[loading ZipFileIndexFileObject[/usr/lib/jvm/java-8-openjdk-amd64/jre/lib/rt.jar(java/util/regex/Pattern.class)]]
[loading ZipFileIndexFileObject[/data/hiveptest/working/maven/javax/ws/rs/javax.ws.rs-api/2.0.1/javax.ws.rs-api-2.0.1.jar(javax/ws/rs/DELETE.class)]]
[loading ZipFileIndexFileObject[/data/hiveptest/working/maven/javax/ws/rs/javax.ws.rs-api/2.0.1/javax.ws.rs-api-2.0.1.jar(javax/ws/rs/FormParam.class)]]
[loading ZipFileIndexFileObject[/data/hiveptest/working/maven/javax/ws/rs/javax.ws.rs-api/2.0.1/javax.ws.rs-api-2.0.1.jar(javax/ws/rs/GET.class)]]
[loading ZipFileIndexFileObject[/data/hiveptest/working/maven/javax/ws/rs/javax.ws.rs-api/2.0.1/javax.ws.rs-api-2.0.1.jar(javax/ws/rs/POST.class)]]
[loading ZipFileIndexFileObject[/data/hiveptest/working/maven/javax/ws/rs/javax.ws.rs-api/2.0.1/javax.ws.rs-api-2.0.1.jar(javax/ws/rs/PUT.class)]]
[loading ZipFileIndexFileObject[/data/hiveptest/working/maven/javax/ws/rs/javax.ws.rs-api/2.0.1/javax.ws.rs-api-2.0.1.jar(javax/ws/rs/Path.class)]]
[loading ZipFileIndexFileObject[/data/hiveptest/working/maven/javax/ws/rs/javax.ws.rs-api/2.0.1/javax.ws.rs-api-2.0.1.jar(javax/ws/rs/PathParam.class)]]
[loading ZipFileIndexFileObject[/data/hiveptest/working/maven/javax/ws/rs/javax.ws.rs-api/2.0.1/javax.ws.rs-api-2.0.1.jar(javax/ws/rs/Produces.class)]]
[loading ZipFileIndexFileObject[/data/hiveptest/working/maven/javax/ws/rs/javax.ws.rs-api/2.0.1/javax.ws.rs-api-2.0.1.jar(javax/ws/rs/QueryParam.class)]]
[loading ZipFileIndexFileObject[/data/hiveptest/working/maven/javax/ws/rs/javax.ws.rs-api/2.0.1/javax.ws.rs-api-2.0.1.jar(javax/ws/rs/core/Context.class)]]
[loading ZipFileIndexFileObject[/data/hiveptest/working/maven/javax/ws/rs/javax.ws.rs-api/2.0.1/javax.ws.rs-api-2.0.1.jar(javax/ws/rs/core/SecurityContext.class)]]
[loading ZipFileIndexFileObject[/data/hiveptest/working/maven/javax/ws/rs/javax.ws.rs-api/2.0.1/javax.ws.rs-api-2.0.1.jar(javax/ws/rs/core/UriInfo.class)]]
[loading ZipFileIndexFileObject[/data/hiveptest/working/maven/commons-lang/commons-lang/2.6/commons-lang-2.6.jar(org/apache/commons/lang/StringUtils.class)]]
[loading ZipFileIndexFileObject[/data/hiveptest/working/maven/org/apache/hadoop/hadoop-common/3.1.0/hadoop-common-3.1.0.jar(org/apache/hadoop/fs/FileStatus.class)]]
[loading ZipFileIndexFileObject[/data/hiveptest/working/maven/com/sun/jersey/jersey-server/1.19/jersey-server-1.19.jar(com/sun/jersey/api/wadl/config/WadlGeneratorConfig.class)]]
[loading ZipFileIndexFileObject[/data/hiveptest/working/maven/com/sun/jersey/jersey-server/1.19/jersey-server-1.19.jar(com/sun/jersey/api/wadl/config/WadlGeneratorDescription.class)]]
[loading ZipFileIndexFileObject[/data/hiveptest/working/maven/com/sun/jersey/jersey-server/1.19/jersey-server-1.19.jar(com/sun/jersey/server/wadl/generators/resourcedoc/WadlGeneratorResourceDocSupport.class)]]
[loading ZipFileIndexFileObject[/usr/lib/jvm/java-8-openjdk-amd64/jre/lib/rt.jar(java/io/BufferedReader.class)]]
[loading ZipFileIndexFileObject[/usr/lib/jvm/java-8-openjdk-amd64/jre/lib/rt.jar(java/io/InputStream.class)]]
[loading ZipFileIndexFileObject[/usr/lib/jvm/java-8-openjdk-amd64/jre/lib/rt.jar(java/io/InputStreamReader.class)]]
[loading ZipFileIndexFileObject[/usr/lib/jvm/java-8-openjdk-amd64/jre/lib/rt.jar(java/io/PrintWriter.class)]]
[loading ZipFileIndexFileObject[/usr/lib/jvm/java-8-openjdk-amd64/jre/lib/rt.jar(java/util/Map$Entry.class)]]
[loading ZipFileIndexFileObject[/usr/lib/jvm/java-8-openjdk-amd64/jre/lib/rt.jar(java/util/concurrent/Semaphore.class)]]
[loading ZipFileIndexFileObject[/data/hiveptest/working/maven/org/apache/commons/commons-exec/1.1/commons-exec-1.1.jar(org/apache/commons/exec/CommandLine.class)]]
[loading ZipFileIndexFileObject[/data/hiveptest/working/maven/org/apache/commons/commons-exec/1.1/commons-exec-1.1.jar(org/apache/commons/exec/DefaultExecutor.class)]]
[loading ZipFileIndexFileObject[/data/hiveptest/working/maven/org/apache/commons/commons-exec/1.1/commons-exec-1.1.jar(org/apache/commons/exec/ExecuteWatchdog.class)]]
[loading ZipFileIndexFileObject[/data/hiveptest/working/maven/org/apache/commons/commons-exec/1.1/commons-exec-1.1.jar(org/apache/commons/exec/PumpStreamHandler.class)]]
[loading ZipFileIndexFileObject[/data/hiveptest/working/maven/org/apache/hadoop/hadoop-common/3.1.0/hadoop-common-3.1.0.jar(org/apache/hadoop/util/Shell.class)]]
[loading ZipFileIndexFileObject[/usr/lib/jvm/java-8-openjdk-amd64/jre/lib/rt.jar(java/lang/Thread.class)]]
[loading ZipFileIndexFileObject[/usr/lib/jvm/java-8-openjdk-amd64/jre/lib/rt.jar(java/lang/Runnable.class)]]
[loading ZipFileIndexFileObject[/data/hiveptest/working/maven/javax/ws/rs/javax.ws.rs-api/2.0.1/javax.ws.rs-api-2.0.1.jar(javax/ws/rs/ext/ExceptionMapper.class)]]
[loading ZipFileIndexFileObject[/data/hiveptest/working/maven/javax/ws/rs/javax.ws.rs-api/2.0.1/javax.ws.rs-api-2.0.1.jar(javax/ws/rs/ext/Provider.class)]]
[loading ZipFileIndexFileObject[/data/hiveptest/working/maven/com/sun/jersey/jersey-server/1.19/jersey-server-1.19.jar(com/sun/jersey/api/NotFoundException.class)]]
[loading ZipFileIndexFileObject[/data/hiveptest/working/maven/org/apache/hadoop/hadoop-mapreduce-client-core/3.1.0/hadoop-mapreduce-client-core-3.1.0.jar(org/apache/hadoop/mapred/JobID.class)]]
[loading ZipFileIndexFileObject[/data/hiveptest/working/maven/org/apache/hadoop/hadoop-common/3.1.0/hadoop-common-3.1.0.jar(org/apache/hadoop/security/Groups.class)]]
[loading ZipFileIndexFileObject[/usr/lib/jvm/java-8-openjdk-amd64/jre/lib/rt.jar(java/util/HashSet.class)]]
[loading ZipFileIndexFileObject[/usr/lib/jvm/java-8-openjdk-amd64/jre/lib/rt.jar(java/util/Set.class)]]
[loading ZipFileIndexFileObject[/usr/lib/jvm/java-8-openjdk-amd64/jre/lib/rt.jar(java/util/concurrent/ConcurrentHashMap.class)]]
[loading ZipFileIndexFileObject[/data/hiveptest/working/apache-github-source-source/common/target/hive-common-4.0.0-SNAPSHOT.jar(org/apache/hive/common/util/HiveVersionInfo.class)]]
[loading ZipFileIndexFileObject[/data/hiveptest/working/apache-github-source-source/classification/target/hive-classification-4.0.0-SNAPSHOT.jar(org/apache/hadoop/hive/common/classification/InterfaceStability$Evolving.class)]]
[loading ZipFileIndexFileObject[/usr/lib/jvm/java-8-openjdk-amd64/jre/lib/rt.jar(java/io/DataInput.class)]]
[loading ZipFileIndexFileObject[/usr/lib/jvm/java-8-openjdk-amd64/jre/lib/rt.jar(java/io/DataOutput.class)]]
[loading ZipFileIndexFileObject[/data/hiveptest/working/maven/org/apache/hadoop/hadoop-mapreduce-client-core/3.1.0/hadoop-mapreduce-client-core-3.1.0.jar(org/apache/hadoop/mapreduce/InputSplit.class)]]
[loading ZipFileIndexFileObject[/data/hiveptest/working/maven/org/apache/curator/curator-framework/2.12.0/curator-framework-2.12.0.jar(org/apache/curator/framework/CuratorFramework.class)]]
[loading ZipFileIndexFileObject[/data/hiveptest/working/maven/org/apache/zookeeper/zookeeper/3.4.6/zookeeper-3.4.6.jar(org/apache/zookeeper/CreateMode.class)]]
[loading ZipFileIndexFileObject[/data/hiveptest/working/maven/org/apache/zookeeper/zookeeper/3.4.6/zookeeper-3.4.6.jar(org/apache/zookeeper/KeeperException.class)]]
[loading ZipFileIndexFileObject[/data/hiveptest/working/maven/org/apache/zookeeper/zookeeper/3.4.6/zookeeper-3.4.6.jar(org/apache/zookeeper/ZooDefs.class)]]
[loading ZipFileIndexFileObject[/data/hiveptest/working/maven/org/apache/zookeeper/zookeeper/3.4.6/zookeeper-3.4.6.jar(org/apache/zookeeper/ZooDefs$Ids.class)]]
[loading ZipFileIndexFileObject[/usr/lib/jvm/java-8-openjdk-amd64/jre/lib/rt.jar(java/io/OutputStreamWriter.class)]]
[loading ZipFileIndexFileObject[/usr/lib/jvm/java-8-openjdk-amd64/jre/lib/rt.jar(java/net/URLConnection.class)]]
[loading ZipFileIndexFileObject[/data/hiveptest/working/maven/org/apache/hadoop/hadoop-mapreduce-client-core/3.1.0/hadoop-mapreduce-client-core-3.1.0.jar(org/apache/hadoop/mapred/RunningJob.class)]]
[loading ZipFileIndexFileObject[/usr/lib/jvm/java-8-openjdk-amd64/jre/lib/rt.jar(java/util/StringTokenizer.class)]]
[loading ZipFileIndexFileObject[/usr/lib/jvm/java-8-openjdk-amd64/jre/lib/rt.jar(java/lang/Process.class)]]
[loading ZipFileIndexFileObject[/usr/lib/jvm/java-8-openjdk-amd64/jre/lib/rt.jar(java/lang/StringBuilder.class)]]
[loading ZipFileIndexFileObject[/data/hiveptest/working/maven/org/apache/hadoop/hadoop-mapreduce-client-core/3.1.0/hadoop-mapreduce-client-core-3.1.0.jar(org/apache/hadoop/mapreduce/InputFormat.class)]]
[loading ZipFileIndexFileObject[/data/hiveptest/working/maven/org/apache/hadoop/hadoop-mapreduce-client-core/3.1.0/hadoop-mapreduce-client-core-3.1.0.jar(org/apache/hadoop/mapreduce/JobContext.class)]]
[loading ZipFileIndexFileObject[/data/hiveptest/working/maven/org/apache/hadoop/hadoop-mapreduce-client-core/3.1.0/hadoop-mapreduce-client-core-3.1.0.jar(org/apache/hadoop/mapreduce/RecordReader.class)]]
[loading ZipFileIndexFileObject[/data/hiveptest/working/maven/org/apache/hadoop/hadoop-mapreduce-client-core/3.1.0/hadoop-mapreduce-client-core-3.1.0.jar(org/apache/hadoop/mapreduce/TaskAttemptContext.class)]]
[loading ZipFileIndexFileObject[/data/hiveptest/working/maven/org/apache/curator/curator-framework/2.12.0/curator-framework-2.12.0.jar(org/apache/curator/framework/CuratorFrameworkFactory.class)]]
[loading ZipFileIndexFileObject[/data/hiveptest/working/maven/org/apache/curator/curator-client/2.12.0/curator-client-2.12.0.jar(org/apache/curator/retry/ExponentialBackoffRetry.class)]]
[loading ZipFileIndexFileObject[/data/hiveptest/working/maven/org/apache/hadoop/hadoop-mapreduce-client-core/3.1.0/hadoop-mapreduce-client-core-3.1.0.jar(org/apache/hadoop/mapreduce/Mapper.class)]]
[loading ZipFileIndexFileObject[/usr/lib/jvm/java-8-openjdk-amd64/jre/lib/rt.jar(java/util/Iterator.class)]]
[loading ZipFileIndexFileObject[/usr/lib/jvm/java-8-openjdk-amd64/jre/lib/rt.jar(java/util/LinkedList.class)]]
[loading ZipFileIndexFileObject[/usr/lib/jvm/java-8-openjdk-amd64/jre/lib/rt.jar(java/util/concurrent/ExecutorService.class)]]
[loading ZipFileIndexFileObject[/usr/lib/jvm/java-8-openjdk-amd64/jre/lib/rt.jar(java/util/concurrent/Executors.class)]]
[loading ZipFileIndexFileObject[/data/hiveptest/working/maven/org/apache/hadoop/hadoop-mapreduce-client-core/3.1.0/hadoop-mapreduce-client-core-3.1.0.jar(org/apache/hadoop/mapreduce/Mapper$Context.class)]]
[loading ZipFileIndexFileObject[/usr/lib/jvm/java-8-openjdk-amd64/jre/lib/rt.jar(java/net/URLDecoder.class)]]
[loading ZipFileIndexFileObject[/usr/lib/jvm/java-8-openjdk-amd64/jre/lib/rt.jar(java/util/Enumeration.class)]]
[loading ZipFileIndexFileObject[/usr/lib/jvm/java-8-openjdk-amd64/jre/lib/rt.jar(java/util/Properties.class)]]
[loading ZipFileIndexFileObject[/data/hiveptest/working/apache-github-source-source/common/target/hive-common-4.0.0-SNAPSHOT.jar(org/apache/hadoop/hive/common/LogUtils.class)]]
[loading ZipFileIndexFileObject[/usr/lib/jvm/java-8-openjdk-amd64/jre/lib/rt.jar(java/lang/Class.class)]]
[loading ZipFileIndexFileObject[/data/hiveptest/working/maven/org/apache/hadoop/hadoop-annotations/3.1.0/hadoop-annotations-3.1.0.jar(org/apache/hadoop/classification/InterfaceAudience.class)]]
[loading ZipFileIndexFileObject[/data/hiveptest/working/maven/org/apache/hadoop/hadoop-annotations/3.1.0/hadoop-annotations-3.1.0.jar(org/apache/hadoop/classification/InterfaceAudience$LimitedPrivate.class)]]
[loading ZipFileIndexFileObject[/usr/lib/jvm/java-8-openjdk-amd64/jre/lib/rt.jar(java/lang/annotation/Annotation.class)]]
[loading ZipFileIndexFileObject[/data/hiveptest/working/maven/org/eclipse/jetty/jetty-util/9.3.19.v20170502/jetty-util-9.3.19.v20170502.jar(org/eclipse/jetty/util/annotation/Name.class)]]
[loading ZipFileIndexFileObject[/data/hiveptest/working/maven/org/eclipse/jetty/jetty-util/9.3.19.v20170502/jetty-util-9.3.19.v20170502.jar(org/eclipse/jetty/util/annotation/ManagedObject.class)]]
[loading ZipFileIndexFileObject[/data/hiveptest/working/maven/org/eclipse/jetty/jetty-util/9.3.19.v20170502/jetty-util-9.3.19.v20170502.jar(org/eclipse/jetty/util/annotation/ManagedAttribute.class)]]
[loading ZipFileIndexFileObject[/data/hiveptest/working/maven/org/eclipse/jetty/jetty-util/9.3.19.v20170502/jetty-util-9.3.19.v20170502.jar(org/eclipse/jetty/util/annotation/ManagedOperation.class)]]
[loading ZipFileIndexFileObject[/usr/lib/jvm/java-8-openjdk-amd64/jre/lib/rt.jar(java/lang/annotation/Target.class)]]
[loading ZipFileIndexFileObject[/usr/lib/jvm/java-8-openjdk-amd64/jre/lib/rt.jar(java/lang/annotation/ElementType.class)]]
[loading ZipFileIndexFileObject[/usr/lib/jvm/java-8-openjdk-amd64/jre/lib/rt.jar(java/lang/annotation/Retention.class)]]
[loading ZipFileIndexFileObject[/usr/lib/jvm/java-8-openjdk-amd64/jre/lib/rt.jar(java/lang/annotation/RetentionPolicy.class)]]
[loading ZipFileIndexFileObject[/usr/lib/jvm/java-8-openjdk-amd64/jre/lib/rt.jar(java/lang/Override.class)]]
[loading ZipFileIndexFileObject[/usr/lib/jvm/java-8-openjdk-amd64/jre/lib/rt.jar(java/lang/SuppressWarnings.class)]]
[loading ZipFileIndexFileObject[/data/hiveptest/working/maven/javax/ws/rs/javax.ws.rs-api/2.0.1/javax.ws.rs-api-2.0.1.jar(javax/ws/rs/HttpMethod.class)]]
[loading ZipFileIndexFileObject[/usr/lib/jvm/java-8-openjdk-amd64/jre/lib/rt.jar(sun/misc/Contended.class)]]
[loading RegularFileObject[/data/hiveptest/working/apache-github-source-source/hcatalog/webhcat/svr/target/classes/org/apache/hive/hcatalog/templeton/ListDelegator$2.class]]
[loading RegularFileObject[/data/hiveptest/working/apache-github-source-source/hcatalog/webhcat/svr/target/classes/org/apache/hive/hcatalog/templeton/HcatException$1.class]]
[loading RegularFileObject[/data/hiveptest/working/apache-github-source-source/hcatalog/webhcat/svr/target/classes/org/apache/hive/hcatalog/templeton/ListDelegator$1.class]]
[loading RegularFileObject[/data/hiveptest/working/apache-github-source-source/hcatalog/webhcat/svr/target/classes/org/apache/hive/hcatalog/templeton/HcatDelegator$1.class]]
[loading RegularFileObject[/data/hiveptest/working/apache-github-source-source/hcatalog/webhcat/svr/target/classes/org/apache/hive/hcatalog/templeton/LauncherDelegator$2.class]]
[loading RegularFileObject[/data/hiveptest/working/apache-github-source-source/hcatalog/webhcat/svr/target/classes/org/apache/hive/hcatalog/templeton/SecureProxySupport$3.class]]
[loading RegularFileObject[/data/hiveptest/working/apache-github-source-source/hcatalog/webhcat/svr/target/classes/org/apache/hive/hcatalog/templeton/LauncherDelegator$1.class]]
[loading RegularFileObject[/data/hiveptest/working/apache-github-source-source/hcatalog/webhcat/svr/target/classes/org/apache/hive/hcatalog/templeton/SecureProxySupport$1.class]]
[loading RegularFileObject[/data/hiveptest/working/apache-github-source-source/hcatalog/webhcat/svr/target/classes/org/apache/hive/hcatalog/templeton/SecureProxySupport$2.class]]
[loading RegularFileObject[/data/hiveptest/working/apache-github-source-source/hcatalog/webhcat/svr/target/classes/org/apache/hive/hcatalog/templeton/StatusDelegator$1.class]]
[loading RegularFileObject[/data/hiveptest/working/apache-github-source-source/hcatalog/webhcat/svr/target/classes/org/apache/hive/hcatalog/templeton/tool/HDFSStorage$1.class]]
[loading RegularFileObject[/data/hiveptest/working/apache-github-source-source/hcatalog/webhcat/svr/target/classes/org/apache/hive/hcatalog/templeton/tool/TempletonUtils$1.class]]
[loading RegularFileObject[/data/hiveptest/working/apache-github-source-source/hcatalog/webhcat/svr/target/classes/org/apache/hive/hcatalog/templeton/tool/ZooKeeperStorage$1.class]]
[loading RegularFileObject[/data/hiveptest/working/apache-github-source-source/hcatalog/webhcat/svr/target/classes/org/apache/hive/hcatalog/templeton/tool/TempletonControllerJob$1.class]]
[loading RegularFileObject[/data/hiveptest/working/apache-github-source-source/hcatalog/webhcat/svr/target/classes/org/apache/hive/hcatalog/templeton/tool/TempletonControllerJob$1$1.class]]
[loading RegularFileObject[/data/hiveptest/working/apache-github-source-source/hcatalog/webhcat/svr/target/classes/org/apache/hive/hcatalog/templeton/tool/LogRetriever$1.class]]
[done in 3387 ms]
+ [[ -d itests ]]
+ cd itests
+ mvn -B clean install -DskipTests -T 4 -q -Dmaven.repo.local=/data/hiveptest/working/maven
[ERROR] COMPILATION ERROR : 
[ERROR] /data/hiveptest/working/apache-github-source-source/itests/hcatalog-unit/src/test/java/org/apache/hive/hcatalog/listener/DummyRawStoreFailEvent.java:[108,8] org.apache.hive.hcatalog.listener.DummyRawStoreFailEvent is not abstract and does not override abstract method getPartitionSpecsByFilterAndProjection(org.apache.hadoop.hive.metastore.api.Table,boolean,boolean,java.util.List<java.lang.String>,java.lang.String,java.lang.String) in org.apache.hadoop.hive.metastore.RawStore
[ERROR] /data/hiveptest/working/apache-github-source-source/itests/hcatalog-unit/src/test/java/org/apache/hive/hcatalog/listener/DummyRawStoreFailEvent.java:[415,3] method does not override or implement a method from a supertype
[ERROR] /data/hiveptest/working/apache-github-source-source/itests/hcatalog-unit/src/test/java/org/apache/hive/hcatalog/listener/DummyRawStoreFailEvent.java:[419,23] no suitable method found for getPartitionSpecsByFilterAndProjection(org.apache.hadoop.hive.metastore.api.Table,boolean,boolean,java.util.List<java.lang.String>,java.lang.String,boolean)
    method org.apache.hadoop.hive.metastore.RawStore.getPartitionSpecsByFilterAndProjection(org.apache.hadoop.hive.metastore.api.Table,boolean,boolean,java.util.List<java.lang.String>,java.lang.String,java.lang.String) is not applicable
      (argument mismatch; boolean cannot be converted to java.lang.String)
    method org.apache.hadoop.hive.metastore.ObjectStore.getPartitionSpecsByFilterAndProjection(org.apache.hadoop.hive.metastore.api.Table,boolean,boolean,java.util.List<java.lang.String>,java.lang.String,java.lang.String) is not applicable
      (argument mismatch; boolean cannot be converted to java.lang.String)
[ERROR] Failed to execute goal org.apache.maven.plugins:maven-compiler-plugin:3.6.1:testCompile (default-testCompile) on project hive-hcatalog-it-unit: Compilation failure: Compilation failure:
[ERROR] /data/hiveptest/working/apache-github-source-source/itests/hcatalog-unit/src/test/java/org/apache/hive/hcatalog/listener/DummyRawStoreFailEvent.java:[108,8] org.apache.hive.hcatalog.listener.DummyRawStoreFailEvent is not abstract and does not override abstract method getPartitionSpecsByFilterAndProjection(org.apache.hadoop.hive.metastore.api.Table,boolean,boolean,java.util.List<java.lang.String>,java.lang.String,java.lang.String) in org.apache.hadoop.hive.metastore.RawStore
[ERROR] /data/hiveptest/working/apache-github-source-source/itests/hcatalog-unit/src/test/java/org/apache/hive/hcatalog/listener/DummyRawStoreFailEvent.java:[415,3] method does not override or implement a method from a supertype
[ERROR] /data/hiveptest/working/apache-github-source-source/itests/hcatalog-unit/src/test/java/org/apache/hive/hcatalog/listener/DummyRawStoreFailEvent.java:[419,23] no suitable method found for getPartitionSpecsByFilterAndProjection(org.apache.hadoop.hive.metastore.api.Table,boolean,boolean,java.util.List<java.lang.String>,java.lang.String,boolean)
[ERROR] method org.apache.hadoop.hive.metastore.RawStore.getPartitionSpecsByFilterAndProjection(org.apache.hadoop.hive.metastore.api.Table,boolean,boolean,java.util.List<java.lang.String>,java.lang.String,java.lang.String) is not applicable
[ERROR] (argument mismatch; boolean cannot be converted to java.lang.String)
[ERROR] method org.apache.hadoop.hive.metastore.ObjectStore.getPartitionSpecsByFilterAndProjection(org.apache.hadoop.hive.metastore.api.Table,boolean,boolean,java.util.List<java.lang.String>,java.lang.String,java.lang.String) is not applicable
[ERROR] (argument mismatch; boolean cannot be converted to java.lang.String)
[ERROR] -> [Help 1]
[ERROR] 
[ERROR] To see the full stack trace of the errors, re-run Maven with the -e switch.
[ERROR] Re-run Maven using the -X switch to enable full debug logging.
[ERROR] 
[ERROR] For more information about the errors and possible solutions, please read the following articles:
[ERROR] [Help 1] http://cwiki.apache.org/confluence/display/MAVEN/MojoFailureException
[ERROR] 
[ERROR] After correcting the problems, you can resume the build with the command
[ERROR]   mvn <goals> -rf :hive-hcatalog-it-unit
+ result=1
+ '[' 1 -ne 0 ']'
+ rm -rf yetus_PreCommit-HIVE-Build-13441
+ exit 1
'
{noformat}

This message is automatically generated.

ATTACHMENT ID: 12936932 - PreCommit-HIVE-Build

Latest patch fixes compile issue and removes the json string logic to find out all the partition class fields. Instead I now use hardcoded values for the fields as suggested by [~akolb] I looked into the possibility of returning sparse partitions on the JDO path as well, but that is considerable more work and may require a separate patch. Given that there are no specific performance advantages of returning sparse partitions other than the payload size on the wire (JDO cannot use {{setResult()}} for multi-valued fields, I am not sure if there is a big advantage of implementing a similar logic on the JDO fallback.

Moved some util methods from {{MetaStoreUtils}} to {{MetastoreServerUtils}} class.

| (x) *{color:red}-1 overall{color}* |
\\
\\
|| Vote || Subsystem || Runtime || Comment ||
|| || || || {color:brown} Prechecks {color} ||
| {color:green}+1{color} | {color:green} @author {color} | {color:green}  0m  0s{color} | {color:green} The patch does not contain any @author tags. {color} |
|| || || || {color:brown} master Compile Tests {color} ||
| {color:blue}0{color} | {color:blue} mvndep {color} | {color:blue}  0m 26s{color} | {color:blue} Maven dependency ordering for branch {color} |
| {color:green}+1{color} | {color:green} mvninstall {color} | {color:green}  7m 50s{color} | {color:green} master passed {color} |
| {color:green}+1{color} | {color:green} compile {color} | {color:green}  1m 20s{color} | {color:green} master passed {color} |
| {color:green}+1{color} | {color:green} checkstyle {color} | {color:green}  0m 27s{color} | {color:green} master passed {color} |
| {color:blue}0{color} | {color:blue} findbugs {color} | {color:blue}  2m 22s{color} | {color:blue} standalone-metastore/metastore-common in master has 9 extant Findbugs warnings. {color} |
| {color:red}-1{color} | {color:red} findbugs {color} | {color:red}  0m 13s{color} | {color:red} metastore-server in master failed. {color} |
| {color:green}+1{color} | {color:green} javadoc {color} | {color:green}  1m 22s{color} | {color:green} master passed {color} |
|| || || || {color:brown} Patch Compile Tests {color} ||
| {color:blue}0{color} | {color:blue} mvndep {color} | {color:blue}  0m 10s{color} | {color:blue} Maven dependency ordering for patch {color} |
| {color:red}-1{color} | {color:red} mvninstall {color} | {color:red}  0m 20s{color} | {color:red} hcatalog-unit in the patch failed. {color} |
| {color:green}+1{color} | {color:green} compile {color} | {color:green}  1m 18s{color} | {color:green} the patch passed {color} |
| {color:green}+1{color} | {color:green} javac {color} | {color:green}  1m 18s{color} | {color:green} the patch passed {color} |
| {color:green}+1{color} | {color:green} checkstyle {color} | {color:green}  0m 26s{color} | {color:green} the patch passed {color} |
| {color:red}-1{color} | {color:red} whitespace {color} | {color:red}  0m  0s{color} | {color:red} The patch has 53 line(s) that end in whitespace. Use git apply --whitespace=fix <<patch_file>>. Refer https://git-scm.com/docs/git-apply {color} |
| {color:red}-1{color} | {color:red} findbugs {color} | {color:red}  0m 14s{color} | {color:red} metastore-server in the patch failed. {color} |
| {color:green}+1{color} | {color:green} javadoc {color} | {color:green}  1m 23s{color} | {color:green} the patch passed {color} |
|| || || || {color:brown} Other Tests {color} ||
| {color:green}+1{color} | {color:green} asflicense {color} | {color:green}  0m 13s{color} | {color:green} The patch does not generate ASF License warnings. {color} |
| {color:black}{color} | {color:black} {color} | {color:black} 22m 50s{color} | {color:black} {color} |
\\
\\
|| Subsystem || Report/Notes ||
| Optional Tests |  asflicense  javac  javadoc  findbugs  checkstyle  compile  |
| uname | Linux hiveptest-server-upstream 3.16.0-4-amd64 #1 SMP Debian 3.16.36-1+deb8u1 (2016-09-03) x86_64 GNU/Linux |
| Build tool | maven |
| Personality | /data/hiveptest/working/yetus_PreCommit-HIVE-Build-13453/dev-support/hive-personality.sh |
| git revision | master / b5578eb |
| Default Java | 1.8.0_111 |
| findbugs | v3.0.0 |
| findbugs | http://104.198.109.242/logs//PreCommit-HIVE-Build-13453/yetus/branch-findbugs-standalone-metastore_metastore-server.txt |
| mvninstall | http://104.198.109.242/logs//PreCommit-HIVE-Build-13453/yetus/patch-mvninstall-itests_hcatalog-unit.txt |
| whitespace | http://104.198.109.242/logs//PreCommit-HIVE-Build-13453/yetus/whitespace-eol.txt |
| findbugs | http://104.198.109.242/logs//PreCommit-HIVE-Build-13453/yetus/patch-findbugs-standalone-metastore_metastore-server.txt |
| modules | C: standalone-metastore/metastore-common itests/hcatalog-unit standalone-metastore/metastore-server U: . |
| Console output | http://104.198.109.242/logs//PreCommit-HIVE-Build-13453/yetus.txt |
| Powered by | Apache Yetus    http://yetus.apache.org |


This message was automatically generated.





Here are the results of testing the latest attachment:
https://issues.apache.org/jira/secure/attachment/12937050/HIVE-20306.05.patch

{color:green}SUCCESS:{color} +1 due to 3 test(s) being added or modified.

{color:green}SUCCESS:{color} +1 due to 14918 tests passed

Test results: https://builds.apache.org/job/PreCommit-HIVE-Build/13453/testReport
Console output: https://builds.apache.org/job/PreCommit-HIVE-Build/13453/console
Test logs: http://104.198.109.242/logs/PreCommit-HIVE-Build-13453/

Messages:
{noformat}
Executing org.apache.hive.ptest.execution.TestCheckPhase
Executing org.apache.hive.ptest.execution.PrepPhase
Executing org.apache.hive.ptest.execution.YetusPhase
Executing org.apache.hive.ptest.execution.ExecutionPhase
Executing org.apache.hive.ptest.execution.ReportingPhase
{noformat}

This message is automatically generated.

ATTACHMENT ID: 12937050 - PreCommit-HIVE-Build

Added changes suggested by [~aihuaxu]

| (x) *{color:red}-1 overall{color}* |
\\
\\
|| Vote || Subsystem || Runtime || Comment ||
|| || || || {color:brown} Prechecks {color} ||
| {color:green}+1{color} | {color:green} @author {color} | {color:green}  0m  0s{color} | {color:green} The patch does not contain any @author tags. {color} |
|| || || || {color:brown} master Compile Tests {color} ||
| {color:blue}0{color} | {color:blue} mvndep {color} | {color:blue}  0m 33s{color} | {color:blue} Maven dependency ordering for branch {color} |
| {color:green}+1{color} | {color:green} mvninstall {color} | {color:green}  8m  1s{color} | {color:green} master passed {color} |
| {color:green}+1{color} | {color:green} compile {color} | {color:green}  1m 18s{color} | {color:green} master passed {color} |
| {color:green}+1{color} | {color:green} checkstyle {color} | {color:green}  0m 25s{color} | {color:green} master passed {color} |
| {color:blue}0{color} | {color:blue} findbugs {color} | {color:blue}  2m 22s{color} | {color:blue} standalone-metastore/metastore-common in master has 9 extant Findbugs warnings. {color} |
| {color:red}-1{color} | {color:red} findbugs {color} | {color:red}  0m 15s{color} | {color:red} metastore-server in master failed. {color} |
| {color:green}+1{color} | {color:green} javadoc {color} | {color:green}  1m 20s{color} | {color:green} master passed {color} |
|| || || || {color:brown} Patch Compile Tests {color} ||
| {color:blue}0{color} | {color:blue} mvndep {color} | {color:blue}  0m 10s{color} | {color:blue} Maven dependency ordering for patch {color} |
| {color:red}-1{color} | {color:red} mvninstall {color} | {color:red}  0m 21s{color} | {color:red} hcatalog-unit in the patch failed. {color} |
| {color:green}+1{color} | {color:green} compile {color} | {color:green}  1m 17s{color} | {color:green} the patch passed {color} |
| {color:green}+1{color} | {color:green} javac {color} | {color:green}  1m 17s{color} | {color:green} the patch passed {color} |
| {color:green}+1{color} | {color:green} checkstyle {color} | {color:green}  0m 26s{color} | {color:green} the patch passed {color} |
| {color:red}-1{color} | {color:red} whitespace {color} | {color:red}  0m  0s{color} | {color:red} The patch has 53 line(s) that end in whitespace. Use git apply --whitespace=fix <<patch_file>>. Refer https://git-scm.com/docs/git-apply {color} |
| {color:red}-1{color} | {color:red} whitespace {color} | {color:red}  0m  1s{color} | {color:red} The patch 1 line(s) with tabs. {color} |
| {color:red}-1{color} | {color:red} findbugs {color} | {color:red}  0m 13s{color} | {color:red} metastore-server in the patch failed. {color} |
| {color:green}+1{color} | {color:green} javadoc {color} | {color:green}  1m 30s{color} | {color:green} the patch passed {color} |
|| || || || {color:brown} Other Tests {color} ||
| {color:green}+1{color} | {color:green} asflicense {color} | {color:green}  0m 13s{color} | {color:green} The patch does not generate ASF License warnings. {color} |
| {color:black}{color} | {color:black} {color} | {color:black} 22m 59s{color} | {color:black} {color} |
\\
\\
|| Subsystem || Report/Notes ||
| Optional Tests |  asflicense  javac  javadoc  findbugs  checkstyle  compile  |
| uname | Linux hiveptest-server-upstream 3.16.0-4-amd64 #1 SMP Debian 3.16.36-1+deb8u1 (2016-09-03) x86_64 GNU/Linux |
| Build tool | maven |
| Personality | /data/hiveptest/working/yetus_PreCommit-HIVE-Build-13456/dev-support/hive-personality.sh |
| git revision | master / b5578eb |
| Default Java | 1.8.0_111 |
| findbugs | v3.0.0 |
| findbugs | http://104.198.109.242/logs//PreCommit-HIVE-Build-13456/yetus/branch-findbugs-standalone-metastore_metastore-server.txt |
| mvninstall | http://104.198.109.242/logs//PreCommit-HIVE-Build-13456/yetus/patch-mvninstall-itests_hcatalog-unit.txt |
| whitespace | http://104.198.109.242/logs//PreCommit-HIVE-Build-13456/yetus/whitespace-eol.txt |
| whitespace | http://104.198.109.242/logs//PreCommit-HIVE-Build-13456/yetus/whitespace-tabs.txt |
| findbugs | http://104.198.109.242/logs//PreCommit-HIVE-Build-13456/yetus/patch-findbugs-standalone-metastore_metastore-server.txt |
| modules | C: standalone-metastore/metastore-common itests/hcatalog-unit standalone-metastore/metastore-server U: . |
| Console output | http://104.198.109.242/logs//PreCommit-HIVE-Build-13456/yetus.txt |
| Powered by | Apache Yetus    http://yetus.apache.org |


This message was automatically generated.





Here are the results of testing the latest attachment:
https://issues.apache.org/jira/secure/attachment/12937095/HIVE-20306.06.patch

{color:green}SUCCESS:{color} +1 due to 3 test(s) being added or modified.

{color:green}SUCCESS:{color} +1 due to 14918 tests passed

Test results: https://builds.apache.org/job/PreCommit-HIVE-Build/13456/testReport
Console output: https://builds.apache.org/job/PreCommit-HIVE-Build/13456/console
Test logs: http://104.198.109.242/logs/PreCommit-HIVE-Build-13456/

Messages:
{noformat}
Executing org.apache.hive.ptest.execution.TestCheckPhase
Executing org.apache.hive.ptest.execution.PrepPhase
Executing org.apache.hive.ptest.execution.YetusPhase
Executing org.apache.hive.ptest.execution.ExecutionPhase
Executing org.apache.hive.ptest.execution.ReportingPhase
{noformat}

This message is automatically generated.

ATTACHMENT ID: 12937095 - PreCommit-HIVE-Build



Here are the results of testing the latest attachment:
https://issues.apache.org/jira/secure/attachment/12937095/HIVE-20306.06.patch

{color:red}ERROR:{color} -1 due to build exiting with an error

Test results: https://builds.apache.org/job/PreCommit-HIVE-Build/13465/testReport
Console output: https://builds.apache.org/job/PreCommit-HIVE-Build/13465/console
Test logs: http://104.198.109.242/logs/PreCommit-HIVE-Build-13465/

Messages:
{noformat}
Executing org.apache.hive.ptest.execution.TestCheckPhase
Tests exited with: Exception: Patch URL https://issues.apache.org/jira/secure/attachment/12937095/HIVE-20306.06.patch was found in seen patch url's cache and a test was probably run already on it. Aborting...
{noformat}

This message is automatically generated.

ATTACHMENT ID: 12937095 - PreCommit-HIVE-Build

[~vihangk1] +1 from my side. 



Latest patch adds support for JDO code path as well. As long as the projected fields contain single-valued fields, patch uses Query.{{setResult}} to fetch only partially filled partitions. If there are multi-valued fields in the projected list, JDO code path will return the fully filed partitions since JDO doesn't support multi-valued fields in \{{setResult}}

| (x) *{color:red}-1 overall{color}* |
\\
\\
|| Vote || Subsystem || Runtime || Comment ||
|| || || || {color:brown} Prechecks {color} ||
| {color:green}+1{color} | {color:green} @author {color} | {color:green}  0m  0s{color} | {color:green} The patch does not contain any @author tags. {color} |
|| || || || {color:brown} master Compile Tests {color} ||
| {color:blue}0{color} | {color:blue} mvndep {color} | {color:blue}  0m 35s{color} | {color:blue} Maven dependency ordering for branch {color} |
| {color:green}+1{color} | {color:green} mvninstall {color} | {color:green}  7m 59s{color} | {color:green} master passed {color} |
| {color:green}+1{color} | {color:green} compile {color} | {color:green}  1m 18s{color} | {color:green} master passed {color} |
| {color:green}+1{color} | {color:green} checkstyle {color} | {color:green}  0m 26s{color} | {color:green} master passed {color} |
| {color:blue}0{color} | {color:blue} findbugs {color} | {color:blue}  2m 24s{color} | {color:blue} standalone-metastore/metastore-common in master has 9 extant Findbugs warnings. {color} |
| {color:red}-1{color} | {color:red} findbugs {color} | {color:red}  0m 15s{color} | {color:red} metastore-server in master failed. {color} |
| {color:green}+1{color} | {color:green} javadoc {color} | {color:green}  1m 22s{color} | {color:green} master passed {color} |
|| || || || {color:brown} Patch Compile Tests {color} ||
| {color:blue}0{color} | {color:blue} mvndep {color} | {color:blue}  0m 10s{color} | {color:blue} Maven dependency ordering for patch {color} |
| {color:red}-1{color} | {color:red} mvninstall {color} | {color:red}  0m 22s{color} | {color:red} hcatalog-unit in the patch failed. {color} |
| {color:green}+1{color} | {color:green} compile {color} | {color:green}  1m 19s{color} | {color:green} the patch passed {color} |
| {color:green}+1{color} | {color:green} javac {color} | {color:green}  1m 19s{color} | {color:green} the patch passed {color} |
| {color:green}+1{color} | {color:green} checkstyle {color} | {color:green}  0m 26s{color} | {color:green} the patch passed {color} |
| {color:red}-1{color} | {color:red} whitespace {color} | {color:red}  0m  1s{color} | {color:red} The patch has 53 line(s) that end in whitespace. Use git apply --whitespace=fix <<patch_file>>. Refer https://git-scm.com/docs/git-apply {color} |
| {color:red}-1{color} | {color:red} whitespace {color} | {color:red}  0m  1s{color} | {color:red} The patch 1 line(s) with tabs. {color} |
| {color:red}-1{color} | {color:red} findbugs {color} | {color:red}  0m 14s{color} | {color:red} metastore-server in the patch failed. {color} |
| {color:green}+1{color} | {color:green} javadoc {color} | {color:green}  1m 25s{color} | {color:green} the patch passed {color} |
|| || || || {color:brown} Other Tests {color} ||
| {color:green}+1{color} | {color:green} asflicense {color} | {color:green}  0m 14s{color} | {color:green} The patch does not generate ASF License warnings. {color} |
| {color:black}{color} | {color:black} {color} | {color:black} 23m 15s{color} | {color:black} {color} |
\\
\\
|| Subsystem || Report/Notes ||
| Optional Tests |  asflicense  javac  javadoc  findbugs  checkstyle  compile  |
| uname | Linux hiveptest-server-upstream 3.16.0-4-amd64 #1 SMP Debian 3.16.36-1+deb8u1 (2016-09-03) x86_64 GNU/Linux |
| Build tool | maven |
| Personality | /data/hiveptest/working/yetus_PreCommit-HIVE-Build-13495/dev-support/hive-personality.sh |
| git revision | master / acc6fa2 |
| Default Java | 1.8.0_111 |
| findbugs | v3.0.0 |
| findbugs | http://104.198.109.242/logs//PreCommit-HIVE-Build-13495/yetus/branch-findbugs-standalone-metastore_metastore-server.txt |
| mvninstall | http://104.198.109.242/logs//PreCommit-HIVE-Build-13495/yetus/patch-mvninstall-itests_hcatalog-unit.txt |
| whitespace | http://104.198.109.242/logs//PreCommit-HIVE-Build-13495/yetus/whitespace-eol.txt |
| whitespace | http://104.198.109.242/logs//PreCommit-HIVE-Build-13495/yetus/whitespace-tabs.txt |
| findbugs | http://104.198.109.242/logs//PreCommit-HIVE-Build-13495/yetus/patch-findbugs-standalone-metastore_metastore-server.txt |
| modules | C: standalone-metastore/metastore-common itests/hcatalog-unit standalone-metastore/metastore-server U: . |
| Console output | http://104.198.109.242/logs//PreCommit-HIVE-Build-13495/yetus.txt |
| Powered by | Apache Yetus    http://yetus.apache.org |


This message was automatically generated.





Here are the results of testing the latest attachment:
https://issues.apache.org/jira/secure/attachment/12937342/HIVE-20306.07.patch

{color:green}SUCCESS:{color} +1 due to 3 test(s) being added or modified.

{color:green}SUCCESS:{color} +1 due to 14920 tests passed

Test results: https://builds.apache.org/job/PreCommit-HIVE-Build/13495/testReport
Console output: https://builds.apache.org/job/PreCommit-HIVE-Build/13495/console
Test logs: http://104.198.109.242/logs/PreCommit-HIVE-Build-13495/

Messages:
{noformat}
Executing org.apache.hive.ptest.execution.TestCheckPhase
Executing org.apache.hive.ptest.execution.PrepPhase
Executing org.apache.hive.ptest.execution.YetusPhase
Executing org.apache.hive.ptest.execution.ExecutionPhase
Executing org.apache.hive.ptest.execution.ReportingPhase
{noformat}

This message is automatically generated.

ATTACHMENT ID: 12937342 - PreCommit-HIVE-Build



Here are the results of testing the latest attachment:
https://issues.apache.org/jira/secure/attachment/12937342/HIVE-20306.07.patch

{color:red}ERROR:{color} -1 due to build exiting with an error

Test results: https://builds.apache.org/job/PreCommit-HIVE-Build/13496/testReport
Console output: https://builds.apache.org/job/PreCommit-HIVE-Build/13496/console
Test logs: http://104.198.109.242/logs/PreCommit-HIVE-Build-13496/

Messages:
{noformat}
Executing org.apache.hive.ptest.execution.TestCheckPhase
Tests exited with: Exception: Patch URL https://issues.apache.org/jira/secure/attachment/12937342/HIVE-20306.07.patch was found in seen patch url's cache and a test was probably run already on it. Aborting...
{noformat}

This message is automatically generated.

ATTACHMENT ID: 12937342 - PreCommit-HIVE-Build

Assigning to myself for now till Vihang continues to work on it.

Patch #10 is the same as Vihang's latest patch synced up with master up to 

{code}
* commit b8d82844b9743d7a35dcc7fe6c702486fc4a9d72 (origin/master, origin/HEAD)
| Author: Carl Steinbach <cws@apache.org>
| Date:   Wed Aug 29 13:30:34 2018 -0700
| 
|     HIVE-20225: SerDe to support Teradata Binary Format (Lu Li via cws)
| 
{code}

It passes local tests in standalone-metastore.



Here are the results of testing the latest attachment:
https://issues.apache.org/jira/secure/attachment/12937840/HIVE-20306.09.patch

{color:red}ERROR:{color} -1 due to build exiting with an error

Test results: https://builds.apache.org/job/PreCommit-HIVE-Build/13523/testReport
Console output: https://builds.apache.org/job/PreCommit-HIVE-Build/13523/console
Test logs: http://104.198.109.242/logs/PreCommit-HIVE-Build-13523/

Messages:
{noformat}
**** This message was trimmed, see log for full details ****
[loading ZipFileIndexFileObject[/data/hiveptest/working/maven/javax/servlet/javax.servlet-api/3.1.0/javax.servlet-api-3.1.0.jar(javax/servlet/ServletException.class)]]
[loading ZipFileIndexFileObject[/data/hiveptest/working/maven/javax/servlet/javax.servlet-api/3.1.0/javax.servlet-api-3.1.0.jar(javax/servlet/ServletRequest.class)]]
[loading ZipFileIndexFileObject[/data/hiveptest/working/maven/javax/servlet/javax.servlet-api/3.1.0/javax.servlet-api-3.1.0.jar(javax/servlet/ServletResponse.class)]]
[loading ZipFileIndexFileObject[/data/hiveptest/working/maven/javax/servlet/javax.servlet-api/3.1.0/javax.servlet-api-3.1.0.jar(javax/servlet/annotation/WebFilter.class)]]
[loading ZipFileIndexFileObject[/data/hiveptest/working/maven/javax/servlet/javax.servlet-api/3.1.0/javax.servlet-api-3.1.0.jar(javax/servlet/http/HttpServletRequest.class)]]
[loading ZipFileIndexFileObject[/data/hiveptest/working/maven/javax/servlet/javax.servlet-api/3.1.0/javax.servlet-api-3.1.0.jar(javax/servlet/http/HttpServletResponse.class)]]
[loading ZipFileIndexFileObject[/data/hiveptest/working/apache-github-source-source/classification/target/hive-classification-4.0.0-SNAPSHOT.jar(org/apache/hadoop/hive/common/classification/InterfaceAudience$LimitedPrivate.class)]]
[loading ZipFileIndexFileObject[/data/hiveptest/working/apache-github-source-source/classification/target/hive-classification-4.0.0-SNAPSHOT.jar(org/apache/hadoop/hive/common/classification/InterfaceStability$Unstable.class)]]
[loading ZipFileIndexFileObject[/usr/lib/jvm/java-8-openjdk-amd64/jre/lib/rt.jar(java/io/ByteArrayOutputStream.class)]]
[loading ZipFileIndexFileObject[/usr/lib/jvm/java-8-openjdk-amd64/jre/lib/rt.jar(java/io/OutputStream.class)]]
[loading ZipFileIndexFileObject[/usr/lib/jvm/java-8-openjdk-amd64/jre/lib/rt.jar(java/io/Closeable.class)]]
[loading ZipFileIndexFileObject[/usr/lib/jvm/java-8-openjdk-amd64/jre/lib/rt.jar(java/lang/AutoCloseable.class)]]
[loading ZipFileIndexFileObject[/usr/lib/jvm/java-8-openjdk-amd64/jre/lib/rt.jar(java/io/Flushable.class)]]
[loading ZipFileIndexFileObject[/usr/lib/jvm/java-8-openjdk-amd64/jre/lib/rt.jar(javax/xml/bind/annotation/XmlRootElement.class)]]
[loading ZipFileIndexFileObject[/data/hiveptest/working/maven/org/apache/commons/commons-exec/1.1/commons-exec-1.1.jar(org/apache/commons/exec/ExecuteException.class)]]
[loading ZipFileIndexFileObject[/usr/lib/jvm/java-8-openjdk-amd64/jre/lib/rt.jar(java/security/PrivilegedExceptionAction.class)]]
[loading ZipFileIndexFileObject[/usr/lib/jvm/java-8-openjdk-amd64/jre/lib/rt.jar(java/util/concurrent/ExecutionException.class)]]
[loading ZipFileIndexFileObject[/usr/lib/jvm/java-8-openjdk-amd64/jre/lib/rt.jar(java/util/concurrent/TimeoutException.class)]]
[loading ZipFileIndexFileObject[/data/hiveptest/working/maven/org/apache/hadoop/hadoop-common/3.1.0/hadoop-common-3.1.0.jar(org/apache/hadoop/fs/FileSystem.class)]]
[loading ZipFileIndexFileObject[/data/hiveptest/working/apache-github-source-source/shims/common/target/hive-shims-common-4.0.0-SNAPSHOT.jar(org/apache/hadoop/hive/shims/HadoopShimsSecure.class)]]
[loading ZipFileIndexFileObject[/data/hiveptest/working/apache-github-source-source/shims/common/target/hive-shims-common-4.0.0-SNAPSHOT.jar(org/apache/hadoop/hive/shims/ShimLoader.class)]]
[loading ZipFileIndexFileObject[/data/hiveptest/working/apache-github-source-source/shims/common/target/hive-shims-common-4.0.0-SNAPSHOT.jar(org/apache/hadoop/hive/shims/HadoopShims.class)]]
[loading ZipFileIndexFileObject[/data/hiveptest/working/apache-github-source-source/shims/common/target/hive-shims-common-4.0.0-SNAPSHOT.jar(org/apache/hadoop/hive/shims/HadoopShims$WebHCatJTShim.class)]]
[loading ZipFileIndexFileObject[/data/hiveptest/working/maven/org/apache/hadoop/hadoop-common/3.1.0/hadoop-common-3.1.0.jar(org/apache/hadoop/util/ToolRunner.class)]]
[loading ZipFileIndexFileObject[/usr/lib/jvm/java-8-openjdk-amd64/jre/lib/rt.jar(java/util/concurrent/CancellationException.class)]]
[loading ZipFileIndexFileObject[/usr/lib/jvm/java-8-openjdk-amd64/jre/lib/rt.jar(java/util/concurrent/RejectedExecutionException.class)]]
[loading ZipFileIndexFileObject[/usr/lib/jvm/java-8-openjdk-amd64/jre/lib/rt.jar(java/util/concurrent/SynchronousQueue.class)]]
[loading ZipFileIndexFileObject[/usr/lib/jvm/java-8-openjdk-amd64/jre/lib/rt.jar(java/util/concurrent/ThreadPoolExecutor.class)]]
[loading ZipFileIndexFileObject[/usr/lib/jvm/java-8-openjdk-amd64/jre/lib/rt.jar(java/util/concurrent/TimeUnit.class)]]
[loading ZipFileIndexFileObject[/usr/lib/jvm/java-8-openjdk-amd64/jre/lib/rt.jar(java/util/concurrent/Future.class)]]
[loading ZipFileIndexFileObject[/data/hiveptest/working/maven/org/apache/hadoop/hadoop-common/3.1.0/hadoop-common-3.1.0.jar(org/apache/hadoop/conf/Configured.class)]]
[loading ZipFileIndexFileObject[/data/hiveptest/working/maven/org/apache/hadoop/hadoop-common/3.1.0/hadoop-common-3.1.0.jar(org/apache/hadoop/io/NullWritable.class)]]
[loading ZipFileIndexFileObject[/data/hiveptest/working/maven/org/apache/hadoop/hadoop-common/3.1.0/hadoop-common-3.1.0.jar(org/apache/hadoop/io/Text.class)]]
[loading ZipFileIndexFileObject[/data/hiveptest/working/maven/org/apache/hadoop/hadoop-mapreduce-client-core/3.1.0/hadoop-mapreduce-client-core-3.1.0.jar(org/apache/hadoop/mapred/JobClient.class)]]
[loading ZipFileIndexFileObject[/data/hiveptest/working/maven/org/apache/hadoop/hadoop-mapreduce-client-core/3.1.0/hadoop-mapreduce-client-core-3.1.0.jar(org/apache/hadoop/mapred/JobConf.class)]]
[loading ZipFileIndexFileObject[/data/hiveptest/working/maven/org/apache/hadoop/hadoop-mapreduce-client-core/3.1.0/hadoop-mapreduce-client-core-3.1.0.jar(org/apache/hadoop/mapreduce/Job.class)]]
[loading ZipFileIndexFileObject[/data/hiveptest/working/maven/org/apache/hadoop/hadoop-mapreduce-client-core/3.1.0/hadoop-mapreduce-client-core-3.1.0.jar(org/apache/hadoop/mapreduce/JobID.class)]]
[loading ZipFileIndexFileObject[/data/hiveptest/working/maven/org/apache/hadoop/hadoop-mapreduce-client-core/3.1.0/hadoop-mapreduce-client-core-3.1.0.jar(org/apache/hadoop/mapreduce/lib/output/NullOutputFormat.class)]]
[loading ZipFileIndexFileObject[/data/hiveptest/working/maven/org/apache/hadoop/hadoop-mapreduce-client-core/3.1.0/hadoop-mapreduce-client-core-3.1.0.jar(org/apache/hadoop/mapreduce/security/token/delegation/DelegationTokenIdentifier.class)]]
[loading ZipFileIndexFileObject[/data/hiveptest/working/maven/org/apache/hadoop/hadoop-common/3.1.0/hadoop-common-3.1.0.jar(org/apache/hadoop/security/token/Token.class)]]
[loading ZipFileIndexFileObject[/data/hiveptest/working/maven/org/apache/hadoop/hadoop-common/3.1.0/hadoop-common-3.1.0.jar(org/apache/hadoop/util/Tool.class)]]
[loading ZipFileIndexFileObject[/data/hiveptest/working/maven/org/apache/thrift/libthrift/0.9.3/libthrift-0.9.3.jar(org/apache/thrift/TException.class)]]
[loading ZipFileIndexFileObject[/data/hiveptest/working/maven/org/apache/hadoop/hadoop-common/3.1.0/hadoop-common-3.1.0.jar(org/apache/hadoop/conf/Configurable.class)]]
[loading ZipFileIndexFileObject[/usr/lib/jvm/java-8-openjdk-amd64/jre/lib/rt.jar(java/util/concurrent/Callable.class)]]
[loading ZipFileIndexFileObject[/usr/lib/jvm/java-8-openjdk-amd64/jre/lib/rt.jar(java/lang/InterruptedException.class)]]
[loading ZipFileIndexFileObject[/usr/lib/jvm/java-8-openjdk-amd64/jre/lib/rt.jar(java/lang/Boolean.class)]]
[loading ZipFileIndexFileObject[/usr/lib/jvm/java-8-openjdk-amd64/jre/lib/rt.jar(java/lang/ClassNotFoundException.class)]]
[loading ZipFileIndexFileObject[/data/hiveptest/working/apache-github-source-source/ql/target/hive-exec-4.0.0-SNAPSHOT.jar(org/apache/hadoop/hive/ql/ErrorMsg.class)]]
[loading ZipFileIndexFileObject[/usr/lib/jvm/java-8-openjdk-amd64/jre/lib/rt.jar(java/lang/Integer.class)]]
[loading ZipFileIndexFileObject[/data/hiveptest/working/maven/org/apache/hadoop/hadoop-mapreduce-client-core/3.1.0/hadoop-mapreduce-client-core-3.1.0.jar(org/apache/hadoop/mapred/JobStatus.class)]]
[loading ZipFileIndexFileObject[/data/hiveptest/working/maven/org/apache/hadoop/hadoop-mapreduce-client-core/3.1.0/hadoop-mapreduce-client-core-3.1.0.jar(org/apache/hadoop/mapred/JobProfile.class)]]
[loading ZipFileIndexFileObject[/usr/lib/jvm/java-8-openjdk-amd64/jre/lib/rt.jar(java/lang/Long.class)]]
[loading ZipFileIndexFileObject[/data/hiveptest/working/apache-github-source-source/common/target/hive-common-4.0.0-SNAPSHOT.jar(org/apache/hadoop/hive/common/JavaUtils.class)]]
[loading ZipFileIndexFileObject[/usr/lib/jvm/java-8-openjdk-amd64/jre/lib/rt.jar(java/io/FileNotFoundException.class)]]
[loading ZipFileIndexFileObject[/usr/lib/jvm/java-8-openjdk-amd64/jre/lib/rt.jar(java/net/URISyntaxException.class)]]
[loading ZipFileIndexFileObject[/usr/lib/jvm/java-8-openjdk-amd64/jre/lib/rt.jar(java/net/URI.class)]]
[loading ZipFileIndexFileObject[/data/hiveptest/working/apache-github-source-source/standalone-metastore/metastore-common/target/hive-standalone-metastore-common-4.0.0-SNAPSHOT.jar(org/apache/hadoop/hive/metastore/api/MetaException.class)]]
[loading ZipFileIndexFileObject[/data/hiveptest/working/maven/org/apache/hadoop/hadoop-common/3.1.0/hadoop-common-3.1.0.jar(org/apache/hadoop/security/Credentials.class)]]
[loading ZipFileIndexFileObject[/usr/lib/jvm/java-8-openjdk-amd64/jre/lib/rt.jar(java/net/InetAddress.class)]]
[loading ZipFileIndexFileObject[/usr/lib/jvm/java-8-openjdk-amd64/jre/lib/rt.jar(java/net/UnknownHostException.class)]]
[loading ZipFileIndexFileObject[/usr/lib/jvm/java-8-openjdk-amd64/jre/lib/rt.jar(java/text/MessageFormat.class)]]
[loading ZipFileIndexFileObject[/usr/lib/jvm/java-8-openjdk-amd64/jre/lib/rt.jar(java/util/regex/Matcher.class)]]
[loading ZipFileIndexFileObject[/usr/lib/jvm/java-8-openjdk-amd64/jre/lib/rt.jar(java/util/regex/Pattern.class)]]
[loading ZipFileIndexFileObject[/data/hiveptest/working/maven/javax/ws/rs/javax.ws.rs-api/2.0.1/javax.ws.rs-api-2.0.1.jar(javax/ws/rs/DELETE.class)]]
[loading ZipFileIndexFileObject[/data/hiveptest/working/maven/javax/ws/rs/javax.ws.rs-api/2.0.1/javax.ws.rs-api-2.0.1.jar(javax/ws/rs/FormParam.class)]]
[loading ZipFileIndexFileObject[/data/hiveptest/working/maven/javax/ws/rs/javax.ws.rs-api/2.0.1/javax.ws.rs-api-2.0.1.jar(javax/ws/rs/GET.class)]]
[loading ZipFileIndexFileObject[/data/hiveptest/working/maven/javax/ws/rs/javax.ws.rs-api/2.0.1/javax.ws.rs-api-2.0.1.jar(javax/ws/rs/POST.class)]]
[loading ZipFileIndexFileObject[/data/hiveptest/working/maven/javax/ws/rs/javax.ws.rs-api/2.0.1/javax.ws.rs-api-2.0.1.jar(javax/ws/rs/PUT.class)]]
[loading ZipFileIndexFileObject[/data/hiveptest/working/maven/javax/ws/rs/javax.ws.rs-api/2.0.1/javax.ws.rs-api-2.0.1.jar(javax/ws/rs/Path.class)]]
[loading ZipFileIndexFileObject[/data/hiveptest/working/maven/javax/ws/rs/javax.ws.rs-api/2.0.1/javax.ws.rs-api-2.0.1.jar(javax/ws/rs/PathParam.class)]]
[loading ZipFileIndexFileObject[/data/hiveptest/working/maven/javax/ws/rs/javax.ws.rs-api/2.0.1/javax.ws.rs-api-2.0.1.jar(javax/ws/rs/Produces.class)]]
[loading ZipFileIndexFileObject[/data/hiveptest/working/maven/javax/ws/rs/javax.ws.rs-api/2.0.1/javax.ws.rs-api-2.0.1.jar(javax/ws/rs/QueryParam.class)]]
[loading ZipFileIndexFileObject[/data/hiveptest/working/maven/javax/ws/rs/javax.ws.rs-api/2.0.1/javax.ws.rs-api-2.0.1.jar(javax/ws/rs/core/Context.class)]]
[loading ZipFileIndexFileObject[/data/hiveptest/working/maven/javax/ws/rs/javax.ws.rs-api/2.0.1/javax.ws.rs-api-2.0.1.jar(javax/ws/rs/core/SecurityContext.class)]]
[loading ZipFileIndexFileObject[/data/hiveptest/working/maven/javax/ws/rs/javax.ws.rs-api/2.0.1/javax.ws.rs-api-2.0.1.jar(javax/ws/rs/core/UriInfo.class)]]
[loading ZipFileIndexFileObject[/data/hiveptest/working/maven/commons-lang/commons-lang/2.6/commons-lang-2.6.jar(org/apache/commons/lang/StringUtils.class)]]
[loading ZipFileIndexFileObject[/data/hiveptest/working/maven/org/apache/hadoop/hadoop-common/3.1.0/hadoop-common-3.1.0.jar(org/apache/hadoop/fs/FileStatus.class)]]
[loading ZipFileIndexFileObject[/data/hiveptest/working/maven/com/sun/jersey/jersey-server/1.19/jersey-server-1.19.jar(com/sun/jersey/api/wadl/config/WadlGeneratorConfig.class)]]
[loading ZipFileIndexFileObject[/data/hiveptest/working/maven/com/sun/jersey/jersey-server/1.19/jersey-server-1.19.jar(com/sun/jersey/api/wadl/config/WadlGeneratorDescription.class)]]
[loading ZipFileIndexFileObject[/data/hiveptest/working/maven/com/sun/jersey/jersey-server/1.19/jersey-server-1.19.jar(com/sun/jersey/server/wadl/generators/resourcedoc/WadlGeneratorResourceDocSupport.class)]]
[loading ZipFileIndexFileObject[/usr/lib/jvm/java-8-openjdk-amd64/jre/lib/rt.jar(java/io/BufferedReader.class)]]
[loading ZipFileIndexFileObject[/usr/lib/jvm/java-8-openjdk-amd64/jre/lib/rt.jar(java/io/InputStream.class)]]
[loading ZipFileIndexFileObject[/usr/lib/jvm/java-8-openjdk-amd64/jre/lib/rt.jar(java/io/InputStreamReader.class)]]
[loading ZipFileIndexFileObject[/usr/lib/jvm/java-8-openjdk-amd64/jre/lib/rt.jar(java/io/PrintWriter.class)]]
[loading ZipFileIndexFileObject[/usr/lib/jvm/java-8-openjdk-amd64/jre/lib/rt.jar(java/util/Map$Entry.class)]]
[loading ZipFileIndexFileObject[/usr/lib/jvm/java-8-openjdk-amd64/jre/lib/rt.jar(java/util/concurrent/Semaphore.class)]]
[loading ZipFileIndexFileObject[/data/hiveptest/working/maven/org/apache/commons/commons-exec/1.1/commons-exec-1.1.jar(org/apache/commons/exec/CommandLine.class)]]
[loading ZipFileIndexFileObject[/data/hiveptest/working/maven/org/apache/commons/commons-exec/1.1/commons-exec-1.1.jar(org/apache/commons/exec/DefaultExecutor.class)]]
[loading ZipFileIndexFileObject[/data/hiveptest/working/maven/org/apache/commons/commons-exec/1.1/commons-exec-1.1.jar(org/apache/commons/exec/ExecuteWatchdog.class)]]
[loading ZipFileIndexFileObject[/data/hiveptest/working/maven/org/apache/commons/commons-exec/1.1/commons-exec-1.1.jar(org/apache/commons/exec/PumpStreamHandler.class)]]
[loading ZipFileIndexFileObject[/data/hiveptest/working/maven/org/apache/hadoop/hadoop-common/3.1.0/hadoop-common-3.1.0.jar(org/apache/hadoop/util/Shell.class)]]
[loading ZipFileIndexFileObject[/usr/lib/jvm/java-8-openjdk-amd64/jre/lib/rt.jar(java/lang/Thread.class)]]
[loading ZipFileIndexFileObject[/usr/lib/jvm/java-8-openjdk-amd64/jre/lib/rt.jar(java/lang/Runnable.class)]]
[loading ZipFileIndexFileObject[/data/hiveptest/working/maven/javax/ws/rs/javax.ws.rs-api/2.0.1/javax.ws.rs-api-2.0.1.jar(javax/ws/rs/ext/ExceptionMapper.class)]]
[loading ZipFileIndexFileObject[/data/hiveptest/working/maven/javax/ws/rs/javax.ws.rs-api/2.0.1/javax.ws.rs-api-2.0.1.jar(javax/ws/rs/ext/Provider.class)]]
[loading ZipFileIndexFileObject[/data/hiveptest/working/maven/com/sun/jersey/jersey-server/1.19/jersey-server-1.19.jar(com/sun/jersey/api/NotFoundException.class)]]
[loading ZipFileIndexFileObject[/data/hiveptest/working/maven/org/apache/hadoop/hadoop-mapreduce-client-core/3.1.0/hadoop-mapreduce-client-core-3.1.0.jar(org/apache/hadoop/mapred/JobID.class)]]
[loading ZipFileIndexFileObject[/data/hiveptest/working/maven/org/apache/hadoop/hadoop-common/3.1.0/hadoop-common-3.1.0.jar(org/apache/hadoop/security/Groups.class)]]
[loading ZipFileIndexFileObject[/usr/lib/jvm/java-8-openjdk-amd64/jre/lib/rt.jar(java/util/HashSet.class)]]
[loading ZipFileIndexFileObject[/usr/lib/jvm/java-8-openjdk-amd64/jre/lib/rt.jar(java/util/Set.class)]]
[loading ZipFileIndexFileObject[/usr/lib/jvm/java-8-openjdk-amd64/jre/lib/rt.jar(java/util/concurrent/ConcurrentHashMap.class)]]
[loading ZipFileIndexFileObject[/data/hiveptest/working/apache-github-source-source/common/target/hive-common-4.0.0-SNAPSHOT.jar(org/apache/hive/common/util/HiveVersionInfo.class)]]
[loading ZipFileIndexFileObject[/data/hiveptest/working/apache-github-source-source/classification/target/hive-classification-4.0.0-SNAPSHOT.jar(org/apache/hadoop/hive/common/classification/InterfaceStability$Evolving.class)]]
[loading ZipFileIndexFileObject[/usr/lib/jvm/java-8-openjdk-amd64/jre/lib/rt.jar(java/io/DataInput.class)]]
[loading ZipFileIndexFileObject[/usr/lib/jvm/java-8-openjdk-amd64/jre/lib/rt.jar(java/io/DataOutput.class)]]
[loading ZipFileIndexFileObject[/data/hiveptest/working/maven/org/apache/hadoop/hadoop-mapreduce-client-core/3.1.0/hadoop-mapreduce-client-core-3.1.0.jar(org/apache/hadoop/mapreduce/InputSplit.class)]]
[loading ZipFileIndexFileObject[/data/hiveptest/working/maven/org/apache/curator/curator-framework/2.12.0/curator-framework-2.12.0.jar(org/apache/curator/framework/CuratorFramework.class)]]
[loading ZipFileIndexFileObject[/data/hiveptest/working/maven/org/apache/zookeeper/zookeeper/3.4.6/zookeeper-3.4.6.jar(org/apache/zookeeper/CreateMode.class)]]
[loading ZipFileIndexFileObject[/data/hiveptest/working/maven/org/apache/zookeeper/zookeeper/3.4.6/zookeeper-3.4.6.jar(org/apache/zookeeper/KeeperException.class)]]
[loading ZipFileIndexFileObject[/data/hiveptest/working/maven/org/apache/zookeeper/zookeeper/3.4.6/zookeeper-3.4.6.jar(org/apache/zookeeper/ZooDefs.class)]]
[loading ZipFileIndexFileObject[/data/hiveptest/working/maven/org/apache/zookeeper/zookeeper/3.4.6/zookeeper-3.4.6.jar(org/apache/zookeeper/ZooDefs$Ids.class)]]
[loading ZipFileIndexFileObject[/usr/lib/jvm/java-8-openjdk-amd64/jre/lib/rt.jar(java/io/OutputStreamWriter.class)]]
[loading ZipFileIndexFileObject[/usr/lib/jvm/java-8-openjdk-amd64/jre/lib/rt.jar(java/net/URLConnection.class)]]
[loading ZipFileIndexFileObject[/data/hiveptest/working/maven/org/apache/hadoop/hadoop-mapreduce-client-core/3.1.0/hadoop-mapreduce-client-core-3.1.0.jar(org/apache/hadoop/mapred/RunningJob.class)]]
[loading ZipFileIndexFileObject[/usr/lib/jvm/java-8-openjdk-amd64/jre/lib/rt.jar(java/util/StringTokenizer.class)]]
[loading ZipFileIndexFileObject[/usr/lib/jvm/java-8-openjdk-amd64/jre/lib/rt.jar(java/lang/Process.class)]]
[loading ZipFileIndexFileObject[/usr/lib/jvm/java-8-openjdk-amd64/jre/lib/rt.jar(java/lang/StringBuilder.class)]]
[loading ZipFileIndexFileObject[/data/hiveptest/working/maven/org/apache/hadoop/hadoop-mapreduce-client-core/3.1.0/hadoop-mapreduce-client-core-3.1.0.jar(org/apache/hadoop/mapreduce/InputFormat.class)]]
[loading ZipFileIndexFileObject[/data/hiveptest/working/maven/org/apache/hadoop/hadoop-mapreduce-client-core/3.1.0/hadoop-mapreduce-client-core-3.1.0.jar(org/apache/hadoop/mapreduce/JobContext.class)]]
[loading ZipFileIndexFileObject[/data/hiveptest/working/maven/org/apache/hadoop/hadoop-mapreduce-client-core/3.1.0/hadoop-mapreduce-client-core-3.1.0.jar(org/apache/hadoop/mapreduce/RecordReader.class)]]
[loading ZipFileIndexFileObject[/data/hiveptest/working/maven/org/apache/hadoop/hadoop-mapreduce-client-core/3.1.0/hadoop-mapreduce-client-core-3.1.0.jar(org/apache/hadoop/mapreduce/TaskAttemptContext.class)]]
[loading ZipFileIndexFileObject[/data/hiveptest/working/maven/org/apache/curator/curator-framework/2.12.0/curator-framework-2.12.0.jar(org/apache/curator/framework/CuratorFrameworkFactory.class)]]
[loading ZipFileIndexFileObject[/data/hiveptest/working/maven/org/apache/curator/curator-client/2.12.0/curator-client-2.12.0.jar(org/apache/curator/retry/ExponentialBackoffRetry.class)]]
[loading ZipFileIndexFileObject[/data/hiveptest/working/maven/org/apache/hadoop/hadoop-mapreduce-client-core/3.1.0/hadoop-mapreduce-client-core-3.1.0.jar(org/apache/hadoop/mapreduce/Mapper.class)]]
[loading ZipFileIndexFileObject[/usr/lib/jvm/java-8-openjdk-amd64/jre/lib/rt.jar(java/util/Iterator.class)]]
[loading ZipFileIndexFileObject[/usr/lib/jvm/java-8-openjdk-amd64/jre/lib/rt.jar(java/util/LinkedList.class)]]
[loading ZipFileIndexFileObject[/usr/lib/jvm/java-8-openjdk-amd64/jre/lib/rt.jar(java/util/concurrent/ExecutorService.class)]]
[loading ZipFileIndexFileObject[/usr/lib/jvm/java-8-openjdk-amd64/jre/lib/rt.jar(java/util/concurrent/Executors.class)]]
[loading ZipFileIndexFileObject[/data/hiveptest/working/maven/org/apache/hadoop/hadoop-mapreduce-client-core/3.1.0/hadoop-mapreduce-client-core-3.1.0.jar(org/apache/hadoop/mapreduce/Mapper$Context.class)]]
[loading ZipFileIndexFileObject[/usr/lib/jvm/java-8-openjdk-amd64/jre/lib/rt.jar(java/net/URLDecoder.class)]]
[loading ZipFileIndexFileObject[/usr/lib/jvm/java-8-openjdk-amd64/jre/lib/rt.jar(java/util/Enumeration.class)]]
[loading ZipFileIndexFileObject[/usr/lib/jvm/java-8-openjdk-amd64/jre/lib/rt.jar(java/util/Properties.class)]]
[loading ZipFileIndexFileObject[/data/hiveptest/working/apache-github-source-source/common/target/hive-common-4.0.0-SNAPSHOT.jar(org/apache/hadoop/hive/common/LogUtils.class)]]
[loading ZipFileIndexFileObject[/usr/lib/jvm/java-8-openjdk-amd64/jre/lib/rt.jar(java/lang/Class.class)]]
[loading ZipFileIndexFileObject[/data/hiveptest/working/maven/org/apache/hadoop/hadoop-annotations/3.1.0/hadoop-annotations-3.1.0.jar(org/apache/hadoop/classification/InterfaceAudience.class)]]
[loading ZipFileIndexFileObject[/data/hiveptest/working/maven/org/apache/hadoop/hadoop-annotations/3.1.0/hadoop-annotations-3.1.0.jar(org/apache/hadoop/classification/InterfaceAudience$LimitedPrivate.class)]]
[loading ZipFileIndexFileObject[/usr/lib/jvm/java-8-openjdk-amd64/jre/lib/rt.jar(java/lang/annotation/Annotation.class)]]
[loading ZipFileIndexFileObject[/data/hiveptest/working/maven/org/eclipse/jetty/jetty-util/9.3.19.v20170502/jetty-util-9.3.19.v20170502.jar(org/eclipse/jetty/util/annotation/Name.class)]]
[loading ZipFileIndexFileObject[/data/hiveptest/working/maven/org/eclipse/jetty/jetty-util/9.3.19.v20170502/jetty-util-9.3.19.v20170502.jar(org/eclipse/jetty/util/annotation/ManagedObject.class)]]
[loading ZipFileIndexFileObject[/data/hiveptest/working/maven/org/eclipse/jetty/jetty-util/9.3.19.v20170502/jetty-util-9.3.19.v20170502.jar(org/eclipse/jetty/util/annotation/ManagedAttribute.class)]]
[loading ZipFileIndexFileObject[/data/hiveptest/working/maven/org/eclipse/jetty/jetty-util/9.3.19.v20170502/jetty-util-9.3.19.v20170502.jar(org/eclipse/jetty/util/annotation/ManagedOperation.class)]]
[loading ZipFileIndexFileObject[/usr/lib/jvm/java-8-openjdk-amd64/jre/lib/rt.jar(java/lang/annotation/Target.class)]]
[loading ZipFileIndexFileObject[/usr/lib/jvm/java-8-openjdk-amd64/jre/lib/rt.jar(java/lang/annotation/ElementType.class)]]
[loading ZipFileIndexFileObject[/usr/lib/jvm/java-8-openjdk-amd64/jre/lib/rt.jar(java/lang/annotation/Retention.class)]]
[loading ZipFileIndexFileObject[/usr/lib/jvm/java-8-openjdk-amd64/jre/lib/rt.jar(java/lang/annotation/RetentionPolicy.class)]]
[loading ZipFileIndexFileObject[/usr/lib/jvm/java-8-openjdk-amd64/jre/lib/rt.jar(java/lang/Override.class)]]
[loading ZipFileIndexFileObject[/usr/lib/jvm/java-8-openjdk-amd64/jre/lib/rt.jar(java/lang/SuppressWarnings.class)]]
[loading ZipFileIndexFileObject[/data/hiveptest/working/maven/javax/ws/rs/javax.ws.rs-api/2.0.1/javax.ws.rs-api-2.0.1.jar(javax/ws/rs/HttpMethod.class)]]
[loading ZipFileIndexFileObject[/usr/lib/jvm/java-8-openjdk-amd64/jre/lib/rt.jar(sun/misc/Contended.class)]]
[loading RegularFileObject[/data/hiveptest/working/apache-github-source-source/hcatalog/webhcat/svr/target/classes/org/apache/hive/hcatalog/templeton/ListDelegator$2.class]]
[loading RegularFileObject[/data/hiveptest/working/apache-github-source-source/hcatalog/webhcat/svr/target/classes/org/apache/hive/hcatalog/templeton/HcatException$1.class]]
[loading RegularFileObject[/data/hiveptest/working/apache-github-source-source/hcatalog/webhcat/svr/target/classes/org/apache/hive/hcatalog/templeton/ListDelegator$1.class]]
[loading RegularFileObject[/data/hiveptest/working/apache-github-source-source/hcatalog/webhcat/svr/target/classes/org/apache/hive/hcatalog/templeton/HcatDelegator$1.class]]
[loading RegularFileObject[/data/hiveptest/working/apache-github-source-source/hcatalog/webhcat/svr/target/classes/org/apache/hive/hcatalog/templeton/LauncherDelegator$2.class]]
[loading RegularFileObject[/data/hiveptest/working/apache-github-source-source/hcatalog/webhcat/svr/target/classes/org/apache/hive/hcatalog/templeton/SecureProxySupport$3.class]]
[loading RegularFileObject[/data/hiveptest/working/apache-github-source-source/hcatalog/webhcat/svr/target/classes/org/apache/hive/hcatalog/templeton/LauncherDelegator$1.class]]
[loading RegularFileObject[/data/hiveptest/working/apache-github-source-source/hcatalog/webhcat/svr/target/classes/org/apache/hive/hcatalog/templeton/SecureProxySupport$1.class]]
[loading RegularFileObject[/data/hiveptest/working/apache-github-source-source/hcatalog/webhcat/svr/target/classes/org/apache/hive/hcatalog/templeton/SecureProxySupport$2.class]]
[loading RegularFileObject[/data/hiveptest/working/apache-github-source-source/hcatalog/webhcat/svr/target/classes/org/apache/hive/hcatalog/templeton/StatusDelegator$1.class]]
[loading RegularFileObject[/data/hiveptest/working/apache-github-source-source/hcatalog/webhcat/svr/target/classes/org/apache/hive/hcatalog/templeton/tool/HDFSStorage$1.class]]
[loading RegularFileObject[/data/hiveptest/working/apache-github-source-source/hcatalog/webhcat/svr/target/classes/org/apache/hive/hcatalog/templeton/tool/TempletonUtils$1.class]]
[loading RegularFileObject[/data/hiveptest/working/apache-github-source-source/hcatalog/webhcat/svr/target/classes/org/apache/hive/hcatalog/templeton/tool/ZooKeeperStorage$1.class]]
[loading RegularFileObject[/data/hiveptest/working/apache-github-source-source/hcatalog/webhcat/svr/target/classes/org/apache/hive/hcatalog/templeton/tool/TempletonControllerJob$1.class]]
[loading RegularFileObject[/data/hiveptest/working/apache-github-source-source/hcatalog/webhcat/svr/target/classes/org/apache/hive/hcatalog/templeton/tool/TempletonControllerJob$1$1.class]]
[loading RegularFileObject[/data/hiveptest/working/apache-github-source-source/hcatalog/webhcat/svr/target/classes/org/apache/hive/hcatalog/templeton/tool/LogRetriever$1.class]]
[done in 4903 ms]
+ [[ -d itests ]]
+ cd itests
+ mvn -B clean install -DskipTests -T 4 -q -Dmaven.repo.local=/data/hiveptest/working/maven
[ERROR] COMPILATION ERROR : 
[ERROR] /data/hiveptest/working/apache-github-source-source/itests/hcatalog-unit/src/test/java/org/apache/hive/hcatalog/listener/DummyRawStoreFailEvent.java:[108,8] org.apache.hive.hcatalog.listener.DummyRawStoreFailEvent is not abstract and does not override abstract method getPartitionSpecsByFilterAndProjection(java.lang.String,java.lang.String,java.lang.String,java.util.List<java.lang.String>,java.lang.String,java.lang.String) in org.apache.hadoop.hive.metastore.RawStore
[ERROR] /data/hiveptest/working/apache-github-source-source/itests/hcatalog-unit/src/test/java/org/apache/hive/hcatalog/listener/DummyRawStoreFailEvent.java:[415,3] method does not override or implement a method from a supertype
[ERROR] /data/hiveptest/working/apache-github-source-source/itests/hcatalog-unit/src/test/java/org/apache/hive/hcatalog/listener/DummyRawStoreFailEvent.java:[419,23] no suitable method found for getPartitionSpecsByFilterAndProjection(org.apache.hadoop.hive.metastore.api.Table,boolean,boolean,java.util.List<java.lang.String>,java.lang.String,java.lang.String)
    method org.apache.hadoop.hive.metastore.RawStore.getPartitionSpecsByFilterAndProjection(java.lang.String,java.lang.String,java.lang.String,java.util.List<java.lang.String>,java.lang.String,java.lang.String) is not applicable
      (argument mismatch; org.apache.hadoop.hive.metastore.api.Table cannot be converted to java.lang.String)
    method org.apache.hadoop.hive.metastore.ObjectStore.getPartitionSpecsByFilterAndProjection(java.lang.String,java.lang.String,java.lang.String,java.util.List<java.lang.String>,java.lang.String,java.lang.String) is not applicable
      (argument mismatch; org.apache.hadoop.hive.metastore.api.Table cannot be converted to java.lang.String)
[ERROR] Failed to execute goal org.apache.maven.plugins:maven-compiler-plugin:3.6.1:testCompile (default-testCompile) on project hive-hcatalog-it-unit: Compilation failure: Compilation failure:
[ERROR] /data/hiveptest/working/apache-github-source-source/itests/hcatalog-unit/src/test/java/org/apache/hive/hcatalog/listener/DummyRawStoreFailEvent.java:[108,8] org.apache.hive.hcatalog.listener.DummyRawStoreFailEvent is not abstract and does not override abstract method getPartitionSpecsByFilterAndProjection(java.lang.String,java.lang.String,java.lang.String,java.util.List<java.lang.String>,java.lang.String,java.lang.String) in org.apache.hadoop.hive.metastore.RawStore
[ERROR] /data/hiveptest/working/apache-github-source-source/itests/hcatalog-unit/src/test/java/org/apache/hive/hcatalog/listener/DummyRawStoreFailEvent.java:[415,3] method does not override or implement a method from a supertype
[ERROR] /data/hiveptest/working/apache-github-source-source/itests/hcatalog-unit/src/test/java/org/apache/hive/hcatalog/listener/DummyRawStoreFailEvent.java:[419,23] no suitable method found for getPartitionSpecsByFilterAndProjection(org.apache.hadoop.hive.metastore.api.Table,boolean,boolean,java.util.List<java.lang.String>,java.lang.String,java.lang.String)
[ERROR] method org.apache.hadoop.hive.metastore.RawStore.getPartitionSpecsByFilterAndProjection(java.lang.String,java.lang.String,java.lang.String,java.util.List<java.lang.String>,java.lang.String,java.lang.String) is not applicable
[ERROR] (argument mismatch; org.apache.hadoop.hive.metastore.api.Table cannot be converted to java.lang.String)
[ERROR] method org.apache.hadoop.hive.metastore.ObjectStore.getPartitionSpecsByFilterAndProjection(java.lang.String,java.lang.String,java.lang.String,java.util.List<java.lang.String>,java.lang.String,java.lang.String) is not applicable
[ERROR] (argument mismatch; org.apache.hadoop.hive.metastore.api.Table cannot be converted to java.lang.String)
[ERROR] -> [Help 1]
[ERROR] 
[ERROR] To see the full stack trace of the errors, re-run Maven with the -e switch.
[ERROR] Re-run Maven using the -X switch to enable full debug logging.
[ERROR] 
[ERROR] For more information about the errors and possible solutions, please read the following articles:
[ERROR] [Help 1] http://cwiki.apache.org/confluence/display/MAVEN/MojoFailureException
[ERROR] 
[ERROR] After correcting the problems, you can resume the build with the command
[ERROR]   mvn <goals> -rf :hive-hcatalog-it-unit
+ result=1
+ '[' 1 -ne 0 ']'
+ rm -rf yetus_PreCommit-HIVE-Build-13523
+ exit 1
'
{noformat}

This message is automatically generated.

ATTACHMENT ID: 12937840 - PreCommit-HIVE-Build

| (x) *{color:red}-1 overall{color}* |
\\
\\
|| Vote || Subsystem || Runtime || Comment ||
|| || || || {color:brown} Prechecks {color} ||
| {color:green}+1{color} | {color:green} @author {color} | {color:green}  0m  0s{color} | {color:green} The patch does not contain any @author tags. {color} |
|| || || || {color:brown} master Compile Tests {color} ||
| {color:blue}0{color} | {color:blue} mvndep {color} | {color:blue}  0m 42s{color} | {color:blue} Maven dependency ordering for branch {color} |
| {color:green}+1{color} | {color:green} mvninstall {color} | {color:green}  7m 56s{color} | {color:green} master passed {color} |
| {color:green}+1{color} | {color:green} compile {color} | {color:green}  1m 20s{color} | {color:green} master passed {color} |
| {color:green}+1{color} | {color:green} checkstyle {color} | {color:green}  0m 27s{color} | {color:green} master passed {color} |
| {color:blue}0{color} | {color:blue} findbugs {color} | {color:blue}  2m 28s{color} | {color:blue} standalone-metastore/metastore-common in master has 9 extant Findbugs warnings. {color} |
| {color:red}-1{color} | {color:red} findbugs {color} | {color:red}  0m 16s{color} | {color:red} metastore-server in master failed. {color} |
| {color:green}+1{color} | {color:green} javadoc {color} | {color:green}  1m 18s{color} | {color:green} master passed {color} |
|| || || || {color:brown} Patch Compile Tests {color} ||
| {color:blue}0{color} | {color:blue} mvndep {color} | {color:blue}  0m 10s{color} | {color:blue} Maven dependency ordering for patch {color} |
| {color:red}-1{color} | {color:red} mvninstall {color} | {color:red}  0m 21s{color} | {color:red} hcatalog-unit in the patch failed. {color} |
| {color:green}+1{color} | {color:green} compile {color} | {color:green}  1m 21s{color} | {color:green} the patch passed {color} |
| {color:green}+1{color} | {color:green} javac {color} | {color:green}  1m 21s{color} | {color:green} the patch passed {color} |
| {color:green}+1{color} | {color:green} checkstyle {color} | {color:green}  0m 27s{color} | {color:green} the patch passed {color} |
| {color:red}-1{color} | {color:red} whitespace {color} | {color:red}  0m  0s{color} | {color:red} The patch has 53 line(s) that end in whitespace. Use git apply --whitespace=fix <<patch_file>>. Refer https://git-scm.com/docs/git-apply {color} |
| {color:red}-1{color} | {color:red} whitespace {color} | {color:red}  0m  1s{color} | {color:red} The patch 1 line(s) with tabs. {color} |
| {color:red}-1{color} | {color:red} findbugs {color} | {color:red}  0m 14s{color} | {color:red} metastore-server in the patch failed. {color} |
| {color:red}-1{color} | {color:red} javadoc {color} | {color:red}  0m 20s{color} | {color:red} standalone-metastore_metastore-server generated 1 new + 61 unchanged - 0 fixed = 62 total (was 61) {color} |
|| || || || {color:brown} Other Tests {color} ||
| {color:green}+1{color} | {color:green} asflicense {color} | {color:green}  0m 14s{color} | {color:green} The patch does not generate ASF License warnings. {color} |
| {color:black}{color} | {color:black} {color} | {color:black} 23m 17s{color} | {color:black} {color} |
\\
\\
|| Subsystem || Report/Notes ||
| Optional Tests |  asflicense  javac  javadoc  findbugs  checkstyle  compile  |
| uname | Linux hiveptest-server-upstream 3.16.0-4-amd64 #1 SMP Debian 3.16.36-1+deb8u1 (2016-09-03) x86_64 GNU/Linux |
| Build tool | maven |
| Personality | /data/hiveptest/working/yetus_PreCommit-HIVE-Build-13533/dev-support/hive-personality.sh |
| git revision | master / a77e046 |
| Default Java | 1.8.0_111 |
| findbugs | v3.0.0 |
| findbugs | http://104.198.109.242/logs//PreCommit-HIVE-Build-13533/yetus/branch-findbugs-standalone-metastore_metastore-server.txt |
| mvninstall | http://104.198.109.242/logs//PreCommit-HIVE-Build-13533/yetus/patch-mvninstall-itests_hcatalog-unit.txt |
| whitespace | http://104.198.109.242/logs//PreCommit-HIVE-Build-13533/yetus/whitespace-eol.txt |
| whitespace | http://104.198.109.242/logs//PreCommit-HIVE-Build-13533/yetus/whitespace-tabs.txt |
| findbugs | http://104.198.109.242/logs//PreCommit-HIVE-Build-13533/yetus/patch-findbugs-standalone-metastore_metastore-server.txt |
| javadoc | http://104.198.109.242/logs//PreCommit-HIVE-Build-13533/yetus/diff-javadoc-javadoc-standalone-metastore_metastore-server.txt |
| modules | C: standalone-metastore/metastore-common itests/hcatalog-unit standalone-metastore/metastore-server U: . |
| Console output | http://104.198.109.242/logs//PreCommit-HIVE-Build-13533/yetus.txt |
| Powered by | Apache Yetus    http://yetus.apache.org |


This message was automatically generated.





Here are the results of testing the latest attachment:
https://issues.apache.org/jira/secure/attachment/12937868/HIVE-20306.10.patch

{color:green}SUCCESS:{color} +1 due to 3 test(s) being added or modified.

{color:red}ERROR:{color} -1 due to 14 failed/errored test(s), 14939 tests executed
*Failed tests:*
{noformat}
org.apache.hadoop.hive.cli.TestCliDriver.testCliDriver[test_teradatabinaryfile] (batchId=2)
org.apache.hadoop.hive.metastore.TestEmbeddedHiveMetaStore.testGetPartitionsWithSpec (batchId=222)
org.apache.hadoop.hive.metastore.TestGetPartitionsUsingProjection.testGetPartitions (batchId=221)
org.apache.hadoop.hive.metastore.TestGetPartitionsUsingProjection.testInvalidProjectFieldNames (batchId=221)
org.apache.hadoop.hive.metastore.TestGetPartitionsUsingProjection.testInvalidProjectFieldNames2 (batchId=221)
org.apache.hadoop.hive.metastore.TestGetPartitionsUsingProjection.testNonStandardPartitions (batchId=221)
org.apache.hadoop.hive.metastore.TestGetPartitionsUsingProjection.testPartitionProjectionAllSingleValuedFields (batchId=221)
org.apache.hadoop.hive.metastore.TestGetPartitionsUsingProjection.testPartitionProjectionEmptySpec (batchId=221)
org.apache.hadoop.hive.metastore.TestGetPartitionsUsingProjection.testProjectionUsingJDO (batchId=221)
org.apache.hadoop.hive.metastore.TestHiveMetaStorePartitionSpecs.testFetchingPartitionsWithDifferentSchemas (batchId=221)
org.apache.hadoop.hive.metastore.TestRemoteHiveMetaStore.testGetPartitionsWithSpec (batchId=223)
org.apache.hadoop.hive.metastore.TestSetUGIOnBothClientServer.testGetPartitionsWithSpec (batchId=220)
org.apache.hadoop.hive.metastore.TestSetUGIOnOnlyClient.testGetPartitionsWithSpec (batchId=218)
org.apache.hadoop.hive.metastore.TestSetUGIOnOnlyServer.testGetPartitionsWithSpec (batchId=228)
{noformat}

Test results: https://builds.apache.org/job/PreCommit-HIVE-Build/13533/testReport
Console output: https://builds.apache.org/job/PreCommit-HIVE-Build/13533/console
Test logs: http://104.198.109.242/logs/PreCommit-HIVE-Build-13533/

Messages:
{noformat}
Executing org.apache.hive.ptest.execution.TestCheckPhase
Executing org.apache.hive.ptest.execution.PrepPhase
Executing org.apache.hive.ptest.execution.YetusPhase
Executing org.apache.hive.ptest.execution.ExecutionPhase
Executing org.apache.hive.ptest.execution.ReportingPhase
Tests exited with: TestsFailedException: 14 tests failed
{noformat}

This message is automatically generated.

ATTACHMENT ID: 12937868 - PreCommit-HIVE-Build

| (x) *{color:red}-1 overall{color}* |
\\
\\
|| Vote || Subsystem || Runtime || Comment ||
|| || || || {color:brown} Prechecks {color} ||
| {color:green}+1{color} | {color:green} @author {color} | {color:green}  0m  0s{color} | {color:green} The patch does not contain any @author tags. {color} |
|| || || || {color:brown} master Compile Tests {color} ||
| {color:blue}0{color} | {color:blue} mvndep {color} | {color:blue}  0m 25s{color} | {color:blue} Maven dependency ordering for branch {color} |
| {color:green}+1{color} | {color:green} mvninstall {color} | {color:green}  8m 29s{color} | {color:green} master passed {color} |
| {color:green}+1{color} | {color:green} compile {color} | {color:green}  1m 19s{color} | {color:green} master passed {color} |
| {color:green}+1{color} | {color:green} checkstyle {color} | {color:green}  0m 27s{color} | {color:green} master passed {color} |
| {color:blue}0{color} | {color:blue} findbugs {color} | {color:blue}  2m 30s{color} | {color:blue} standalone-metastore/metastore-common in master has 9 extant Findbugs warnings. {color} |
| {color:red}-1{color} | {color:red} findbugs {color} | {color:red}  0m 15s{color} | {color:red} metastore-server in master failed. {color} |
| {color:green}+1{color} | {color:green} javadoc {color} | {color:green}  1m 28s{color} | {color:green} master passed {color} |
|| || || || {color:brown} Patch Compile Tests {color} ||
| {color:blue}0{color} | {color:blue} mvndep {color} | {color:blue}  0m 10s{color} | {color:blue} Maven dependency ordering for patch {color} |
| {color:red}-1{color} | {color:red} mvninstall {color} | {color:red}  0m 21s{color} | {color:red} hcatalog-unit in the patch failed. {color} |
| {color:green}+1{color} | {color:green} compile {color} | {color:green}  1m 21s{color} | {color:green} the patch passed {color} |
| {color:green}+1{color} | {color:green} javac {color} | {color:green}  1m 21s{color} | {color:green} the patch passed {color} |
| {color:green}+1{color} | {color:green} checkstyle {color} | {color:green}  0m 27s{color} | {color:green} the patch passed {color} |
| {color:red}-1{color} | {color:red} whitespace {color} | {color:red}  0m  0s{color} | {color:red} The patch has 53 line(s) that end in whitespace. Use git apply --whitespace=fix <<patch_file>>. Refer https://git-scm.com/docs/git-apply {color} |
| {color:red}-1{color} | {color:red} whitespace {color} | {color:red}  0m  1s{color} | {color:red} The patch 1 line(s) with tabs. {color} |
| {color:red}-1{color} | {color:red} findbugs {color} | {color:red}  0m 14s{color} | {color:red} metastore-server in the patch failed. {color} |
| {color:red}-1{color} | {color:red} javadoc {color} | {color:red}  0m 21s{color} | {color:red} standalone-metastore_metastore-server generated 1 new + 61 unchanged - 0 fixed = 62 total (was 61) {color} |
|| || || || {color:brown} Other Tests {color} ||
| {color:green}+1{color} | {color:green} asflicense {color} | {color:green}  0m 14s{color} | {color:green} The patch does not generate ASF License warnings. {color} |
| {color:black}{color} | {color:black} {color} | {color:black} 23m 36s{color} | {color:black} {color} |
\\
\\
|| Subsystem || Report/Notes ||
| Optional Tests |  asflicense  javac  javadoc  findbugs  checkstyle  compile  |
| uname | Linux hiveptest-server-upstream 3.16.0-4-amd64 #1 SMP Debian 3.16.36-1+deb8u1 (2016-09-03) x86_64 GNU/Linux |
| Build tool | maven |
| Personality | /data/hiveptest/working/yetus_PreCommit-HIVE-Build-13557/dev-support/hive-personality.sh |
| git revision | master / 57f40f7 |
| Default Java | 1.8.0_111 |
| findbugs | v3.0.0 |
| findbugs | http://104.198.109.242/logs//PreCommit-HIVE-Build-13557/yetus/branch-findbugs-standalone-metastore_metastore-server.txt |
| mvninstall | http://104.198.109.242/logs//PreCommit-HIVE-Build-13557/yetus/patch-mvninstall-itests_hcatalog-unit.txt |
| whitespace | http://104.198.109.242/logs//PreCommit-HIVE-Build-13557/yetus/whitespace-eol.txt |
| whitespace | http://104.198.109.242/logs//PreCommit-HIVE-Build-13557/yetus/whitespace-tabs.txt |
| findbugs | http://104.198.109.242/logs//PreCommit-HIVE-Build-13557/yetus/patch-findbugs-standalone-metastore_metastore-server.txt |
| javadoc | http://104.198.109.242/logs//PreCommit-HIVE-Build-13557/yetus/diff-javadoc-javadoc-standalone-metastore_metastore-server.txt |
| modules | C: standalone-metastore/metastore-common itests/hcatalog-unit standalone-metastore/metastore-server U: . |
| Console output | http://104.198.109.242/logs//PreCommit-HIVE-Build-13557/yetus.txt |
| Powered by | Apache Yetus    http://yetus.apache.org |


This message was automatically generated.





Here are the results of testing the latest attachment:
https://issues.apache.org/jira/secure/attachment/12938052/HIVE-20306.11.patch

{color:green}SUCCESS:{color} +1 due to 3 test(s) being added or modified.

{color:red}ERROR:{color} -1 due to 19 failed/errored test(s), 14942 tests executed
*Failed tests:*
{noformat}
org.apache.hadoop.hive.cli.TestMiniDruidCliDriver.testCliDriver[druid_timestamptz2] (batchId=192)
org.apache.hadoop.hive.cli.TestMiniDruidCliDriver.testCliDriver[druidmini_extractTime] (batchId=192)
org.apache.hadoop.hive.cli.TestMiniDruidCliDriver.testCliDriver[druidmini_floorTime] (batchId=192)
org.apache.hadoop.hive.cli.TestMiniDruidCliDriver.testCliDriver[druidmini_mv] (batchId=192)
org.apache.hadoop.hive.cli.TestMiniDruidCliDriver.testCliDriver[druidmini_test_ts] (batchId=192)
org.apache.hadoop.hive.llap.security.TestLlapSignerImpl.testSigning (batchId=324)
org.apache.hadoop.hive.metastore.TestEmbeddedHiveMetaStore.testGetPartitionsWithSpec (batchId=222)
org.apache.hadoop.hive.metastore.TestGetPartitionsUsingProjection.testGetPartitions (batchId=221)
org.apache.hadoop.hive.metastore.TestGetPartitionsUsingProjection.testInvalidProjectFieldNames (batchId=221)
org.apache.hadoop.hive.metastore.TestGetPartitionsUsingProjection.testInvalidProjectFieldNames2 (batchId=221)
org.apache.hadoop.hive.metastore.TestGetPartitionsUsingProjection.testNonStandardPartitions (batchId=221)
org.apache.hadoop.hive.metastore.TestGetPartitionsUsingProjection.testPartitionProjectionAllSingleValuedFields (batchId=221)
org.apache.hadoop.hive.metastore.TestGetPartitionsUsingProjection.testPartitionProjectionEmptySpec (batchId=221)
org.apache.hadoop.hive.metastore.TestGetPartitionsUsingProjection.testProjectionUsingJDO (batchId=221)
org.apache.hadoop.hive.metastore.TestHiveMetaStorePartitionSpecs.testFetchingPartitionsWithDifferentSchemas (batchId=221)
org.apache.hadoop.hive.metastore.TestRemoteHiveMetaStore.testGetPartitionsWithSpec (batchId=223)
org.apache.hadoop.hive.metastore.TestSetUGIOnBothClientServer.testGetPartitionsWithSpec (batchId=220)
org.apache.hadoop.hive.metastore.TestSetUGIOnOnlyClient.testGetPartitionsWithSpec (batchId=218)
org.apache.hadoop.hive.metastore.TestSetUGIOnOnlyServer.testGetPartitionsWithSpec (batchId=228)
{noformat}

Test results: https://builds.apache.org/job/PreCommit-HIVE-Build/13557/testReport
Console output: https://builds.apache.org/job/PreCommit-HIVE-Build/13557/console
Test logs: http://104.198.109.242/logs/PreCommit-HIVE-Build-13557/

Messages:
{noformat}
Executing org.apache.hive.ptest.execution.TestCheckPhase
Executing org.apache.hive.ptest.execution.PrepPhase
Executing org.apache.hive.ptest.execution.YetusPhase
Executing org.apache.hive.ptest.execution.ExecutionPhase
Executing org.apache.hive.ptest.execution.ReportingPhase
Tests exited with: TestsFailedException: 19 tests failed
{noformat}

This message is automatically generated.

ATTACHMENT ID: 12938052 - PreCommit-HIVE-Build

| (x) *{color:red}-1 overall{color}* |
\\
\\
|| Vote || Subsystem || Runtime || Comment ||
|| || || || {color:brown} Prechecks {color} ||
| {color:green}+1{color} | {color:green} @author {color} | {color:green}  0m  0s{color} | {color:green} The patch does not contain any @author tags. {color} |
|| || || || {color:brown} master Compile Tests {color} ||
| {color:blue}0{color} | {color:blue} mvndep {color} | {color:blue}  0m 48s{color} | {color:blue} Maven dependency ordering for branch {color} |
| {color:green}+1{color} | {color:green} mvninstall {color} | {color:green}  7m 28s{color} | {color:green} master passed {color} |
| {color:green}+1{color} | {color:green} compile {color} | {color:green}  1m 20s{color} | {color:green} master passed {color} |
| {color:green}+1{color} | {color:green} checkstyle {color} | {color:green}  0m 26s{color} | {color:green} master passed {color} |
| {color:blue}0{color} | {color:blue} findbugs {color} | {color:blue}  2m 31s{color} | {color:blue} standalone-metastore/metastore-common in master has 9 extant Findbugs warnings. {color} |
| {color:red}-1{color} | {color:red} findbugs {color} | {color:red}  0m 14s{color} | {color:red} metastore-server in master failed. {color} |
| {color:green}+1{color} | {color:green} javadoc {color} | {color:green}  1m 28s{color} | {color:green} master passed {color} |
|| || || || {color:brown} Patch Compile Tests {color} ||
| {color:blue}0{color} | {color:blue} mvndep {color} | {color:blue}  0m 10s{color} | {color:blue} Maven dependency ordering for patch {color} |
| {color:red}-1{color} | {color:red} mvninstall {color} | {color:red}  0m 22s{color} | {color:red} hcatalog-unit in the patch failed. {color} |
| {color:green}+1{color} | {color:green} compile {color} | {color:green}  1m 23s{color} | {color:green} the patch passed {color} |
| {color:green}+1{color} | {color:green} javac {color} | {color:green}  1m 23s{color} | {color:green} the patch passed {color} |
| {color:green}+1{color} | {color:green} checkstyle {color} | {color:green}  0m 27s{color} | {color:green} the patch passed {color} |
| {color:red}-1{color} | {color:red} whitespace {color} | {color:red}  0m  0s{color} | {color:red} The patch has 53 line(s) that end in whitespace. Use git apply --whitespace=fix <<patch_file>>. Refer https://git-scm.com/docs/git-apply {color} |
| {color:red}-1{color} | {color:red} whitespace {color} | {color:red}  0m  1s{color} | {color:red} The patch 1 line(s) with tabs. {color} |
| {color:red}-1{color} | {color:red} findbugs {color} | {color:red}  0m 15s{color} | {color:red} metastore-server in the patch failed. {color} |
| {color:red}-1{color} | {color:red} javadoc {color} | {color:red}  0m 23s{color} | {color:red} standalone-metastore_metastore-server generated 1 new + 61 unchanged - 0 fixed = 62 total (was 61) {color} |
|| || || || {color:brown} Other Tests {color} ||
| {color:green}+1{color} | {color:green} asflicense {color} | {color:green}  0m 13s{color} | {color:green} The patch does not generate ASF License warnings. {color} |
| {color:black}{color} | {color:black} {color} | {color:black} 23m 17s{color} | {color:black} {color} |
\\
\\
|| Subsystem || Report/Notes ||
| Optional Tests |  asflicense  javac  javadoc  findbugs  checkstyle  compile  |
| uname | Linux hiveptest-server-upstream 3.16.0-4-amd64 #1 SMP Debian 3.16.36-1+deb8u1 (2016-09-03) x86_64 GNU/Linux |
| Build tool | maven |
| Personality | /data/hiveptest/working/yetus_PreCommit-HIVE-Build-13591/dev-support/hive-personality.sh |
| git revision | master / 33fa62f |
| Default Java | 1.8.0_111 |
| findbugs | v3.0.0 |
| findbugs | http://104.198.109.242/logs//PreCommit-HIVE-Build-13591/yetus/branch-findbugs-standalone-metastore_metastore-server.txt |
| mvninstall | http://104.198.109.242/logs//PreCommit-HIVE-Build-13591/yetus/patch-mvninstall-itests_hcatalog-unit.txt |
| whitespace | http://104.198.109.242/logs//PreCommit-HIVE-Build-13591/yetus/whitespace-eol.txt |
| whitespace | http://104.198.109.242/logs//PreCommit-HIVE-Build-13591/yetus/whitespace-tabs.txt |
| findbugs | http://104.198.109.242/logs//PreCommit-HIVE-Build-13591/yetus/patch-findbugs-standalone-metastore_metastore-server.txt |
| javadoc | http://104.198.109.242/logs//PreCommit-HIVE-Build-13591/yetus/diff-javadoc-javadoc-standalone-metastore_metastore-server.txt |
| modules | C: standalone-metastore/metastore-common itests/hcatalog-unit standalone-metastore/metastore-server U: . |
| Console output | http://104.198.109.242/logs//PreCommit-HIVE-Build-13591/yetus.txt |
| Powered by | Apache Yetus    http://yetus.apache.org |


This message was automatically generated.





Here are the results of testing the latest attachment:
https://issues.apache.org/jira/secure/attachment/12938293/HIVE-20306.12.patch

{color:green}SUCCESS:{color} +1 due to 3 test(s) being added or modified.

{color:red}ERROR:{color} -1 due to 2 failed/errored test(s), 14947 tests executed
*Failed tests:*
{noformat}
org.apache.hadoop.hive.metastore.TestGetPartitionsUsingProjection.testInvalidProjectFieldNames (batchId=221)
org.apache.hadoop.hive.metastore.TestGetPartitionsUsingProjection.testInvalidProjectFieldNames2 (batchId=221)
{noformat}

Test results: https://builds.apache.org/job/PreCommit-HIVE-Build/13591/testReport
Console output: https://builds.apache.org/job/PreCommit-HIVE-Build/13591/console
Test logs: http://104.198.109.242/logs/PreCommit-HIVE-Build-13591/

Messages:
{noformat}
Executing org.apache.hive.ptest.execution.TestCheckPhase
Executing org.apache.hive.ptest.execution.PrepPhase
Executing org.apache.hive.ptest.execution.YetusPhase
Executing org.apache.hive.ptest.execution.ExecutionPhase
Executing org.apache.hive.ptest.execution.ReportingPhase
Tests exited with: TestsFailedException: 2 tests failed
{noformat}

This message is automatically generated.

ATTACHMENT ID: 12938293 - PreCommit-HIVE-Build

| (x) *{color:red}-1 overall{color}* |
\\
\\
|| Vote || Subsystem || Runtime || Comment ||
|| || || || {color:brown} Prechecks {color} ||
| {color:green}+1{color} | {color:green} @author {color} | {color:green}  0m  0s{color} | {color:green} The patch does not contain any @author tags. {color} |
|| || || || {color:brown} master Compile Tests {color} ||
| {color:blue}0{color} | {color:blue} mvndep {color} | {color:blue}  0m 27s{color} | {color:blue} Maven dependency ordering for branch {color} |
| {color:green}+1{color} | {color:green} mvninstall {color} | {color:green}  8m 11s{color} | {color:green} master passed {color} |
| {color:green}+1{color} | {color:green} compile {color} | {color:green}  1m 21s{color} | {color:green} master passed {color} |
| {color:green}+1{color} | {color:green} checkstyle {color} | {color:green}  0m 27s{color} | {color:green} master passed {color} |
| {color:blue}0{color} | {color:blue} findbugs {color} | {color:blue}  2m 30s{color} | {color:blue} standalone-metastore/metastore-common in master has 9 extant Findbugs warnings. {color} |
| {color:red}-1{color} | {color:red} findbugs {color} | {color:red}  0m 15s{color} | {color:red} metastore-server in master failed. {color} |
| {color:green}+1{color} | {color:green} javadoc {color} | {color:green}  1m 30s{color} | {color:green} master passed {color} |
|| || || || {color:brown} Patch Compile Tests {color} ||
| {color:blue}0{color} | {color:blue} mvndep {color} | {color:blue}  0m  9s{color} | {color:blue} Maven dependency ordering for patch {color} |
| {color:red}-1{color} | {color:red} mvninstall {color} | {color:red}  0m 21s{color} | {color:red} hcatalog-unit in the patch failed. {color} |
| {color:green}+1{color} | {color:green} compile {color} | {color:green}  1m 17s{color} | {color:green} the patch passed {color} |
| {color:green}+1{color} | {color:green} javac {color} | {color:green}  1m 17s{color} | {color:green} the patch passed {color} |
| {color:green}+1{color} | {color:green} checkstyle {color} | {color:green}  0m 29s{color} | {color:green} the patch passed {color} |
| {color:red}-1{color} | {color:red} whitespace {color} | {color:red}  0m  0s{color} | {color:red} The patch has 53 line(s) that end in whitespace. Use git apply --whitespace=fix <<patch_file>>. Refer https://git-scm.com/docs/git-apply {color} |
| {color:red}-1{color} | {color:red} whitespace {color} | {color:red}  0m  1s{color} | {color:red} The patch 1 line(s) with tabs. {color} |
| {color:red}-1{color} | {color:red} findbugs {color} | {color:red}  0m 15s{color} | {color:red} metastore-server in the patch failed. {color} |
| {color:red}-1{color} | {color:red} javadoc {color} | {color:red}  0m 21s{color} | {color:red} standalone-metastore_metastore-server generated 1 new + 61 unchanged - 0 fixed = 62 total (was 61) {color} |
|| || || || {color:brown} Other Tests {color} ||
| {color:green}+1{color} | {color:green} asflicense {color} | {color:green}  0m 15s{color} | {color:green} The patch does not generate ASF License warnings. {color} |
| {color:black}{color} | {color:black} {color} | {color:black} 23m 46s{color} | {color:black} {color} |
\\
\\
|| Subsystem || Report/Notes ||
| Optional Tests |  asflicense  javac  javadoc  findbugs  checkstyle  compile  |
| uname | Linux hiveptest-server-upstream 3.16.0-4-amd64 #1 SMP Debian 3.16.36-1+deb8u1 (2016-09-03) x86_64 GNU/Linux |
| Build tool | maven |
| Personality | /data/hiveptest/working/yetus_PreCommit-HIVE-Build-13599/dev-support/hive-personality.sh |
| git revision | master / 154ca3e |
| Default Java | 1.8.0_111 |
| findbugs | v3.0.0 |
| findbugs | http://104.198.109.242/logs//PreCommit-HIVE-Build-13599/yetus/branch-findbugs-standalone-metastore_metastore-server.txt |
| mvninstall | http://104.198.109.242/logs//PreCommit-HIVE-Build-13599/yetus/patch-mvninstall-itests_hcatalog-unit.txt |
| whitespace | http://104.198.109.242/logs//PreCommit-HIVE-Build-13599/yetus/whitespace-eol.txt |
| whitespace | http://104.198.109.242/logs//PreCommit-HIVE-Build-13599/yetus/whitespace-tabs.txt |
| findbugs | http://104.198.109.242/logs//PreCommit-HIVE-Build-13599/yetus/patch-findbugs-standalone-metastore_metastore-server.txt |
| javadoc | http://104.198.109.242/logs//PreCommit-HIVE-Build-13599/yetus/diff-javadoc-javadoc-standalone-metastore_metastore-server.txt |
| modules | C: standalone-metastore/metastore-common itests/hcatalog-unit standalone-metastore/metastore-server U: . |
| Console output | http://104.198.109.242/logs//PreCommit-HIVE-Build-13599/yetus.txt |
| Powered by | Apache Yetus    http://yetus.apache.org |


This message was automatically generated.





Here are the results of testing the latest attachment:
https://issues.apache.org/jira/secure/attachment/12938404/HIVE-20306.13.patch

{color:green}SUCCESS:{color} +1 due to 4 test(s) being added or modified.

{color:green}SUCCESS:{color} +1 due to 14957 tests passed

Test results: https://builds.apache.org/job/PreCommit-HIVE-Build/13599/testReport
Console output: https://builds.apache.org/job/PreCommit-HIVE-Build/13599/console
Test logs: http://104.198.109.242/logs/PreCommit-HIVE-Build-13599/

Messages:
{noformat}
Executing org.apache.hive.ptest.execution.TestCheckPhase
Executing org.apache.hive.ptest.execution.PrepPhase
Executing org.apache.hive.ptest.execution.YetusPhase
Executing org.apache.hive.ptest.execution.ExecutionPhase
Executing org.apache.hive.ptest.execution.ReportingPhase
{noformat}

This message is automatically generated.

ATTACHMENT ID: 12938404 - PreCommit-HIVE-Build

| (x) *{color:red}-1 overall{color}* |
\\
\\
|| Vote || Subsystem || Runtime || Comment ||
|| || || || {color:brown} Prechecks {color} ||
| {color:green}+1{color} | {color:green} @author {color} | {color:green}  0m  0s{color} | {color:green} The patch does not contain any @author tags. {color} |
|| || || || {color:brown} master Compile Tests {color} ||
| {color:blue}0{color} | {color:blue} mvndep {color} | {color:blue}  0m 28s{color} | {color:blue} Maven dependency ordering for branch {color} |
| {color:green}+1{color} | {color:green} mvninstall {color} | {color:green}  8m  2s{color} | {color:green} master passed {color} |
| {color:green}+1{color} | {color:green} compile {color} | {color:green}  1m 21s{color} | {color:green} master passed {color} |
| {color:green}+1{color} | {color:green} checkstyle {color} | {color:green}  0m 27s{color} | {color:green} master passed {color} |
| {color:blue}0{color} | {color:blue} findbugs {color} | {color:blue}  2m 34s{color} | {color:blue} standalone-metastore/metastore-common in master has 9 extant Findbugs warnings. {color} |
| {color:red}-1{color} | {color:red} findbugs {color} | {color:red}  0m 17s{color} | {color:red} metastore-server in master failed. {color} |
| {color:green}+1{color} | {color:green} javadoc {color} | {color:green}  1m 30s{color} | {color:green} master passed {color} |
|| || || || {color:brown} Patch Compile Tests {color} ||
| {color:blue}0{color} | {color:blue} mvndep {color} | {color:blue}  0m 10s{color} | {color:blue} Maven dependency ordering for patch {color} |
| {color:red}-1{color} | {color:red} mvninstall {color} | {color:red}  0m 23s{color} | {color:red} hcatalog-unit in the patch failed. {color} |
| {color:green}+1{color} | {color:green} compile {color} | {color:green}  1m 20s{color} | {color:green} the patch passed {color} |
| {color:green}+1{color} | {color:green} javac {color} | {color:green}  1m 20s{color} | {color:green} the patch passed {color} |
| {color:green}+1{color} | {color:green} checkstyle {color} | {color:green}  0m 26s{color} | {color:green} the patch passed {color} |
| {color:red}-1{color} | {color:red} whitespace {color} | {color:red}  0m  0s{color} | {color:red} The patch has 53 line(s) that end in whitespace. Use git apply --whitespace=fix <<patch_file>>. Refer https://git-scm.com/docs/git-apply {color} |
| {color:red}-1{color} | {color:red} whitespace {color} | {color:red}  0m  1s{color} | {color:red} The patch 1 line(s) with tabs. {color} |
| {color:red}-1{color} | {color:red} findbugs {color} | {color:red}  0m 14s{color} | {color:red} metastore-server in the patch failed. {color} |
| {color:red}-1{color} | {color:red} javadoc {color} | {color:red}  0m 20s{color} | {color:red} standalone-metastore_metastore-server generated 1 new + 61 unchanged - 0 fixed = 62 total (was 61) {color} |
|| || || || {color:brown} Other Tests {color} ||
| {color:green}+1{color} | {color:green} asflicense {color} | {color:green}  0m 14s{color} | {color:green} The patch does not generate ASF License warnings. {color} |
| {color:black}{color} | {color:black} {color} | {color:black} 23m 36s{color} | {color:black} {color} |
\\
\\
|| Subsystem || Report/Notes ||
| Optional Tests |  asflicense  javac  javadoc  findbugs  checkstyle  compile  |
| uname | Linux hiveptest-server-upstream 3.16.0-4-amd64 #1 SMP Debian 3.16.36-1+deb8u1 (2016-09-03) x86_64 GNU/Linux |
| Build tool | maven |
| Personality | /data/hiveptest/working/yetus_PreCommit-HIVE-Build-13616/dev-support/hive-personality.sh |
| git revision | master / 50d5bbb |
| Default Java | 1.8.0_111 |
| findbugs | v3.0.0 |
| findbugs | http://104.198.109.242/logs//PreCommit-HIVE-Build-13616/yetus/branch-findbugs-standalone-metastore_metastore-server.txt |
| mvninstall | http://104.198.109.242/logs//PreCommit-HIVE-Build-13616/yetus/patch-mvninstall-itests_hcatalog-unit.txt |
| whitespace | http://104.198.109.242/logs//PreCommit-HIVE-Build-13616/yetus/whitespace-eol.txt |
| whitespace | http://104.198.109.242/logs//PreCommit-HIVE-Build-13616/yetus/whitespace-tabs.txt |
| findbugs | http://104.198.109.242/logs//PreCommit-HIVE-Build-13616/yetus/patch-findbugs-standalone-metastore_metastore-server.txt |
| javadoc | http://104.198.109.242/logs//PreCommit-HIVE-Build-13616/yetus/diff-javadoc-javadoc-standalone-metastore_metastore-server.txt |
| modules | C: standalone-metastore/metastore-common itests/hcatalog-unit standalone-metastore/metastore-server U: . |
| Console output | http://104.198.109.242/logs//PreCommit-HIVE-Build-13616/yetus.txt |
| Powered by | Apache Yetus    http://yetus.apache.org |


This message was automatically generated.





Here are the results of testing the latest attachment:
https://issues.apache.org/jira/secure/attachment/12938561/HIVE-20306.14.patch

{color:green}SUCCESS:{color} +1 due to 4 test(s) being added or modified.

{color:red}ERROR:{color} -1 due to 2 failed/errored test(s), 14961 tests executed
*Failed tests:*
{noformat}
org.apache.hadoop.hive.cli.TestCliDriver.testCliDriver[allcolref_in_udf] (batchId=56)
org.apache.hadoop.hive.ql.TestTxnCommandsForOrcMmTable.testOperationsOnCompletedTxnComponentsForMmTable (batchId=297)
{noformat}

Test results: https://builds.apache.org/job/PreCommit-HIVE-Build/13616/testReport
Console output: https://builds.apache.org/job/PreCommit-HIVE-Build/13616/console
Test logs: http://104.198.109.242/logs/PreCommit-HIVE-Build-13616/

Messages:
{noformat}
Executing org.apache.hive.ptest.execution.TestCheckPhase
Executing org.apache.hive.ptest.execution.PrepPhase
Executing org.apache.hive.ptest.execution.YetusPhase
Executing org.apache.hive.ptest.execution.ExecutionPhase
Executing org.apache.hive.ptest.execution.ReportingPhase
Tests exited with: TestsFailedException: 2 tests failed
{noformat}

This message is automatically generated.

ATTACHMENT ID: 12938561 - PreCommit-HIVE-Build

| (x) *{color:red}-1 overall{color}* |
\\
\\
|| Vote || Subsystem || Runtime || Comment ||
|| || || || {color:brown} Prechecks {color} ||
| {color:green}+1{color} | {color:green} @author {color} | {color:green}  0m  0s{color} | {color:green} The patch does not contain any @author tags. {color} |
|| || || || {color:brown} master Compile Tests {color} ||
| {color:blue}0{color} | {color:blue} mvndep {color} | {color:blue}  0m 32s{color} | {color:blue} Maven dependency ordering for branch {color} |
| {color:green}+1{color} | {color:green} mvninstall {color} | {color:green}  7m 57s{color} | {color:green} master passed {color} |
| {color:green}+1{color} | {color:green} compile {color} | {color:green}  1m 19s{color} | {color:green} master passed {color} |
| {color:green}+1{color} | {color:green} checkstyle {color} | {color:green}  0m 26s{color} | {color:green} master passed {color} |
| {color:blue}0{color} | {color:blue} findbugs {color} | {color:blue}  2m 26s{color} | {color:blue} standalone-metastore/metastore-common in master has 9 extant Findbugs warnings. {color} |
| {color:red}-1{color} | {color:red} findbugs {color} | {color:red}  0m 14s{color} | {color:red} metastore-server in master failed. {color} |
| {color:green}+1{color} | {color:green} javadoc {color} | {color:green}  1m 21s{color} | {color:green} master passed {color} |
|| || || || {color:brown} Patch Compile Tests {color} ||
| {color:blue}0{color} | {color:blue} mvndep {color} | {color:blue}  0m 10s{color} | {color:blue} Maven dependency ordering for patch {color} |
| {color:red}-1{color} | {color:red} mvninstall {color} | {color:red}  0m 21s{color} | {color:red} hcatalog-unit in the patch failed. {color} |
| {color:green}+1{color} | {color:green} compile {color} | {color:green}  1m 17s{color} | {color:green} the patch passed {color} |
| {color:green}+1{color} | {color:green} javac {color} | {color:green}  1m 17s{color} | {color:green} the patch passed {color} |
| {color:green}+1{color} | {color:green} checkstyle {color} | {color:green}  0m 27s{color} | {color:green} the patch passed {color} |
| {color:red}-1{color} | {color:red} whitespace {color} | {color:red}  0m  0s{color} | {color:red} The patch has 53 line(s) that end in whitespace. Use git apply --whitespace=fix <<patch_file>>. Refer https://git-scm.com/docs/git-apply {color} |
| {color:red}-1{color} | {color:red} whitespace {color} | {color:red}  0m  1s{color} | {color:red} The patch 1 line(s) with tabs. {color} |
| {color:red}-1{color} | {color:red} findbugs {color} | {color:red}  0m 13s{color} | {color:red} metastore-server in the patch failed. {color} |
| {color:green}+1{color} | {color:green} javadoc {color} | {color:green}  1m 23s{color} | {color:green} the patch passed {color} |
|| || || || {color:brown} Other Tests {color} ||
| {color:green}+1{color} | {color:green} asflicense {color} | {color:green}  0m 14s{color} | {color:green} The patch does not generate ASF License warnings. {color} |
| {color:black}{color} | {color:black} {color} | {color:black} 23m 10s{color} | {color:black} {color} |
\\
\\
|| Subsystem || Report/Notes ||
| Optional Tests |  asflicense  javac  javadoc  findbugs  checkstyle  compile  |
| uname | Linux hiveptest-server-upstream 3.16.0-4-amd64 #1 SMP Debian 3.16.36-1+deb8u1 (2016-09-03) x86_64 GNU/Linux |
| Build tool | maven |
| Personality | /data/hiveptest/working/yetus_PreCommit-HIVE-Build-13736/dev-support/hive-personality.sh |
| git revision | master / f18842e |
| Default Java | 1.8.0_111 |
| findbugs | v3.0.0 |
| findbugs | http://104.198.109.242/logs//PreCommit-HIVE-Build-13736/yetus/branch-findbugs-standalone-metastore_metastore-server.txt |
| mvninstall | http://104.198.109.242/logs//PreCommit-HIVE-Build-13736/yetus/patch-mvninstall-itests_hcatalog-unit.txt |
| whitespace | http://104.198.109.242/logs//PreCommit-HIVE-Build-13736/yetus/whitespace-eol.txt |
| whitespace | http://104.198.109.242/logs//PreCommit-HIVE-Build-13736/yetus/whitespace-tabs.txt |
| findbugs | http://104.198.109.242/logs//PreCommit-HIVE-Build-13736/yetus/patch-findbugs-standalone-metastore_metastore-server.txt |
| modules | C: standalone-metastore/metastore-common itests/hcatalog-unit standalone-metastore/metastore-server U: . |
| Console output | http://104.198.109.242/logs//PreCommit-HIVE-Build-13736/yetus.txt |
| Powered by | Apache Yetus    http://yetus.apache.org |


This message was automatically generated.





Here are the results of testing the latest attachment:
https://issues.apache.org/jira/secure/attachment/12939317/HIVE-20306.15.patch

{color:green}SUCCESS:{color} +1 due to 4 test(s) being added or modified.

{color:red}ERROR:{color} -1 due to 11 failed/errored test(s), 14968 tests executed
*Failed tests:*
{noformat}
org.apache.hadoop.hive.cli.TestMiniDruidCliDriver.testCliDriver[druid_timestamptz2] (batchId=192)
org.apache.hadoop.hive.cli.TestMiniDruidCliDriver.testCliDriver[druidmini_dynamic_partition] (batchId=193)
org.apache.hadoop.hive.cli.TestMiniDruidCliDriver.testCliDriver[druidmini_expressions] (batchId=193)
org.apache.hadoop.hive.cli.TestMiniDruidCliDriver.testCliDriver[druidmini_extractTime] (batchId=192)
org.apache.hadoop.hive.cli.TestMiniDruidCliDriver.testCliDriver[druidmini_floorTime] (batchId=192)
org.apache.hadoop.hive.cli.TestMiniDruidCliDriver.testCliDriver[druidmini_mv] (batchId=192)
org.apache.hadoop.hive.cli.TestMiniDruidCliDriver.testCliDriver[druidmini_test1] (batchId=193)
org.apache.hadoop.hive.cli.TestMiniDruidCliDriver.testCliDriver[druidmini_test_alter] (batchId=193)
org.apache.hadoop.hive.cli.TestMiniDruidCliDriver.testCliDriver[druidmini_test_insert] (batchId=193)
org.apache.hadoop.hive.cli.TestMiniDruidCliDriver.testCliDriver[druidmini_test_ts] (batchId=192)
org.apache.hive.jdbc.TestJdbcWithMiniLlapArrow.testKillQuery (batchId=251)
{noformat}

Test results: https://builds.apache.org/job/PreCommit-HIVE-Build/13736/testReport
Console output: https://builds.apache.org/job/PreCommit-HIVE-Build/13736/console
Test logs: http://104.198.109.242/logs/PreCommit-HIVE-Build-13736/

Messages:
{noformat}
Executing org.apache.hive.ptest.execution.TestCheckPhase
Executing org.apache.hive.ptest.execution.PrepPhase
Executing org.apache.hive.ptest.execution.YetusPhase
Executing org.apache.hive.ptest.execution.ExecutionPhase
Executing org.apache.hive.ptest.execution.ReportingPhase
Tests exited with: TestsFailedException: 11 tests failed
{noformat}

This message is automatically generated.

ATTACHMENT ID: 12939317 - PreCommit-HIVE-Build

[~akolb] Can you summarize your additional change on top of Vihang's original change or upload the patch on Vihang's RB? I reviewed Vihang's patch and want to see the difference. Thanks.

[~aihuaxu] Here is a summary of my changes:
 # I changed Thrift definition to move \{catalog, dbName, tableName}from spec sytucture to request structure

 # Updated RawStore API to avoid exposing directSQL parameters at the API level - it is now strictly internal business of ObjectSTore
 # Added extra unit tests
 # Modified equals() method for the new key class used in multimap - previous equals() was using hashCode for equality.

Patch 16 merged with 
{code:java}
* commit 5eaf0ddf98d9320a54916962e1f04c83f3f6f13e (origin/master, origin/HEAD, master)
| Author: Eugene Koifman <ekoifman@apache.org>
| Date: Fri Sep 14 11:29:21 2018 -0700
| 
| HIVE-20553: more acid stats tests (Eugene Koifman, reviewed by Sergey Shelukhin)
| 
{code}

| (x) *{color:red}-1 overall{color}* |
\\
\\
|| Vote || Subsystem || Runtime || Comment ||
|| || || || {color:brown} Prechecks {color} ||
| {color:green}+1{color} | {color:green} @author {color} | {color:green}  0m  0s{color} | {color:green} The patch does not contain any @author tags. {color} |
|| || || || {color:brown} master Compile Tests {color} ||
| {color:blue}0{color} | {color:blue} mvndep {color} | {color:blue}  0m 30s{color} | {color:blue} Maven dependency ordering for branch {color} |
| {color:green}+1{color} | {color:green} mvninstall {color} | {color:green}  8m  5s{color} | {color:green} master passed {color} |
| {color:green}+1{color} | {color:green} compile {color} | {color:green}  1m 18s{color} | {color:green} master passed {color} |
| {color:green}+1{color} | {color:green} checkstyle {color} | {color:green}  0m 27s{color} | {color:green} master passed {color} |
| {color:blue}0{color} | {color:blue} findbugs {color} | {color:blue}  2m 22s{color} | {color:blue} standalone-metastore/metastore-common in master has 28 extant Findbugs warnings. {color} |
| {color:red}-1{color} | {color:red} findbugs {color} | {color:red}  0m 14s{color} | {color:red} metastore-server in master failed. {color} |
| {color:green}+1{color} | {color:green} javadoc {color} | {color:green}  1m 23s{color} | {color:green} master passed {color} |
|| || || || {color:brown} Patch Compile Tests {color} ||
| {color:blue}0{color} | {color:blue} mvndep {color} | {color:blue}  0m 11s{color} | {color:blue} Maven dependency ordering for patch {color} |
| {color:red}-1{color} | {color:red} mvninstall {color} | {color:red}  0m 20s{color} | {color:red} hcatalog-unit in the patch failed. {color} |
| {color:green}+1{color} | {color:green} compile {color} | {color:green}  1m 17s{color} | {color:green} the patch passed {color} |
| {color:green}+1{color} | {color:green} javac {color} | {color:green}  1m 17s{color} | {color:green} the patch passed {color} |
| {color:green}+1{color} | {color:green} checkstyle {color} | {color:green}  0m 25s{color} | {color:green} the patch passed {color} |
| {color:red}-1{color} | {color:red} whitespace {color} | {color:red}  0m  0s{color} | {color:red} The patch has 53 line(s) that end in whitespace. Use git apply --whitespace=fix <<patch_file>>. Refer https://git-scm.com/docs/git-apply {color} |
| {color:red}-1{color} | {color:red} whitespace {color} | {color:red}  0m  1s{color} | {color:red} The patch 1 line(s) with tabs. {color} |
| {color:red}-1{color} | {color:red} findbugs {color} | {color:red}  0m 13s{color} | {color:red} metastore-server in the patch failed. {color} |
| {color:green}+1{color} | {color:green} javadoc {color} | {color:green}  1m 24s{color} | {color:green} the patch passed {color} |
|| || || || {color:brown} Other Tests {color} ||
| {color:green}+1{color} | {color:green} asflicense {color} | {color:green}  0m 14s{color} | {color:green} The patch does not generate ASF License warnings. {color} |
| {color:black}{color} | {color:black} {color} | {color:black} 23m 17s{color} | {color:black} {color} |
\\
\\
|| Subsystem || Report/Notes ||
| Optional Tests |  asflicense  javac  javadoc  findbugs  checkstyle  compile  |
| uname | Linux hiveptest-server-upstream 3.16.0-4-amd64 #1 SMP Debian 3.16.36-1+deb8u1 (2016-09-03) x86_64 GNU/Linux |
| Build tool | maven |
| Personality | /data/hiveptest/working/yetus_PreCommit-HIVE-Build-13813/dev-support/hive-personality.sh |
| git revision | master / 2c8e679 |
| Default Java | 1.8.0_111 |
| findbugs | v3.0.0 |
| findbugs | http://104.198.109.242/logs//PreCommit-HIVE-Build-13813/yetus/branch-findbugs-standalone-metastore_metastore-server.txt |
| mvninstall | http://104.198.109.242/logs//PreCommit-HIVE-Build-13813/yetus/patch-mvninstall-itests_hcatalog-unit.txt |
| whitespace | http://104.198.109.242/logs//PreCommit-HIVE-Build-13813/yetus/whitespace-eol.txt |
| whitespace | http://104.198.109.242/logs//PreCommit-HIVE-Build-13813/yetus/whitespace-tabs.txt |
| findbugs | http://104.198.109.242/logs//PreCommit-HIVE-Build-13813/yetus/patch-findbugs-standalone-metastore_metastore-server.txt |
| modules | C: standalone-metastore/metastore-common itests/hcatalog-unit standalone-metastore/metastore-server U: . |
| Console output | http://104.198.109.242/logs//PreCommit-HIVE-Build-13813/yetus.txt |
| Powered by | Apache Yetus    http://yetus.apache.org |


This message was automatically generated.





Here are the results of testing the latest attachment:
https://issues.apache.org/jira/secure/attachment/12939786/HIVE-20306.16.patch

{color:green}SUCCESS:{color} +1 due to 4 test(s) being added or modified.

{color:red}ERROR:{color} -1 due to 3 failed/errored test(s), 14973 tests executed
*Failed tests:*
{noformat}
org.apache.hadoop.hive.cli.TestMiniDruidKafkaCliDriver.testCliDriver[druidkafkamini_basic] (batchId=264)
org.apache.hive.jdbc.miniHS2.TestHs2ConnectionMetricsBinary.testOpenConnectionMetrics (batchId=255)
org.apache.hive.minikdc.TestJdbcWithMiniKdcSQLAuthBinary.testAuthorization1 (batchId=265)
{noformat}

Test results: https://builds.apache.org/job/PreCommit-HIVE-Build/13813/testReport
Console output: https://builds.apache.org/job/PreCommit-HIVE-Build/13813/console
Test logs: http://104.198.109.242/logs/PreCommit-HIVE-Build-13813/

Messages:
{noformat}
Executing org.apache.hive.ptest.execution.TestCheckPhase
Executing org.apache.hive.ptest.execution.PrepPhase
Executing org.apache.hive.ptest.execution.YetusPhase
Executing org.apache.hive.ptest.execution.ExecutionPhase
Executing org.apache.hive.ptest.execution.ReportingPhase
Tests exited with: TestsFailedException: 3 tests failed
{noformat}

This message is automatically generated.

ATTACHMENT ID: 12939786 - PreCommit-HIVE-Build

Thank you [~akolb] for taking the patch forward. The test failures are unrelated. Reattaching the patch which include's [~asherman]'s suggested changes.

+1 LGTM with small spelling fixes from RB

| (x) *{color:red}-1 overall{color}* |
\\
\\
|| Vote || Subsystem || Runtime || Comment ||
|| || || || {color:brown} Prechecks {color} ||
| {color:green}+1{color} | {color:green} @author {color} | {color:green}  0m  0s{color} | {color:green} The patch does not contain any @author tags. {color} |
|| || || || {color:brown} master Compile Tests {color} ||
| {color:blue}0{color} | {color:blue} mvndep {color} | {color:blue}  0m 41s{color} | {color:blue} Maven dependency ordering for branch {color} |
| {color:green}+1{color} | {color:green} mvninstall {color} | {color:green}  7m 19s{color} | {color:green} master passed {color} |
| {color:green}+1{color} | {color:green} compile {color} | {color:green}  1m 15s{color} | {color:green} master passed {color} |
| {color:green}+1{color} | {color:green} checkstyle {color} | {color:green}  0m 26s{color} | {color:green} master passed {color} |
| {color:blue}0{color} | {color:blue} findbugs {color} | {color:blue}  2m 19s{color} | {color:blue} standalone-metastore/metastore-common in master has 28 extant Findbugs warnings. {color} |
| {color:blue}0{color} | {color:blue} findbugs {color} | {color:blue}  1m  4s{color} | {color:blue} standalone-metastore/metastore-server in master has 182 extant Findbugs warnings. {color} |
| {color:green}+1{color} | {color:green} javadoc {color} | {color:green}  1m 21s{color} | {color:green} master passed {color} |
|| || || || {color:brown} Patch Compile Tests {color} ||
| {color:blue}0{color} | {color:blue} mvndep {color} | {color:blue}  0m 10s{color} | {color:blue} Maven dependency ordering for patch {color} |
| {color:red}-1{color} | {color:red} mvninstall {color} | {color:red}  0m 20s{color} | {color:red} hcatalog-unit in the patch failed. {color} |
| {color:green}+1{color} | {color:green} compile {color} | {color:green}  1m 14s{color} | {color:green} the patch passed {color} |
| {color:green}+1{color} | {color:green} javac {color} | {color:green}  1m 14s{color} | {color:green} the patch passed {color} |
| {color:green}+1{color} | {color:green} checkstyle {color} | {color:green}  0m 25s{color} | {color:green} the patch passed {color} |
| {color:red}-1{color} | {color:red} whitespace {color} | {color:red}  0m  0s{color} | {color:red} The patch has 53 line(s) that end in whitespace. Use git apply --whitespace=fix <<patch_file>>. Refer https://git-scm.com/docs/git-apply {color} |
| {color:red}-1{color} | {color:red} whitespace {color} | {color:red}  0m  1s{color} | {color:red} The patch 1 line(s) with tabs. {color} |
| {color:red}-1{color} | {color:red} findbugs {color} | {color:red}  1m 13s{color} | {color:red} standalone-metastore/metastore-server generated 7 new + 179 unchanged - 3 fixed = 186 total (was 182) {color} |
| {color:green}+1{color} | {color:green} javadoc {color} | {color:green}  1m 21s{color} | {color:green} the patch passed {color} |
|| || || || {color:brown} Other Tests {color} ||
| {color:green}+1{color} | {color:green} asflicense {color} | {color:green}  0m 13s{color} | {color:green} The patch does not generate ASF License warnings. {color} |
| {color:black}{color} | {color:black} {color} | {color:black} 23m 57s{color} | {color:black} {color} |
\\
\\
|| Reason || Tests ||
| FindBugs | module:standalone-metastore/metastore-server |
|  |  Dead store to filterSpec in org.apache.hadoop.hive.metastore.HiveMetaStore$HMSHandler.get_partitions_with_specs(GetPartitionsRequest)  At HiveMetaStore.java:org.apache.hadoop.hive.metastore.HiveMetaStore$HMSHandler.get_partitions_with_specs(GetPartitionsRequest)  At HiveMetaStore.java:[line 4681] |
|  |  Dead store to confLocation in new org.apache.hadoop.hive.metastore.MetaStoreDirectSql(PersistenceManager, Configuration, String)  At MetaStoreDirectSql.java:new org.apache.hadoop.hive.metastore.MetaStoreDirectSql(PersistenceManager, Configuration, String)  At MetaStoreDirectSql.java:[line 207] |
|  |  org.apache.hadoop.hive.metastore.MetastoreDirectSqlUtils.extractSqlBoolean(Object) has Boolean return type and returns explicit null  At MetastoreDirectSqlUtils.java:and returns explicit null  At MetastoreDirectSqlUtils.java:[line 514] |
|  |  org.apache.hadoop.hive.metastore.MetastoreDirectSqlUtils.executeWithArray(Query, Object[], String) concatenates strings using + in a loop  At MetastoreDirectSqlUtils.java:using + in a loop  At MetastoreDirectSqlUtils.java:[line 67] |
|  |  org.apache.hadoop.hive.metastore.ObjectStore$16.run(List) concatenates strings using + in a loop  At ObjectStore.java:in a loop  At ObjectStore.java:[line 8727] |
|  |  Boxed value is unboxed and then immediately reboxed in org.apache.hadoop.hive.metastore.PartitionProjectionEvaluator.setSingleValuedFields(List, TreeMap, TreeMap, TreeMap, TreeMap)  At PartitionProjectionEvaluator.java:then immediately reboxed in org.apache.hadoop.hive.metastore.PartitionProjectionEvaluator.setSingleValuedFields(List, TreeMap, TreeMap, TreeMap, TreeMap)  At PartitionProjectionEvaluator.java:[line 431] |
|  |  Nullcheck of partitionFields at line 876 of value previously dereferenced in org.apache.hadoop.hive.metastore.PartitionProjectionEvaluator.getMPartitionFieldNames(List)  At PartitionProjectionEvaluator.java:876 of value previously dereferenced in org.apache.hadoop.hive.metastore.PartitionProjectionEvaluator.getMPartitionFieldNames(List)  At PartitionProjectionEvaluator.java:[line 871] |
\\
\\
|| Subsystem || Report/Notes ||
| Optional Tests |  asflicense  javac  javadoc  findbugs  checkstyle  compile  |
| uname | Linux hiveptest-server-upstream 3.16.0-4-amd64 #1 SMP Debian 3.16.36-1+deb8u1 (2016-09-03) x86_64 GNU/Linux |
| Build tool | maven |
| Personality | /data/hiveptest/working/yetus_PreCommit-HIVE-Build-14204/dev-support/hive-personality.sh |
| git revision | master / a06a370 |
| Default Java | 1.8.0_111 |
| findbugs | v3.0.0 |
| mvninstall | http://104.198.109.242/logs//PreCommit-HIVE-Build-14204/yetus/patch-mvninstall-itests_hcatalog-unit.txt |
| whitespace | http://104.198.109.242/logs//PreCommit-HIVE-Build-14204/yetus/whitespace-eol.txt |
| whitespace | http://104.198.109.242/logs//PreCommit-HIVE-Build-14204/yetus/whitespace-tabs.txt |
| findbugs | http://104.198.109.242/logs//PreCommit-HIVE-Build-14204/yetus/new-findbugs-standalone-metastore_metastore-server.html |
| modules | C: standalone-metastore/metastore-common itests/hcatalog-unit standalone-metastore/metastore-server U: . |
| Console output | http://104.198.109.242/logs//PreCommit-HIVE-Build-14204/yetus.txt |
| Powered by | Apache Yetus    http://yetus.apache.org |


This message was automatically generated.





Here are the results of testing the latest attachment:
https://issues.apache.org/jira/secure/attachment/12942220/HIVE-20306.17.patch

{color:green}SUCCESS:{color} +1 due to 4 test(s) being added or modified.

{color:green}SUCCESS:{color} +1 due to 15043 tests passed

Test results: https://builds.apache.org/job/PreCommit-HIVE-Build/14204/testReport
Console output: https://builds.apache.org/job/PreCommit-HIVE-Build/14204/console
Test logs: http://104.198.109.242/logs/PreCommit-HIVE-Build-14204/

Messages:
{noformat}
Executing org.apache.hive.ptest.execution.TestCheckPhase
Executing org.apache.hive.ptest.execution.PrepPhase
Executing org.apache.hive.ptest.execution.YetusPhase
Executing org.apache.hive.ptest.execution.ExecutionPhase
Executing org.apache.hive.ptest.execution.ReportingPhase
{noformat}

This message is automatically generated.

ATTACHMENT ID: 12942220 - PreCommit-HIVE-Build



Here are the results of testing the latest attachment:
https://issues.apache.org/jira/secure/attachment/12942220/HIVE-20306.17.patch

{color:red}ERROR:{color} -1 due to build exiting with an error

Test results: https://builds.apache.org/job/PreCommit-HIVE-Build/14205/testReport
Console output: https://builds.apache.org/job/PreCommit-HIVE-Build/14205/console
Test logs: http://104.198.109.242/logs/PreCommit-HIVE-Build-14205/

Messages:
{noformat}
Executing org.apache.hive.ptest.execution.TestCheckPhase
Tests exited with: Exception: Patch URL https://issues.apache.org/jira/secure/attachment/12942220/HIVE-20306.17.patch was found in seen patch url's cache and a test was probably run already on it. Aborting...
{noformat}

This message is automatically generated.

ATTACHMENT ID: 12942220 - PreCommit-HIVE-Build

v18 patch fixes related issues found by findbugs

| (x) *{color:red}-1 overall{color}* |
\\
\\
|| Vote || Subsystem || Runtime || Comment ||
|| || || || {color:brown} Prechecks {color} ||
| {color:green}+1{color} | {color:green} @author {color} | {color:green}  0m  0s{color} | {color:green} The patch does not contain any @author tags. {color} |
|| || || || {color:brown} master Compile Tests {color} ||
| {color:blue}0{color} | {color:blue} mvndep {color} | {color:blue}  0m 30s{color} | {color:blue} Maven dependency ordering for branch {color} |
| {color:green}+1{color} | {color:green} mvninstall {color} | {color:green}  7m 29s{color} | {color:green} master passed {color} |
| {color:green}+1{color} | {color:green} compile {color} | {color:green}  1m 19s{color} | {color:green} master passed {color} |
| {color:green}+1{color} | {color:green} checkstyle {color} | {color:green}  0m 26s{color} | {color:green} master passed {color} |
| {color:blue}0{color} | {color:blue} findbugs {color} | {color:blue}  2m 28s{color} | {color:blue} standalone-metastore/metastore-common in master has 28 extant Findbugs warnings. {color} |
| {color:blue}0{color} | {color:blue} findbugs {color} | {color:blue}  1m  6s{color} | {color:blue} standalone-metastore/metastore-server in master has 182 extant Findbugs warnings. {color} |
| {color:green}+1{color} | {color:green} javadoc {color} | {color:green}  1m 25s{color} | {color:green} master passed {color} |
|| || || || {color:brown} Patch Compile Tests {color} ||
| {color:blue}0{color} | {color:blue} mvndep {color} | {color:blue}  0m 12s{color} | {color:blue} Maven dependency ordering for patch {color} |
| {color:red}-1{color} | {color:red} mvninstall {color} | {color:red}  0m 22s{color} | {color:red} hcatalog-unit in the patch failed. {color} |
| {color:green}+1{color} | {color:green} compile {color} | {color:green}  1m 13s{color} | {color:green} the patch passed {color} |
| {color:green}+1{color} | {color:green} javac {color} | {color:green}  1m 13s{color} | {color:green} the patch passed {color} |
| {color:green}+1{color} | {color:green} checkstyle {color} | {color:green}  0m 27s{color} | {color:green} the patch passed {color} |
| {color:red}-1{color} | {color:red} whitespace {color} | {color:red}  0m  0s{color} | {color:red} The patch has 53 line(s) that end in whitespace. Use git apply --whitespace=fix <<patch_file>>. Refer https://git-scm.com/docs/git-apply {color} |
| {color:red}-1{color} | {color:red} whitespace {color} | {color:red}  0m  1s{color} | {color:red} The patch 1 line(s) with tabs. {color} |
| {color:red}-1{color} | {color:red} findbugs {color} | {color:red}  1m 15s{color} | {color:red} standalone-metastore/metastore-server generated 2 new + 179 unchanged - 3 fixed = 181 total (was 182) {color} |
| {color:green}+1{color} | {color:green} javadoc {color} | {color:green}  1m 24s{color} | {color:green} the patch passed {color} |
|| || || || {color:brown} Other Tests {color} ||
| {color:green}+1{color} | {color:green} asflicense {color} | {color:green}  0m 13s{color} | {color:green} The patch does not generate ASF License warnings. {color} |
| {color:black}{color} | {color:black} {color} | {color:black} 24m 41s{color} | {color:black} {color} |
\\
\\
|| Reason || Tests ||
| FindBugs | module:standalone-metastore/metastore-server |
|  |  org.apache.hadoop.hive.metastore.MetastoreDirectSqlUtils.extractSqlBoolean(Object) has Boolean return type and returns explicit null  At MetastoreDirectSqlUtils.java:and returns explicit null  At MetastoreDirectSqlUtils.java:[line 514] |
|  |  org.apache.hadoop.hive.metastore.ObjectStore$16.run(List) concatenates strings using + in a loop  At ObjectStore.java:in a loop  At ObjectStore.java:[line 8727] |
\\
\\
|| Subsystem || Report/Notes ||
| Optional Tests |  asflicense  javac  javadoc  findbugs  checkstyle  compile  |
| uname | Linux hiveptest-server-upstream 3.16.0-4-amd64 #1 SMP Debian 3.16.36-1+deb8u1 (2016-09-03) x86_64 GNU/Linux |
| Build tool | maven |
| Personality | /data/hiveptest/working/yetus_PreCommit-HIVE-Build-14232/dev-support/hive-personality.sh |
| git revision | master / d0ed25e |
| Default Java | 1.8.0_111 |
| findbugs | v3.0.0 |
| mvninstall | http://104.198.109.242/logs//PreCommit-HIVE-Build-14232/yetus/patch-mvninstall-itests_hcatalog-unit.txt |
| whitespace | http://104.198.109.242/logs//PreCommit-HIVE-Build-14232/yetus/whitespace-eol.txt |
| whitespace | http://104.198.109.242/logs//PreCommit-HIVE-Build-14232/yetus/whitespace-tabs.txt |
| findbugs | http://104.198.109.242/logs//PreCommit-HIVE-Build-14232/yetus/new-findbugs-standalone-metastore_metastore-server.html |
| modules | C: standalone-metastore/metastore-common itests/hcatalog-unit standalone-metastore/metastore-server U: . |
| Console output | http://104.198.109.242/logs//PreCommit-HIVE-Build-14232/yetus.txt |
| Powered by | Apache Yetus    http://yetus.apache.org |


This message was automatically generated.





Here are the results of testing the latest attachment:
https://issues.apache.org/jira/secure/attachment/12942340/HIVE-20306.18.patch

{color:green}SUCCESS:{color} +1 due to 4 test(s) being added or modified.

{color:red}ERROR:{color} -1 due to 2 failed/errored test(s), 15046 tests executed
*Failed tests:*
{noformat}
org.apache.hadoop.hive.cli.TestCliDriver.testCliDriver[udaf_context_ngrams] (batchId=78)
org.apache.hadoop.hive.cli.TestCliDriver.testCliDriver[udaf_histogram_numeric] (batchId=14)
{noformat}

Test results: https://builds.apache.org/job/PreCommit-HIVE-Build/14232/testReport
Console output: https://builds.apache.org/job/PreCommit-HIVE-Build/14232/console
Test logs: http://104.198.109.242/logs/PreCommit-HIVE-Build-14232/

Messages:
{noformat}
Executing org.apache.hive.ptest.execution.TestCheckPhase
Executing org.apache.hive.ptest.execution.PrepPhase
Executing org.apache.hive.ptest.execution.YetusPhase
Executing org.apache.hive.ptest.execution.ExecutionPhase
Executing org.apache.hive.ptest.execution.ReportingPhase
Tests exited with: TestsFailedException: 2 tests failed
{noformat}

This message is automatically generated.

ATTACHMENT ID: 12942340 - PreCommit-HIVE-Build

The test failures are unrelated. They are working for me when I run with my patch.

v19 also renames {{GetPartitionsProjectSpec}} struct to {{GetPartitionsProjectionSpec}} which I think is a better name. No other code changes were involved.

| (x) *{color:red}-1 overall{color}* |
\\
\\
|| Vote || Subsystem || Runtime || Comment ||
|| || || || {color:brown} Prechecks {color} ||
| {color:green}+1{color} | {color:green} @author {color} | {color:green}  0m  0s{color} | {color:green} The patch does not contain any @author tags. {color} |
|| || || || {color:brown} master Compile Tests {color} ||
| {color:blue}0{color} | {color:blue} mvndep {color} | {color:blue}  0m 40s{color} | {color:blue} Maven dependency ordering for branch {color} |
| {color:green}+1{color} | {color:green} mvninstall {color} | {color:green}  7m 37s{color} | {color:green} master passed {color} |
| {color:green}+1{color} | {color:green} compile {color} | {color:green}  1m 14s{color} | {color:green} master passed {color} |
| {color:green}+1{color} | {color:green} checkstyle {color} | {color:green}  0m 26s{color} | {color:green} master passed {color} |
| {color:blue}0{color} | {color:blue} findbugs {color} | {color:blue}  2m 34s{color} | {color:blue} standalone-metastore/metastore-common in master has 28 extant Findbugs warnings. {color} |
| {color:blue}0{color} | {color:blue} findbugs {color} | {color:blue}  1m  7s{color} | {color:blue} standalone-metastore/metastore-server in master has 183 extant Findbugs warnings. {color} |
| {color:green}+1{color} | {color:green} javadoc {color} | {color:green}  1m 19s{color} | {color:green} master passed {color} |
|| || || || {color:brown} Patch Compile Tests {color} ||
| {color:blue}0{color} | {color:blue} mvndep {color} | {color:blue}  0m 12s{color} | {color:blue} Maven dependency ordering for patch {color} |
| {color:red}-1{color} | {color:red} mvninstall {color} | {color:red}  0m 22s{color} | {color:red} hcatalog-unit in the patch failed. {color} |
| {color:green}+1{color} | {color:green} compile {color} | {color:green}  1m 17s{color} | {color:green} the patch passed {color} |
| {color:green}+1{color} | {color:green} javac {color} | {color:green}  1m 17s{color} | {color:green} the patch passed {color} |
| {color:green}+1{color} | {color:green} checkstyle {color} | {color:green}  0m 26s{color} | {color:green} the patch passed {color} |
| {color:red}-1{color} | {color:red} whitespace {color} | {color:red}  0m  0s{color} | {color:red} The patch has 53 line(s) that end in whitespace. Use git apply --whitespace=fix <<patch_file>>. Refer https://git-scm.com/docs/git-apply {color} |
| {color:red}-1{color} | {color:red} whitespace {color} | {color:red}  0m  1s{color} | {color:red} The patch 1 line(s) with tabs. {color} |
| {color:red}-1{color} | {color:red} findbugs {color} | {color:red}  1m 13s{color} | {color:red} standalone-metastore/metastore-server generated 2 new + 180 unchanged - 3 fixed = 182 total (was 183) {color} |
| {color:green}+1{color} | {color:green} javadoc {color} | {color:green}  1m 21s{color} | {color:green} the patch passed {color} |
|| || || || {color:brown} Other Tests {color} ||
| {color:green}+1{color} | {color:green} asflicense {color} | {color:green}  0m 13s{color} | {color:green} The patch does not generate ASF License warnings. {color} |
| {color:black}{color} | {color:black} {color} | {color:black} 24m 55s{color} | {color:black} {color} |
\\
\\
|| Reason || Tests ||
| FindBugs | module:standalone-metastore/metastore-server |
|  |  org.apache.hadoop.hive.metastore.MetastoreDirectSqlUtils.extractSqlBoolean(Object) has Boolean return type and returns explicit null  At MetastoreDirectSqlUtils.java:and returns explicit null  At MetastoreDirectSqlUtils.java:[line 514] |
|  |  org.apache.hadoop.hive.metastore.ObjectStore$16.run(List) concatenates strings using + in a loop  At ObjectStore.java:in a loop  At ObjectStore.java:[line 8729] |
\\
\\
|| Subsystem || Report/Notes ||
| Optional Tests |  asflicense  javac  javadoc  findbugs  checkstyle  compile  |
| uname | Linux hiveptest-server-upstream 3.16.0-4-amd64 #1 SMP Debian 3.16.36-1+deb8u1 (2016-09-03) x86_64 GNU/Linux |
| Build tool | maven |
| Personality | /data/hiveptest/working/yetus_PreCommit-HIVE-Build-14249/dev-support/hive-personality.sh |
| git revision | master / f0434c5 |
| Default Java | 1.8.0_111 |
| findbugs | v3.0.0 |
| mvninstall | http://104.198.109.242/logs//PreCommit-HIVE-Build-14249/yetus/patch-mvninstall-itests_hcatalog-unit.txt |
| whitespace | http://104.198.109.242/logs//PreCommit-HIVE-Build-14249/yetus/whitespace-eol.txt |
| whitespace | http://104.198.109.242/logs//PreCommit-HIVE-Build-14249/yetus/whitespace-tabs.txt |
| findbugs | http://104.198.109.242/logs//PreCommit-HIVE-Build-14249/yetus/new-findbugs-standalone-metastore_metastore-server.html |
| modules | C: standalone-metastore/metastore-common itests/hcatalog-unit standalone-metastore/metastore-server U: . |
| Console output | http://104.198.109.242/logs//PreCommit-HIVE-Build-14249/yetus.txt |
| Powered by | Apache Yetus    http://yetus.apache.org |


This message was automatically generated.





Here are the results of testing the latest attachment:
https://issues.apache.org/jira/secure/attachment/12942475/HIVE-20306.19.patch

{color:green}SUCCESS:{color} +1 due to 4 test(s) being added or modified.

{color:red}ERROR:{color} -1 due to 2 failed/errored test(s), 15057 tests executed
*Failed tests:*
{noformat}
TestAutoPurgeTables - did not produce a TEST-*.xml file (likely timed out) (batchId=244)
TestLocationQueries - did not produce a TEST-*.xml file (likely timed out) (batchId=244)
{noformat}

Test results: https://builds.apache.org/job/PreCommit-HIVE-Build/14249/testReport
Console output: https://builds.apache.org/job/PreCommit-HIVE-Build/14249/console
Test logs: http://104.198.109.242/logs/PreCommit-HIVE-Build-14249/

Messages:
{noformat}
Executing org.apache.hive.ptest.execution.TestCheckPhase
Executing org.apache.hive.ptest.execution.PrepPhase
Executing org.apache.hive.ptest.execution.YetusPhase
Executing org.apache.hive.ptest.execution.ExecutionPhase
Executing org.apache.hive.ptest.execution.ReportingPhase
Tests exited with: TestsFailedException: 2 tests failed
{noformat}

This message is automatically generated.

ATTACHMENT ID: 12942475 - PreCommit-HIVE-Build



Here are the results of testing the latest attachment:
https://issues.apache.org/jira/secure/attachment/12942475/HIVE-20306.19.patch

{color:red}ERROR:{color} -1 due to build exiting with an error

Test results: https://builds.apache.org/job/PreCommit-HIVE-Build/14252/testReport
Console output: https://builds.apache.org/job/PreCommit-HIVE-Build/14252/console
Test logs: http://104.198.109.242/logs/PreCommit-HIVE-Build-14252/

Messages:
{noformat}
Executing org.apache.hive.ptest.execution.TestCheckPhase
Tests exited with: Exception: Patch URL https://issues.apache.org/jira/secure/attachment/12942475/HIVE-20306.19.patch was found in seen patch url's cache and a test was probably run already on it. Aborting...
{noformat}

This message is automatically generated.

ATTACHMENT ID: 12942475 - PreCommit-HIVE-Build

sigh .. are flaky tests back again? Resubmitting the patch again. 

Looks like replication tests are the culprit here. See below runtimes of these tests which cause the batch to timeout

TestReplicationScenarios	20 min
TestReplicationScenariosAcidTables	11 min
TestReplicationScenariosAcrossInstances	5 min 14 sec
TestReplicationScenariosIncrementalLoadAcidTables	20 min

| (x) *{color:red}-1 overall{color}* |
\\
\\
|| Vote || Subsystem || Runtime || Comment ||
|| || || || {color:brown} Prechecks {color} ||
| {color:green}+1{color} | {color:green} @author {color} | {color:green}  0m  0s{color} | {color:green} The patch does not contain any @author tags. {color} |
|| || || || {color:brown} master Compile Tests {color} ||
| {color:blue}0{color} | {color:blue} mvndep {color} | {color:blue}  0m 36s{color} | {color:blue} Maven dependency ordering for branch {color} |
| {color:green}+1{color} | {color:green} mvninstall {color} | {color:green}  7m 31s{color} | {color:green} master passed {color} |
| {color:green}+1{color} | {color:green} compile {color} | {color:green}  1m 16s{color} | {color:green} master passed {color} |
| {color:green}+1{color} | {color:green} checkstyle {color} | {color:green}  0m 24s{color} | {color:green} master passed {color} |
| {color:blue}0{color} | {color:blue} findbugs {color} | {color:blue}  2m 23s{color} | {color:blue} standalone-metastore/metastore-common in master has 28 extant Findbugs warnings. {color} |
| {color:blue}0{color} | {color:blue} findbugs {color} | {color:blue}  1m  4s{color} | {color:blue} standalone-metastore/metastore-server in master has 183 extant Findbugs warnings. {color} |
| {color:green}+1{color} | {color:green} javadoc {color} | {color:green}  1m 23s{color} | {color:green} master passed {color} |
|| || || || {color:brown} Patch Compile Tests {color} ||
| {color:blue}0{color} | {color:blue} mvndep {color} | {color:blue}  0m 11s{color} | {color:blue} Maven dependency ordering for patch {color} |
| {color:red}-1{color} | {color:red} mvninstall {color} | {color:red}  0m 20s{color} | {color:red} hcatalog-unit in the patch failed. {color} |
| {color:green}+1{color} | {color:green} compile {color} | {color:green}  1m 14s{color} | {color:green} the patch passed {color} |
| {color:green}+1{color} | {color:green} javac {color} | {color:green}  1m 14s{color} | {color:green} the patch passed {color} |
| {color:green}+1{color} | {color:green} checkstyle {color} | {color:green}  0m 25s{color} | {color:green} the patch passed {color} |
| {color:red}-1{color} | {color:red} whitespace {color} | {color:red}  0m  0s{color} | {color:red} The patch has 53 line(s) that end in whitespace. Use git apply --whitespace=fix <<patch_file>>. Refer https://git-scm.com/docs/git-apply {color} |
| {color:red}-1{color} | {color:red} whitespace {color} | {color:red}  0m  1s{color} | {color:red} The patch 1 line(s) with tabs. {color} |
| {color:red}-1{color} | {color:red} findbugs {color} | {color:red}  1m 11s{color} | {color:red} standalone-metastore/metastore-server generated 2 new + 180 unchanged - 3 fixed = 182 total (was 183) {color} |
| {color:green}+1{color} | {color:green} javadoc {color} | {color:green}  1m 23s{color} | {color:green} the patch passed {color} |
|| || || || {color:brown} Other Tests {color} ||
| {color:red}-1{color} | {color:red} asflicense {color} | {color:red}  0m 12s{color} | {color:red} The patch generated 1 ASF License warnings. {color} |
| {color:black}{color} | {color:black} {color} | {color:black} 24m 23s{color} | {color:black} {color} |
\\
\\
|| Reason || Tests ||
| FindBugs | module:standalone-metastore/metastore-server |
|  |  org.apache.hadoop.hive.metastore.MetastoreDirectSqlUtils.extractSqlBoolean(Object) has Boolean return type and returns explicit null  At MetastoreDirectSqlUtils.java:and returns explicit null  At MetastoreDirectSqlUtils.java:[line 514] |
|  |  org.apache.hadoop.hive.metastore.ObjectStore$16.run(List) concatenates strings using + in a loop  At ObjectStore.java:in a loop  At ObjectStore.java:[line 8738] |
\\
\\
|| Subsystem || Report/Notes ||
| Optional Tests |  asflicense  javac  javadoc  findbugs  checkstyle  compile  |
| uname | Linux hiveptest-server-upstream 3.16.0-4-amd64 #1 SMP Debian 3.16.36-1+deb8u1 (2016-09-03) x86_64 GNU/Linux |
| Build tool | maven |
| Personality | /data/hiveptest/working/yetus_PreCommit-HIVE-Build-14272/dev-support/hive-personality.sh |
| git revision | master / f122e25 |
| Default Java | 1.8.0_111 |
| findbugs | v3.0.0 |
| mvninstall | http://104.198.109.242/logs//PreCommit-HIVE-Build-14272/yetus/patch-mvninstall-itests_hcatalog-unit.txt |
| whitespace | http://104.198.109.242/logs//PreCommit-HIVE-Build-14272/yetus/whitespace-eol.txt |
| whitespace | http://104.198.109.242/logs//PreCommit-HIVE-Build-14272/yetus/whitespace-tabs.txt |
| findbugs | http://104.198.109.242/logs//PreCommit-HIVE-Build-14272/yetus/new-findbugs-standalone-metastore_metastore-server.html |
| asflicense | http://104.198.109.242/logs//PreCommit-HIVE-Build-14272/yetus/patch-asflicense-problems.txt |
| modules | C: standalone-metastore/metastore-common itests/hcatalog-unit standalone-metastore/metastore-server U: . |
| Console output | http://104.198.109.242/logs//PreCommit-HIVE-Build-14272/yetus.txt |
| Powered by | Apache Yetus    http://yetus.apache.org |


This message was automatically generated.





Here are the results of testing the latest attachment:
https://issues.apache.org/jira/secure/attachment/12942595/HIVE-20306.20.patch

{color:green}SUCCESS:{color} +1 due to 4 test(s) being added or modified.

{color:green}SUCCESS:{color} +1 due to 15060 tests passed

Test results: https://builds.apache.org/job/PreCommit-HIVE-Build/14272/testReport
Console output: https://builds.apache.org/job/PreCommit-HIVE-Build/14272/console
Test logs: http://104.198.109.242/logs/PreCommit-HIVE-Build-14272/

Messages:
{noformat}
Executing org.apache.hive.ptest.execution.TestCheckPhase
Executing org.apache.hive.ptest.execution.PrepPhase
Executing org.apache.hive.ptest.execution.YetusPhase
Executing org.apache.hive.ptest.execution.ExecutionPhase
Executing org.apache.hive.ptest.execution.ReportingPhase
{noformat}

This message is automatically generated.

ATTACHMENT ID: 12942595 - PreCommit-HIVE-Build

Patch merged into master. Thanks [~aihuaxu] [~asherman] [~akolb] for the reviews

