patch set 01 uploaded
explain plans show that nvl is aliased to coalesce, which is fine
negative test shows an error message regarding coalesce, when user is using NVL, it's could be a little confusing, however I don't think it's an issue, because the error message tells the error correctly
cc: [~kgyrtkirk]

| (/) *{color:green}+1 overall{color}* |
\\
\\
|| Vote || Subsystem || Runtime || Comment ||
|| || || || {color:brown} Prechecks {color} ||
| {color:green}+1{color} | {color:green} @author {color} | {color:green}  0m  0s{color} | {color:green} The patch does not contain any @author tags. {color} |
|| || || || {color:brown} master Compile Tests {color} ||
| {color:green}+1{color} | {color:green} mvninstall {color} | {color:green}  8m 11s{color} | {color:green} master passed {color} |
| {color:green}+1{color} | {color:green} compile {color} | {color:green}  1m  1s{color} | {color:green} master passed {color} |
| {color:green}+1{color} | {color:green} checkstyle {color} | {color:green}  0m 36s{color} | {color:green} master passed {color} |
| {color:blue}0{color} | {color:blue} findbugs {color} | {color:blue}  3m 46s{color} | {color:blue} ql in master has 2312 extant Findbugs warnings. {color} |
| {color:green}+1{color} | {color:green} javadoc {color} | {color:green}  0m 56s{color} | {color:green} master passed {color} |
|| || || || {color:brown} Patch Compile Tests {color} ||
| {color:green}+1{color} | {color:green} mvninstall {color} | {color:green}  1m 23s{color} | {color:green} the patch passed {color} |
| {color:green}+1{color} | {color:green} compile {color} | {color:green}  1m  0s{color} | {color:green} the patch passed {color} |
| {color:green}+1{color} | {color:green} javac {color} | {color:green}  1m  0s{color} | {color:green} the patch passed {color} |
| {color:green}+1{color} | {color:green} checkstyle {color} | {color:green}  0m 37s{color} | {color:green} the patch passed {color} |
| {color:green}+1{color} | {color:green} whitespace {color} | {color:green}  0m  0s{color} | {color:green} The patch has no whitespace issues. {color} |
| {color:green}+1{color} | {color:green} findbugs {color} | {color:green}  3m 55s{color} | {color:green} the patch passed {color} |
| {color:green}+1{color} | {color:green} javadoc {color} | {color:green}  0m 53s{color} | {color:green} the patch passed {color} |
|| || || || {color:brown} Other Tests {color} ||
| {color:green}+1{color} | {color:green} asflicense {color} | {color:green}  0m 12s{color} | {color:green} The patch does not generate ASF License warnings. {color} |
| {color:black}{color} | {color:black} {color} | {color:black} 22m 55s{color} | {color:black} {color} |
\\
\\
|| Subsystem || Report/Notes ||
| Optional Tests |  asflicense  javac  javadoc  findbugs  checkstyle  compile  |
| uname | Linux hiveptest-server-upstream 3.16.0-4-amd64 #1 SMP Debian 3.16.36-1+deb8u1 (2016-09-03) x86_64 GNU/Linux |
| Build tool | maven |
| Personality | /data/hiveptest/working/yetus_PreCommit-HIVE-Build-15159/dev-support/hive-personality.sh |
| git revision | master / 4117a8b |
| Default Java | 1.8.0_111 |
| findbugs | v3.0.0 |
| modules | C: ql U: ql |
| Console output | http://104.198.109.242/logs//PreCommit-HIVE-Build-15159/yetus.txt |
| Powered by | Apache Yetus    http://yetus.apache.org |


This message was automatically generated.





Here are the results of testing the latest attachment:
https://issues.apache.org/jira/secure/attachment/12950399/HIVE-20961.01.patch

{color:red}ERROR:{color} -1 due to no test(s) being added or modified.

{color:red}ERROR:{color} -1 due to 49 failed/errored test(s), 15646 tests executed
*Failed tests:*
{noformat}
org.apache.hadoop.hive.cli.TestMiniLlapLocalCliDriver.testCliDriver[partition_pruning] (batchId=182)
org.apache.hadoop.hive.cli.TestMiniLlapLocalCliDriver.testCliDriver[udf_coalesce] (batchId=181)
org.apache.hadoop.hive.cli.TestMiniLlapLocalCliDriver.testCliDriver[vector_nvl] (batchId=177)
org.apache.hadoop.hive.cli.TestMiniLlapLocalCliDriver.testCliDriver[vectorized_case] (batchId=174)
org.apache.hadoop.hive.metastore.TestRemoteHiveMetaStoreZK.testAlterPartition (batchId=230)
org.apache.hadoop.hive.metastore.TestRemoteHiveMetaStoreZK.testAlterTable (batchId=230)
org.apache.hadoop.hive.metastore.TestRemoteHiveMetaStoreZK.testAlterTableCascade (batchId=230)
org.apache.hadoop.hive.metastore.TestRemoteHiveMetaStoreZK.testAlterViewParititon (batchId=230)
org.apache.hadoop.hive.metastore.TestRemoteHiveMetaStoreZK.testColumnStatistics (batchId=230)
org.apache.hadoop.hive.metastore.TestRemoteHiveMetaStoreZK.testComplexTable (batchId=230)
org.apache.hadoop.hive.metastore.TestRemoteHiveMetaStoreZK.testComplexTypeApi (batchId=230)
org.apache.hadoop.hive.metastore.TestRemoteHiveMetaStoreZK.testConcurrentMetastores (batchId=230)
org.apache.hadoop.hive.metastore.TestRemoteHiveMetaStoreZK.testCreateAndGetTableWithDriver (batchId=230)
org.apache.hadoop.hive.metastore.TestRemoteHiveMetaStoreZK.testCreateTableSettingId (batchId=230)
org.apache.hadoop.hive.metastore.TestRemoteHiveMetaStoreZK.testDBLocationChange (batchId=230)
org.apache.hadoop.hive.metastore.TestRemoteHiveMetaStoreZK.testDBOwner (batchId=230)
org.apache.hadoop.hive.metastore.TestRemoteHiveMetaStoreZK.testDBOwnerChange (batchId=230)
org.apache.hadoop.hive.metastore.TestRemoteHiveMetaStoreZK.testDatabase (batchId=230)
org.apache.hadoop.hive.metastore.TestRemoteHiveMetaStoreZK.testDatabaseLocation (batchId=230)
org.apache.hadoop.hive.metastore.TestRemoteHiveMetaStoreZK.testDatabaseLocationWithPermissionProblems (batchId=230)
org.apache.hadoop.hive.metastore.TestRemoteHiveMetaStoreZK.testDropDatabaseCascadeMVMultiDB (batchId=230)
org.apache.hadoop.hive.metastore.TestRemoteHiveMetaStoreZK.testDropTable (batchId=230)
org.apache.hadoop.hive.metastore.TestRemoteHiveMetaStoreZK.testFilterLastPartition (batchId=230)
org.apache.hadoop.hive.metastore.TestRemoteHiveMetaStoreZK.testFilterSinglePartition (batchId=230)
org.apache.hadoop.hive.metastore.TestRemoteHiveMetaStoreZK.testFunctionWithResources (batchId=230)
org.apache.hadoop.hive.metastore.TestRemoteHiveMetaStoreZK.testGetConfigValue (batchId=230)
org.apache.hadoop.hive.metastore.TestRemoteHiveMetaStoreZK.testGetMetastoreUuid (batchId=230)
org.apache.hadoop.hive.metastore.TestRemoteHiveMetaStoreZK.testGetPartitionsWithSpec (batchId=230)
org.apache.hadoop.hive.metastore.TestRemoteHiveMetaStoreZK.testGetSchemaWithNoClassDefFoundError (batchId=230)
org.apache.hadoop.hive.metastore.TestRemoteHiveMetaStoreZK.testGetTableObjects (batchId=230)
org.apache.hadoop.hive.metastore.TestRemoteHiveMetaStoreZK.testGetUUIDInParallel (batchId=230)
org.apache.hadoop.hive.metastore.TestRemoteHiveMetaStoreZK.testJDOPersistanceManagerCleanup (batchId=230)
org.apache.hadoop.hive.metastore.TestRemoteHiveMetaStoreZK.testListPartitionNames (batchId=230)
org.apache.hadoop.hive.metastore.TestRemoteHiveMetaStoreZK.testListPartitions (batchId=230)
org.apache.hadoop.hive.metastore.TestRemoteHiveMetaStoreZK.testListPartitionsWihtLimitEnabled (batchId=230)
org.apache.hadoop.hive.metastore.TestRemoteHiveMetaStoreZK.testNameMethods (batchId=230)
org.apache.hadoop.hive.metastore.TestRemoteHiveMetaStoreZK.testPartition (batchId=230)
org.apache.hadoop.hive.metastore.TestRemoteHiveMetaStoreZK.testPartitionFilter (batchId=230)
org.apache.hadoop.hive.metastore.TestRemoteHiveMetaStoreZK.testRenamePartition (batchId=230)
org.apache.hadoop.hive.metastore.TestRemoteHiveMetaStoreZK.testRetriableClientWithConnLifetime (batchId=230)
org.apache.hadoop.hive.metastore.TestRemoteHiveMetaStoreZK.testSimpleFunction (batchId=230)
org.apache.hadoop.hive.metastore.TestRemoteHiveMetaStoreZK.testSimpleTable (batchId=230)
org.apache.hadoop.hive.metastore.TestRemoteHiveMetaStoreZK.testSimpleTypeApi (batchId=230)
org.apache.hadoop.hive.metastore.TestRemoteHiveMetaStoreZK.testStatsFastTrivial (batchId=230)
org.apache.hadoop.hive.metastore.TestRemoteHiveMetaStoreZK.testSynchronized (batchId=230)
org.apache.hadoop.hive.metastore.TestRemoteHiveMetaStoreZK.testTableDatabase (batchId=230)
org.apache.hadoop.hive.metastore.TestRemoteHiveMetaStoreZK.testTableFilter (batchId=230)
org.apache.hadoop.hive.metastore.TestRemoteHiveMetaStoreZK.testUpdatePartitionStat_doesNotUpdateStats (batchId=230)
org.apache.hadoop.hive.metastore.TestRemoteHiveMetaStoreZK.testValidateTableCols (batchId=230)
{noformat}

Test results: https://builds.apache.org/job/PreCommit-HIVE-Build/15159/testReport
Console output: https://builds.apache.org/job/PreCommit-HIVE-Build/15159/console
Test logs: http://104.198.109.242/logs/PreCommit-HIVE-Build-15159/

Messages:
{noformat}
Executing org.apache.hive.ptest.execution.TestCheckPhase
Executing org.apache.hive.ptest.execution.PrepPhase
Executing org.apache.hive.ptest.execution.YetusPhase
Executing org.apache.hive.ptest.execution.ExecutionPhase
Executing org.apache.hive.ptest.execution.ReportingPhase
Tests exited with: TestsFailedException: 49 tests failed
{noformat}

This message is automatically generated.

ATTACHMENT ID: 12950399 - PreCommit-HIVE-Build

| (x) *{color:red}-1 overall{color}* |
\\
\\
|| Vote || Subsystem || Runtime || Comment ||
|| || || || {color:brown} Prechecks {color} ||
| {color:green}+1{color} | {color:green} @author {color} | {color:green}  0m  0s{color} | {color:green} The patch does not contain any @author tags. {color} |
|| || || || {color:brown} master Compile Tests {color} ||
| {color:green}+1{color} | {color:green} mvninstall {color} | {color:green}  7m 38s{color} | {color:green} master passed {color} |
| {color:green}+1{color} | {color:green} compile {color} | {color:green}  1m  0s{color} | {color:green} master passed {color} |
| {color:green}+1{color} | {color:green} checkstyle {color} | {color:green}  0m 45s{color} | {color:green} master passed {color} |
| {color:blue}0{color} | {color:blue} findbugs {color} | {color:blue}  3m 47s{color} | {color:blue} ql in master has 2312 extant Findbugs warnings. {color} |
| {color:green}+1{color} | {color:green} javadoc {color} | {color:green}  0m 54s{color} | {color:green} master passed {color} |
|| || || || {color:brown} Patch Compile Tests {color} ||
| {color:green}+1{color} | {color:green} mvninstall {color} | {color:green}  1m 22s{color} | {color:green} the patch passed {color} |
| {color:green}+1{color} | {color:green} compile {color} | {color:green}  1m  4s{color} | {color:green} the patch passed {color} |
| {color:green}+1{color} | {color:green} javac {color} | {color:green}  1m  4s{color} | {color:green} the patch passed {color} |
| {color:red}-1{color} | {color:red} checkstyle {color} | {color:red}  0m 46s{color} | {color:red} ql: The patch generated 1 new + 1055 unchanged - 6 fixed = 1056 total (was 1061) {color} |
| {color:green}+1{color} | {color:green} whitespace {color} | {color:green}  0m  0s{color} | {color:green} The patch has no whitespace issues. {color} |
| {color:green}+1{color} | {color:green} findbugs {color} | {color:green}  3m 46s{color} | {color:green} ql generated 0 new + 2311 unchanged - 1 fixed = 2311 total (was 2312) {color} |
| {color:green}+1{color} | {color:green} javadoc {color} | {color:green}  0m 55s{color} | {color:green} the patch passed {color} |
|| || || || {color:brown} Other Tests {color} ||
| {color:green}+1{color} | {color:green} asflicense {color} | {color:green}  0m 13s{color} | {color:green} The patch does not generate ASF License warnings. {color} |
| {color:black}{color} | {color:black} {color} | {color:black} 22m 41s{color} | {color:black} {color} |
\\
\\
|| Subsystem || Report/Notes ||
| Optional Tests |  asflicense  javac  javadoc  findbugs  checkstyle  compile  |
| uname | Linux hiveptest-server-upstream 3.16.0-4-amd64 #1 SMP Debian 3.16.36-1+deb8u1 (2016-09-03) x86_64 GNU/Linux |
| Build tool | maven |
| Personality | /data/hiveptest/working/yetus_PreCommit-HIVE-Build-15210/dev-support/hive-personality.sh |
| git revision | master / 83d1fd2 |
| Default Java | 1.8.0_111 |
| findbugs | v3.0.0 |
| checkstyle | http://104.198.109.242/logs//PreCommit-HIVE-Build-15210/yetus/diff-checkstyle-ql.txt |
| modules | C: ql U: ql |
| Console output | http://104.198.109.242/logs//PreCommit-HIVE-Build-15210/yetus.txt |
| Powered by | Apache Yetus    http://yetus.apache.org |


This message was automatically generated.





Here are the results of testing the latest attachment:
https://issues.apache.org/jira/secure/attachment/12950964/HIVE-20961.02.patch

{color:red}ERROR:{color} -1 due to no test(s) being added or modified.

{color:red}ERROR:{color} -1 due to 8 failed/errored test(s), 15650 tests executed
*Failed tests:*
{noformat}
org.apache.hadoop.hive.cli.TestAccumuloCliDriver.testCliDriver[accumulo_predicate_pushdown] (batchId=262)
org.apache.hadoop.hive.cli.TestCliDriver.testCliDriver[constantPropWhen] (batchId=37)
org.apache.hadoop.hive.cli.TestCliDriver.testCliDriver[fold_case] (batchId=16)
org.apache.hadoop.hive.cli.TestCliDriver.testCliDriver[fold_when] (batchId=30)
org.apache.hadoop.hive.cli.TestCliDriver.testCliDriver[mapjoin_memcheck] (batchId=45)
org.apache.hadoop.hive.cli.TestHBaseCliDriver.testCliDriver[hbase_ppd_key_range] (batchId=103)
org.apache.hadoop.hive.cli.TestHBaseCliDriver.testCliDriver[hbase_pushdown] (batchId=103)
org.apache.hadoop.hive.cli.TestMiniLlapLocalCliDriver.testCliDriver[cbo_limit] (batchId=182)
{noformat}

Test results: https://builds.apache.org/job/PreCommit-HIVE-Build/15210/testReport
Console output: https://builds.apache.org/job/PreCommit-HIVE-Build/15210/console
Test logs: http://104.198.109.242/logs/PreCommit-HIVE-Build-15210/

Messages:
{noformat}
Executing org.apache.hive.ptest.execution.TestCheckPhase
Executing org.apache.hive.ptest.execution.PrepPhase
Executing org.apache.hive.ptest.execution.YetusPhase
Executing org.apache.hive.ptest.execution.ExecutionPhase
Executing org.apache.hive.ptest.execution.ReportingPhase
Tests exited with: TestsFailedException: 8 tests failed
{noformat}

This message is automatically generated.

ATTACHMENT ID: 12950964 - PreCommit-HIVE-Build

| (x) *{color:red}-1 overall{color}* |
\\
\\
|| Vote || Subsystem || Runtime || Comment ||
|| || || || {color:brown} Prechecks {color} ||
| {color:green}+1{color} | {color:green} @author {color} | {color:green}  0m  0s{color} | {color:green} The patch does not contain any @author tags. {color} |
|| || || || {color:brown} master Compile Tests {color} ||
| {color:blue}0{color} | {color:blue} mvndep {color} | {color:blue}  1m 39s{color} | {color:blue} Maven dependency ordering for branch {color} |
| {color:green}+1{color} | {color:green} mvninstall {color} | {color:green}  6m 44s{color} | {color:green} master passed {color} |
| {color:green}+1{color} | {color:green} compile {color} | {color:green}  1m 42s{color} | {color:green} master passed {color} |
| {color:green}+1{color} | {color:green} checkstyle {color} | {color:green}  1m  5s{color} | {color:green} master passed {color} |
| {color:blue}0{color} | {color:blue} findbugs {color} | {color:blue}  3m 42s{color} | {color:blue} ql in master has 2311 extant Findbugs warnings. {color} |
| {color:blue}0{color} | {color:blue} findbugs {color} | {color:blue}  0m 29s{color} | {color:blue} accumulo-handler in master has 21 extant Findbugs warnings. {color} |
| {color:blue}0{color} | {color:blue} findbugs {color} | {color:blue}  0m 28s{color} | {color:blue} hbase-handler in master has 15 extant Findbugs warnings. {color} |
| {color:green}+1{color} | {color:green} javadoc {color} | {color:green}  1m 20s{color} | {color:green} master passed {color} |
|| || || || {color:brown} Patch Compile Tests {color} ||
| {color:blue}0{color} | {color:blue} mvndep {color} | {color:blue}  0m 24s{color} | {color:blue} Maven dependency ordering for patch {color} |
| {color:green}+1{color} | {color:green} mvninstall {color} | {color:green}  2m  1s{color} | {color:green} the patch passed {color} |
| {color:green}+1{color} | {color:green} compile {color} | {color:green}  1m 41s{color} | {color:green} the patch passed {color} |
| {color:green}+1{color} | {color:green} javac {color} | {color:green}  1m 41s{color} | {color:green} the patch passed {color} |
| {color:red}-1{color} | {color:red} checkstyle {color} | {color:red}  0m 46s{color} | {color:red} ql: The patch generated 1 new + 1055 unchanged - 6 fixed = 1056 total (was 1061) {color} |
| {color:green}+1{color} | {color:green} whitespace {color} | {color:green}  0m  0s{color} | {color:green} The patch has no whitespace issues. {color} |
| {color:green}+1{color} | {color:green} findbugs {color} | {color:green}  4m  3s{color} | {color:green} ql generated 0 new + 2310 unchanged - 1 fixed = 2310 total (was 2311) {color} |
| {color:green}+1{color} | {color:green} findbugs {color} | {color:green}  0m 35s{color} | {color:green} accumulo-handler in the patch passed. {color} |
| {color:green}+1{color} | {color:green} findbugs {color} | {color:green}  0m 35s{color} | {color:green} hbase-handler in the patch passed. {color} |
| {color:green}+1{color} | {color:green} javadoc {color} | {color:green}  1m 18s{color} | {color:green} the patch passed {color} |
|| || || || {color:brown} Other Tests {color} ||
| {color:green}+1{color} | {color:green} asflicense {color} | {color:green}  0m 13s{color} | {color:green} The patch does not generate ASF License warnings. {color} |
| {color:black}{color} | {color:black} {color} | {color:black} 29m 55s{color} | {color:black} {color} |
\\
\\
|| Subsystem || Report/Notes ||
| Optional Tests |  asflicense  javac  javadoc  findbugs  checkstyle  compile  |
| uname | Linux hiveptest-server-upstream 3.16.0-4-amd64 #1 SMP Debian 3.16.36-1+deb8u1 (2016-09-03) x86_64 GNU/Linux |
| Build tool | maven |
| Personality | /data/hiveptest/working/yetus_PreCommit-HIVE-Build-15217/dev-support/hive-personality.sh |
| git revision | master / aae392f |
| Default Java | 1.8.0_111 |
| findbugs | v3.0.0 |
| checkstyle | http://104.198.109.242/logs//PreCommit-HIVE-Build-15217/yetus/diff-checkstyle-ql.txt |
| modules | C: ql accumulo-handler hbase-handler U: . |
| Console output | http://104.198.109.242/logs//PreCommit-HIVE-Build-15217/yetus.txt |
| Powered by | Apache Yetus    http://yetus.apache.org |


This message was automatically generated.





Here are the results of testing the latest attachment:
https://issues.apache.org/jira/secure/attachment/12951037/HIVE-20961.03.patch

{color:red}ERROR:{color} -1 due to no test(s) being added or modified.

{color:red}ERROR:{color} -1 due to 2 failed/errored test(s), 15659 tests executed
*Failed tests:*
{noformat}
org.apache.hadoop.hive.cli.TestMiniLlapLocalCliDriver.testCliDriver[cbo_limit] (batchId=182)
org.apache.hadoop.hive.cli.TestMiniSparkOnYarnCliDriver.testCliDriver[schemeAuthority2] (batchId=192)
{noformat}

Test results: https://builds.apache.org/job/PreCommit-HIVE-Build/15217/testReport
Console output: https://builds.apache.org/job/PreCommit-HIVE-Build/15217/console
Test logs: http://104.198.109.242/logs/PreCommit-HIVE-Build-15217/

Messages:
{noformat}
Executing org.apache.hive.ptest.execution.TestCheckPhase
Executing org.apache.hive.ptest.execution.PrepPhase
Executing org.apache.hive.ptest.execution.YetusPhase
Executing org.apache.hive.ptest.execution.ExecutionPhase
Executing org.apache.hive.ptest.execution.ReportingPhase
Tests exited with: TestsFailedException: 2 tests failed
{noformat}

This message is automatically generated.

ATTACHMENT ID: 12951037 - PreCommit-HIVE-Build



Here are the results of testing the latest attachment:
https://issues.apache.org/jira/secure/attachment/12951037/HIVE-20961.03.patch

{color:red}ERROR:{color} -1 due to build exiting with an error

Test results: https://builds.apache.org/job/PreCommit-HIVE-Build/15218/testReport
Console output: https://builds.apache.org/job/PreCommit-HIVE-Build/15218/console
Test logs: http://104.198.109.242/logs/PreCommit-HIVE-Build-15218/

Messages:
{noformat}
Executing org.apache.hive.ptest.execution.TestCheckPhase
Tests exited with: Exception: Patch URL https://issues.apache.org/jira/secure/attachment/12951037/HIVE-20961.03.patch was found in seen patch url's cache and a test was probably run already on it. Aborting...
{noformat}

This message is automatically generated.

ATTACHMENT ID: 12951037 - PreCommit-HIVE-Build

| (x) *{color:red}-1 overall{color}* |
\\
\\
|| Vote || Subsystem || Runtime || Comment ||
|| || || || {color:brown} Prechecks {color} ||
| {color:green}+1{color} | {color:green} @author {color} | {color:green}  0m  0s{color} | {color:green} The patch does not contain any @author tags. {color} |
|| || || || {color:brown} master Compile Tests {color} ||
| {color:blue}0{color} | {color:blue} mvndep {color} | {color:blue}  1m 37s{color} | {color:blue} Maven dependency ordering for branch {color} |
| {color:green}+1{color} | {color:green} mvninstall {color} | {color:green}  6m 28s{color} | {color:green} master passed {color} |
| {color:green}+1{color} | {color:green} compile {color} | {color:green}  1m 39s{color} | {color:green} master passed {color} |
| {color:green}+1{color} | {color:green} checkstyle {color} | {color:green}  1m  5s{color} | {color:green} master passed {color} |
| {color:blue}0{color} | {color:blue} findbugs {color} | {color:blue}  3m 49s{color} | {color:blue} ql in master has 2311 extant Findbugs warnings. {color} |
| {color:blue}0{color} | {color:blue} findbugs {color} | {color:blue}  0m 27s{color} | {color:blue} accumulo-handler in master has 21 extant Findbugs warnings. {color} |
| {color:blue}0{color} | {color:blue} findbugs {color} | {color:blue}  0m 27s{color} | {color:blue} hbase-handler in master has 15 extant Findbugs warnings. {color} |
| {color:green}+1{color} | {color:green} javadoc {color} | {color:green}  1m 20s{color} | {color:green} master passed {color} |
|| || || || {color:brown} Patch Compile Tests {color} ||
| {color:blue}0{color} | {color:blue} mvndep {color} | {color:blue}  0m 26s{color} | {color:blue} Maven dependency ordering for patch {color} |
| {color:green}+1{color} | {color:green} mvninstall {color} | {color:green}  2m  1s{color} | {color:green} the patch passed {color} |
| {color:green}+1{color} | {color:green} compile {color} | {color:green}  1m 40s{color} | {color:green} the patch passed {color} |
| {color:green}+1{color} | {color:green} javac {color} | {color:green}  1m 40s{color} | {color:green} the patch passed {color} |
| {color:red}-1{color} | {color:red} checkstyle {color} | {color:red}  0m 42s{color} | {color:red} ql: The patch generated 1 new + 1055 unchanged - 6 fixed = 1056 total (was 1061) {color} |
| {color:green}+1{color} | {color:green} whitespace {color} | {color:green}  0m  0s{color} | {color:green} The patch has no whitespace issues. {color} |
| {color:green}+1{color} | {color:green} findbugs {color} | {color:green}  3m 51s{color} | {color:green} ql generated 0 new + 2310 unchanged - 1 fixed = 2310 total (was 2311) {color} |
| {color:green}+1{color} | {color:green} findbugs {color} | {color:green}  0m 34s{color} | {color:green} accumulo-handler in the patch passed. {color} |
| {color:green}+1{color} | {color:green} findbugs {color} | {color:green}  0m 34s{color} | {color:green} hbase-handler in the patch passed. {color} |
| {color:green}+1{color} | {color:green} javadoc {color} | {color:green}  1m 19s{color} | {color:green} the patch passed {color} |
|| || || || {color:brown} Other Tests {color} ||
| {color:green}+1{color} | {color:green} asflicense {color} | {color:green}  0m 12s{color} | {color:green} The patch does not generate ASF License warnings. {color} |
| {color:black}{color} | {color:black} {color} | {color:black} 29m 23s{color} | {color:black} {color} |
\\
\\
|| Subsystem || Report/Notes ||
| Optional Tests |  asflicense  javac  javadoc  findbugs  checkstyle  compile  |
| uname | Linux hiveptest-server-upstream 3.16.0-4-amd64 #1 SMP Debian 3.16.36-1+deb8u1 (2016-09-03) x86_64 GNU/Linux |
| Build tool | maven |
| Personality | /data/hiveptest/working/yetus_PreCommit-HIVE-Build-15221/dev-support/hive-personality.sh |
| git revision | master / d8c500b |
| Default Java | 1.8.0_111 |
| findbugs | v3.0.0 |
| checkstyle | http://104.198.109.242/logs//PreCommit-HIVE-Build-15221/yetus/diff-checkstyle-ql.txt |
| modules | C: ql accumulo-handler hbase-handler U: . |
| Console output | http://104.198.109.242/logs//PreCommit-HIVE-Build-15221/yetus.txt |
| Powered by | Apache Yetus    http://yetus.apache.org |


This message was automatically generated.





Here are the results of testing the latest attachment:
https://issues.apache.org/jira/secure/attachment/12951069/HIVE-20961.04.patch

{color:red}ERROR:{color} -1 due to no test(s) being added or modified.

{color:red}ERROR:{color} -1 due to 45 failed/errored test(s), 15659 tests executed
*Failed tests:*
{noformat}
org.apache.hadoop.hive.metastore.TestRemoteHiveMetaStoreZK.testAlterPartition (batchId=227)
org.apache.hadoop.hive.metastore.TestRemoteHiveMetaStoreZK.testAlterTable (batchId=227)
org.apache.hadoop.hive.metastore.TestRemoteHiveMetaStoreZK.testAlterTableCascade (batchId=227)
org.apache.hadoop.hive.metastore.TestRemoteHiveMetaStoreZK.testAlterViewParititon (batchId=227)
org.apache.hadoop.hive.metastore.TestRemoteHiveMetaStoreZK.testColumnStatistics (batchId=227)
org.apache.hadoop.hive.metastore.TestRemoteHiveMetaStoreZK.testComplexTable (batchId=227)
org.apache.hadoop.hive.metastore.TestRemoteHiveMetaStoreZK.testComplexTypeApi (batchId=227)
org.apache.hadoop.hive.metastore.TestRemoteHiveMetaStoreZK.testConcurrentMetastores (batchId=227)
org.apache.hadoop.hive.metastore.TestRemoteHiveMetaStoreZK.testCreateAndGetTableWithDriver (batchId=227)
org.apache.hadoop.hive.metastore.TestRemoteHiveMetaStoreZK.testCreateTableSettingId (batchId=227)
org.apache.hadoop.hive.metastore.TestRemoteHiveMetaStoreZK.testDBLocationChange (batchId=227)
org.apache.hadoop.hive.metastore.TestRemoteHiveMetaStoreZK.testDBOwner (batchId=227)
org.apache.hadoop.hive.metastore.TestRemoteHiveMetaStoreZK.testDBOwnerChange (batchId=227)
org.apache.hadoop.hive.metastore.TestRemoteHiveMetaStoreZK.testDatabase (batchId=227)
org.apache.hadoop.hive.metastore.TestRemoteHiveMetaStoreZK.testDatabaseLocation (batchId=227)
org.apache.hadoop.hive.metastore.TestRemoteHiveMetaStoreZK.testDatabaseLocationWithPermissionProblems (batchId=227)
org.apache.hadoop.hive.metastore.TestRemoteHiveMetaStoreZK.testDropDatabaseCascadeMVMultiDB (batchId=227)
org.apache.hadoop.hive.metastore.TestRemoteHiveMetaStoreZK.testDropTable (batchId=227)
org.apache.hadoop.hive.metastore.TestRemoteHiveMetaStoreZK.testFilterLastPartition (batchId=227)
org.apache.hadoop.hive.metastore.TestRemoteHiveMetaStoreZK.testFilterSinglePartition (batchId=227)
org.apache.hadoop.hive.metastore.TestRemoteHiveMetaStoreZK.testFunctionWithResources (batchId=227)
org.apache.hadoop.hive.metastore.TestRemoteHiveMetaStoreZK.testGetConfigValue (batchId=227)
org.apache.hadoop.hive.metastore.TestRemoteHiveMetaStoreZK.testGetMetastoreUuid (batchId=227)
org.apache.hadoop.hive.metastore.TestRemoteHiveMetaStoreZK.testGetPartitionsWithSpec (batchId=227)
org.apache.hadoop.hive.metastore.TestRemoteHiveMetaStoreZK.testGetSchemaWithNoClassDefFoundError (batchId=227)
org.apache.hadoop.hive.metastore.TestRemoteHiveMetaStoreZK.testGetTableObjects (batchId=227)
org.apache.hadoop.hive.metastore.TestRemoteHiveMetaStoreZK.testGetUUIDInParallel (batchId=227)
org.apache.hadoop.hive.metastore.TestRemoteHiveMetaStoreZK.testJDOPersistanceManagerCleanup (batchId=227)
org.apache.hadoop.hive.metastore.TestRemoteHiveMetaStoreZK.testListPartitionNames (batchId=227)
org.apache.hadoop.hive.metastore.TestRemoteHiveMetaStoreZK.testListPartitions (batchId=227)
org.apache.hadoop.hive.metastore.TestRemoteHiveMetaStoreZK.testListPartitionsWihtLimitEnabled (batchId=227)
org.apache.hadoop.hive.metastore.TestRemoteHiveMetaStoreZK.testNameMethods (batchId=227)
org.apache.hadoop.hive.metastore.TestRemoteHiveMetaStoreZK.testPartition (batchId=227)
org.apache.hadoop.hive.metastore.TestRemoteHiveMetaStoreZK.testPartitionFilter (batchId=227)
org.apache.hadoop.hive.metastore.TestRemoteHiveMetaStoreZK.testRenamePartition (batchId=227)
org.apache.hadoop.hive.metastore.TestRemoteHiveMetaStoreZK.testRetriableClientWithConnLifetime (batchId=227)
org.apache.hadoop.hive.metastore.TestRemoteHiveMetaStoreZK.testSimpleFunction (batchId=227)
org.apache.hadoop.hive.metastore.TestRemoteHiveMetaStoreZK.testSimpleTable (batchId=227)
org.apache.hadoop.hive.metastore.TestRemoteHiveMetaStoreZK.testSimpleTypeApi (batchId=227)
org.apache.hadoop.hive.metastore.TestRemoteHiveMetaStoreZK.testStatsFastTrivial (batchId=227)
org.apache.hadoop.hive.metastore.TestRemoteHiveMetaStoreZK.testSynchronized (batchId=227)
org.apache.hadoop.hive.metastore.TestRemoteHiveMetaStoreZK.testTableDatabase (batchId=227)
org.apache.hadoop.hive.metastore.TestRemoteHiveMetaStoreZK.testTableFilter (batchId=227)
org.apache.hadoop.hive.metastore.TestRemoteHiveMetaStoreZK.testUpdatePartitionStat_doesNotUpdateStats (batchId=227)
org.apache.hadoop.hive.metastore.TestRemoteHiveMetaStoreZK.testValidateTableCols (batchId=227)
{noformat}

Test results: https://builds.apache.org/job/PreCommit-HIVE-Build/15221/testReport
Console output: https://builds.apache.org/job/PreCommit-HIVE-Build/15221/console
Test logs: http://104.198.109.242/logs/PreCommit-HIVE-Build-15221/

Messages:
{noformat}
Executing org.apache.hive.ptest.execution.TestCheckPhase
Executing org.apache.hive.ptest.execution.PrepPhase
Executing org.apache.hive.ptest.execution.YetusPhase
Executing org.apache.hive.ptest.execution.ExecutionPhase
Executing org.apache.hive.ptest.execution.ReportingPhase
Tests exited with: TestsFailedException: 45 tests failed
{noformat}

This message is automatically generated.

ATTACHMENT ID: 12951069 - PreCommit-HIVE-Build

TestRemoteHiveMetaStoreZK tests are very flaky nowadays, unrelated to the patch, uploading a newÂ one...

| (x) *{color:red}-1 overall{color}* |
\\
\\
|| Vote || Subsystem || Runtime || Comment ||
|| || || || {color:brown} Prechecks {color} ||
| {color:green}+1{color} | {color:green} @author {color} | {color:green}  0m  0s{color} | {color:green} The patch does not contain any @author tags. {color} |
|| || || || {color:brown} master Compile Tests {color} ||
| {color:blue}0{color} | {color:blue} mvndep {color} | {color:blue}  1m 31s{color} | {color:blue} Maven dependency ordering for branch {color} |
| {color:green}+1{color} | {color:green} mvninstall {color} | {color:green}  6m 23s{color} | {color:green} master passed {color} |
| {color:green}+1{color} | {color:green} compile {color} | {color:green}  1m 36s{color} | {color:green} master passed {color} |
| {color:green}+1{color} | {color:green} checkstyle {color} | {color:green}  1m  7s{color} | {color:green} master passed {color} |
| {color:blue}0{color} | {color:blue} findbugs {color} | {color:blue}  3m 40s{color} | {color:blue} ql in master has 2311 extant Findbugs warnings. {color} |
| {color:blue}0{color} | {color:blue} findbugs {color} | {color:blue}  0m 28s{color} | {color:blue} accumulo-handler in master has 21 extant Findbugs warnings. {color} |
| {color:blue}0{color} | {color:blue} findbugs {color} | {color:blue}  0m 28s{color} | {color:blue} hbase-handler in master has 15 extant Findbugs warnings. {color} |
| {color:green}+1{color} | {color:green} javadoc {color} | {color:green}  1m 17s{color} | {color:green} master passed {color} |
|| || || || {color:brown} Patch Compile Tests {color} ||
| {color:blue}0{color} | {color:blue} mvndep {color} | {color:blue}  0m 26s{color} | {color:blue} Maven dependency ordering for patch {color} |
| {color:green}+1{color} | {color:green} mvninstall {color} | {color:green}  2m  0s{color} | {color:green} the patch passed {color} |
| {color:green}+1{color} | {color:green} compile {color} | {color:green}  1m 32s{color} | {color:green} the patch passed {color} |
| {color:green}+1{color} | {color:green} javac {color} | {color:green}  1m 32s{color} | {color:green} the patch passed {color} |
| {color:red}-1{color} | {color:red} checkstyle {color} | {color:red}  0m 45s{color} | {color:red} ql: The patch generated 1 new + 1055 unchanged - 6 fixed = 1056 total (was 1061) {color} |
| {color:green}+1{color} | {color:green} whitespace {color} | {color:green}  0m  0s{color} | {color:green} The patch has no whitespace issues. {color} |
| {color:green}+1{color} | {color:green} findbugs {color} | {color:green}  4m  1s{color} | {color:green} ql generated 0 new + 2310 unchanged - 1 fixed = 2310 total (was 2311) {color} |
| {color:green}+1{color} | {color:green} findbugs {color} | {color:green}  0m 34s{color} | {color:green} accumulo-handler in the patch passed. {color} |
| {color:green}+1{color} | {color:green} findbugs {color} | {color:green}  0m 33s{color} | {color:green} hbase-handler in the patch passed. {color} |
| {color:green}+1{color} | {color:green} javadoc {color} | {color:green}  1m 18s{color} | {color:green} the patch passed {color} |
|| || || || {color:brown} Other Tests {color} ||
| {color:green}+1{color} | {color:green} asflicense {color} | {color:green}  0m 13s{color} | {color:green} The patch does not generate ASF License warnings. {color} |
| {color:black}{color} | {color:black} {color} | {color:black} 29m  1s{color} | {color:black} {color} |
\\
\\
|| Subsystem || Report/Notes ||
| Optional Tests |  asflicense  javac  javadoc  findbugs  checkstyle  compile  |
| uname | Linux hiveptest-server-upstream 3.16.0-4-amd64 #1 SMP Debian 3.16.36-1+deb8u1 (2016-09-03) x86_64 GNU/Linux |
| Build tool | maven |
| Personality | /data/hiveptest/working/yetus_PreCommit-HIVE-Build-15233/dev-support/hive-personality.sh |
| git revision | master / d8c500b |
| Default Java | 1.8.0_111 |
| findbugs | v3.0.0 |
| checkstyle | http://104.198.109.242/logs//PreCommit-HIVE-Build-15233/yetus/diff-checkstyle-ql.txt |
| modules | C: ql accumulo-handler hbase-handler U: . |
| Console output | http://104.198.109.242/logs//PreCommit-HIVE-Build-15233/yetus.txt |
| Powered by | Apache Yetus    http://yetus.apache.org |


This message was automatically generated.





Here are the results of testing the latest attachment:
https://issues.apache.org/jira/secure/attachment/12951116/HIVE-20961.05.patch

{color:red}ERROR:{color} -1 due to no test(s) being added or modified.

{color:green}SUCCESS:{color} +1 due to 15659 tests passed

Test results: https://builds.apache.org/job/PreCommit-HIVE-Build/15233/testReport
Console output: https://builds.apache.org/job/PreCommit-HIVE-Build/15233/console
Test logs: http://104.198.109.242/logs/PreCommit-HIVE-Build-15233/

Messages:
{noformat}
Executing org.apache.hive.ptest.execution.TestCheckPhase
Executing org.apache.hive.ptest.execution.PrepPhase
Executing org.apache.hive.ptest.execution.YetusPhase
Executing org.apache.hive.ptest.execution.ExecutionPhase
Executing org.apache.hive.ptest.execution.ReportingPhase
{noformat}

This message is automatically generated.

ATTACHMENT ID: 12951116 - PreCommit-HIVE-Build

[~kgyrtkirk] : green run, could you please review?

+1

pushed to master. Thank you [~abstractdog] for taking care of this!

