[~janulatha]: Is it possible to have a little more details of this problem? When did you meet this error? Is there anything in the hive.log or anywhere else which could help understand the problem?

Thanks,
Peter

Hi [~pvary],
I found this test to fail intermittently when tests were run for uploaded patches.  I think the results are no longer available.  We will have to rerun the test to see if it still reproduces.
Thanks,
Janaki.

Attaching a do-nothing patch to test.



Here are the results of testing the latest attachment:
https://issues.apache.org/jira/secure/attachment/12882367/HIVE-17198.patch

{color:red}ERROR:{color} -1 due to no test(s) being added or modified.

{color:red}ERROR:{color} -1 due to 9 failed/errored test(s), 10971 tests executed
*Failed tests:*
{noformat}
org.apache.hadoop.hive.cli.TestMiniSparkOnYarnCliDriver.testCliDriver[spark_dynamic_partition_pruning] (batchId=169)
org.apache.hadoop.hive.cli.TestMiniSparkOnYarnCliDriver.testCliDriver[spark_dynamic_partition_pruning_mapjoin_only] (batchId=170)
org.apache.hadoop.hive.cli.TestMiniSparkOnYarnCliDriver.testCliDriver[spark_vectorized_dynamic_partition_pruning] (batchId=169)
org.apache.hadoop.hive.cli.TestPerfCliDriver.testCliDriver[query14] (batchId=235)
org.apache.hadoop.hive.cli.TestSparkNegativeCliDriver.org.apache.hadoop.hive.cli.TestSparkNegativeCliDriver (batchId=242)
org.apache.hive.hcatalog.api.TestHCatClient.testPartitionRegistrationWithCustomSchema (batchId=180)
org.apache.hive.hcatalog.api.TestHCatClient.testPartitionSpecRegistrationWithCustomSchema (batchId=180)
org.apache.hive.hcatalog.api.TestHCatClient.testTableSchemaPropagation (batchId=180)
org.apache.hive.jdbc.TestJdbcWithMiniHS2.testHttpRetryOnServerIdleTimeout (batchId=228)
{noformat}

Test results: https://builds.apache.org/job/PreCommit-HIVE-Build/6441/testReport
Console output: https://builds.apache.org/job/PreCommit-HIVE-Build/6441/console
Test logs: http://104.198.109.242/logs/PreCommit-HIVE-Build-6441/

Messages:
{noformat}
Executing org.apache.hive.ptest.execution.TestCheckPhase
Executing org.apache.hive.ptest.execution.PrepPhase
Executing org.apache.hive.ptest.execution.ExecutionPhase
Executing org.apache.hive.ptest.execution.ReportingPhase
Tests exited with: TestsFailedException: 9 tests failed
{noformat}

This message is automatically generated.

ATTACHMENT ID: 12882367 - PreCommit-HIVE-Build

Testing it again



Here are the results of testing the latest attachment:
https://issues.apache.org/jira/secure/attachment/12882431/HIVE-17198.2.patch

{color:red}ERROR:{color} -1 due to no test(s) being added or modified.

{color:red}ERROR:{color} -1 due to 7 failed/errored test(s), 10977 tests executed
*Failed tests:*
{noformat}
org.apache.hadoop.hive.cli.TestMiniSparkOnYarnCliDriver.testCliDriver[spark_dynamic_partition_pruning] (batchId=169)
org.apache.hadoop.hive.cli.TestMiniSparkOnYarnCliDriver.testCliDriver[spark_dynamic_partition_pruning_mapjoin_only] (batchId=170)
org.apache.hadoop.hive.cli.TestMiniSparkOnYarnCliDriver.testCliDriver[spark_vectorized_dynamic_partition_pruning] (batchId=169)
org.apache.hadoop.hive.cli.TestPerfCliDriver.testCliDriver[query14] (batchId=235)
org.apache.hive.hcatalog.api.TestHCatClient.testPartitionRegistrationWithCustomSchema (batchId=180)
org.apache.hive.hcatalog.api.TestHCatClient.testPartitionSpecRegistrationWithCustomSchema (batchId=180)
org.apache.hive.hcatalog.api.TestHCatClient.testTableSchemaPropagation (batchId=180)
{noformat}

Test results: https://builds.apache.org/job/PreCommit-HIVE-Build/6443/testReport
Console output: https://builds.apache.org/job/PreCommit-HIVE-Build/6443/console
Test logs: http://104.198.109.242/logs/PreCommit-HIVE-Build-6443/

Messages:
{noformat}
Executing org.apache.hive.ptest.execution.TestCheckPhase
Executing org.apache.hive.ptest.execution.PrepPhase
Executing org.apache.hive.ptest.execution.ExecutionPhase
Executing org.apache.hive.ptest.execution.ReportingPhase
Tests exited with: TestsFailedException: 7 tests failed
{noformat}

This message is automatically generated.

ATTACHMENT ID: 12882431 - PreCommit-HIVE-Build



Here are the results of testing the latest attachment:
https://issues.apache.org/jira/secure/attachment/12882431/HIVE-17198.2.patch

{color:red}ERROR:{color} -1 due to no test(s) being added or modified.

{color:red}ERROR:{color} -1 due to 7 failed/errored test(s), 10977 tests executed
*Failed tests:*
{noformat}
org.apache.hadoop.hive.cli.TestMiniSparkOnYarnCliDriver.testCliDriver[spark_vectorized_dynamic_partition_pruning] (batchId=169)
org.apache.hadoop.hive.cli.TestPerfCliDriver.testCliDriver[query14] (batchId=235)
org.apache.hadoop.hive.cli.TestPerfCliDriver.testCliDriver[query23] (batchId=235)
org.apache.hive.hcatalog.api.TestHCatClient.testPartitionRegistrationWithCustomSchema (batchId=180)
org.apache.hive.hcatalog.api.TestHCatClient.testPartitionSpecRegistrationWithCustomSchema (batchId=180)
org.apache.hive.hcatalog.api.TestHCatClient.testTableSchemaPropagation (batchId=180)
org.apache.hive.jdbc.TestJdbcWithMiniHS2.testHttpRetryOnServerIdleTimeout (batchId=228)
{noformat}

Test results: https://builds.apache.org/job/PreCommit-HIVE-Build/6455/testReport
Console output: https://builds.apache.org/job/PreCommit-HIVE-Build/6455/console
Test logs: http://104.198.109.242/logs/PreCommit-HIVE-Build-6455/

Messages:
{noformat}
Executing org.apache.hive.ptest.execution.TestCheckPhase
Executing org.apache.hive.ptest.execution.PrepPhase
Executing org.apache.hive.ptest.execution.ExecutionPhase
Executing org.apache.hive.ptest.execution.ReportingPhase
Tests exited with: TestsFailedException: 7 tests failed
{noformat}

This message is automatically generated.

ATTACHMENT ID: 12882431 - PreCommit-HIVE-Build



Here are the results of testing the latest attachment:
https://issues.apache.org/jira/secure/attachment/12882431/HIVE-17198.2.patch

{color:red}ERROR:{color} -1 due to no test(s) being added or modified.

{color:red}ERROR:{color} -1 due to 6 failed/errored test(s), 10981 tests executed
*Failed tests:*
{noformat}
org.apache.hadoop.hive.cli.TestMiniSparkOnYarnCliDriver.testCliDriver[spark_vectorized_dynamic_partition_pruning] (batchId=169)
org.apache.hadoop.hive.cli.TestMiniTezCliDriver.testCliDriver[explainanalyze_2] (batchId=100)
org.apache.hadoop.hive.cli.TestPerfCliDriver.testCliDriver[query14] (batchId=235)
org.apache.hive.hcatalog.api.TestHCatClient.testPartitionRegistrationWithCustomSchema (batchId=180)
org.apache.hive.hcatalog.api.TestHCatClient.testPartitionSpecRegistrationWithCustomSchema (batchId=180)
org.apache.hive.hcatalog.api.TestHCatClient.testTableSchemaPropagation (batchId=180)
{noformat}

Test results: https://builds.apache.org/job/PreCommit-HIVE-Build/6458/testReport
Console output: https://builds.apache.org/job/PreCommit-HIVE-Build/6458/console
Test logs: http://104.198.109.242/logs/PreCommit-HIVE-Build-6458/

Messages:
{noformat}
Executing org.apache.hive.ptest.execution.TestCheckPhase
Executing org.apache.hive.ptest.execution.PrepPhase
Executing org.apache.hive.ptest.execution.ExecutionPhase
Executing org.apache.hive.ptest.execution.ReportingPhase
Tests exited with: TestsFailedException: 6 tests failed
{noformat}

This message is automatically generated.

ATTACHMENT ID: 12882431 - PreCommit-HIVE-Build

With the current code, we are not able to reproduce the issue, so closing the ticket.

[~janulatha]: Next time please record a little more information about the failure, like:
- hive.log
- exception stack trace
- link to the failed build
- etc.

Thanks,
Peter

