[~jcamachorodriguez] Could you please take a look?
I tried to make the SqlFunctionConverter "cleaner" - by not polluting it with the DS related mergability logic; and I went to register the DS functions into the converter; the result is much better than my earlier version - but to do this I had to almost completely replace the datasketches function registering logic - which added a lot of bulk changes...

| (x) *{color:red}-1 overall{color}* |
\\
\\
|| Vote || Subsystem || Runtime || Comment ||
|| || || || {color:brown} Prechecks {color} ||
| {color:green}+1{color} | {color:green} @author {color} | {color:green}  0m  0s{color} | {color:green} The patch does not contain any @author tags. {color} |
|| || || || {color:brown} master Compile Tests {color} ||
| {color:blue}0{color} | {color:blue} mvndep {color} | {color:blue}  1m 52s{color} | {color:blue} Maven dependency ordering for branch {color} |
| {color:green}+1{color} | {color:green} mvninstall {color} | {color:green}  8m  2s{color} | {color:green} master passed {color} |
| {color:green}+1{color} | {color:green} compile {color} | {color:green}  1m  4s{color} | {color:green} master passed {color} |
| {color:green}+1{color} | {color:green} checkstyle {color} | {color:green}  0m 42s{color} | {color:green} master passed {color} |
| {color:blue}0{color} | {color:blue} findbugs {color} | {color:blue}  3m 49s{color} | {color:blue} ql in master has 1531 extant Findbugs warnings. {color} |
| {color:green}+1{color} | {color:green} javadoc {color} | {color:green}  0m 56s{color} | {color:green} master passed {color} |
|| || || || {color:brown} Patch Compile Tests {color} ||
| {color:blue}0{color} | {color:blue} mvndep {color} | {color:blue}  0m 29s{color} | {color:blue} Maven dependency ordering for patch {color} |
| {color:green}+1{color} | {color:green} mvninstall {color} | {color:green}  1m 26s{color} | {color:green} the patch passed {color} |
| {color:green}+1{color} | {color:green} compile {color} | {color:green}  1m  0s{color} | {color:green} the patch passed {color} |
| {color:green}+1{color} | {color:green} javac {color} | {color:green}  1m  0s{color} | {color:green} the patch passed {color} |
| {color:red}-1{color} | {color:red} checkstyle {color} | {color:red}  0m 42s{color} | {color:red} ql: The patch generated 2 new + 147 unchanged - 0 fixed = 149 total (was 147) {color} |
| {color:red}-1{color} | {color:red} whitespace {color} | {color:red}  0m  0s{color} | {color:red} The patch has 1 line(s) that end in whitespace. Use git apply --whitespace=fix <<patch_file>>. Refer https://git-scm.com/docs/git-apply {color} |
| {color:green}+1{color} | {color:green} findbugs {color} | {color:green}  3m 56s{color} | {color:green} the patch passed {color} |
| {color:green}+1{color} | {color:green} javadoc {color} | {color:green}  0m 56s{color} | {color:green} the patch passed {color} |
|| || || || {color:brown} Other Tests {color} ||
| {color:green}+1{color} | {color:green} asflicense {color} | {color:green}  0m 15s{color} | {color:green} The patch does not generate ASF License warnings. {color} |
| {color:black}{color} | {color:black} {color} | {color:black} 25m 41s{color} | {color:black} {color} |
\\
\\
|| Subsystem || Report/Notes ||
| Optional Tests |  asflicense  javac  javadoc  findbugs  checkstyle  compile  |
| uname | Linux hiveptest-server-upstream 3.16.0-4-amd64 #1 SMP Debian 3.16.43-2+deb8u5 (2017-09-19) x86_64 GNU/Linux |
| Build tool | maven |
| Personality | /data/hiveptest/working/yetus_PreCommit-HIVE-Build-21242/dev-support/hive-personality.sh |
| git revision | master / dac2bcd |
| Default Java | 1.8.0_111 |
| findbugs | v3.0.1 |
| checkstyle | http://104.198.109.242/logs//PreCommit-HIVE-Build-21242/yetus/diff-checkstyle-ql.txt |
| whitespace | http://104.198.109.242/logs//PreCommit-HIVE-Build-21242/yetus/whitespace-eol.txt |
| modules | C: ql itests U: . |
| Console output | http://104.198.109.242/logs//PreCommit-HIVE-Build-21242/yetus.txt |
| Powered by | Apache Yetus    http://yetus.apache.org |


This message was automatically generated.





Here are the results of testing the latest attachment:
https://issues.apache.org/jira/secure/attachment/12997484/HIVE-23030.01.patch

{color:green}SUCCESS:{color} +1 due to 1 test(s) being added or modified.

{color:red}ERROR:{color} -1 due to 1 failed/errored test(s), 18126 tests executed
*Failed tests:*
{noformat}
org.apache.hadoop.hive.cli.TestCliDriver.testCliDriver[infer_bucket_sort_reducers_power_two] (batchId=15)
{noformat}

Test results: https://builds.apache.org/job/PreCommit-HIVE-Build/21242/testReport
Console output: https://builds.apache.org/job/PreCommit-HIVE-Build/21242/console
Test logs: http://104.198.109.242/logs/PreCommit-HIVE-Build-21242/

Messages:
{noformat}
Executing org.apache.hive.ptest.execution.TestCheckPhase
Executing org.apache.hive.ptest.execution.PrepPhase
Executing org.apache.hive.ptest.execution.YetusPhase
Executing org.apache.hive.ptest.execution.ExecutionPhase
Executing org.apache.hive.ptest.execution.ReportingPhase
Tests exited with: TestsFailedException: 1 tests failed
{noformat}

This message is automatically generated.

ATTACHMENT ID: 12997484 - PreCommit-HIVE-Build

| (x) *{color:red}-1 overall{color}* |
\\
\\
|| Vote || Subsystem || Runtime || Comment ||
|| || || || {color:brown} Prechecks {color} ||
| {color:green}+1{color} | {color:green} @author {color} | {color:green}  0m  0s{color} | {color:green} The patch does not contain any @author tags. {color} |
|| || || || {color:brown} master Compile Tests {color} ||
| {color:blue}0{color} | {color:blue} mvndep {color} | {color:blue}  1m 56s{color} | {color:blue} Maven dependency ordering for branch {color} |
| {color:green}+1{color} | {color:green} mvninstall {color} | {color:green}  8m  6s{color} | {color:green} master passed {color} |
| {color:green}+1{color} | {color:green} compile {color} | {color:green}  1m  3s{color} | {color:green} master passed {color} |
| {color:green}+1{color} | {color:green} checkstyle {color} | {color:green}  0m 42s{color} | {color:green} master passed {color} |
| {color:blue}0{color} | {color:blue} findbugs {color} | {color:blue}  3m 49s{color} | {color:blue} ql in master has 1531 extant Findbugs warnings. {color} |
| {color:green}+1{color} | {color:green} javadoc {color} | {color:green}  0m 55s{color} | {color:green} master passed {color} |
|| || || || {color:brown} Patch Compile Tests {color} ||
| {color:blue}0{color} | {color:blue} mvndep {color} | {color:blue}  0m 28s{color} | {color:blue} Maven dependency ordering for patch {color} |
| {color:green}+1{color} | {color:green} mvninstall {color} | {color:green}  1m 27s{color} | {color:green} the patch passed {color} |
| {color:green}+1{color} | {color:green} compile {color} | {color:green}  1m  2s{color} | {color:green} the patch passed {color} |
| {color:green}+1{color} | {color:green} javac {color} | {color:green}  1m  2s{color} | {color:green} the patch passed {color} |
| {color:red}-1{color} | {color:red} checkstyle {color} | {color:red}  0m 42s{color} | {color:red} ql: The patch generated 2 new + 147 unchanged - 0 fixed = 149 total (was 147) {color} |
| {color:red}-1{color} | {color:red} whitespace {color} | {color:red}  0m  0s{color} | {color:red} The patch has 1 line(s) that end in whitespace. Use git apply --whitespace=fix <<patch_file>>. Refer https://git-scm.com/docs/git-apply {color} |
| {color:green}+1{color} | {color:green} findbugs {color} | {color:green}  3m 55s{color} | {color:green} the patch passed {color} |
| {color:green}+1{color} | {color:green} javadoc {color} | {color:green}  0m 55s{color} | {color:green} the patch passed {color} |
|| || || || {color:brown} Other Tests {color} ||
| {color:green}+1{color} | {color:green} asflicense {color} | {color:green}  0m 15s{color} | {color:green} The patch does not generate ASF License warnings. {color} |
| {color:black}{color} | {color:black} {color} | {color:black} 25m 46s{color} | {color:black} {color} |
\\
\\
|| Subsystem || Report/Notes ||
| Optional Tests |  asflicense  javac  javadoc  findbugs  checkstyle  compile  |
| uname | Linux hiveptest-server-upstream 3.16.0-4-amd64 #1 SMP Debian 3.16.43-2+deb8u5 (2017-09-19) x86_64 GNU/Linux |
| Build tool | maven |
| Personality | /data/hiveptest/working/yetus_PreCommit-HIVE-Build-21247/dev-support/hive-personality.sh |
| git revision | master / dac2bcd |
| Default Java | 1.8.0_111 |
| findbugs | v3.0.1 |
| checkstyle | http://104.198.109.242/logs//PreCommit-HIVE-Build-21247/yetus/diff-checkstyle-ql.txt |
| whitespace | http://104.198.109.242/logs//PreCommit-HIVE-Build-21247/yetus/whitespace-eol.txt |
| modules | C: ql itests U: . |
| Console output | http://104.198.109.242/logs//PreCommit-HIVE-Build-21247/yetus.txt |
| Powered by | Apache Yetus    http://yetus.apache.org |


This message was automatically generated.





Here are the results of testing the latest attachment:
https://issues.apache.org/jira/secure/attachment/12997526/HIVE-23030.02.patch

{color:green}SUCCESS:{color} +1 due to 1 test(s) being added or modified.

{color:green}SUCCESS:{color} +1 due to 18126 tests passed

Test results: https://builds.apache.org/job/PreCommit-HIVE-Build/21247/testReport
Console output: https://builds.apache.org/job/PreCommit-HIVE-Build/21247/console
Test logs: http://104.198.109.242/logs/PreCommit-HIVE-Build-21247/

Messages:
{noformat}
Executing org.apache.hive.ptest.execution.TestCheckPhase
Executing org.apache.hive.ptest.execution.PrepPhase
Executing org.apache.hive.ptest.execution.YetusPhase
Executing org.apache.hive.ptest.execution.ExecutionPhase
Executing org.apache.hive.ptest.execution.ReportingPhase
{noformat}

This message is automatically generated.

ATTACHMENT ID: 12997526 - PreCommit-HIVE-Build

[~jcamachorodriguez]: I've changed the direction the funcitons/etc is being registerd - to do that I introduced a small plugin alike system; with the intention to load them thru serviceloader

| (x) *{color:red}-1 overall{color}* |
\\
\\
|| Vote || Subsystem || Runtime || Comment ||
|| || || || {color:brown} Prechecks {color} ||
| {color:green}+1{color} | {color:green} @author {color} | {color:green}  0m  0s{color} | {color:green} The patch does not contain any @author tags. {color} |
|| || || || {color:brown} master Compile Tests {color} ||
| {color:blue}0{color} | {color:blue} mvndep {color} | {color:blue}  1m 41s{color} | {color:blue} Maven dependency ordering for branch {color} |
| {color:green}+1{color} | {color:green} mvninstall {color} | {color:green}  8m  8s{color} | {color:green} master passed {color} |
| {color:green}+1{color} | {color:green} compile {color} | {color:green}  1m  2s{color} | {color:green} master passed {color} |
| {color:green}+1{color} | {color:green} checkstyle {color} | {color:green}  0m 42s{color} | {color:green} master passed {color} |
| {color:blue}0{color} | {color:blue} findbugs {color} | {color:blue}  3m 47s{color} | {color:blue} ql in master has 1531 extant Findbugs warnings. {color} |
| {color:green}+1{color} | {color:green} javadoc {color} | {color:green}  0m 55s{color} | {color:green} master passed {color} |
|| || || || {color:brown} Patch Compile Tests {color} ||
| {color:blue}0{color} | {color:blue} mvndep {color} | {color:blue}  0m 30s{color} | {color:blue} Maven dependency ordering for patch {color} |
| {color:green}+1{color} | {color:green} mvninstall {color} | {color:green}  1m 25s{color} | {color:green} the patch passed {color} |
| {color:green}+1{color} | {color:green} compile {color} | {color:green}  1m  4s{color} | {color:green} the patch passed {color} |
| {color:green}+1{color} | {color:green} javac {color} | {color:green}  1m  4s{color} | {color:green} the patch passed {color} |
| {color:red}-1{color} | {color:red} checkstyle {color} | {color:red}  0m 43s{color} | {color:red} ql: The patch generated 4 new + 174 unchanged - 0 fixed = 178 total (was 174) {color} |
| {color:red}-1{color} | {color:red} whitespace {color} | {color:red}  0m  0s{color} | {color:red} The patch has 1 line(s) that end in whitespace. Use git apply --whitespace=fix <<patch_file>>. Refer https://git-scm.com/docs/git-apply {color} |
| {color:green}+1{color} | {color:green} findbugs {color} | {color:green}  3m 56s{color} | {color:green} the patch passed {color} |
| {color:green}+1{color} | {color:green} javadoc {color} | {color:green}  0m 56s{color} | {color:green} the patch passed {color} |
|| || || || {color:brown} Other Tests {color} ||
| {color:green}+1{color} | {color:green} asflicense {color} | {color:green}  0m 14s{color} | {color:green} The patch does not generate ASF License warnings. {color} |
| {color:black}{color} | {color:black} {color} | {color:black} 25m 34s{color} | {color:black} {color} |
\\
\\
|| Subsystem || Report/Notes ||
| Optional Tests |  asflicense  javac  javadoc  findbugs  checkstyle  compile  |
| uname | Linux hiveptest-server-upstream 3.16.0-4-amd64 #1 SMP Debian 3.16.43-2+deb8u5 (2017-09-19) x86_64 GNU/Linux |
| Build tool | maven |
| Personality | /data/hiveptest/working/yetus_PreCommit-HIVE-Build-21268/dev-support/hive-personality.sh |
| git revision | master / 3c42258 |
| Default Java | 1.8.0_111 |
| findbugs | v3.0.1 |
| checkstyle | http://104.198.109.242/logs//PreCommit-HIVE-Build-21268/yetus/diff-checkstyle-ql.txt |
| whitespace | http://104.198.109.242/logs//PreCommit-HIVE-Build-21268/yetus/whitespace-eol.txt |
| modules | C: ql itests U: . |
| Console output | http://104.198.109.242/logs//PreCommit-HIVE-Build-21268/yetus.txt |
| Powered by | Apache Yetus    http://yetus.apache.org |


This message was automatically generated.





Here are the results of testing the latest attachment:
https://issues.apache.org/jira/secure/attachment/12997692/HIVE-23030.03.patch

{color:green}SUCCESS:{color} +1 due to 1 test(s) being added or modified.

{color:red}ERROR:{color} -1 due to 1 failed/errored test(s), 18127 tests executed
*Failed tests:*
{noformat}
org.apache.hadoop.hive.cli.TestMiniLlapLocalCliDriver.testCliDriver[vector_orc_nested_column_pruning] (batchId=172)
{noformat}

Test results: https://builds.apache.org/job/PreCommit-HIVE-Build/21268/testReport
Console output: https://builds.apache.org/job/PreCommit-HIVE-Build/21268/console
Test logs: http://104.198.109.242/logs/PreCommit-HIVE-Build-21268/

Messages:
{noformat}
Executing org.apache.hive.ptest.execution.TestCheckPhase
Executing org.apache.hive.ptest.execution.PrepPhase
Executing org.apache.hive.ptest.execution.YetusPhase
Executing org.apache.hive.ptest.execution.ExecutionPhase
Executing org.apache.hive.ptest.execution.ReportingPhase
Tests exited with: TestsFailedException: 1 tests failed
{noformat}

This message is automatically generated.

ATTACHMENT ID: 12997692 - PreCommit-HIVE-Build

| (x) *{color:red}-1 overall{color}* |
\\
\\
|| Vote || Subsystem || Runtime || Comment ||
|| || || || {color:brown} Prechecks {color} ||
| {color:green}+1{color} | {color:green} @author {color} | {color:green}  0m  0s{color} | {color:green} The patch does not contain any @author tags. {color} |
|| || || || {color:brown} master Compile Tests {color} ||
| {color:blue}0{color} | {color:blue} mvndep {color} | {color:blue}  1m 49s{color} | {color:blue} Maven dependency ordering for branch {color} |
| {color:green}+1{color} | {color:green} mvninstall {color} | {color:green}  7m 55s{color} | {color:green} master passed {color} |
| {color:green}+1{color} | {color:green} compile {color} | {color:green}  1m  1s{color} | {color:green} master passed {color} |
| {color:green}+1{color} | {color:green} checkstyle {color} | {color:green}  0m 40s{color} | {color:green} master passed {color} |
| {color:blue}0{color} | {color:blue} findbugs {color} | {color:blue}  3m 45s{color} | {color:blue} ql in master has 1529 extant Findbugs warnings. {color} |
| {color:green}+1{color} | {color:green} javadoc {color} | {color:green}  0m 54s{color} | {color:green} master passed {color} |
|| || || || {color:brown} Patch Compile Tests {color} ||
| {color:blue}0{color} | {color:blue} mvndep {color} | {color:blue}  0m 27s{color} | {color:blue} Maven dependency ordering for patch {color} |
| {color:green}+1{color} | {color:green} mvninstall {color} | {color:green}  1m 24s{color} | {color:green} the patch passed {color} |
| {color:green}+1{color} | {color:green} compile {color} | {color:green}  1m  1s{color} | {color:green} the patch passed {color} |
| {color:green}+1{color} | {color:green} javac {color} | {color:green}  1m  1s{color} | {color:green} the patch passed {color} |
| {color:red}-1{color} | {color:red} checkstyle {color} | {color:red}  0m 43s{color} | {color:red} ql: The patch generated 4 new + 174 unchanged - 0 fixed = 178 total (was 174) {color} |
| {color:red}-1{color} | {color:red} whitespace {color} | {color:red}  0m  0s{color} | {color:red} The patch has 1 line(s) that end in whitespace. Use git apply --whitespace=fix <<patch_file>>. Refer https://git-scm.com/docs/git-apply {color} |
| {color:green}+1{color} | {color:green} findbugs {color} | {color:green}  3m 56s{color} | {color:green} the patch passed {color} |
| {color:green}+1{color} | {color:green} javadoc {color} | {color:green}  0m 55s{color} | {color:green} the patch passed {color} |
|| || || || {color:brown} Other Tests {color} ||
| {color:green}+1{color} | {color:green} asflicense {color} | {color:green}  0m 15s{color} | {color:green} The patch does not generate ASF License warnings. {color} |
| {color:black}{color} | {color:black} {color} | {color:black} 25m 16s{color} | {color:black} {color} |
\\
\\
|| Subsystem || Report/Notes ||
| Optional Tests |  asflicense  javac  javadoc  findbugs  checkstyle  compile  |
| uname | Linux hiveptest-server-upstream 3.16.0-4-amd64 #1 SMP Debian 3.16.43-2+deb8u5 (2017-09-19) x86_64 GNU/Linux |
| Build tool | maven |
| Personality | /data/hiveptest/working/yetus_PreCommit-HIVE-Build-21285/dev-support/hive-personality.sh |
| git revision | master / 8d71480 |
| Default Java | 1.8.0_111 |
| findbugs | v3.0.1 |
| checkstyle | http://104.198.109.242/logs//PreCommit-HIVE-Build-21285/yetus/diff-checkstyle-ql.txt |
| whitespace | http://104.198.109.242/logs//PreCommit-HIVE-Build-21285/yetus/whitespace-eol.txt |
| modules | C: ql itests U: . |
| Console output | http://104.198.109.242/logs//PreCommit-HIVE-Build-21285/yetus.txt |
| Powered by | Apache Yetus    http://yetus.apache.org |


This message was automatically generated.





Here are the results of testing the latest attachment:
https://issues.apache.org/jira/secure/attachment/12997877/HIVE-23030.04.patch

{color:green}SUCCESS:{color} +1 due to 1 test(s) being added or modified.

{color:red}ERROR:{color} -1 due to 3 failed/errored test(s), 18141 tests executed
*Failed tests:*
{noformat}
org.apache.hadoop.hive.cli.TestMiniLlapLocalCliDriver.testCliDriver[schq_ingest] (batchId=185)
org.apache.hadoop.hive.cli.TestMiniLlapLocalCliDriver.testCliDriver[vector_orc_nested_column_pruning] (batchId=172)
org.apache.hadoop.hive.metastore.TestRetryingHMSHandler.testRetryingHMSHandler (batchId=239)
{noformat}

Test results: https://builds.apache.org/job/PreCommit-HIVE-Build/21285/testReport
Console output: https://builds.apache.org/job/PreCommit-HIVE-Build/21285/console
Test logs: http://104.198.109.242/logs/PreCommit-HIVE-Build-21285/

Messages:
{noformat}
Executing org.apache.hive.ptest.execution.TestCheckPhase
Executing org.apache.hive.ptest.execution.PrepPhase
Executing org.apache.hive.ptest.execution.YetusPhase
Executing org.apache.hive.ptest.execution.ExecutionPhase
Executing org.apache.hive.ptest.execution.ReportingPhase
Tests exited with: TestsFailedException: 3 tests failed
{noformat}

This message is automatically generated.

ATTACHMENT ID: 12997877 - PreCommit-HIVE-Build

| (x) *{color:red}-1 overall{color}* |
\\
\\
|| Vote || Subsystem || Runtime || Comment ||
|| || || || {color:brown} Prechecks {color} ||
| {color:green}+1{color} | {color:green} @author {color} | {color:green}  0m  0s{color} | {color:green} The patch does not contain any @author tags. {color} |
|| || || || {color:brown} master Compile Tests {color} ||
| {color:blue}0{color} | {color:blue} mvndep {color} | {color:blue}  1m 52s{color} | {color:blue} Maven dependency ordering for branch {color} |
| {color:green}+1{color} | {color:green} mvninstall {color} | {color:green}  7m 47s{color} | {color:green} master passed {color} |
| {color:green}+1{color} | {color:green} compile {color} | {color:green}  0m 59s{color} | {color:green} master passed {color} |
| {color:green}+1{color} | {color:green} checkstyle {color} | {color:green}  0m 41s{color} | {color:green} master passed {color} |
| {color:blue}0{color} | {color:blue} findbugs {color} | {color:blue}  3m 37s{color} | {color:blue} ql in master has 1529 extant Findbugs warnings. {color} |
| {color:green}+1{color} | {color:green} javadoc {color} | {color:green}  0m 56s{color} | {color:green} master passed {color} |
|| || || || {color:brown} Patch Compile Tests {color} ||
| {color:blue}0{color} | {color:blue} mvndep {color} | {color:blue}  0m 27s{color} | {color:blue} Maven dependency ordering for patch {color} |
| {color:green}+1{color} | {color:green} mvninstall {color} | {color:green}  1m 28s{color} | {color:green} the patch passed {color} |
| {color:green}+1{color} | {color:green} compile {color} | {color:green}  1m  1s{color} | {color:green} the patch passed {color} |
| {color:green}+1{color} | {color:green} javac {color} | {color:green}  1m  1s{color} | {color:green} the patch passed {color} |
| {color:red}-1{color} | {color:red} checkstyle {color} | {color:red}  0m 39s{color} | {color:red} ql: The patch generated 4 new + 174 unchanged - 0 fixed = 178 total (was 174) {color} |
| {color:red}-1{color} | {color:red} whitespace {color} | {color:red}  0m  0s{color} | {color:red} The patch has 1 line(s) that end in whitespace. Use git apply --whitespace=fix <<patch_file>>. Refer https://git-scm.com/docs/git-apply {color} |
| {color:green}+1{color} | {color:green} findbugs {color} | {color:green}  3m 47s{color} | {color:green} the patch passed {color} |
| {color:green}+1{color} | {color:green} javadoc {color} | {color:green}  0m 55s{color} | {color:green} the patch passed {color} |
|| || || || {color:brown} Other Tests {color} ||
| {color:green}+1{color} | {color:green} asflicense {color} | {color:green}  0m 14s{color} | {color:green} The patch does not generate ASF License warnings. {color} |
| {color:black}{color} | {color:black} {color} | {color:black} 24m 55s{color} | {color:black} {color} |
\\
\\
|| Subsystem || Report/Notes ||
| Optional Tests |  asflicense  javac  javadoc  findbugs  checkstyle  compile  |
| uname | Linux hiveptest-server-upstream 3.16.0-4-amd64 #1 SMP Debian 3.16.43-2+deb8u5 (2017-09-19) x86_64 GNU/Linux |
| Build tool | maven |
| Personality | /data/hiveptest/working/yetus_PreCommit-HIVE-Build-21301/dev-support/hive-personality.sh |
| git revision | master / 804bf60 |
| Default Java | 1.8.0_111 |
| findbugs | v3.0.1 |
| checkstyle | http://104.198.109.242/logs//PreCommit-HIVE-Build-21301/yetus/diff-checkstyle-ql.txt |
| whitespace | http://104.198.109.242/logs//PreCommit-HIVE-Build-21301/yetus/whitespace-eol.txt |
| modules | C: ql itests U: . |
| Console output | http://104.198.109.242/logs//PreCommit-HIVE-Build-21301/yetus.txt |
| Powered by | Apache Yetus    http://yetus.apache.org |


This message was automatically generated.





Here are the results of testing the latest attachment:
https://issues.apache.org/jira/secure/attachment/12997942/HIVE-23030.04.patch

{color:green}SUCCESS:{color} +1 due to 1 test(s) being added or modified.

{color:red}ERROR:{color} -1 due to 1 failed/errored test(s), 18141 tests executed
*Failed tests:*
{noformat}
org.apache.hadoop.hive.cli.TestMiniLlapLocalCliDriver.testCliDriver[vector_orc_nested_column_pruning] (batchId=172)
{noformat}

Test results: https://builds.apache.org/job/PreCommit-HIVE-Build/21301/testReport
Console output: https://builds.apache.org/job/PreCommit-HIVE-Build/21301/console
Test logs: http://104.198.109.242/logs/PreCommit-HIVE-Build-21301/

Messages:
{noformat}
Executing org.apache.hive.ptest.execution.TestCheckPhase
Executing org.apache.hive.ptest.execution.PrepPhase
Executing org.apache.hive.ptest.execution.YetusPhase
Executing org.apache.hive.ptest.execution.ExecutionPhase
Executing org.apache.hive.ptest.execution.ReportingPhase
Tests exited with: TestsFailedException: 1 tests failed
{noformat}

This message is automatically generated.

ATTACHMENT ID: 12997942 - PreCommit-HIVE-Build

| (x) *{color:red}-1 overall{color}* |
\\
\\
|| Vote || Subsystem || Runtime || Comment ||
|| || || || {color:brown} Prechecks {color} ||
| {color:green}+1{color} | {color:green} @author {color} | {color:green}  0m  0s{color} | {color:green} The patch does not contain any @author tags. {color} |
|| || || || {color:brown} master Compile Tests {color} ||
| {color:blue}0{color} | {color:blue} mvndep {color} | {color:blue}  1m 47s{color} | {color:blue} Maven dependency ordering for branch {color} |
| {color:green}+1{color} | {color:green} mvninstall {color} | {color:green}  7m 54s{color} | {color:green} master passed {color} |
| {color:green}+1{color} | {color:green} compile {color} | {color:green}  0m 58s{color} | {color:green} master passed {color} |
| {color:green}+1{color} | {color:green} checkstyle {color} | {color:green}  0m 41s{color} | {color:green} master passed {color} |
| {color:blue}0{color} | {color:blue} findbugs {color} | {color:blue}  3m 42s{color} | {color:blue} ql in master has 1529 extant Findbugs warnings. {color} |
| {color:green}+1{color} | {color:green} javadoc {color} | {color:green}  0m 54s{color} | {color:green} master passed {color} |
|| || || || {color:brown} Patch Compile Tests {color} ||
| {color:blue}0{color} | {color:blue} mvndep {color} | {color:blue}  0m 28s{color} | {color:blue} Maven dependency ordering for patch {color} |
| {color:green}+1{color} | {color:green} mvninstall {color} | {color:green}  1m 21s{color} | {color:green} the patch passed {color} |
| {color:green}+1{color} | {color:green} compile {color} | {color:green}  1m  1s{color} | {color:green} the patch passed {color} |
| {color:green}+1{color} | {color:green} javac {color} | {color:green}  1m  1s{color} | {color:green} the patch passed {color} |
| {color:red}-1{color} | {color:red} checkstyle {color} | {color:red}  0m 42s{color} | {color:red} ql: The patch generated 4 new + 174 unchanged - 0 fixed = 178 total (was 174) {color} |
| {color:red}-1{color} | {color:red} whitespace {color} | {color:red}  0m  0s{color} | {color:red} The patch has 1 line(s) that end in whitespace. Use git apply --whitespace=fix <<patch_file>>. Refer https://git-scm.com/docs/git-apply {color} |
| {color:green}+1{color} | {color:green} findbugs {color} | {color:green}  3m 48s{color} | {color:green} the patch passed {color} |
| {color:green}+1{color} | {color:green} javadoc {color} | {color:green}  0m 55s{color} | {color:green} the patch passed {color} |
|| || || || {color:brown} Other Tests {color} ||
| {color:green}+1{color} | {color:green} asflicense {color} | {color:green}  0m 14s{color} | {color:green} The patch does not generate ASF License warnings. {color} |
| {color:black}{color} | {color:black} {color} | {color:black} 25m  0s{color} | {color:black} {color} |
\\
\\
|| Subsystem || Report/Notes ||
| Optional Tests |  asflicense  javac  javadoc  findbugs  checkstyle  compile  |
| uname | Linux hiveptest-server-upstream 3.16.0-4-amd64 #1 SMP Debian 3.16.43-2+deb8u5 (2017-09-19) x86_64 GNU/Linux |
| Build tool | maven |
| Personality | /data/hiveptest/working/yetus_PreCommit-HIVE-Build-21335/dev-support/hive-personality.sh |
| git revision | master / acb1bd1 |
| Default Java | 1.8.0_111 |
| findbugs | v3.0.1 |
| checkstyle | http://104.198.109.242/logs//PreCommit-HIVE-Build-21335/yetus/diff-checkstyle-ql.txt |
| whitespace | http://104.198.109.242/logs//PreCommit-HIVE-Build-21335/yetus/whitespace-eol.txt |
| modules | C: ql itests U: . |
| Console output | http://104.198.109.242/logs//PreCommit-HIVE-Build-21335/yetus.txt |
| Powered by | Apache Yetus    http://yetus.apache.org |


This message was automatically generated.





Here are the results of testing the latest attachment:
https://issues.apache.org/jira/secure/attachment/12998196/HIVE-23030.05.patch

{color:green}SUCCESS:{color} +1 due to 1 test(s) being added or modified.

{color:red}ERROR:{color} -1 due to 2 failed/errored test(s), 18127 tests executed
*Failed tests:*
{noformat}
TestMiniLlapCliDriver - did not produce a TEST-*.xml file (likely timed out) (batchId=162)
	[unionDistinct_1.q,table_nonprintable.q,file_with_header_footer_aggregation.q,orc_llap_counters1.q,mm_cttas.q,whroot_external1.q,global_limit.q,rcfile_createas1.q,dynamic_partition_pruning_2.q,intersect_merge.q,parquet_struct_type_vectorization.q,results_cache_diff_fs.q,parallel_colstats.q,load_hdfs_file_with_space_in_the_name.q,orc_merge3.q]
org.apache.hadoop.hive.cli.TestMiniLlapLocalCliDriver.testCliDriver[vector_orc_nested_column_pruning] (batchId=172)
{noformat}

Test results: https://builds.apache.org/job/PreCommit-HIVE-Build/21335/testReport
Console output: https://builds.apache.org/job/PreCommit-HIVE-Build/21335/console
Test logs: http://104.198.109.242/logs/PreCommit-HIVE-Build-21335/

Messages:
{noformat}
Executing org.apache.hive.ptest.execution.TestCheckPhase
Executing org.apache.hive.ptest.execution.PrepPhase
Executing org.apache.hive.ptest.execution.YetusPhase
Executing org.apache.hive.ptest.execution.ExecutionPhase
Executing org.apache.hive.ptest.execution.ReportingPhase
Tests exited with: TestsFailedException: 2 tests failed
{noformat}

This message is automatically generated.

ATTACHMENT ID: 12998196 - PreCommit-HIVE-Build

+1 (pending tests)

| (x) *{color:red}-1 overall{color}* |
\\
\\
|| Vote || Subsystem || Runtime || Comment ||
|| || || || {color:brown} Prechecks {color} ||
| {color:green}+1{color} | {color:green} @author {color} | {color:green}  0m  0s{color} | {color:green} The patch does not contain any @author tags. {color} |
|| || || || {color:brown} master Compile Tests {color} ||
| {color:blue}0{color} | {color:blue} mvndep {color} | {color:blue}  1m 27s{color} | {color:blue} Maven dependency ordering for branch {color} |
| {color:green}+1{color} | {color:green} mvninstall {color} | {color:green}  7m 44s{color} | {color:green} master passed {color} |
| {color:green}+1{color} | {color:green} compile {color} | {color:green}  1m  0s{color} | {color:green} master passed {color} |
| {color:green}+1{color} | {color:green} checkstyle {color} | {color:green}  0m 42s{color} | {color:green} master passed {color} |
| {color:blue}0{color} | {color:blue} findbugs {color} | {color:blue}  3m 36s{color} | {color:blue} ql in master has 1529 extant Findbugs warnings. {color} |
| {color:green}+1{color} | {color:green} javadoc {color} | {color:green}  0m 54s{color} | {color:green} master passed {color} |
|| || || || {color:brown} Patch Compile Tests {color} ||
| {color:blue}0{color} | {color:blue} mvndep {color} | {color:blue}  0m 28s{color} | {color:blue} Maven dependency ordering for patch {color} |
| {color:green}+1{color} | {color:green} mvninstall {color} | {color:green}  1m 21s{color} | {color:green} the patch passed {color} |
| {color:green}+1{color} | {color:green} compile {color} | {color:green}  0m 58s{color} | {color:green} the patch passed {color} |
| {color:green}+1{color} | {color:green} javac {color} | {color:green}  0m 58s{color} | {color:green} the patch passed {color} |
| {color:red}-1{color} | {color:red} checkstyle {color} | {color:red}  0m 38s{color} | {color:red} ql: The patch generated 4 new + 174 unchanged - 0 fixed = 178 total (was 174) {color} |
| {color:red}-1{color} | {color:red} whitespace {color} | {color:red}  0m  0s{color} | {color:red} The patch has 1 line(s) that end in whitespace. Use git apply --whitespace=fix <<patch_file>>. Refer https://git-scm.com/docs/git-apply {color} |
| {color:green}+1{color} | {color:green} findbugs {color} | {color:green}  3m 44s{color} | {color:green} the patch passed {color} |
| {color:green}+1{color} | {color:green} javadoc {color} | {color:green}  0m 52s{color} | {color:green} the patch passed {color} |
|| || || || {color:brown} Other Tests {color} ||
| {color:green}+1{color} | {color:green} asflicense {color} | {color:green}  0m 14s{color} | {color:green} The patch does not generate ASF License warnings. {color} |
| {color:black}{color} | {color:black} {color} | {color:black} 24m 17s{color} | {color:black} {color} |
\\
\\
|| Subsystem || Report/Notes ||
| Optional Tests |  asflicense  javac  javadoc  findbugs  checkstyle  compile  |
| uname | Linux hiveptest-server-upstream 3.16.0-4-amd64 #1 SMP Debian 3.16.43-2+deb8u5 (2017-09-19) x86_64 GNU/Linux |
| Build tool | maven |
| Personality | /data/hiveptest/working/yetus_PreCommit-HIVE-Build-21355/dev-support/hive-personality.sh |
| git revision | master / aa142d1 |
| Default Java | 1.8.0_111 |
| findbugs | v3.0.1 |
| checkstyle | http://104.198.109.242/logs//PreCommit-HIVE-Build-21355/yetus/diff-checkstyle-ql.txt |
| whitespace | http://104.198.109.242/logs//PreCommit-HIVE-Build-21355/yetus/whitespace-eol.txt |
| modules | C: ql itests U: . |
| Console output | http://104.198.109.242/logs//PreCommit-HIVE-Build-21355/yetus.txt |
| Powered by | Apache Yetus    http://yetus.apache.org |


This message was automatically generated.





Here are the results of testing the latest attachment:
https://issues.apache.org/jira/secure/attachment/12998293/HIVE-23030.06.patch

{color:green}SUCCESS:{color} +1 due to 1 test(s) being added or modified.

{color:red}ERROR:{color} -1 due to 1 failed/errored test(s), 18164 tests executed
*Failed tests:*
{noformat}
org.apache.hive.service.auth.TestHttpCookieAuthenticationTest.testHttpJdbcCookies (batchId=287)
{noformat}

Test results: https://builds.apache.org/job/PreCommit-HIVE-Build/21355/testReport
Console output: https://builds.apache.org/job/PreCommit-HIVE-Build/21355/console
Test logs: http://104.198.109.242/logs/PreCommit-HIVE-Build-21355/

Messages:
{noformat}
Executing org.apache.hive.ptest.execution.TestCheckPhase
Executing org.apache.hive.ptest.execution.PrepPhase
Executing org.apache.hive.ptest.execution.YetusPhase
Executing org.apache.hive.ptest.execution.ExecutionPhase
Executing org.apache.hive.ptest.execution.ReportingPhase
Tests exited with: TestsFailedException: 1 tests failed
{noformat}

This message is automatically generated.

ATTACHMENT ID: 12998293 - PreCommit-HIVE-Build

| (x) *{color:red}-1 overall{color}* |
\\
\\
|| Vote || Subsystem || Runtime || Comment ||
|| || || || {color:brown} Prechecks {color} ||
| {color:green}+1{color} | {color:green} @author {color} | {color:green}  0m  0s{color} | {color:green} The patch does not contain any @author tags. {color} |
|| || || || {color:brown} master Compile Tests {color} ||
| {color:blue}0{color} | {color:blue} mvndep {color} | {color:blue}  1m 52s{color} | {color:blue} Maven dependency ordering for branch {color} |
| {color:green}+1{color} | {color:green} mvninstall {color} | {color:green}  7m 45s{color} | {color:green} master passed {color} |
| {color:green}+1{color} | {color:green} compile {color} | {color:green}  0m 59s{color} | {color:green} master passed {color} |
| {color:green}+1{color} | {color:green} checkstyle {color} | {color:green}  0m 43s{color} | {color:green} master passed {color} |
| {color:blue}0{color} | {color:blue} findbugs {color} | {color:blue}  3m 36s{color} | {color:blue} ql in master has 1528 extant Findbugs warnings. {color} |
| {color:green}+1{color} | {color:green} javadoc {color} | {color:green}  0m 51s{color} | {color:green} master passed {color} |
|| || || || {color:brown} Patch Compile Tests {color} ||
| {color:blue}0{color} | {color:blue} mvndep {color} | {color:blue}  0m 28s{color} | {color:blue} Maven dependency ordering for patch {color} |
| {color:green}+1{color} | {color:green} mvninstall {color} | {color:green}  1m 23s{color} | {color:green} the patch passed {color} |
| {color:green}+1{color} | {color:green} compile {color} | {color:green}  0m 58s{color} | {color:green} the patch passed {color} |
| {color:green}+1{color} | {color:green} javac {color} | {color:green}  0m 58s{color} | {color:green} the patch passed {color} |
| {color:red}-1{color} | {color:red} checkstyle {color} | {color:red}  0m 43s{color} | {color:red} ql: The patch generated 4 new + 174 unchanged - 0 fixed = 178 total (was 174) {color} |
| {color:red}-1{color} | {color:red} whitespace {color} | {color:red}  0m  0s{color} | {color:red} The patch has 1 line(s) that end in whitespace. Use git apply --whitespace=fix <<patch_file>>. Refer https://git-scm.com/docs/git-apply {color} |
| {color:green}+1{color} | {color:green} findbugs {color} | {color:green}  3m 51s{color} | {color:green} the patch passed {color} |
| {color:green}+1{color} | {color:green} javadoc {color} | {color:green}  0m 51s{color} | {color:green} the patch passed {color} |
|| || || || {color:brown} Other Tests {color} ||
| {color:green}+1{color} | {color:green} asflicense {color} | {color:green}  0m 14s{color} | {color:green} The patch does not generate ASF License warnings. {color} |
| {color:black}{color} | {color:black} {color} | {color:black} 24m 45s{color} | {color:black} {color} |
\\
\\
|| Subsystem || Report/Notes ||
| Optional Tests |  asflicense  javac  javadoc  findbugs  checkstyle  compile  |
| uname | Linux hiveptest-server-upstream 3.16.0-4-amd64 #1 SMP Debian 3.16.43-2+deb8u5 (2017-09-19) x86_64 GNU/Linux |
| Build tool | maven |
| Personality | /data/hiveptest/working/yetus_PreCommit-HIVE-Build-21379/dev-support/hive-personality.sh |
| git revision | master / 709235c |
| Default Java | 1.8.0_111 |
| findbugs | v3.0.1 |
| checkstyle | http://104.198.109.242/logs//PreCommit-HIVE-Build-21379/yetus/diff-checkstyle-ql.txt |
| whitespace | http://104.198.109.242/logs//PreCommit-HIVE-Build-21379/yetus/whitespace-eol.txt |
| modules | C: ql itests U: . |
| Console output | http://104.198.109.242/logs//PreCommit-HIVE-Build-21379/yetus.txt |
| Powered by | Apache Yetus    http://yetus.apache.org |


This message was automatically generated.





Here are the results of testing the latest attachment:
https://issues.apache.org/jira/secure/attachment/12998404/HIVE-23030.06.patch

{color:green}SUCCESS:{color} +1 due to 1 test(s) being added or modified.

{color:red}ERROR:{color} -1 due to 1 failed/errored test(s), 18163 tests executed
*Failed tests:*
{noformat}
org.apache.hadoop.hive.metastore.TestMetastoreHousekeepingLeaderEmptyConfig.testHouseKeepingThreadExistence (batchId=252)
{noformat}

Test results: https://builds.apache.org/job/PreCommit-HIVE-Build/21379/testReport
Console output: https://builds.apache.org/job/PreCommit-HIVE-Build/21379/console
Test logs: http://104.198.109.242/logs/PreCommit-HIVE-Build-21379/

Messages:
{noformat}
Executing org.apache.hive.ptest.execution.TestCheckPhase
Executing org.apache.hive.ptest.execution.PrepPhase
Executing org.apache.hive.ptest.execution.YetusPhase
Executing org.apache.hive.ptest.execution.ExecutionPhase
Executing org.apache.hive.ptest.execution.ReportingPhase
Tests exited with: TestsFailedException: 1 tests failed
{noformat}

This message is automatically generated.

ATTACHMENT ID: 12998404 - PreCommit-HIVE-Build

| (x) *{color:red}-1 overall{color}* |
\\
\\
|| Vote || Subsystem || Runtime || Comment ||
|| || || || {color:brown} Prechecks {color} ||
| {color:green}+1{color} | {color:green} @author {color} | {color:green}  0m  0s{color} | {color:green} The patch does not contain any @author tags. {color} |
|| || || || {color:brown} master Compile Tests {color} ||
| {color:blue}0{color} | {color:blue} mvndep {color} | {color:blue}  1m 42s{color} | {color:blue} Maven dependency ordering for branch {color} |
| {color:green}+1{color} | {color:green} mvninstall {color} | {color:green}  7m 52s{color} | {color:green} master passed {color} |
| {color:green}+1{color} | {color:green} compile {color} | {color:green}  1m  0s{color} | {color:green} master passed {color} |
| {color:green}+1{color} | {color:green} checkstyle {color} | {color:green}  0m 42s{color} | {color:green} master passed {color} |
| {color:blue}0{color} | {color:blue} findbugs {color} | {color:blue}  3m 42s{color} | {color:blue} ql in master has 1528 extant Findbugs warnings. {color} |
| {color:green}+1{color} | {color:green} javadoc {color} | {color:green}  0m 56s{color} | {color:green} master passed {color} |
|| || || || {color:brown} Patch Compile Tests {color} ||
| {color:blue}0{color} | {color:blue} mvndep {color} | {color:blue}  0m 29s{color} | {color:blue} Maven dependency ordering for patch {color} |
| {color:green}+1{color} | {color:green} mvninstall {color} | {color:green}  1m 23s{color} | {color:green} the patch passed {color} |
| {color:green}+1{color} | {color:green} compile {color} | {color:green}  1m  0s{color} | {color:green} the patch passed {color} |
| {color:green}+1{color} | {color:green} javac {color} | {color:green}  1m  0s{color} | {color:green} the patch passed {color} |
| {color:red}-1{color} | {color:red} checkstyle {color} | {color:red}  0m 42s{color} | {color:red} ql: The patch generated 4 new + 174 unchanged - 0 fixed = 178 total (was 174) {color} |
| {color:red}-1{color} | {color:red} whitespace {color} | {color:red}  0m  0s{color} | {color:red} The patch has 1 line(s) that end in whitespace. Use git apply --whitespace=fix <<patch_file>>. Refer https://git-scm.com/docs/git-apply {color} |
| {color:green}+1{color} | {color:green} findbugs {color} | {color:green}  3m 52s{color} | {color:green} the patch passed {color} |
| {color:green}+1{color} | {color:green} javadoc {color} | {color:green}  0m 56s{color} | {color:green} the patch passed {color} |
|| || || || {color:brown} Other Tests {color} ||
| {color:green}+1{color} | {color:green} asflicense {color} | {color:green}  0m 15s{color} | {color:green} The patch does not generate ASF License warnings. {color} |
| {color:black}{color} | {color:black} {color} | {color:black} 25m  5s{color} | {color:black} {color} |
\\
\\
|| Subsystem || Report/Notes ||
| Optional Tests |  asflicense  javac  javadoc  findbugs  checkstyle  compile  |
| uname | Linux hiveptest-server-upstream 3.16.0-4-amd64 #1 SMP Debian 3.16.43-2+deb8u5 (2017-09-19) x86_64 GNU/Linux |
| Build tool | maven |
| Personality | /data/hiveptest/working/yetus_PreCommit-HIVE-Build-21421/dev-support/hive-personality.sh |
| git revision | master / 3ab174d |
| Default Java | 1.8.0_111 |
| findbugs | v3.0.1 |
| checkstyle | http://104.198.109.242/logs//PreCommit-HIVE-Build-21421/yetus/diff-checkstyle-ql.txt |
| whitespace | http://104.198.109.242/logs//PreCommit-HIVE-Build-21421/yetus/whitespace-eol.txt |
| modules | C: ql itests U: . |
| Console output | http://104.198.109.242/logs//PreCommit-HIVE-Build-21421/yetus.txt |
| Powered by | Apache Yetus    http://yetus.apache.org |


This message was automatically generated.





Here are the results of testing the latest attachment:
https://issues.apache.org/jira/secure/attachment/12998692/HIVE-23030.06.patch

{color:green}SUCCESS:{color} +1 due to 1 test(s) being added or modified.

{color:red}ERROR:{color} -1 due to 21 failed/errored test(s), 18173 tests executed
*Failed tests:*
{noformat}
org.apache.hive.jdbc.TestJdbcWithMiniLlapVectorArrowBatch.testAvroHybridMixedDates (batchId=292)
org.apache.hive.jdbc.TestJdbcWithMiniLlapVectorArrowBatch.testAvroHybridMixedTimestamps (batchId=292)
org.apache.hive.jdbc.TestJdbcWithMiniLlapVectorArrowBatch.testAvroLegacyMixedDates (batchId=292)
org.apache.hive.jdbc.TestJdbcWithMiniLlapVectorArrowBatch.testAvroLegacyMixedTimestamps (batchId=292)
org.apache.hive.jdbc.TestJdbcWithMiniLlapVectorArrowBatch.testComplexQuery (batchId=292)
org.apache.hive.jdbc.TestJdbcWithMiniLlapVectorArrowBatch.testDataTypes (batchId=292)
org.apache.hive.jdbc.TestJdbcWithMiniLlapVectorArrowBatch.testEscapedStrings (batchId=292)
org.apache.hive.jdbc.TestJdbcWithMiniLlapVectorArrowBatch.testInvalidReferenceCountScenario (batchId=292)
org.apache.hive.jdbc.TestJdbcWithMiniLlapVectorArrowBatch.testKillQuery (batchId=292)
org.apache.hive.jdbc.TestJdbcWithMiniLlapVectorArrowBatch.testLlapInputFormatEndToEnd (batchId=292)
org.apache.hive.jdbc.TestJdbcWithMiniLlapVectorArrowBatch.testLlapInputFormatEndToEndWithMultipleBatches (batchId=292)
org.apache.hive.jdbc.TestJdbcWithMiniLlapVectorArrowBatch.testMultipleBatchesOfComplexTypes (batchId=292)
org.apache.hive.jdbc.TestJdbcWithMiniLlapVectorArrowBatch.testNonAsciiStrings (batchId=292)
org.apache.hive.jdbc.TestJdbcWithMiniLlapVectorArrowBatch.testOrcHybridMixedDates (batchId=292)
org.apache.hive.jdbc.TestJdbcWithMiniLlapVectorArrowBatch.testOrcHybridMixedTimestamps (batchId=292)
org.apache.hive.jdbc.TestJdbcWithMiniLlapVectorArrowBatch.testOrcLegacyMixedDates (batchId=292)
org.apache.hive.jdbc.TestJdbcWithMiniLlapVectorArrowBatch.testOrcLegacyMixedTimestamps (batchId=292)
org.apache.hive.jdbc.TestJdbcWithMiniLlapVectorArrowBatch.testParquetHybridMixedDates (batchId=292)
org.apache.hive.jdbc.TestJdbcWithMiniLlapVectorArrowBatch.testParquetHybridMixedTimestamps (batchId=292)
org.apache.hive.jdbc.TestJdbcWithMiniLlapVectorArrowBatch.testParquetLegacyMixedDates (batchId=292)
org.apache.hive.jdbc.TestJdbcWithMiniLlapVectorArrowBatch.testParquetLegacyMixedTimestamps (batchId=292)
{noformat}

Test results: https://builds.apache.org/job/PreCommit-HIVE-Build/21421/testReport
Console output: https://builds.apache.org/job/PreCommit-HIVE-Build/21421/console
Test logs: http://104.198.109.242/logs/PreCommit-HIVE-Build-21421/

Messages:
{noformat}
Executing org.apache.hive.ptest.execution.TestCheckPhase
Executing org.apache.hive.ptest.execution.PrepPhase
Executing org.apache.hive.ptest.execution.YetusPhase
Executing org.apache.hive.ptest.execution.ExecutionPhase
Executing org.apache.hive.ptest.execution.ReportingPhase
Tests exited with: TestsFailedException: 21 tests failed
{noformat}

This message is automatically generated.

ATTACHMENT ID: 12998692 - PreCommit-HIVE-Build

| (x) *{color:red}-1 overall{color}* |
\\
\\
|| Vote || Subsystem || Runtime || Comment ||
|| || || || {color:brown} Prechecks {color} ||
| {color:green}+1{color} | {color:green} @author {color} | {color:green}  0m  0s{color} | {color:green} The patch does not contain any @author tags. {color} |
|| || || || {color:brown} master Compile Tests {color} ||
| {color:blue}0{color} | {color:blue} mvndep {color} | {color:blue}  1m 58s{color} | {color:blue} Maven dependency ordering for branch {color} |
| {color:green}+1{color} | {color:green} mvninstall {color} | {color:green}  8m  1s{color} | {color:green} master passed {color} |
| {color:green}+1{color} | {color:green} compile {color} | {color:green}  0m 59s{color} | {color:green} master passed {color} |
| {color:green}+1{color} | {color:green} checkstyle {color} | {color:green}  0m 40s{color} | {color:green} master passed {color} |
| {color:blue}0{color} | {color:blue} findbugs {color} | {color:blue}  3m 39s{color} | {color:blue} ql in master has 1528 extant Findbugs warnings. {color} |
| {color:green}+1{color} | {color:green} javadoc {color} | {color:green}  0m 53s{color} | {color:green} master passed {color} |
|| || || || {color:brown} Patch Compile Tests {color} ||
| {color:blue}0{color} | {color:blue} mvndep {color} | {color:blue}  0m 28s{color} | {color:blue} Maven dependency ordering for patch {color} |
| {color:green}+1{color} | {color:green} mvninstall {color} | {color:green}  1m 26s{color} | {color:green} the patch passed {color} |
| {color:green}+1{color} | {color:green} compile {color} | {color:green}  1m  0s{color} | {color:green} the patch passed {color} |
| {color:green}+1{color} | {color:green} javac {color} | {color:green}  1m  0s{color} | {color:green} the patch passed {color} |
| {color:red}-1{color} | {color:red} checkstyle {color} | {color:red}  0m 41s{color} | {color:red} ql: The patch generated 4 new + 174 unchanged - 0 fixed = 178 total (was 174) {color} |
| {color:red}-1{color} | {color:red} whitespace {color} | {color:red}  0m  0s{color} | {color:red} The patch has 1 line(s) that end in whitespace. Use git apply --whitespace=fix <<patch_file>>. Refer https://git-scm.com/docs/git-apply {color} |
| {color:green}+1{color} | {color:green} findbugs {color} | {color:green}  3m 54s{color} | {color:green} the patch passed {color} |
| {color:green}+1{color} | {color:green} javadoc {color} | {color:green}  0m 51s{color} | {color:green} the patch passed {color} |
|| || || || {color:brown} Other Tests {color} ||
| {color:green}+1{color} | {color:green} asflicense {color} | {color:green}  0m 15s{color} | {color:green} The patch does not generate ASF License warnings. {color} |
| {color:black}{color} | {color:black} {color} | {color:black} 25m 11s{color} | {color:black} {color} |
\\
\\
|| Subsystem || Report/Notes ||
| Optional Tests |  asflicense  javac  javadoc  findbugs  checkstyle  compile  |
| uname | Linux hiveptest-server-upstream 3.16.0-4-amd64 #1 SMP Debian 3.16.43-2+deb8u5 (2017-09-19) x86_64 GNU/Linux |
| Build tool | maven |
| Personality | /data/hiveptest/working/yetus_PreCommit-HIVE-Build-21437/dev-support/hive-personality.sh |
| git revision | master / d676dfb |
| Default Java | 1.8.0_111 |
| findbugs | v3.0.1 |
| checkstyle | http://104.198.109.242/logs//PreCommit-HIVE-Build-21437/yetus/diff-checkstyle-ql.txt |
| whitespace | http://104.198.109.242/logs//PreCommit-HIVE-Build-21437/yetus/whitespace-eol.txt |
| modules | C: ql itests U: . |
| Console output | http://104.198.109.242/logs//PreCommit-HIVE-Build-21437/yetus.txt |
| Powered by | Apache Yetus    http://yetus.apache.org |


This message was automatically generated.





Here are the results of testing the latest attachment:
https://issues.apache.org/jira/secure/attachment/12998776/HIVE-23030.06.patch

{color:green}SUCCESS:{color} +1 due to 1 test(s) being added or modified.

{color:green}SUCCESS:{color} +1 due to 18174 tests passed

Test results: https://builds.apache.org/job/PreCommit-HIVE-Build/21437/testReport
Console output: https://builds.apache.org/job/PreCommit-HIVE-Build/21437/console
Test logs: http://104.198.109.242/logs/PreCommit-HIVE-Build-21437/

Messages:
{noformat}
Executing org.apache.hive.ptest.execution.TestCheckPhase
Executing org.apache.hive.ptest.execution.PrepPhase
Executing org.apache.hive.ptest.execution.YetusPhase
Executing org.apache.hive.ptest.execution.ExecutionPhase
Executing org.apache.hive.ptest.execution.ReportingPhase
{noformat}

This message is automatically generated.

ATTACHMENT ID: 12998776 - PreCommit-HIVE-Build

pushed to master. Thank you Jesus for reviewing the changes!

