

Here are the results of testing the latest attachment:
https://issues.apache.org/jira/secure/attachment/12823722/HIVE-14505.1.patch

{color:green}SUCCESS:{color} +1 due to 1 test(s) being added or modified.

{color:red}ERROR:{color} -1 due to 7 failed/errored test(s), 10470 tests executed
*Failed tests:*
{noformat}
org.apache.hadoop.hive.cli.TestMiniTezCliDriver.testCliDriver[explainuser_1]
org.apache.hadoop.hive.cli.TestMiniTezCliDriver.testCliDriver[explainuser_2]
org.apache.hadoop.hive.cli.TestMiniTezCliDriver.testCliDriver[load_dyn_part1]
org.apache.hadoop.hive.cli.TestMiniTezCliDriver.testCliDriver[tez_join_hash]
org.apache.hadoop.hive.cli.TestMiniTezCliDriver.testCliDriver[transform_ppr1]
org.apache.hive.hcatalog.hbase.TestPigHBaseStorageHandler.org.apache.hive.hcatalog.hbase.TestPigHBaseStorageHandler
org.apache.hive.hcatalog.listener.TestMsgBusConnection.testConnection
{noformat}

Test results: https://builds.apache.org/job/PreCommit-HIVE-MASTER-Build/886/testReport
Console output: https://builds.apache.org/job/PreCommit-HIVE-MASTER-Build/886/console
Test logs: http://ec2-204-236-174-241.us-west-1.compute.amazonaws.com/logs/PreCommit-HIVE-MASTER-Build-886/

Messages:
{noformat}
Executing org.apache.hive.ptest.execution.TestCheckPhase
Executing org.apache.hive.ptest.execution.PrepPhase
Executing org.apache.hive.ptest.execution.ExecutionPhase
Executing org.apache.hive.ptest.execution.ReportingPhase
Tests exited with: TestsFailedException: 7 tests failed
{noformat}

This message is automatically generated.

ATTACHMENT ID: 12823722 - PreCommit-HIVE-MASTER-Build

[~thejas] - could you please review the patch?



Here are the results of testing the latest attachment:
https://issues.apache.org/jira/secure/attachment/12827505/HIVE-14505.1.patch

{color:green}SUCCESS:{color} +1 due to 1 test(s) being added or modified.

{color:red}ERROR:{color} -1 due to 6 failed/errored test(s), 10554 tests executed
*Failed tests:*
{noformat}
org.apache.hadoop.hive.cli.TestCliDriver.testCliDriver[acid_mapjoin]
org.apache.hadoop.hive.cli.TestCliDriver.testCliDriver[ctas]
org.apache.hadoop.hive.cli.TestCliDriver.testCliDriver[vector_join_part_col_char]
org.apache.hadoop.hive.cli.TestMiniTezCliDriver.testCliDriver[explainuser_3]
org.apache.hadoop.hive.metastore.TestMetaStoreMetrics.testMetaDataCounts
org.apache.hive.jdbc.TestJdbcWithMiniHS2.testAddJarConstructorUnCaching
{noformat}

Test results: https://builds.apache.org/job/PreCommit-HIVE-Build/1260/testReport
Console output: https://builds.apache.org/job/PreCommit-HIVE-Build/1260/console
Test logs: http://ec2-204-236-174-241.us-west-1.compute.amazonaws.com/logs/PreCommit-HIVE-Build-1260/

Messages:
{noformat}
Executing org.apache.hive.ptest.execution.TestCheckPhase
Executing org.apache.hive.ptest.execution.PrepPhase
Executing org.apache.hive.ptest.execution.ExecutionPhase
Executing org.apache.hive.ptest.execution.ReportingPhase
Tests exited with: TestsFailedException: 6 tests failed
{noformat}

This message is automatically generated.

ATTACHMENT ID: 12827505 - PreCommit-HIVE-Build

Finally found the root cause. Patch v1 is not the fix as well. Not sure why this isn't failing locally though. Will attach a patch shortly.

Patch for HIVE-14721 has the fix.

