{code}
org.apache.hadoop.hive.ql.metadata.InvalidTableException: Table not found test1
	at org.apache.hadoop.hive.ql.metadata.Hive.getTable(Hive.java:1133)
	at org.apache.hadoop.hive.ql.metadata.Hive.getTable(Hive.java:1103)
	at org.apache.hive.hcatalog.mapreduce.TestHCatMultiOutputFormat.getTableData(TestHCatMultiOutputFormat.java:369)
	at org.apache.hive.hcatalog.mapreduce.TestHCatMultiOutputFormat.testOutputFormat(TestHCatMultiOutputFormat.java:305)
	at sun.reflect.NativeMethodAccessorImpl.invoke0(Native Method)
{code}

{code}
MetaException(message:Persistence Manager has been closed)
	at org.apache.hadoop.hive.metastore.api.ThriftHiveMetastore$get_table_req_result$get_table_req_resultStandardScheme.read(ThriftHiveMetastore.java)
	at org.apache.hadoop.hive.metastore.api.ThriftHiveMetastore$get_table_req_result$get_table_req_resultStandardScheme.read(ThriftHiveMetastore.java)
	at org.apache.hadoop.hive.metastore.api.ThriftHiveMetastore$get_table_req_result.read(ThriftHiveMetastore.java)
	at org.apache.thrift.TServiceClient.receiveBase(TServiceClient.java:86)
	at org.apache.hadoop.hive.metastore.api.ThriftHiveMetastore$Client.recv_get_table_req(ThriftHiveMetastore.java:2030)
	at org.apache.hadoop.hive.metastore.api.ThriftHiveMetastore$Client.get_table_req(ThriftHiveMetastore.java:2017)
	at org.apache.hadoop.hive.metastore.HiveMetaStoreClient.getTable(HiveMetaStoreClient.java:1547)
	at org.apache.hadoop.hive.metastore.HiveMetaStoreClient.dropTable(HiveMetaStoreClient.java:1226)
	at org.apache.hadoop.hive.metastore.HiveMetaStoreClient.dropTable(HiveMetaStoreClient.java:1179)
	at org.apache.hive.hcatalog.cli.TestPermsGrp.cleanupTbl(TestPermsGrp.java:217)
	at org.apache.hive.hcatalog.cli.TestPermsGrp.testCustomPerms(TestPermsGrp.java:133)
{code}

{code}

org.apache.hive.hcatalog.common.HCatException : 2001 : Error setting output information. Cause : NoSuchObjectException(message:hive.default.testHCatPartitionedTable table not found)
	at org.apache.hive.hcatalog.mapreduce.HCatOutputFormat.setOutput(HCatOutputFormat.java:216)
	at org.apache.hive.hcatalog.mapreduce.HCatOutputFormat.setOutput(HCatOutputFormat.java:70)
	at org.apache.hive.hcatalog.mapreduce.TestHCatPartitionPublish.runMRCreateFail(TestHCatPartitionPublish.java:191)
	at org.apache.hive.hcatalog.mapreduce.TestHCatPartitionPublish.testPartitionPublish(TestHCatPartitionPublish.java:158)
{code}


org.apache.hadoop.hive.metastore.TestStats.partitionedTableInHiveCatalog

Failing for the past 1 build (Since Failed#10200 )
Took 0.74 sec.
Error Message
aggr long num dvs expected:<69> but was:<47>
Stacktrace
java.lang.AssertionError: aggr long num dvs expected:<69> but was:<47>
	at org.apache.hadoop.hive.metastore.TestStats.lambda$compareStatsForPartitions$0(TestStats.java:232)
	at org.apache.hadoop.hive.metastore.TestStats.compareStatsForPartitions(TestStats.java:232)
	at org.apache.hadoop.hive.metastore.TestStats.partitionedTableInHiveCatalog(TestStats.java:260)

TestPermsGrp: HCatCli.main cleanup SessionState which might result "Persistence Manager closed" error. Change it to use a separate process

TestHCatPartitionPublish, TestHCatMultiOutputFormat: both failed with a table not found exception. I cannot think of a reason of that, and all recent run does not have this failure. Will keep a close eye on it.

Also I do find in TestHCatPartitionPublish, wait 10s is no longer needed since the test will wait until metastore available, so remove it in patch. 



Here are the results of testing the latest attachment:
https://issues.apache.org/jira/secure/attachment/12920335/HIVE-19198.1.patch

{color:red}ERROR:{color} -1 due to build exiting with an error

Test results: https://builds.apache.org/job/PreCommit-HIVE-Build/10444/testReport
Console output: https://builds.apache.org/job/PreCommit-HIVE-Build/10444/console
Test logs: http://104.198.109.242/logs/PreCommit-HIVE-Build-10444/

Messages:
{noformat}
Executing org.apache.hive.ptest.execution.TestCheckPhase
Executing org.apache.hive.ptest.execution.PrepPhase
Tests exited with: NonZeroExitCodeException
Command 'bash /data/hiveptest/working/scratch/source-prep.sh' failed with exit status 1 and output '+ date '+%Y-%m-%d %T.%3N'
2018-04-23 21:38:54.738
+ [[ -n /usr/lib/jvm/java-8-openjdk-amd64 ]]
+ export JAVA_HOME=/usr/lib/jvm/java-8-openjdk-amd64
+ JAVA_HOME=/usr/lib/jvm/java-8-openjdk-amd64
+ export PATH=/usr/lib/jvm/java-8-openjdk-amd64/bin/:/usr/local/bin:/usr/bin:/bin:/usr/local/games:/usr/games
+ PATH=/usr/lib/jvm/java-8-openjdk-amd64/bin/:/usr/local/bin:/usr/bin:/bin:/usr/local/games:/usr/games
+ export 'ANT_OPTS=-Xmx1g -XX:MaxPermSize=256m '
+ ANT_OPTS='-Xmx1g -XX:MaxPermSize=256m '
+ export 'MAVEN_OPTS=-Xmx1g '
+ MAVEN_OPTS='-Xmx1g '
+ cd /data/hiveptest/working/
+ tee /data/hiveptest/logs/PreCommit-HIVE-Build-10444/source-prep.txt
+ [[ false == \t\r\u\e ]]
+ mkdir -p maven ivy
+ [[ git = \s\v\n ]]
+ [[ git = \g\i\t ]]
+ [[ -z master ]]
+ [[ -d apache-github-source-source ]]
+ [[ ! -d apache-github-source-source/.git ]]
+ [[ ! -d apache-github-source-source ]]
+ date '+%Y-%m-%d %T.%3N'
2018-04-23 21:38:54.740
+ cd apache-github-source-source
+ git fetch origin
+ git reset --hard HEAD
HEAD is now at 997ad34 HIVE-19168: Ranger changes for llap commands (Prasanth Jayachandran reviewed by Sergey Shelukhin)
+ git clean -f -d
+ git checkout master
Already on 'master'
Your branch is up-to-date with 'origin/master'.
+ git reset --hard origin/master
HEAD is now at 997ad34 HIVE-19168: Ranger changes for llap commands (Prasanth Jayachandran reviewed by Sergey Shelukhin)
+ git merge --ff-only origin/master
Already up-to-date.
+ date '+%Y-%m-%d %T.%3N'
2018-04-23 21:38:55.883
+ rm -rf ../yetus_PreCommit-HIVE-Build-10444
+ mkdir ../yetus_PreCommit-HIVE-Build-10444
+ git gc
+ cp -R . ../yetus_PreCommit-HIVE-Build-10444
+ mkdir /data/hiveptest/logs/PreCommit-HIVE-Build-10444/yetus
+ patchCommandPath=/data/hiveptest/working/scratch/smart-apply-patch.sh
+ patchFilePath=/data/hiveptest/working/scratch/build.patch
+ [[ -f /data/hiveptest/working/scratch/build.patch ]]
+ chmod +x /data/hiveptest/working/scratch/smart-apply-patch.sh
+ /data/hiveptest/working/scratch/smart-apply-patch.sh /data/hiveptest/working/scratch/build.patch
error: a/hcatalog/core/src/test/java/org/apache/hive/hcatalog/cli/TestPermsGrp.java: does not exist in index
error: a/hcatalog/core/src/test/java/org/apache/hive/hcatalog/mapreduce/TestHCatPartitionPublish.java: does not exist in index
error: patch failed: hcatalog/core/src/test/java/org/apache/hive/hcatalog/cli/TestPermsGrp.java:92
Falling back to three-way merge...
Applied patch to 'hcatalog/core/src/test/java/org/apache/hive/hcatalog/cli/TestPermsGrp.java' with conflicts.
error: patch failed: hcatalog/core/src/test/java/org/apache/hive/hcatalog/mapreduce/TestHCatPartitionPublish.java:108
Falling back to three-way merge...
Applied patch to 'hcatalog/core/src/test/java/org/apache/hive/hcatalog/mapreduce/TestHCatPartitionPublish.java' cleanly.
Going to apply patch with: git apply -p1
error: patch failed: hcatalog/core/src/test/java/org/apache/hive/hcatalog/cli/TestPermsGrp.java:92
Falling back to three-way merge...
Applied patch to 'hcatalog/core/src/test/java/org/apache/hive/hcatalog/cli/TestPermsGrp.java' with conflicts.
error: patch failed: hcatalog/core/src/test/java/org/apache/hive/hcatalog/mapreduce/TestHCatPartitionPublish.java:108
Falling back to three-way merge...
Applied patch to 'hcatalog/core/src/test/java/org/apache/hive/hcatalog/mapreduce/TestHCatPartitionPublish.java' cleanly.
U hcatalog/core/src/test/java/org/apache/hive/hcatalog/cli/TestPermsGrp.java
+ exit 1
'
{noformat}

This message is automatically generated.

ATTACHMENT ID: 12920335 - PreCommit-HIVE-Build

HIVE-19198.2.patch rebase with master.

| (x) *{color:red}-1 overall{color}* |
\\
\\
|| Vote || Subsystem || Runtime || Comment ||
|| || || || {color:brown} Prechecks {color} ||
| {color:blue}0{color} | {color:blue} findbugs {color} | {color:blue}  0m  0s{color} | {color:blue} Findbugs executables are not available. {color} |
| {color:green}+1{color} | {color:green} @author {color} | {color:green}  0m  0s{color} | {color:green} The patch does not contain any @author tags. {color} |
|| || || || {color:brown} master Compile Tests {color} ||
| {color:green}+1{color} | {color:green} mvninstall {color} | {color:green}  7m 49s{color} | {color:green} master passed {color} |
| {color:green}+1{color} | {color:green} compile {color} | {color:green}  0m 24s{color} | {color:green} master passed {color} |
| {color:green}+1{color} | {color:green} checkstyle {color} | {color:green}  0m 14s{color} | {color:green} master passed {color} |
| {color:green}+1{color} | {color:green} javadoc {color} | {color:green}  0m 15s{color} | {color:green} master passed {color} |
|| || || || {color:brown} Patch Compile Tests {color} ||
| {color:green}+1{color} | {color:green} mvninstall {color} | {color:green}  0m 25s{color} | {color:green} the patch passed {color} |
| {color:green}+1{color} | {color:green} compile {color} | {color:green}  0m 24s{color} | {color:green} the patch passed {color} |
| {color:green}+1{color} | {color:green} javac {color} | {color:green}  0m 24s{color} | {color:green} the patch passed {color} |
| {color:red}-1{color} | {color:red} checkstyle {color} | {color:red}  0m 13s{color} | {color:red} hcatalog/core: The patch generated 3 new + 6 unchanged - 1 fixed = 9 total (was 7) {color} |
| {color:green}+1{color} | {color:green} whitespace {color} | {color:green}  0m  0s{color} | {color:green} The patch has no whitespace issues. {color} |
| {color:green}+1{color} | {color:green} javadoc {color} | {color:green}  0m 14s{color} | {color:green} the patch passed {color} |
|| || || || {color:brown} Other Tests {color} ||
| {color:green}+1{color} | {color:green} asflicense {color} | {color:green}  0m 13s{color} | {color:green} The patch does not generate ASF License warnings. {color} |
| {color:black}{color} | {color:black} {color} | {color:black} 10m 27s{color} | {color:black} {color} |
\\
\\
|| Subsystem || Report/Notes ||
| Optional Tests |  asflicense  javac  javadoc  findbugs  checkstyle  compile  |
| uname | Linux hiveptest-server-upstream 3.16.0-4-amd64 #1 SMP Debian 3.16.36-1+deb8u1 (2016-09-03) x86_64 GNU/Linux |
| Build tool | maven |
| Personality | /data/hiveptest/working/yetus_PreCommit-HIVE-Build-10463/dev-support/hive-personality.sh |
| git revision | master / 56c3a95 |
| Default Java | 1.8.0_111 |
| checkstyle | http://104.198.109.242/logs//PreCommit-HIVE-Build-10463/yetus/diff-checkstyle-hcatalog_core.txt |
| modules | C: hcatalog/core U: hcatalog/core |
| Console output | http://104.198.109.242/logs//PreCommit-HIVE-Build-10463/yetus.txt |
| Powered by | Apache Yetus    http://yetus.apache.org |


This message was automatically generated.





Here are the results of testing the latest attachment:
https://issues.apache.org/jira/secure/attachment/12920374/HIVE-19198.2.patch

{color:green}SUCCESS:{color} +1 due to 1 test(s) being added or modified.

{color:red}ERROR:{color} -1 due to 30 failed/errored test(s), 14296 tests executed
*Failed tests:*
{noformat}
TestMinimrCliDriver - did not produce a TEST-*.xml file (likely timed out) (batchId=93)
	[infer_bucket_sort_num_buckets.q,infer_bucket_sort_reducers_power_two.q,parallel_orderby.q,bucket_num_reducers_acid.q,infer_bucket_sort_map_operators.q,infer_bucket_sort_merge.q,root_dir_external_table.q,infer_bucket_sort_dyn_part.q,udf_using.q,bucket_num_reducers_acid2.q]
TestNonCatCallsWithCatalog - did not produce a TEST-*.xml file (likely timed out) (batchId=217)
org.apache.hadoop.hive.cli.TestCliDriver.testCliDriver[parquet_vectorization_0] (batchId=17)
org.apache.hadoop.hive.cli.TestCliDriver.testCliDriver[results_cache_invalidation2] (batchId=39)
org.apache.hadoop.hive.cli.TestMiniLlapLocalCliDriver.testCliDriver[check_constraint] (batchId=158)
org.apache.hadoop.hive.cli.TestMiniLlapLocalCliDriver.testCliDriver[default_constraint] (batchId=163)
org.apache.hadoop.hive.cli.TestMiniLlapLocalCliDriver.testCliDriver[results_cache_invalidation2] (batchId=163)
org.apache.hadoop.hive.cli.TestMiniLlapLocalCliDriver.testCliDriver[sysdb] (batchId=163)
org.apache.hadoop.hive.cli.TestMiniLlapLocalCliDriver.testCliDriver[tez_smb_1] (batchId=171)
org.apache.hadoop.hive.cli.TestMiniTezCliDriver.testCliDriver[explainanalyze_5] (batchId=105)
org.apache.hadoop.hive.cli.TestNegativeMinimrCliDriver.testCliDriver[cluster_tasklog_retrieval] (batchId=98)
org.apache.hadoop.hive.cli.TestNegativeMinimrCliDriver.testCliDriver[mapreduce_stack_trace] (batchId=98)
org.apache.hadoop.hive.cli.TestNegativeMinimrCliDriver.testCliDriver[mapreduce_stack_trace_turnoff] (batchId=98)
org.apache.hadoop.hive.cli.TestNegativeMinimrCliDriver.testCliDriver[minimr_broken_pipe] (batchId=98)
org.apache.hadoop.hive.ql.TestAcidOnTez.testAcidInsertWithRemoveUnion (batchId=228)
org.apache.hadoop.hive.ql.TestAcidOnTez.testCtasTezUnion (batchId=228)
org.apache.hadoop.hive.ql.TestAcidOnTez.testNonStandardConversion01 (batchId=228)
org.apache.hadoop.hive.ql.TestMTQueries.testMTQueries1 (batchId=232)
org.apache.hive.jdbc.TestSSL.testSSLFetchHttp (batchId=239)
org.apache.hive.minikdc.TestJdbcWithDBTokenStore.testTokenAuth (batchId=254)
org.apache.hive.minikdc.TestJdbcWithDBTokenStoreNoDoAs.testCancelRenewTokenFlow (batchId=254)
org.apache.hive.minikdc.TestJdbcWithDBTokenStoreNoDoAs.testConnection (batchId=254)
org.apache.hive.minikdc.TestJdbcWithDBTokenStoreNoDoAs.testIsValid (batchId=254)
org.apache.hive.minikdc.TestJdbcWithDBTokenStoreNoDoAs.testIsValidNeg (batchId=254)
org.apache.hive.minikdc.TestJdbcWithDBTokenStoreNoDoAs.testNegativeProxyAuth (batchId=254)
org.apache.hive.minikdc.TestJdbcWithDBTokenStoreNoDoAs.testNegativeTokenAuth (batchId=254)
org.apache.hive.minikdc.TestJdbcWithDBTokenStoreNoDoAs.testProxyAuth (batchId=254)
org.apache.hive.minikdc.TestJdbcWithDBTokenStoreNoDoAs.testRenewDelegationToken (batchId=254)
org.apache.hive.minikdc.TestJdbcWithDBTokenStoreNoDoAs.testTokenAuth (batchId=254)
org.apache.hive.minikdc.TestJdbcWithMiniKdcCookie.testCookieNegative (batchId=254)
{noformat}

Test results: https://builds.apache.org/job/PreCommit-HIVE-Build/10463/testReport
Console output: https://builds.apache.org/job/PreCommit-HIVE-Build/10463/console
Test logs: http://104.198.109.242/logs/PreCommit-HIVE-Build-10463/

Messages:
{noformat}
Executing org.apache.hive.ptest.execution.TestCheckPhase
Executing org.apache.hive.ptest.execution.PrepPhase
Executing org.apache.hive.ptest.execution.YetusPhase
Executing org.apache.hive.ptest.execution.ExecutionPhase
Executing org.apache.hive.ptest.execution.ReportingPhase
Tests exited with: TestsFailedException: 30 tests failed
{noformat}

This message is automatically generated.

ATTACHMENT ID: 12920374 - PreCommit-HIVE-Build

+1

| (x) *{color:red}-1 overall{color}* |
\\
\\
|| Vote || Subsystem || Runtime || Comment ||
|| || || || {color:brown} Prechecks {color} ||
| {color:blue}0{color} | {color:blue} findbugs {color} | {color:blue}  0m  0s{color} | {color:blue} Findbugs executables are not available. {color} |
| {color:green}+1{color} | {color:green} @author {color} | {color:green}  0m  0s{color} | {color:green} The patch does not contain any @author tags. {color} |
|| || || || {color:brown} master Compile Tests {color} ||
| {color:green}+1{color} | {color:green} mvninstall {color} | {color:green}  9m  1s{color} | {color:green} master passed {color} |
| {color:green}+1{color} | {color:green} compile {color} | {color:green}  0m 25s{color} | {color:green} master passed {color} |
| {color:green}+1{color} | {color:green} checkstyle {color} | {color:green}  0m 14s{color} | {color:green} master passed {color} |
| {color:green}+1{color} | {color:green} javadoc {color} | {color:green}  0m 16s{color} | {color:green} master passed {color} |
|| || || || {color:brown} Patch Compile Tests {color} ||
| {color:green}+1{color} | {color:green} mvninstall {color} | {color:green}  0m 25s{color} | {color:green} the patch passed {color} |
| {color:green}+1{color} | {color:green} compile {color} | {color:green}  0m 25s{color} | {color:green} the patch passed {color} |
| {color:green}+1{color} | {color:green} javac {color} | {color:green}  0m 25s{color} | {color:green} the patch passed {color} |
| {color:red}-1{color} | {color:red} checkstyle {color} | {color:red}  0m 13s{color} | {color:red} hcatalog/core: The patch generated 3 new + 6 unchanged - 1 fixed = 9 total (was 7) {color} |
| {color:green}+1{color} | {color:green} whitespace {color} | {color:green}  0m  0s{color} | {color:green} The patch has no whitespace issues. {color} |
| {color:green}+1{color} | {color:green} javadoc {color} | {color:green}  0m 16s{color} | {color:green} the patch passed {color} |
|| || || || {color:brown} Other Tests {color} ||
| {color:green}+1{color} | {color:green} asflicense {color} | {color:green}  0m 15s{color} | {color:green} The patch does not generate ASF License warnings. {color} |
| {color:black}{color} | {color:black} {color} | {color:black} 11m 45s{color} | {color:black} {color} |
\\
\\
|| Subsystem || Report/Notes ||
| Optional Tests |  asflicense  javac  javadoc  findbugs  checkstyle  compile  |
| uname | Linux hiveptest-server-upstream 3.16.0-4-amd64 #1 SMP Debian 3.16.36-1+deb8u1 (2016-09-03) x86_64 GNU/Linux |
| Build tool | maven |
| Personality | /data/hiveptest/working/yetus_PreCommit-HIVE-Build-10522/dev-support/hive-personality.sh |
| git revision | master / 0dec595 |
| Default Java | 1.8.0_111 |
| checkstyle | http://104.198.109.242/logs//PreCommit-HIVE-Build-10522/yetus/diff-checkstyle-hcatalog_core.txt |
| modules | C: hcatalog/core U: hcatalog/core |
| Console output | http://104.198.109.242/logs//PreCommit-HIVE-Build-10522/yetus.txt |
| Powered by | Apache Yetus    http://yetus.apache.org |


This message was automatically generated.





Here are the results of testing the latest attachment:
https://issues.apache.org/jira/secure/attachment/12920374/HIVE-19198.2.patch

{color:green}SUCCESS:{color} +1 due to 1 test(s) being added or modified.

{color:red}ERROR:{color} -1 due to 44 failed/errored test(s), 14284 tests executed
*Failed tests:*
{noformat}
TestMinimrCliDriver - did not produce a TEST-*.xml file (likely timed out) (batchId=93)
	[infer_bucket_sort_num_buckets.q,infer_bucket_sort_reducers_power_two.q,parallel_orderby.q,bucket_num_reducers_acid.q,infer_bucket_sort_map_operators.q,infer_bucket_sort_merge.q,root_dir_external_table.q,infer_bucket_sort_dyn_part.q,udf_using.q,bucket_num_reducers_acid2.q]
TestNonCatCallsWithCatalog - did not produce a TEST-*.xml file (likely timed out) (batchId=217)
TestTxnExIm - did not produce a TEST-*.xml file (likely timed out) (batchId=286)
org.apache.hadoop.hive.cli.TestCliDriver.testCliDriver[acid_nullscan] (batchId=68)
org.apache.hadoop.hive.cli.TestCliDriver.testCliDriver[acid_table_stats] (batchId=54)
org.apache.hadoop.hive.cli.TestCliDriver.testCliDriver[autoColumnStats_4] (batchId=13)
org.apache.hadoop.hive.cli.TestCliDriver.testCliDriver[parquet_vectorization_0] (batchId=17)
org.apache.hadoop.hive.cli.TestCliDriver.testCliDriver[row__id] (batchId=80)
org.apache.hadoop.hive.cli.TestMiniLlapCliDriver.testCliDriver[acid_bucket_pruning] (batchId=150)
org.apache.hadoop.hive.cli.TestMiniLlapLocalCliDriver.testCliDriver[acid_vectorization_original] (batchId=173)
org.apache.hadoop.hive.cli.TestMiniLlapLocalCliDriver.testCliDriver[bucket_map_join_tez1] (batchId=175)
org.apache.hadoop.hive.cli.TestMiniLlapLocalCliDriver.testCliDriver[default_constraint] (batchId=163)
org.apache.hadoop.hive.cli.TestMiniLlapLocalCliDriver.testCliDriver[dynpart_sort_optimization_acid] (batchId=165)
org.apache.hadoop.hive.cli.TestMiniLlapLocalCliDriver.testCliDriver[enforce_constraint_notnull] (batchId=158)
org.apache.hadoop.hive.cli.TestMiniLlapLocalCliDriver.testCliDriver[insert_values_orig_table_use_metadata] (batchId=169)
org.apache.hadoop.hive.cli.TestMiniLlapLocalCliDriver.testCliDriver[materialized_view_create_rewrite_4] (batchId=157)
org.apache.hadoop.hive.cli.TestMiniLlapLocalCliDriver.testCliDriver[materialized_view_create_rewrite_5] (batchId=154)
org.apache.hadoop.hive.cli.TestMiniLlapLocalCliDriver.testCliDriver[schema_evol_stats] (batchId=168)
org.apache.hadoop.hive.cli.TestMiniLlapLocalCliDriver.testCliDriver[schema_evol_text_vec_part] (batchId=168)
org.apache.hadoop.hive.cli.TestMiniLlapLocalCliDriver.testCliDriver[sysdb] (batchId=163)
org.apache.hadoop.hive.cli.TestMiniTezCliDriver.testCliDriver[acid_vectorization_original_tez] (batchId=106)
org.apache.hadoop.hive.cli.TestMiniTezCliDriver.testCliDriver[explainanalyze_5] (batchId=105)
org.apache.hadoop.hive.cli.TestNegativeMinimrCliDriver.testCliDriver[cluster_tasklog_retrieval] (batchId=98)
org.apache.hadoop.hive.cli.TestNegativeMinimrCliDriver.testCliDriver[mapreduce_stack_trace] (batchId=98)
org.apache.hadoop.hive.cli.TestNegativeMinimrCliDriver.testCliDriver[mapreduce_stack_trace_turnoff] (batchId=98)
org.apache.hadoop.hive.cli.TestNegativeMinimrCliDriver.testCliDriver[minimr_broken_pipe] (batchId=98)
org.apache.hadoop.hive.ql.TestAcidOnTez.testAcidInsertWithRemoveUnion (batchId=228)
org.apache.hadoop.hive.ql.TestAcidOnTez.testCtasTezUnion (batchId=228)
org.apache.hadoop.hive.ql.TestAcidOnTez.testNonStandardConversion01 (batchId=228)
org.apache.hadoop.hive.ql.TestMTQueries.testMTQueries1 (batchId=232)
org.apache.hadoop.hive.ql.parse.TestCopyUtils.testPrivilegedDistCpWithSameUserAsCurrentDoesNotTryToImpersonate (batchId=231)
org.apache.hadoop.hive.ql.parse.TestReplicationOnHDFSEncryptedZones.targetAndSourceHaveDifferentEncryptionZoneKeys (batchId=231)
org.apache.hive.beeline.TestBeeLineWithArgs.testQueryProgress (batchId=235)
org.apache.hive.jdbc.TestSSL.testSSLFetchHttp (batchId=239)
org.apache.hive.minikdc.TestJdbcWithDBTokenStore.testTokenAuth (batchId=254)
org.apache.hive.minikdc.TestJdbcWithDBTokenStoreNoDoAs.testCancelRenewTokenFlow (batchId=254)
org.apache.hive.minikdc.TestJdbcWithDBTokenStoreNoDoAs.testConnection (batchId=254)
org.apache.hive.minikdc.TestJdbcWithDBTokenStoreNoDoAs.testIsValid (batchId=254)
org.apache.hive.minikdc.TestJdbcWithDBTokenStoreNoDoAs.testIsValidNeg (batchId=254)
org.apache.hive.minikdc.TestJdbcWithDBTokenStoreNoDoAs.testNegativeProxyAuth (batchId=254)
org.apache.hive.minikdc.TestJdbcWithDBTokenStoreNoDoAs.testNegativeTokenAuth (batchId=254)
org.apache.hive.minikdc.TestJdbcWithDBTokenStoreNoDoAs.testProxyAuth (batchId=254)
org.apache.hive.minikdc.TestJdbcWithDBTokenStoreNoDoAs.testRenewDelegationToken (batchId=254)
org.apache.hive.minikdc.TestJdbcWithDBTokenStoreNoDoAs.testTokenAuth (batchId=254)
{noformat}

Test results: https://builds.apache.org/job/PreCommit-HIVE-Build/10522/testReport
Console output: https://builds.apache.org/job/PreCommit-HIVE-Build/10522/console
Test logs: http://104.198.109.242/logs/PreCommit-HIVE-Build-10522/

Messages:
{noformat}
Executing org.apache.hive.ptest.execution.TestCheckPhase
Executing org.apache.hive.ptest.execution.PrepPhase
Executing org.apache.hive.ptest.execution.YetusPhase
Executing org.apache.hive.ptest.execution.ExecutionPhase
Executing org.apache.hive.ptest.execution.ReportingPhase
Tests exited with: TestsFailedException: 44 tests failed
{noformat}

This message is automatically generated.

ATTACHMENT ID: 12920374 - PreCommit-HIVE-Build

Patch pushed to master.

