Added the possibility to the OutputFile, to use the existing converters on the BeeLine results

Let's see the PreCommit test results

Removed – SORT_BEFORE_DIFF, since it is implemented differently



Here are the results of testing the latest attachment:
https://issues.apache.org/jira/secure/attachment/12863459/HIVE-16449.02.patch

{color:red}ERROR:{color} -1 due to no test(s) being added or modified.

{color:red}ERROR:{color} -1 due to 57 failed/errored test(s), 10574 tests executed
*Failed tests:*
{noformat}
org.apache.hive.beeline.TestBeeLineWithArgs.testBackslashInLiteral (batchId=217)
org.apache.hive.beeline.TestBeeLineWithArgs.testBeelineHiveConfVariable (batchId=217)
org.apache.hive.beeline.TestBeeLineWithArgs.testBeelineHiveVariable (batchId=217)
org.apache.hive.beeline.TestBeeLineWithArgs.testBeelineMultiHiveVariable (batchId=217)
org.apache.hive.beeline.TestBeeLineWithArgs.testBeelineWithForce (batchId=217)
org.apache.hive.beeline.TestBeeLineWithArgs.testCSV2OutputWithDoubleQuotes (batchId=217)
org.apache.hive.beeline.TestBeeLineWithArgs.testCSVOutput (batchId=217)
org.apache.hive.beeline.TestBeeLineWithArgs.testCSVOutputWithDoubleQuotes (batchId=217)
org.apache.hive.beeline.TestBeeLineWithArgs.testConnectionUrlWithSemiColon (batchId=217)
org.apache.hive.beeline.TestBeeLineWithArgs.testConnectionWithURLParams (batchId=217)
org.apache.hive.beeline.TestBeeLineWithArgs.testDSVOutput (batchId=217)
org.apache.hive.beeline.TestBeeLineWithArgs.testDSVOutputWithDoubleQuotes (batchId=217)
org.apache.hive.beeline.TestBeeLineWithArgs.testEmbeddedBeelineConnection (batchId=217)
org.apache.hive.beeline.TestBeeLineWithArgs.testEscapeSemiColonInEnclosedQuery (batchId=217)
org.apache.hive.beeline.TestBeeLineWithArgs.testEscapeSemiColonInQueries (batchId=217)
org.apache.hive.beeline.TestBeeLineWithArgs.testHiveVarSubstitution (batchId=217)
org.apache.hive.beeline.TestBeeLineWithArgs.testLastLineCmdInScriptFile (batchId=217)
org.apache.hive.beeline.TestBeeLineWithArgs.testMultiCommandsInOneEnclosedQuery (batchId=217)
org.apache.hive.beeline.TestBeeLineWithArgs.testMultiCommandsInOneline (batchId=217)
org.apache.hive.beeline.TestBeeLineWithArgs.testNullDefault (batchId=217)
org.apache.hive.beeline.TestBeeLineWithArgs.testNullEmpty (batchId=217)
org.apache.hive.beeline.TestBeeLineWithArgs.testNullEmptyCmdArg (batchId=217)
org.apache.hive.beeline.TestBeeLineWithArgs.testNullNonEmpty (batchId=217)
org.apache.hive.beeline.TestBeeLineWithArgs.testOneCommandInMultiLines (batchId=217)
org.apache.hive.beeline.TestBeeLineWithArgs.testPositiveScriptFile (batchId=217)
org.apache.hive.beeline.TestBeeLineWithArgs.testSelectQueryWithNonEscapedSemiColon (batchId=217)
org.apache.hive.beeline.TestBeeLineWithArgs.testTSV2Output (batchId=217)
org.apache.hive.beeline.TestBeeLineWithArgs.testTSV2OutputWithDoubleQuotes (batchId=217)
org.apache.hive.beeline.TestBeeLineWithArgs.testTSVOutput (batchId=217)
org.apache.hive.beeline.TestBeeLineWithArgs.testTSVOutputWithDoubleQuotes (batchId=217)
org.apache.hive.beeline.TestBeelinePasswordOption.testNoPasswordPrompt (batchId=217)
org.apache.hive.beeline.TestBeelinePasswordOption.testNoPasswordPrompt2 (batchId=217)
org.apache.hive.beeline.TestBeelinePasswordOption.testPromptPassOptionLastWithBeelineOpts (batchId=217)
org.apache.hive.beeline.TestBeelinePasswordOption.testPromptPasswordOptionWithBeelineOpts (batchId=217)
org.apache.hive.beeline.TestBeelinePasswordOption.testPromptPasswordOptionWithOtherOptions (batchId=217)
org.apache.hive.beeline.TestBeelinePasswordOption.testPromptPasswordVerifyBeelineOpts (batchId=217)
org.apache.hive.beeline.TestBeelinePasswordOption.testPromptPasswordWithHiveConf (batchId=217)
org.apache.hive.beeline.cli.TestHiveCli.testCmd (batchId=173)
org.apache.hive.beeline.cli.TestHiveCli.testDatabaseOptions (batchId=173)
org.apache.hive.beeline.cli.TestHiveCli.testNoErrorDB (batchId=173)
org.apache.hive.beeline.cli.TestHiveCli.testSetHeaderValue (batchId=173)
org.apache.hive.beeline.cli.TestHiveCli.testSetPromptValue (batchId=173)
org.apache.hive.beeline.cli.TestHiveCli.testSourceCmd (batchId=173)
org.apache.hive.beeline.cli.TestHiveCli.testSourceCmd2 (batchId=173)
org.apache.hive.beeline.cli.TestHiveCli.testSourceCmd3 (batchId=173)
org.apache.hive.beeline.cli.TestHiveCli.testSqlFromCmd (batchId=173)
org.apache.hive.beeline.cli.TestHiveCli.testSqlFromCmdWithDBName (batchId=173)
org.apache.hive.beeline.cli.TestHiveCli.testVariables (batchId=173)
org.apache.hive.beeline.cli.TestHiveCli.testVariablesForSource (batchId=173)
org.apache.hive.beeline.hs2connection.TestBeelineConnectionUsingHiveSite.testBeelineConnectionHttp (batchId=217)
org.apache.hive.beeline.hs2connection.TestBeelineConnectionUsingHiveSite.testBeelineConnectionNoAuth (batchId=217)
org.apache.hive.beeline.hs2connection.TestBeelineConnectionUsingHiveSite.testBeelineConnectionSSL (batchId=217)
org.apache.hive.beeline.hs2connection.TestBeelineConnectionUsingHiveSite.testBeelineUsingArgs (batchId=217)
org.apache.hive.beeline.hs2connection.TestBeelineWithUserHs2ConnectionFile.testBeelineConnectionHttp (batchId=217)
org.apache.hive.beeline.hs2connection.TestBeelineWithUserHs2ConnectionFile.testBeelineConnectionNoAuth (batchId=217)
org.apache.hive.beeline.hs2connection.TestBeelineWithUserHs2ConnectionFile.testBeelineConnectionSSL (batchId=217)
org.apache.hive.service.server.TestHS2HttpServer.testContextRootUrlRewrite (batchId=191)
{noformat}

Test results: https://builds.apache.org/job/PreCommit-HIVE-Build/4693/testReport
Console output: https://builds.apache.org/job/PreCommit-HIVE-Build/4693/console
Test logs: http://104.198.109.242/logs/PreCommit-HIVE-Build-4693/

Messages:
{noformat}
Executing org.apache.hive.ptest.execution.TestCheckPhase
Executing org.apache.hive.ptest.execution.PrepPhase
Executing org.apache.hive.ptest.execution.ExecutionPhase
Executing org.apache.hive.ptest.execution.ReportingPhase
Tests exited with: TestsFailedException: 57 tests failed
{noformat}

This message is automatically generated.

ATTACHMENT ID: 12863459 - PreCommit-HIVE-Build



Here are the results of testing the latest attachment:
https://issues.apache.org/jira/secure/attachment/12863459/HIVE-16449.02.patch

{color:red}ERROR:{color} -1 due to no test(s) being added or modified.

{color:red}ERROR:{color} -1 due to 57 failed/errored test(s), 10574 tests executed
*Failed tests:*
{noformat}
org.apache.hadoop.hive.cli.TestMiniLlapLocalCliDriver.testCliDriver[vector_if_expr] (batchId=143)
org.apache.hive.beeline.TestBeeLineWithArgs.testBackslashInLiteral (batchId=217)
org.apache.hive.beeline.TestBeeLineWithArgs.testBeelineHiveConfVariable (batchId=217)
org.apache.hive.beeline.TestBeeLineWithArgs.testBeelineHiveVariable (batchId=217)
org.apache.hive.beeline.TestBeeLineWithArgs.testBeelineMultiHiveVariable (batchId=217)
org.apache.hive.beeline.TestBeeLineWithArgs.testBeelineWithForce (batchId=217)
org.apache.hive.beeline.TestBeeLineWithArgs.testCSV2OutputWithDoubleQuotes (batchId=217)
org.apache.hive.beeline.TestBeeLineWithArgs.testCSVOutput (batchId=217)
org.apache.hive.beeline.TestBeeLineWithArgs.testCSVOutputWithDoubleQuotes (batchId=217)
org.apache.hive.beeline.TestBeeLineWithArgs.testConnectionUrlWithSemiColon (batchId=217)
org.apache.hive.beeline.TestBeeLineWithArgs.testConnectionWithURLParams (batchId=217)
org.apache.hive.beeline.TestBeeLineWithArgs.testDSVOutput (batchId=217)
org.apache.hive.beeline.TestBeeLineWithArgs.testDSVOutputWithDoubleQuotes (batchId=217)
org.apache.hive.beeline.TestBeeLineWithArgs.testEmbeddedBeelineConnection (batchId=217)
org.apache.hive.beeline.TestBeeLineWithArgs.testEscapeSemiColonInEnclosedQuery (batchId=217)
org.apache.hive.beeline.TestBeeLineWithArgs.testEscapeSemiColonInQueries (batchId=217)
org.apache.hive.beeline.TestBeeLineWithArgs.testHiveVarSubstitution (batchId=217)
org.apache.hive.beeline.TestBeeLineWithArgs.testLastLineCmdInScriptFile (batchId=217)
org.apache.hive.beeline.TestBeeLineWithArgs.testMultiCommandsInOneEnclosedQuery (batchId=217)
org.apache.hive.beeline.TestBeeLineWithArgs.testMultiCommandsInOneline (batchId=217)
org.apache.hive.beeline.TestBeeLineWithArgs.testNullDefault (batchId=217)
org.apache.hive.beeline.TestBeeLineWithArgs.testNullEmpty (batchId=217)
org.apache.hive.beeline.TestBeeLineWithArgs.testNullEmptyCmdArg (batchId=217)
org.apache.hive.beeline.TestBeeLineWithArgs.testNullNonEmpty (batchId=217)
org.apache.hive.beeline.TestBeeLineWithArgs.testOneCommandInMultiLines (batchId=217)
org.apache.hive.beeline.TestBeeLineWithArgs.testPositiveScriptFile (batchId=217)
org.apache.hive.beeline.TestBeeLineWithArgs.testSelectQueryWithNonEscapedSemiColon (batchId=217)
org.apache.hive.beeline.TestBeeLineWithArgs.testTSV2Output (batchId=217)
org.apache.hive.beeline.TestBeeLineWithArgs.testTSV2OutputWithDoubleQuotes (batchId=217)
org.apache.hive.beeline.TestBeeLineWithArgs.testTSVOutput (batchId=217)
org.apache.hive.beeline.TestBeeLineWithArgs.testTSVOutputWithDoubleQuotes (batchId=217)
org.apache.hive.beeline.TestBeelinePasswordOption.testNoPasswordPrompt (batchId=217)
org.apache.hive.beeline.TestBeelinePasswordOption.testNoPasswordPrompt2 (batchId=217)
org.apache.hive.beeline.TestBeelinePasswordOption.testPromptPassOptionLastWithBeelineOpts (batchId=217)
org.apache.hive.beeline.TestBeelinePasswordOption.testPromptPasswordOptionWithBeelineOpts (batchId=217)
org.apache.hive.beeline.TestBeelinePasswordOption.testPromptPasswordOptionWithOtherOptions (batchId=217)
org.apache.hive.beeline.TestBeelinePasswordOption.testPromptPasswordVerifyBeelineOpts (batchId=217)
org.apache.hive.beeline.TestBeelinePasswordOption.testPromptPasswordWithHiveConf (batchId=217)
org.apache.hive.beeline.cli.TestHiveCli.testCmd (batchId=173)
org.apache.hive.beeline.cli.TestHiveCli.testDatabaseOptions (batchId=173)
org.apache.hive.beeline.cli.TestHiveCli.testNoErrorDB (batchId=173)
org.apache.hive.beeline.cli.TestHiveCli.testSetHeaderValue (batchId=173)
org.apache.hive.beeline.cli.TestHiveCli.testSetPromptValue (batchId=173)
org.apache.hive.beeline.cli.TestHiveCli.testSourceCmd (batchId=173)
org.apache.hive.beeline.cli.TestHiveCli.testSourceCmd2 (batchId=173)
org.apache.hive.beeline.cli.TestHiveCli.testSourceCmd3 (batchId=173)
org.apache.hive.beeline.cli.TestHiveCli.testSqlFromCmd (batchId=173)
org.apache.hive.beeline.cli.TestHiveCli.testSqlFromCmdWithDBName (batchId=173)
org.apache.hive.beeline.cli.TestHiveCli.testVariables (batchId=173)
org.apache.hive.beeline.cli.TestHiveCli.testVariablesForSource (batchId=173)
org.apache.hive.beeline.hs2connection.TestBeelineConnectionUsingHiveSite.testBeelineConnectionHttp (batchId=217)
org.apache.hive.beeline.hs2connection.TestBeelineConnectionUsingHiveSite.testBeelineConnectionNoAuth (batchId=217)
org.apache.hive.beeline.hs2connection.TestBeelineConnectionUsingHiveSite.testBeelineConnectionSSL (batchId=217)
org.apache.hive.beeline.hs2connection.TestBeelineConnectionUsingHiveSite.testBeelineUsingArgs (batchId=217)
org.apache.hive.beeline.hs2connection.TestBeelineWithUserHs2ConnectionFile.testBeelineConnectionHttp (batchId=217)
org.apache.hive.beeline.hs2connection.TestBeelineWithUserHs2ConnectionFile.testBeelineConnectionNoAuth (batchId=217)
org.apache.hive.beeline.hs2connection.TestBeelineWithUserHs2ConnectionFile.testBeelineConnectionSSL (batchId=217)
{noformat}

Test results: https://builds.apache.org/job/PreCommit-HIVE-Build/4694/testReport
Console output: https://builds.apache.org/job/PreCommit-HIVE-Build/4694/console
Test logs: http://104.198.109.242/logs/PreCommit-HIVE-Build-4694/

Messages:
{noformat}
Executing org.apache.hive.ptest.execution.TestCheckPhase
Executing org.apache.hive.ptest.execution.PrepPhase
Executing org.apache.hive.ptest.execution.ExecutionPhase
Executing org.apache.hive.ptest.execution.ReportingPhase
Tests exited with: TestsFailedException: 57 tests failed
{noformat}

This message is automatically generated.

ATTACHMENT ID: 12863459 - PreCommit-HIVE-Build

Added null check, which caused test failures.



Here are the results of testing the latest attachment:
https://issues.apache.org/jira/secure/attachment/12863474/HIVE-16449.03.patch

{color:red}ERROR:{color} -1 due to no test(s) being added or modified.

{color:red}ERROR:{color} -1 due to 1 failed/errored test(s), 10574 tests executed
*Failed tests:*
{noformat}
org.apache.hadoop.hive.cli.TestMiniLlapLocalCliDriver.testCliDriver[vector_if_expr] (batchId=143)
{noformat}

Test results: https://builds.apache.org/job/PreCommit-HIVE-Build/4696/testReport
Console output: https://builds.apache.org/job/PreCommit-HIVE-Build/4696/console
Test logs: http://104.198.109.242/logs/PreCommit-HIVE-Build-4696/

Messages:
{noformat}
Executing org.apache.hive.ptest.execution.TestCheckPhase
Executing org.apache.hive.ptest.execution.PrepPhase
Executing org.apache.hive.ptest.execution.ExecutionPhase
Executing org.apache.hive.ptest.execution.ReportingPhase
Tests exited with: TestsFailedException: 1 tests failed
{noformat}

This message is automatically generated.

ATTACHMENT ID: 12863474 - PreCommit-HIVE-Build

Added review board link: https://reviews.apache.org/r/58454/

Rebased the patch, handled checkstyle and findbugs errors, and made it even more clear, that the converters are working only in test mode

Addressed review comments:
- Created ConvertedOutputFile.java, and moved converter specific code there
- Minimized the changes in OutputFile

about the enum changes:  yes, I had a similar approach in mind :)
+1 (pending tests)

Retrigger the tests with the same patch file



Here are the results of testing the latest attachment:
https://issues.apache.org/jira/secure/attachment/12864755/HIVE-16449.06.patch

{color:red}ERROR:{color} -1 due to no test(s) being added or modified.

{color:red}ERROR:{color} -1 due to 5 failed/errored test(s), 10628 tests executed
*Failed tests:*
{noformat}
org.apache.hadoop.hive.cli.TestAccumuloCliDriver.testCliDriver[accumulo_index] (batchId=225)
org.apache.hadoop.hive.cli.TestCliDriver.testCliDriver[alter_partition_update_status] (batchId=83)
org.apache.hadoop.hive.cli.TestMiniLlapCliDriver.testCliDriver[dynamic_semijoin_user_level] (batchId=140)
org.apache.hadoop.hive.cli.TestMiniLlapLocalCliDriver.testCliDriver[vector_if_expr] (batchId=143)
org.apache.hadoop.hive.cli.TestSparkCliDriver.testCliDriver[vector_count_distinct] (batchId=109)
{noformat}

Test results: https://builds.apache.org/job/PreCommit-HIVE-Build/4866/testReport
Console output: https://builds.apache.org/job/PreCommit-HIVE-Build/4866/console
Test logs: http://104.198.109.242/logs/PreCommit-HIVE-Build-4866/

Messages:
{noformat}
Executing org.apache.hive.ptest.execution.TestCheckPhase
Executing org.apache.hive.ptest.execution.PrepPhase
Executing org.apache.hive.ptest.execution.ExecutionPhase
Executing org.apache.hive.ptest.execution.ReportingPhase
Tests exited with: TestsFailedException: 5 tests failed
{noformat}

This message is automatically generated.

ATTACHMENT ID: 12864755 - PreCommit-HIVE-Build

Retriggering the tests - the failures should not be related

I hope this will run now...



Here are the results of testing the latest attachment:
https://issues.apache.org/jira/secure/attachment/12866162/HIVE-16449.08.patch

{color:red}ERROR:{color} -1 due to no test(s) being added or modified.

{color:red}ERROR:{color} -1 due to 3 failed/errored test(s), 10638 tests executed
*Failed tests:*
{noformat}
org.apache.hadoop.hive.cli.TestAccumuloCliDriver.testCliDriver[accumulo_index] (batchId=225)
org.apache.hadoop.hive.cli.TestBeeLineDriver.testCliDriver[smb_mapjoin_3] (batchId=234)
org.apache.hadoop.hive.cli.TestMiniLlapLocalCliDriver.testCliDriver[vector_if_expr] (batchId=143)
{noformat}

Test results: https://builds.apache.org/job/PreCommit-HIVE-Build/5022/testReport
Console output: https://builds.apache.org/job/PreCommit-HIVE-Build/5022/console
Test logs: http://104.198.109.242/logs/PreCommit-HIVE-Build-5022/

Messages:
{noformat}
Executing org.apache.hive.ptest.execution.TestCheckPhase
Executing org.apache.hive.ptest.execution.PrepPhase
Executing org.apache.hive.ptest.execution.ExecutionPhase
Executing org.apache.hive.ptest.execution.ReportingPhase
Tests exited with: TestsFailedException: 3 tests failed
{noformat}

This message is automatically generated.

ATTACHMENT ID: 12866162 - PreCommit-HIVE-Build

The failing tests are not related:
- HIVE-15776 - Flaky test: TestMiniLlapLocalCliDriver vector_if_expr
- HIVE-15795 - Support Accumulo Index Tables in Hive Accumulo Connector
- TestBeeLineDriver.testCliDriver[smb_mapjoin_3] caused by HIVE-16451 - Race condition between HiveStatement.getQueryLog and HiveStatement.runAsyncOnServer - waiting for commit

So I think this patch is ready for commit.

Thanks,
Peter

pushed to master, thank you Peter for taking care of this!

Does this need to be documented in the wiki?  If so, please add a TODOC3.0 label.

* [HiveServer2 Clients -- Beeline | https://cwiki.apache.org/confluence/display/Hive/HiveServer2+Clients#HiveServer2Clients-Beeline–CommandLineShell]

[~leftylev] this ticket extends the beeline tests to function more similarily to the others; until now they didn't supported the sorted mode - so its a testing only feature

Thanks [~kgyrtkirk] for the review and the commit!
[~leftylev]: As [~kgyrtkirk] said this is only a test change. But I think I will need to review the test documentation especially after HIVE-16468 (https://cwiki.apache.org/confluence/display/Hive/HiveDeveloperFAQ#HiveDeveloperFAQ-Testing). I will include the working sorting methods too. Thanks for pointing this out!

Peter

Great, thanks both!

Hive 3.0.0 has been released so closing this jira.

