This particular test intermittently fails in CI sometimes. 

 

[ERROR] Failures: 
[ERROR] ITTestHoodieSanity.testRunHoodieJavaAppOnSinglePartitionKeyCOWTable:50->testRunHoodieJavaApp:158->ITTestBase.executeCommandStringInDocker:212->ITTestBase.executeCommandInDocker:191 Command ([/var/hoodie/ws/hudi-spark/run_hoodie_streaming_app.sh, --hive-sync, --table-path, hdfs://namenode/docker_hoodie_single_partition_key_cow_test, --hive-url, jdbc:hive2://hiveserver:10000, --table-type, COPY_ON_WRITE, --hive-table, docker_hoodie_single_partition_key_cow_test]) expected to succeed. Exit (255) ==> expected: <0> but was: <255>

 

job link: [https://travis-ci.org/github/nsivabalan/hudi/jobs/716545898]

 

 