Test cases:
{code:java}
v = {1.0, -1.0, 0.0}
power = 3
expResult = 1.25

evaluated = 0{code}
{code:java}
v = {1.0, -1.0, 0.0}
power = 5
expResult = 1.14

evaluated = 0{code}

[~mrkandreev]Â Please move ticket to the patch available status

{panel:title=Branch: [pull/8196/head] Base: [master] : Possible Blockers (113)|borderStyle=dashed|borderColor=#ccc|titleBGColor=#F7D6C1}
{color:#d04437}MVCC Cache 7{color} [[tests 0 TIMEOUT , Exit Code |https://ci.ignite.apache.org/viewLog.html?buildId=5644152]]

{color:#d04437}Control Utility{color} [[tests 0 TIMEOUT , Exit Code |https://ci.ignite.apache.org/viewLog.html?buildId=5644165]]

{color:#d04437}Platform .NET (Long Running){color} [[tests 1 Exit Code |https://ci.ignite.apache.org/viewLog.html?buildId=5644136]]
* exe: IgniteStartStopTest.TestStartDefault - Test has low fail rate in base branch 0,0% and is not flaky

{color:#d04437}Queries 1{color} [[tests 1|https://ci.ignite.apache.org/viewLog.html?buildId=5644138]]
* IgniteBinaryCacheQueryTestSuite: DynamicIndexClientBasicSelfTest.testCreateIndexWithInlineSizePartitionedAtomicNear - Test has low fail rate in base branch 0,0% and is not flaky

{color:#d04437}Cache (Expiry Policy){color} [[tests 0 Out Of Memory Error |https://ci.ignite.apache.org/viewLog.html?buildId=5644101]]

{color:#d04437}Service Grid (legacy mode){color} [[tests 0 TIMEOUT , Out Of Memory Error , Exit Code |https://ci.ignite.apache.org/viewLog.html?buildId=5644145]]

{color:#d04437}Thin client: Python{color} [[tests 98 Exit Code |https://ci.ignite.apache.org/viewLog.html?buildId=5644139]]
* tests.test_binary.test_nested_binary_objects[localhost-10800-None-True-None-.opt.buildagent.work.7bc1c54bc719b67c.modules.platforms.python.tests.config.ssl.client_full_pem-None-VerifyMode_CERT_NONE-DEFAULT:!aNULL:!eNULL:!MD5:!3DES:!DES:!RC4:!IDEA:!SEED:!aDSS:!SRP:!PSK-_SSLMethod_PROTOCOL_TLSv1_1-None-None] - History for base branch is absent.
* tests.test_binary.test_sql_write_as_binary[localhost-10800-None-True-None-.opt.buildagent.work.7bc1c54bc719b67c.modules.platforms.python.tests.config.ssl.client_full_pem-None-VerifyMode_CERT_NONE-DEFAULT:!aNULL:!eNULL:!MD5:!3DES:!DES:!RC4:!IDEA:!SEED:!aDSS:!SRP:!PSK-_SSLMethod_PROTOCOL_TLSv1_1-None-None] - History for base branch is absent.
* tests.test_binary.test_sql_read_as_binary[localhost-10800-None-True-None-.opt.buildagent.work.7bc1c54bc719b67c.modules.platforms.python.tests.config.ssl.client_full_pem-None-VerifyMode_CERT_NONE-DEFAULT:!aNULL:!eNULL:!MD5:!3DES:!DES:!RC4:!IDEA:!SEED:!aDSS:!SRP:!PSK-_SSLMethod_PROTOCOL_TLSv1_1-None-None] - History for base branch is absent.
* tests.test_cache_class.test_get_binary_type[localhost-10800-None-True-None-.opt.buildagent.work.7bc1c54bc719b67c.modules.platforms.python.tests.config.ssl.client_full_pem-None-VerifyMode_CERT_NONE-DEFAULT:!aNULL:!eNULL:!MD5:!3DES:!DES:!RC4:!IDEA:!SEED:!aDSS:!SRP:!PSK-_SSLMethod_PROTOCOL_TLSv1_1-None-None] - History for base branch is absent.
* tests.test_cache_class.test_cache_binary_get_put[localhost-10800-None-True-None-.opt.buildagent.work.7bc1c54bc719b67c.modules.platforms.python.tests.config.ssl.client_full_pem-None-VerifyMode_CERT_NONE-DEFAULT:!aNULL:!eNULL:!MD5:!3DES:!DES:!RC4:!IDEA:!SEED:!aDSS:!SRP:!PSK-_SSLMethod_PROTOCOL_TLSv1_1-None-None] - History for base branch is absent.
* tests.test_cache_class.test_cache_get_put[localhost-10800-None-True-None-.opt.buildagent.work.7bc1c54bc719b67c.modules.platforms.python.tests.config.ssl.client_full_pem-None-VerifyMode_CERT_NONE-DEFAULT:!aNULL:!eNULL:!MD5:!3DES:!DES:!RC4:!IDEA:!SEED:!aDSS:!SRP:!PSK-_SSLMethod_PROTOCOL_TLSv1_1-None-None] - History for base branch is absent.
* tests.test_cache_class.test_cache_config[localhost-10800-None-True-None-.opt.buildagent.work.7bc1c54bc719b67c.modules.platforms.python.tests.config.ssl.client_full_pem-None-VerifyMode_CERT_NONE-DEFAULT:!aNULL:!eNULL:!MD5:!3DES:!DES:!RC4:!IDEA:!SEED:!aDSS:!SRP:!PSK-_SSLMethod_PROTOCOL_TLSv1_1-None-None] - History for base branch is absent.
* tests.test_cache_class.test_cache_get[localhost-10800-None-True-None-.opt.buildagent.work.7bc1c54bc719b67c.modules.platforms.python.tests.config.ssl.client_full_pem-None-VerifyMode_CERT_NONE-DEFAULT:!aNULL:!eNULL:!MD5:!3DES:!DES:!RC4:!IDEA:!SEED:!aDSS:!SRP:!PSK-_SSLMethod_PROTOCOL_TLSv1_1-None-None] - History for base branch is absent.
* tests.test_cache_class.test_cache_remove[localhost-10800-None-True-None-.opt.buildagent.work.7bc1c54bc719b67c.modules.platforms.python.tests.config.ssl.client_full_pem-None-VerifyMode_CERT_NONE-DEFAULT:!aNULL:!eNULL:!MD5:!3DES:!DES:!RC4:!IDEA:!SEED:!aDSS:!SRP:!PSK-_SSLMethod_PROTOCOL_TLSv1_1-None-None] - History for base branch is absent.
* tests.test_cache_class.test_cache_create[localhost-10800-None-True-None-.opt.buildagent.work.7bc1c54bc719b67c.modules.platforms.python.tests.config.ssl.client_full_pem-None-VerifyMode_CERT_NONE-DEFAULT:!aNULL:!eNULL:!MD5:!3DES:!DES:!RC4:!IDEA:!SEED:!aDSS:!SRP:!PSK-_SSLMethod_PROTOCOL_TLSv1_1-None-None] - History for base branch is absent.
* tests.test_binary.test_add_schema_to_binary_object[localhost-10800-None-True-None-.opt.buildagent.work.7bc1c54bc719b67c.modules.platforms.python.tests.config.ssl.client_full_pem-None-VerifyMode_CERT_NONE-DEFAULT:!aNULL:!eNULL:!MD5:!3DES:!DES:!RC4:!IDEA:!SEED:!aDSS:!SRP:!PSK-_SSLMethod_PROTOCOL_TLSv1_1-None-None] - History for base branch is absent.
... and 87 tests blockers

{color:#d04437}Cache (Deadlock Detection){color} [[tests 1 TIMEOUT , Out Of Memory Error , Exit Code |https://ci.ignite.apache.org/viewLog.html?buildId=5644100]]
* TxDeadlockDetectionTestSuite: TxOptimisticDeadlockDetectionTest.testDeadlocksReplicated - Test has low fail rate in base branch 0,0% and is not flaky

{color:#d04437}Platform C++ CMake (Win x64 / Release){color} [[tests 0 Exit Code |https://ci.ignite.apache.org/viewLog.html?buildId=5644167]]

{color:#d04437}Continuous Query 2{color} [[tests 1|https://ci.ignite.apache.org/viewLog.html?buildId=5644060]]
* IgniteCacheQuerySelfTestSuite4: CacheContinuousQueryFailoverMvccTxSelfTest.testMultiThreadedFailover - Test has low fail rate in base branch 0,0% and is not flaky

{color:#d04437}Java Client{color} [[tests 1|https://ci.ignite.apache.org/viewLog.html?buildId=5644068]]
* IgniteClientTestSuite: ClientTcpSslMultiThreadedSelfTest.testMultithreadedTaskRun - Test has low fail rate in base branch 0,0% and is not flaky

{color:#d04437}Basic 2{color} [[tests 1|https://ci.ignite.apache.org/viewLog.html?buildId=5644052]]
* IgniteComputeBasicConfigVariationsFullApiTestSuite: IgniteComputeConfigVariationsFullApiTest_14.testRun - Test has low fail rate in base branch 0,0% and is not flaky

{color:#d04437}RDD{color} [[tests 0 Exit Code |https://ci.ignite.apache.org/viewLog.html?buildId=5644074]]

{panel}
{panel:title=Branch: [pull/8196/head] Base: [master] : New Tests (202)|borderStyle=dashed|borderColor=#ccc|titleBGColor=#F7D6C1}
{color:#00008b}MVCC Cache 7{color} [[tests 1|https://ci.ignite.apache.org/viewLog.html?buildId=5644152]]
* {color:#013220}IgniteCacheMvccTestSuite7: GridCacheScheduleResendPartitionsAfterEvictionTest.testRentingFuturesListenersNotGrowingUncontrollably - PASSED{color}

{color:#00008b}Cache 7{color} [[tests 1|https://ci.ignite.apache.org/viewLog.html?buildId=5644117]]
* {color:#013220}IgniteCacheTestSuite7: GridCacheScheduleResendPartitionsAfterEvictionTest.testRentingFuturesListenersNotGrowingUncontrollably - PASSED{color}

{color:#00008b}Basic 1{color} [[tests 4|https://ci.ignite.apache.org/viewLog.html?buildId=5644091]]
* {color:#013220}IgniteBasicTestSuite: DropCacheContextDuringEvictionTest.testDestroyCache - PASSED{color}
* {color:#013220}IgniteBasicTestSuite: PartitionsEvictionTaskFailureHandlerTest.testEvictionTaskShouldCallFailureHandler - PASSED{color}
* {color:#013220}IgniteBasicTestSuite: DropCacheContextDuringEvictionTest.testDeactivation - PASSED{color}
* {color:#013220}IgniteBasicTestSuite: DropCacheContextDuringEvictionTest.testDestroyCacheGroup - PASSED{color}

{color:#00008b}Thin client: Python{color} [[tests 196|https://ci.ignite.apache.org/viewLog.html?buildId=5644139]]
* {color:#8b0000}tests.test_binary.test_nested_binary_objects[localhost-10800-None-True-None-.opt.buildagent.work.7bc1c54bc719b67c.modules.platforms.python.tests.config.ssl.client_full_pem-None-VerifyMode_CERT_NONE-DEFAULT:!aNULL:!eNULL:!MD5:!3DES:!DES:!RC4:!IDEA:!SEED:!aDSS:!SRP:!PSK-_SSLMethod_PROTOCOL_TLSv1_1-None-None] - FAILED{color}
* {color:#8b0000}tests.test_binary.test_sql_write_as_binary[localhost-10800-None-True-None-.opt.buildagent.work.7bc1c54bc719b67c.modules.platforms.python.tests.config.ssl.client_full_pem-None-VerifyMode_CERT_NONE-DEFAULT:!aNULL:!eNULL:!MD5:!3DES:!DES:!RC4:!IDEA:!SEED:!aDSS:!SRP:!PSK-_SSLMethod_PROTOCOL_TLSv1_1-None-None] - FAILED{color}
* {color:#8b0000}tests.test_binary.test_sql_read_as_binary[localhost-10800-None-True-None-.opt.buildagent.work.7bc1c54bc719b67c.modules.platforms.python.tests.config.ssl.client_full_pem-None-VerifyMode_CERT_NONE-DEFAULT:!aNULL:!eNULL:!MD5:!3DES:!DES:!RC4:!IDEA:!SEED:!aDSS:!SRP:!PSK-_SSLMethod_PROTOCOL_TLSv1_1-None-None] - FAILED{color}
* {color:#8b0000}tests.test_cache_class.test_get_binary_type[localhost-10800-None-True-None-.opt.buildagent.work.7bc1c54bc719b67c.modules.platforms.python.tests.config.ssl.client_full_pem-None-VerifyMode_CERT_NONE-DEFAULT:!aNULL:!eNULL:!MD5:!3DES:!DES:!RC4:!IDEA:!SEED:!aDSS:!SRP:!PSK-_SSLMethod_PROTOCOL_TLSv1_1-None-None] - FAILED{color}
* {color:#8b0000}tests.test_cache_class.test_cache_binary_get_put[localhost-10800-None-True-None-.opt.buildagent.work.7bc1c54bc719b67c.modules.platforms.python.tests.config.ssl.client_full_pem-None-VerifyMode_CERT_NONE-DEFAULT:!aNULL:!eNULL:!MD5:!3DES:!DES:!RC4:!IDEA:!SEED:!aDSS:!SRP:!PSK-_SSLMethod_PROTOCOL_TLSv1_1-None-None] - FAILED{color}
* {color:#8b0000}tests.test_cache_class.test_cache_get_put[localhost-10800-None-True-None-.opt.buildagent.work.7bc1c54bc719b67c.modules.platforms.python.tests.config.ssl.client_full_pem-None-VerifyMode_CERT_NONE-DEFAULT:!aNULL:!eNULL:!MD5:!3DES:!DES:!RC4:!IDEA:!SEED:!aDSS:!SRP:!PSK-_SSLMethod_PROTOCOL_TLSv1_1-None-None] - FAILED{color}
* {color:#8b0000}tests.test_cache_class.test_cache_config[localhost-10800-None-True-None-.opt.buildagent.work.7bc1c54bc719b67c.modules.platforms.python.tests.config.ssl.client_full_pem-None-VerifyMode_CERT_NONE-DEFAULT:!aNULL:!eNULL:!MD5:!3DES:!DES:!RC4:!IDEA:!SEED:!aDSS:!SRP:!PSK-_SSLMethod_PROTOCOL_TLSv1_1-None-None] - FAILED{color}
* {color:#8b0000}tests.test_cache_class.test_cache_get[localhost-10800-None-True-None-.opt.buildagent.work.7bc1c54bc719b67c.modules.platforms.python.tests.config.ssl.client_full_pem-None-VerifyMode_CERT_NONE-DEFAULT:!aNULL:!eNULL:!MD5:!3DES:!DES:!RC4:!IDEA:!SEED:!aDSS:!SRP:!PSK-_SSLMethod_PROTOCOL_TLSv1_1-None-None] - FAILED{color}
* {color:#8b0000}tests.test_cache_class.test_cache_remove[localhost-10800-None-True-None-.opt.buildagent.work.7bc1c54bc719b67c.modules.platforms.python.tests.config.ssl.client_full_pem-None-VerifyMode_CERT_NONE-DEFAULT:!aNULL:!eNULL:!MD5:!3DES:!DES:!RC4:!IDEA:!SEED:!aDSS:!SRP:!PSK-_SSLMethod_PROTOCOL_TLSv1_1-None-None] - FAILED{color}
* {color:#8b0000}tests.test_cache_class.test_cache_create[localhost-10800-None-True-None-.opt.buildagent.work.7bc1c54bc719b67c.modules.platforms.python.tests.config.ssl.client_full_pem-None-VerifyMode_CERT_NONE-DEFAULT:!aNULL:!eNULL:!MD5:!3DES:!DES:!RC4:!IDEA:!SEED:!aDSS:!SRP:!PSK-_SSLMethod_PROTOCOL_TLSv1_1-None-None] - FAILED{color}
* {color:#8b0000}tests.test_binary.test_add_schema_to_binary_object[localhost-10800-None-True-None-.opt.buildagent.work.7bc1c54bc719b67c.modules.platforms.python.tests.config.ssl.client_full_pem-None-VerifyMode_CERT_NONE-DEFAULT:!aNULL:!eNULL:!MD5:!3DES:!DES:!RC4:!IDEA:!SEED:!aDSS:!SRP:!PSK-_SSLMethod_PROTOCOL_TLSv1_1-None-None] - FAILED{color}
... and 185 new tests

{panel}
[TeamCity *--&gt; Run :: All* Results|https://ci.ignite.apache.org/viewLog.html?buildId=5644168&amp;buildTypeId=IgniteTests24Java8_RunAll]

