https://builds.apache.org/job/kafka-pr-jdk8-scala2.11/23145/

{code:java}
org.apache.kafka.connect.errors.DataException: Insufficient records committed by connector simple-conn in 15000 millis. Records expected=2000, actual=1517
	at org.apache.kafka.connect.integration.ConnectorHandle.awaitCommits(ConnectorHandle.java:188)
	at org.apache.kafka.connect.integration.ExampleConnectIntegrationTest.testSourceConnector(ExampleConnectIntegrationTest.java:181)
	at sun.reflect.NativeMethodAccessorImpl.invoke0(Native Method)
	at sun.reflect.NativeMethodAccessorImpl.invoke(NativeMethodAccessorImpl.java:62)
	at sun.reflect.DelegatingMethodAccessorImpl.invoke(DelegatingMethodAccessorImpl.java:43)
	at java.lang.reflect.Method.invoke(Method.java:498)
	at org.junit.runners.model.FrameworkMethod$1.runReflectiveCall(FrameworkMethod.java:59)
	at org.junit.internal.runners.model.ReflectiveCallable.run(ReflectiveCallable.java:12)
...
{code}

log attached: log-job23145.txt

https://builds.apache.org/job/kafka-pr-jdk8-scala2.11/23215
{code:java}
org.apache.kafka.connect.errors.DataException: Insufficient records committed by connector simple-conn in 15000 millis. Records expected=2000, actual=1185
	at org.apache.kafka.connect.integration.ConnectorHandle.awaitCommits(ConnectorHandle.java:188)
	at org.apache.kafka.connect.integration.ExampleConnectIntegrationTest.testSourceConnector(ExampleConnectIntegrationTest.java:181)
	at sun.reflect.NativeMethodAccessorImpl.invoke0(Native Method)
	at sun.reflect.NativeMethodAccessorImpl.invoke(NativeMethodAccessorImpl.java:62)
	at sun.reflect.DelegatingMethodAccessorImpl.invoke(DelegatingMethodAccessorImpl.java:43)
	at java.lang.reflect.Method.invoke(Method.java:498)
	at org.junit.runners.model.FrameworkMethod$1.runReflectiveCall(FrameworkMethod.java:59)
{code}

log attached: log-job23215.txt

https://builds.apache.org/job/kafka-pr-jdk11-scala2.12/6046

{code:java}
org.apache.kafka.connect.errors.DataException: Insufficient records committed by connector simple-conn in 15000 millis. Records expected=2000, actual=1898
	at org.apache.kafka.connect.integration.ConnectorHandle.awaitCommits(ConnectorHandle.java:188)
	at org.apache.kafka.connect.integration.ExampleConnectIntegrationTest.testSourceConnector(ExampleConnectIntegrationTest.java:181)
	at java.base/jdk.internal.reflect.NativeMethodAccessorImpl.invoke0(Native Method)
	at java.base/jdk.internal.reflect.NativeMethodAccessorImpl.invoke(NativeMethodAccessorImpl.java:62)
	at java.base/jdk.internal.reflect.DelegatingMethodAccessorImpl.invoke(DelegatingMethodAccessorImpl.java:43)
	at java.base/java.lang.reflect.Method.invoke(Method.java:566)
{code}

log attached: log-job6046.txt

https://builds.apache.org/job/kafka-pr-jdk11-scala2.13/139

{code:java}
org.apache.kafka.connect.errors.DataException: Insufficient records committed by connector simple-conn in 15000 millis. Records expected=2000, actual=1146
	at org.apache.kafka.connect.integration.ConnectorHandle.awaitCommits(ConnectorHandle.java:188)
	at org.apache.kafka.connect.integration.ExampleConnectIntegrationTest.testSourceConnector(ExampleConnectIntegrationTest.java:181)
	at java.base/jdk.internal.reflect.NativeMethodAccessorImpl.invoke0(Native Method)
	at java.base/jdk.internal.reflect.NativeMethodAccessorImpl.invoke(NativeMethodAccessorImpl.java:62)
	at java.base/jdk.internal.reflect.DelegatingMethodAccessorImpl.invoke(DelegatingMethodAccessorImpl.java:43)
	at java.base/java.lang.reflect.Method.invoke(Method.java:566)
{code}

log attached: log-job139.txt

https://builds.apache.org/job/kafka-pr-jdk11-scala2.13/141

{code:java}
org.apache.kafka.connect.errors.DataException: Insufficient records committed by connector simple-conn in 15000 millis. Records expected=2000, actual=924
	at org.apache.kafka.connect.integration.ConnectorHandle.awaitCommits(ConnectorHandle.java:188)
	at org.apache.kafka.connect.integration.ExampleConnectIntegrationTest.testSourceConnector(ExampleConnectIntegrationTest.java:181)
	at java.base/jdk.internal.reflect.NativeMethodAccessorImpl.invoke0(Native Method)
	at java.base/jdk.internal.reflect.NativeMethodAccessorImpl.invoke(NativeMethodAccessorImpl.java:62)
	at java.base/jdk.internal.reflect.DelegatingMethodAccessorImpl.invoke(DelegatingMethodAccessorImpl.java:43)
	at java.base/java.lang.reflect.Method.invoke(Method.java:566)
	at org.junit.runners.model.FrameworkMethod$1.runReflectiveCall(FrameworkMethod.java:59)
{code}

log attached: log-job141.txt

Related pull requests:
* https://github.com/apache/kafka/pull/7061
* https://github.com/apache/kafka/pull/7019

Seen again [https://builds.apache.org/job/kafka-pr-jdk8-scala2.11/23365/]

PR [https://github.com/apache/kafka/pull/7054]
h3. Error Message

org.apache.kafka.connect.errors.DataException: Insufficient records committed by connector simple-conn in 15000 millis. Records expected=2000, actual=407
h3. Stacktrace

org.apache.kafka.connect.errors.DataException: Insufficient records committed by connector simple-conn in 15000 millis. Records expected=2000, actual=407 at org.apache.kafka.connect.integration.ConnectorHandle.awaitCommits(ConnectorHandle.java:188) at org.apache.kafka.connect.integration.ExampleConnectIntegrationTest.testSourceConnector(ExampleConnectIntegrationTest.java:181) at sun.reflect.NativeMethodAccessorImpl.invoke0(Native Method) at sun.reflect.NativeMethodAccessorImpl.invoke(NativeMethodAccessorImpl.java:62) at sun.reflect.DelegatingMethodAccessorImpl.invoke(DelegatingMethodAccessorImpl.java:43) at java.lang.reflect.Method.invoke(Method.java:498) at org.junit.runners.model.FrameworkMethod$1.runReflectiveCall(FrameworkMethod.java:59) at org.junit.internal.runners.model.ReflectiveCallable.run(ReflectiveCallable.java:12) at org.junit.runners.model.FrameworkMethod.invokeExplosively(FrameworkMethod.java:56) at org.junit.internal.runners.statements.InvokeMethod.evaluate(InvokeMethod.java:17) at org.junit.internal.runners.statements.RunBefores.evaluate(RunBefores.java:26) at org.junit.internal.runners.statements.RunAfters.evaluate(RunAfters.java:27) at org.junit.runners.ParentRunner$3.evaluate(ParentRunner.java:305) at org.junit.runners.BlockJUnit4ClassRunner$1.evaluate(BlockJUnit4ClassRunner.java:100) at org.junit.runners.ParentRunner.runLeaf(ParentRunner.java:365) at org.junit.runners.BlockJUnit4ClassRunner.runChild(BlockJUnit4ClassRunner.java:103) at org.junit.runners.BlockJUnit4ClassRunner.runChild(BlockJUnit4ClassRunner.java:63) at org.junit.runners.ParentRunner$4.run(ParentRunner.java:330) at org.junit.runners.ParentRunner$1.schedule(ParentRunner.java:78) at org.junit.runners.ParentRunner.runChildren(ParentRunner.java:328) at org.junit.runners.ParentRunner.access$100(ParentRunner.java:65) at org.junit.runners.ParentRunner$2.evaluate(ParentRunner.java:292) at org.junit.runners.ParentRunner$3.evaluate(ParentRunner.java:305) at org.junit.runners.ParentRunner.run(ParentRunner.java:412) at org.gradle.api.internal.tasks.testing.junit.JUnitTestClassExecutor.runTestClass(JUnitTestClassExecutor.java:110) at org.gradle.api.internal.tasks.testing.junit.JUnitTestClassExecutor.execute(JUnitTestClassExecutor.java:58) at org.gradle.api.internal.tasks.testing.junit.JUnitTestClassExecutor.execute(JUnitTestClassExecutor.java:38) at org.gradle.api.internal.tasks.testing.junit.AbstractJUnitTestClassProcessor.processTestClass(AbstractJUnitTestClassProcessor.java:62) at org.gradle.api.internal.tasks.testing.SuiteTestClassProcessor.processTestClass(SuiteTestClassProcessor.java:51) at sun.reflect.NativeMethodAccessorImpl.invoke0(Native Method) at sun.reflect.NativeMethodAccessorImpl.invoke(NativeMethodAccessorImpl.java:62) at sun.reflect.DelegatingMethodAccessorImpl.invoke(DelegatingMethodAccessorImpl.java:43) at java.lang.reflect.Method.invoke(Method.java:498) at org.gradle.internal.dispatch.ReflectionDispatch.dispatch(ReflectionDispatch.java:35) at org.gradle.internal.dispatch.ReflectionDispatch.dispatch(ReflectionDispatch.java:24) at org.gradle.internal.dispatch.ContextClassLoaderDispatch.dispatch(ContextClassLoaderDispatch.java:32) at org.gradle.internal.dispatch.ProxyDispatchAdapter$DispatchingInvocationHandler.invoke(ProxyDispatchAdapter.java:93) at com.sun.proxy.$Proxy2.processTestClass(Unknown Source) at org.gradle.api.internal.tasks.testing.worker.TestWorker.processTestClass(TestWorker.java:118) at sun.reflect.NativeMethodAccessorImpl.invoke0(Native Method) at sun.reflect.NativeMethodAccessorImpl.invoke(NativeMethodAccessorImpl.java:62) at sun.reflect.DelegatingMethodAccessorImpl.invoke(DelegatingMethodAccessorImpl.java:43) at java.lang.reflect.Method.invoke(Method.java:498) at org.gradle.internal.dispatch.ReflectionDispatch.dispatch(ReflectionDispatch.java:35) at org.gradle.internal.dispatch.ReflectionDispatch.dispatch(ReflectionDispatch.java:24) at org.gradle.internal.remote.internal.hub.MessageHubBackedObjectConnection$DispatchWrapper.dispatch(MessageHubBackedObjectConnection.java:175) at org.gradle.internal.remote.internal.hub.MessageHubBackedObjectConnection$DispatchWrapper.dispatch(MessageHubBackedObjectConnection.java:157) at org.gradle.internal.remote.internal.hub.MessageHub$Handler.run(MessageHub.java:404) at org.gradle.internal.concurrent.ExecutorPolicy$CatchAndRecordFailures.onExecute(ExecutorPolicy.java:63) at org.gradle.internal.concurrent.ManagedExecutorImpl$1.run(ManagedExecutorImpl.java:46) at java.util.concurrent.ThreadPoolExecutor.runWorker(ThreadPoolExecutor.java:1149) at java.util.concurrent.ThreadPoolExecutor$Worker.run(ThreadPoolExecutor.java:624) at org.gradle.internal.concurrent.ThreadFactoryImpl$ManagedThreadRunnable.run(ThreadFactoryImpl.java:55) at java.lang.Thread.run(Thread.java:748)

 

 

[https://builds.apache.org/job/kafka-pr-jdk8-scala2.11/23372/testReport/junit/org.apache.kafka.connect.integration/ExampleConnectIntegrationTest/testSourceConnector/]

[https://builds.apache.org/job/kafka-pr-jdk11-scala2.13/326/testReport/junit/org.apache.kafka.connect.integration/ExampleConnectIntegrationTest/testSourceConnector/]

[https://builds.apache.org/job/kafka-pr-jdk11-scala2.13/342/testReport/junit/org.apache.kafka.connect.integration/ExampleConnectIntegrationTest/testSourceConnector/]

[https://builds.apache.org/job/kafka-pr-jdk8-scala2.11/23737/console]

 

https://builds.apache.org/job/kafka-pr-jdk11-scala2.13/667/testReport/junit/org.apache.kafka.connect.integration/ExampleConnectIntegrationTest/testSourceConnector/

https://builds.apache.org/job/kafka-pr-jdk11-scala2.12/6624/testReport/junit/org.apache.kafka.connect.integration/ExampleConnectIntegrationTest/testSourceConnector/

https://builds.apache.org/job/kafka-pr-jdk11-scala2.13/672/testReport/junit/org.apache.kafka.connect.integration/ExampleConnectIntegrationTest/testSourceConnector/

[https://builds.apache.org/job/kafka-pr-jdk8-scala2.11/23857/testReport/junit/org.apache.kafka.connect.integration/ExampleConnectIntegrationTest/testSourceConnector/]

[https://builds.apache.org/job/kafka-pr-jdk8-scala2.11/23942/testReport/junit/org.apache.kafka.connect.integration/ExampleConnectIntegrationTest/testSourceConnector/]

[https://builds.apache.org/job/kafka-pr-jdk11-scala2.13/793/testReport/junit/org.apache.kafka.connect.integration/ExampleConnectIntegrationTest/testSourceConnector/]

https://builds.apache.org/job/kafka-pr-jdk11-scala2.12/6802/testReport/junit/org.apache.kafka.connect.integration/ExampleConnectIntegrationTest/testSourceConnector/

[https://builds.apache.org/job/kafka-pr-jdk11-scala2.13/885/testReport/junit/org.apache.kafka.connect.integration/ExampleConnectIntegrationTest/testSourceConnector/]

https://builds.apache.org/job/kafka-pr-jdk11-scala2.12/6947/testReport/junit/org.apache.kafka.connect.integration/ExampleConnectIntegrationTest/testSourceConnector/

[https://builds.apache.org/blue/organizations/jenkins/kafka-trunk-jdk11/detail/kafka-trunk-jdk11/790/tests]

[https://builds.apache.org/job/kafka-pr-jdk11-scala2.13/1518]


{code:java}
org.apache.kafka.connect.errors.DataException: Insufficient records committed by connector simple-conn in 30000 millis. Records expected=2000, actual=1017
	at org.apache.kafka.connect.integration.ConnectorHandle.awaitCommits(ConnectorHandle.java:191)
	at org.apache.kafka.connect.integration.ExampleConnectIntegrationTest.testSourceConnector(ExampleConnectIntegrationTest.java:183)
	a{code}

Happens again:

{code}
Stacktrace
org.apache.kafka.connect.errors.DataException: Insufficient records committed by connector simple-conn in 30000 millis. Records expected=2000, actual=1231
	at org.apache.kafka.connect.integration.ConnectorHandle.awaitCommits(ConnectorHandle.java:191)
	at org.apache.kafka.connect.integration.ExampleConnectIntegrationTest.testSourceConnector(ExampleConnectIntegrationTest.java:183)
	at sun.reflect.NativeMethodAccessorImpl.invoke0(Native Method)
	at sun.reflect.NativeMethodAccessorImpl.invoke(NativeMethodAccessorImpl.java:62)
	at sun.reflect.DelegatingMethodAccessorImpl.invoke(DelegatingMethodAccessorImpl.java:43)
	at java.lang.reflect.Method.invoke(Method.java:498)
	at org.junit.runners.model.FrameworkMethod$1.runReflectiveCall(FrameworkMethod.java:59)
	at org.junit.internal.runners.model.ReflectiveCallable.run(ReflectiveCallable.java:12)
	at org.junit.runners.model.FrameworkMethod.invokeExplosively(FrameworkMethod.java:56)
	at org.junit.internal.runners.statements.InvokeMethod.evaluate(InvokeMethod.java:17)
	at org.junit.internal.runners.statements.RunBefores.evaluate(RunBefores.java:26)
	at org.junit.internal.runners.statements.RunAfters.evaluate(RunAfters.java:27)
	at org.junit.runners.ParentRunner$3.evaluate(ParentRunner.java:305)
	at org.junit.runners.BlockJUnit4ClassRunner$1.evaluate(BlockJUnit4ClassRunner.java:100)
	at org.junit.runners.ParentRunner.runLeaf(ParentRunner.java:365)
	at org.junit.runners.BlockJUnit4ClassRunner.runChild(BlockJUnit4ClassRunner.java:103)
	at org.junit.runners.BlockJUnit4ClassRunner.runChild(BlockJUnit4ClassRunner.java:63)
	at org.junit.runners.ParentRunner$4.run(ParentRunner.java:330)
	at org.junit.runners.ParentRunner$1.schedule(ParentRunner.java:78)
	at org.junit.runners.ParentRunner.runChildren(ParentRunner.java:328)
	at org.junit.runners.ParentRunner.access$100(ParentRunner.java:65)
	at org.junit.runners.ParentRunner$2.evaluate(ParentRunner.java:292)
	at org.junit.runners.ParentRunner$3.evaluate(ParentRunner.java:305)
	at org.junit.runners.ParentRunner.run(ParentRunner.java:412)
	at org.gradle.api.internal.tasks.testing.junit.JUnitTestClassExecutor.runTestClass(JUnitTestClassExecutor.java:110)
	at org.gradle.api.internal.tasks.testing.junit.JUnitTestClassExecutor.execute(JUnitTestClassExecutor.java:58)
	at org.gradle.api.internal.tasks.testing.junit.JUnitTestClassExecutor.execute(JUnitTestClassExecutor.java:38)
	at org.gradle.api.internal.tasks.testing.junit.AbstractJUnitTestClassProcessor.processTestClass(AbstractJUnitTestClassProcessor.java:62)
	at org.gradle.api.internal.tasks.testing.SuiteTestClassProcessor.processTestClass(SuiteTestClassProcessor.java:51)
	at sun.reflect.GeneratedMethodAccessor3.invoke(Unknown Source)
	at sun.reflect.DelegatingMethodAccessorImpl.invoke(DelegatingMethodAccessorImpl.java:43)
	at java.lang.reflect.Method.invoke(Method.java:498)
	at org.gradle.internal.dispatch.ReflectionDispatch.dispatch(ReflectionDispatch.java:35)
	at org.gradle.internal.dispatch.ReflectionDispatch.dispatch(ReflectionDispatch.java:24)
	at org.gradle.internal.dispatch.ContextClassLoaderDispatch.dispatch(ContextClassLoaderDispatch.java:32)
	at org.gradle.internal.dispatch.ProxyDispatchAdapter$DispatchingInvocationHandler.invoke(ProxyDispatchAdapter.java:93)
	at com.sun.proxy.$Proxy2.processTestClass(Unknown Source)
	at org.gradle.api.internal.tasks.testing.worker.TestWorker.processTestClass(TestWorker.java:118)
	at sun.reflect.GeneratedMethodAccessor2.invoke(Unknown Source)
	at sun.reflect.DelegatingMethodAccessorImpl.invoke(DelegatingMethodAccessorImpl.java:43)
	at java.lang.reflect.Method.invoke(Method.java:498)
	at org.gradle.internal.dispatch.ReflectionDispatch.dispatch(ReflectionDispatch.java:35)
	at org.gradle.internal.dispatch.ReflectionDispatch.dispatch(ReflectionDispatch.java:24)
	at org.gradle.internal.remote.internal.hub.MessageHubBackedObjectConnection$DispatchWrapper.dispatch(MessageHubBackedObjectConnection.java:175)
	at org.gradle.internal.remote.internal.hub.MessageHubBackedObjectConnection$DispatchWrapper.dispatch(MessageHubBackedObjectConnection.java:157)
	at org.gradle.internal.remote.internal.hub.MessageHub$Handler.run(MessageHub.java:404)
	at org.gradle.internal.concurrent.ExecutorPolicy$CatchAndRecordFailures.onExecute(ExecutorPolicy.java:63)
	at org.gradle.internal.concurrent.ManagedExecutorImpl$1.run(ManagedExecutorImpl.java:46)
	at java.util.concurrent.ThreadPoolExecutor.runWorker(ThreadPoolExecutor.java:1149)
	at java.util.concurrent.ThreadPoolExecutor$Worker.run(ThreadPoolExecutor.java:624)
	at org.gradle.internal.concurrent.ThreadFactoryImpl$ManagedThreadRunnable.run(ThreadFactoryImpl.java:55)
	at java.lang.Thread.run(Thread.java:748)
{code}

https://builds.apache.org/job/kafka-pr-jdk8-scala2.11/24926/testReport/junit/org.apache.kafka.connect.integration/ExampleConnectIntegrationTest/testSourceConnector/

Multiple issues with flaky integration tests.

FAILED
{code:java}
org.apache.kafka.connect.integration.ExampleConnectIntegrationTest.testSourceConnectorFailing for the past 1 build (Since #8244 )Took 1 min 45 sec.Error Messageorg.apache.kafka.connect.runtime.rest.errors.ConnectRestException: Could not execute PUT requestStacktraceorg.apache.kafka.connect.runtime.rest.errors.ConnectRestException: Could not execute PUT request at org.apache.kafka.connect.util.clusters.EmbeddedConnectCluster.configureConnector(EmbeddedConnectCluster.java:281) at org.apache.kafka.connect.integration.ExampleConnectIntegrationTest.testSourceConnector(ExampleConnectIntegrationTest.java:177) at java.base/jdk.internal.reflect.NativeMethodAccessorImpl.invoke0(Native Method) at java.base/jdk.internal.reflect.NativeMethodAccessorImpl.invoke(NativeMethodAccessorImpl.java:62) at java.base/jdk.internal.reflect.DelegatingMethodAccessorImpl.invoke(DelegatingMethodAccessorImpl.java:43) at java.base/java.lang.reflect.Method.invoke(Method.java:566) at org.junit.runners.model.FrameworkMethod$1.runReflectiveCall(FrameworkMethod.java:59)
{code}

[https://builds.apache.org/job/kafka-pr-jdk11-scala2.12/8330/testReport/junit/org.apache.kafka.connect.integration/ExampleConnectIntegrationTest/testSourceConnector/]

[https://builds.apache.org/job/kafka-pr-jdk8-scala2.11/25558/testReport/org.apache.kafka.connect.integration/ExampleConnectIntegrationTest/testSourceConnector/]

[https://builds.apache.org/job/kafka-pr-jdk11-scala2.12/8344/consoleFull]

[https://builds.apache.org/job/kafka-pr-jdk8-scala2.11/25549/testReport/junit/org.apache.kafka.connect.integration/ExampleConnectIntegrationTest/testSourceConnector/]

This test class has been running dependably for some time. Closing as fixed. 

