Failed again: [https://jenkins.confluent.io/job/apache-kafka-test/job/2.2/15/testReport/kafka.api/CustomQuotaCallbackTest/testCustomQuotaCallback/]
{quote}java.lang.AssertionError: Too many quotaLimit calls Map(PRODUCE -> 1, FETCH -> 1, REQUEST -> 3) at org.junit.Assert.fail(Assert.java:88) at org.junit.Assert.assertTrue(Assert.java:41) at kafka.api.CustomQuotaCallbackTest.testCustomQuotaCallback(CustomQuotaCallbackTest.scala:105){quote}

Failed again: [https://jenkins.confluent.io/job/apache-kafka-test/job/2.2/28/]
{quote}java.lang.AssertionError: Too many quotaLimit calls Map(PRODUCE -> 1, FETCH -> 1, REQUEST -> 3) at org.junit.Assert.fail(Assert.java:88) at org.junit.Assert.assertTrue(Assert.java:41) at kafka.api.CustomQuotaCallbackTest.testCustomQuotaCallback(CustomQuotaCallbackTest.scala:105){quote}

Fixed with https://github.com/apache/kafka/pull/6330#event-2169171736

Updating fixed version from 2.2.1 to 2.2.0 because we cut a new RC.

Failed again: [https://jenkins.confluent.io/job/apache-kafka-test/job/2.2/69/testReport/junit/kafka.api/CustomQuotaCallbackTest/testCustomQuotaCallback/]

StackTrace is different:
{quote}java.lang.AssertionError: Partition [group1_largeTopic,69] metadata not propagated after 15000 ms at kafka.utils.TestUtils$.fail(TestUtils.scala:381) at kafka.utils.TestUtils$.waitUntilTrue(TestUtils.scala:791) at kafka.utils.TestUtils$.waitUntilMetadataIsPropagated(TestUtils.scala:880) at kafka.utils.TestUtils$.$anonfun$createTopic$6(TestUtils.scala:360) at kafka.utils.TestUtils$.$anonfun$createTopic$6$adapted(TestUtils.scala:359) at scala.collection.TraversableLike.$anonfun$map$1(TraversableLike.scala:237) at scala.collection.Iterator.foreach(Iterator.scala:941) at scala.collection.Iterator.foreach$(Iterator.scala:941) at scala.collection.AbstractIterator.foreach(Iterator.scala:1429) at scala.collection.MapLike$DefaultKeySet.foreach(MapLike.scala:181) at scala.collection.TraversableLike.map(TraversableLike.scala:237) at scala.collection.TraversableLike.map$(TraversableLike.scala:230) at scala.collection.AbstractSet.scala$collection$SetLike$$super$map(Set.scala:51) at scala.collection.SetLike.map(SetLike.scala:104) at scala.collection.SetLike.map$(SetLike.scala:104) at scala.collection.AbstractSet.map(Set.scala:51) at kafka.utils.TestUtils$.createTopic(TestUtils.scala:359) at kafka.utils.TestUtils$.createTopic(TestUtils.scala:332) at kafka.api.CustomQuotaCallbackTest.createTopic(CustomQuotaCallbackTest.scala:181) at kafka.api.CustomQuotaCallbackTest.testCustomQuotaCallback(CustomQuotaCallbackTest.scala:136){quote}
STDOUT
{quote}[2019-03-15 16:44:31,140] WARN SASL configuration failed: javax.security.auth.login.LoginException: No JAAS configuration section named 'Client' was found in specified JAAS configuration file: '/tmp/kafka8953054928214446748.tmp'. Will continue connection to Zookeeper server without SASL authentication, if Zookeeper server allows it. (org.apache.zookeeper.ClientCnxn:1011) [2019-03-15 16:44:31,140] ERROR [ZooKeeperClient] Auth failed. (kafka.zookeeper.ZooKeeperClient:74) [2019-03-15 16:44:31,545] WARN SASL configuration failed: javax.security.auth.login.LoginException: No JAAS configuration section named 'Client' was found in specified JAAS configuration file: '/tmp/kafka8953054928214446748.tmp'. Will continue connection to Zookeeper server without SASL authentication, if Zookeeper server allows it. (org.apache.zookeeper.ClientCnxn:1011) [2019-03-15 16:44:31,545] ERROR [ZooKeeperClient] Auth failed. (kafka.zookeeper.ZooKeeperClient:74) Completed Updating config for entity: user-principal 'scram-admin'. [2019-03-15 16:44:31,597] WARN SASL configuration failed: javax.security.auth.login.LoginException: No JAAS configuration section named 'Client' was found in specified JAAS configuration file: '/tmp/kafka8953054928214446748.tmp'. Will continue connection to Zookeeper server without SASL authentication, if Zookeeper server allows it. (org.apache.zookeeper.ClientCnxn:1011) [2019-03-15 16:44:31,599] ERROR [ZooKeeperClient] Auth failed. (kafka.zookeeper.ZooKeeperClient:74) [2019-03-15 16:44:31,728] WARN SASL configuration failed: javax.security.auth.login.LoginException: No JAAS configuration section named 'Client' was found in specified JAAS configuration file: '/tmp/kafka8953054928214446748.tmp'. Will continue connection to Zookeeper server without SASL authentication, if Zookeeper server allows it. (org.apache.zookeeper.ClientCnxn:1011) [2019-03-15 16:44:31,728] ERROR [ZooKeeperClient] Auth failed. (kafka.zookeeper.ZooKeeperClient:74) [2019-03-15 16:44:32,592] WARN SASL configuration failed: javax.security.auth.login.LoginException: No JAAS configuration section named 'Client' was found in specified JAAS configuration file: '/tmp/kafka8953054928214446748.tmp'. Will continue connection to Zookeeper server without SASL authentication, if Zookeeper server allows it. (org.apache.zookeeper.ClientCnxn:1011) [2019-03-15 16:44:32,604] ERROR [ZooKeeperClient] Auth failed. (kafka.zookeeper.ZooKeeperClient:74) Completed Updating config for entity: user-principal 'group0_user1'. [2019-03-15 16:44:36,625] WARN SASL configuration failed: javax.security.auth.login.LoginException: No JAAS configuration section named 'Client' was found in specified JAAS configuration file: '/tmp/kafka8953054928214446748.tmp'. Will continue connection to Zookeeper server without SASL authentication, if Zookeeper server allows it. (org.apache.zookeeper.ClientCnxn:1011) [2019-03-15 16:44:36,625] ERROR [ZooKeeperClient] Auth failed. (kafka.zookeeper.ZooKeeperClient:74) Completed Updating config for entity: user-principal 'group0_user2'. [2019-03-15 16:44:38,061] WARN SASL configuration failed: javax.security.auth.login.LoginException: No JAAS configuration section named 'Client' was found in specified JAAS configuration file: '/tmp/kafka8953054928214446748.tmp'. Will continue connection to Zookeeper server without SASL authentication, if Zookeeper server allows it. (org.apache.zookeeper.ClientCnxn:1011) [2019-03-15 16:44:38,062] ERROR [ZooKeeperClient] Auth failed. (kafka.zookeeper.ZooKeeperClient:74) Completed Updating config for entity: user-principal 'group0_user3'. [2019-03-15 16:44:41,030] WARN SASL configuration failed: javax.security.auth.login.LoginException: No JAAS configuration section named 'Client' was found in specified JAAS configuration file: '/tmp/kafka8953054928214446748.tmp'. Will continue connection to Zookeeper server without SASL authentication, if Zookeeper server allows it. (org.apache.zookeeper.ClientCnxn:1011) [2019-03-15 16:44:41,031] ERROR [ZooKeeperClient] Auth failed. (kafka.zookeeper.ZooKeeperClient:74) Completed Updating config for entity: user-principal 'group1_user1'.{quote}
[~enether] Should we reopen this ticket?

[https://builds.apache.org/blue/organizations/jenkins/kafka-trunk-jdk8/detail/kafka-trunk-jdk8/3809/tests]

Failed again on `trunk` [https://builds.apache.org/blue/organizations/jenkins/kafka-trunk-jdk11/detail/kafka-trunk-jdk11/790/tests]

with "org.scalatest.exceptions.TestFailedException: Partition [group1_largeTopic,69] metadata not propagated after 15000 ms"

[https://builds.apache.org/job/kafka-pr-jdk8-scala2.11/24836/testReport/junit/kafka.api/CustomQuotaCallbackTest/testCustomQuotaCallback/]

Failed again in https://github.com/apache/kafka/pull/7722 on trunk:

java 8 / scala 2.11

{noformat}
Error Message
org.scalatest.exceptions.TestFailedException: Partition [group1_largeTopic,69] metadata not propagated after 15000 ms
Stacktrace
org.scalatest.exceptions.TestFailedException: Partition [group1_largeTopic,69] metadata not propagated after 15000 ms
	at org.scalatest.Assertions$class.newAssertionFailedException(Assertions.scala:530)
	at org.scalatest.Assertions$.newAssertionFailedException(Assertions.scala:1389)
	at org.scalatest.Assertions$class.fail(Assertions.scala:1091)
	at org.scalatest.Assertions$.fail(Assertions.scala:1389)
	at kafka.utils.TestUtils$.waitUntilTrue(TestUtils.scala:842)
	at kafka.utils.TestUtils$.waitUntilMetadataIsPropagated(TestUtils.scala:925)
	at kafka.utils.TestUtils$$anonfun$createTopic$6.apply(TestUtils.scala:391)
	at kafka.utils.TestUtils$$anonfun$createTopic$6.apply(TestUtils.scala:390)
	at scala.collection.TraversableLike$$anonfun$map$1.apply(TraversableLike.scala:234)
	at scala.collection.TraversableLike$$anonfun$map$1.apply(TraversableLike.scala:234)
	at scala.collection.Iterator$class.foreach(Iterator.scala:891)
	at scala.collection.AbstractIterator.foreach(Iterator.scala:1334)
	at scala.collection.MapLike$DefaultKeySet.foreach(MapLike.scala:174)
	at scala.collection.TraversableLike$class.map(TraversableLike.scala:234)
	at scala.collection.AbstractSet.scala$collection$SetLike$$super$map(Set.scala:47)
	at scala.collection.SetLike$class.map(SetLike.scala:92)
	at scala.collection.AbstractSet.map(Set.scala:47)
	at kafka.utils.TestUtils$.createTopic(TestUtils.scala:390)
	at kafka.utils.TestUtils$.createTopic(TestUtils.scala:363)
	at kafka.api.CustomQuotaCallbackTest.createTopic(CustomQuotaCallbackTest.scala:181)
	at kafka.api.CustomQuotaCallbackTest.testCustomQuotaCallback(CustomQuotaCallbackTest.scala:136)
	at sun.reflect.NativeMethodAccessorImpl.invoke0(Native Method)
	at sun.reflect.NativeMethodAccessorImpl.invoke(NativeMethodAccessorImpl.java:62)
	at sun.reflect.DelegatingMethodAccessorImpl.invoke(DelegatingMethodAccessorImpl.java:43)
	at java.lang.reflect.Method.invoke(Method.java:498)
	at org.junit.runners.model.FrameworkMethod$1.runReflectiveCall(FrameworkMethod.java:59)
	at org.junit.internal.runners.model.ReflectiveCallable.run(ReflectiveCallable.java:12)
	at org.junit.runners.model.FrameworkMethod.invokeExplosively(FrameworkMethod.java:56)
	at org.junit.internal.runners.statements.InvokeMethod.evaluate(InvokeMethod.java:17)
	at org.junit.internal.runners.statements.RunBefores.evaluate(RunBefores.java:26)
	at org.junit.internal.runners.statements.RunAfters.evaluate(RunAfters.java:27)
	at org.junit.runners.ParentRunner$3.evaluate(ParentRunner.java:305)
	at org.junit.runners.BlockJUnit4ClassRunner$1.evaluate(BlockJUnit4ClassRunner.java:100)
	at org.junit.runners.ParentRunner.runLeaf(ParentRunner.java:365)
	at org.junit.runners.BlockJUnit4ClassRunner.runChild(BlockJUnit4ClassRunner.java:103)
	at org.junit.runners.BlockJUnit4ClassRunner.runChild(BlockJUnit4ClassRunner.java:63)
	at org.junit.runners.ParentRunner$4.run(ParentRunner.java:330)
	at org.junit.runners.ParentRunner$1.schedule(ParentRunner.java:78)
	at org.junit.runners.ParentRunner.runChildren(ParentRunner.java:328)
	at org.junit.runners.ParentRunner.access$100(ParentRunner.java:65)
	at org.junit.runners.ParentRunner$2.evaluate(ParentRunner.java:292)
	at org.junit.internal.runners.statements.RunBefores.evaluate(RunBefores.java:26)
	at org.junit.internal.runners.statements.RunAfters.evaluate(RunAfters.java:27)
	at org.junit.runners.ParentRunner$3.evaluate(ParentRunner.java:305)
	at org.junit.runners.ParentRunner.run(ParentRunner.java:412)
	at org.gradle.api.internal.tasks.testing.junit.JUnitTestClassExecutor.runTestClass(JUnitTestClassExecutor.java:110)
	at org.gradle.api.internal.tasks.testing.junit.JUnitTestClassExecutor.execute(JUnitTestClassExecutor.java:58)
	at org.gradle.api.internal.tasks.testing.junit.JUnitTestClassExecutor.execute(JUnitTestClassExecutor.java:38)
	at org.gradle.api.internal.tasks.testing.junit.AbstractJUnitTestClassProcessor.processTestClass(AbstractJUnitTestClassProcessor.java:66)
	at org.gradle.api.internal.tasks.testing.SuiteTestClassProcessor.processTestClass(SuiteTestClassProcessor.java:51)
	at sun.reflect.GeneratedMethodAccessor38.invoke(Unknown Source)
	at sun.reflect.DelegatingMethodAccessorImpl.invoke(DelegatingMethodAccessorImpl.java:43)
	at java.lang.reflect.Method.invoke(Method.java:498)
	at org.gradle.internal.dispatch.ReflectionDispatch.dispatch(ReflectionDispatch.java:35)
	at org.gradle.internal.dispatch.ReflectionDispatch.dispatch(ReflectionDispatch.java:24)
	at org.gradle.internal.dispatch.ContextClassLoaderDispatch.dispatch(ContextClassLoaderDispatch.java:32)
	at org.gradle.internal.dispatch.ProxyDispatchAdapter$DispatchingInvocationHandler.invoke(ProxyDispatchAdapter.java:93)
	at com.sun.proxy.$Proxy2.processTestClass(Unknown Source)
	at org.gradle.api.internal.tasks.testing.worker.TestWorker.processTestClass(TestWorker.java:118)
	at sun.reflect.GeneratedMethodAccessor37.invoke(Unknown Source)
	at sun.reflect.DelegatingMethodAccessorImpl.invoke(DelegatingMethodAccessorImpl.java:43)
	at java.lang.reflect.Method.invoke(Method.java:498)
	at org.gradle.internal.dispatch.ReflectionDispatch.dispatch(ReflectionDispatch.java:35)
	at org.gradle.internal.dispatch.ReflectionDispatch.dispatch(ReflectionDispatch.java:24)
	at org.gradle.internal.remote.internal.hub.MessageHubBackedObjectConnection$DispatchWrapper.dispatch(MessageHubBackedObjectConnection.java:175)
	at org.gradle.internal.remote.internal.hub.MessageHubBackedObjectConnection$DispatchWrapper.dispatch(MessageHubBackedObjectConnection.java:157)
	at org.gradle.internal.remote.internal.hub.MessageHub$Handler.run(MessageHub.java:404)
	at org.gradle.internal.concurrent.ExecutorPolicy$CatchAndRecordFailures.onExecute(ExecutorPolicy.java:63)
	at org.gradle.internal.concurrent.ManagedExecutorImpl$1.run(ManagedExecutorImpl.java:46)
	at java.util.concurrent.ThreadPoolExecutor.runWorker(ThreadPoolExecutor.java:1149)
	at java.util.concurrent.ThreadPoolExecutor$Worker.run(ThreadPoolExecutor.java:624)
	at org.gradle.internal.concurrent.ThreadFactoryImpl$ManagedThreadRunnable.run(ThreadFactoryImpl.java:55)
	at java.lang.Thread.run(Thread.java:748)
Standard Output
[2019-11-22 18:07:46,175] WARN SASL configuration failed: javax.security.auth.login.LoginException: No JAAS configuration section named 'Client' was found in specified JAAS configuration file: '/tmp/kafka6161970234218066929.tmp'. Will continue connection to Zookeeper server without SASL authentication, if Zookeeper server allows it. (org.apache.zookeeper.ClientCnxn:1094)
[2019-11-22 18:07:46,176] ERROR [ZooKeeperClient] Auth failed. (kafka.zookeeper.ZooKeeperClient:74)
[2019-11-22 18:07:46,670] WARN SASL configuration failed: javax.security.auth.login.LoginException: No JAAS configuration section named 'Client' was found in specified JAAS configuration file: '/tmp/kafka6161970234218066929.tmp'. Will continue connection to Zookeeper server without SASL authentication, if Zookeeper server allows it. (org.apache.zookeeper.ClientCnxn:1094)
[2019-11-22 18:07:46,670] ERROR [ZooKeeperClient] Auth failed. (kafka.zookeeper.ZooKeeperClient:74)
Completed Updating config for entity: user-principal 'scram-admin'.
[2019-11-22 18:07:46,828] WARN SASL configuration failed: javax.security.auth.login.LoginException: No JAAS configuration section named 'Client' was found in specified JAAS configuration file: '/tmp/kafka6161970234218066929.tmp'. Will continue connection to Zookeeper server without SASL authentication, if Zookeeper server allows it. (org.apache.zookeeper.ClientCnxn:1094)
[2019-11-22 18:07:46,828] ERROR [ZooKeeperClient Kafka server] Auth failed. (kafka.zookeeper.ZooKeeperClient:74)
[2019-11-22 18:07:47,110] WARN SASL configuration failed: javax.security.auth.login.LoginException: No JAAS configuration section named 'Client' was found in specified JAAS configuration file: '/tmp/kafka6161970234218066929.tmp'. Will continue connection to Zookeeper server without SASL authentication, if Zookeeper server allows it. (org.apache.zookeeper.ClientCnxn:1094)
[2019-11-22 18:07:47,110] ERROR [ZooKeeperClient Kafka server] Auth failed. (kafka.zookeeper.ZooKeeperClient:74)
[2019-11-22 18:07:48,350] WARN SASL configuration failed: javax.security.auth.login.LoginException: No JAAS configuration section named 'Client' was found in specified JAAS configuration file: '/tmp/kafka6161970234218066929.tmp'. Will continue connection to Zookeeper server without SASL authentication, if Zookeeper server allows it. (org.apache.zookeeper.ClientCnxn:1094)
[2019-11-22 18:07:48,350] ERROR [ZooKeeperClient] Auth failed. (kafka.zookeeper.ZooKeeperClient:74)
Completed Updating config for entity: user-principal 'group0_user1'.
[2019-11-22 18:07:49,905] WARN SASL configuration failed: javax.security.auth.login.LoginException: No JAAS configuration section named 'Client' was found in specified JAAS configuration file: '/tmp/kafka6161970234218066929.tmp'. Will continue connection to Zookeeper server without SASL authentication, if Zookeeper server allows it. (org.apache.zookeeper.ClientCnxn:1094)
[2019-11-22 18:07:49,905] ERROR [ZooKeeperClient] Auth failed. (kafka.zookeeper.ZooKeeperClient:74)
Completed Updating config for entity: user-principal 'group0_user2'.
[2019-11-22 18:07:51,144] WARN SASL configuration failed: javax.security.auth.login.LoginException: No JAAS configuration section named 'Client' was found in specified JAAS configuration file: '/tmp/kafka6161970234218066929.tmp'. Will continue connection to Zookeeper server without SASL authentication, if Zookeeper server allows it. (org.apache.zookeeper.ClientCnxn:1094)
[2019-11-22 18:07:51,145] ERROR [ZooKeeperClient] Auth failed. (kafka.zookeeper.ZooKeeperClient:74)
Completed Updating config for entity: user-principal 'group0_user3'.
[2019-11-22 18:07:52,159] WARN SASL configuration failed: javax.security.auth.login.LoginException: No JAAS configuration section named 'Client' was found in specified JAAS configuration file: '/tmp/kafka6161970234218066929.tmp'. Will continue connection to Zookeeper server without SASL authentication, if Zookeeper server allows it. (org.apache.zookeeper.ClientCnxn:1094)
[2019-11-22 18:07:52,159] ERROR [ZooKeeperClient] Auth failed. (kafka.zookeeper.ZooKeeperClient:74)
Completed Updating config for entity: user-principal 'group1_user1'.
{noformat}

[https://builds.apache.org/job/kafka-pr-jdk8-scala2.12/2687/testReport/junit/kafka.api/CustomQuotaCallbackTest/testCustomQuotaCallback/]

Same stacktrace as above

{code:java}
Stacktraceorg.scalatest.exceptions.TestFailedException: Partition [group1_largeTopic,69] metadata not propagated after 15000 ms
	at org.scalatest.Assertions.newAssertionFailedException(Assertions.scala:530)
	at org.scalatest.Assertions.newAssertionFailedException$(Assertions.scala:529)
	at org.scalatest.Assertions$.newAssertionFailedException(Assertions.scala:1389)
	at org.scalatest.Assertions.fail(Assertions.scala:1091)
	at org.scalatest.Assertions.fail$(Assertions.scala:1087)
	at org.scalatest.Assertions$.fail(Assertions.scala:1389)
	at kafka.utils.TestUtils$.waitUntilMetadataIsPropagated(TestUtils.scala:848)
	at kafka.utils.TestUtils$.$anonfun$createTopic$6(TestUtils.scala:394)
	at kafka.utils.TestUtils$.$anonfun$createTopic$6$adapted(TestUtils.scala:393)
	at scala.collection.TraversableLike.$anonfun$map$1(TraversableLike.scala:285)
	at scala.collection.immutable.HashMap$HashMapKeys.$anonfun$foreach$1(HashMap.scala:149)
	at scala.collection.immutable.HashMap$HashMap1.foreachEntry(HashMap.scala:395)
	at scala.collection.immutable.HashMap$HashTrieMap.foreachEntry(HashMap.scala:728)
	at scala.collection.immutable.HashMap$HashTrieMap.foreachEntry(HashMap.scala:728)
	at scala.collection.immutable.HashMap$HashMapKeys.foreach(HashMap.scala:149)
	at scala.collection.TraversableLike.map(TraversableLike.scala:285)
	at scala.collection.TraversableLike.map$(TraversableLike.scala:278)
	at scala.collection.AbstractSet.scala$collection$SetLike$$super$map(Set.scala:53)
	at scala.collection.SetLike.map(SetLike.scala:105)
	at scala.collection.SetLike.map$(SetLike.scala:105)
	at scala.collection.AbstractSet.map(Set.scala:53)
	at kafka.utils.TestUtils$.createTopic(TestUtils.scala:393)
	at kafka.utils.TestUtils$.createTopic(TestUtils.scala:366)
	at kafka.api.CustomQuotaCallbackTest.createTopic(CustomQuotaCallbackTest.scala:182)
	at kafka.api.CustomQuotaCallbackTest.testCustomQuotaCallback(CustomQuotaCallbackTest.scala:137)
	at sun.reflect.NativeMethodAccessorImpl.invoke0(Native Method)
	at sun.reflect.NativeMethodAccessorImpl.invoke(NativeMethodAccessorImpl.java:62)
	at sun.reflect.DelegatingMethodAccessorImpl.invoke(DelegatingMethodAccessorImpl.java:43)
	at java.lang.reflect.Method.invoke(Method.java:498)
	at org.junit.runners.model.FrameworkMethod$1.runReflectiveCall(FrameworkMethod.java:59)
	at org.junit.internal.runners.model.ReflectiveCallable.run(ReflectiveCallable.java:12)
	at org.junit.runners.model.FrameworkMethod.invokeExplosively(FrameworkMethod.java:56)
	at org.junit.internal.runners.statements.InvokeMethod.evaluate(InvokeMethod.java:17)
	at org.junit.internal.runners.statements.RunBefores.evaluate(RunBefores.java:26)
	at org.junit.internal.runners.statements.RunAfters.evaluate(RunAfters.java:27)
	at org.junit.runners.ParentRunner$3.evaluate(ParentRunner.java:306)
	at org.junit.runners.BlockJUnit4ClassRunner$1.evaluate(BlockJUnit4ClassRunner.java:100)
	at org.junit.runners.ParentRunner.runLeaf(ParentRunner.java:366)
	at org.junit.runners.BlockJUnit4ClassRunner.runChild(BlockJUnit4ClassRunner.java:103)
	at org.junit.runners.BlockJUnit4ClassRunner.runChild(BlockJUnit4ClassRunner.java:63)
	at org.junit.runners.ParentRunner$4.run(ParentRunner.java:331)
	at org.junit.runners.ParentRunner$1.schedule(ParentRunner.java:79)
	at org.junit.runners.ParentRunner.runChildren(ParentRunner.java:329)
	at org.junit.runners.ParentRunner.access$100(ParentRunner.java:66)
	at org.junit.runners.ParentRunner$2.evaluate(ParentRunner.java:293)
	at org.junit.internal.runners.statements.RunBefores.evaluate(RunBefores.java:26)
	at org.junit.internal.runners.statements.RunAfters.evaluate(RunAfters.java:27)
	at org.junit.runners.ParentRunner$3.evaluate(ParentRunner.java:306)
	at org.junit.runners.ParentRunner.run(ParentRunner.java:413)
	at org.gradle.api.internal.tasks.testing.junit.JUnitTestClassExecutor.runTestClass(JUnitTestClassExecutor.java:110)
	at org.gradle.api.internal.tasks.testing.junit.JUnitTestClassExecutor.execute(JUnitTestClassExecutor.java:58)
	at org.gradle.api.internal.tasks.testing.junit.JUnitTestClassExecutor.execute(JUnitTestClassExecutor.java:38)
	at org.gradle.api.internal.tasks.testing.junit.AbstractJUnitTestClassProcessor.processTestClass(AbstractJUnitTestClassProcessor.java:62)
	at org.gradle.api.internal.tasks.testing.SuiteTestClassProcessor.processTestClass(SuiteTestClassProcessor.java:51)
	at sun.reflect.GeneratedMethodAccessor37.invoke(Unknown Source)
	at sun.reflect.DelegatingMethodAccessorImpl.invoke(DelegatingMethodAccessorImpl.java:43)
	at java.lang.reflect.Method.invoke(Method.java:498)
	at org.gradle.internal.dispatch.ReflectionDispatch.dispatch(ReflectionDispatch.java:36)
	at org.gradle.internal.dispatch.ReflectionDispatch.dispatch(ReflectionDispatch.java:24)
	at org.gradle.internal.dispatch.ContextClassLoaderDispatch.dispatch(ContextClassLoaderDispatch.java:33)
	at org.gradle.internal.dispatch.ProxyDispatchAdapter$DispatchingInvocationHandler.invoke(ProxyDispatchAdapter.java:94)
	at com.sun.proxy.$Proxy2.processTestClass(Unknown Source)
	at org.gradle.api.internal.tasks.testing.worker.TestWorker.processTestClass(TestWorker.java:119)
	at sun.reflect.GeneratedMethodAccessor36.invoke(Unknown Source)
	at sun.reflect.DelegatingMethodAccessorImpl.invoke(DelegatingMethodAccessorImpl.java:43)
	at java.lang.reflect.Method.invoke(Method.java:498)
	at org.gradle.internal.dispatch.ReflectionDispatch.dispatch(ReflectionDispatch.java:36)
	at org.gradle.internal.dispatch.ReflectionDispatch.dispatch(ReflectionDispatch.java:24)
	at org.gradle.internal.remote.internal.hub.MessageHubBackedObjectConnection$DispatchWrapper.dispatch(MessageHubBackedObjectConnection.java:182)
	at org.gradle.internal.remote.internal.hub.MessageHubBackedObjectConnection$DispatchWrapper.dispatch(MessageHubBackedObjectConnection.java:164)
	at org.gradle.internal.remote.internal.hub.MessageHub$Handler.run(MessageHub.java:414)
	at org.gradle.internal.concurrent.ExecutorPolicy$CatchAndRecordFailures.onExecute(ExecutorPolicy.java:64)
	at org.gradle.internal.concurrent.ManagedExecutorImpl$1.run(ManagedExecutorImpl.java:48)
	at java.util.concurrent.ThreadPoolExecutor.runWorker(ThreadPoolExecutor.java:1149)
	at java.util.concurrent.ThreadPoolExecutor$Worker.run(ThreadPoolExecutor.java:624)
	at org.gradle.internal.concurrent.ThreadFactoryImpl$ManagedThreadRunnable.run(ThreadFactoryImpl.java:56)
	at java.lang.Thread.run(Thread.java:748)
{code}
 

 

https://ci-builds.apache.org/job/Kafka/job/kafka-trunk-jdk8/305/testReport/kafka.api/CustomQuotaCallbackTest/testCustomQuotaCallback/
https://ci-builds.apache.org/job/Kafka/job/kafka-trunk-jdk8/304/testReport/junit/kafka.api/CustomQuotaCallbackTest/testCustomQuotaCallback/
https://ci-builds.apache.org/job/Kafka/job/kafka-trunk-jdk11/331/testReport/junit/kafka.api/CustomQuotaCallbackTest/testCustomQuotaCallback/
https://ci-builds.apache.org/job/Kafka/job/kafka-trunk-jdk11/332/testReport/kafka.api/CustomQuotaCallbackTest/testCustomQuotaCallback/

Resolving for now. If this pops up again, let's open a new jira.

If fixed version 2.2.0 correct? Also "Affects Version"  with `2.2.0` and `2.4.0` ?

