[https://ci-builds.apache.org/blue/organizations/jenkins/Kafka%2Fkafka-pr/detail/PR-14242/14/tests/]

 

 
{code:java}
Error
java.lang.AssertionError: 
Expected: a string containing "zombie sink task"
     but: was "Could not alter connector offsets. Error response: {"error_code":500,"message":"Failed to alter consumer group offsets for connector test-connector"}"
Stacktrace
java.lang.AssertionError: 
Expected: a string containing "zombie sink task"
     but: was "Could not alter connector offsets. Error response: {"error_code":500,"message":"Failed to alter consumer group offsets for connector test-connector"}"
    at org.hamcrest.MatcherAssert.assertThat(MatcherAssert.java:20)
    at org.hamcrest.MatcherAssert.assertThat(MatcherAssert.java:8)
    at org.apache.kafka.connect.integration.OffsetsApiIntegrationTest.testAlterSinkConnectorOffsetsZombieSinkTasks(OffsetsApiIntegrationTest.java:431)
    at sun.reflect.NativeMethodAccessorImpl.invoke0(Native Method)
    at sun.reflect.NativeMethodAccessorImpl.invoke(NativeMethodAccessorImpl.java:62)
    at sun.reflect.DelegatingMethodAccessorImpl.invoke(DelegatingMethodAccessorImpl.java:43)
    at java.lang.reflect.Method.invoke(Method.java:498)
    at org.junit.runners.model.FrameworkMethod$1.runReflectiveCall(FrameworkMethod.java:59)
    at org.junit.internal.runners.model.ReflectiveCallable.run(ReflectiveCallable.java:12)
    at org.junit.runners.model.FrameworkMethod.invokeExplosively(FrameworkMethod.java:56)
    at org.junit.internal.runners.statements.InvokeMethod.evaluate(InvokeMethod.java:17)
    at org.junit.internal.runners.statements.RunBefores.evaluate(RunBefores.java:26)
    at org.junit.internal.runners.statements.RunAfters.evaluate(RunAfters.java:27)
    at org.junit.runners.ParentRunner$3.evaluate(ParentRunner.java:306)
    at org.junit.runners.BlockJUnit4ClassRunner$1.evaluate(BlockJUnit4ClassRunner.java:100)
    at org.junit.runners.ParentRunner.runLeaf(ParentRunner.java:366)
    at org.junit.runners.BlockJUnit4ClassRunner.runChild(BlockJUnit4ClassRunner.java:103)
    at org.junit.runners.BlockJUnit4ClassRunner.runChild(BlockJUnit4ClassRunner.java:63)
    at org.junit.runners.ParentRunner$4.run(ParentRunner.java:331)
    at org.junit.runners.ParentRunner$1.schedule(ParentRunner.java:79)
    at org.junit.runners.ParentRunner.runChildren(ParentRunner.java:329)
    at org.junit.runners.ParentRunner.access$100(ParentRunner.java:66)
    at org.junit.runners.ParentRunner$2.evaluate(ParentRunner.java:293)
    at org.junit.runners.ParentRunner$3.evaluate(ParentRunner.java:306)
    at org.junit.runners.ParentRunner.run(ParentRunner.java:413)
    at org.gradle.api.internal.tasks.testing.junit.JUnitTestClassExecutor.runTestClass(JUnitTestClassExecutor.java:112)
    at org.gradle.api.internal.tasks.testing.junit.JUnitTestClassExecutor.execute(JUnitTestClassExecutor.java:58)
    at org.gradle.api.internal.tasks.testing.junit.JUnitTestClassExecutor.execute(JUnitTestClassExecutor.java:40)
    at org.gradle.api.internal.tasks.testing.junit.AbstractJUnitTestClassProcessor.processTestClass(AbstractJUnitTestClassProcessor.java:60)
    at org.gradle.api.internal.tasks.testing.SuiteTestClassProcessor.processTestClass(SuiteTestClassProcessor.java:52)
    at sun.reflect.NativeMethodAccessorImpl.invoke0(Native Method)
    at sun.reflect.NativeMethodAccessorImpl.invoke(NativeMethodAccessorImpl.java:62)
    at sun.reflect.DelegatingMethodAccessorImpl.invoke(DelegatingMethodAccessorImpl.java:43)
    at java.lang.reflect.Method.invoke(Method.java:498)
    at org.gradle.internal.dispatch.ReflectionDispatch.dispatch(ReflectionDispatch.java:36)
    at org.gradle.internal.dispatch.ReflectionDispatch.dispatch(ReflectionDispatch.java:24)
    at org.gradle.internal.dispatch.ContextClassLoaderDispatch.dispatch(ContextClassLoaderDispatch.java:33)
    at org.gradle.internal.dispatch.ProxyDispatchAdapter$DispatchingInvocationHandler.invoke(ProxyDispatchAdapter.java:94)
    at com.sun.proxy.$Proxy2.processTestClass(Unknown Source)
    at org.gradle.api.internal.tasks.testing.worker.TestWorker$2.run(TestWorker.java:176)
    at org.gradle.api.internal.tasks.testing.worker.TestWorker.executeAndMaintainThreadName(TestWorker.java:129)
    at org.gradle.api.internal.tasks.testing.worker.TestWorker.execute(TestWorker.java:100)
    at org.gradle.api.internal.tasks.testing.worker.TestWorker.execute(TestWorker.java:60)
    at org.gradle.process.internal.worker.child.ActionExecutionWorker.execute(ActionExecutionWorker.java:56)
    at org.gradle.process.internal.worker.child.SystemApplicationClassLoaderWorker.call(SystemApplicationClassLoaderWorker.java:113)
    at org.gradle.process.internal.worker.child.SystemApplicationClassLoaderWorker.call(SystemApplicationClassLoaderWorker.java:65)
    at worker.org.gradle.process.internal.worker.GradleWorkerMain.run(GradleWorkerMain.java:69)
    at worker.org.gradle.process.internal.worker.GradleWorkerMain.main(GradleWorkerMain.java:74){code}
 

 