With injectError = false:
h3. Stacktrace

java.lang.AssertionError: Did not receive all 10 records from topic multiPartitionOutputTopic within 60000 ms Expected: is a value equal to or greater than <10> but: <5> was less than <10> at org.hamcrest.MatcherAssert.assertThat(MatcherAssert.java:20) at org.apache.kafka.streams.integration.utils.IntegrationTestUtils.lambda$waitUntilMinKeyValueRecordsReceived$1(IntegrationTestUtils.java:563) at org.apache.kafka.test.TestUtils.retryOnExceptionWithTimeout(TestUtils.java:429) at org.apache.kafka.test.TestUtils.retryOnExceptionWithTimeout(TestUtils.java:397) at org.apache.kafka.streams.integration.utils.IntegrationTestUtils.waitUntilMinKeyValueRecordsReceived(IntegrationTestUtils.java:559) at org.apache.kafka.streams.integration.utils.IntegrationTestUtils.waitUntilMinKeyValueRecordsReceived(IntegrationTestUtils.java:530) at org.apache.kafka.streams.integration.EosBetaUpgradeIntegrationTest.readResult(EosBetaUpgradeIntegrationTest.java:973) at org.apache.kafka.streams.integration.EosBetaUpgradeIntegrationTest.verifyCommitted(EosBetaUpgradeIntegrationTest.java:961) at org.apache.kafka.streams.integration.EosBetaUpgradeIntegrationTest.shouldUpgradeFromEosAlphaToEosBeta(EosBetaUpgradeIntegrationTest.java:427)

[https://builds.apache.org/job/kafka-pr-jdk11-scala2.13/6487/testReport/junit/org.apache.kafka.streams.integration/EosBetaUpgradeIntegrationTest/shouldUpgradeFromEosAlphaToEosBeta_false_/]

 
{noformat}
Error Messagejava.lang.AssertionError: Did not receive all 10 records from topic multiPartitionOutputTopic within 60000 ms
Expected: is a value equal to or greater than <10>
     but: <0> was less than <10>Stacktracejava.lang.AssertionError: Did not receive all 10 records from topic multiPartitionOutputTopic within 60000 ms
Expected: is a value equal to or greater than <10>
     but: <0> was less than <10>
	at org.hamcrest.MatcherAssert.assertThat(MatcherAssert.java:20)
	at org.apache.kafka.streams.integration.utils.IntegrationTestUtils.lambda$waitUntilMinKeyValueRecordsReceived$1(IntegrationTestUtils.java:563)
	at org.apache.kafka.test.TestUtils.retryOnExceptionWithTimeout(TestUtils.java:429)
	at org.apache.kafka.test.TestUtils.retryOnExceptionWithTimeout(TestUtils.java:397)
	at org.apache.kafka.streams.integration.utils.IntegrationTestUtils.waitUntilMinKeyValueRecordsReceived(IntegrationTestUtils.java:559)
	at org.apache.kafka.streams.integration.utils.IntegrationTestUtils.waitUntilMinKeyValueRecordsReceived(IntegrationTestUtils.java:530)
	at org.apache.kafka.streams.integration.EosBetaUpgradeIntegrationTest.readResult(EosBetaUpgradeIntegrationTest.java:973)
	at org.apache.kafka.streams.integration.EosBetaUpgradeIntegrationTest.verifyCommitted(EosBetaUpgradeIntegrationTest.java:961)
	at org.apache.kafka.streams.integration.EosBetaUpgradeIntegrationTest.shouldUpgradeFromEosAlphaToEosBeta(EosBetaUpgradeIntegrationTest.java:427)
	at java.base/jdk.internal.reflect.NativeMethodAccessorImpl.invoke0(Native Method)
	at java.base/jdk.internal.reflect.NativeMethodAccessorImpl.invoke(NativeMethodAccessorImpl.java:62)
	at java.base/jdk.internal.reflect.DelegatingMethodAccessorImpl.invoke(DelegatingMethodAccessorImpl.java:43)
	at java.base/java.lang.reflect.Method.invoke(Method.java:566)
	at org.junit.runners.model.FrameworkMethod$1.runReflectiveCall(FrameworkMethod.java:59)
	at org.junit.internal.runners.model.ReflectiveCallable.run(ReflectiveCallable.java:12)
	at org.junit.runners.model.FrameworkMethod.invokeExplosively(FrameworkMethod.java:56)
	at org.junit.internal.runners.statements.InvokeMethod.evaluate(InvokeMethod.java:17)
	at org.junit.internal.runners.statements.RunBefores.evaluate(RunBefores.java:26)
	at org.junit.runners.ParentRunner$3.evaluate(ParentRunner.java:306)
	at org.junit.runners.BlockJUnit4ClassRunner$1.evaluate(BlockJUnit4ClassRunner.java:100)
	at org.junit.runners.ParentRunner.runLeaf(ParentRunner.java:366)
	at org.junit.runners.BlockJUnit4ClassRunner.runChild(BlockJUnit4ClassRunner.java:103)
	at org.junit.runners.BlockJUnit4ClassRunner.runChild(BlockJUnit4ClassRunner.java:63)
	at org.junit.runners.ParentRunner$4.run(ParentRunner.java:331)
	at org.junit.runners.ParentRunner$1.schedule(ParentRunner.java:79)
	at org.junit.runners.ParentRunner.runChildren(ParentRunner.java:329)
	at org.junit.runners.ParentRunner.access$100(ParentRunner.java:66)
	at org.junit.runners.ParentRunner$2.evaluate(ParentRunner.java:293)
	at org.junit.runners.ParentRunner.run(ParentRunner.java:413)
	at org.junit.runners.Suite.runChild(Suite.java:128)
	at org.junit.runners.Suite.runChild(Suite.java:27)
	at org.junit.runners.ParentRunner$4.run(ParentRunner.java:331)
	at org.junit.runners.ParentRunner$1.schedule(ParentRunner.java:79)
	at org.junit.runners.ParentRunner.runChildren(ParentRunner.java:329)
	at org.junit.runners.ParentRunner.access$100(ParentRunner.java:66)
	at org.junit.runners.ParentRunner$2.evaluate(ParentRunner.java:293)
	at org.junit.rules.ExternalResource$1.evaluate(ExternalResource.java:54)
	at org.junit.rules.RunRules.evaluate(RunRules.java:20)
	at org.junit.runners.ParentRunner$3.evaluate(ParentRunner.java:306)
	at org.junit.runners.ParentRunner.run(ParentRunner.java:413)
	at org.gradle.api.internal.tasks.testing.junit.JUnitTestClassExecutor.runTestClass(JUnitTestClassExecutor.java:110)
	at org.gradle.api.internal.tasks.testing.junit.JUnitTestClassExecutor.execute(JUnitTestClassExecutor.java:58)
	at org.gradle.api.internal.tasks.testing.junit.JUnitTestClassExecutor.execute(JUnitTestClassExecutor.java:38)
	at org.gradle.api.internal.tasks.testing.junit.AbstractJUnitTestClassProcessor.processTestClass(AbstractJUnitTestClassProcessor.java:62)
	at org.gradle.api.internal.tasks.testing.SuiteTestClassProcessor.processTestClass(SuiteTestClassProcessor.java:51)
	at java.base/jdk.internal.reflect.NativeMethodAccessorImpl.invoke0(Native Method)
	at java.base/jdk.internal.reflect.NativeMethodAccessorImpl.invoke(NativeMethodAccessorImpl.java:62)
	at java.base/jdk.internal.reflect.DelegatingMethodAccessorImpl.invoke(DelegatingMethodAccessorImpl.java:43)
	at java.base/java.lang.reflect.Method.invoke(Method.java:566)
	at org.gradle.internal.dispatch.ReflectionDispatch.dispatch(ReflectionDispatch.java:36)
	at org.gradle.internal.dispatch.ReflectionDispatch.dispatch(ReflectionDispatch.java:24)
	at org.gradle.internal.dispatch.ContextClassLoaderDispatch.dispatch(ContextClassLoaderDispatch.java:33)
	at org.gradle.internal.dispatch.ProxyDispatchAdapter$DispatchingInvocationHandler.invoke(ProxyDispatchAdapter.java:94)
	at com.sun.proxy.$Proxy5.processTestClass(Unknown Source)
	at org.gradle.api.internal.tasks.testing.worker.TestWorker.processTestClass(TestWorker.java:118)
	at java.base/jdk.internal.reflect.NativeMethodAccessorImpl.invoke0(Native Method)
	at java.base/jdk.internal.reflect.NativeMethodAccessorImpl.invoke(NativeMethodAccessorImpl.java:62)
	at java.base/jdk.internal.reflect.DelegatingMethodAccessorImpl.invoke(DelegatingMethodAccessorImpl.java:43)
	at java.base/java.lang.reflect.Method.invoke(Method.java:566)
	at org.gradle.internal.dispatch.ReflectionDispatch.dispatch(ReflectionDispatch.java:36)
	at org.gradle.internal.dispatch.ReflectionDispatch.dispatch(ReflectionDispatch.java:24)
	at org.gradle.internal.remote.internal.hub.MessageHubBackedObjectConnection$DispatchWrapper.dispatch(MessageHubBackedObjectConnection.java:182)
	at org.gradle.internal.remote.internal.hub.MessageHubBackedObjectConnection$DispatchWrapper.dispatch(MessageHubBackedObjectConnection.java:164)
	at org.gradle.internal.remote.internal.hub.MessageHub$Handler.run(MessageHub.java:413)
	at org.gradle.internal.concurrent.ExecutorPolicy$CatchAndRecordFailures.onExecute(ExecutorPolicy.java:64)
	at org.gradle.internal.concurrent.ManagedExecutorImpl$1.run(ManagedExecutorImpl.java:48)
	at java.base/java.util.concurrent.ThreadPoolExecutor.runWorker(ThreadPoolExecutor.java:1128)
	at java.base/java.util.concurrent.ThreadPoolExecutor$Worker.run(ThreadPoolExecutor.java:628)
	at org.gradle.internal.concurrent.ThreadFactoryImpl$ManagedThreadRunnable.run(ThreadFactoryImpl.java:56)
	at java.base/java.lang.Thread.run(Thread.java:834){noformat}

[https://builds.apache.org/job/kafka-pr-jdk14-scala2.13/625/testReport/org.apache.kafka.streams.integration/EosBetaUpgradeIntegrationTest/shouldUpgradeFromEosAlphaToEosBeta_false_/]
{noformat}
Error Messagejava.lang.AssertionError: Did not receive all 10 records from topic multiPartitionOutputTopic within 60000 ms
Expected: is a value equal to or greater than <10>
     but: <0> was less than <10>Stacktracejava.lang.AssertionError: Did not receive all 10 records from topic multiPartitionOutputTopic within 60000 ms
Expected: is a value equal to or greater than <10>
     but: <0> was less than <10>
	at org.hamcrest.MatcherAssert.assertThat(MatcherAssert.java:20)
	at org.apache.kafka.streams.integration.utils.IntegrationTestUtils.lambda$waitUntilMinKeyValueRecordsReceived$1(IntegrationTestUtils.java:563)
	at org.apache.kafka.test.TestUtils.retryOnExceptionWithTimeout(TestUtils.java:429)
	at org.apache.kafka.test.TestUtils.retryOnExceptionWithTimeout(TestUtils.java:397)
	at org.apache.kafka.streams.integration.utils.IntegrationTestUtils.waitUntilMinKeyValueRecordsReceived(IntegrationTestUtils.java:559)
	at org.apache.kafka.streams.integration.utils.IntegrationTestUtils.waitUntilMinKeyValueRecordsReceived(IntegrationTestUtils.java:530)
	at org.apache.kafka.streams.integration.EosBetaUpgradeIntegrationTest.readResult(EosBetaUpgradeIntegrationTest.java:973)
	at org.apache.kafka.streams.integration.EosBetaUpgradeIntegrationTest.verifyCommitted(EosBetaUpgradeIntegrationTest.java:961)
	at org.apache.kafka.streams.integration.EosBetaUpgradeIntegrationTest.shouldUpgradeFromEosAlphaToEosBeta(EosBetaUpgradeIntegrationTest.java:427)
	at java.base/jdk.internal.reflect.NativeMethodAccessorImpl.invoke0(Native Method)
	at java.base/jdk.internal.reflect.NativeMethodAccessorImpl.invoke(NativeMethodAccessorImpl.java:62)
	at java.base/jdk.internal.reflect.DelegatingMethodAccessorImpl.invoke(DelegatingMethodAccessorImpl.java:43)
	at java.base/java.lang.reflect.Method.invoke(Method.java:564)
	at org.junit.runners.model.FrameworkMethod$1.runReflectiveCall(FrameworkMethod.java:59)
	at org.junit.internal.runners.model.ReflectiveCallable.run(ReflectiveCallable.java:12)
	at org.junit.runners.model.FrameworkMethod.invokeExplosively(FrameworkMethod.java:56)
	at org.junit.internal.runners.statements.InvokeMethod.evaluate(InvokeMethod.java:17)
	at org.junit.internal.runners.statements.RunBefores.evaluate(RunBefores.java:26)
	at org.junit.runners.ParentRunner$3.evaluate(ParentRunner.java:306)
	at org.junit.runners.BlockJUnit4ClassRunner$1.evaluate(BlockJUnit4ClassRunner.java:100)
	at org.junit.runners.ParentRunner.runLeaf(ParentRunner.java:366)
	at org.junit.runners.BlockJUnit4ClassRunner.runChild(BlockJUnit4ClassRunner.java:103)
	at org.junit.runners.BlockJUnit4ClassRunner.runChild(BlockJUnit4ClassRunner.java:63)
	at org.junit.runners.ParentRunner$4.run(ParentRunner.java:331)
	at org.junit.runners.ParentRunner$1.schedule(ParentRunner.java:79)
	at org.junit.runners.ParentRunner.runChildren(ParentRunner.java:329)
	at org.junit.runners.ParentRunner.access$100(ParentRunner.java:66)
	at org.junit.runners.ParentRunner$2.evaluate(ParentRunner.java:293)
	at org.junit.runners.ParentRunner.run(ParentRunner.java:413)
	at org.junit.runners.Suite.runChild(Suite.java:128)
	at org.junit.runners.Suite.runChild(Suite.java:27)
	at org.junit.runners.ParentRunner$4.run(ParentRunner.java:331)
	at org.junit.runners.ParentRunner$1.schedule(ParentRunner.java:79)
	at org.junit.runners.ParentRunner.runChildren(ParentRunner.java:329)
	at org.junit.runners.ParentRunner.access$100(ParentRunner.java:66)
	at org.junit.runners.ParentRunner$2.evaluate(ParentRunner.java:293)
	at org.junit.rules.ExternalResource$1.evaluate(ExternalResource.java:54)
	at org.junit.rules.RunRules.evaluate(RunRules.java:20)
	at org.junit.runners.ParentRunner$3.evaluate(ParentRunner.java:306)
	at org.junit.runners.ParentRunner.run(ParentRunner.java:413)
	at org.gradle.api.internal.tasks.testing.junit.JUnitTestClassExecutor.runTestClass(JUnitTestClassExecutor.java:110)
	at org.gradle.api.internal.tasks.testing.junit.JUnitTestClassExecutor.execute(JUnitTestClassExecutor.java:58)
	at org.gradle.api.internal.tasks.testing.junit.JUnitTestClassExecutor.execute(JUnitTestClassExecutor.java:38)
	at org.gradle.api.internal.tasks.testing.junit.AbstractJUnitTestClassProcessor.processTestClass(AbstractJUnitTestClassProcessor.java:62)
	at org.gradle.api.internal.tasks.testing.SuiteTestClassProcessor.processTestClass(SuiteTestClassProcessor.java:51)
	at java.base/jdk.internal.reflect.NativeMethodAccessorImpl.invoke0(Native Method)
	at java.base/jdk.internal.reflect.NativeMethodAccessorImpl.invoke(NativeMethodAccessorImpl.java:62)
	at java.base/jdk.internal.reflect.DelegatingMethodAccessorImpl.invoke(DelegatingMethodAccessorImpl.java:43)
	at java.base/java.lang.reflect.Method.invoke(Method.java:564)
	at org.gradle.internal.dispatch.ReflectionDispatch.dispatch(ReflectionDispatch.java:36)
	at org.gradle.internal.dispatch.ReflectionDispatch.dispatch(ReflectionDispatch.java:24)
	at org.gradle.internal.dispatch.ContextClassLoaderDispatch.dispatch(ContextClassLoaderDispatch.java:33)
	at org.gradle.internal.dispatch.ProxyDispatchAdapter$DispatchingInvocationHandler.invoke(ProxyDispatchAdapter.java:94)
	at com.sun.proxy.$Proxy5.processTestClass(Unknown Source)
	at org.gradle.api.internal.tasks.testing.worker.TestWorker.processTestClass(TestWorker.java:118)
	at java.base/jdk.internal.reflect.NativeMethodAccessorImpl.invoke0(Native Method)
	at java.base/jdk.internal.reflect.NativeMethodAccessorImpl.invoke(NativeMethodAccessorImpl.java:62)
	at java.base/jdk.internal.reflect.DelegatingMethodAccessorImpl.invoke(DelegatingMethodAccessorImpl.java:43)
	at java.base/java.lang.reflect.Method.invoke(Method.java:564)
	at org.gradle.internal.dispatch.ReflectionDispatch.dispatch(ReflectionDispatch.java:36)
	at org.gradle.internal.dispatch.ReflectionDispatch.dispatch(ReflectionDispatch.java:24)
	at org.gradle.internal.remote.internal.hub.MessageHubBackedObjectConnection$DispatchWrapper.dispatch(MessageHubBackedObjectConnection.java:182)
	at org.gradle.internal.remote.internal.hub.MessageHubBackedObjectConnection$DispatchWrapper.dispatch(MessageHubBackedObjectConnection.java:164)
	at org.gradle.internal.remote.internal.hub.MessageHub$Handler.run(MessageHub.java:413)
	at org.gradle.internal.concurrent.ExecutorPolicy$CatchAndRecordFailures.onExecute(ExecutorPolicy.java:64)
	at org.gradle.internal.concurrent.ManagedExecutorImpl$1.run(ManagedExecutorImpl.java:48)
	at java.base/java.util.concurrent.ThreadPoolExecutor.runWorker(ThreadPoolExecutor.java:1128)
	at java.base/java.util.concurrent.ThreadPoolExecutor$Worker.run(ThreadPoolExecutor.java:628)
	at org.gradle.internal.concurrent.ThreadFactoryImpl$ManagedThreadRunnable.run(ThreadFactoryImpl.java:56)
	at java.base/java.lang.Thread.run(Thread.java:830){noformat}

[https://builds.apache.org/job/kafka-pr-jdk14-scala2.13/625/testReport/org.apache.kafka.streams.integration/EosBetaUpgradeIntegrationTest/shouldUpgradeFromEosAlphaToEosBeta_true_/]

 
{noformat}
Error Messagejava.lang.AssertionError: Did not receive all 20 records from topic multiPartitionOutputTopic within 60000 ms
Expected: is a value equal to or greater than <20>
     but: <0> was less than <20>Stacktracejava.lang.AssertionError: Did not receive all 20 records from topic multiPartitionOutputTopic within 60000 ms
Expected: is a value equal to or greater than <20>
     but: <0> was less than <20>
	at org.hamcrest.MatcherAssert.assertThat(MatcherAssert.java:20)
	at org.apache.kafka.streams.integration.utils.IntegrationTestUtils.lambda$waitUntilMinKeyValueRecordsReceived$1(IntegrationTestUtils.java:563)
	at org.apache.kafka.test.TestUtils.retryOnExceptionWithTimeout(TestUtils.java:429)
	at org.apache.kafka.test.TestUtils.retryOnExceptionWithTimeout(TestUtils.java:397)
	at org.apache.kafka.streams.integration.utils.IntegrationTestUtils.waitUntilMinKeyValueRecordsReceived(IntegrationTestUtils.java:559)
	at org.apache.kafka.streams.integration.utils.IntegrationTestUtils.waitUntilMinKeyValueRecordsReceived(IntegrationTestUtils.java:530)
	at org.apache.kafka.streams.integration.EosBetaUpgradeIntegrationTest.readResult(EosBetaUpgradeIntegrationTest.java:973)
	at org.apache.kafka.streams.integration.EosBetaUpgradeIntegrationTest.verifyCommitted(EosBetaUpgradeIntegrationTest.java:961)
	at org.apache.kafka.streams.integration.EosBetaUpgradeIntegrationTest.shouldUpgradeFromEosAlphaToEosBeta(EosBetaUpgradeIntegrationTest.java:427)
	at java.base/jdk.internal.reflect.NativeMethodAccessorImpl.invoke0(Native Method)
	at java.base/jdk.internal.reflect.NativeMethodAccessorImpl.invoke(NativeMethodAccessorImpl.java:62)
	at java.base/jdk.internal.reflect.DelegatingMethodAccessorImpl.invoke(DelegatingMethodAccessorImpl.java:43)
	at java.base/java.lang.reflect.Method.invoke(Method.java:564)
	at org.junit.runners.model.FrameworkMethod$1.runReflectiveCall(FrameworkMethod.java:59)
	at org.junit.internal.runners.model.ReflectiveCallable.run(ReflectiveCallable.java:12)
	at org.junit.runners.model.FrameworkMethod.invokeExplosively(FrameworkMethod.java:56)
	at org.junit.internal.runners.statements.InvokeMethod.evaluate(InvokeMethod.java:17)
	at org.junit.internal.runners.statements.RunBefores.evaluate(RunBefores.java:26)
	at org.junit.runners.ParentRunner$3.evaluate(ParentRunner.java:306)
	at org.junit.runners.BlockJUnit4ClassRunner$1.evaluate(BlockJUnit4ClassRunner.java:100)
	at org.junit.runners.ParentRunner.runLeaf(ParentRunner.java:366)
	at org.junit.runners.BlockJUnit4ClassRunner.runChild(BlockJUnit4ClassRunner.java:103)
	at org.junit.runners.BlockJUnit4ClassRunner.runChild(BlockJUnit4ClassRunner.java:63)
	at org.junit.runners.ParentRunner$4.run(ParentRunner.java:331)
	at org.junit.runners.ParentRunner$1.schedule(ParentRunner.java:79)
	at org.junit.runners.ParentRunner.runChildren(ParentRunner.java:329)
	at org.junit.runners.ParentRunner.access$100(ParentRunner.java:66)
	at org.junit.runners.ParentRunner$2.evaluate(ParentRunner.java:293)
	at org.junit.runners.ParentRunner.run(ParentRunner.java:413)
	at org.junit.runners.Suite.runChild(Suite.java:128)
	at org.junit.runners.Suite.runChild(Suite.java:27)
	at org.junit.runners.ParentRunner$4.run(ParentRunner.java:331)
	at org.junit.runners.ParentRunner$1.schedule(ParentRunner.java:79)
	at org.junit.runners.ParentRunner.runChildren(ParentRunner.java:329)
	at org.junit.runners.ParentRunner.access$100(ParentRunner.java:66)
	at org.junit.runners.ParentRunner$2.evaluate(ParentRunner.java:293)
	at org.junit.rules.ExternalResource$1.evaluate(ExternalResource.java:54)
	at org.junit.rules.RunRules.evaluate(RunRules.java:20)
	at org.junit.runners.ParentRunner$3.evaluate(ParentRunner.java:306)
	at org.junit.runners.ParentRunner.run(ParentRunner.java:413)
	at org.gradle.api.internal.tasks.testing.junit.JUnitTestClassExecutor.runTestClass(JUnitTestClassExecutor.java:110)
	at org.gradle.api.internal.tasks.testing.junit.JUnitTestClassExecutor.execute(JUnitTestClassExecutor.java:58)
	at org.gradle.api.internal.tasks.testing.junit.JUnitTestClassExecutor.execute(JUnitTestClassExecutor.java:38)
	at org.gradle.api.internal.tasks.testing.junit.AbstractJUnitTestClassProcessor.processTestClass(AbstractJUnitTestClassProcessor.java:62)
	at org.gradle.api.internal.tasks.testing.SuiteTestClassProcessor.processTestClass(SuiteTestClassProcessor.java:51)
	at java.base/jdk.internal.reflect.NativeMethodAccessorImpl.invoke0(Native Method)
	at java.base/jdk.internal.reflect.NativeMethodAccessorImpl.invoke(NativeMethodAccessorImpl.java:62)
	at java.base/jdk.internal.reflect.DelegatingMethodAccessorImpl.invoke(DelegatingMethodAccessorImpl.java:43)
	at java.base/java.lang.reflect.Method.invoke(Method.java:564)
	at org.gradle.internal.dispatch.ReflectionDispatch.dispatch(ReflectionDispatch.java:36)
	at org.gradle.internal.dispatch.ReflectionDispatch.dispatch(ReflectionDispatch.java:24)
	at org.gradle.internal.dispatch.ContextClassLoaderDispatch.dispatch(ContextClassLoaderDispatch.java:33)
	at org.gradle.internal.dispatch.ProxyDispatchAdapter$DispatchingInvocationHandler.invoke(ProxyDispatchAdapter.java:94)
	at com.sun.proxy.$Proxy5.processTestClass(Unknown Source)
	at org.gradle.api.internal.tasks.testing.worker.TestWorker.processTestClass(TestWorker.java:118)
	at java.base/jdk.internal.reflect.NativeMethodAccessorImpl.invoke0(Native Method)
	at java.base/jdk.internal.reflect.NativeMethodAccessorImpl.invoke(NativeMethodAccessorImpl.java:62)
	at java.base/jdk.internal.reflect.DelegatingMethodAccessorImpl.invoke(DelegatingMethodAccessorImpl.java:43)
	at java.base/java.lang.reflect.Method.invoke(Method.java:564)
	at org.gradle.internal.dispatch.ReflectionDispatch.dispatch(ReflectionDispatch.java:36)
	at org.gradle.internal.dispatch.ReflectionDispatch.dispatch(ReflectionDispatch.java:24)
	at org.gradle.internal.remote.internal.hub.MessageHubBackedObjectConnection$DispatchWrapper.dispatch(MessageHubBackedObjectConnection.java:182)
	at org.gradle.internal.remote.internal.hub.MessageHubBackedObjectConnection$DispatchWrapper.dispatch(MessageHubBackedObjectConnection.java:164)
	at org.gradle.internal.remote.internal.hub.MessageHub$Handler.run(MessageHub.java:413)
	at org.gradle.internal.concurrent.ExecutorPolicy$CatchAndRecordFailures.onExecute(ExecutorPolicy.java:64)
	at org.gradle.internal.concurrent.ManagedExecutorImpl$1.run(ManagedExecutorImpl.java:48)
	at java.base/java.util.concurrent.ThreadPoolExecutor.runWorker(ThreadPoolExecutor.java:1128)
	at java.base/java.util.concurrent.ThreadPoolExecutor$Worker.run(ThreadPoolExecutor.java:628)
	at org.gradle.internal.concurrent.ThreadFactoryImpl$ManagedThreadRunnable.run(ThreadFactoryImpl.java:56)
	at java.base/java.lang.Thread.run(Thread.java:830){noformat}

I've just marked this as a blocker for 2.6.0. It's been failing with very high frequency on branch builds, and it looks like it may reveal an actual bug in EOS Beta.

[~vvcephei], [~ableegoldman]: what's the status of this? Is this more than just a flaky test, and should we keep this as a blocker for the 2.6.0 release? If so, what's the timeframe for fixing this?

cc [~mjsax]

The test is still subject to other bugs that we are currently working on. So it's hard to say atm. Feel free to cut an RC right away (I update the ticket as critical for now). However, if this test surfaces another bug, we might kill an RC.

[~rhauch] I'm making it back as a blocker for 2.6 since we have seen it failed again after re-enabling it.

[https://builds.apache.org/job/kafka-pr-jdk14-scala2.13/1419/testReport/junit/org.apache.kafka.streams.integration/EosBetaUpgradeIntegrationTest/shouldUpgradeFromEosAlphaToEosBeta_false_/]

 
{code:java}
Error Message
java.lang.AssertionError: Did not receive all 10 records from topic multiPartitionOutputTopic within 60000 ms, currently accumulated data is [] Expected: is a value equal to or greater than <10> but: <0> was less than <10>
Stacktrace
java.lang.AssertionError: Did not receive all 10 records from topic multiPartitionOutputTopic within 60000 ms, currently accumulated data is [] Expected: is a value equal to or greater than <10> but: <0> was less than <10> at org.hamcrest.MatcherAssert.assertThat(MatcherAssert.java:20) at org.apache.kafka.streams.integration.utils.IntegrationTestUtils.lambda$waitUntilMinKeyValueRecordsReceived$1(IntegrationTestUtils.java:599) at org.apache.kafka.test.TestUtils.retryOnExceptionWithTimeout(TestUtils.java:449) at org.apache.kafka.test.TestUtils.retryOnExceptionWithTimeout(TestUtils.java:417) at org.apache.kafka.streams.integration.utils.IntegrationTestUtils.waitUntilMinKeyValueRecordsReceived(IntegrationTestUtils.java:595) at org.apache.kafka.streams.integration.utils.IntegrationTestUtils.waitUntilMinKeyValueRecordsReceived(IntegrationTestUtils.java:568) at org.apache.kafka.streams.integration.EosBetaUpgradeIntegrationTest.readResult(EosBetaUpgradeIntegrationTest.java:973) at org.apache.kafka.streams.integration.EosBetaUpgradeIntegrationTest.verifyCommitted(EosBetaUpgradeIntegrationTest.java:961) at org.apache.kafka.streams.integration.EosBetaUpgradeIntegrationTest.shouldUpgradeFromEosAlphaToEosBeta(EosBetaUpgradeIntegrationTest.java:427) at java.base/jdk.internal.reflect.NativeMethodAccessorImpl.invoke0(Native Method) at java.base/jdk.internal.reflect.NativeMethodAccessorImpl.invoke(NativeMethodAccessorImpl.java:62) at java.base/jdk.internal.reflect.DelegatingMethodAccessorImpl.invoke(DelegatingMethodAccessorImpl.java:43) at java.base/java.lang.reflect.Method.invoke(Method.java:564) at org.junit.runners.model.FrameworkMethod$1.runReflectiveCall(FrameworkMethod.java:59) at org.junit.internal.runners.model.ReflectiveCallable.run(ReflectiveCallable.java:12) at org.junit.runners.model.FrameworkMethod.invokeExplosively(FrameworkMethod.java:56) at org.junit.internal.runners.statements.InvokeMethod.evaluate(InvokeMethod.java:17) at org.junit.internal.runners.statements.RunBefores.evaluate(RunBefores.java:26) at org.junit.runners.ParentRunner$3.evaluate(ParentRunner.java:306) at org.junit.runners.BlockJUnit4ClassRunner$1.evaluate(BlockJUnit4ClassRunner.java:100) at org.junit.runners.ParentRunner.runLeaf(ParentRunner.java:366) at org.junit.runners.BlockJUnit4ClassRunner.runChild(BlockJUnit4ClassRunner.java:103) at org.junit.runners.BlockJUnit4ClassRunner.runChild(BlockJUnit4ClassRunner.java:63) at org.junit.runners.ParentRunner$4.run(ParentRunner.java:331) at org.junit.runners.ParentRunner$1.schedule(ParentRunner.java:79) at org.junit.runners.ParentRunner.runChildren(ParentRunner.java:329) at org.junit.runners.ParentRunner.access$100(ParentRunner.java:66) at org.junit.runners.ParentRunner$2.evaluate(ParentRunner.java:293) at org.junit.runners.ParentRunner.run(ParentRunner.java:413) at org.junit.runners.Suite.runChild(Suite.java:128) at org.junit.runners.Suite.runChild(Suite.java:27) at org.junit.runners.ParentRunner$4.run(ParentRunner.java:331) at org.junit.runners.ParentRunner$1.schedule(ParentRunner.java:79) at org.junit.runners.ParentRunner.runChildren(ParentRunner.java:329) at org.junit.runners.ParentRunner.access$100(ParentRunner.java:66) at org.junit.runners.ParentRunner$2.evaluate(ParentRunner.java:293) at org.junit.rules.ExternalResource$1.evaluate(ExternalResource.java:54) at org.junit.rules.RunRules.evaluate(RunRules.java:20) at org.junit.runners.ParentRunner$3.evaluate(ParentRunner.java:306) at org.junit.runners.ParentRunner.run(ParentRunner.java:413) at org.gradle.api.internal.tasks.testing.junit.JUnitTestClassExecutor.runTestClass(JUnitTestClassExecutor.java:110) at org.gradle.api.internal.tasks.testing.junit.JUnitTestClassExecutor.execute(JUnitTestClassExecutor.java:58) at org.gradle.api.internal.tasks.testing.junit.JUnitTestClassExecutor.execute(JUnitTestClassExecutor.java:38) at org.gradle.api.internal.tasks.testing.junit.AbstractJUnitTestClassProcessor.processTestClass(AbstractJUnitTestClassProcessor.java:62) at org.gradle.api.internal.tasks.testing.SuiteTestClassProcessor.processTestClass(SuiteTestClassProcessor.java:51) at jdk.internal.reflect.GeneratedMethodAccessor2.invoke(Unknown Source) at java.base/jdk.internal.reflect.DelegatingMethodAccessorImpl.invoke(DelegatingMethodAccessorImpl.java:43) at java.base/java.lang.reflect.Method.invoke(Method.java:564) at org.gradle.internal.dispatch.ReflectionDispatch.dispatch(ReflectionDispatch.java:36) at org.gradle.internal.dispatch.ReflectionDispatch.dispatch(ReflectionDispatch.java:24) at org.gradle.internal.dispatch.ContextClassLoaderDispatch.dispatch(ContextClassLoaderDispatch.java:33) at org.gradle.internal.dispatch.ProxyDispatchAdapter$DispatchingInvocationHandler.invoke(ProxyDispatchAdapter.java:94) at com.sun.proxy.$Proxy2.processTestClass(Unknown Source) at org.gradle.api.internal.tasks.testing.worker.TestWorker.processTestClass(TestWorker.java:119) at jdk.internal.reflect.GeneratedMethodAccessor1.invoke(Unknown Source) at java.base/jdk.internal.reflect.DelegatingMethodAccessorImpl.invoke(DelegatingMethodAccessorImpl.java:43) at java.base/java.lang.reflect.Method.invoke(Method.java:564) at org.gradle.internal.dispatch.ReflectionDispatch.dispatch(ReflectionDispatch.java:36) at org.gradle.internal.dispatch.ReflectionDispatch.dispatch(ReflectionDispatch.java:24) at org.gradle.internal.remote.internal.hub.MessageHubBackedObjectConnection$DispatchWrapper.dispatch(MessageHubBackedObjectConnection.java:182) at org.gradle.internal.remote.internal.hub.MessageHubBackedObjectConnection$DispatchWrapper.dispatch(MessageHubBackedObjectConnection.java:164) at org.gradle.internal.remote.internal.hub.MessageHub$Handler.run(MessageHub.java:414) at org.gradle.internal.concurrent.ExecutorPolicy$CatchAndRecordFailures.onExecute(ExecutorPolicy.java:64) at org.gradle.internal.concurrent.ManagedExecutorImpl$1.run(ManagedExecutorImpl.java:48) at java.base/java.util.concurrent.ThreadPoolExecutor.runWorker(ThreadPoolExecutor.java:1130) at java.base/java.util.concurrent.ThreadPoolExecutor$Worker.run(ThreadPoolExecutor.java:630) at org.gradle.internal.concurrent.ThreadFactoryImpl$ManagedThreadRunnable.run(ThreadFactoryImpl.java:56) at java.base/java.lang.Thread.run(Thread.java:832)
{code}

These seem to fail pretty regularly in AK builds now. Here are a few more cases:

* https://builds.apache.org/job/kafka-pr-jdk14-scala2.13/1423/
* https://builds.apache.org/job/kafka-pr-jdk8-scala2.12/3267/
* https://builds.apache.org/job/kafka-pr-jdk11-scala2.13/7278/

Some sample output:
{noformat}
java.lang.AssertionError: Did not receive all 10 records from topic multiPartitionOutputTopic within 60000 ms,  currently accumulated data is []
Expected: is a value equal to or greater than <10>
     but: <0> was less than <10>
	at org.hamcrest.MatcherAssert.assertThat(MatcherAssert.java:20)
	at org.apache.kafka.streams.integration.utils.IntegrationTestUtils.lambda$waitUntilMinKeyValueRecordsReceived$1(IntegrationTestUtils.java:599)
	at org.apache.kafka.test.TestUtils.retryOnExceptionWithTimeout(TestUtils.java:449)
	at org.apache.kafka.test.TestUtils.retryOnExceptionWithTimeout(TestUtils.java:417)
	at org.apache.kafka.streams.integration.utils.IntegrationTestUtils.waitUntilMinKeyValueRecordsReceived(IntegrationTestUtils.java:595)
	at org.apache.kafka.streams.integration.utils.IntegrationTestUtils.waitUntilMinKeyValueRecordsReceived(IntegrationTestUtils.java:568)
	at org.apache.kafka.streams.integration.EosBetaUpgradeIntegrationTest.readResult(EosBetaUpgradeIntegrationTest.java:973)
	at org.apache.kafka.streams.integration.EosBetaUpgradeIntegrationTest.verifyCommitted(EosBetaUpgradeIntegrationTest.java:961)
	at org.apache.kafka.streams.integration.EosBetaUpgradeIntegrationTest.shouldUpgradeFromEosAlphaToEosBeta(EosBetaUpgradeIntegrationTest.java:759)
{noformat}

{noformat}
java.lang.AssertionError: Did not receive all 20 records from topic multiPartitionOutputTopic within 60000 ms,  currently accumulated data is [KeyValue(1, 55), KeyValue(1, 66), KeyValue(1, 78), KeyValue(1, 91), KeyValue(1, 105), KeyValue(3, 55), KeyValue(3, 66), KeyValue(3, 78), KeyValue(3, 91), KeyValue(3, 105)]
Expected: is a value equal to or greater than <20>
     but: <10> was less than <20>
	at org.hamcrest.MatcherAssert.assertThat(MatcherAssert.java:20)
	at org.apache.kafka.streams.integration.utils.IntegrationTestUtils.lambda$waitUntilMinKeyValueRecordsReceived$1(IntegrationTestUtils.java:599)
	at org.apache.kafka.test.TestUtils.retryOnExceptionWithTimeout(TestUtils.java:449)
	at org.apache.kafka.test.TestUtils.retryOnExceptionWithTimeout(TestUtils.java:417)
	at org.apache.kafka.streams.integration.utils.IntegrationTestUtils.waitUntilMinKeyValueRecordsReceived(IntegrationTestUtils.java:595)
	at org.apache.kafka.streams.integration.utils.IntegrationTestUtils.waitUntilMinKeyValueRecordsReceived(IntegrationTestUtils.java:568)
	at org.apache.kafka.streams.integration.EosBetaUpgradeIntegrationTest.readResult(EosBetaUpgradeIntegrationTest.java:973)
	at org.apache.kafka.streams.integration.EosBetaUpgradeIntegrationTest.verifyCommitted(EosBetaUpgradeIntegrationTest.java:961)
	at org.apache.kafka.streams.integration.EosBetaUpgradeIntegrationTest.shouldUpgradeFromEosAlphaToEosBeta(EosBetaUpgradeIntegrationTest.java:427)
{noformat}

[~guozhang], do you have an ETA on this?

Hi [~rhauch] I've just pushed a PR from  [~ableegoldman] to fix this (the jenkins job on that PR did not fail for this test). Sophie will run the test again 100X locally to confirm it is not flaky anymore and after that we can close the ticket.

The local runs just completed successfully so I think we can close this out. Ran 100 times with
{code:java}
for i in {0..100}; do ./gradlew --no-build-cache cleanTest streams:test --tests=${TEST}; if [ $? -ne 0 ]; then break; fi; done; 
{code}

Thanks for the confirmation Sophie! I'm closing it now.

Hi [~ableegoldman],

I just found that 

shouldUpgradeFromEosAlphaToEosBeta always fail when create KStream instances with more then 1 threads  (StreamsConfig.NUM_STREAM_THREADS_CONFIG=2)

May it indicate actual problem with EOS Beta, worth to create new ticket?

 

Hey [~dima5rr]

This test assumes only one thread per instance in order to hook into Streams and and force a commit or a crash, for example. I would not expect it to pass if you change the number of threads.

It could be extended to work with/test a multithreaded upgrade if you'd be interested in submitting a PR, though :) 

A couple of more failures:
- https://builds.apache.org/job/kafka-pr-jdk14-scala2.13/1780/consoleFull
- https://builds.apache.org/job/kafka-pr-jdk14-scala2.13/1771/consoleFull

Have seen a few more failures

 

[https://ci-builds.apache.org/job/Kafka/job/kafka-pr/job/PR-9237/8/testReport/junit/org.apache.kafka.streams.integration/EosBetaUpgradeIntegrationTest/Build___JDK_8___shouldUpgradeFromEosAlphaToEosBeta_true__2/]

https://ci-builds.apache.org/job/Kafka/job/kafka-pr/job/PR-9237/8/testReport/junit/org.apache.kafka.streams.integration/EosBetaUpgradeIntegrationTest/Build___JDK_15___shouldUpgradeFromEosAlphaToEosBeta_true_/

