Running a parallel build fails during assembly with the following error when running either package or install:
{code:java}
org.apache.maven.lifecycle.LifecycleExecutionException: Failed to execute goal org.apache.maven.plugins:maven-assembly-plugin:2.4:single (package-mapreduce) on project hadoop-mapreduce: Failed to create assembly: Artifact: org.apache.hadoop:hadoop-mapreduce-client-core:jar:3.4.0-SNAPSHOT (included by module) does not have an artifact with a file. Please ensure the package phase is run before the assembly is generated. {code}
{code:java}
Caused by: org.apache.maven.plugin.MojoExecutionException: Failed to create assembly: Artifact: org.apache.hadoop:hadoop-mapreduce-client-core:jar:3.4.0-SNAPSHOT (included by module) does not have an artifact with a file. Please ensure the package phase is run before the assembly is generated.  {code}
The command executed was:
{code:java}
$ mvn -nsu clean install -Pdist,native -DskipTests -Dtar -Dmaven.javadoc.skip=true -T 2C {code}
Adding dependencies to the assembly plugin configuration addresses the issue 