{code:java}
1. org.apache.nifi.processors.standard.TestSegmentContent.test{code}
This is a flaky test, it can pass mvn test while but when run using the tool [NonDex|https://github.com/TestingResearchIllinois/NonDex], it fails. NonDex is a tool that will introduce non-determinism in certain java collections.

The test shows below:
{code:java}
[ERROR] Failures:
[ERROR] Â  TestSegmentContent.test:51 FlowFile content differs from input at byte 0 with input having value 1 and FlowFile having value 9
{code}
*Steps to reproduce the failure:*
 # Run the following command in nifi:
 # First, build the module:

{noformat}
mvn install -pl nifi-nar-bundles/nifi-standard-bundle/nifi-standard-processors -am -DskipTests -Drat.skip{noformat}
 # Then run the test using [NonDex|https://github.com/TestingResearchIllinois/NonDex]

{noformat}
1. mvn edu.illinois:nondex-maven-plugin:1.1.2:nondex -pl nifi-nar-bundles/nifi-standard-bundle/nifi-standard-processors -Dtest=org.apache.nifi.processors.standard.TestSegmentContent#test{noformat}
The result will be saved under the module folder in .nondex