This failed in the past four builds:

{code}
[ERROR] testIndexRebuildTask(org.apache.phoenix.end2end.IndexRebuildTaskIT)  Time elapsed: 20.672 s  <<< FAILURE!
java.lang.AssertionError: expected:<1> but was:<0>
	at org.apache.phoenix.end2end.IndexRebuildTaskIT.testIndexRebuildTask(IndexRebuildTaskIT.java:164)
{code}

But... It does not fail locally for me.