 
{code:java}
testAcquireTagged FAILED  
java.lang.AssertionError  
at org.junit.Assert.fail(Assert.java:86)  
at org.junit.Assert.assertTrue(Assert.java:41)  
at org.junit.Assert.assertTrue(Assert.java:52)  
at org.apache.samza.util.TestEmbeddedTaggedRateLimiter.verifyRate(TestEmbeddedTaggedRateLimiter.java:190)  
at org.apache.samza.util.TestEmbeddedTaggedRateLimiter.testAcquireTagged(TestEmbeddedTaggedRateLimiter.java:131){code}
Travis-CI build [here|https://travis-ci.org/apache/samza/builds/428786151?utm_source=github_status&utm_medium=notification].
 