Failed on Jenkins during PR validation. Error log:

:samza-core_2.11:test

testThreadInterruptInRetryLoop FAILED
    java.lang.AssertionError: expected:<1> but was:<0>
        at org.junit.Assert.fail(Assert.java:91)
        at org.junit.Assert.failNotEquals(Assert.java:645)
        at org.junit.Assert.assertEquals(Assert.java:126)
        at org.junit.Assert.assertEquals(Assert.java:470)
        at org.junit.Assert.assertEquals(Assert.java:454)
        at org.apache.samza.util.TestExponentialSleepStrategy.testThreadInterruptInRetryLoop(TestExponentialSleepStrategy.scala:143)
456 tests completed, 1 failed, 1 skipped
:samza-core_2.11:test FAILED