{code:java}
testBatchOperationTriggeredByBatchSize FAILED
    java.lang.AssertionError
        at org.junit.Assert.fail(Assert.java:86)
        at org.junit.Assert.assertTrue(Assert.java:41)
        at org.junit.Assert.assertTrue(Assert.java:52)
        at org.apache.samza.table.batching.TestBatchProcessor$TestBatchTriggered.testBatchOperationTriggeredByBatchSize(TestBatchProcessor.java:114) {code}
The test uses sleep and expects the future to complete at the end of the sleep duration. It introduces flakiness and results in false negatives.

 