User 'jiangxb1987' has created a pull request for this issue:
https://github.com/apache/spark/pull/28584

Fixed by https://github.com/apache/spark/pull/28584

User 'jiangxb1987' has created a pull request for this issue:
https://github.com/apache/spark/pull/28658

FYI, I saw this one more time today in Jenkins. cc [~jiangxb1987] FYI.

{code}
org.apache.spark.scheduler.BarrierTaskContextSuite.support multiple barrier() call within a single task

Failing for the past 1 build (Since Failed#127357 )
Took 12 sec.
Error Message
org.scalatest.exceptions.TestFailedException: 1173 was not less than or equal to 1000
Stacktrace
sbt.ForkMain$ForkError: org.scalatest.exceptions.TestFailedException: 1173 was not less than or equal to 1000
	at org.scalatest.Assertions.newAssertionFailedException(Assertions.scala:472)
	at org.scalatest.Assertions.newAssertionFailedException$(Assertions.scala:471)
	at org.scalatest.Assertions$.newAssertionFailedException(Assertions.scala:1231)
	at org.scalatest.Assertions$AssertionsHelper.macroAssert(Assertions.scala:1295)
	at org.apache.spark.scheduler.BarrierTaskContextSuite.$anonfun$new$13(BarrierTaskContextSuite.scala:143)
	at org.scalatest.OutcomeOf.outcomeOf(OutcomeOf.scala:85)
	at org.scalatest.OutcomeOf.outcomeOf$(OutcomeOf.scala:83)
	at org.scalatest.OutcomeOf$.outcomeOf(OutcomeOf.scala:104)
	at org.scalatest.Transformer.apply(Transformer.scala:22)
	at org.scalatest.Transformer.apply(Transformer.scala:20)
	at org.scalatest.funsuite.AnyFunSuiteLike$$anon$1.apply(AnyFunSuiteLike.scala:189)
	at org.apache.spark.SparkFunSuite.withFixture(SparkFunSuite.scala:164)
	at org.scalatest.funsuite.AnyFunSuiteLike.invokeWithFixture$1(AnyFunSuiteLike.scala:187)
	at org.scalatest.funsuite.AnyFunSuiteLike.$anonfun$runTest$1(AnyFunSuiteLike.scala:199)
	at org.scalatest.SuperEngine.runTestImpl(Engine.scala:306)
	at org.scalatest.funsuite.AnyFunSuiteLike.runTest(AnyFunSuiteLike.scala:199)
	at org.scalatest.funsuite.AnyFunSuiteLike.runTest$(AnyFunSuiteLike.scala:181)
	at org.apache.spark.SparkFunSuite.org$scalatest$BeforeAndAfterEach$$super$runTest(SparkFunSuite.scala:60)
	at org.scalatest.BeforeAndAfterEach.runTest(BeforeAndAfterEach.scala:234)
	at org.scalatest.BeforeAndAfterEach.runTest$(BeforeAndAfterEach.scala:227)
	at org.apache.spark.SparkFunSuite.runTest(SparkFunSuite.scala:60)
	at org.scalatest.funsuite.AnyFunSuiteLike.$anonfun$runTests$1(AnyFunSuiteLike.scala:232)
	at org.scalatest.SuperEngine.$anonfun$runTestsInBranch$1(Engine.scala:413)
	at scala.collection.immutable.List.foreach(List.scala:392)
	at org.scalatest.SuperEngine.traverseSubNodes$1(Engine.scala:401)
	at org.scalatest.SuperEngine.runTestsInBranch(Engine.scala:396)
	at org.scalatest.SuperEngine.runTestsImpl(Engine.scala:475)
	at org.scalatest.funsuite.AnyFunSuiteLike.runTests(AnyFunSuiteLike.scala:232)
{code}

at https://amplab.cs.berkeley.edu/jenkins/job/SparkPullRequestBuilder/127357/testReport/org.apache.spark.scheduler/BarrierTaskContextSuite/support_multiple_barrier___call_within_a_single_task/

