{code}
ERROR [0.164s]: test_query_execution_listener_on_collect (pyspark.sql.tests.test_dataframe.QueryExecutionListenerTests)
----------------------------------------------------------------------
Traceback (most recent call last):
  File "/home/jenkins/python/pyspark/sql/tests/test_dataframe.py", line 758, in test_query_execution_listener_on_collect
    "The callback from the query execution listener should be called after 'collect'")
AssertionError: The callback from the query execution listener should be called after 'collect'
{code}

Seems it can be failed due to not waiting events to be proceeded.