{code}

======================================================================
FAIL [1.284s]: test_java_params (pyspark.ml.tests.DefaultValuesTests)
----------------------------------------------------------------------
Traceback (most recent call last):
  File "/home/jenkins/workspace/NewSparkPullRequestBuilder/python/pyspark/ml/tests.py", line 1161, in test_java_params
    self.check_params(cls())
  File "/home/jenkins/workspace/NewSparkPullRequestBuilder/python/pyspark/ml/tests.py", line 1136, in check_params
    % (p.name, str(py_stage)))
AssertionError: True != False : Default value mismatch of param linkPredictionCol for Params GeneralizedLinearRegression_4a78b84aab05b0ed2192

----------------------------------------------------------------------
{code}

https://amplab.cs.berkeley.edu/jenkins/job/NewSparkPullRequestBuilder/3003/consoleFull