https://builds.apache.org/job/Tez-Build/723

testVertexWithMultipleInitializers1(org.apache.tez.dag.app.dag.impl.TestVertexImpl)  Time elapsed: 0.024 sec  <<< FAILURE!
java.lang.AssertionError: expected:<INITIALIZING> but was:<NEW>
	at org.junit.Assert.fail(Assert.java:88)
	at org.junit.Assert.failNotEquals(Assert.java:743)
	at org.junit.Assert.assertEquals(Assert.java:118)
	at org.junit.Assert.assertEquals(Assert.java:144)
	at org.apache.tez.dag.app.dag.impl.TestVertexImpl.testVertexWithMultipleInitializers1(TestVertexImpl.java:4234)
