NotebookTest.testSchedulePoolUsage fails sometimes

row log - https://api.travis-ci.org/jobs/198494962/log.txt
build config - https://travis-ci.org/apache/zeppelin/jobs/198494962/config

{code}
Tests run: 32, Failures: 1, Errors: 0, Skipped: 0, Time elapsed: 11.003 sec <<< FAILURE! - in org.apache.zeppelin.notebook.NotebookTest
testSchedulePoolUsage(org.apache.zeppelin.notebook.NotebookTest)  Time elapsed: 1.12 sec  <<< FAILURE!
java.lang.AssertionError: expected:<RUNNING> but was:<FINISHED>
	at org.junit.Assert.fail(Assert.java:88)
	at org.junit.Assert.failNotEquals(Assert.java:834)
	at org.junit.Assert.assertEquals(Assert.java:118)
	at org.junit.Assert.assertEquals(Assert.java:144)
	at org.apache.zeppelin.notebook.NotebookTest.testSchedulePoolUsage(NotebookTest.java:397)
{code}