https://s3.amazonaws.com/archive.travis-ci.org/jobs/194747330/log.txt
{code}
Tests run: 3, Failures: 1, Errors: 0, Skipped: 0, Time elapsed: 90.27 sec <<< FAILURE! - in org.apache.zeppelin.shell.ShellInterpreterTest
testShellTimeout(org.apache.zeppelin.shell.ShellInterpreterTest)  Time elapsed: 90.082 sec  <<< FAILURE!
java.lang.AssertionError: expected:<INCOMPLETE> but was:<SUCCESS>
    at org.junit.Assert.fail(Assert.java:88)
    at org.junit.Assert.failNotEquals(Assert.java:834)
    at org.junit.Assert.assertEquals(Assert.java:118)
    at org.junit.Assert.assertEquals(Assert.java:144)
    at org.apache.zeppelin.shell.ShellInterpreterTest.testShellTimeout(ShellInterpreterTest.java:85)
{code}