Flaky test

[Build job|https://travis-ci.org/agura/zeppelin/jobs/267165984]

{code}
Tests run: 10, Failures: 0, Errors: 1, Skipped: 0, Time elapsed: 161.765 sec <<< FAILURE! - in org.apache.zeppelin.rest.ZeppelinSparkClusterTest
pySparkTest(org.apache.zeppelin.rest.ZeppelinSparkClusterTest)  Time elapsed: 4.021 sec  <<< ERROR!
java.lang.NullPointerException: null
	at org.apache.zeppelin.rest.ZeppelinSparkClusterTest.pySparkTest(ZeppelinSparkClusterTest.java:292)

13:22:20,422  INFO org.apache.zeppelin.server.ZeppelinServer:206 - Shutting down Zeppelin Server ... 
13:22:20,435  INFO org.apache.zeppelin.notebook.repo.NotebookRepoSync:430 - Closing all notebook storages
13:22:23,436  INFO org.apache.zeppelin.server.ZeppelinServer:215 - Bye

Results :

Tests in error: 
  ZeppelinSparkClusterTest.pySparkTest:292 NullPointer

Tests run: 10, Failures: 0, Errors: 1, Skipped: 0
{code}


