{code}
testTitleButton(org.apache.zeppelin.integration.ParagraphActionsIT)  Time elapsed: 11.11 sec  <<< FAILURE!
java.lang.AssertionError: After Show Title : The title field contains
Expected: "Untitled"
     but: was ""
	at org.hamcrest.MatcherAssert.assertThat(MatcherAssert.java:20)
	at org.junit.Assert.assertThat(Assert.java:865)
	at org.junit.rules.ErrorCollector$1.call(ErrorCollector.java:65)
	at org.junit.rules.ErrorCollector.checkSucceeds(ErrorCollector.java:78)
	at org.junit.rules.ErrorCollector.checkThat(ErrorCollector.java:63)
	at org.apache.zeppelin.integration.ParagraphActionsIT.testTitleButton(ParagraphActionsIT.java:350)
{code}